1.8696 	WARNING 	We strongly recommend you activate the PTB sound engine in PsychoPy prefs as the preferred audio engine. Its timing is vastly superior. Your prefs are currently set to use ['pyo'] (in that order).
5.7422 	EXP 	Created window1 = Window(allowGUI=True, allowStencil=False, autoLog=True, backendConf=UNKNOWN, bitsMode=UNKNOWN, blendMode='avg', bpc=(8, 8, 8), color=array([0, 0, 0]), colorSpace='rgb', depthBits=8, fullscr=<method-wrapper '__getattribute__' of attributeSetter object at 0x0000029D1A5ED320>, gamma=None, gammaErrorPolicy='raise', lms=UNKNOWN, monitor=<psychopy.monitors.calibTools.Monitor object at 0x0000029D1A6445F8>, multiSample=False, name='window1', numSamples=2, pos=[0.0, 0.0], screen=0, size=array([1920, 1055]), stencilBits=0, stereo=False, units='height', useFBO=True, useRetina=False, viewOri=0.0, viewPos=None, viewScale=None, waitBlanking=True, winType='glfw')
5.7423 	EXP 	window1: mouseVisible = True
5.7423 	EXP 	window1: recordFrameIntervals = False
5.8111 	EXP 	window1: recordFrameIntervals = True
5.8878 	EXP 	window1: recordFrameIntervals = False
6.1681 	EXP 	Created Instruct = ImageStim(__class__=<class 'psychopy.visual.image.ImageStim'>, autoLog=True, color=array([1., 1., 1.]), colorSpace='rgb', contrast=1.0, depth=0.0, flipHoriz=False, flipVert=False, image='InkedInstructBfinal_LI.jpg', interpolate=True, mask=None, maskParams=None, name='Instruct', opacity=1, ori=0.0, pos=array([0., 0.]), size=array([0.8, 0.8]), texRes=128.0, units='height', win=Window(...))
6.2824 	EXP 	Created text_2 = TextStim(__class__=<class 'psychopy.visual.text.TextStim'>, alignHoriz=method-wrapper(...), alignText='center', alignVert=method-wrapper(...), anchorHoriz='center', anchorVert='center', antialias=True, autoLog=True, bold=False, color=array([1., 1., 1.]), colorSpace='rgb', contrast=1.0, depth=-2.0, flipHoriz=False, flipVert=False, font='Open Sans', fontFiles=[], height=0.04, italic=False, languageStyle='LTR', name='text_2', opacity=1, ori=0.5, pos=array([ 0.  , -0.45]), rgb=UNKNOWN, text=str(...), units='height', win=Window(...), wrapWidth=2.0)
6.2854 	EXP 	Created Stim = ImageStim(__class__=<class 'psychopy.visual.image.ImageStim'>, autoLog=True, color=array([1., 1., 1.]), colorSpace='rgb', contrast=1.0, depth=0.0, flipHoriz=False, flipVert=False, image='sin', interpolate=True, mask=None, maskParams=None, name='Stim', opacity=1, ori=0.0, pos=array([0., 0.]), size=array([1.777, 1.   ]), texRes=128.0, units='height', win=Window(...))
6.2881 	EXP 	Created polygon = ShapeStim(__class__=<class 'psychopy.visual.shape.ShapeStim'>, autoDraw=False, autoLog=True, closeShape=True, color=method-wrapper(...), colorSpace='rgb', contrast=None, depth=0.0, fillColor=array([1, 1, 1]), fillColorSpace='rgb', fillRGB=array([1, 1, 1]), interpolate=True, lineColor=array([1., 1., 1.]), lineColorSpace='rgb', lineRGB=array([1, 1, 1]), lineWidth=1.0, name='polygon', opacity=1, ori=0.0, pos=array([0., 0.]), size=array([0.5, 0.5]), units='height', vertices=ndarray(...), win=Window(...), windingRule=None)
6.2911 	EXP 	Created Stim = ImageStim(__class__=<class 'psychopy.visual.image.ImageStim'>, autoLog=True, color=array([1., 1., 1.]), colorSpace='rgb', contrast=1.0, depth=0.0, flipHoriz=False, flipVert=False, image='sin', interpolate=True, mask=None, maskParams=None, name='Stim', opacity=1, ori=0.0, pos=array([0., 0.]), size=array([1.777, 1.   ]), texRes=128.0, units='height', win=Window(...))
6.3099 	EXP 	Created text = TextStim(__class__=<class 'psychopy.visual.text.TextStim'>, alignHoriz=method-wrapper(...), alignText='center', alignVert=method-wrapper(...), anchorHoriz='center', anchorVert='center', antialias=True, autoLog=True, bold=False, color=array([1., 1., 1.]), colorSpace='rgb', contrast=1.0, depth=0.0, flipHoriz=False, flipVert=False, font='Open Sans', fontFiles=[], height=0.1, italic=False, languageStyle='LTR', name='text', opacity=1, ori=0.0, pos=array([0., 0.]), rgb=UNKNOWN, text=str(...), units='height', win=Window(...), wrapWidth=1)
6.3681 	EXP 	Instruct: autoDraw = True
6.3681 	EXP 	text_2: autoDraw = True
6.9213 	DATA 	Keypress: 1
6.9359 	EXP 	Imported TMTstop-control_1_1.xlsx as conditions, 26 conditions, 6 params
6.9363 	EXP 	Created sequence: sequential, trialTypes=26, nReps=1, seed=None
6.9365 	EXP 	New trial (rep=0, index=0): {'NumberLetter': 1, 'corrAns': ['2'], 'StimFile': 'TMTstop-control_1_1.png', 'Correct_StimFile': 'TMTstop-control_1_1.png', 'False_StimFile': 'TMTstop-control_1_1.png', 'DurationTrial': 10}
6.9368 	WARNING 	Requested image 'TMTstop-control_1_1.png' not found but similar filename 'TMTstop-control_1_1.jpg' exists. This will be used instead but changing the filename is advised.
6.9796 	EXP 	Instruct: autoDraw = False
6.9796 	EXP 	text_2: autoDraw = False
6.9796 	EXP 	Stim: image = 'TMTstop-control_1_1.png'
6.9796 	EXP 	Stim: autoDraw = True
7.0721 	DATA 	Keypress: 1
8.4331 	DATA 	Keypress: 2
8.4409 	EXP 	New trial (rep=0, index=1): {'NumberLetter': 2, 'corrAns': ['1'], 'StimFile': 'TMTstop-control_1_1.png', 'Correct_StimFile': 'TMTstop-control_1_1firstgreen.png', 'False_StimFile': 'TMTstop-control_1_1firstred.png', 'DurationTrial': 10}
8.5134 	EXP 	Stim: autoDraw = False
8.5134 	EXP 	Stim: image = 'TMTstop-control_1_1firstgreen.png'
8.5134 	EXP 	Stim: image = 'TMTstop-control_1_1firstgreen.png'
8.5134 	EXP 	Stim: autoDraw = True
8.6067 	DATA 	Keypress: 2
9.4955 	DATA 	Keypress: 1
9.5030 	EXP 	New trial (rep=0, index=2): {'NumberLetter': 3, 'corrAns': ['2'], 'StimFile': 'TMTstop-control_1_1linestimulus0.png', 'Correct_StimFile': 'TMTstop-control_1_1greenlinestimulus0.png', 'False_StimFile': 'TMTstop-control_1_1redlinestimulus0.png', 'DurationTrial': 10}
9.5694 	EXP 	Stim: autoDraw = False
9.5694 	EXP 	Stim: image = 'TMTstop-control_1_1greenlinestimulus0.png'
9.5694 	EXP 	Stim: image = 'TMTstop-control_1_1greenlinestimulus0.png'
9.5694 	EXP 	Stim: autoDraw = True
9.6924 	DATA 	Keypress: 1
10.7247 	DATA 	Keypress: 2
10.7311 	EXP 	New trial (rep=0, index=3): {'NumberLetter': 4, 'corrAns': ['3'], 'StimFile': 'TMTstop-control_1_1linestimulus1.png', 'Correct_StimFile': 'TMTstop-control_1_1greenlinestimulus1.png', 'False_StimFile': 'TMTstop-control_1_1redlinestimulus1.png', 'DurationTrial': 10}
10.7983 	EXP 	Stim: autoDraw = False
10.7983 	EXP 	Stim: image = 'TMTstop-control_1_1greenlinestimulus1.png'
10.7983 	EXP 	Stim: image = 'TMTstop-control_1_1greenlinestimulus1.png'
10.7983 	EXP 	Stim: autoDraw = True
10.8915 	DATA 	Keypress: 2
11.3773 	DATA 	Keypress: 3
11.3838 	EXP 	New trial (rep=0, index=4): {'NumberLetter': 5, 'corrAns': ['2'], 'StimFile': 'TMTstop-control_1_1linestimulus2.png', 'Correct_StimFile': 'TMTstop-control_1_1greenlinestimulus2.png', 'False_StimFile': 'TMTstop-control_1_1redlinestimulus2.png', 'DurationTrial': 10}
11.4509 	EXP 	Stim: autoDraw = False
11.4509 	EXP 	Stim: image = 'TMTstop-control_1_1greenlinestimulus2.png'
11.4509 	EXP 	Stim: image = 'TMTstop-control_1_1greenlinestimulus2.png'
11.4509 	EXP 	Stim: autoDraw = True
11.6008 	DATA 	Keypress: 3
11.6551 	DATA 	Keypress: 1
11.7002 	EXP 	Stim: image = 'TMTstop-control_1_1redlinestimulus2.png'
11.7419 	EXP 	Stim: image = 'TMTstop-control_1_1redlinestimulus2.png'
11.7841 	EXP 	Stim: image = 'TMTstop-control_1_1redlinestimulus2.png'
11.8252 	EXP 	Stim: image = 'TMTstop-control_1_1redlinestimulus2.png'
11.8635 	DATA 	Keypress: 1
11.8670 	EXP 	Stim: image = 'TMTstop-control_1_1redlinestimulus2.png'
11.9085 	EXP 	Stim: image = 'TMTstop-control_1_1redlinestimulus2.png'
11.9509 	EXP 	Stim: image = 'TMTstop-control_1_1redlinestimulus2.png'
11.9919 	EXP 	Stim: image = 'TMTstop-control_1_1redlinestimulus2.png'
12.0335 	EXP 	Stim: image = 'TMTstop-control_1_1redlinestimulus2.png'
12.0718 	DATA 	Keypress: 2
12.0754 	EXP 	Stim: image = 'TMTstop-control_1_1redlinestimulus2.png'
12.0790 	EXP 	New trial (rep=0, index=5): {'NumberLetter': 6, 'corrAns': ['1'], 'StimFile': 'TMTstop-control_1_1linestimulus3.png', 'Correct_StimFile': 'TMTstop-control_1_1greenlinestimulus3.png', 'False_StimFile': 'TMTstop-control_1_1redlinestimulus3.png', 'DurationTrial': 10}
12.1590 	EXP 	Stim: autoDraw = False
12.1590 	EXP 	Stim: image = 'TMTstop-control_1_1greenlinestimulus3.png'
12.1590 	EXP 	Stim: image = 'TMTstop-control_1_1greenlinestimulus3.png'
12.1590 	EXP 	Stim: autoDraw = True
12.3078 	DATA 	Keypress: 3
12.3080 	DATA 	Keypress: 2
12.3117 	EXP 	Stim: image = 'TMTstop-control_1_1redlinestimulus3.png'
12.3529 	EXP 	Stim: image = 'TMTstop-control_1_1redlinestimulus3.png'
12.3948 	EXP 	Stim: image = 'TMTstop-control_1_1redlinestimulus3.png'
12.4364 	EXP 	Stim: image = 'TMTstop-control_1_1redlinestimulus3.png'
12.4787 	EXP 	Stim: image = 'TMTstop-control_1_1redlinestimulus3.png'
12.5171 	DATA 	Keypress: 1
12.5198 	EXP 	Stim: image = 'TMTstop-control_1_1redlinestimulus3.png'
12.5237 	EXP 	New trial (rep=0, index=6): {'NumberLetter': 7, 'corrAns': ['3'], 'StimFile': 'TMTstop-control_1_1linestimulus4.png', 'Correct_StimFile': 'TMTstop-control_1_1greenlinestimulus4.png', 'False_StimFile': 'TMTstop-control_1_1redlinestimulus4.png', 'DurationTrial': 10}
12.5857 	DATA 	Keypress: 3
12.5897 	EXP 	Stim: autoDraw = False
12.5897 	EXP 	Stim: image = 'TMTstop-control_1_1greenlinestimulus4.png'
12.5897 	EXP 	Stim: image = 'TMTstop-control_1_1greenlinestimulus4.png'
12.5897 	EXP 	Stim: autoDraw = True
12.6700 	DATA 	Keypress: 2
12.7228 	EXP 	Stim: image = 'TMTstop-control_1_1redlinestimulus4.png'
12.7675 	DATA 	Keypress: 1
12.7719 	EXP 	Stim: image = 'TMTstop-control_1_1redlinestimulus4.png'
12.8191 	EXP 	Stim: image = 'TMTstop-control_1_1redlinestimulus4.png'
12.8679 	EXP 	Stim: image = 'TMTstop-control_1_1redlinestimulus4.png'
12.9167 	EXP 	Stim: image = 'TMTstop-control_1_1redlinestimulus4.png'
12.9654 	EXP 	Stim: image = 'TMTstop-control_1_1redlinestimulus4.png'
13.0109 	DATA 	Keypress: 2
13.0143 	EXP 	Stim: image = 'TMTstop-control_1_1redlinestimulus4.png'
13.0624 	EXP 	Stim: image = 'TMTstop-control_1_1redlinestimulus4.png'
13.1110 	EXP 	Stim: image = 'TMTstop-control_1_1redlinestimulus4.png'
13.1481 	DATA 	Keypress: 2
13.1517 	EXP 	Stim: image = 'TMTstop-control_1_1redlinestimulus4.png'
13.1944 	EXP 	Stim: image = 'TMTstop-control_1_1redlinestimulus4.png'
13.2354 	EXP 	Stim: image = 'TMTstop-control_1_1redlinestimulus4.png'
13.2765 	EXP 	Stim: image = 'TMTstop-control_1_1redlinestimulus4.png'
13.3182 	EXP 	Stim: image = 'TMTstop-control_1_1redlinestimulus4.png'
13.3575 	DATA 	Keypress: 2
13.3604 	EXP 	Stim: image = 'TMTstop-control_1_1redlinestimulus4.png'
13.4017 	EXP 	Stim: image = 'TMTstop-control_1_1redlinestimulus4.png'
13.4396 	DATA 	Keypress: 2
13.4431 	EXP 	Stim: image = 'TMTstop-control_1_1redlinestimulus4.png'
13.4848 	EXP 	Stim: image = 'TMTstop-control_1_1redlinestimulus4.png'
13.5269 	EXP 	Stim: image = 'TMTstop-control_1_1redlinestimulus4.png'
13.5684 	EXP 	Stim: image = 'TMTstop-control_1_1redlinestimulus4.png'
13.6099 	EXP 	Stim: image = 'TMTstop-control_1_1redlinestimulus4.png'
13.6482 	DATA 	Keypress: 2
13.6517 	EXP 	Stim: image = 'TMTstop-control_1_1redlinestimulus4.png'
13.6903 	DATA 	Keypress: 3
13.6938 	EXP 	Stim: image = 'TMTstop-control_1_1redlinestimulus4.png'
13.6969 	EXP 	New trial (rep=0, index=7): {'NumberLetter': 8, 'corrAns': ['2'], 'StimFile': 'TMTstop-control_1_1linestimulus4.png', 'Correct_StimFile': 'TMTstop-control_1_1greenlinestimulus5.png', 'False_StimFile': 'TMTstop-control_1_1redlinestimulus5.png', 'DurationTrial': 10}
13.7704 	EXP 	Stim: autoDraw = False
13.7704 	EXP 	Stim: image = 'TMTstop-control_1_1greenlinestimulus5.png'
13.7704 	EXP 	Stim: image = 'TMTstop-control_1_1greenlinestimulus5.png'
13.7704 	EXP 	Stim: autoDraw = True
13.9193 	DATA 	Keypress: 3
14.0439 	DATA 	Keypress: 1
14.0892 	EXP 	Stim: image = 'TMTstop-control_1_1redlinestimulus5.png'
14.1313 	EXP 	Stim: image = 'TMTstop-control_1_1redlinestimulus5.png'
14.1724 	EXP 	Stim: image = 'TMTstop-control_1_1redlinestimulus5.png'
14.2143 	EXP 	Stim: image = 'TMTstop-control_1_1redlinestimulus5.png'
14.2525 	DATA 	Keypress: 1
14.2526 	DATA 	Keypress: 2
14.2558 	EXP 	Stim: image = 'TMTstop-control_1_1redlinestimulus5.png'
14.2594 	EXP 	New trial (rep=0, index=8): {'NumberLetter': 9, 'corrAns': ['3'], 'StimFile': 'TMTstop-control_1_1linestimulus6.png', 'Correct_StimFile': 'TMTstop-control_1_1greenlinestimulus6.png', 'False_StimFile': 'TMTstop-control_1_1redlinestimulus6.png', 'DurationTrial': 10}
14.3256 	EXP 	Stim: autoDraw = False
14.3256 	EXP 	Stim: image = 'TMTstop-control_1_1greenlinestimulus6.png'
14.3256 	EXP 	Stim: image = 'TMTstop-control_1_1greenlinestimulus6.png'
14.3256 	EXP 	Stim: autoDraw = True
14.3356 	DATA 	Keypress: 3
14.3424 	EXP 	New trial (rep=0, index=9): {'NumberLetter': 10, 'corrAns': ['2'], 'StimFile': 'TMTstop-control_1_1linestimulus7.png', 'Correct_StimFile': 'TMTstop-control_1_1greenlinestimulus7.png', 'False_StimFile': 'TMTstop-control_1_1redlinestimulus7.png', 'DurationTrial': 10}
14.4090 	EXP 	Stim: autoDraw = False
14.4090 	EXP 	Stim: image = 'TMTstop-control_1_1greenlinestimulus7.png'
14.4090 	EXP 	Stim: image = 'TMTstop-control_1_1greenlinestimulus7.png'
14.4090 	EXP 	Stim: autoDraw = True
14.4471 	DATA 	Keypress: 2
14.5578 	DATA 	Keypress: 1
14.5615 	EXP 	Stim: image = 'TMTstop-control_1_1redlinestimulus7.png'
14.6003 	DATA 	Keypress: 3
14.6036 	EXP 	Stim: image = 'TMTstop-control_1_1redlinestimulus7.png'
14.6411 	DATA 	Keypress: 2
14.6452 	EXP 	Stim: image = 'TMTstop-control_1_1redlinestimulus7.png'
14.6498 	EXP 	New trial (rep=0, index=10): {'NumberLetter': 11, 'corrAns': ['3'], 'StimFile': 'TMTstop-control_1_1linestimulus8.png', 'Correct_StimFile': 'TMTstop-control_1_1greenlinestimulus8.png', 'False_StimFile': 'TMTstop-control_1_1redlinestimulus8.png', 'DurationTrial': 10}
14.7151 	EXP 	Stim: autoDraw = False
14.7151 	EXP 	Stim: image = 'TMTstop-control_1_1greenlinestimulus8.png'
14.7151 	EXP 	Stim: image = 'TMTstop-control_1_1greenlinestimulus8.png'
14.7151 	EXP 	Stim: autoDraw = True
14.7248 	DATA 	Keypress: 3
14.7312 	EXP 	New trial (rep=0, index=11): {'NumberLetter': 12, 'corrAns': ['1'], 'StimFile': 'TMTstop-control_1_1linestimulus9.png', 'Correct_StimFile': 'TMTstop-control_1_1greenlinestimulus9.png', 'False_StimFile': 'TMTstop-control_1_1redlinestimulus9.png', 'DurationTrial': 10}
14.7946 	DATA 	Keypress: 1
14.7986 	EXP 	Stim: autoDraw = False
14.7986 	EXP 	Stim: image = 'TMTstop-control_1_1greenlinestimulus9.png'
14.7986 	EXP 	Stim: image = 'TMTstop-control_1_1greenlinestimulus9.png'
14.7986 	EXP 	Stim: autoDraw = True
14.8081 	DATA 	Keypress: 2
14.8773 	DATA 	Keypress: 1
14.8843 	EXP 	New trial (rep=0, index=12): {'NumberLetter': 13, 'corrAns': ['3'], 'StimFile': 'TMTstop-control_1_1linestimulus10.png', 'Correct_StimFile': 'TMTstop-control_1_1greenlinestimulus10.png', 'False_StimFile': 'TMTstop-control_1_1redlinestimulus10.png', 'DurationTrial': 1}
14.9470 	DATA 	Keypress: 3
14.9518 	EXP 	Stim: autoDraw = False
14.9518 	EXP 	Stim: image = 'TMTstop-control_1_1greenlinestimulus10.png'
14.9518 	EXP 	Stim: image = 'TMTstop-control_1_1greenlinestimulus10.png'
14.9518 	EXP 	Stim: autoDraw = True
14.9884 	DATA 	Keypress: 2
14.9920 	EXP 	Stim: image = 'TMTstop-control_1_1redlinestimulus10.png'
15.0337 	EXP 	Stim: image = 'TMTstop-control_1_1redlinestimulus10.png'
15.0716 	DATA 	Keypress: 3
15.0752 	EXP 	Stim: image = 'TMTstop-control_1_1redlinestimulus10.png'
15.0798 	EXP 	New trial (rep=0, index=13): {'NumberLetter': 14, 'corrAns': ['1'], 'StimFile': 'TMTstop-control_1_1linestimulus11.png', 'Correct_StimFile': 'TMTstop-control_1_1greenlinestimulus11.png', 'False_StimFile': 'TMTstop-control_1_1redlinestimulus11.png', 'DurationTrial': None}
15.1413 	DATA 	Keypress: 1
15.1456 	EXP 	Stim: autoDraw = False
15.1456 	EXP 	Stim: image = 'TMTstop-control_1_1greenlinestimulus11.png'
15.1456 	EXP 	Stim: image = 'TMTstop-control_1_1greenlinestimulus11.png'
15.1456 	EXP 	Stim: autoDraw = True
15.1697 	DATA 	Keypress: 2
15.2384 	DATA 	Keypress: 1
15.2451 	EXP 	New trial (rep=0, index=14): {'NumberLetter': 15, 'corrAns': ['3'], 'StimFile': 'TMTstop-control_1_1linestimulus12.png', 'Correct_StimFile': 'TMTstop-control_1_1greenlinestimulus12.png', 'False_StimFile': 'TMTstop-control_1_1redlinestimulus12.png', 'DurationTrial': None}
15.3148 	DATA 	Keypress: 2
15.3151 	DATA 	Keypress: 3
15.3187 	EXP 	Stim: autoDraw = False
15.3187 	EXP 	Stim: image = 'TMTstop-control_1_1greenlinestimulus12.png'
15.3187 	EXP 	Stim: image = 'TMTstop-control_1_1greenlinestimulus12.png'
15.3187 	EXP 	Stim: autoDraw = True
15.3601 	EXP 	Stim: image = 'TMTstop-control_1_1redlinestimulus12.png'
15.3979 	DATA 	Keypress: 3
15.4016 	EXP 	Stim: image = 'TMTstop-control_1_1redlinestimulus12.png'
15.4056 	EXP 	New trial (rep=0, index=15): {'NumberLetter': 16, 'corrAns': ['1'], 'StimFile': 'TMTstop-control_1_1linestimulus13.png', 'Correct_StimFile': 'TMTstop-control_1_1greenlinestimulus13.png', 'False_StimFile': 'TMTstop-control_1_1redlinestimulus13.png', 'DurationTrial': None}
15.4676 	DATA 	Keypress: 1
15.4716 	EXP 	Stim: autoDraw = False
15.4716 	EXP 	Stim: image = 'TMTstop-control_1_1greenlinestimulus13.png'
15.4716 	EXP 	Stim: image = 'TMTstop-control_1_1greenlinestimulus13.png'
15.4716 	EXP 	Stim: autoDraw = True
15.4958 	DATA 	Keypress: 2
15.5508 	DATA 	Keypress: 1
15.5578 	EXP 	New trial (rep=0, index=16): {'NumberLetter': 17, 'corrAns': ['2'], 'StimFile': 'TMTstop-control_1_1linestimulus14.png', 'Correct_StimFile': 'TMTstop-control_1_1greenlinestimulus14.png', 'False_StimFile': 'TMTstop-control_1_1redlinestimulus14.png', 'DurationTrial': None}
15.6207 	DATA 	Keypress: 3
15.6209 	DATA 	Keypress: 2
15.6245 	EXP 	Stim: autoDraw = False
15.6245 	EXP 	Stim: image = 'TMTstop-control_1_1greenlinestimulus14.png'
15.6245 	EXP 	Stim: image = 'TMTstop-control_1_1greenlinestimulus14.png'
15.6245 	EXP 	Stim: autoDraw = True
15.6292 	EXP 	New trial (rep=0, index=17): {'NumberLetter': 18, 'corrAns': ['1'], 'StimFile': 'TMTstop-control_1_1linestimulus15.png', 'Correct_StimFile': 'TMTstop-control_1_1greenlinestimulus15.png', 'False_StimFile': 'TMTstop-control_1_1redlinestimulus15.png', 'DurationTrial': None}
15.6939 	EXP 	Stim: autoDraw = False
15.6939 	EXP 	Stim: image = 'TMTstop-control_1_1greenlinestimulus15.png'
15.6939 	EXP 	Stim: image = 'TMTstop-control_1_1greenlinestimulus15.png'
15.6939 	EXP 	Stim: autoDraw = True
15.7175 	DATA 	Keypress: 3
15.7593 	DATA 	Keypress: 1
15.7629 	EXP 	Stim: image = 'TMTstop-control_1_1redlinestimulus15.png'
15.8008 	DATA 	Keypress: 2
15.8044 	EXP 	Stim: image = 'TMTstop-control_1_1redlinestimulus15.png'
15.8459 	EXP 	Stim: image = 'TMTstop-control_1_1redlinestimulus15.png'
15.8841 	DATA 	Keypress: 1
15.8878 	EXP 	Stim: image = 'TMTstop-control_1_1redlinestimulus15.png'
15.8917 	EXP 	New trial (rep=0, index=18): {'NumberLetter': 19, 'corrAns': ['3'], 'StimFile': 'TMTstop-control_1_1linestimulus16.png', 'Correct_StimFile': 'TMTstop-control_1_1greenlinestimulus16.png', 'False_StimFile': 'TMTstop-control_1_1redlinestimulus16.png', 'DurationTrial': None}
15.9536 	DATA 	Keypress: 2
15.9540 	DATA 	Keypress: 3
15.9578 	EXP 	Stim: autoDraw = False
15.9578 	EXP 	Stim: image = 'TMTstop-control_1_1greenlinestimulus16.png'
15.9578 	EXP 	Stim: image = 'TMTstop-control_1_1greenlinestimulus16.png'
15.9578 	EXP 	Stim: autoDraw = True
15.9988 	EXP 	Stim: image = 'TMTstop-control_1_1redlinestimulus16.png'
16.0408 	EXP 	Stim: image = 'TMTstop-control_1_1redlinestimulus16.png'
16.0787 	DATA 	Keypress: 3
16.0822 	EXP 	Stim: image = 'TMTstop-control_1_1redlinestimulus16.png'
16.0857 	EXP 	New trial (rep=0, index=19): {'NumberLetter': 20, 'corrAns': ['1'], 'StimFile': 'TMTstop-control_1_1linestimulus17.png', 'Correct_StimFile': 'TMTstop-control_1_1greenlinestimulus17.png', 'False_StimFile': 'TMTstop-control_1_1redlinestimulus17.png', 'DurationTrial': None}
16.1481 	DATA 	Keypress: 1
16.1521 	EXP 	Stim: autoDraw = False
16.1521 	EXP 	Stim: image = 'TMTstop-control_1_1greenlinestimulus17.png'
16.1521 	EXP 	Stim: image = 'TMTstop-control_1_1greenlinestimulus17.png'
16.1521 	EXP 	Stim: autoDraw = True
16.1770 	DATA 	Keypress: 2
16.2455 	DATA 	Keypress: 3
16.3149 	DATA 	Keypress: 1
16.3215 	EXP 	New trial (rep=0, index=20): {'NumberLetter': 21, 'corrAns': ['3'], 'StimFile': 'TMTstop-control_1_1linestimulus18.png', 'Correct_StimFile': 'TMTstop-control_1_1greenlinestimulus18.png', 'False_StimFile': 'TMTstop-control_1_1redlinestimulus18.png', 'DurationTrial': None}
16.3882 	EXP 	Stim: autoDraw = False
16.3882 	EXP 	Stim: image = 'TMTstop-control_1_1greenlinestimulus18.png'
16.3882 	EXP 	Stim: image = 'TMTstop-control_1_1greenlinestimulus18.png'
16.3882 	EXP 	Stim: autoDraw = True
16.4535 	DATA 	Keypress: 2
16.4571 	EXP 	Stim: image = 'TMTstop-control_1_1redlinestimulus18.png'
16.4952 	DATA 	Keypress: 3
16.4988 	EXP 	Stim: image = 'TMTstop-control_1_1redlinestimulus18.png'
16.5023 	EXP 	New trial (rep=0, index=21): {'NumberLetter': 22, 'corrAns': ['1'], 'StimFile': 'TMTstop-control_1_1linestimulus19.png', 'Correct_StimFile': 'TMTstop-control_1_1greenlinestimulus19.png', 'False_StimFile': 'TMTstop-control_1_1redlinestimulus19.png', 'DurationTrial': None}
16.5648 	DATA 	Keypress: 1
16.5662 	DATA 	Keypress: 2
16.5693 	EXP 	Stim: autoDraw = False
16.5693 	EXP 	Stim: image = 'TMTstop-control_1_1greenlinestimulus19.png'
16.5693 	EXP 	Stim: image = 'TMTstop-control_1_1greenlinestimulus19.png'
16.5693 	EXP 	Stim: autoDraw = True
16.7315 	DATA 	Keypress: 3
16.7316 	DATA 	Keypress: 1
16.7384 	EXP 	New trial (rep=0, index=22): {'NumberLetter': 23, 'corrAns': ['3'], 'StimFile': 'TMTstop-control_1_1linestimulus20.png', 'Correct_StimFile': 'TMTstop-control_1_1greenlinestimulus20.png', 'False_StimFile': 'TMTstop-control_1_1redlinestimulus20.png', 'DurationTrial': None}
16.8046 	EXP 	Stim: autoDraw = False
16.8046 	EXP 	Stim: image = 'TMTstop-control_1_1greenlinestimulus20.png'
16.8046 	EXP 	Stim: image = 'TMTstop-control_1_1greenlinestimulus20.png'
16.8046 	EXP 	Stim: autoDraw = True
16.8979 	DATA 	Keypress: 2
16.9017 	EXP 	Stim: image = 'TMTstop-control_1_1redlinestimulus20.png'
16.9396 	DATA 	Keypress: 1
16.9397 	DATA 	Keypress: 3
16.9432 	EXP 	Stim: image = 'TMTstop-control_1_1redlinestimulus20.png'
16.9468 	EXP 	New trial (rep=0, index=23): {'NumberLetter': 24, 'corrAns': ['1'], 'StimFile': 'TMTstop-control_1_1linestimulus21.png', 'Correct_StimFile': 'TMTstop-control_1_1greenlinestimulus21.png', 'False_StimFile': 'TMTstop-control_1_1redlinestimulus21.png', 'DurationTrial': None}
17.0092 	DATA 	Keypress: 2
17.0132 	EXP 	Stim: autoDraw = False
17.0132 	EXP 	Stim: image = 'TMTstop-control_1_1greenlinestimulus21.png'
17.0132 	EXP 	Stim: image = 'TMTstop-control_1_1greenlinestimulus21.png'
17.0132 	EXP 	Stim: autoDraw = True
17.1064 	DATA 	Keypress: 3
17.3289 	DATA 	Keypress: 1
17.3365 	EXP 	New trial (rep=0, index=24): {'NumberLetter': 25, 'corrAns': ['3'], 'StimFile': 'TMTstop-control_1_1linestimulus22.png', 'Correct_StimFile': 'TMTstop-control_1_1greenlinestimulus22.png', 'False_StimFile': 'TMTstop-control_1_1redlinestimulus22.png', 'DurationTrial': None}
17.4025 	EXP 	Stim: autoDraw = False
17.4025 	EXP 	Stim: image = 'TMTstop-control_1_1greenlinestimulus22.png'
17.4025 	EXP 	Stim: image = 'TMTstop-control_1_1greenlinestimulus22.png'
17.4025 	EXP 	Stim: autoDraw = True
17.4813 	DATA 	Keypress: 2
17.4848 	EXP 	Stim: image = 'TMTstop-control_1_1redlinestimulus22.png'
17.5265 	EXP 	Stim: image = 'TMTstop-control_1_1redlinestimulus22.png'
17.5650 	DATA 	Keypress: 1
17.5687 	EXP 	Stim: image = 'TMTstop-control_1_1redlinestimulus22.png'
17.6070 	DATA 	Keypress: 2
17.6102 	EXP 	Stim: image = 'TMTstop-control_1_1redlinestimulus22.png'
17.6515 	EXP 	Stim: image = 'TMTstop-control_1_1redlinestimulus22.png'
17.6937 	EXP 	Stim: image = 'TMTstop-control_1_1redlinestimulus22.png'
17.7352 	EXP 	Stim: image = 'TMTstop-control_1_1redlinestimulus22.png'
17.7764 	EXP 	Stim: image = 'TMTstop-control_1_1redlinestimulus22.png'
17.8182 	EXP 	Stim: image = 'TMTstop-control_1_1redlinestimulus22.png'
17.8599 	EXP 	Stim: image = 'TMTstop-control_1_1redlinestimulus22.png'
17.9021 	EXP 	Stim: image = 'TMTstop-control_1_1redlinestimulus22.png'
17.9435 	EXP 	Stim: image = 'TMTstop-control_1_1redlinestimulus22.png'
17.9813 	DATA 	Keypress: 3
17.9848 	EXP 	Stim: image = 'TMTstop-control_1_1redlinestimulus22.png'
17.9885 	EXP 	New trial (rep=0, index=25): {'NumberLetter': None, 'corrAns': None, 'StimFile': 'TMTstop-control_1_1linestimulus23.png', 'Correct_StimFile': 'TMTstop-control_1_1greenlinestimulus23.png', 'False_StimFile': 'TMTstop-control_1_1redlinestimulus23.png', 'DurationTrial': None}
18.0551 	EXP 	Stim: autoDraw = False
18.0551 	EXP 	Stim: image = 'TMTstop-control_1_1greenlinestimulus23.png'
18.0551 	EXP 	Stim: image = 'TMTstop-control_1_1greenlinestimulus23.png'
18.0551 	EXP 	Stim: autoDraw = True
18.1799 	DATA 	Keypress: 3
18.4262 	DATA 	Keypress: 1
18.4647 	EXP 	Stim: image = 'TMTstop-control_1_1redlinestimulus23.png'
18.5055 	EXP 	Stim: image = 'TMTstop-control_1_1redlinestimulus23.png'
18.5473 	EXP 	Stim: image = 'TMTstop-control_1_1redlinestimulus23.png'
18.5888 	EXP 	Stim: image = 'TMTstop-control_1_1redlinestimulus23.png'
18.6308 	EXP 	Stim: image = 'TMTstop-control_1_1redlinestimulus23.png'
18.6690 	DATA 	Keypress: 1
18.6724 	EXP 	Stim: image = 'TMTstop-control_1_1redlinestimulus23.png'
18.7138 	EXP 	Stim: image = 'TMTstop-control_1_1redlinestimulus23.png'
18.7558 	EXP 	Stim: image = 'TMTstop-control_1_1redlinestimulus23.png'
18.7974 	EXP 	Stim: image = 'TMTstop-control_1_1redlinestimulus23.png'
18.8389 	EXP 	Stim: image = 'TMTstop-control_1_1redlinestimulus23.png'
18.8805 	EXP 	Stim: image = 'TMTstop-control_1_1redlinestimulus23.png'
18.9222 	EXP 	Stim: image = 'TMTstop-control_1_1redlinestimulus23.png'
18.9640 	EXP 	Stim: image = 'TMTstop-control_1_1redlinestimulus23.png'
19.0056 	EXP 	Stim: image = 'TMTstop-control_1_1redlinestimulus23.png'
19.0473 	EXP 	Stim: image = 'TMTstop-control_1_1redlinestimulus23.png'
19.0822 	EXP 	Stim: image = 'TMTstop-control_1_1redlinestimulus23.png'
19.1236 	EXP 	Stim: image = 'TMTstop-control_1_1redlinestimulus23.png'
19.1588 	EXP 	Stim: image = 'TMTstop-control_1_1redlinestimulus23.png'
19.2000 	EXP 	Stim: image = 'TMTstop-control_1_1redlinestimulus23.png'
19.2353 	EXP 	Stim: image = 'TMTstop-control_1_1redlinestimulus23.png'
19.2697 	EXP 	Stim: image = 'TMTstop-control_1_1redlinestimulus23.png'
19.3077 	DATA 	Keypress: 2
19.3116 	EXP 	Stim: image = 'TMTstop-control_1_1redlinestimulus23.png'
19.3527 	EXP 	Stim: image = 'TMTstop-control_1_1redlinestimulus23.png'
19.3887 	EXP 	Stim: image = 'TMTstop-control_1_1redlinestimulus23.png'
19.4291 	EXP 	Stim: image = 'TMTstop-control_1_1redlinestimulus23.png'
19.4708 	EXP 	Stim: image = 'TMTstop-control_1_1redlinestimulus23.png'
19.5092 	DATA 	Keypress: 2
19.5126 	EXP 	Stim: image = 'TMTstop-control_1_1redlinestimulus23.png'
19.5547 	EXP 	Stim: image = 'TMTstop-control_1_1redlinestimulus23.png'
19.5958 	EXP 	Stim: image = 'TMTstop-control_1_1redlinestimulus23.png'
19.6374 	EXP 	Stim: image = 'TMTstop-control_1_1redlinestimulus23.png'
19.6791 	EXP 	Stim: image = 'TMTstop-control_1_1redlinestimulus23.png'
19.7213 	EXP 	Stim: image = 'TMTstop-control_1_1redlinestimulus23.png'
19.7625 	EXP 	Stim: image = 'TMTstop-control_1_1redlinestimulus23.png'
19.7983 	EXP 	Stim: image = 'TMTstop-control_1_1redlinestimulus23.png'
19.8354 	DATA 	Keypress: 3
19.8390 	EXP 	Stim: image = 'TMTstop-control_1_1redlinestimulus23.png'
19.8745 	EXP 	Stim: image = 'TMTstop-control_1_1redlinestimulus23.png'
19.9153 	EXP 	Stim: image = 'TMTstop-control_1_1redlinestimulus23.png'
19.9572 	EXP 	Stim: image = 'TMTstop-control_1_1redlinestimulus23.png'
19.9986 	EXP 	Stim: image = 'TMTstop-control_1_1redlinestimulus23.png'
20.0375 	DATA 	Keypress: 3
20.0405 	EXP 	Stim: image = 'TMTstop-control_1_1redlinestimulus23.png'
20.0820 	EXP 	Stim: image = 'TMTstop-control_1_1redlinestimulus23.png'
20.1236 	EXP 	Stim: image = 'TMTstop-control_1_1redlinestimulus23.png'
20.1655 	EXP 	Stim: image = 'TMTstop-control_1_1redlinestimulus23.png'
20.2083 	EXP 	Stim: image = 'TMTstop-control_1_1redlinestimulus23.png'
20.2487 	EXP 	Stim: image = 'TMTstop-control_1_1redlinestimulus23.png'
20.2903 	EXP 	Stim: image = 'TMTstop-control_1_1redlinestimulus23.png'
20.3319 	EXP 	Stim: image = 'TMTstop-control_1_1redlinestimulus23.png'
20.3737 	EXP 	Stim: image = 'TMTstop-control_1_1redlinestimulus23.png'
20.4084 	EXP 	Stim: image = 'TMTstop-control_1_1redlinestimulus23.png'
20.4502 	EXP 	Stim: image = 'TMTstop-control_1_1redlinestimulus23.png'
20.4921 	EXP 	Stim: image = 'TMTstop-control_1_1redlinestimulus23.png'
20.5335 	EXP 	Stim: image = 'TMTstop-control_1_1redlinestimulus23.png'
20.5750 	EXP 	Stim: image = 'TMTstop-control_1_1redlinestimulus23.png'
20.6099 	EXP 	Stim: image = 'TMTstop-control_1_1redlinestimulus23.png'
20.6449 	EXP 	Stim: image = 'TMTstop-control_1_1redlinestimulus23.png'
20.6861 	EXP 	Stim: image = 'TMTstop-control_1_1redlinestimulus23.png'
20.7277 	EXP 	Stim: image = 'TMTstop-control_1_1redlinestimulus23.png'
20.7694 	EXP 	Stim: image = 'TMTstop-control_1_1redlinestimulus23.png'
20.8114 	EXP 	Stim: image = 'TMTstop-control_1_1redlinestimulus23.png'
20.8528 	EXP 	Stim: image = 'TMTstop-control_1_1redlinestimulus23.png'
20.8946 	EXP 	Stim: image = 'TMTstop-control_1_1redlinestimulus23.png'
20.9361 	EXP 	Stim: image = 'TMTstop-control_1_1redlinestimulus23.png'
20.9782 	EXP 	Stim: image = 'TMTstop-control_1_1redlinestimulus23.png'
21.0195 	EXP 	Stim: image = 'TMTstop-control_1_1redlinestimulus23.png'
21.0611 	EXP 	Stim: image = 'TMTstop-control_1_1redlinestimulus23.png'
21.1028 	EXP 	Stim: image = 'TMTstop-control_1_1redlinestimulus23.png'
21.1459 	EXP 	Stim: image = 'TMTstop-control_1_1redlinestimulus23.png'
21.1862 	EXP 	Stim: image = 'TMTstop-control_1_1redlinestimulus23.png'
21.2278 	EXP 	Stim: image = 'TMTstop-control_1_1redlinestimulus23.png'
21.2695 	EXP 	Stim: image = 'TMTstop-control_1_1redlinestimulus23.png'
21.3043 	EXP 	Stim: image = 'TMTstop-control_1_1redlinestimulus23.png'
21.3391 	EXP 	Stim: image = 'TMTstop-control_1_1redlinestimulus23.png'
21.3745 	EXP 	Stim: image = 'TMTstop-control_1_1redlinestimulus23.png'
21.4159 	EXP 	Stim: image = 'TMTstop-control_1_1redlinestimulus23.png'
21.4570 	EXP 	Stim: image = 'TMTstop-control_1_1redlinestimulus23.png'
21.4986 	EXP 	Stim: image = 'TMTstop-control_1_1redlinestimulus23.png'
21.5405 	EXP 	Stim: image = 'TMTstop-control_1_1redlinestimulus23.png'
21.5824 	EXP 	Stim: image = 'TMTstop-control_1_1redlinestimulus23.png'
21.6236 	EXP 	Stim: image = 'TMTstop-control_1_1redlinestimulus23.png'
21.6588 	EXP 	Stim: image = 'TMTstop-control_1_1redlinestimulus23.png'
21.7000 	EXP 	Stim: image = 'TMTstop-control_1_1redlinestimulus23.png'
21.7416 	EXP 	Stim: image = 'TMTstop-control_1_1redlinestimulus23.png'
21.7835 	EXP 	Stim: image = 'TMTstop-control_1_1redlinestimulus23.png'
21.8253 	EXP 	Stim: image = 'TMTstop-control_1_1redlinestimulus23.png'
21.8667 	EXP 	Stim: image = 'TMTstop-control_1_1redlinestimulus23.png'
21.9018 	EXP 	Stim: image = 'TMTstop-control_1_1redlinestimulus23.png'
21.9430 	EXP 	Stim: image = 'TMTstop-control_1_1redlinestimulus23.png'
21.9847 	EXP 	Stim: image = 'TMTstop-control_1_1redlinestimulus23.png'
22.0263 	EXP 	Stim: image = 'TMTstop-control_1_1redlinestimulus23.png'
22.0685 	EXP 	Stim: image = 'TMTstop-control_1_1redlinestimulus23.png'
22.1098 	EXP 	Stim: image = 'TMTstop-control_1_1redlinestimulus23.png'
22.1514 	EXP 	Stim: image = 'TMTstop-control_1_1redlinestimulus23.png'
22.1932 	EXP 	Stim: image = 'TMTstop-control_1_1redlinestimulus23.png'
22.2350 	EXP 	Stim: image = 'TMTstop-control_1_1redlinestimulus23.png'
22.2696 	EXP 	Stim: image = 'TMTstop-control_1_1redlinestimulus23.png'
22.3116 	EXP 	Stim: image = 'TMTstop-control_1_1redlinestimulus23.png'
22.3529 	EXP 	Stim: image = 'TMTstop-control_1_1redlinestimulus23.png'
22.3943 	EXP 	Stim: image = 'TMTstop-control_1_1redlinestimulus23.png'
22.4362 	EXP 	Stim: image = 'TMTstop-control_1_1redlinestimulus23.png'
22.4788 	EXP 	Stim: image = 'TMTstop-control_1_1redlinestimulus23.png'
22.5195 	EXP 	Stim: image = 'TMTstop-control_1_1redlinestimulus23.png'
22.5545 	EXP 	Stim: image = 'TMTstop-control_1_1redlinestimulus23.png'
22.5958 	EXP 	Stim: image = 'TMTstop-control_1_1redlinestimulus23.png'
22.6374 	EXP 	Stim: image = 'TMTstop-control_1_1redlinestimulus23.png'
22.6792 	EXP 	Stim: image = 'TMTstop-control_1_1redlinestimulus23.png'
22.7213 	EXP 	Stim: image = 'TMTstop-control_1_1redlinestimulus23.png'
22.7625 	EXP 	Stim: image = 'TMTstop-control_1_1redlinestimulus23.png'
22.8042 	EXP 	Stim: image = 'TMTstop-control_1_1redlinestimulus23.png'
22.8458 	EXP 	Stim: image = 'TMTstop-control_1_1redlinestimulus23.png'
22.8879 	EXP 	Stim: image = 'TMTstop-control_1_1redlinestimulus23.png'
22.9290 	EXP 	Stim: image = 'TMTstop-control_1_1redlinestimulus23.png'
22.9712 	EXP 	Stim: image = 'TMTstop-control_1_1redlinestimulus23.png'
23.0125 	EXP 	Stim: image = 'TMTstop-control_1_1redlinestimulus23.png'
23.0545 	EXP 	Stim: image = 'TMTstop-control_1_1redlinestimulus23.png'
23.0957 	EXP 	Stim: image = 'TMTstop-control_1_1redlinestimulus23.png'
23.1385 	EXP 	Stim: image = 'TMTstop-control_1_1redlinestimulus23.png'
23.1872 	EXP 	Stim: image = 'TMTstop-control_1_1redlinestimulus23.png'
23.2366 	EXP 	Stim: image = 'TMTstop-control_1_1redlinestimulus23.png'
23.2773 	EXP 	Stim: image = 'TMTstop-control_1_1redlinestimulus23.png'
23.3261 	EXP 	Stim: image = 'TMTstop-control_1_1redlinestimulus23.png'
23.3755 	EXP 	Stim: image = 'TMTstop-control_1_1redlinestimulus23.png'
23.4166 	EXP 	Stim: image = 'TMTstop-control_1_1redlinestimulus23.png'
23.4581 	EXP 	Stim: image = 'TMTstop-control_1_1redlinestimulus23.png'
23.4995 	EXP 	Stim: image = 'TMTstop-control_1_1redlinestimulus23.png'
23.5413 	EXP 	Stim: image = 'TMTstop-control_1_1redlinestimulus23.png'
23.5842 	EXP 	Stim: image = 'TMTstop-control_1_1redlinestimulus23.png'
23.6310 	EXP 	Stim: image = 'TMTstop-control_1_1redlinestimulus23.png'
23.6721 	EXP 	Stim: image = 'TMTstop-control_1_1redlinestimulus23.png'
23.7073 	EXP 	Stim: image = 'TMTstop-control_1_1redlinestimulus23.png'
23.7488 	EXP 	Stim: image = 'TMTstop-control_1_1redlinestimulus23.png'
23.7901 	EXP 	Stim: image = 'TMTstop-control_1_1redlinestimulus23.png'
23.8321 	EXP 	Stim: image = 'TMTstop-control_1_1redlinestimulus23.png'
23.8739 	EXP 	Stim: image = 'TMTstop-control_1_1redlinestimulus23.png'
23.9153 	EXP 	Stim: image = 'TMTstop-control_1_1redlinestimulus23.png'
23.9569 	EXP 	Stim: image = 'TMTstop-control_1_1redlinestimulus23.png'
23.9986 	EXP 	Stim: image = 'TMTstop-control_1_1redlinestimulus23.png'
24.0405 	EXP 	Stim: image = 'TMTstop-control_1_1redlinestimulus23.png'
24.0821 	EXP 	Stim: image = 'TMTstop-control_1_1redlinestimulus23.png'
24.1235 	EXP 	Stim: image = 'TMTstop-control_1_1redlinestimulus23.png'
24.1652 	EXP 	Stim: image = 'TMTstop-control_1_1redlinestimulus23.png'
24.2077 	DATA 	Keypress: 1
24.2092 	EXP 	Stim: image = 'TMTstop-control_1_1redlinestimulus23.png'
24.2488 	EXP 	Stim: image = 'TMTstop-control_1_1redlinestimulus23.png'
24.2841 	EXP 	Stim: image = 'TMTstop-control_1_1redlinestimulus23.png'
24.3252 	EXP 	Stim: image = 'TMTstop-control_1_1redlinestimulus23.png'
24.3667 	EXP 	Stim: image = 'TMTstop-control_1_1redlinestimulus23.png'
24.4048 	DATA 	Keypress: 1
24.4080 	EXP 	Stim: image = 'TMTstop-control_1_1redlinestimulus23.png'
24.4431 	EXP 	Stim: image = 'TMTstop-control_1_1redlinestimulus23.png'
24.4847 	EXP 	Stim: image = 'TMTstop-control_1_1redlinestimulus23.png'
24.5197 	EXP 	Stim: image = 'TMTstop-control_1_1redlinestimulus23.png'
24.5611 	EXP 	Stim: image = 'TMTstop-control_1_1redlinestimulus23.png'
24.6026 	EXP 	Stim: image = 'TMTstop-control_1_1redlinestimulus23.png'
24.6451 	EXP 	Stim: image = 'TMTstop-control_1_1redlinestimulus23.png'
24.6860 	EXP 	Stim: image = 'TMTstop-control_1_1redlinestimulus23.png'
24.7215 	EXP 	Stim: image = 'TMTstop-control_1_1redlinestimulus23.png'
24.7624 	EXP 	Stim: image = 'TMTstop-control_1_1redlinestimulus23.png'
24.8039 	EXP 	Stim: image = 'TMTstop-control_1_1redlinestimulus23.png'
24.8459 	EXP 	Stim: image = 'TMTstop-control_1_1redlinestimulus23.png'
24.8839 	DATA 	Keypress: 2
24.8877 	EXP 	Stim: image = 'TMTstop-control_1_1redlinestimulus23.png'
24.9291 	EXP 	Stim: image = 'TMTstop-control_1_1redlinestimulus23.png'
24.9640 	EXP 	Stim: image = 'TMTstop-control_1_1redlinestimulus23.png'
25.0058 	EXP 	Stim: image = 'TMTstop-control_1_1redlinestimulus23.png'
25.0471 	EXP 	Stim: image = 'TMTstop-control_1_1redlinestimulus23.png'
25.0888 	EXP 	Stim: image = 'TMTstop-control_1_1redlinestimulus23.png'
25.1278 	DATA 	Keypress: 2
25.1308 	EXP 	Stim: image = 'TMTstop-control_1_1redlinestimulus23.png'
25.1724 	EXP 	Stim: image = 'TMTstop-control_1_1redlinestimulus23.png'
25.2137 	EXP 	Stim: image = 'TMTstop-control_1_1redlinestimulus23.png'
25.2554 	EXP 	Stim: image = 'TMTstop-control_1_1redlinestimulus23.png'
25.2977 	EXP 	Stim: image = 'TMTstop-control_1_1redlinestimulus23.png'
25.3388 	EXP 	Stim: image = 'TMTstop-control_1_1redlinestimulus23.png'
25.3805 	EXP 	Stim: image = 'TMTstop-control_1_1redlinestimulus23.png'
25.4221 	EXP 	Stim: image = 'TMTstop-control_1_1redlinestimulus23.png'
25.4642 	EXP 	Stim: image = 'TMTstop-control_1_1redlinestimulus23.png'
25.5054 	EXP 	Stim: image = 'TMTstop-control_1_1redlinestimulus23.png'
25.5441 	DATA 	Keypress: 2
25.5475 	EXP 	Stim: image = 'TMTstop-control_1_1redlinestimulus23.png'
25.5888 	EXP 	Stim: image = 'TMTstop-control_1_1redlinestimulus23.png'
25.6309 	EXP 	Stim: image = 'TMTstop-control_1_1redlinestimulus23.png'
25.6720 	EXP 	Stim: image = 'TMTstop-control_1_1redlinestimulus23.png'
25.7073 	EXP 	Stim: image = 'TMTstop-control_1_1redlinestimulus23.png'
25.7486 	EXP 	Stim: image = 'TMTstop-control_1_1redlinestimulus23.png'
25.7873 	DATA 	Keypress: 2
25.7903 	EXP 	Stim: image = 'TMTstop-control_1_1redlinestimulus23.png'
25.8318 	EXP 	Stim: image = 'TMTstop-control_1_1redlinestimulus23.png'
25.8667 	EXP 	Stim: image = 'TMTstop-control_1_1redlinestimulus23.png'
25.9083 	EXP 	Stim: image = 'TMTstop-control_1_1redlinestimulus23.png'
25.9498 	EXP 	Stim: image = 'TMTstop-control_1_1redlinestimulus23.png'
25.9920 	EXP 	Stim: image = 'TMTstop-control_1_1redlinestimulus23.png'
26.0297 	DATA 	Keypress: 3
26.0332 	EXP 	Stim: image = 'TMTstop-control_1_1redlinestimulus23.png'
26.0749 	EXP 	Stim: image = 'TMTstop-control_1_1redlinestimulus23.png'
26.1168 	EXP 	Stim: image = 'TMTstop-control_1_1redlinestimulus23.png'
26.1584 	EXP 	Stim: image = 'TMTstop-control_1_1redlinestimulus23.png'
26.1999 	EXP 	Stim: image = 'TMTstop-control_1_1redlinestimulus23.png'
26.2416 	EXP 	Stim: image = 'TMTstop-control_1_1redlinestimulus23.png'
26.2731 	DATA 	Keypress: 3
26.2766 	EXP 	Stim: image = 'TMTstop-control_1_1redlinestimulus23.png'
26.3113 	EXP 	Stim: image = 'TMTstop-control_1_1redlinestimulus23.png'
26.3526 	EXP 	Stim: image = 'TMTstop-control_1_1redlinestimulus23.png'
26.3880 	EXP 	Stim: image = 'TMTstop-control_1_1redlinestimulus23.png'
26.4255 	DATA 	Keypress: 1
26.4291 	EXP 	Stim: image = 'TMTstop-control_1_1redlinestimulus23.png'
26.4707 	EXP 	Stim: image = 'TMTstop-control_1_1redlinestimulus23.png'
26.5124 	EXP 	Stim: image = 'TMTstop-control_1_1redlinestimulus23.png'
26.5543 	EXP 	Stim: image = 'TMTstop-control_1_1redlinestimulus23.png'
26.5970 	EXP 	Stim: image = 'TMTstop-control_1_1redlinestimulus23.png'
26.6373 	EXP 	Stim: image = 'TMTstop-control_1_1redlinestimulus23.png'
26.6756 	DATA 	Keypress: 1
26.6791 	EXP 	Stim: image = 'TMTstop-control_1_1redlinestimulus23.png'
26.7209 	EXP 	Stim: image = 'TMTstop-control_1_1redlinestimulus23.png'
26.7623 	EXP 	Stim: image = 'TMTstop-control_1_1redlinestimulus23.png'
26.7946 	DATA 	Keypress: 2
26.7980 	EXP 	Stim: image = 'TMTstop-control_1_1redlinestimulus23.png'
26.8390 	EXP 	Stim: image = 'TMTstop-control_1_1redlinestimulus23.png'
26.8804 	EXP 	Stim: image = 'TMTstop-control_1_1redlinestimulus23.png'
26.9221 	EXP 	Stim: image = 'TMTstop-control_1_1redlinestimulus23.png'
26.9605 	DATA 	Keypress: 3
26.9640 	EXP 	Stim: image = 'TMTstop-control_1_1redlinestimulus23.png'
27.0058 	EXP 	Stim: image = 'TMTstop-control_1_1redlinestimulus23.png'
27.0440 	DATA 	Keypress: 2
27.0474 	EXP 	Stim: image = 'TMTstop-control_1_1redlinestimulus23.png'
27.0891 	EXP 	Stim: image = 'TMTstop-control_1_1redlinestimulus23.png'
27.1315 	EXP 	Stim: image = 'TMTstop-control_1_1redlinestimulus23.png'
27.1721 	EXP 	Stim: image = 'TMTstop-control_1_1redlinestimulus23.png'
27.2103 	DATA 	Keypress: 3
27.2138 	EXP 	Stim: image = 'TMTstop-control_1_1redlinestimulus23.png'
27.2558 	EXP 	Stim: image = 'TMTstop-control_1_1redlinestimulus23.png'
27.2977 	EXP 	Stim: image = 'TMTstop-control_1_1redlinestimulus23.png'
27.3389 	EXP 	Stim: image = 'TMTstop-control_1_1redlinestimulus23.png'
27.3804 	EXP 	Stim: image = 'TMTstop-control_1_1redlinestimulus23.png'
27.4220 	EXP 	Stim: image = 'TMTstop-control_1_1redlinestimulus23.png'
27.4644 	EXP 	Stim: image = 'TMTstop-control_1_1redlinestimulus23.png'
27.5019 	DATA 	Keypress: esc
27.5057 	EXP 	Stim: image = 'TMTstop-control_1_1redlinestimulus23.png'
27.5471 	EXP 	Stim: image = 'TMTstop-control_1_1redlinestimulus23.png'
27.5887 	EXP 	Stim: image = 'TMTstop-control_1_1redlinestimulus23.png'
27.6318 	EXP 	Stim: image = 'TMTstop-control_1_1redlinestimulus23.png'
27.6860 	EXP 	window1: mouseVisible = True
1.6318 	WARNING 	We strongly recommend you activate the PTB sound engine in PsychoPy prefs as the preferred audio engine. Its timing is vastly superior. Your prefs are currently set to use ['pyo'] (in that order).
5.4197 	EXP 	Created window1 = Window(allowGUI=True, allowStencil=False, autoLog=True, backendConf=UNKNOWN, bitsMode=UNKNOWN, blendMode='avg', bpc=(8, 8, 8), color=array([0, 0, 0]), colorSpace='rgb', depthBits=8, fullscr=<method-wrapper '__getattribute__' of attributeSetter object at 0x0000026C5E69D2B0>, gamma=None, gammaErrorPolicy='raise', lms=UNKNOWN, monitor=<psychopy.monitors.calibTools.Monitor object at 0x0000026C5E6F4588>, multiSample=False, name='window1', numSamples=2, pos=[0.0, 0.0], screen=0, size=array([1920, 1055]), stencilBits=0, stereo=False, units='height', useFBO=True, useRetina=False, viewOri=0.0, viewPos=None, viewScale=None, waitBlanking=True, winType='glfw')
5.4198 	EXP 	window1: mouseVisible = True
5.4198 	EXP 	window1: recordFrameIntervals = False
5.4878 	EXP 	window1: recordFrameIntervals = True
5.5652 	EXP 	window1: recordFrameIntervals = False
5.8410 	EXP 	Created Instruct = ImageStim(__class__=<class 'psychopy.visual.image.ImageStim'>, autoLog=True, color=array([1., 1., 1.]), colorSpace='rgb', contrast=1.0, depth=0.0, flipHoriz=False, flipVert=False, image='InkedInstructBfinal_LI.jpg', interpolate=True, mask=None, maskParams=None, name='Instruct', opacity=1, ori=0.0, pos=array([0., 0.]), size=array([0.8, 0.8]), texRes=128.0, units='height', win=Window(...))
5.9501 	EXP 	Created text_2 = TextStim(__class__=<class 'psychopy.visual.text.TextStim'>, alignHoriz=method-wrapper(...), alignText='center', alignVert=method-wrapper(...), anchorHoriz='center', anchorVert='center', antialias=True, autoLog=True, bold=False, color=array([1., 1., 1.]), colorSpace='rgb', contrast=1.0, depth=-2.0, flipHoriz=False, flipVert=False, font='Open Sans', fontFiles=[], height=0.04, italic=False, languageStyle='LTR', name='text_2', opacity=1, ori=0.5, pos=array([ 0.  , -0.45]), rgb=UNKNOWN, text=str(...), units='height', win=Window(...), wrapWidth=2.0)
5.9532 	EXP 	Created Stim = ImageStim(__class__=<class 'psychopy.visual.image.ImageStim'>, autoLog=True, color=array([1., 1., 1.]), colorSpace='rgb', contrast=1.0, depth=0.0, flipHoriz=False, flipVert=False, image='sin', interpolate=True, mask=None, maskParams=None, name='Stim', opacity=1, ori=0.0, pos=array([0., 0.]), size=array([1.777, 1.   ]), texRes=128.0, units='height', win=Window(...))
5.9559 	EXP 	Created polygon = ShapeStim(__class__=<class 'psychopy.visual.shape.ShapeStim'>, autoDraw=False, autoLog=True, closeShape=True, color=method-wrapper(...), colorSpace='rgb', contrast=None, depth=0.0, fillColor=array([1, 1, 1]), fillColorSpace='rgb', fillRGB=array([1, 1, 1]), interpolate=True, lineColor=array([1., 1., 1.]), lineColorSpace='rgb', lineRGB=array([1, 1, 1]), lineWidth=1.0, name='polygon', opacity=1, ori=0.0, pos=array([0., 0.]), size=array([0.5, 0.5]), units='height', vertices=ndarray(...), win=Window(...), windingRule=None)
5.9593 	EXP 	Created Stim = ImageStim(__class__=<class 'psychopy.visual.image.ImageStim'>, autoLog=True, color=array([1., 1., 1.]), colorSpace='rgb', contrast=1.0, depth=0.0, flipHoriz=False, flipVert=False, image='sin', interpolate=True, mask=None, maskParams=None, name='Stim', opacity=1, ori=0.0, pos=array([0., 0.]), size=array([1.777, 1.   ]), texRes=128.0, units='height', win=Window(...))
5.9768 	EXP 	Created text = TextStim(__class__=<class 'psychopy.visual.text.TextStim'>, alignHoriz=method-wrapper(...), alignText='center', alignVert=method-wrapper(...), anchorHoriz='center', anchorVert='center', antialias=True, autoLog=True, bold=False, color=array([1., 1., 1.]), colorSpace='rgb', contrast=1.0, depth=0.0, flipHoriz=False, flipVert=False, font='Open Sans', fontFiles=[], height=0.1, italic=False, languageStyle='LTR', name='text', opacity=1, ori=0.0, pos=array([0., 0.]), rgb=UNKNOWN, text=str(...), units='height', win=Window(...), wrapWidth=1)
6.0305 	EXP 	Instruct: autoDraw = True
6.0305 	EXP 	text_2: autoDraw = True
6.4663 	DATA 	Keypress: 1
6.4814 	EXP 	Imported TMTstop-control_1_1.xlsx as conditions, 26 conditions, 6 params
6.4817 	EXP 	Created sequence: sequential, trialTypes=26, nReps=1, seed=None
6.4819 	EXP 	New trial (rep=0, index=0): {'NumberLetter': 1, 'corrAns': ['2'], 'StimFile': 'TMTstop-control_1_1.png', 'Correct_StimFile': 'TMTstop-control_1_1.png', 'False_StimFile': 'TMTstop-control_1_1.png', 'DurationTrial': 10}
6.4822 	WARNING 	Requested image 'TMTstop-control_1_1.png' not found but similar filename 'TMTstop-control_1_1.jpg' exists. This will be used instead but changing the filename is advised.
6.5236 	EXP 	Instruct: autoDraw = False
6.5236 	EXP 	text_2: autoDraw = False
6.5236 	EXP 	Stim: image = 'TMTstop-control_1_1.png'
6.5236 	EXP 	Stim: autoDraw = True
6.6036 	DATA 	Keypress: 1
6.7975 	DATA 	Keypress: 1
6.8025 	WARNING 	Requested image 'TMTstop-control_1_1.png' not found but similar filename 'TMTstop-control_1_1.jpg' exists. This will be used instead but changing the filename is advised.
6.8293 	EXP 	Stim: image = 'TMTstop-control_1_1.png'
6.8310 	WARNING 	Requested image 'TMTstop-control_1_1.png' not found but similar filename 'TMTstop-control_1_1.jpg' exists. This will be used instead but changing the filename is advised.
6.8702 	EXP 	Stim: image = 'TMTstop-control_1_1.png'
6.8719 	WARNING 	Requested image 'TMTstop-control_1_1.png' not found but similar filename 'TMTstop-control_1_1.jpg' exists. This will be used instead but changing the filename is advised.
6.9055 	EXP 	Stim: image = 'TMTstop-control_1_1.png'
6.9072 	WARNING 	Requested image 'TMTstop-control_1_1.png' not found but similar filename 'TMTstop-control_1_1.jpg' exists. This will be used instead but changing the filename is advised.
6.9371 	DATA 	Keypress: 2
6.9405 	EXP 	Stim: image = 'TMTstop-control_1_1.png'
6.9450 	EXP 	New trial (rep=0, index=1): {'NumberLetter': 2, 'corrAns': ['1'], 'StimFile': 'TMTstop-control_1_1.png', 'Correct_StimFile': 'TMTstop-control_1_1firstgreen.png', 'False_StimFile': 'TMTstop-control_1_1firstred.png', 'DurationTrial': 10}
7.0195 	DATA 	Keypress: 3
7.0198 	DATA 	Keypress: 1
7.0236 	EXP 	Stim: autoDraw = False
7.0236 	EXP 	Stim: image = 'TMTstop-control_1_1firstgreen.png'
7.0236 	EXP 	Stim: image = 'TMTstop-control_1_1firstgreen.png'
7.0236 	EXP 	Stim: autoDraw = True
7.0649 	EXP 	Stim: image = 'TMTstop-control_1_1firstred.png'
7.1034 	DATA 	Keypress: 2
7.1067 	EXP 	Stim: image = 'TMTstop-control_1_1firstred.png'
7.1449 	DATA 	Keypress: 1
7.1485 	EXP 	Stim: image = 'TMTstop-control_1_1firstred.png'
7.1530 	EXP 	New trial (rep=0, index=2): {'NumberLetter': 3, 'corrAns': ['2'], 'StimFile': 'TMTstop-control_1_1linestimulus0.png', 'Correct_StimFile': 'TMTstop-control_1_1greenlinestimulus0.png', 'False_StimFile': 'TMTstop-control_1_1redlinestimulus0.png', 'DurationTrial': 10}
7.2211 	DATA 	Keypress: 3
7.2216 	DATA 	Keypress: 2
7.2252 	EXP 	Stim: autoDraw = False
7.2252 	EXP 	Stim: image = 'TMTstop-control_1_1greenlinestimulus0.png'
7.2252 	EXP 	Stim: image = 'TMTstop-control_1_1greenlinestimulus0.png'
7.2252 	EXP 	Stim: autoDraw = True
7.2295 	EXP 	New trial (rep=0, index=3): {'NumberLetter': 4, 'corrAns': ['3'], 'StimFile': 'TMTstop-control_1_1linestimulus1.png', 'Correct_StimFile': 'TMTstop-control_1_1greenlinestimulus1.png', 'False_StimFile': 'TMTstop-control_1_1redlinestimulus1.png', 'DurationTrial': 10}
7.3043 	DATA 	Keypress: 3
7.3081 	EXP 	Stim: autoDraw = False
7.3081 	EXP 	Stim: image = 'TMTstop-control_1_1greenlinestimulus1.png'
7.3081 	EXP 	Stim: image = 'TMTstop-control_1_1greenlinestimulus1.png'
7.3081 	EXP 	Stim: autoDraw = True
7.3120 	EXP 	New trial (rep=0, index=4): {'NumberLetter': 5, 'corrAns': ['2'], 'StimFile': 'TMTstop-control_1_1linestimulus2.png', 'Correct_StimFile': 'TMTstop-control_1_1greenlinestimulus2.png', 'False_StimFile': 'TMTstop-control_1_1redlinestimulus2.png', 'DurationTrial': 10}
7.3809 	DATA 	Keypress: 1
7.3811 	DATA 	Keypress: 2
7.3849 	EXP 	Stim: autoDraw = False
7.3849 	EXP 	Stim: image = 'TMTstop-control_1_1greenlinestimulus2.png'
7.3849 	EXP 	Stim: image = 'TMTstop-control_1_1greenlinestimulus2.png'
7.3849 	EXP 	Stim: autoDraw = True
7.4088 	DATA 	Keypress: 1
7.4508 	DATA 	Keypress: 3
7.4541 	EXP 	Stim: image = 'TMTstop-control_1_1redlinestimulus2.png'
7.4920 	DATA 	Keypress: 2
7.4959 	EXP 	Stim: image = 'TMTstop-control_1_1redlinestimulus2.png'
7.5007 	EXP 	New trial (rep=0, index=5): {'NumberLetter': 6, 'corrAns': ['1'], 'StimFile': 'TMTstop-control_1_1linestimulus3.png', 'Correct_StimFile': 'TMTstop-control_1_1greenlinestimulus3.png', 'False_StimFile': 'TMTstop-control_1_1redlinestimulus3.png', 'DurationTrial': 10}
7.5617 	DATA 	Keypress: 3
7.5659 	EXP 	Stim: autoDraw = False
7.5659 	EXP 	Stim: image = 'TMTstop-control_1_1greenlinestimulus3.png'
7.5659 	EXP 	Stim: image = 'TMTstop-control_1_1greenlinestimulus3.png'
7.5659 	EXP 	Stim: autoDraw = True
7.6035 	DATA 	Keypress: 1
7.6072 	EXP 	Stim: image = 'TMTstop-control_1_1redlinestimulus3.png'
7.6469 	DATA 	Keypress: 2
7.6497 	EXP 	Stim: image = 'TMTstop-control_1_1redlinestimulus3.png'
7.6864 	DATA 	Keypress: 1
7.6901 	EXP 	Stim: image = 'TMTstop-control_1_1redlinestimulus3.png'
7.6949 	EXP 	New trial (rep=0, index=6): {'NumberLetter': 7, 'corrAns': ['3'], 'StimFile': 'TMTstop-control_1_1linestimulus4.png', 'Correct_StimFile': 'TMTstop-control_1_1greenlinestimulus4.png', 'False_StimFile': 'TMTstop-control_1_1redlinestimulus4.png', 'DurationTrial': 10}
7.7629 	DATA 	Keypress: 3
7.7636 	DATA 	Keypress: 2
7.7672 	EXP 	Stim: autoDraw = False
7.7672 	EXP 	Stim: image = 'TMTstop-control_1_1greenlinestimulus4.png'
7.7672 	EXP 	Stim: image = 'TMTstop-control_1_1greenlinestimulus4.png'
7.7672 	EXP 	Stim: autoDraw = True
7.8080 	EXP 	Stim: image = 'TMTstop-control_1_1redlinestimulus4.png'
7.8461 	DATA 	Keypress: 3
7.8496 	EXP 	Stim: image = 'TMTstop-control_1_1redlinestimulus4.png'
7.8541 	EXP 	New trial (rep=0, index=7): {'NumberLetter': 8, 'corrAns': ['2'], 'StimFile': 'TMTstop-control_1_1linestimulus4.png', 'Correct_StimFile': 'TMTstop-control_1_1greenlinestimulus5.png', 'False_StimFile': 'TMTstop-control_1_1redlinestimulus5.png', 'DurationTrial': 10}
7.9159 	DATA 	Keypress: 1
7.9171 	DATA 	Keypress: 2
7.9201 	EXP 	Stim: autoDraw = False
7.9201 	EXP 	Stim: image = 'TMTstop-control_1_1greenlinestimulus5.png'
7.9201 	EXP 	Stim: image = 'TMTstop-control_1_1greenlinestimulus5.png'
7.9201 	EXP 	Stim: autoDraw = True
7.9574 	DATA 	Keypress: 1
8.0026 	EXP 	Stim: image = 'TMTstop-control_1_1redlinestimulus5.png'
8.0408 	DATA 	Keypress: 3
8.0409 	DATA 	Keypress: 2
8.0442 	EXP 	Stim: image = 'TMTstop-control_1_1redlinestimulus5.png'
8.0478 	EXP 	New trial (rep=0, index=8): {'NumberLetter': 9, 'corrAns': ['3'], 'StimFile': 'TMTstop-control_1_1linestimulus6.png', 'Correct_StimFile': 'TMTstop-control_1_1greenlinestimulus6.png', 'False_StimFile': 'TMTstop-control_1_1redlinestimulus6.png', 'DurationTrial': 10}
8.1100 	DATA 	Keypress: 3
8.1141 	EXP 	Stim: autoDraw = False
8.1141 	EXP 	Stim: image = 'TMTstop-control_1_1greenlinestimulus6.png'
8.1141 	EXP 	Stim: image = 'TMTstop-control_1_1greenlinestimulus6.png'
8.1141 	EXP 	Stim: autoDraw = True
8.1185 	EXP 	New trial (rep=0, index=9): {'NumberLetter': 10, 'corrAns': ['2'], 'StimFile': 'TMTstop-control_1_1linestimulus7.png', 'Correct_StimFile': 'TMTstop-control_1_1greenlinestimulus7.png', 'False_StimFile': 'TMTstop-control_1_1redlinestimulus7.png', 'DurationTrial': 10}
8.1871 	DATA 	Keypress: 1
8.1879 	DATA 	Keypress: 2
8.1911 	EXP 	Stim: autoDraw = False
8.1911 	EXP 	Stim: image = 'TMTstop-control_1_1greenlinestimulus7.png'
8.1911 	EXP 	Stim: image = 'TMTstop-control_1_1greenlinestimulus7.png'
8.1911 	EXP 	Stim: autoDraw = True
8.2420 	DATA 	Keypress: 1
8.2872 	EXP 	Stim: image = 'TMTstop-control_1_1redlinestimulus7.png'
8.3259 	DATA 	Keypress: 3
8.3263 	DATA 	Keypress: 2
8.3292 	EXP 	Stim: image = 'TMTstop-control_1_1redlinestimulus7.png'
8.3328 	EXP 	New trial (rep=0, index=10): {'NumberLetter': 11, 'corrAns': ['3'], 'StimFile': 'TMTstop-control_1_1linestimulus8.png', 'Correct_StimFile': 'TMTstop-control_1_1greenlinestimulus8.png', 'False_StimFile': 'TMTstop-control_1_1redlinestimulus8.png', 'DurationTrial': 10}
8.4062 	EXP 	Stim: autoDraw = False
8.4062 	EXP 	Stim: image = 'TMTstop-control_1_1greenlinestimulus8.png'
8.4062 	EXP 	Stim: image = 'TMTstop-control_1_1greenlinestimulus8.png'
8.4062 	EXP 	Stim: autoDraw = True
8.4107 	EXP 	New trial (rep=0, index=11): {'NumberLetter': 12, 'corrAns': ['1'], 'StimFile': 'TMTstop-control_1_1linestimulus9.png', 'Correct_StimFile': 'TMTstop-control_1_1greenlinestimulus9.png', 'False_StimFile': 'TMTstop-control_1_1redlinestimulus9.png', 'DurationTrial': 10}
8.4788 	DATA 	Keypress: 3
8.4792 	DATA 	Keypress: 1
8.4797 	DATA 	Keypress: 2
8.4827 	EXP 	Stim: autoDraw = False
8.4827 	EXP 	Stim: image = 'TMTstop-control_1_1greenlinestimulus9.png'
8.4827 	EXP 	Stim: image = 'TMTstop-control_1_1greenlinestimulus9.png'
8.4827 	EXP 	Stim: autoDraw = True
8.5336 	DATA 	Keypress: 1
8.5403 	EXP 	New trial (rep=0, index=12): {'NumberLetter': 13, 'corrAns': ['3'], 'StimFile': 'TMTstop-control_1_1linestimulus10.png', 'Correct_StimFile': 'TMTstop-control_1_1greenlinestimulus10.png', 'False_StimFile': 'TMTstop-control_1_1redlinestimulus10.png', 'DurationTrial': 1}
8.6101 	DATA 	Keypress: 3
8.6106 	DATA 	Keypress: 2
8.6145 	EXP 	Stim: autoDraw = False
8.6145 	EXP 	Stim: image = 'TMTstop-control_1_1greenlinestimulus10.png'
8.6145 	EXP 	Stim: image = 'TMTstop-control_1_1greenlinestimulus10.png'
8.6145 	EXP 	Stim: autoDraw = True
8.6552 	EXP 	Stim: image = 'TMTstop-control_1_1redlinestimulus10.png'
8.7005 	DATA 	Keypress: 3
8.7048 	EXP 	Stim: image = 'TMTstop-control_1_1redlinestimulus10.png'
8.7090 	EXP 	New trial (rep=0, index=13): {'NumberLetter': 14, 'corrAns': ['1'], 'StimFile': 'TMTstop-control_1_1linestimulus11.png', 'Correct_StimFile': 'TMTstop-control_1_1greenlinestimulus11.png', 'False_StimFile': 'TMTstop-control_1_1redlinestimulus11.png', 'DurationTrial': None}
8.7773 	DATA 	Keypress: 1
8.7781 	DATA 	Keypress: 2
8.7812 	EXP 	Stim: autoDraw = False
8.7812 	EXP 	Stim: image = 'TMTstop-control_1_1greenlinestimulus11.png'
8.7812 	EXP 	Stim: image = 'TMTstop-control_1_1greenlinestimulus11.png'
8.7812 	EXP 	Stim: autoDraw = True
8.8184 	DATA 	Keypress: 1
8.8253 	EXP 	New trial (rep=0, index=14): {'NumberLetter': 15, 'corrAns': ['3'], 'StimFile': 'TMTstop-control_1_1linestimulus12.png', 'Correct_StimFile': 'TMTstop-control_1_1greenlinestimulus12.png', 'False_StimFile': 'TMTstop-control_1_1redlinestimulus12.png', 'DurationTrial': None}
8.8885 	DATA 	Keypress: 3
8.8888 	DATA 	Keypress: 2
8.8920 	EXP 	Stim: autoDraw = False
8.8920 	EXP 	Stim: image = 'TMTstop-control_1_1greenlinestimulus12.png'
8.8920 	EXP 	Stim: image = 'TMTstop-control_1_1greenlinestimulus12.png'
8.8920 	EXP 	Stim: autoDraw = True
8.9335 	EXP 	Stim: image = 'TMTstop-control_1_1redlinestimulus12.png'
8.9746 	EXP 	Stim: image = 'TMTstop-control_1_1redlinestimulus12.png'
9.0127 	DATA 	Keypress: 3
9.0163 	EXP 	Stim: image = 'TMTstop-control_1_1redlinestimulus12.png'
9.0209 	EXP 	New trial (rep=0, index=15): {'NumberLetter': 16, 'corrAns': ['1'], 'StimFile': 'TMTstop-control_1_1linestimulus13.png', 'Correct_StimFile': 'TMTstop-control_1_1greenlinestimulus13.png', 'False_StimFile': 'TMTstop-control_1_1redlinestimulus13.png', 'DurationTrial': None}
9.0823 	DATA 	Keypress: 1
9.0831 	DATA 	Keypress: 2
9.0867 	EXP 	Stim: autoDraw = False
9.0867 	EXP 	Stim: image = 'TMTstop-control_1_1greenlinestimulus13.png'
9.0867 	EXP 	Stim: image = 'TMTstop-control_1_1greenlinestimulus13.png'
9.0867 	EXP 	Stim: autoDraw = True
9.1239 	DATA 	Keypress: 1
9.1313 	EXP 	New trial (rep=0, index=16): {'NumberLetter': 17, 'corrAns': ['2'], 'StimFile': 'TMTstop-control_1_1linestimulus14.png', 'Correct_StimFile': 'TMTstop-control_1_1greenlinestimulus14.png', 'False_StimFile': 'TMTstop-control_1_1redlinestimulus14.png', 'DurationTrial': None}
9.1938 	DATA 	Keypress: 3
9.1940 	DATA 	Keypress: 2
9.1975 	EXP 	Stim: autoDraw = False
9.1975 	EXP 	Stim: image = 'TMTstop-control_1_1greenlinestimulus14.png'
9.1975 	EXP 	Stim: image = 'TMTstop-control_1_1greenlinestimulus14.png'
9.1975 	EXP 	Stim: autoDraw = True
9.2020 	EXP 	New trial (rep=0, index=17): {'NumberLetter': 18, 'corrAns': ['1'], 'StimFile': 'TMTstop-control_1_1linestimulus15.png', 'Correct_StimFile': 'TMTstop-control_1_1greenlinestimulus15.png', 'False_StimFile': 'TMTstop-control_1_1redlinestimulus15.png', 'DurationTrial': None}
9.2810 	EXP 	Stim: autoDraw = False
9.2810 	EXP 	Stim: image = 'TMTstop-control_1_1greenlinestimulus15.png'
9.2810 	EXP 	Stim: image = 'TMTstop-control_1_1greenlinestimulus15.png'
9.2810 	EXP 	Stim: autoDraw = True
9.3322 	DATA 	Keypress: 3
9.3324 	DATA 	Keypress: 1
9.3358 	EXP 	Stim: image = 'TMTstop-control_1_1redlinestimulus15.png'
9.3740 	DATA 	Keypress: 2
9.3775 	EXP 	Stim: image = 'TMTstop-control_1_1redlinestimulus15.png'
9.4155 	DATA 	Keypress: 1
9.4196 	EXP 	Stim: image = 'TMTstop-control_1_1redlinestimulus15.png'
9.4235 	EXP 	New trial (rep=0, index=18): {'NumberLetter': 19, 'corrAns': ['3'], 'StimFile': 'TMTstop-control_1_1linestimulus16.png', 'Correct_StimFile': 'TMTstop-control_1_1greenlinestimulus16.png', 'False_StimFile': 'TMTstop-control_1_1redlinestimulus16.png', 'DurationTrial': None}
9.4851 	DATA 	Keypress: 3
9.4853 	DATA 	Keypress: 2
9.4889 	EXP 	Stim: autoDraw = False
9.4889 	EXP 	Stim: image = 'TMTstop-control_1_1greenlinestimulus16.png'
9.4889 	EXP 	Stim: image = 'TMTstop-control_1_1greenlinestimulus16.png'
9.4889 	EXP 	Stim: autoDraw = True
9.5301 	EXP 	Stim: image = 'TMTstop-control_1_1redlinestimulus16.png'
9.5721 	EXP 	Stim: image = 'TMTstop-control_1_1redlinestimulus16.png'
9.6099 	DATA 	Keypress: 3
9.6135 	EXP 	Stim: image = 'TMTstop-control_1_1redlinestimulus16.png'
9.6174 	EXP 	New trial (rep=0, index=19): {'NumberLetter': 20, 'corrAns': ['1'], 'StimFile': 'TMTstop-control_1_1linestimulus17.png', 'Correct_StimFile': 'TMTstop-control_1_1greenlinestimulus17.png', 'False_StimFile': 'TMTstop-control_1_1redlinestimulus17.png', 'DurationTrial': None}
9.6868 	DATA 	Keypress: 1
9.6876 	DATA 	Keypress: 2
9.6909 	EXP 	Stim: autoDraw = False
9.6909 	EXP 	Stim: image = 'TMTstop-control_1_1greenlinestimulus17.png'
9.6909 	EXP 	Stim: image = 'TMTstop-control_1_1greenlinestimulus17.png'
9.6909 	EXP 	Stim: autoDraw = True
9.7419 	DATA 	Keypress: 1
9.7492 	EXP 	New trial (rep=0, index=20): {'NumberLetter': 21, 'corrAns': ['3'], 'StimFile': 'TMTstop-control_1_1linestimulus18.png', 'Correct_StimFile': 'TMTstop-control_1_1greenlinestimulus18.png', 'False_StimFile': 'TMTstop-control_1_1redlinestimulus18.png', 'DurationTrial': None}
9.8121 	DATA 	Keypress: 3
9.8123 	DATA 	Keypress: 2
9.8159 	EXP 	Stim: autoDraw = False
9.8159 	EXP 	Stim: image = 'TMTstop-control_1_1greenlinestimulus18.png'
9.8159 	EXP 	Stim: image = 'TMTstop-control_1_1greenlinestimulus18.png'
9.8159 	EXP 	Stim: autoDraw = True
9.8634 	EXP 	Stim: image = 'TMTstop-control_1_1redlinestimulus18.png'
9.9052 	EXP 	Stim: image = 'TMTstop-control_1_1redlinestimulus18.png'
9.9435 	DATA 	Keypress: 3
9.9471 	EXP 	Stim: image = 'TMTstop-control_1_1redlinestimulus18.png'
9.9519 	EXP 	New trial (rep=0, index=21): {'NumberLetter': 22, 'corrAns': ['1'], 'StimFile': 'TMTstop-control_1_1linestimulus19.png', 'Correct_StimFile': 'TMTstop-control_1_1greenlinestimulus19.png', 'False_StimFile': 'TMTstop-control_1_1redlinestimulus19.png', 'DurationTrial': None}
10.0128 	DATA 	Keypress: 1
10.0168 	EXP 	Stim: autoDraw = False
10.0168 	EXP 	Stim: image = 'TMTstop-control_1_1greenlinestimulus19.png'
10.0168 	EXP 	Stim: image = 'TMTstop-control_1_1greenlinestimulus19.png'
10.0168 	EXP 	Stim: autoDraw = True
10.0273 	DATA 	Keypress: 2
10.0822 	DATA 	Keypress: 1
10.0896 	EXP 	New trial (rep=0, index=22): {'NumberLetter': 23, 'corrAns': ['3'], 'StimFile': 'TMTstop-control_1_1linestimulus20.png', 'Correct_StimFile': 'TMTstop-control_1_1greenlinestimulus20.png', 'False_StimFile': 'TMTstop-control_1_1redlinestimulus20.png', 'DurationTrial': None}
10.1588 	DATA 	Keypress: 3
10.1590 	DATA 	Keypress: 2
10.1629 	EXP 	Stim: autoDraw = False
10.1629 	EXP 	Stim: image = 'TMTstop-control_1_1greenlinestimulus20.png'
10.1629 	EXP 	Stim: image = 'TMTstop-control_1_1greenlinestimulus20.png'
10.1629 	EXP 	Stim: autoDraw = True
10.2038 	EXP 	Stim: image = 'TMTstop-control_1_1redlinestimulus20.png'
10.2455 	EXP 	Stim: image = 'TMTstop-control_1_1redlinestimulus20.png'
10.2837 	DATA 	Keypress: 1
10.2871 	EXP 	Stim: image = 'TMTstop-control_1_1redlinestimulus20.png'
10.3290 	EXP 	Stim: image = 'TMTstop-control_1_1redlinestimulus20.png'
10.3675 	DATA 	Keypress: 2
10.3704 	EXP 	Stim: image = 'TMTstop-control_1_1redlinestimulus20.png'
10.4121 	EXP 	Stim: image = 'TMTstop-control_1_1redlinestimulus20.png'
10.4538 	EXP 	Stim: image = 'TMTstop-control_1_1redlinestimulus20.png'
10.4962 	EXP 	Stim: image = 'TMTstop-control_1_1redlinestimulus20.png'
10.5371 	EXP 	Stim: image = 'TMTstop-control_1_1redlinestimulus20.png'
10.5788 	EXP 	Stim: image = 'TMTstop-control_1_1redlinestimulus20.png'
10.6204 	EXP 	Stim: image = 'TMTstop-control_1_1redlinestimulus20.png'
10.6585 	DATA 	Keypress: 2
10.6625 	EXP 	Stim: image = 'TMTstop-control_1_1redlinestimulus20.png'
10.7035 	EXP 	Stim: image = 'TMTstop-control_1_1redlinestimulus20.png'
10.7454 	EXP 	Stim: image = 'TMTstop-control_1_1redlinestimulus20.png'
10.7871 	EXP 	Stim: image = 'TMTstop-control_1_1redlinestimulus20.png'
10.8291 	EXP 	Stim: image = 'TMTstop-control_1_1redlinestimulus20.png'
10.8671 	DATA 	Keypress: 2
10.8705 	EXP 	Stim: image = 'TMTstop-control_1_1redlinestimulus20.png'
10.9119 	EXP 	Stim: image = 'TMTstop-control_1_1redlinestimulus20.png'
10.9502 	DATA 	Keypress: 3
10.9538 	EXP 	Stim: image = 'TMTstop-control_1_1redlinestimulus20.png'
10.9575 	EXP 	New trial (rep=0, index=23): {'NumberLetter': 24, 'corrAns': ['1'], 'StimFile': 'TMTstop-control_1_1linestimulus21.png', 'Correct_StimFile': 'TMTstop-control_1_1greenlinestimulus21.png', 'False_StimFile': 'TMTstop-control_1_1redlinestimulus21.png', 'DurationTrial': None}
11.0240 	EXP 	Stim: autoDraw = False
11.0240 	EXP 	Stim: image = 'TMTstop-control_1_1greenlinestimulus21.png'
11.0240 	EXP 	Stim: image = 'TMTstop-control_1_1greenlinestimulus21.png'
11.0240 	EXP 	Stim: autoDraw = True
11.1032 	DATA 	Keypress: 3
11.3391 	DATA 	Keypress: 3
11.3842 	EXP 	Stim: image = 'TMTstop-control_1_1redlinestimulus21.png'
11.4259 	EXP 	Stim: image = 'TMTstop-control_1_1redlinestimulus21.png'
11.4676 	EXP 	Stim: image = 'TMTstop-control_1_1redlinestimulus21.png'
11.5064 	DATA 	Keypress: 3
11.5103 	EXP 	Stim: image = 'TMTstop-control_1_1redlinestimulus21.png'
11.5509 	EXP 	Stim: image = 'TMTstop-control_1_1redlinestimulus21.png'
11.5930 	EXP 	Stim: image = 'TMTstop-control_1_1redlinestimulus21.png'
11.6342 	EXP 	Stim: image = 'TMTstop-control_1_1redlinestimulus21.png'
11.6762 	EXP 	Stim: image = 'TMTstop-control_1_1redlinestimulus21.png'
11.7177 	EXP 	Stim: image = 'TMTstop-control_1_1redlinestimulus21.png'
11.7592 	EXP 	Stim: image = 'TMTstop-control_1_1redlinestimulus21.png'
11.8009 	EXP 	Stim: image = 'TMTstop-control_1_1redlinestimulus21.png'
11.8430 	EXP 	Stim: image = 'TMTstop-control_1_1redlinestimulus21.png'
11.8844 	EXP 	Stim: image = 'TMTstop-control_1_1redlinestimulus21.png'
11.8892 	EXP 	New trial (rep=0, index=24): {'NumberLetter': 25, 'corrAns': ['3'], 'StimFile': 'TMTstop-control_1_1linestimulus22.png', 'Correct_StimFile': 'TMTstop-control_1_1greenlinestimulus22.png', 'False_StimFile': 'TMTstop-control_1_1redlinestimulus22.png', 'DurationTrial': None}
11.9502 	DATA 	Keypress: 1
11.9542 	EXP 	Stim: autoDraw = False
11.9542 	EXP 	Stim: image = 'TMTstop-control_1_1greenlinestimulus22.png'
11.9542 	EXP 	Stim: image = 'TMTstop-control_1_1greenlinestimulus22.png'
11.9542 	EXP 	Stim: autoDraw = True
12.0894 	DATA 	Keypress: 1
12.7839 	DATA 	Keypress: 3
12.7917 	EXP 	New trial (rep=0, index=25): {'NumberLetter': None, 'corrAns': None, 'StimFile': 'TMTstop-control_1_1linestimulus23.png', 'Correct_StimFile': 'TMTstop-control_1_1greenlinestimulus23.png', 'False_StimFile': 'TMTstop-control_1_1redlinestimulus23.png', 'DurationTrial': None}
12.8639 	EXP 	Stim: autoDraw = False
12.8639 	EXP 	Stim: image = 'TMTstop-control_1_1greenlinestimulus23.png'
12.8639 	EXP 	Stim: image = 'TMTstop-control_1_1greenlinestimulus23.png'
12.8639 	EXP 	Stim: autoDraw = True
12.9994 	DATA 	Keypress: 3
13.8751 	EXP 	Stim: autoDraw = False
13.8751 	EXP 	polygon: autoDraw = True
16.8798 	EXP 	Imported TMTstop-control_1_a.xlsx as conditions, 26 conditions, 6 params
16.8801 	EXP 	Created sequence: sequential, trialTypes=26, nReps=1, seed=None
16.8804 	EXP 	New trial (rep=0, index=0): {'NumberLetter': 'A', 'corrAns': ['3'], 'StimFile': 'TMTstop-control_1_a.png', 'Correct_StimFile': 'TMTstop-control_1_a.png', 'False_StimFile': 'TMTstop-control_1_a.png', 'DurationTrial': 10}
16.8806 	WARNING 	Requested image 'TMTstop-control_1_a.png' not found but similar filename 'TMTstop-control_1_a.jpg' exists. This will be used instead but changing the filename is advised.
16.8996 	WARNING 	Requested image 'TMTstop-control_1_a.png' not found but similar filename 'TMTstop-control_1_a.jpg' exists. This will be used instead but changing the filename is advised.
16.9335 	EXP 	polygon: autoDraw = False
16.9335 	EXP 	Stim: image = 'TMTstop-control_1_a.png'
16.9335 	EXP 	Stim: image = 'TMTstop-control_1_a.png'
16.9335 	EXP 	Stim: autoDraw = True
18.5962 	EXP 	New trial (rep=0, index=1): {'NumberLetter': 'B', 'corrAns': ['1'], 'StimFile': 'TMTstop-control_1_a.png', 'Correct_StimFile': 'TMTstop-control_1_afirstgreen.png', 'False_StimFile': 'TMTstop-control_1_afirstred.png', 'DurationTrial': 10}
18.5970 	DEPRECATION 	Couldn't find image TMTstop-control_1_afirstgreen.png; check path? (tried: C:\Users\emilo\OneDrive - Lund University\Experiment paradigms\TMT_PsychoPY_new\TMTstop-Control\TMTstop-control_1_afirstgreen.png)
18.6208 	EXP 	window1: mouseVisible = True
