1.7017 	WARNING 	We strongly recommend you activate the PTB sound engine in PsychoPy prefs as the preferred audio engine. Its timing is vastly superior. Your prefs are currently set to use ['pyo'] (in that order).
9.9650 	EXP 	Created window1 = Window(allowGUI=True, allowStencil=False, autoLog=True, backendConf=UNKNOWN, bitsMode=UNKNOWN, blendMode='avg', bpc=(8, 8, 8), color=array([0, 0, 0]), colorSpace='rgb', depthBits=8, fullscr=<method-wrapper '__getattribute__' of attributeSetter object at 0x000001D2994DD320>, gamma=None, gammaErrorPolicy='raise', lms=UNKNOWN, monitor=<psychopy.monitors.calibTools.Monitor object at 0x000001D2995345C0>, multiSample=False, name='window1', numSamples=2, pos=[0.0, 0.0], screen=0, size=array([1920, 1055]), stencilBits=0, stereo=False, units='height', useFBO=True, useRetina=False, viewOri=0.0, viewPos=None, viewScale=None, waitBlanking=True, winType='glfw')
9.9650 	EXP 	window1: mouseVisible = True
9.9650 	EXP 	window1: recordFrameIntervals = False
10.0334 	EXP 	window1: recordFrameIntervals = True
10.1097 	EXP 	window1: recordFrameIntervals = False
10.4083 	EXP 	Created Instruct = ImageStim(__class__=<class 'psychopy.visual.image.ImageStim'>, autoLog=True, color=array([1., 1., 1.]), colorSpace='rgb', contrast=1.0, depth=0.0, flipHoriz=False, flipVert=False, image='InkedInstructBfinal_LI.jpg', interpolate=True, mask=None, maskParams=None, name='Instruct', opacity=1, ori=0.0, pos=array([0., 0.]), size=array([0.8, 0.8]), texRes=128.0, units='height', win=Window(...))
10.5318 	EXP 	Created text_2 = TextStim(__class__=<class 'psychopy.visual.text.TextStim'>, alignHoriz=method-wrapper(...), alignText='center', alignVert=method-wrapper(...), anchorHoriz='center', anchorVert='center', antialias=True, autoLog=True, bold=False, color=array([1., 1., 1.]), colorSpace='rgb', contrast=1.0, depth=-2.0, flipHoriz=False, flipVert=False, font='Open Sans', fontFiles=[], height=0.04, italic=False, languageStyle='LTR', name='text_2', opacity=1, ori=0.5, pos=array([ 0.  , -0.45]), rgb=UNKNOWN, text=str(...), units='height', win=Window(...), wrapWidth=2.0)
10.5351 	EXP 	Created Stim = ImageStim(__class__=<class 'psychopy.visual.image.ImageStim'>, autoLog=True, color=array([1., 1., 1.]), colorSpace='rgb', contrast=1.0, depth=0.0, flipHoriz=False, flipVert=False, image='sin', interpolate=True, mask=None, maskParams=None, name='Stim', opacity=1, ori=0.0, pos=array([0., 0.]), size=array([1.777, 1.   ]), texRes=128.0, units='height', win=Window(...))
10.5376 	EXP 	Created polygon = ShapeStim(__class__=<class 'psychopy.visual.shape.ShapeStim'>, autoDraw=False, autoLog=True, closeShape=True, color=method-wrapper(...), colorSpace='rgb', contrast=None, depth=0.0, fillColor=array([1, 1, 1]), fillColorSpace='rgb', fillRGB=array([1, 1, 1]), interpolate=True, lineColor=array([1., 1., 1.]), lineColorSpace='rgb', lineRGB=array([1, 1, 1]), lineWidth=1.0, name='polygon', opacity=1, ori=0.0, pos=array([0., 0.]), size=array([0.5, 0.5]), units='height', vertices=ndarray(...), win=Window(...), windingRule=None)
10.5408 	EXP 	Created Stim = ImageStim(__class__=<class 'psychopy.visual.image.ImageStim'>, autoLog=True, color=array([1., 1., 1.]), colorSpace='rgb', contrast=1.0, depth=0.0, flipHoriz=False, flipVert=False, image='sin', interpolate=True, mask=None, maskParams=None, name='Stim', opacity=1, ori=0.0, pos=array([0., 0.]), size=array([1.777, 1.   ]), texRes=128.0, units='height', win=Window(...))
10.5599 	EXP 	Created text = TextStim(__class__=<class 'psychopy.visual.text.TextStim'>, alignHoriz=method-wrapper(...), alignText='center', alignVert=method-wrapper(...), anchorHoriz='center', anchorVert='center', antialias=True, autoLog=True, bold=False, color=array([1., 1., 1.]), colorSpace='rgb', contrast=1.0, depth=0.0, flipHoriz=False, flipVert=False, font='Open Sans', fontFiles=[], height=0.1, italic=False, languageStyle='LTR', name='text', opacity=1, ori=0.0, pos=array([0., 0.]), rgb=UNKNOWN, text=str(...), units='height', win=Window(...), wrapWidth=1)
10.6194 	EXP 	Instruct: autoDraw = True
10.6194 	EXP 	text_2: autoDraw = True
12.0248 	DATA 	Keypress: 1
12.0403 	EXP 	Imported TMTstop-control_1_1.xlsx as conditions, 26 conditions, 6 params
12.0406 	EXP 	Created sequence: sequential, trialTypes=26, nReps=1, seed=None
12.0409 	EXP 	New trial (rep=0, index=0): {'NumberLetter': 1, 'corrAns': ['2'], 'StimFile': 'TMTstop-control_1_1.png', 'Correct_StimFile': 'TMTstop-control_1_1.png', 'False_StimFile': 'TMTstop-control_1_1.png', 'DurationTrial': 10}
12.0411 	WARNING 	Requested image 'TMTstop-control_1_1.png' not found but similar filename 'TMTstop-control_1_1.jpg' exists. This will be used instead but changing the filename is advised.
12.0826 	EXP 	Instruct: autoDraw = False
12.0826 	EXP 	text_2: autoDraw = False
12.0826 	EXP 	Stim: image = 'TMTstop-control_1_1.png'
12.0826 	EXP 	Stim: autoDraw = True
12.1904 	DATA 	Keypress: 1
12.4261 	DATA 	Keypress: 2
12.4339 	EXP 	New trial (rep=0, index=1): {'NumberLetter': 2, 'corrAns': ['1'], 'StimFile': 'TMTstop-control_1_1.png', 'Correct_StimFile': 'TMTstop-control_1_1firstgreen.png', 'False_StimFile': 'TMTstop-control_1_1firstred.png', 'DurationTrial': 10}
12.5131 	EXP 	Stim: autoDraw = False
12.5131 	EXP 	Stim: image = 'TMTstop-control_1_1firstgreen.png'
12.5131 	EXP 	Stim: image = 'TMTstop-control_1_1firstgreen.png'
12.5131 	EXP 	Stim: autoDraw = True
12.6622 	DATA 	Keypress: 3
12.6657 	EXP 	Stim: image = 'TMTstop-control_1_1firstred.png'
12.7082 	EXP 	Stim: image = 'TMTstop-control_1_1firstred.png'
12.7494 	EXP 	Stim: image = 'TMTstop-control_1_1firstred.png'
12.7907 	EXP 	Stim: image = 'TMTstop-control_1_1firstred.png'
12.8288 	DATA 	Keypress: 1
12.8324 	EXP 	Stim: image = 'TMTstop-control_1_1firstred.png'
12.8360 	EXP 	New trial (rep=0, index=2): {'NumberLetter': 3, 'corrAns': ['2'], 'StimFile': 'TMTstop-control_1_1linestimulus0.png', 'Correct_StimFile': 'TMTstop-control_1_1greenlinestimulus0.png', 'False_StimFile': 'TMTstop-control_1_1redlinestimulus0.png', 'DurationTrial': 10}
12.9121 	DATA 	Keypress: 2
12.9123 	DATA 	Keypress: 3
12.9125 	DATA 	Keypress: 3
12.9163 	EXP 	Stim: autoDraw = False
12.9163 	EXP 	Stim: image = 'TMTstop-control_1_1greenlinestimulus0.png'
12.9163 	EXP 	Stim: image = 'TMTstop-control_1_1greenlinestimulus0.png'
12.9163 	EXP 	Stim: autoDraw = True
12.9544 	DATA 	Keypress: 1
12.9575 	EXP 	Stim: image = 'TMTstop-control_1_1redlinestimulus0.png'
12.9954 	DATA 	Keypress: 2
12.9990 	EXP 	Stim: image = 'TMTstop-control_1_1redlinestimulus0.png'
13.0025 	EXP 	New trial (rep=0, index=3): {'NumberLetter': 4, 'corrAns': ['3'], 'StimFile': 'TMTstop-control_1_1linestimulus1.png', 'Correct_StimFile': 'TMTstop-control_1_1greenlinestimulus1.png', 'False_StimFile': 'TMTstop-control_1_1redlinestimulus1.png', 'DurationTrial': 10}
13.0649 	DATA 	Keypress: 1
13.0692 	EXP 	Stim: autoDraw = False
13.0692 	EXP 	Stim: image = 'TMTstop-control_1_1greenlinestimulus1.png'
13.0692 	EXP 	Stim: image = 'TMTstop-control_1_1greenlinestimulus1.png'
13.0692 	EXP 	Stim: autoDraw = True
13.1071 	DATA 	Keypress: 3
13.1105 	EXP 	Stim: image = 'TMTstop-control_1_1redlinestimulus1.png'
13.1484 	DATA 	Keypress: 2
13.1522 	EXP 	Stim: image = 'TMTstop-control_1_1redlinestimulus1.png'
13.1899 	DATA 	Keypress: 3
13.1900 	DATA 	Keypress: 2
13.1902 	DATA 	Keypress: 1
13.1935 	EXP 	Stim: image = 'TMTstop-control_1_1redlinestimulus1.png'
13.2354 	EXP 	Stim: image = 'TMTstop-control_1_1redlinestimulus1.png'
13.2767 	EXP 	Stim: image = 'TMTstop-control_1_1redlinestimulus1.png'
13.3185 	EXP 	Stim: image = 'TMTstop-control_1_1redlinestimulus1.png'
13.3567 	DATA 	Keypress: 1
13.3570 	DATA 	Keypress: 3
13.3603 	EXP 	Stim: image = 'TMTstop-control_1_1redlinestimulus1.png'
13.3991 	DATA 	Keypress: 2
13.4022 	EXP 	Stim: image = 'TMTstop-control_1_1redlinestimulus1.png'
13.4399 	DATA 	Keypress: 2
13.4400 	DATA 	Keypress: 3
13.4403 	DATA 	Keypress: 1
13.4436 	EXP 	Stim: image = 'TMTstop-control_1_1redlinestimulus1.png'
13.4482 	EXP 	New trial (rep=0, index=4): {'NumberLetter': 5, 'corrAns': ['2'], 'StimFile': 'TMTstop-control_1_1linestimulus2.png', 'Correct_StimFile': 'TMTstop-control_1_1greenlinestimulus2.png', 'False_StimFile': 'TMTstop-control_1_1redlinestimulus2.png', 'DurationTrial': 10}
13.5134 	EXP 	Stim: autoDraw = False
13.5134 	EXP 	Stim: image = 'TMTstop-control_1_1greenlinestimulus2.png'
13.5134 	EXP 	Stim: image = 'TMTstop-control_1_1greenlinestimulus2.png'
13.5134 	EXP 	Stim: autoDraw = True
13.6065 	DATA 	Keypress: 1
13.6068 	DATA 	Keypress: 3
13.6102 	EXP 	Stim: image = 'TMTstop-control_1_1redlinestimulus2.png'
13.6486 	DATA 	Keypress: 2
13.6521 	EXP 	Stim: image = 'TMTstop-control_1_1redlinestimulus2.png'
13.6899 	DATA 	Keypress: 3
13.6901 	DATA 	Keypress: 2
13.6922 	DATA 	Keypress: 1
13.6940 	EXP 	Stim: image = 'TMTstop-control_1_1redlinestimulus2.png'
13.6979 	EXP 	New trial (rep=0, index=5): {'NumberLetter': 6, 'corrAns': ['1'], 'StimFile': 'TMTstop-control_1_1linestimulus3.png', 'Correct_StimFile': 'TMTstop-control_1_1greenlinestimulus3.png', 'False_StimFile': 'TMTstop-control_1_1redlinestimulus3.png', 'DurationTrial': 10}
13.7703 	EXP 	Stim: autoDraw = False
13.7703 	EXP 	Stim: image = 'TMTstop-control_1_1greenlinestimulus3.png'
13.7703 	EXP 	Stim: image = 'TMTstop-control_1_1greenlinestimulus3.png'
13.7703 	EXP 	Stim: autoDraw = True
13.8358 	DATA 	Keypress: 1
13.8428 	EXP 	New trial (rep=0, index=6): {'NumberLetter': 7, 'corrAns': ['3'], 'StimFile': 'TMTstop-control_1_1linestimulus4.png', 'Correct_StimFile': 'TMTstop-control_1_1greenlinestimulus4.png', 'False_StimFile': 'TMTstop-control_1_1redlinestimulus4.png', 'DurationTrial': 10}
13.9055 	DATA 	Keypress: 3
13.9057 	DATA 	Keypress: 2
13.9095 	EXP 	Stim: autoDraw = False
13.9095 	EXP 	Stim: image = 'TMTstop-control_1_1greenlinestimulus4.png'
13.9095 	EXP 	Stim: image = 'TMTstop-control_1_1greenlinestimulus4.png'
13.9095 	EXP 	Stim: autoDraw = True
13.9330 	DATA 	Keypress: 3
13.9755 	DATA 	Keypress: 2
13.9758 	DATA 	Keypress: 1
13.9788 	EXP 	Stim: image = 'TMTstop-control_1_1redlinestimulus4.png'
14.0201 	EXP 	Stim: image = 'TMTstop-control_1_1redlinestimulus4.png'
14.0615 	EXP 	Stim: image = 'TMTstop-control_1_1redlinestimulus4.png'
14.1032 	EXP 	Stim: image = 'TMTstop-control_1_1redlinestimulus4.png'
14.1419 	DATA 	Keypress: 1
14.1422 	DATA 	Keypress: 3
14.1455 	EXP 	Stim: image = 'TMTstop-control_1_1redlinestimulus4.png'
14.1833 	DATA 	Keypress: 2
14.1872 	EXP 	Stim: image = 'TMTstop-control_1_1redlinestimulus4.png'
14.2247 	DATA 	Keypress: 3
14.2284 	EXP 	Stim: image = 'TMTstop-control_1_1redlinestimulus4.png'
14.2323 	EXP 	New trial (rep=0, index=7): {'NumberLetter': 8, 'corrAns': ['2'], 'StimFile': 'TMTstop-control_1_1linestimulus4.png', 'Correct_StimFile': 'TMTstop-control_1_1greenlinestimulus5.png', 'False_StimFile': 'TMTstop-control_1_1redlinestimulus5.png', 'DurationTrial': 10}
14.2944 	DATA 	Keypress: 1
14.2945 	DATA 	Keypress: 2
14.2984 	EXP 	Stim: autoDraw = False
14.2984 	EXP 	Stim: image = 'TMTstop-control_1_1greenlinestimulus5.png'
14.2984 	EXP 	Stim: image = 'TMTstop-control_1_1greenlinestimulus5.png'
14.2984 	EXP 	Stim: autoDraw = True
14.3029 	EXP 	New trial (rep=0, index=8): {'NumberLetter': 9, 'corrAns': ['3'], 'StimFile': 'TMTstop-control_1_1linestimulus6.png', 'Correct_StimFile': 'TMTstop-control_1_1greenlinestimulus6.png', 'False_StimFile': 'TMTstop-control_1_1redlinestimulus6.png', 'DurationTrial': 10}
14.3813 	EXP 	Stim: autoDraw = False
14.3813 	EXP 	Stim: image = 'TMTstop-control_1_1greenlinestimulus6.png'
14.3813 	EXP 	Stim: image = 'TMTstop-control_1_1greenlinestimulus6.png'
14.3813 	EXP 	Stim: autoDraw = True
14.4193 	DATA 	Keypress: 1
14.4683 	DATA 	Keypress: 3
14.4687 	DATA 	Keypress: 2
14.4726 	EXP 	Stim: image = 'TMTstop-control_1_1redlinestimulus6.png'
14.5212 	EXP 	Stim: image = 'TMTstop-control_1_1redlinestimulus6.png'
14.5666 	DATA 	Keypress: 3
14.5669 	DATA 	Keypress: 2
14.5679 	DATA 	Keypress: 1
14.5709 	EXP 	Stim: image = 'TMTstop-control_1_1redlinestimulus6.png'
14.6181 	EXP 	Stim: image = 'TMTstop-control_1_1redlinestimulus6.png'
14.6668 	EXP 	Stim: image = 'TMTstop-control_1_1redlinestimulus6.png'
14.7111 	DATA 	Keypress: 1
14.7154 	EXP 	Stim: image = 'TMTstop-control_1_1redlinestimulus6.png'
14.7603 	DATA 	Keypress: 3
14.7648 	EXP 	Stim: image = 'TMTstop-control_1_1redlinestimulus6.png'
14.8093 	DATA 	Keypress: 2
14.8130 	EXP 	Stim: image = 'TMTstop-control_1_1redlinestimulus6.png'
14.8571 	DATA 	Keypress: 3
14.8614 	EXP 	Stim: image = 'TMTstop-control_1_1redlinestimulus6.png'
14.9056 	DATA 	Keypress: 2
14.9065 	DATA 	Keypress: 1
14.9093 	EXP 	Stim: image = 'TMTstop-control_1_1redlinestimulus6.png'
14.9504 	EXP 	Stim: image = 'TMTstop-control_1_1redlinestimulus6.png'
14.9925 	EXP 	Stim: image = 'TMTstop-control_1_1redlinestimulus6.png'
15.0301 	DATA 	Keypress: 1
15.0336 	EXP 	Stim: image = 'TMTstop-control_1_1redlinestimulus6.png'
15.0665 	DATA 	Keypress: 3
15.0694 	EXP 	Stim: image = 'TMTstop-control_1_1redlinestimulus6.png'
15.1065 	DATA 	Keypress: 2
15.1102 	EXP 	Stim: image = 'TMTstop-control_1_1redlinestimulus6.png'
15.1482 	DATA 	Keypress: 3
15.1518 	EXP 	Stim: image = 'TMTstop-control_1_1redlinestimulus6.png'
15.1560 	EXP 	New trial (rep=0, index=9): {'NumberLetter': 10, 'corrAns': ['2'], 'StimFile': 'TMTstop-control_1_1linestimulus7.png', 'Correct_StimFile': 'TMTstop-control_1_1greenlinestimulus7.png', 'False_StimFile': 'TMTstop-control_1_1redlinestimulus7.png', 'DurationTrial': 10}
15.2195 	DATA 	Keypress: 1
15.2200 	DATA 	Keypress: 2
15.2230 	EXP 	Stim: autoDraw = False
15.2230 	EXP 	Stim: image = 'TMTstop-control_1_1greenlinestimulus7.png'
15.2230 	EXP 	Stim: image = 'TMTstop-control_1_1greenlinestimulus7.png'
15.2230 	EXP 	Stim: autoDraw = True
15.2274 	EXP 	New trial (rep=0, index=10): {'NumberLetter': 11, 'corrAns': ['3'], 'StimFile': 'TMTstop-control_1_1linestimulus8.png', 'Correct_StimFile': 'TMTstop-control_1_1greenlinestimulus8.png', 'False_StimFile': 'TMTstop-control_1_1redlinestimulus8.png', 'DurationTrial': 10}
15.2981 	EXP 	Stim: autoDraw = False
15.2981 	EXP 	Stim: image = 'TMTstop-control_1_1greenlinestimulus8.png'
15.2981 	EXP 	Stim: image = 'TMTstop-control_1_1greenlinestimulus8.png'
15.2981 	EXP 	Stim: autoDraw = True
15.3774 	DATA 	Keypress: 1
15.4191 	DATA 	Keypress: 3
15.4227 	EXP 	Stim: image = 'TMTstop-control_1_1redlinestimulus8.png'
15.4618 	DATA 	Keypress: 2
15.4649 	EXP 	Stim: image = 'TMTstop-control_1_1redlinestimulus8.png'
15.5024 	DATA 	Keypress: 1
15.5063 	EXP 	Stim: image = 'TMTstop-control_1_1redlinestimulus8.png'
15.5110 	EXP 	New trial (rep=0, index=11): {'NumberLetter': 12, 'corrAns': ['1'], 'StimFile': 'TMTstop-control_1_1linestimulus9.png', 'Correct_StimFile': 'TMTstop-control_1_1greenlinestimulus9.png', 'False_StimFile': 'TMTstop-control_1_1redlinestimulus9.png', 'DurationTrial': 10}
15.5788 	DATA 	Keypress: 3
15.5789 	DATA 	Keypress: 2
15.5830 	EXP 	Stim: autoDraw = False
15.5830 	EXP 	Stim: image = 'TMTstop-control_1_1greenlinestimulus9.png'
15.5830 	EXP 	Stim: image = 'TMTstop-control_1_1greenlinestimulus9.png'
15.5830 	EXP 	Stim: autoDraw = True
15.6239 	EXP 	Stim: image = 'TMTstop-control_1_1redlinestimulus9.png'
15.6656 	EXP 	Stim: image = 'TMTstop-control_1_1redlinestimulus9.png'
15.7038 	DATA 	Keypress: 1
15.7073 	EXP 	Stim: image = 'TMTstop-control_1_1redlinestimulus9.png'
15.7111 	EXP 	New trial (rep=0, index=12): {'NumberLetter': 13, 'corrAns': ['3'], 'StimFile': 'TMTstop-control_1_1linestimulus10.png', 'Correct_StimFile': 'TMTstop-control_1_1greenlinestimulus10.png', 'False_StimFile': 'TMTstop-control_1_1redlinestimulus10.png', 'DurationTrial': 1}
15.7735 	DATA 	Keypress: 3
15.7737 	DATA 	Keypress: 2
15.7775 	EXP 	Stim: autoDraw = False
15.7775 	EXP 	Stim: image = 'TMTstop-control_1_1greenlinestimulus10.png'
15.7775 	EXP 	Stim: image = 'TMTstop-control_1_1greenlinestimulus10.png'
15.7775 	EXP 	Stim: autoDraw = True
15.8012 	DATA 	Keypress: 1
15.8215 	EXP 	New trial (rep=0, index=13): {'NumberLetter': 14, 'corrAns': ['1'], 'StimFile': 'TMTstop-control_1_1linestimulus11.png', 'Correct_StimFile': 'TMTstop-control_1_1greenlinestimulus11.png', 'False_StimFile': 'TMTstop-control_1_1redlinestimulus11.png', 'DurationTrial': None}
15.8859 	DATA 	Keypress: 3
15.8863 	DATA 	Keypress: 2
15.8896 	EXP 	Stim: autoDraw = False
15.8896 	EXP 	Stim: image = 'TMTstop-control_1_1greenlinestimulus11.png'
15.8896 	EXP 	Stim: image = 'TMTstop-control_1_1greenlinestimulus11.png'
15.8896 	EXP 	Stim: autoDraw = True
15.9295 	EXP 	Stim: image = 'TMTstop-control_1_1redlinestimulus11.png'
15.9676 	DATA 	Keypress: 1
15.9711 	EXP 	Stim: image = 'TMTstop-control_1_1redlinestimulus11.png'
15.9747 	EXP 	New trial (rep=0, index=14): {'NumberLetter': 15, 'corrAns': ['3'], 'StimFile': 'TMTstop-control_1_1linestimulus12.png', 'Correct_StimFile': 'TMTstop-control_1_1greenlinestimulus12.png', 'False_StimFile': 'TMTstop-control_1_1redlinestimulus12.png', 'DurationTrial': None}
16.0391 	DATA 	Keypress: 3
16.0401 	DATA 	Keypress: 2
16.0438 	EXP 	Stim: autoDraw = False
16.0438 	EXP 	Stim: image = 'TMTstop-control_1_1greenlinestimulus12.png'
16.0438 	EXP 	Stim: image = 'TMTstop-control_1_1greenlinestimulus12.png'
16.0438 	EXP 	Stim: autoDraw = True
16.0791 	DATA 	Keypress: 1
16.1204 	DATA 	Keypress: 2
16.1205 	DATA 	Keypress: 3
16.1239 	EXP 	Stim: image = 'TMTstop-control_1_1redlinestimulus12.png'
16.1281 	EXP 	New trial (rep=0, index=15): {'NumberLetter': 16, 'corrAns': ['1'], 'StimFile': 'TMTstop-control_1_1linestimulus13.png', 'Correct_StimFile': 'TMTstop-control_1_1greenlinestimulus13.png', 'False_StimFile': 'TMTstop-control_1_1redlinestimulus13.png', 'DurationTrial': None}
16.1938 	EXP 	Stim: autoDraw = False
16.1938 	EXP 	Stim: image = 'TMTstop-control_1_1greenlinestimulus13.png'
16.1938 	EXP 	Stim: image = 'TMTstop-control_1_1greenlinestimulus13.png'
16.1938 	EXP 	Stim: autoDraw = True
16.2599 	DATA 	Keypress: 1
16.2678 	EXP 	New trial (rep=0, index=16): {'NumberLetter': 17, 'corrAns': ['2'], 'StimFile': 'TMTstop-control_1_1linestimulus14.png', 'Correct_StimFile': 'TMTstop-control_1_1greenlinestimulus14.png', 'False_StimFile': 'TMTstop-control_1_1redlinestimulus14.png', 'DurationTrial': None}
16.3289 	DATA 	Keypress: 3
16.3328 	EXP 	Stim: autoDraw = False
16.3328 	EXP 	Stim: image = 'TMTstop-control_1_1greenlinestimulus14.png'
16.3328 	EXP 	Stim: image = 'TMTstop-control_1_1greenlinestimulus14.png'
16.3328 	EXP 	Stim: autoDraw = True
16.3857 	DATA 	Keypress: 2
16.3986 	DATA 	Keypress: 1
16.4537 	DATA 	Keypress: 3
16.4538 	DATA 	Keypress: 2
16.4573 	EXP 	Stim: image = 'TMTstop-control_1_1redlinestimulus14.png'
16.4618 	EXP 	New trial (rep=0, index=17): {'NumberLetter': 18, 'corrAns': ['1'], 'StimFile': 'TMTstop-control_1_1linestimulus15.png', 'Correct_StimFile': 'TMTstop-control_1_1greenlinestimulus15.png', 'False_StimFile': 'TMTstop-control_1_1redlinestimulus15.png', 'DurationTrial': None}
16.5274 	EXP 	Stim: autoDraw = False
16.5274 	EXP 	Stim: image = 'TMTstop-control_1_1greenlinestimulus15.png'
16.5274 	EXP 	Stim: image = 'TMTstop-control_1_1greenlinestimulus15.png'
16.5274 	EXP 	Stim: autoDraw = True
16.5648 	DATA 	Keypress: 1
16.5719 	EXP 	New trial (rep=0, index=18): {'NumberLetter': 19, 'corrAns': ['3'], 'StimFile': 'TMTstop-control_1_1linestimulus16.png', 'Correct_StimFile': 'TMTstop-control_1_1greenlinestimulus16.png', 'False_StimFile': 'TMTstop-control_1_1redlinestimulus16.png', 'DurationTrial': None}
16.6345 	DATA 	Keypress: 3
16.6386 	EXP 	Stim: autoDraw = False
16.6386 	EXP 	Stim: image = 'TMTstop-control_1_1greenlinestimulus16.png'
16.6386 	EXP 	Stim: image = 'TMTstop-control_1_1greenlinestimulus16.png'
16.6386 	EXP 	Stim: autoDraw = True
16.6487 	DATA 	Keypress: 2
16.7044 	DATA 	Keypress: 1
16.7111 	EXP 	New trial (rep=0, index=19): {'NumberLetter': 20, 'corrAns': ['1'], 'StimFile': 'TMTstop-control_1_1linestimulus17.png', 'Correct_StimFile': 'TMTstop-control_1_1greenlinestimulus17.png', 'False_StimFile': 'TMTstop-control_1_1redlinestimulus17.png', 'DurationTrial': None}
16.7732 	DATA 	Keypress: 3
16.7733 	DATA 	Keypress: 2
16.7772 	EXP 	Stim: autoDraw = False
16.7772 	EXP 	Stim: image = 'TMTstop-control_1_1greenlinestimulus17.png'
16.7772 	EXP 	Stim: image = 'TMTstop-control_1_1greenlinestimulus17.png'
16.7772 	EXP 	Stim: autoDraw = True
16.8184 	EXP 	Stim: image = 'TMTstop-control_1_1redlinestimulus17.png'
16.8600 	EXP 	Stim: image = 'TMTstop-control_1_1redlinestimulus17.png'
16.8981 	DATA 	Keypress: 1
16.9022 	EXP 	Stim: image = 'TMTstop-control_1_1redlinestimulus17.png'
16.9064 	EXP 	New trial (rep=0, index=20): {'NumberLetter': 21, 'corrAns': ['3'], 'StimFile': 'TMTstop-control_1_1linestimulus18.png', 'Correct_StimFile': 'TMTstop-control_1_1greenlinestimulus18.png', 'False_StimFile': 'TMTstop-control_1_1redlinestimulus18.png', 'DurationTrial': None}
16.9683 	DATA 	Keypress: 3
16.9688 	DATA 	Keypress: 2
16.9723 	EXP 	Stim: autoDraw = False
16.9723 	EXP 	Stim: image = 'TMTstop-control_1_1greenlinestimulus18.png'
16.9723 	EXP 	Stim: image = 'TMTstop-control_1_1greenlinestimulus18.png'
16.9723 	EXP 	Stim: autoDraw = True
16.9956 	DATA 	Keypress: 1
17.0455 	EXP 	New trial (rep=0, index=21): {'NumberLetter': 22, 'corrAns': ['1'], 'StimFile': 'TMTstop-control_1_1linestimulus19.png', 'Correct_StimFile': 'TMTstop-control_1_1greenlinestimulus19.png', 'False_StimFile': 'TMTstop-control_1_1redlinestimulus19.png', 'DurationTrial': None}
17.1065 	DATA 	Keypress: 3
17.1066 	DATA 	Keypress: 2
17.1105 	EXP 	Stim: autoDraw = False
17.1105 	EXP 	Stim: image = 'TMTstop-control_1_1greenlinestimulus19.png'
17.1105 	EXP 	Stim: image = 'TMTstop-control_1_1greenlinestimulus19.png'
17.1105 	EXP 	Stim: autoDraw = True
17.1518 	EXP 	Stim: image = 'TMTstop-control_1_1redlinestimulus19.png'
17.1900 	DATA 	Keypress: 1
17.1936 	EXP 	Stim: image = 'TMTstop-control_1_1redlinestimulus19.png'
17.1974 	EXP 	New trial (rep=0, index=22): {'NumberLetter': 23, 'corrAns': ['3'], 'StimFile': 'TMTstop-control_1_1linestimulus20.png', 'Correct_StimFile': 'TMTstop-control_1_1greenlinestimulus20.png', 'False_StimFile': 'TMTstop-control_1_1redlinestimulus20.png', 'DurationTrial': None}
17.2595 	DATA 	Keypress: 3
17.2605 	DATA 	Keypress: 2
17.2637 	EXP 	Stim: autoDraw = False
17.2637 	EXP 	Stim: image = 'TMTstop-control_1_1greenlinestimulus20.png'
17.2637 	EXP 	Stim: image = 'TMTstop-control_1_1greenlinestimulus20.png'
17.2637 	EXP 	Stim: autoDraw = True
17.2739 	DATA 	Keypress: 1
17.6484 	DATA 	Keypress: 3
17.6548 	EXP 	New trial (rep=0, index=23): {'NumberLetter': 24, 'corrAns': ['1'], 'StimFile': 'TMTstop-control_1_1linestimulus21.png', 'Correct_StimFile': 'TMTstop-control_1_1greenlinestimulus21.png', 'False_StimFile': 'TMTstop-control_1_1redlinestimulus21.png', 'DurationTrial': None}
17.7191 	DATA 	Keypress: 2
17.7220 	EXP 	Stim: autoDraw = False
17.7220 	EXP 	Stim: image = 'TMTstop-control_1_1greenlinestimulus21.png'
17.7220 	EXP 	Stim: image = 'TMTstop-control_1_1greenlinestimulus21.png'
17.7220 	EXP 	Stim: autoDraw = True
17.7628 	EXP 	Stim: image = 'TMTstop-control_1_1redlinestimulus21.png'
17.8045 	EXP 	Stim: image = 'TMTstop-control_1_1redlinestimulus21.png'
17.8464 	EXP 	Stim: image = 'TMTstop-control_1_1redlinestimulus21.png'
17.8858 	DATA 	Keypress: 3
17.8881 	EXP 	Stim: image = 'TMTstop-control_1_1redlinestimulus21.png'
17.9264 	DATA 	Keypress: 2
17.9297 	EXP 	Stim: image = 'TMTstop-control_1_1redlinestimulus21.png'
17.9711 	EXP 	Stim: image = 'TMTstop-control_1_1redlinestimulus21.png'
18.0128 	EXP 	Stim: image = 'TMTstop-control_1_1redlinestimulus21.png'
18.0552 	EXP 	Stim: image = 'TMTstop-control_1_1redlinestimulus21.png'
18.0962 	EXP 	Stim: image = 'TMTstop-control_1_1redlinestimulus21.png'
18.1378 	EXP 	Stim: image = 'TMTstop-control_1_1redlinestimulus21.png'
18.1795 	EXP 	Stim: image = 'TMTstop-control_1_1redlinestimulus21.png'
18.2182 	DATA 	Keypress: 2
18.2223 	EXP 	Stim: image = 'TMTstop-control_1_1redlinestimulus21.png'
18.2629 	EXP 	Stim: image = 'TMTstop-control_1_1redlinestimulus21.png'
18.3047 	EXP 	Stim: image = 'TMTstop-control_1_1redlinestimulus21.png'
18.3462 	EXP 	Stim: image = 'TMTstop-control_1_1redlinestimulus21.png'
18.3847 	DATA 	Keypress: 2
18.3889 	EXP 	Stim: image = 'TMTstop-control_1_1redlinestimulus21.png'
18.4294 	EXP 	Stim: image = 'TMTstop-control_1_1redlinestimulus21.png'
18.4714 	EXP 	Stim: image = 'TMTstop-control_1_1redlinestimulus21.png'
18.5092 	DATA 	Keypress: 1
18.5127 	EXP 	Stim: image = 'TMTstop-control_1_1redlinestimulus21.png'
18.5167 	EXP 	New trial (rep=0, index=24): {'NumberLetter': 25, 'corrAns': ['3'], 'StimFile': 'TMTstop-control_1_1linestimulus22.png', 'Correct_StimFile': 'TMTstop-control_1_1greenlinestimulus22.png', 'False_StimFile': 'TMTstop-control_1_1redlinestimulus22.png', 'DurationTrial': None}
18.5828 	EXP 	Stim: autoDraw = False
18.5828 	EXP 	Stim: image = 'TMTstop-control_1_1greenlinestimulus22.png'
18.5828 	EXP 	Stim: image = 'TMTstop-control_1_1greenlinestimulus22.png'
18.5828 	EXP 	Stim: autoDraw = True
18.6902 	DATA 	Keypress: 1
19.1343 	DATA 	Keypress: 2
19.1726 	EXP 	Stim: image = 'TMTstop-control_1_1redlinestimulus22.png'
19.2141 	EXP 	Stim: image = 'TMTstop-control_1_1redlinestimulus22.png'
19.2557 	EXP 	Stim: image = 'TMTstop-control_1_1redlinestimulus22.png'
19.2976 	EXP 	Stim: image = 'TMTstop-control_1_1redlinestimulus22.png'
19.3365 	DATA 	Keypress: 2
19.3397 	EXP 	Stim: image = 'TMTstop-control_1_1redlinestimulus22.png'
19.3808 	EXP 	Stim: image = 'TMTstop-control_1_1redlinestimulus22.png'
19.4225 	EXP 	Stim: image = 'TMTstop-control_1_1redlinestimulus22.png'
19.4651 	EXP 	Stim: image = 'TMTstop-control_1_1redlinestimulus22.png'
19.5057 	EXP 	Stim: image = 'TMTstop-control_1_1redlinestimulus22.png'
19.5439 	DATA 	Keypress: 3
19.5475 	EXP 	Stim: image = 'TMTstop-control_1_1redlinestimulus22.png'
19.5509 	EXP 	New trial (rep=0, index=25): {'NumberLetter': None, 'corrAns': None, 'StimFile': 'TMTstop-control_1_1linestimulus23.png', 'Correct_StimFile': 'TMTstop-control_1_1greenlinestimulus23.png', 'False_StimFile': 'TMTstop-control_1_1redlinestimulus23.png', 'DurationTrial': None}
19.6185 	EXP 	Stim: autoDraw = False
19.6185 	EXP 	Stim: image = 'TMTstop-control_1_1greenlinestimulus23.png'
19.6185 	EXP 	Stim: image = 'TMTstop-control_1_1greenlinestimulus23.png'
19.6185 	EXP 	Stim: autoDraw = True
19.6831 	DATA 	Keypress: 3
20.6147 	EXP 	Stim: autoDraw = False
20.6147 	EXP 	polygon: autoDraw = True
23.6302 	EXP 	window1: mouseVisible = True
