1.7788 	WARNING 	We strongly recommend you activate the PTB sound engine in PsychoPy prefs as the preferred audio engine. Its timing is vastly superior. Your prefs are currently set to use ['pyo'] (in that order).
5.5326 	EXP 	Created window1 = Window(allowGUI=True, allowStencil=False, autoLog=True, backendConf=UNKNOWN, bitsMode=UNKNOWN, blendMode='avg', bpc=(8, 8, 8), color=array([0, 0, 0]), colorSpace='rgb', depthBits=8, fullscr=<method-wrapper '__getattribute__' of attributeSetter object at 0x000002196D048EB8>, gamma=None, gammaErrorPolicy='raise', lms=UNKNOWN, monitor=<psychopy.monitors.calibTools.Monitor object at 0x000002196D0311D0>, multiSample=False, name='window1', numSamples=2, pos=[0.0, 0.0], screen=0, size=array([1920, 1055]), stencilBits=0, stereo=False, units='height', useFBO=True, useRetina=False, viewOri=0.0, viewPos=None, viewScale=None, waitBlanking=True, winType='glfw')
5.5326 	EXP 	window1: mouseVisible = True
5.5326 	EXP 	window1: recordFrameIntervals = False
5.6012 	EXP 	window1: recordFrameIntervals = True
5.6779 	EXP 	window1: recordFrameIntervals = False
5.9567 	EXP 	Created Instruct = ImageStim(__class__=<class 'psychopy.visual.image.ImageStim'>, autoLog=True, color=array([1., 1., 1.]), colorSpace='rgb', contrast=1.0, depth=0.0, flipHoriz=False, flipVert=False, image='InkedInstructBfinal_LI.jpg', interpolate=True, mask=None, maskParams=None, name='Instruct', opacity=1, ori=0.0, pos=array([0., 0.]), size=array([0.8, 0.8]), texRes=128.0, units='height', win=Window(...))
6.0690 	EXP 	Created text_2 = TextStim(__class__=<class 'psychopy.visual.text.TextStim'>, alignHoriz=method-wrapper(...), alignText='center', alignVert=method-wrapper(...), anchorHoriz='center', anchorVert='center', antialias=True, autoLog=True, bold=False, color=array([1., 1., 1.]), colorSpace='rgb', contrast=1.0, depth=-2.0, flipHoriz=False, flipVert=False, font='Open Sans', fontFiles=[], height=0.04, italic=False, languageStyle='LTR', name='text_2', opacity=1, ori=0.5, pos=array([ 0.  , -0.45]), rgb=UNKNOWN, text=str(...), units='height', win=Window(...), wrapWidth=2.0)
6.0720 	EXP 	Created Stim = ImageStim(__class__=<class 'psychopy.visual.image.ImageStim'>, autoLog=True, color=array([1., 1., 1.]), colorSpace='rgb', contrast=1.0, depth=0.0, flipHoriz=False, flipVert=False, image='sin', interpolate=True, mask=None, maskParams=None, name='Stim', opacity=1, ori=0.0, pos=array([0., 0.]), size=array([1.777, 1.   ]), texRes=128.0, units='height', win=Window(...))
6.0745 	EXP 	Created polygon = ShapeStim(__class__=<class 'psychopy.visual.shape.ShapeStim'>, autoDraw=False, autoLog=True, closeShape=True, color=method-wrapper(...), colorSpace='rgb', contrast=None, depth=0.0, fillColor=array([1, 1, 1]), fillColorSpace='rgb', fillRGB=array([1, 1, 1]), interpolate=True, lineColor=array([1., 1., 1.]), lineColorSpace='rgb', lineRGB=array([1, 1, 1]), lineWidth=1.0, name='polygon', opacity=1, ori=0.0, pos=array([0., 0.]), size=array([0.5, 0.5]), units='height', vertices=ndarray(...), win=Window(...), windingRule=None)
6.0929 	EXP 	Created text = TextStim(__class__=<class 'psychopy.visual.text.TextStim'>, alignHoriz=method-wrapper(...), alignText='center', alignVert=method-wrapper(...), anchorHoriz='center', anchorVert='center', antialias=True, autoLog=True, bold=False, color=array([1., 1., 1.]), colorSpace='rgb', contrast=1.0, depth=0.0, flipHoriz=False, flipVert=False, font='Open Sans', fontFiles=[], height=0.1, italic=False, languageStyle='LTR', name='text', opacity=1, ori=0.0, pos=array([0., 0.]), rgb=UNKNOWN, text=str(...), units='height', win=Window(...), wrapWidth=1)
6.1524 	EXP 	Instruct: autoDraw = True
6.1524 	EXP 	text_2: autoDraw = True
6.7883 	DATA 	Keypress: 2
6.8028 	EXP 	Imported TMTstop-B_1_1.xlsx as conditions, 26 conditions, 6 params
6.8032 	EXP 	Created sequence: sequential, trialTypes=26, nReps=1, seed=None
6.8034 	EXP 	New trial (rep=0, index=0): {'NumberLetter': 1, 'corrAns': ['2'], 'StimFile': 'TMTstop-B_1_1.png', 'Correct_StimFile': 'TMTstop-B_1_1.png', 'False_StimFile': 'TMTstop-B_1_1.png', 'DurationTrial': 10}
6.8945 	EXP 	Instruct: autoDraw = False
6.8945 	EXP 	text_2: autoDraw = False
6.8945 	EXP 	Stim: image = 'TMTstop-B_1_1.png'
6.8945 	EXP 	Stim: autoDraw = True
6.8945 	EXP 	Stim: image = 'TMTstop-B_1_1.png'
6.9494 	EXP 	Stim: image = 'TMTstop-B_1_1.png'
6.9883 	DATA 	Keypress: 2
6.9913 	EXP 	Stim: image = 'TMTstop-B_1_1.png'
7.0327 	EXP 	Stim: image = 'TMTstop-B_1_1.png'
7.0742 	EXP 	Stim: image = 'TMTstop-B_1_1.png'
7.1168 	EXP 	Stim: image = 'TMTstop-B_1_1.png'
7.1576 	EXP 	Stim: image = 'TMTstop-B_1_1.png'
7.1994 	EXP 	Stim: image = 'TMTstop-B_1_1.png'
7.2412 	EXP 	Stim: image = 'TMTstop-B_1_1.png'
7.2827 	EXP 	Stim: image = 'TMTstop-B_1_1.png'
7.3245 	EXP 	Stim: image = 'TMTstop-B_1_1.png'
7.3661 	EXP 	Stim: image = 'TMTstop-B_1_1.png'
7.4078 	EXP 	Stim: image = 'TMTstop-B_1_1.png'
7.4503 	EXP 	Stim: image = 'TMTstop-B_1_1.png'
7.4911 	EXP 	Stim: image = 'TMTstop-B_1_1.png'
7.5327 	EXP 	Stim: image = 'TMTstop-B_1_1.png'
7.5742 	EXP 	Stim: image = 'TMTstop-B_1_1.png'
7.6166 	EXP 	Stim: image = 'TMTstop-B_1_1.png'
7.6554 	DATA 	Keypress: 2
7.6578 	EXP 	Stim: image = 'TMTstop-B_1_1.png'
7.6921 	EXP 	New trial (rep=0, index=1): {'NumberLetter': 'A', 'corrAns': ['1'], 'StimFile': 'TMTstop-B_1_1.png', 'Correct_StimFile': 'TMTstop-B_1_1firstgreen.png', 'False_StimFile': 'TMTstop-B_1_1.png', 'DurationTrial': 10}
7.7696 	EXP 	Stim: image = 'TMTstop-B_1_1.png'
7.7696 	EXP 	Stim: autoDraw = False
7.7696 	EXP 	Stim: image = 'TMTstop-B_1_1firstgreen.png'
7.7696 	EXP 	Stim: autoDraw = True
7.7696 	EXP 	Stim: image = 'TMTstop-B_1_1.png'
7.8107 	EXP 	Stim: image = 'TMTstop-B_1_1.png'
7.8487 	DATA 	Keypress: 2
7.8520 	EXP 	Stim: image = 'TMTstop-B_1_1.png'
7.8938 	EXP 	Stim: image = 'TMTstop-B_1_1.png'
7.9355 	EXP 	Stim: image = 'TMTstop-B_1_1.png'
7.9776 	EXP 	Stim: image = 'TMTstop-B_1_1.png'
8.0187 	EXP 	Stim: image = 'TMTstop-B_1_1.png'
8.0604 	EXP 	Stim: image = 'TMTstop-B_1_1.png'
8.0993 	DATA 	Keypress: 3
8.1027 	EXP 	Stim: image = 'TMTstop-B_1_1.png'
8.1438 	EXP 	Stim: image = 'TMTstop-B_1_1.png'
8.1856 	EXP 	Stim: image = 'TMTstop-B_1_1.png'
8.2272 	EXP 	Stim: image = 'TMTstop-B_1_1.png'
8.2689 	EXP 	Stim: image = 'TMTstop-B_1_1.png'
8.3108 	EXP 	Stim: image = 'TMTstop-B_1_1.png'
8.3488 	DATA 	Keypress: 3
8.3489 	DATA 	Keypress: 1
8.3521 	EXP 	Stim: image = 'TMTstop-B_1_1.png'
8.3851 	EXP 	New trial (rep=0, index=2): {'NumberLetter': 2, 'corrAns': ['3'], 'StimFile': 'TMTstop-B_1_1linestimulus0.png', 'Correct_StimFile': 'TMTstop-B_1_1greenlinestimulus0.png', 'False_StimFile': 'TMTstop-B_1_1firstred.png', 'DurationTrial': 10}
8.4504 	EXP 	Stim: image = 'TMTstop-B_1_1firstgreen.png'
8.4504 	EXP 	Stim: autoDraw = False
8.4504 	EXP 	Stim: image = 'TMTstop-B_1_1greenlinestimulus0.png'
8.4504 	EXP 	Stim: autoDraw = True
8.4504 	EXP 	Stim: image = 'TMTstop-B_1_1firstred.png'
8.4910 	EXP 	Stim: image = 'TMTstop-B_1_1firstred.png'
8.5326 	EXP 	Stim: image = 'TMTstop-B_1_1firstred.png'
8.5710 	DATA 	Keypress: 1
8.5746 	EXP 	Stim: image = 'TMTstop-B_1_1firstred.png'
8.6163 	EXP 	Stim: image = 'TMTstop-B_1_1firstred.png'
8.6577 	EXP 	Stim: image = 'TMTstop-B_1_1firstred.png'
8.6994 	EXP 	Stim: image = 'TMTstop-B_1_1firstred.png'
8.7414 	EXP 	Stim: image = 'TMTstop-B_1_1firstred.png'
8.7792 	DATA 	Keypress: 2
8.7829 	EXP 	Stim: image = 'TMTstop-B_1_1firstred.png'
8.8244 	EXP 	Stim: image = 'TMTstop-B_1_1firstred.png'
8.8660 	EXP 	Stim: image = 'TMTstop-B_1_1firstred.png'
8.9080 	EXP 	Stim: image = 'TMTstop-B_1_1firstred.png'
8.9496 	EXP 	Stim: image = 'TMTstop-B_1_1firstred.png'
8.9911 	EXP 	Stim: image = 'TMTstop-B_1_1firstred.png'
9.0292 	DATA 	Keypress: 2
9.0329 	EXP 	Stim: image = 'TMTstop-B_1_1firstred.png'
9.0657 	EXP 	New trial (rep=0, index=3): {'NumberLetter': 'B', 'corrAns': ['2'], 'StimFile': 'TMTstop-B_1_1linestimulus1.png', 'Correct_StimFile': 'TMTstop-B_1_1greenlinestimulus1.png', 'False_StimFile': 'TMTstop-B_1_1redlinestimulus0.png', 'DurationTrial': 10}
9.1336 	DATA 	Keypress: 3
9.1380 	EXP 	Stim: image = 'TMTstop-B_1_1greenlinestimulus0.png'
9.1380 	EXP 	Stim: autoDraw = False
9.1380 	EXP 	Stim: image = 'TMTstop-B_1_1greenlinestimulus1.png'
9.1380 	EXP 	Stim: autoDraw = True
9.1380 	EXP 	Stim: image = 'TMTstop-B_1_1redlinestimulus0.png'
9.1788 	EXP 	Stim: image = 'TMTstop-B_1_1redlinestimulus0.png'
9.2202 	EXP 	Stim: image = 'TMTstop-B_1_1redlinestimulus0.png'
9.2620 	EXP 	Stim: image = 'TMTstop-B_1_1redlinestimulus0.png'
9.3042 	EXP 	Stim: image = 'TMTstop-B_1_1redlinestimulus0.png'
9.3415 	DATA 	Keypress: 3
9.3452 	EXP 	Stim: image = 'TMTstop-B_1_1redlinestimulus0.png'
9.3870 	EXP 	Stim: image = 'TMTstop-B_1_1redlinestimulus0.png'
9.4287 	EXP 	Stim: image = 'TMTstop-B_1_1redlinestimulus0.png'
9.4667 	DATA 	Keypress: 2
9.4707 	EXP 	Stim: image = 'TMTstop-B_1_1redlinestimulus0.png'
9.5041 	EXP 	New trial (rep=0, index=4): {'NumberLetter': 3, 'corrAns': ['1'], 'StimFile': 'TMTstop-B_1_1linestimulus2.png', 'Correct_StimFile': 'TMTstop-B_1_1greenlinestimulus2.png', 'False_StimFile': 'TMTstop-B_1_1redlinestimulus1.png', 'DurationTrial': 10}
9.5757 	EXP 	Stim: image = 'TMTstop-B_1_1greenlinestimulus1.png'
9.5757 	EXP 	Stim: autoDraw = False
9.5757 	EXP 	Stim: image = 'TMTstop-B_1_1greenlinestimulus2.png'
9.5757 	EXP 	Stim: autoDraw = True
9.5757 	EXP 	Stim: image = 'TMTstop-B_1_1redlinestimulus1.png'
9.6161 	EXP 	Stim: image = 'TMTstop-B_1_1redlinestimulus1.png'
9.6576 	EXP 	Stim: image = 'TMTstop-B_1_1redlinestimulus1.png'
9.6958 	DATA 	Keypress: 2
9.6993 	EXP 	Stim: image = 'TMTstop-B_1_1redlinestimulus1.png'
9.7374 	DATA 	Keypress: 1
9.7412 	EXP 	Stim: image = 'TMTstop-B_1_1redlinestimulus1.png'
9.7755 	EXP 	New trial (rep=0, index=5): {'NumberLetter': 'C', 'corrAns': ['2'], 'StimFile': 'TMTstop-B_1_1linestimulus3.png', 'Correct_StimFile': 'TMTstop-B_1_1greenlinestimulus3.png', 'False_StimFile': 'TMTstop-B_1_1redlinestimulus2.png', 'DurationTrial': 10}
9.8462 	EXP 	Stim: image = 'TMTstop-B_1_1greenlinestimulus2.png'
9.8462 	EXP 	Stim: autoDraw = False
9.8462 	EXP 	Stim: image = 'TMTstop-B_1_1greenlinestimulus3.png'
9.8462 	EXP 	Stim: autoDraw = True
9.8462 	EXP 	Stim: image = 'TMTstop-B_1_1redlinestimulus2.png'
9.8871 	EXP 	Stim: image = 'TMTstop-B_1_1redlinestimulus2.png'
9.9288 	EXP 	Stim: image = 'TMTstop-B_1_1redlinestimulus2.png'
9.9706 	EXP 	Stim: image = 'TMTstop-B_1_1redlinestimulus2.png'
10.0085 	DATA 	Keypress: 2
10.0121 	EXP 	Stim: image = 'TMTstop-B_1_1redlinestimulus2.png'
10.0461 	EXP 	New trial (rep=0, index=6): {'NumberLetter': 4, 'corrAns': ['1'], 'StimFile': 'TMTstop-B_1_1linestimulus4.png', 'Correct_StimFile': 'TMTstop-B_1_1greenlinestimulus4.png', 'False_StimFile': 'TMTstop-B_1_1redlinestimulus3.png', 'DurationTrial': 10}
10.1126 	DATA 	Keypress: 1
10.1166 	EXP 	Stim: image = 'TMTstop-B_1_1greenlinestimulus3.png'
10.1166 	EXP 	Stim: autoDraw = False
10.1166 	EXP 	Stim: image = 'TMTstop-B_1_1greenlinestimulus4.png'
10.1166 	EXP 	Stim: autoDraw = True
10.1166 	EXP 	Stim: image = 'TMTstop-B_1_1redlinestimulus3.png'
10.1577 	EXP 	Stim: image = 'TMTstop-B_1_1redlinestimulus3.png'
10.2000 	EXP 	Stim: image = 'TMTstop-B_1_1redlinestimulus3.png'
10.2376 	DATA 	Keypress: 3
10.2411 	EXP 	Stim: image = 'TMTstop-B_1_1redlinestimulus3.png'
10.2830 	EXP 	Stim: image = 'TMTstop-B_1_1redlinestimulus3.png'
10.3236 	DATA 	Keypress: 2
10.3254 	EXP 	Stim: image = 'TMTstop-B_1_1redlinestimulus3.png'
10.3662 	EXP 	Stim: image = 'TMTstop-B_1_1redlinestimulus3.png'
10.4078 	EXP 	Stim: image = 'TMTstop-B_1_1redlinestimulus3.png'
10.4492 	EXP 	Stim: image = 'TMTstop-B_1_1redlinestimulus3.png'
10.4909 	EXP 	Stim: image = 'TMTstop-B_1_1redlinestimulus3.png'
10.5290 	DATA 	Keypress: 1
10.5331 	EXP 	Stim: image = 'TMTstop-B_1_1redlinestimulus3.png'
10.5746 	EXP 	New trial (rep=0, index=7): {'NumberLetter': 'D', 'corrAns': ['2'], 'StimFile': 'TMTstop-B_1_1linestimulus5.png', 'Correct_StimFile': 'TMTstop-B_1_1greenlinestimulus5.png', 'False_StimFile': 'TMTstop-B_1_1redlinestimulus4.png', 'DurationTrial': 10}
10.6546 	DATA 	Keypress: 3
10.6599 	EXP 	Stim: image = 'TMTstop-B_1_1greenlinestimulus4.png'
10.6599 	EXP 	Stim: autoDraw = False
10.6599 	EXP 	Stim: image = 'TMTstop-B_1_1greenlinestimulus5.png'
10.6599 	EXP 	Stim: autoDraw = True
10.6599 	EXP 	Stim: image = 'TMTstop-B_1_1redlinestimulus4.png'
10.7029 	DATA 	Keypress: 2
10.7069 	EXP 	Stim: image = 'TMTstop-B_1_1redlinestimulus4.png'
10.7482 	EXP 	New trial (rep=0, index=8): {'NumberLetter': 5, 'corrAns': ['3'], 'StimFile': 'TMTstop-B_1_1linestimulus6.png', 'Correct_StimFile': 'TMTstop-B_1_1greenlinestimulus6.png', 'False_StimFile': 'TMTstop-B_1_1redlinestimulus5.png', 'DurationTrial': 10}
10.8287 	DATA 	Keypress: 1
10.8334 	EXP 	Stim: image = 'TMTstop-B_1_1greenlinestimulus5.png'
10.8334 	EXP 	Stim: autoDraw = False
10.8334 	EXP 	Stim: image = 'TMTstop-B_1_1greenlinestimulus6.png'
10.8334 	EXP 	Stim: autoDraw = True
10.8334 	EXP 	Stim: image = 'TMTstop-B_1_1redlinestimulus5.png'
10.8747 	EXP 	New trial (rep=0, index=9): {'NumberLetter': 'E', 'corrAns': ['1'], 'StimFile': 'TMTstop-B_1_1linestimulus7.png', 'Correct_StimFile': 'TMTstop-B_1_1greenlinestimulus7.png', 'False_StimFile': 'TMTstop-B_1_1redlinestimulus6.png', 'DurationTrial': 10}
10.9668 	DATA 	Keypress: 3
10.9674 	DATA 	Keypress: 2
10.9721 	EXP 	Stim: image = 'TMTstop-B_1_1greenlinestimulus6.png'
10.9721 	EXP 	Stim: autoDraw = False
10.9721 	EXP 	Stim: image = 'TMTstop-B_1_1greenlinestimulus7.png'
10.9721 	EXP 	Stim: autoDraw = True
10.9721 	EXP 	Stim: image = 'TMTstop-B_1_1redlinestimulus6.png'
11.0196 	EXP 	Stim: image = 'TMTstop-B_1_1redlinestimulus6.png'
11.0561 	EXP 	New trial (rep=0, index=10): {'NumberLetter': 6, 'corrAns': ['3'], 'StimFile': 'TMTstop-B_1_1linestimulus8.png', 'Correct_StimFile': 'TMTstop-B_1_1greenlinestimulus8.png', 'False_StimFile': 'TMTstop-B_1_1redlinestimulus7.png', 'DurationTrial': 10}
11.1262 	DATA 	Keypress: 1
11.1264 	DATA 	Keypress: 2
11.1265 	DATA 	Keypress: 3
11.1305 	EXP 	Stim: image = 'TMTstop-B_1_1greenlinestimulus7.png'
11.1305 	EXP 	Stim: autoDraw = False
11.1305 	EXP 	Stim: image = 'TMTstop-B_1_1greenlinestimulus8.png'
11.1305 	EXP 	Stim: autoDraw = True
11.1305 	EXP 	Stim: image = 'TMTstop-B_1_1redlinestimulus7.png'
11.1718 	EXP 	Stim: image = 'TMTstop-B_1_1redlinestimulus7.png'
11.2137 	EXP 	Stim: image = 'TMTstop-B_1_1redlinestimulus7.png'
11.2550 	EXP 	Stim: image = 'TMTstop-B_1_1redlinestimulus7.png'
11.2932 	DATA 	Keypress: 3
11.2968 	EXP 	Stim: image = 'TMTstop-B_1_1redlinestimulus7.png'
11.3330 	EXP 	New trial (rep=0, index=11): {'NumberLetter': 'F', 'corrAns': ['2'], 'StimFile': 'TMTstop-B_1_1linestimulus9.png', 'Correct_StimFile': 'TMTstop-B_1_1greenlinestimulus9.png', 'False_StimFile': 'TMTstop-B_1_1redlinestimulus8.png', 'DurationTrial': 10}
11.4042 	DATA 	Keypress: 1
11.4050 	DATA 	Keypress: 2
11.4087 	EXP 	Stim: image = 'TMTstop-B_1_1greenlinestimulus8.png'
11.4087 	EXP 	Stim: autoDraw = False
11.4087 	EXP 	Stim: image = 'TMTstop-B_1_1greenlinestimulus9.png'
11.4087 	EXP 	Stim: autoDraw = True
11.4087 	EXP 	Stim: image = 'TMTstop-B_1_1redlinestimulus8.png'
11.4493 	EXP 	Stim: image = 'TMTstop-B_1_1redlinestimulus8.png'
11.4873 	DATA 	Keypress: 1
11.4909 	EXP 	Stim: image = 'TMTstop-B_1_1redlinestimulus8.png'
11.5330 	EXP 	Stim: image = 'TMTstop-B_1_1redlinestimulus8.png'
11.5708 	DATA 	Keypress: 3
11.5710 	DATA 	Keypress: 2
11.5745 	EXP 	Stim: image = 'TMTstop-B_1_1redlinestimulus8.png'
11.6107 	EXP 	New trial (rep=0, index=12): {'NumberLetter': 7, 'corrAns': ['1'], 'StimFile': 'TMTstop-B_1_1linestimulus10.png', 'Correct_StimFile': 'TMTstop-B_1_1greenlinestimulus10.png', 'False_StimFile': 'TMTstop-B_1_1redlinestimulus9.png', 'DurationTrial': 1}
11.6866 	EXP 	Stim: image = 'TMTstop-B_1_1greenlinestimulus9.png'
11.6866 	EXP 	Stim: autoDraw = False
11.6866 	EXP 	Stim: image = 'TMTstop-B_1_1greenlinestimulus10.png'
11.6866 	EXP 	Stim: autoDraw = True
11.6866 	EXP 	Stim: image = 'TMTstop-B_1_1redlinestimulus9.png'
11.7316 	DATA 	Keypress: 3
11.7324 	DATA 	Keypress: 1
11.7345 	EXP 	Stim: image = 'TMTstop-B_1_1redlinestimulus9.png'
11.7762 	EXP 	Stim: image = 'TMTstop-B_1_1redlinestimulus9.png'
11.8144 	DATA 	Keypress: 2
11.8175 	EXP 	Stim: image = 'TMTstop-B_1_1redlinestimulus9.png'
11.8593 	EXP 	Stim: image = 'TMTstop-B_1_1redlinestimulus9.png'
11.8960 	EXP 	New trial (rep=0, index=13): {'NumberLetter': 'G', 'corrAns': ['3'], 'StimFile': 'TMTstop-B_1_1linestimulus11.png', 'Correct_StimFile': 'TMTstop-B_1_1greenlinestimulus11.png', 'False_StimFile': 'TMTstop-B_1_1redlinestimulus10.png', 'DurationTrial': None}
11.9666 	DATA 	Keypress: 1
11.9668 	DATA 	Keypress: 3
11.9672 	DATA 	Keypress: 2
11.9715 	EXP 	Stim: image = 'TMTstop-B_1_1greenlinestimulus10.png'
11.9715 	EXP 	Stim: autoDraw = False
11.9715 	EXP 	Stim: image = 'TMTstop-B_1_1greenlinestimulus11.png'
11.9715 	EXP 	Stim: autoDraw = True
11.9715 	EXP 	Stim: image = 'TMTstop-B_1_1redlinestimulus10.png'
12.0119 	EXP 	Stim: image = 'TMTstop-B_1_1redlinestimulus10.png'
12.0535 	EXP 	Stim: image = 'TMTstop-B_1_1redlinestimulus10.png'
12.0879 	EXP 	New trial (rep=0, index=14): {'NumberLetter': 8, 'corrAns': ['1'], 'StimFile': 'TMTstop-B_1_1linestimulus12.png', 'Correct_StimFile': 'TMTstop-B_1_1greenlinestimulus12.png', 'False_StimFile': 'TMTstop-B_1_1redlinestimulus11.png', 'DurationTrial': None}
12.1612 	DATA 	Keypress: 3
12.1614 	DATA 	Keypress: 1
12.1622 	DATA 	Keypress: 2
12.1656 	EXP 	Stim: image = 'TMTstop-B_1_1greenlinestimulus11.png'
12.1656 	EXP 	Stim: autoDraw = False
12.1656 	EXP 	Stim: image = 'TMTstop-B_1_1greenlinestimulus12.png'
12.1656 	EXP 	Stim: autoDraw = True
12.1656 	EXP 	Stim: image = 'TMTstop-B_1_1redlinestimulus11.png'
12.2099 	DATA 	Keypress: 1
12.2135 	EXP 	Stim: image = 'TMTstop-B_1_1redlinestimulus11.png'
12.2496 	EXP 	New trial (rep=0, index=15): {'NumberLetter': 'H', 'corrAns': ['2'], 'StimFile': 'TMTstop-B_1_1linestimulus13.png', 'Correct_StimFile': 'TMTstop-B_1_1greenlinestimulus13.png', 'False_StimFile': 'TMTstop-B_1_1redlinestimulus12.png', 'DurationTrial': None}
12.3218 	DATA 	Keypress: 3
12.3219 	DATA 	Keypress: 2
12.3262 	EXP 	Stim: image = 'TMTstop-B_1_1greenlinestimulus12.png'
12.3262 	EXP 	Stim: autoDraw = False
12.3262 	EXP 	Stim: image = 'TMTstop-B_1_1greenlinestimulus13.png'
12.3262 	EXP 	Stim: autoDraw = True
12.3262 	EXP 	Stim: image = 'TMTstop-B_1_1redlinestimulus12.png'
12.3619 	EXP 	New trial (rep=0, index=16): {'NumberLetter': 9, 'corrAns': ['3'], 'StimFile': 'TMTstop-B_1_1linestimulus14.png', 'Correct_StimFile': 'TMTstop-B_1_1greenlinestimulus14.png', 'False_StimFile': 'TMTstop-B_1_1redlinestimulus13.png', 'DurationTrial': None}
12.4319 	DATA 	Keypress: 3
12.4321 	DATA 	Keypress: 1
12.4364 	EXP 	Stim: image = 'TMTstop-B_1_1greenlinestimulus13.png'
12.4364 	EXP 	Stim: autoDraw = False
12.4364 	EXP 	Stim: image = 'TMTstop-B_1_1greenlinestimulus14.png'
12.4364 	EXP 	Stim: autoDraw = True
12.4364 	EXP 	Stim: image = 'TMTstop-B_1_1redlinestimulus13.png'
12.4740 	EXP 	New trial (rep=0, index=17): {'NumberLetter': 'I', 'corrAns': ['2'], 'StimFile': 'TMTstop-B_1_1linestimulus15.png', 'Correct_StimFile': 'TMTstop-B_1_1greenlinestimulus15.png', 'False_StimFile': 'TMTstop-B_1_1redlinestimulus14.png', 'DurationTrial': None}
12.5433 	DATA 	Keypress: 2
12.5435 	DATA 	Keypress: 1
12.5477 	EXP 	Stim: image = 'TMTstop-B_1_1greenlinestimulus14.png'
12.5477 	EXP 	Stim: autoDraw = False
12.5477 	EXP 	Stim: image = 'TMTstop-B_1_1greenlinestimulus15.png'
12.5477 	EXP 	Stim: autoDraw = True
12.5477 	EXP 	Stim: image = 'TMTstop-B_1_1redlinestimulus14.png'
12.5845 	DATA 	Keypress: 3
12.5847 	DATA 	Keypress: 2
12.5882 	EXP 	Stim: image = 'TMTstop-B_1_1redlinestimulus14.png'
12.6253 	EXP 	New trial (rep=0, index=18): {'NumberLetter': 10, 'corrAns': ['1'], 'StimFile': 'TMTstop-B_1_1linestimulus16.png', 'Correct_StimFile': 'TMTstop-B_1_1greenlinestimulus16.png', 'False_StimFile': 'TMTstop-B_1_1redlinestimulus15.png', 'DurationTrial': None}
12.6957 	DATA 	Keypress: 3
12.7007 	EXP 	Stim: image = 'TMTstop-B_1_1greenlinestimulus15.png'
12.7007 	EXP 	Stim: autoDraw = False
12.7007 	EXP 	Stim: image = 'TMTstop-B_1_1greenlinestimulus16.png'
12.7007 	EXP 	Stim: autoDraw = True
12.7007 	EXP 	Stim: image = 'TMTstop-B_1_1redlinestimulus15.png'
12.7374 	DATA 	Keypress: 1
12.7409 	EXP 	Stim: image = 'TMTstop-B_1_1redlinestimulus15.png'
12.7790 	DATA 	Keypress: 2
12.7827 	EXP 	Stim: image = 'TMTstop-B_1_1redlinestimulus15.png'
12.8247 	EXP 	Stim: image = 'TMTstop-B_1_1redlinestimulus15.png'
12.8623 	DATA 	Keypress: 1
12.8661 	EXP 	Stim: image = 'TMTstop-B_1_1redlinestimulus15.png'
12.9031 	EXP 	New trial (rep=0, index=19): {'NumberLetter': 'J', 'corrAns': ['2'], 'StimFile': 'TMTstop-B_1_1linestimulus17.png', 'Correct_StimFile': 'TMTstop-B_1_1greenlinestimulus17.png', 'False_StimFile': 'TMTstop-B_1_1redlinestimulus16.png', 'DurationTrial': None}
12.9736 	DATA 	Keypress: 3
12.9737 	DATA 	Keypress: 2
12.9780 	EXP 	Stim: image = 'TMTstop-B_1_1greenlinestimulus16.png'
12.9780 	EXP 	Stim: autoDraw = False
12.9780 	EXP 	Stim: image = 'TMTstop-B_1_1greenlinestimulus17.png'
12.9780 	EXP 	Stim: autoDraw = True
12.9780 	EXP 	Stim: image = 'TMTstop-B_1_1redlinestimulus16.png'
13.0138 	EXP 	New trial (rep=0, index=20): {'NumberLetter': 11, 'corrAns': ['3'], 'StimFile': 'TMTstop-B_1_1linestimulus18.png', 'Correct_StimFile': 'TMTstop-B_1_1greenlinestimulus18.png', 'False_StimFile': 'TMTstop-B_1_1redlinestimulus17.png', 'DurationTrial': None}
13.0846 	DATA 	Keypress: 3
13.0848 	DATA 	Keypress: 1
13.0892 	EXP 	Stim: image = 'TMTstop-B_1_1greenlinestimulus17.png'
13.0892 	EXP 	Stim: autoDraw = False
13.0892 	EXP 	Stim: image = 'TMTstop-B_1_1greenlinestimulus18.png'
13.0892 	EXP 	Stim: autoDraw = True
13.0892 	EXP 	Stim: image = 'TMTstop-B_1_1redlinestimulus17.png'
13.1257 	EXP 	New trial (rep=0, index=21): {'NumberLetter': 'K', 'corrAns': ['1'], 'StimFile': 'TMTstop-B_1_1linestimulus19.png', 'Correct_StimFile': 'TMTstop-B_1_1greenlinestimulus19.png', 'False_StimFile': 'TMTstop-B_1_1redlinestimulus18.png', 'DurationTrial': None}
13.2028 	DATA 	Keypress: 2
13.2029 	DATA 	Keypress: 1
13.2072 	EXP 	Stim: image = 'TMTstop-B_1_1greenlinestimulus18.png'
13.2072 	EXP 	Stim: autoDraw = False
13.2072 	EXP 	Stim: image = 'TMTstop-B_1_1greenlinestimulus19.png'
13.2072 	EXP 	Stim: autoDraw = True
13.2072 	EXP 	Stim: image = 'TMTstop-B_1_1redlinestimulus18.png'
13.2439 	EXP 	New trial (rep=0, index=22): {'NumberLetter': 12, 'corrAns': ['3'], 'StimFile': 'TMTstop-B_1_1linestimulus20.png', 'Correct_StimFile': 'TMTstop-B_1_1greenlinestimulus20.png', 'False_StimFile': 'TMTstop-B_1_1redlinestimulus19.png', 'DurationTrial': None}
13.3215 	DATA 	Keypress: 3
13.3217 	DATA 	Keypress: 2
13.3256 	EXP 	Stim: image = 'TMTstop-B_1_1greenlinestimulus19.png'
13.3256 	EXP 	Stim: autoDraw = False
13.3256 	EXP 	Stim: image = 'TMTstop-B_1_1greenlinestimulus20.png'
13.3256 	EXP 	Stim: autoDraw = True
13.3256 	EXP 	Stim: image = 'TMTstop-B_1_1redlinestimulus19.png'
13.3624 	DATA 	Keypress: 3
13.3662 	EXP 	Stim: image = 'TMTstop-B_1_1redlinestimulus19.png'
13.4037 	EXP 	New trial (rep=0, index=23): {'NumberLetter': 'L', 'corrAns': ['1'], 'StimFile': 'TMTstop-B_1_1linestimulus21.png', 'Correct_StimFile': 'TMTstop-B_1_1greenlinestimulus21.png', 'False_StimFile': 'TMTstop-B_1_1redlinestimulus20.png', 'DurationTrial': None}
13.4745 	DATA 	Keypress: 1
13.4751 	DATA 	Keypress: 2
13.4786 	EXP 	Stim: image = 'TMTstop-B_1_1greenlinestimulus20.png'
13.4786 	EXP 	Stim: autoDraw = False
13.4786 	EXP 	Stim: image = 'TMTstop-B_1_1greenlinestimulus21.png'
13.4786 	EXP 	Stim: autoDraw = True
13.4786 	EXP 	Stim: image = 'TMTstop-B_1_1redlinestimulus20.png'
13.5221 	DATA 	Keypress: 1
13.5257 	EXP 	Stim: image = 'TMTstop-B_1_1redlinestimulus20.png'
13.5636 	EXP 	New trial (rep=0, index=24): {'NumberLetter': 13, 'corrAns': ['2'], 'StimFile': 'TMTstop-B_1_1linestimulus22.png', 'Correct_StimFile': 'TMTstop-B_1_1greenlinestimulus22.png', 'False_StimFile': 'TMTstop-B_1_1redlinestimulus21.png', 'DurationTrial': None}
13.6407 	DATA 	Keypress: 3
13.6420 	DATA 	Keypress: 2
13.6454 	EXP 	Stim: image = 'TMTstop-B_1_1greenlinestimulus21.png'
13.6454 	EXP 	Stim: autoDraw = False
13.6454 	EXP 	Stim: image = 'TMTstop-B_1_1greenlinestimulus22.png'
13.6454 	EXP 	Stim: autoDraw = True
13.6454 	EXP 	Stim: image = 'TMTstop-B_1_1redlinestimulus21.png'
13.6810 	EXP 	New trial (rep=0, index=25): {'NumberLetter': None, 'corrAns': None, 'StimFile': 'TMTstop-B_1_1linestimulus23.png', 'Correct_StimFile': 'TMTstop-B_1_1greenlinestimulus23.png', 'False_StimFile': 'TMTstop-B_1_1redlinestimulus22.png', 'DurationTrial': None}
13.7511 	DATA 	Keypress: 3
13.7513 	DATA 	Keypress: 1
13.7522 	DATA 	Keypress: 2
13.7558 	EXP 	Stim: image = 'TMTstop-B_1_1greenlinestimulus22.png'
13.7558 	EXP 	Stim: autoDraw = False
13.7558 	EXP 	Stim: image = 'TMTstop-B_1_1greenlinestimulus23.png'
13.7558 	EXP 	Stim: autoDraw = True
13.7558 	EXP 	Stim: image = 'TMTstop-B_1_1redlinestimulus22.png'
13.7966 	EXP 	Stim: image = 'TMTstop-B_1_1redlinestimulus22.png'
13.8348 	DATA 	Keypress: 1
13.8384 	EXP 	Stim: image = 'TMTstop-B_1_1redlinestimulus22.png'
13.8764 	DATA 	Keypress: 2
13.8803 	EXP 	Stim: image = 'TMTstop-B_1_1redlinestimulus22.png'
13.9252 	DATA 	Keypress: 3
13.9289 	EXP 	Stim: image = 'TMTstop-B_1_1redlinestimulus22.png'
13.9774 	EXP 	Stim: image = 'TMTstop-B_1_1redlinestimulus22.png'
14.0233 	DATA 	Keypress: 3
14.0236 	DATA 	Keypress: 1
14.0263 	EXP 	Stim: image = 'TMTstop-B_1_1redlinestimulus22.png'
14.0743 	EXP 	Stim: image = 'TMTstop-B_1_1redlinestimulus22.png'
14.1196 	DATA 	Keypress: 2
14.1231 	EXP 	Stim: image = 'TMTstop-B_1_1redlinestimulus22.png'
14.1609 	DATA 	Keypress: 1
14.1646 	EXP 	Stim: image = 'TMTstop-B_1_1redlinestimulus22.png'
14.1761 	EXP 	Stim: autoDraw = False
14.1761 	EXP 	polygon: autoDraw = True
14.2101 	DATA 	Keypress: 3
14.2102 	DATA 	Keypress: 2
14.3079 	DATA 	Keypress: 3
14.3486 	DATA 	Keypress: 1
14.3971 	DATA 	Keypress: 2
14.4681 	DATA 	Keypress: 3
14.9882 	DATA 	Keypress: esc
15.1758 	DATA 	Keypress: esc
15.2054 	EXP 	window1: mouseVisible = True
