1.6728 	WARNING 	We strongly recommend you activate the PTB sound engine in PsychoPy prefs as the preferred audio engine. Its timing is vastly superior. Your prefs are currently set to use ['pyo'] (in that order).
5.3974 	EXP 	Created window1 = Window(allowGUI=True, allowStencil=False, autoLog=True, backendConf=UNKNOWN, bitsMode=UNKNOWN, blendMode='avg', bpc=(8, 8, 8), color=array([0, 0, 0]), colorSpace='rgb', depthBits=8, fullscr=<method-wrapper '__getattribute__' of attributeSetter object at 0x00000190C9198EB8>, gamma=None, gammaErrorPolicy='raise', lms=UNKNOWN, monitor=<psychopy.monitors.calibTools.Monitor object at 0x00000190C91801D0>, multiSample=False, name='window1', numSamples=2, pos=[0.0, 0.0], screen=0, size=array([1920, 1055]), stencilBits=0, stereo=False, units='height', useFBO=True, useRetina=False, viewOri=0.0, viewPos=None, viewScale=None, waitBlanking=True, winType='glfw')
5.3974 	EXP 	window1: mouseVisible = True
5.3975 	EXP 	window1: recordFrameIntervals = False
5.4657 	EXP 	window1: recordFrameIntervals = True
5.5424 	EXP 	window1: recordFrameIntervals = False
5.8349 	EXP 	Created Instruct = ImageStim(__class__=<class 'psychopy.visual.image.ImageStim'>, autoLog=True, color=array([1., 1., 1.]), colorSpace='rgb', contrast=1.0, depth=0.0, flipHoriz=False, flipVert=False, image='InkedInstructBfinal_LI.jpg', interpolate=True, mask=None, maskParams=None, name='Instruct', opacity=1, ori=0.0, pos=array([0., 0.]), size=array([0.8, 0.8]), texRes=128.0, units='height', win=Window(...))
5.9413 	EXP 	Created text_2 = TextStim(__class__=<class 'psychopy.visual.text.TextStim'>, alignHoriz=method-wrapper(...), alignText='center', alignVert=method-wrapper(...), anchorHoriz='center', anchorVert='center', antialias=True, autoLog=True, bold=False, color=array([1., 1., 1.]), colorSpace='rgb', contrast=1.0, depth=-2.0, flipHoriz=False, flipVert=False, font='Open Sans', fontFiles=[], height=0.04, italic=False, languageStyle='LTR', name='text_2', opacity=1, ori=0.5, pos=array([ 0.  , -0.45]), rgb=UNKNOWN, text=str(...), units='height', win=Window(...), wrapWidth=2.0)
5.9443 	EXP 	Created Stim = ImageStim(__class__=<class 'psychopy.visual.image.ImageStim'>, autoLog=True, color=array([1., 1., 1.]), colorSpace='rgb', contrast=1.0, depth=0.0, flipHoriz=False, flipVert=False, image='sin', interpolate=True, mask=None, maskParams=None, name='Stim', opacity=1, ori=0.0, pos=array([0., 0.]), size=array([1.777, 1.   ]), texRes=128.0, units='height', win=Window(...))
5.9468 	EXP 	Created polygon = ShapeStim(__class__=<class 'psychopy.visual.shape.ShapeStim'>, autoDraw=False, autoLog=True, closeShape=True, color=method-wrapper(...), colorSpace='rgb', contrast=None, depth=0.0, fillColor=array([1, 1, 1]), fillColorSpace='rgb', fillRGB=array([1, 1, 1]), interpolate=True, lineColor=array([1., 1., 1.]), lineColorSpace='rgb', lineRGB=array([1, 1, 1]), lineWidth=1.0, name='polygon', opacity=1, ori=0.0, pos=array([0., 0.]), size=array([0.5, 0.5]), units='height', vertices=ndarray(...), win=Window(...), windingRule=None)
5.9641 	EXP 	Created text = TextStim(__class__=<class 'psychopy.visual.text.TextStim'>, alignHoriz=method-wrapper(...), alignText='center', alignVert=method-wrapper(...), anchorHoriz='center', anchorVert='center', antialias=True, autoLog=True, bold=False, color=array([1., 1., 1.]), colorSpace='rgb', contrast=1.0, depth=0.0, flipHoriz=False, flipVert=False, font='Open Sans', fontFiles=[], height=0.1, italic=False, languageStyle='LTR', name='text', opacity=1, ori=0.0, pos=array([0., 0.]), rgb=UNKNOWN, text=str(...), units='height', win=Window(...), wrapWidth=1)
6.0223 	EXP 	Instruct: autoDraw = True
6.0223 	EXP 	text_2: autoDraw = True
6.4915 	DATA 	Keypress: 2
6.5063 	EXP 	Imported TMTstop-B_1_1.xlsx as conditions, 26 conditions, 6 params
6.5066 	EXP 	Created sequence: sequential, trialTypes=26, nReps=1, seed=None
6.5069 	EXP 	New trial (rep=0, index=0): {'NumberLetter': 1, 'corrAns': ['2'], 'StimFile': 'TMTstop-B_1_1.png', 'Correct_StimFile': 'TMTstop-B_1_1.png', 'False_StimFile': 'TMTstop-B_1_1.png', 'DurationTrial': 10}
6.5988 	EXP 	Instruct: autoDraw = False
6.5988 	EXP 	text_2: autoDraw = False
6.5988 	EXP 	Stim: image = 'TMTstop-B_1_1.png'
6.5988 	EXP 	Stim: image = 'TMTstop-B_1_1.png'
6.5988 	EXP 	Stim: autoDraw = True
6.6718 	DATA 	Keypress: 2
7.1376 	EXP 	New trial (rep=0, index=1): {'NumberLetter': 'A', 'corrAns': ['1'], 'StimFile': 'TMTstop-B_1_1.png', 'Correct_StimFile': 'TMTstop-B_1_1firstgreen.png', 'False_StimFile': 'TMTstop-B_1_1firstred.png', 'DurationTrial': 10}
7.2046 	EXP 	New trial (rep=0, index=2): {'NumberLetter': 2, 'corrAns': ['3'], 'StimFile': 'TMTstop-B_1_1linestimulus0.png', 'Correct_StimFile': 'TMTstop-B_1_1greenlinestimulus0.png', 'False_StimFile': 'TMTstop-B_1_1redlinestimulus0.png', 'DurationTrial': 10}
7.2892 	DATA 	Keypress: 2
7.2941 	EXP 	Stim: autoDraw = False
7.2941 	EXP 	Stim: image = 'TMTstop-B_1_1firstgreen.png'
7.2941 	EXP 	Stim: image = 'TMTstop-B_1_1firstgreen.png'
7.2941 	EXP 	Stim: autoDraw = True
7.2941 	EXP 	Stim: autoDraw = False
7.2941 	EXP 	Stim: image = 'TMTstop-B_1_1greenlinestimulus0.png'
7.2941 	EXP 	Stim: image = 'TMTstop-B_1_1redlinestimulus0.png'
7.2941 	EXP 	Stim: autoDraw = True
7.3456 	DATA 	Keypress: 2
7.7062 	DATA 	Keypress: 2
7.9424 	DATA 	Keypress: 2
8.0882 	DATA 	Keypress: 3
8.2754 	DATA 	Keypress: 1
8.3314 	DATA 	Keypress: 3
8.3729 	DATA 	Keypress: 2
8.4839 	DATA 	Keypress: 3
8.5123 	DATA 	Keypress: 1
8.5745 	DATA 	Keypress: 2
8.6434 	DATA 	Keypress: 1
8.6998 	DATA 	Keypress: 3
8.7270 	DATA 	Keypress: 2
8.8588 	DATA 	Keypress: 1
8.8593 	DATA 	Keypress: 3
8.9284 	DATA 	Keypress: 2
9.0116 	DATA 	Keypress: 3
9.2684 	DATA 	Keypress: esc
9.4768 	EXP 	window1: mouseVisible = True
