2.8817 	WARNING 	We strongly recommend you activate the PTB sound engine in PsychoPy prefs as the preferred audio engine. Its timing is vastly superior. Your prefs are currently set to use ['pyo'] (in that order).
9.8824 	WARNING 	Couldn't measure a consistent frame rate.
  - Is your graphics card set to sync to vertical blank?
  - Are you running other processes on your computer?

9.8828 	EXP 	Created window1 = Window(allowGUI=True, allowStencil=False, autoLog=True, backendConf=UNKNOWN, bitsMode=UNKNOWN, blendMode='avg', bpc=(8, 8, 8), color=array([0, 0, 0]), colorSpace='rgb', depthBits=8, fullscr=<method-wrapper '__getattribute__' of attributeSetter object at 0x0000028659466940>, gamma=None, gammaErrorPolicy='raise', lms=UNKNOWN, monitor=<psychopy.monitors.calibTools.Monitor object at 0x000002865944AC18>, multiSample=False, name='window1', numSamples=2, pos=[0.0, 0.0], screen=0, size=array([1920, 1055]), stencilBits=0, stereo=False, units='height', useFBO=True, useRetina=False, viewOri=0.0, viewPos=None, viewScale=None, waitBlanking=True, winType='glfw')
9.8828 	EXP 	window1: mouseVisible = True
9.8829 	EXP 	window1: recordFrameIntervals = False
10.0220 	EXP 	window1: recordFrameIntervals = True
10.2852 	WARNING 	t of last frame was 21.37ms (=1/46)
10.4691 	WARNING 	t of last frame was 24.18ms (=1/41)
10.7121 	WARNING 	t of last frame was 21.70ms (=1/46)
11.4450 	WARNING 	Couldn't measure a consistent frame rate.
  - Is your graphics card set to sync to vertical blank?
  - Are you running other processes on your computer?

11.8221 	EXP 	Created Instruct = ImageStim(__class__=<class 'psychopy.visual.image.ImageStim'>, autoLog=True, color=array([1., 1., 1.]), colorSpace='rgb', contrast=1.0, depth=0.0, flipHoriz=False, flipVert=False, image='InkedInstructBfinal_LI.jpg', interpolate=True, mask=None, maskParams=None, name='Instruct', opacity=1, ori=0.0, pos=array([0., 0.]), size=array([0.8, 0.8]), texRes=128.0, units='height', win=Window(...))
11.9772 	EXP 	Created text_2 = TextStim(__class__=<class 'psychopy.visual.text.TextStim'>, alignHoriz=method-wrapper(...), alignText='center', alignVert=method-wrapper(...), anchorHoriz='center', anchorVert='center', antialias=True, autoLog=True, bold=False, color=array([1., 1., 1.]), colorSpace='rgb', contrast=1.0, depth=-2.0, flipHoriz=False, flipVert=False, font='Open Sans', fontFiles=[], height=0.04, italic=False, languageStyle='LTR', name='text_2', opacity=1, ori=0.5, pos=array([ 0.  , -0.45]), rgb=UNKNOWN, text=str(...), units='height', win=Window(...), wrapWidth=2.0)
11.9818 	EXP 	Created Stim = ImageStim(__class__=<class 'psychopy.visual.image.ImageStim'>, autoLog=True, color=array([1., 1., 1.]), colorSpace='rgb', contrast=1.0, depth=0.0, flipHoriz=False, flipVert=False, image='sin', interpolate=True, mask=None, maskParams=None, name='Stim', opacity=1, ori=0.0, pos=array([0., 0.]), size=array([1.777, 1.   ]), texRes=128.0, units='height', win=Window(...))
11.9853 	EXP 	Created polygon = ShapeStim(__class__=<class 'psychopy.visual.shape.ShapeStim'>, autoDraw=False, autoLog=True, closeShape=True, color=method-wrapper(...), colorSpace='rgb', contrast=None, depth=0.0, fillColor=array([1, 1, 1]), fillColorSpace='rgb', fillRGB=array([1, 1, 1]), interpolate=True, lineColor=array([1., 1., 1.]), lineColorSpace='rgb', lineRGB=array([1, 1, 1]), lineWidth=1.0, name='polygon', opacity=1, ori=0.0, pos=array([0., 0.]), size=array([0.5, 0.5]), units='height', vertices=ndarray(...), win=Window(...), windingRule=None)
11.9911 	EXP 	Created Stim = ImageStim(__class__=<class 'psychopy.visual.image.ImageStim'>, autoLog=True, color=array([1., 1., 1.]), colorSpace='rgb', contrast=1.0, depth=0.0, flipHoriz=False, flipVert=False, image='sin', interpolate=True, mask=None, maskParams=None, name='Stim', opacity=1, ori=0.0, pos=array([0., 0.]), size=array([1.777, 1.   ]), texRes=128.0, units='height', win=Window(...))
11.9935 	EXP 	Created polygon = ShapeStim(__class__=<class 'psychopy.visual.shape.ShapeStim'>, autoDraw=False, autoLog=True, closeShape=True, color=method-wrapper(...), colorSpace='rgb', contrast=None, depth=0.0, fillColor=array([1, 1, 1]), fillColorSpace='rgb', fillRGB=array([1, 1, 1]), interpolate=True, lineColor=array([1., 1., 1.]), lineColorSpace='rgb', lineRGB=array([1, 1, 1]), lineWidth=1.0, name='polygon', opacity=1, ori=0.0, pos=array([0., 0.]), size=array([0.5, 0.5]), units='height', vertices=ndarray(...), win=Window(...), windingRule=None)
11.9974 	EXP 	Created Stim = ImageStim(__class__=<class 'psychopy.visual.image.ImageStim'>, autoLog=True, color=array([1., 1., 1.]), colorSpace='rgb', contrast=1.0, depth=0.0, flipHoriz=False, flipVert=False, image='sin', interpolate=True, mask=None, maskParams=None, name='Stim', opacity=1, ori=0.0, pos=array([0., 0.]), size=array([1.777, 1.   ]), texRes=128.0, units='height', win=Window(...))
12.0208 	EXP 	Created text = TextStim(__class__=<class 'psychopy.visual.text.TextStim'>, alignHoriz=method-wrapper(...), alignText='center', alignVert=method-wrapper(...), anchorHoriz='center', anchorVert='center', antialias=True, autoLog=True, bold=False, color=array([1., 1., 1.]), colorSpace='rgb', contrast=1.0, depth=0.0, flipHoriz=False, flipVert=False, font='Open Sans', fontFiles=[], height=0.1, italic=False, languageStyle='LTR', name='text', opacity=1, ori=0.0, pos=array([0., 0.]), rgb=UNKNOWN, text=str(...), units='height', win=Window(...), wrapWidth=1)
12.0960 	WARNING 	t of last frame was 651.17ms (=1/1)
12.0960 	EXP 	Instruct: autoDraw = True
12.0960 	EXP 	text_2: autoDraw = True
12.1451 	WARNING 	Multiple dropped frames have occurred - I'll stop bothering you about them!
13.7669 	DATA 	Keypress: 1
13.7905 	EXP 	Imported TMTstop-control_1_1.xlsx as conditions, 26 conditions, 6 params
13.7910 	EXP 	Created sequence: sequential, trialTypes=26, nReps=1, seed=None
13.7913 	EXP 	New trial (rep=0, index=0): {'NumberLetter': 1, 'corrAns': ['2'], 'StimFile': 'TMTstop-control_1_1.png', 'Correct_StimFile': 'TMTstop-control_1_1.png', 'False_StimFile': 'TMTstop-control_1_1.png', 'DurationTrial': 10}
13.7915 	WARNING 	Requested image 'TMTstop-control_1_1.png' not found but similar filename 'TMTstop-control_1_1.jpg' exists. This will be used instead but changing the filename is advised.
13.8576 	EXP 	Instruct: autoDraw = False
13.8576 	EXP 	text_2: autoDraw = False
13.8576 	EXP 	Stim: image = 'TMTstop-control_1_1.png'
13.8576 	EXP 	Stim: autoDraw = True
13.9485 	DATA 	Keypress: 1
19.1064 	DATA 	Keypress: 2
19.1158 	EXP 	New trial (rep=0, index=1): {'NumberLetter': 2, 'corrAns': ['1'], 'StimFile': 'TMTstop-control_1_1.png', 'Correct_StimFile': 'TMTstop-control_1_1firstgreen.png', 'False_StimFile': 'TMTstop-control_1_1firstred.png', 'DurationTrial': 10}
19.2111 	EXP 	Stim: autoDraw = False
19.2111 	EXP 	Stim: image = 'TMTstop-control_1_1firstgreen.png'
19.2111 	EXP 	Stim: image = 'TMTstop-control_1_1firstgreen.png'
19.2111 	EXP 	Stim: autoDraw = True
19.2888 	DATA 	Keypress: 2
20.0174 	DATA 	Keypress: 1
20.0276 	EXP 	New trial (rep=0, index=2): {'NumberLetter': 3, 'corrAns': ['2'], 'StimFile': 'TMTstop-control_1_1linestimulus0.png', 'Correct_StimFile': 'TMTstop-control_1_1greenlinestimulus0.png', 'False_StimFile': 'TMTstop-control_1_1redlinestimulus0.png', 'DurationTrial': 10}
20.1334 	EXP 	Stim: autoDraw = False
20.1334 	EXP 	Stim: image = 'TMTstop-control_1_1greenlinestimulus0.png'
20.1334 	EXP 	Stim: image = 'TMTstop-control_1_1greenlinestimulus0.png'
20.1334 	EXP 	Stim: autoDraw = True
20.2141 	DATA 	Keypress: 1
20.8995 	DATA 	Keypress: 2
20.9069 	EXP 	New trial (rep=0, index=3): {'NumberLetter': 4, 'corrAns': ['3'], 'StimFile': 'TMTstop-control_1_1linestimulus1.png', 'Correct_StimFile': 'TMTstop-control_1_1greenlinestimulus1.png', 'False_StimFile': 'TMTstop-control_1_1redlinestimulus1.png', 'DurationTrial': 10}
20.9980 	EXP 	Stim: autoDraw = False
20.9980 	EXP 	Stim: image = 'TMTstop-control_1_1greenlinestimulus1.png'
20.9980 	EXP 	Stim: image = 'TMTstop-control_1_1greenlinestimulus1.png'
20.9980 	EXP 	Stim: autoDraw = True
21.0521 	DATA 	Keypress: 2
21.5454 	DATA 	Keypress: 3
21.5553 	EXP 	New trial (rep=0, index=4): {'NumberLetter': 5, 'corrAns': ['2'], 'StimFile': 'TMTstop-control_1_1linestimulus2.png', 'Correct_StimFile': 'TMTstop-control_1_1greenlinestimulus2.png', 'False_StimFile': 'TMTstop-control_1_1redlinestimulus2.png', 'DurationTrial': 10}
21.6523 	EXP 	Stim: autoDraw = False
21.6523 	EXP 	Stim: image = 'TMTstop-control_1_1greenlinestimulus2.png'
21.6523 	EXP 	Stim: image = 'TMTstop-control_1_1greenlinestimulus2.png'
21.6523 	EXP 	Stim: autoDraw = True
21.7251 	DATA 	Keypress: 3
21.9616 	DATA 	Keypress: 2
21.9711 	EXP 	New trial (rep=0, index=5): {'NumberLetter': 6, 'corrAns': ['1'], 'StimFile': 'TMTstop-control_1_1linestimulus3.png', 'Correct_StimFile': 'TMTstop-control_1_1greenlinestimulus3.png', 'False_StimFile': 'TMTstop-control_1_1redlinestimulus3.png', 'DurationTrial': 10}
22.0727 	EXP 	Stim: autoDraw = False
22.0727 	EXP 	Stim: image = 'TMTstop-control_1_1greenlinestimulus3.png'
22.0727 	EXP 	Stim: image = 'TMTstop-control_1_1greenlinestimulus3.png'
22.0727 	EXP 	Stim: autoDraw = True
22.1407 	DATA 	Keypress: 2
22.3741 	DATA 	Keypress: 1
22.3841 	EXP 	New trial (rep=0, index=6): {'NumberLetter': 7, 'corrAns': ['3'], 'StimFile': 'TMTstop-control_1_1linestimulus4.png', 'Correct_StimFile': 'TMTstop-control_1_1greenlinestimulus4.png', 'False_StimFile': 'TMTstop-control_1_1redlinestimulus4.png', 'DurationTrial': 10}
22.4778 	EXP 	Stim: autoDraw = False
22.4778 	EXP 	Stim: image = 'TMTstop-control_1_1greenlinestimulus4.png'
22.4778 	EXP 	Stim: image = 'TMTstop-control_1_1greenlinestimulus4.png'
22.4778 	EXP 	Stim: autoDraw = True
22.5385 	DATA 	Keypress: 1
22.7351 	DATA 	Keypress: 3
22.7431 	EXP 	New trial (rep=0, index=7): {'NumberLetter': 8, 'corrAns': ['2'], 'StimFile': 'TMTstop-control_1_1linestimulus4.png', 'Correct_StimFile': 'TMTstop-control_1_1greenlinestimulus5.png', 'False_StimFile': 'TMTstop-control_1_1redlinestimulus5.png', 'DurationTrial': 10}
22.8319 	EXP 	Stim: autoDraw = False
22.8319 	EXP 	Stim: image = 'TMTstop-control_1_1greenlinestimulus5.png'
22.8319 	EXP 	Stim: image = 'TMTstop-control_1_1greenlinestimulus5.png'
22.8319 	EXP 	Stim: autoDraw = True
22.8955 	DATA 	Keypress: 3
23.0717 	DATA 	Keypress: 2
23.0807 	EXP 	New trial (rep=0, index=8): {'NumberLetter': 9, 'corrAns': ['3'], 'StimFile': 'TMTstop-control_1_1linestimulus6.png', 'Correct_StimFile': 'TMTstop-control_1_1greenlinestimulus6.png', 'False_StimFile': 'TMTstop-control_1_1redlinestimulus6.png', 'DurationTrial': 10}
23.1742 	EXP 	Stim: autoDraw = False
23.1742 	EXP 	Stim: image = 'TMTstop-control_1_1greenlinestimulus6.png'
23.1742 	EXP 	Stim: image = 'TMTstop-control_1_1greenlinestimulus6.png'
23.1742 	EXP 	Stim: autoDraw = True
23.2470 	DATA 	Keypress: 2
23.4319 	DATA 	Keypress: 3
23.4404 	EXP 	New trial (rep=0, index=9): {'NumberLetter': 10, 'corrAns': ['2'], 'StimFile': 'TMTstop-control_1_1linestimulus7.png', 'Correct_StimFile': 'TMTstop-control_1_1greenlinestimulus7.png', 'False_StimFile': 'TMTstop-control_1_1redlinestimulus7.png', 'DurationTrial': 10}
23.5491 	EXP 	Stim: autoDraw = False
23.5491 	EXP 	Stim: image = 'TMTstop-control_1_1greenlinestimulus7.png'
23.5491 	EXP 	Stim: image = 'TMTstop-control_1_1greenlinestimulus7.png'
23.5491 	EXP 	Stim: autoDraw = True
23.5998 	DATA 	Keypress: 3
23.7888 	EXP 	New trial (rep=0, index=10): {'NumberLetter': 11, 'corrAns': ['3'], 'StimFile': 'TMTstop-control_1_1linestimulus8.png', 'Correct_StimFile': 'TMTstop-control_1_1greenlinestimulus8.png', 'False_StimFile': 'TMTstop-control_1_1redlinestimulus8.png', 'DurationTrial': 10}
23.8753 	DATA 	Keypress: 2
23.8795 	EXP 	Stim: autoDraw = False
23.8795 	EXP 	Stim: image = 'TMTstop-control_1_1greenlinestimulus8.png'
23.8795 	EXP 	Stim: image = 'TMTstop-control_1_1greenlinestimulus8.png'
23.8795 	EXP 	Stim: autoDraw = True
23.9545 	DATA 	Keypress: 2
24.4009 	EXP 	New trial (rep=0, index=11): {'NumberLetter': 12, 'corrAns': ['1'], 'StimFile': 'TMTstop-control_1_1linestimulus9.png', 'Correct_StimFile': 'TMTstop-control_1_1greenlinestimulus9.png', 'False_StimFile': 'TMTstop-control_1_1redlinestimulus9.png', 'DurationTrial': 10}
24.4880 	DATA 	Keypress: 3
24.4942 	EXP 	Stim: autoDraw = False
24.4942 	EXP 	Stim: image = 'TMTstop-control_1_1greenlinestimulus9.png'
24.4942 	EXP 	Stim: image = 'TMTstop-control_1_1greenlinestimulus9.png'
24.4942 	EXP 	Stim: autoDraw = True
24.5796 	DATA 	Keypress: 3
24.7394 	DATA 	Keypress: 2
24.7988 	EXP 	Stim: image = 'TMTstop-control_1_1redlinestimulus9.png'
24.8635 	DATA 	Keypress: 2
24.8677 	EXP 	Stim: image = 'TMTstop-control_1_1redlinestimulus9.png'
24.9148 	EXP 	Stim: image = 'TMTstop-control_1_1redlinestimulus9.png'
24.9821 	EXP 	Stim: image = 'TMTstop-control_1_1redlinestimulus9.png'
25.0399 	EXP 	Stim: image = 'TMTstop-control_1_1redlinestimulus9.png'
25.1034 	EXP 	Stim: image = 'TMTstop-control_1_1redlinestimulus9.png'
25.1577 	EXP 	Stim: image = 'TMTstop-control_1_1redlinestimulus9.png'
25.2227 	EXP 	Stim: image = 'TMTstop-control_1_1redlinestimulus9.png'
25.2823 	EXP 	Stim: image = 'TMTstop-control_1_1redlinestimulus9.png'
25.3462 	EXP 	Stim: image = 'TMTstop-control_1_1redlinestimulus9.png'
25.4102 	EXP 	Stim: image = 'TMTstop-control_1_1redlinestimulus9.png'
25.4699 	EXP 	Stim: image = 'TMTstop-control_1_1redlinestimulus9.png'
25.5251 	EXP 	Stim: image = 'TMTstop-control_1_1redlinestimulus9.png'
25.5819 	EXP 	Stim: image = 'TMTstop-control_1_1redlinestimulus9.png'
25.6443 	EXP 	Stim: image = 'TMTstop-control_1_1redlinestimulus9.png'
25.7092 	EXP 	Stim: image = 'TMTstop-control_1_1redlinestimulus9.png'
25.7633 	EXP 	Stim: image = 'TMTstop-control_1_1redlinestimulus9.png'
25.8283 	EXP 	Stim: image = 'TMTstop-control_1_1redlinestimulus9.png'
25.8821 	EXP 	Stim: image = 'TMTstop-control_1_1redlinestimulus9.png'
25.9514 	EXP 	Stim: image = 'TMTstop-control_1_1redlinestimulus9.png'
26.0143 	EXP 	Stim: image = 'TMTstop-control_1_1redlinestimulus9.png'
26.0734 	EXP 	Stim: image = 'TMTstop-control_1_1redlinestimulus9.png'
26.1321 	EXP 	Stim: image = 'TMTstop-control_1_1redlinestimulus9.png'
26.1883 	EXP 	Stim: image = 'TMTstop-control_1_1redlinestimulus9.png'
26.2499 	EXP 	Stim: image = 'TMTstop-control_1_1redlinestimulus9.png'
26.3115 	EXP 	Stim: image = 'TMTstop-control_1_1redlinestimulus9.png'
26.3789 	EXP 	Stim: image = 'TMTstop-control_1_1redlinestimulus9.png'
26.4318 	EXP 	Stim: image = 'TMTstop-control_1_1redlinestimulus9.png'
26.4833 	EXP 	Stim: image = 'TMTstop-control_1_1redlinestimulus9.png'
26.5405 	EXP 	Stim: image = 'TMTstop-control_1_1redlinestimulus9.png'
26.5951 	EXP 	Stim: image = 'TMTstop-control_1_1redlinestimulus9.png'
26.6461 	EXP 	Stim: image = 'TMTstop-control_1_1redlinestimulus9.png'
26.7066 	EXP 	Stim: image = 'TMTstop-control_1_1redlinestimulus9.png'
26.7709 	EXP 	Stim: image = 'TMTstop-control_1_1redlinestimulus9.png'
26.8322 	EXP 	Stim: image = 'TMTstop-control_1_1redlinestimulus9.png'
26.8887 	EXP 	Stim: image = 'TMTstop-control_1_1redlinestimulus9.png'
26.9525 	EXP 	Stim: image = 'TMTstop-control_1_1redlinestimulus9.png'
27.0121 	EXP 	Stim: image = 'TMTstop-control_1_1redlinestimulus9.png'
27.0743 	EXP 	Stim: image = 'TMTstop-control_1_1redlinestimulus9.png'
27.1376 	EXP 	Stim: image = 'TMTstop-control_1_1redlinestimulus9.png'
27.1923 	EXP 	Stim: image = 'TMTstop-control_1_1redlinestimulus9.png'
27.2516 	EXP 	Stim: image = 'TMTstop-control_1_1redlinestimulus9.png'
27.3137 	EXP 	Stim: image = 'TMTstop-control_1_1redlinestimulus9.png'
27.3808 	EXP 	Stim: image = 'TMTstop-control_1_1redlinestimulus9.png'
27.4425 	EXP 	Stim: image = 'TMTstop-control_1_1redlinestimulus9.png'
27.4960 	EXP 	Stim: image = 'TMTstop-control_1_1redlinestimulus9.png'
27.5569 	EXP 	Stim: image = 'TMTstop-control_1_1redlinestimulus9.png'
27.6175 	EXP 	Stim: image = 'TMTstop-control_1_1redlinestimulus9.png'
27.6712 	EXP 	Stim: image = 'TMTstop-control_1_1redlinestimulus9.png'
27.7306 	EXP 	Stim: image = 'TMTstop-control_1_1redlinestimulus9.png'
27.7946 	EXP 	Stim: image = 'TMTstop-control_1_1redlinestimulus9.png'
27.8450 	EXP 	Stim: image = 'TMTstop-control_1_1redlinestimulus9.png'
27.9078 	EXP 	Stim: image = 'TMTstop-control_1_1redlinestimulus9.png'
27.9700 	EXP 	Stim: image = 'TMTstop-control_1_1redlinestimulus9.png'
28.0354 	EXP 	Stim: image = 'TMTstop-control_1_1redlinestimulus9.png'
28.0886 	EXP 	Stim: image = 'TMTstop-control_1_1redlinestimulus9.png'
28.1444 	EXP 	Stim: image = 'TMTstop-control_1_1redlinestimulus9.png'
28.2076 	EXP 	Stim: image = 'TMTstop-control_1_1redlinestimulus9.png'
28.2761 	EXP 	Stim: image = 'TMTstop-control_1_1redlinestimulus9.png'
28.3314 	EXP 	Stim: image = 'TMTstop-control_1_1redlinestimulus9.png'
28.3938 	EXP 	Stim: image = 'TMTstop-control_1_1redlinestimulus9.png'
28.4527 	EXP 	Stim: image = 'TMTstop-control_1_1redlinestimulus9.png'
28.5065 	EXP 	Stim: image = 'TMTstop-control_1_1redlinestimulus9.png'
28.5603 	EXP 	Stim: image = 'TMTstop-control_1_1redlinestimulus9.png'
28.6176 	EXP 	Stim: image = 'TMTstop-control_1_1redlinestimulus9.png'
28.6719 	EXP 	Stim: image = 'TMTstop-control_1_1redlinestimulus9.png'
28.7355 	EXP 	Stim: image = 'TMTstop-control_1_1redlinestimulus9.png'
28.8059 	EXP 	Stim: image = 'TMTstop-control_1_1redlinestimulus9.png'
28.8930 	EXP 	Stim: image = 'TMTstop-control_1_1redlinestimulus9.png'
28.9580 	EXP 	Stim: image = 'TMTstop-control_1_1redlinestimulus9.png'
29.0286 	EXP 	Stim: image = 'TMTstop-control_1_1redlinestimulus9.png'
29.1025 	EXP 	Stim: image = 'TMTstop-control_1_1redlinestimulus9.png'
29.1768 	EXP 	Stim: image = 'TMTstop-control_1_1redlinestimulus9.png'
29.2498 	EXP 	Stim: image = 'TMTstop-control_1_1redlinestimulus9.png'
29.3262 	EXP 	Stim: image = 'TMTstop-control_1_1redlinestimulus9.png'
29.3962 	EXP 	Stim: image = 'TMTstop-control_1_1redlinestimulus9.png'
29.4750 	EXP 	Stim: image = 'TMTstop-control_1_1redlinestimulus9.png'
29.5422 	EXP 	Stim: image = 'TMTstop-control_1_1redlinestimulus9.png'
29.6063 	EXP 	Stim: image = 'TMTstop-control_1_1redlinestimulus9.png'
29.6718 	EXP 	Stim: image = 'TMTstop-control_1_1redlinestimulus9.png'
29.7267 	EXP 	Stim: image = 'TMTstop-control_1_1redlinestimulus9.png'
29.7895 	EXP 	Stim: image = 'TMTstop-control_1_1redlinestimulus9.png'
29.8445 	EXP 	Stim: image = 'TMTstop-control_1_1redlinestimulus9.png'
29.9005 	EXP 	Stim: image = 'TMTstop-control_1_1redlinestimulus9.png'
29.9654 	EXP 	Stim: image = 'TMTstop-control_1_1redlinestimulus9.png'
30.0255 	EXP 	Stim: image = 'TMTstop-control_1_1redlinestimulus9.png'
30.0836 	EXP 	Stim: image = 'TMTstop-control_1_1redlinestimulus9.png'
30.1434 	EXP 	Stim: image = 'TMTstop-control_1_1redlinestimulus9.png'
30.2115 	EXP 	Stim: image = 'TMTstop-control_1_1redlinestimulus9.png'
30.2690 	EXP 	Stim: image = 'TMTstop-control_1_1redlinestimulus9.png'
30.3350 	EXP 	Stim: image = 'TMTstop-control_1_1redlinestimulus9.png'
30.4005 	EXP 	Stim: image = 'TMTstop-control_1_1redlinestimulus9.png'
30.4559 	EXP 	Stim: image = 'TMTstop-control_1_1redlinestimulus9.png'
30.5118 	EXP 	Stim: image = 'TMTstop-control_1_1redlinestimulus9.png'
30.5689 	EXP 	Stim: image = 'TMTstop-control_1_1redlinestimulus9.png'
30.6317 	EXP 	Stim: image = 'TMTstop-control_1_1redlinestimulus9.png'
30.6782 	EXP 	Stim: image = 'TMTstop-control_1_1redlinestimulus9.png'
30.7353 	EXP 	Stim: image = 'TMTstop-control_1_1redlinestimulus9.png'
30.7971 	EXP 	Stim: image = 'TMTstop-control_1_1redlinestimulus9.png'
30.8599 	EXP 	Stim: image = 'TMTstop-control_1_1redlinestimulus9.png'
30.9152 	EXP 	Stim: image = 'TMTstop-control_1_1redlinestimulus9.png'
30.9710 	EXP 	Stim: image = 'TMTstop-control_1_1redlinestimulus9.png'
31.0432 	EXP 	Stim: image = 'TMTstop-control_1_1redlinestimulus9.png'
31.1022 	EXP 	Stim: image = 'TMTstop-control_1_1redlinestimulus9.png'
31.1646 	EXP 	Stim: image = 'TMTstop-control_1_1redlinestimulus9.png'
31.2215 	EXP 	Stim: image = 'TMTstop-control_1_1redlinestimulus9.png'
31.2786 	EXP 	Stim: image = 'TMTstop-control_1_1redlinestimulus9.png'
31.3402 	EXP 	Stim: image = 'TMTstop-control_1_1redlinestimulus9.png'
31.4057 	EXP 	Stim: image = 'TMTstop-control_1_1redlinestimulus9.png'
31.4641 	EXP 	Stim: image = 'TMTstop-control_1_1redlinestimulus9.png'
31.5121 	EXP 	Stim: image = 'TMTstop-control_1_1redlinestimulus9.png'
31.5683 	EXP 	Stim: image = 'TMTstop-control_1_1redlinestimulus9.png'
31.6390 	EXP 	Stim: image = 'TMTstop-control_1_1redlinestimulus9.png'
31.6936 	EXP 	Stim: image = 'TMTstop-control_1_1redlinestimulus9.png'
31.7490 	EXP 	Stim: image = 'TMTstop-control_1_1redlinestimulus9.png'
31.8091 	EXP 	Stim: image = 'TMTstop-control_1_1redlinestimulus9.png'
31.8762 	EXP 	Stim: image = 'TMTstop-control_1_1redlinestimulus9.png'
31.9346 	EXP 	Stim: image = 'TMTstop-control_1_1redlinestimulus9.png'
31.9920 	EXP 	Stim: image = 'TMTstop-control_1_1redlinestimulus9.png'
32.0468 	EXP 	Stim: image = 'TMTstop-control_1_1redlinestimulus9.png'
32.1035 	EXP 	Stim: image = 'TMTstop-control_1_1redlinestimulus9.png'
32.1590 	EXP 	Stim: image = 'TMTstop-control_1_1redlinestimulus9.png'
32.2127 	EXP 	Stim: image = 'TMTstop-control_1_1redlinestimulus9.png'
32.2703 	EXP 	Stim: image = 'TMTstop-control_1_1redlinestimulus9.png'
32.3363 	EXP 	Stim: image = 'TMTstop-control_1_1redlinestimulus9.png'
32.3938 	EXP 	Stim: image = 'TMTstop-control_1_1redlinestimulus9.png'
32.4509 	EXP 	Stim: image = 'TMTstop-control_1_1redlinestimulus9.png'
32.5093 	EXP 	Stim: image = 'TMTstop-control_1_1redlinestimulus9.png'
32.5692 	EXP 	Stim: image = 'TMTstop-control_1_1redlinestimulus9.png'
32.6229 	EXP 	Stim: image = 'TMTstop-control_1_1redlinestimulus9.png'
32.6856 	EXP 	Stim: image = 'TMTstop-control_1_1redlinestimulus9.png'
32.7404 	EXP 	Stim: image = 'TMTstop-control_1_1redlinestimulus9.png'
32.7965 	EXP 	Stim: image = 'TMTstop-control_1_1redlinestimulus9.png'
32.8534 	EXP 	Stim: image = 'TMTstop-control_1_1redlinestimulus9.png'
32.9097 	EXP 	Stim: image = 'TMTstop-control_1_1redlinestimulus9.png'
32.9625 	EXP 	Stim: image = 'TMTstop-control_1_1redlinestimulus9.png'
33.0251 	EXP 	Stim: image = 'TMTstop-control_1_1redlinestimulus9.png'
33.0807 	EXP 	Stim: image = 'TMTstop-control_1_1redlinestimulus9.png'
33.1387 	EXP 	Stim: image = 'TMTstop-control_1_1redlinestimulus9.png'
33.1921 	EXP 	Stim: image = 'TMTstop-control_1_1redlinestimulus9.png'
33.2495 	EXP 	Stim: image = 'TMTstop-control_1_1redlinestimulus9.png'
33.3044 	EXP 	Stim: image = 'TMTstop-control_1_1redlinestimulus9.png'
33.3716 	EXP 	Stim: image = 'TMTstop-control_1_1redlinestimulus9.png'
33.4285 	EXP 	Stim: image = 'TMTstop-control_1_1redlinestimulus9.png'
33.5023 	DATA 	Keypress: 1
33.5069 	EXP 	Stim: image = 'TMTstop-control_1_1redlinestimulus9.png'
33.5110 	EXP 	New trial (rep=0, index=12): {'NumberLetter': 13, 'corrAns': ['3'], 'StimFile': 'TMTstop-control_1_1linestimulus10.png', 'Correct_StimFile': 'TMTstop-control_1_1greenlinestimulus10.png', 'False_StimFile': 'TMTstop-control_1_1redlinestimulus10.png', 'DurationTrial': 1}
33.6196 	EXP 	Stim: autoDraw = False
33.6196 	EXP 	Stim: image = 'TMTstop-control_1_1greenlinestimulus10.png'
33.6196 	EXP 	Stim: image = 'TMTstop-control_1_1greenlinestimulus10.png'
33.6196 	EXP 	Stim: autoDraw = True
33.6840 	DATA 	Keypress: 1
33.8764 	EXP 	New trial (rep=0, index=13): {'NumberLetter': 14, 'corrAns': ['1'], 'StimFile': 'TMTstop-control_1_1linestimulus11.png', 'Correct_StimFile': 'TMTstop-control_1_1greenlinestimulus11.png', 'False_StimFile': 'TMTstop-control_1_1redlinestimulus11.png', 'DurationTrial': None}
33.9737 	DATA 	Keypress: 3
33.9789 	EXP 	Stim: autoDraw = False
33.9789 	EXP 	Stim: image = 'TMTstop-control_1_1greenlinestimulus11.png'
33.9789 	EXP 	Stim: image = 'TMTstop-control_1_1greenlinestimulus11.png'
33.9789 	EXP 	Stim: autoDraw = True
34.0721 	DATA 	Keypress: 3
34.2178 	DATA 	Keypress: 1
34.2266 	EXP 	New trial (rep=0, index=14): {'NumberLetter': 15, 'corrAns': ['3'], 'StimFile': 'TMTstop-control_1_1linestimulus12.png', 'Correct_StimFile': 'TMTstop-control_1_1greenlinestimulus12.png', 'False_StimFile': 'TMTstop-control_1_1redlinestimulus12.png', 'DurationTrial': None}
34.3277 	EXP 	Stim: autoDraw = False
34.3277 	EXP 	Stim: image = 'TMTstop-control_1_1greenlinestimulus12.png'
34.3277 	EXP 	Stim: image = 'TMTstop-control_1_1greenlinestimulus12.png'
34.3277 	EXP 	Stim: autoDraw = True
34.4068 	DATA 	Keypress: 1
34.5332 	EXP 	New trial (rep=0, index=15): {'NumberLetter': 16, 'corrAns': ['1'], 'StimFile': 'TMTstop-control_1_1linestimulus13.png', 'Correct_StimFile': 'TMTstop-control_1_1greenlinestimulus13.png', 'False_StimFile': 'TMTstop-control_1_1redlinestimulus13.png', 'DurationTrial': None}
34.6393 	DATA 	Keypress: 3
34.6459 	EXP 	Stim: autoDraw = False
34.6459 	EXP 	Stim: image = 'TMTstop-control_1_1greenlinestimulus13.png'
34.6459 	EXP 	Stim: image = 'TMTstop-control_1_1greenlinestimulus13.png'
34.6459 	EXP 	Stim: autoDraw = True
34.7158 	DATA 	Keypress: 3
34.8080 	DATA 	Keypress: 1
34.8196 	EXP 	New trial (rep=0, index=16): {'NumberLetter': 17, 'corrAns': ['2'], 'StimFile': 'TMTstop-control_1_1linestimulus14.png', 'Correct_StimFile': 'TMTstop-control_1_1greenlinestimulus14.png', 'False_StimFile': 'TMTstop-control_1_1redlinestimulus14.png', 'DurationTrial': None}
34.9148 	EXP 	Stim: autoDraw = False
34.9148 	EXP 	Stim: image = 'TMTstop-control_1_1greenlinestimulus14.png'
34.9148 	EXP 	Stim: image = 'TMTstop-control_1_1greenlinestimulus14.png'
34.9148 	EXP 	Stim: autoDraw = True
35.0098 	DATA 	Keypress: 1
35.1355 	DATA 	Keypress: 2
35.1448 	EXP 	New trial (rep=0, index=17): {'NumberLetter': 18, 'corrAns': ['1'], 'StimFile': 'TMTstop-control_1_1linestimulus15.png', 'Correct_StimFile': 'TMTstop-control_1_1greenlinestimulus15.png', 'False_StimFile': 'TMTstop-control_1_1redlinestimulus15.png', 'DurationTrial': None}
35.2415 	EXP 	Stim: autoDraw = False
35.2415 	EXP 	Stim: image = 'TMTstop-control_1_1greenlinestimulus15.png'
35.2415 	EXP 	Stim: image = 'TMTstop-control_1_1greenlinestimulus15.png'
35.2415 	EXP 	Stim: autoDraw = True
35.3220 	DATA 	Keypress: 2
35.4542 	DATA 	Keypress: 1
35.4599 	EXP 	New trial (rep=0, index=18): {'NumberLetter': 19, 'corrAns': ['3'], 'StimFile': 'TMTstop-control_1_1linestimulus16.png', 'Correct_StimFile': 'TMTstop-control_1_1greenlinestimulus16.png', 'False_StimFile': 'TMTstop-control_1_1redlinestimulus16.png', 'DurationTrial': None}
35.5570 	EXP 	Stim: autoDraw = False
35.5570 	EXP 	Stim: image = 'TMTstop-control_1_1greenlinestimulus16.png'
35.5570 	EXP 	Stim: image = 'TMTstop-control_1_1greenlinestimulus16.png'
35.5570 	EXP 	Stim: autoDraw = True
35.6483 	DATA 	Keypress: 1
35.7826 	EXP 	New trial (rep=0, index=19): {'NumberLetter': 20, 'corrAns': ['1'], 'StimFile': 'TMTstop-control_1_1linestimulus17.png', 'Correct_StimFile': 'TMTstop-control_1_1greenlinestimulus17.png', 'False_StimFile': 'TMTstop-control_1_1redlinestimulus17.png', 'DurationTrial': None}
35.8684 	DATA 	Keypress: 3
35.8738 	EXP 	Stim: autoDraw = False
35.8738 	EXP 	Stim: image = 'TMTstop-control_1_1greenlinestimulus17.png'
35.8738 	EXP 	Stim: image = 'TMTstop-control_1_1greenlinestimulus17.png'
35.8738 	EXP 	Stim: autoDraw = True
35.9539 	DATA 	Keypress: 3
36.0609 	DATA 	Keypress: 1
36.0715 	EXP 	New trial (rep=0, index=20): {'NumberLetter': 21, 'corrAns': ['3'], 'StimFile': 'TMTstop-control_1_1linestimulus18.png', 'Correct_StimFile': 'TMTstop-control_1_1greenlinestimulus18.png', 'False_StimFile': 'TMTstop-control_1_1redlinestimulus18.png', 'DurationTrial': None}
36.1575 	EXP 	Stim: autoDraw = False
36.1575 	EXP 	Stim: image = 'TMTstop-control_1_1greenlinestimulus18.png'
36.1575 	EXP 	Stim: image = 'TMTstop-control_1_1greenlinestimulus18.png'
36.1575 	EXP 	Stim: autoDraw = True
36.2589 	DATA 	Keypress: 1
36.4054 	EXP 	New trial (rep=0, index=21): {'NumberLetter': 22, 'corrAns': ['1'], 'StimFile': 'TMTstop-control_1_1linestimulus19.png', 'Correct_StimFile': 'TMTstop-control_1_1greenlinestimulus19.png', 'False_StimFile': 'TMTstop-control_1_1redlinestimulus19.png', 'DurationTrial': None}
36.4887 	DATA 	Keypress: 3
36.4969 	EXP 	Stim: autoDraw = False
36.4969 	EXP 	Stim: image = 'TMTstop-control_1_1greenlinestimulus19.png'
36.4969 	EXP 	Stim: image = 'TMTstop-control_1_1greenlinestimulus19.png'
36.4969 	EXP 	Stim: autoDraw = True
36.5943 	DATA 	Keypress: 3
36.6996 	DATA 	Keypress: 1
36.7070 	EXP 	New trial (rep=0, index=22): {'NumberLetter': 23, 'corrAns': ['3'], 'StimFile': 'TMTstop-control_1_1linestimulus20.png', 'Correct_StimFile': 'TMTstop-control_1_1greenlinestimulus20.png', 'False_StimFile': 'TMTstop-control_1_1redlinestimulus20.png', 'DurationTrial': None}
36.8049 	EXP 	Stim: autoDraw = False
36.8049 	EXP 	Stim: image = 'TMTstop-control_1_1greenlinestimulus20.png'
36.8049 	EXP 	Stim: image = 'TMTstop-control_1_1greenlinestimulus20.png'
36.8049 	EXP 	Stim: autoDraw = True
36.9055 	DATA 	Keypress: 1
37.0510 	DATA 	Keypress: 3
37.0586 	EXP 	New trial (rep=0, index=23): {'NumberLetter': 24, 'corrAns': ['1'], 'StimFile': 'TMTstop-control_1_1linestimulus21.png', 'Correct_StimFile': 'TMTstop-control_1_1greenlinestimulus21.png', 'False_StimFile': 'TMTstop-control_1_1redlinestimulus21.png', 'DurationTrial': None}
37.1576 	EXP 	Stim: autoDraw = False
37.1576 	EXP 	Stim: image = 'TMTstop-control_1_1greenlinestimulus21.png'
37.1576 	EXP 	Stim: image = 'TMTstop-control_1_1greenlinestimulus21.png'
37.1576 	EXP 	Stim: autoDraw = True
37.2260 	DATA 	Keypress: 3
37.3400 	EXP 	New trial (rep=0, index=24): {'NumberLetter': 25, 'corrAns': ['3'], 'StimFile': 'TMTstop-control_1_1linestimulus22.png', 'Correct_StimFile': 'TMTstop-control_1_1greenlinestimulus22.png', 'False_StimFile': 'TMTstop-control_1_1redlinestimulus22.png', 'DurationTrial': None}
37.4244 	DATA 	Keypress: 1
37.4301 	EXP 	Stim: autoDraw = False
37.4301 	EXP 	Stim: image = 'TMTstop-control_1_1greenlinestimulus22.png'
37.4301 	EXP 	Stim: image = 'TMTstop-control_1_1greenlinestimulus22.png'
37.4301 	EXP 	Stim: autoDraw = True
37.5535 	DATA 	Keypress: 1
37.7109 	DATA 	Keypress: 3
37.7205 	EXP 	New trial (rep=0, index=25): {'NumberLetter': None, 'corrAns': None, 'StimFile': 'TMTstop-control_1_1linestimulus23.png', 'Correct_StimFile': 'TMTstop-control_1_1greenlinestimulus23.png', 'False_StimFile': 'TMTstop-control_1_1redlinestimulus23.png', 'DurationTrial': None}
37.8209 	EXP 	Stim: autoDraw = False
37.8209 	EXP 	Stim: image = 'TMTstop-control_1_1greenlinestimulus23.png'
37.8209 	EXP 	Stim: image = 'TMTstop-control_1_1greenlinestimulus23.png'
37.8209 	EXP 	Stim: autoDraw = True
37.9255 	DATA 	Keypress: 3
38.8094 	EXP 	Stim: autoDraw = False
38.8094 	EXP 	polygon: autoDraw = True
41.8114 	EXP 	Imported TMTstop-control_1_a.xlsx as conditions, 26 conditions, 6 params
41.8117 	EXP 	Created sequence: sequential, trialTypes=26, nReps=1, seed=None
41.8119 	EXP 	New trial (rep=0, index=0): {'NumberLetter': 'A', 'corrAns': ['3'], 'StimFile': 'TMTstop-control_1_a.png', 'Correct_StimFile': 'TMTstop-control_1_a.png', 'False_StimFile': 'TMTstop-control_1_a.png', 'DurationTrial': 10}
41.8123 	WARNING 	Requested image 'TMTstop-control_1_a.png' not found but similar filename 'TMTstop-control_1_a.jpg' exists. This will be used instead but changing the filename is advised.
41.8422 	WARNING 	Requested image 'TMTstop-control_1_a.png' not found but similar filename 'TMTstop-control_1_a.jpg' exists. This will be used instead but changing the filename is advised.
41.8801 	EXP 	polygon: autoDraw = False
41.8801 	EXP 	polygon: autoDraw = False
41.8801 	EXP 	Stim: image = 'TMTstop-control_1_a.png'
41.8801 	EXP 	Stim: image = 'TMTstop-control_1_a.png'
41.8801 	EXP 	Stim: autoDraw = True
44.8573 	DATA 	Keypress: 3
44.8679 	EXP 	New trial (rep=0, index=1): {'NumberLetter': 'B', 'corrAns': ['1'], 'StimFile': 'TMTstop-control_1_a.png', 'Correct_StimFile': 'TMTstop-control_1_afirstgreen.png', 'False_StimFile': 'TMTstop-control_1_afirstred.png', 'DurationTrial': 10}
44.9730 	EXP 	Stim: autoDraw = False
44.9730 	EXP 	Stim: image = 'TMTstop-control_1_afirstgreen.png'
44.9730 	EXP 	Stim: image = 'TMTstop-control_1_afirstgreen.png'
44.9730 	EXP 	Stim: autoDraw = True
45.0942 	DATA 	Keypress: 3
45.3819 	DATA 	Keypress: 1
45.3870 	EXP 	New trial (rep=0, index=2): {'NumberLetter': 'C', 'corrAns': ['3'], 'StimFile': 'TMTstop-control_1_alinestimulus0.png', 'Correct_StimFile': 'TMTstop-control_1_agreenlinestimulus0.png', 'False_StimFile': 'TMTstop-control_1_aredlinestimulus0.png', 'DurationTrial': 10}
45.4783 	EXP 	Stim: autoDraw = False
45.4783 	EXP 	Stim: image = 'TMTstop-control_1_agreenlinestimulus0.png'
45.4783 	EXP 	Stim: image = 'TMTstop-control_1_agreenlinestimulus0.png'
45.4783 	EXP 	Stim: autoDraw = True
45.5999 	DATA 	Keypress: 1
45.8124 	EXP 	New trial (rep=0, index=3): {'NumberLetter': 'D', 'corrAns': ['2'], 'StimFile': 'TMTstop-control_1_alinestimulus1.png', 'Correct_StimFile': 'TMTstop-control_1_agreenlinestimulus1.png', 'False_StimFile': 'TMTstop-control_1_aredlinestimulus1.png', 'DurationTrial': 10}
45.8976 	DATA 	Keypress: 3
45.9032 	EXP 	Stim: autoDraw = False
45.9032 	EXP 	Stim: image = 'TMTstop-control_1_agreenlinestimulus1.png'
45.9032 	EXP 	Stim: image = 'TMTstop-control_1_agreenlinestimulus1.png'
45.9032 	EXP 	Stim: autoDraw = True
46.0357 	DATA 	Keypress: 3
46.2114 	DATA 	Keypress: 1
46.2820 	EXP 	Stim: image = 'TMTstop-control_1_aredlinestimulus1.png'
46.3438 	EXP 	Stim: image = 'TMTstop-control_1_aredlinestimulus1.png'
46.4002 	EXP 	Stim: image = 'TMTstop-control_1_aredlinestimulus1.png'
46.4527 	DATA 	Keypress: 1
46.4572 	EXP 	Stim: image = 'TMTstop-control_1_aredlinestimulus1.png'
46.5147 	EXP 	Stim: image = 'TMTstop-control_1_aredlinestimulus1.png'
46.5705 	EXP 	Stim: image = 'TMTstop-control_1_aredlinestimulus1.png'
46.6316 	EXP 	Stim: image = 'TMTstop-control_1_aredlinestimulus1.png'
46.6803 	DATA 	Keypress: 2
46.6855 	EXP 	Stim: image = 'TMTstop-control_1_aredlinestimulus1.png'
46.6903 	EXP 	New trial (rep=0, index=4): {'NumberLetter': 'E', 'corrAns': ['1'], 'StimFile': 'TMTstop-control_1_alinestimulus2.png', 'Correct_StimFile': 'TMTstop-control_1_agreenlinestimulus2.png', 'False_StimFile': 'TMTstop-control_1_aredlinestimulus2.png', 'DurationTrial': 10}
46.7963 	EXP 	Stim: autoDraw = False
46.7963 	EXP 	Stim: image = 'TMTstop-control_1_agreenlinestimulus2.png'
46.7963 	EXP 	Stim: image = 'TMTstop-control_1_agreenlinestimulus2.png'
46.7963 	EXP 	Stim: autoDraw = True
46.8644 	DATA 	Keypress: 2
46.8650 	DATA 	Keypress: 3
46.9299 	EXP 	Stim: image = 'TMTstop-control_1_aredlinestimulus2.png'
46.9914 	EXP 	Stim: image = 'TMTstop-control_1_aredlinestimulus2.png'
47.0488 	DATA 	Keypress: 1
47.0524 	EXP 	Stim: image = 'TMTstop-control_1_aredlinestimulus2.png'
47.0564 	EXP 	New trial (rep=0, index=5): {'NumberLetter': 'F', 'corrAns': ['3'], 'StimFile': 'TMTstop-control_1_alinestimulus3.png', 'Correct_StimFile': 'TMTstop-control_1_agreenlinestimulus3.png', 'False_StimFile': 'TMTstop-control_1_aredlinestimulus3.png', 'DurationTrial': 10}
47.1464 	DATA 	Keypress: 3
47.1468 	DATA 	Keypress: 2
47.1507 	EXP 	Stim: autoDraw = False
47.1507 	EXP 	Stim: image = 'TMTstop-control_1_agreenlinestimulus3.png'
47.1507 	EXP 	Stim: image = 'TMTstop-control_1_agreenlinestimulus3.png'
47.1507 	EXP 	Stim: autoDraw = True
47.2062 	EXP 	Stim: image = 'TMTstop-control_1_aredlinestimulus3.png'
47.2106 	EXP 	New trial (rep=0, index=6): {'NumberLetter': 'G', 'corrAns': ['2'], 'StimFile': 'TMTstop-control_1_alinestimulus4.png', 'Correct_StimFile': 'TMTstop-control_1_agreenlinestimulus4.png', 'False_StimFile': 'TMTstop-control_1_aredlinestimulus4.png', 'DurationTrial': 10}
47.3071 	DATA 	Keypress: 3
47.3076 	DATA 	Keypress: 1
47.3080 	DATA 	Keypress: 2
47.3140 	EXP 	Stim: autoDraw = False
47.3140 	EXP 	Stim: image = 'TMTstop-control_1_agreenlinestimulus4.png'
47.3140 	EXP 	Stim: image = 'TMTstop-control_1_agreenlinestimulus4.png'
47.3140 	EXP 	Stim: autoDraw = True
47.3774 	DATA 	Keypress: 1
47.4401 	DATA 	Keypress: 2
47.4412 	DATA 	Keypress: 3
47.4450 	EXP 	Stim: image = 'TMTstop-control_1_aredlinestimulus4.png'
47.4491 	EXP 	New trial (rep=0, index=7): {'NumberLetter': 'H', 'corrAns': ['3'], 'StimFile': 'TMTstop-control_1_alinestimulus5.png', 'Correct_StimFile': 'TMTstop-control_1_agreenlinestimulus5.png', 'False_StimFile': 'TMTstop-control_1_aredlinestimulus5.png', 'DurationTrial': 10}
47.5555 	DATA 	Keypress: 3
47.5617 	EXP 	Stim: autoDraw = False
47.5617 	EXP 	Stim: image = 'TMTstop-control_1_agreenlinestimulus5.png'
47.5617 	EXP 	Stim: image = 'TMTstop-control_1_agreenlinestimulus5.png'
47.5617 	EXP 	Stim: autoDraw = True
47.5662 	EXP 	New trial (rep=0, index=8): {'NumberLetter': 'I', 'corrAns': ['1'], 'StimFile': 'TMTstop-control_1_alinestimulus6.png', 'Correct_StimFile': 'TMTstop-control_1_agreenlinestimulus6.png', 'False_StimFile': 'TMTstop-control_1_aredlinestimulus6.png', 'DurationTrial': 10}
47.6671 	DATA 	Keypress: 1
47.6678 	DATA 	Keypress: 2
47.6735 	EXP 	Stim: autoDraw = False
47.6735 	EXP 	Stim: image = 'TMTstop-control_1_agreenlinestimulus6.png'
47.6735 	EXP 	Stim: image = 'TMTstop-control_1_agreenlinestimulus6.png'
47.6735 	EXP 	Stim: autoDraw = True
47.6962 	EXP 	New trial (rep=0, index=9): {'NumberLetter': 'J', 'corrAns': ['2'], 'StimFile': 'TMTstop-control_1_alinestimulus7.png', 'Correct_StimFile': 'TMTstop-control_1_agreenlinestimulus7.png', 'False_StimFile': 'TMTstop-control_1_aredlinestimulus7.png', 'DurationTrial': 10}
47.8079 	DATA 	Keypress: 1
47.8090 	DATA 	Keypress: 3
47.8098 	DATA 	Keypress: 2
47.8123 	EXP 	Stim: autoDraw = False
47.8123 	EXP 	Stim: image = 'TMTstop-control_1_agreenlinestimulus7.png'
47.8123 	EXP 	Stim: image = 'TMTstop-control_1_agreenlinestimulus7.png'
47.8123 	EXP 	Stim: autoDraw = True
47.8164 	EXP 	New trial (rep=0, index=10): {'NumberLetter': 'K', 'corrAns': ['3'], 'StimFile': 'TMTstop-control_1_alinestimulus8.png', 'Correct_StimFile': 'TMTstop-control_1_agreenlinestimulus8.png', 'False_StimFile': 'TMTstop-control_1_aredlinestimulus8.png', 'DurationTrial': 10}
47.9278 	DATA 	Keypress: 3
47.9288 	DATA 	Keypress: 1
47.9357 	EXP 	Stim: autoDraw = False
47.9357 	EXP 	Stim: image = 'TMTstop-control_1_agreenlinestimulus8.png'
47.9357 	EXP 	Stim: image = 'TMTstop-control_1_agreenlinestimulus8.png'
47.9357 	EXP 	Stim: autoDraw = True
47.9407 	EXP 	New trial (rep=0, index=11): {'NumberLetter': 'L', 'corrAns': ['1'], 'StimFile': 'TMTstop-control_1_alinestimulus9.png', 'Correct_StimFile': 'TMTstop-control_1_agreenlinestimulus9.png', 'False_StimFile': 'TMTstop-control_1_aredlinestimulus9.png', 'DurationTrial': 10}
48.0354 	DATA 	Keypress: 2
48.0358 	DATA 	Keypress: 1
48.0401 	EXP 	Stim: autoDraw = False
48.0401 	EXP 	Stim: image = 'TMTstop-control_1_agreenlinestimulus9.png'
48.0401 	EXP 	Stim: image = 'TMTstop-control_1_agreenlinestimulus9.png'
48.0401 	EXP 	Stim: autoDraw = True
48.0445 	EXP 	New trial (rep=0, index=12): {'NumberLetter': 'M', 'corrAns': ['3'], 'StimFile': 'TMTstop-control_1_alinestimulus10.png', 'Correct_StimFile': 'TMTstop-control_1_agreenlinestimulus10.png', 'False_StimFile': 'TMTstop-control_1_aredlinestimulus10.png', 'DurationTrial': 1}
48.1400 	DATA 	Keypress: 3
48.1407 	DATA 	Keypress: 2
48.1437 	EXP 	Stim: autoDraw = False
48.1437 	EXP 	Stim: image = 'TMTstop-control_1_agreenlinestimulus10.png'
48.1437 	EXP 	Stim: image = 'TMTstop-control_1_agreenlinestimulus10.png'
48.1437 	EXP 	Stim: autoDraw = True
48.1954 	DATA 	Keypress: 3
48.2028 	EXP 	Stim: image = 'TMTstop-control_1_aredlinestimulus10.png'
48.2081 	EXP 	New trial (rep=0, index=13): {'NumberLetter': 'N', 'corrAns': ['2'], 'StimFile': 'TMTstop-control_1_alinestimulus11.png', 'Correct_StimFile': 'TMTstop-control_1_agreenlinestimulus11.png', 'False_StimFile': 'TMTstop-control_1_aredlinestimulus11.png', 'DurationTrial': None}
48.2998 	DATA 	Keypress: 1
48.3007 	DATA 	Keypress: 2
48.3056 	EXP 	Stim: autoDraw = False
48.3056 	EXP 	Stim: image = 'TMTstop-control_1_agreenlinestimulus11.png'
48.3056 	EXP 	Stim: image = 'TMTstop-control_1_agreenlinestimulus11.png'
48.3056 	EXP 	Stim: autoDraw = True
48.3556 	DATA 	Keypress: 1
48.3606 	EXP 	Stim: image = 'TMTstop-control_1_aredlinestimulus11.png'
48.4126 	DATA 	Keypress: 3
48.4139 	DATA 	Keypress: 2
48.4169 	EXP 	Stim: image = 'TMTstop-control_1_aredlinestimulus11.png'
48.4207 	EXP 	New trial (rep=0, index=14): {'NumberLetter': 'O', 'corrAns': ['1'], 'StimFile': 'TMTstop-control_1_alinestimulus12.png', 'Correct_StimFile': 'TMTstop-control_1_agreenlinestimulus12.png', 'False_StimFile': 'TMTstop-control_1_aredlinestimulus12.png', 'DurationTrial': None}
48.5007 	DATA 	Keypress: 3
48.5064 	EXP 	Stim: autoDraw = False
48.5064 	EXP 	Stim: image = 'TMTstop-control_1_agreenlinestimulus12.png'
48.5064 	EXP 	Stim: image = 'TMTstop-control_1_agreenlinestimulus12.png'
48.5064 	EXP 	Stim: autoDraw = True
48.5641 	DATA 	Keypress: 1
48.5653 	DATA 	Keypress: 2
48.5681 	EXP 	Stim: image = 'TMTstop-control_1_aredlinestimulus12.png'
48.6192 	DATA 	Keypress: 1
48.6228 	EXP 	Stim: image = 'TMTstop-control_1_aredlinestimulus12.png'
48.6266 	EXP 	New trial (rep=0, index=15): {'NumberLetter': 'P', 'corrAns': ['3'], 'StimFile': 'TMTstop-control_1_alinestimulus13.png', 'Correct_StimFile': 'TMTstop-control_1_agreenlinestimulus13.png', 'False_StimFile': 'TMTstop-control_1_aredlinestimulus13.png', 'DurationTrial': None}
48.7156 	DATA 	Keypress: 3
48.7159 	DATA 	Keypress: 2
48.7198 	EXP 	Stim: autoDraw = False
48.7198 	EXP 	Stim: image = 'TMTstop-control_1_agreenlinestimulus13.png'
48.7198 	EXP 	Stim: image = 'TMTstop-control_1_agreenlinestimulus13.png'
48.7198 	EXP 	Stim: autoDraw = True
48.7763 	EXP 	Stim: image = 'TMTstop-control_1_aredlinestimulus13.png'
48.8408 	DATA 	Keypress: 3
48.8415 	DATA 	Keypress: 1
48.8451 	EXP 	Stim: image = 'TMTstop-control_1_aredlinestimulus13.png'
48.8504 	EXP 	New trial (rep=0, index=16): {'NumberLetter': 'Q', 'corrAns': ['2'], 'StimFile': 'TMTstop-control_1_alinestimulus14.png', 'Correct_StimFile': 'TMTstop-control_1_agreenlinestimulus14.png', 'False_StimFile': 'TMTstop-control_1_aredlinestimulus14.png', 'DurationTrial': None}
48.9463 	DATA 	Keypress: 2
48.9471 	DATA 	Keypress: 1
48.9523 	EXP 	Stim: autoDraw = False
48.9523 	EXP 	Stim: image = 'TMTstop-control_1_agreenlinestimulus14.png'
48.9523 	EXP 	Stim: image = 'TMTstop-control_1_agreenlinestimulus14.png'
48.9523 	EXP 	Stim: autoDraw = True
49.0114 	DATA 	Keypress: 3
49.0126 	DATA 	Keypress: 2
49.0157 	EXP 	Stim: image = 'TMTstop-control_1_aredlinestimulus14.png'
49.0210 	EXP 	New trial (rep=0, index=17): {'NumberLetter': 'R', 'corrAns': ['3'], 'StimFile': 'TMTstop-control_1_alinestimulus15.png', 'Correct_StimFile': 'TMTstop-control_1_agreenlinestimulus15.png', 'False_StimFile': 'TMTstop-control_1_aredlinestimulus15.png', 'DurationTrial': None}
49.1259 	DATA 	Keypress: 3
49.1309 	EXP 	Stim: autoDraw = False
49.1309 	EXP 	Stim: image = 'TMTstop-control_1_agreenlinestimulus15.png'
49.1309 	EXP 	Stim: image = 'TMTstop-control_1_agreenlinestimulus15.png'
49.1309 	EXP 	Stim: autoDraw = True
49.1357 	EXP 	New trial (rep=0, index=18): {'NumberLetter': 'S', 'corrAns': ['2'], 'StimFile': 'TMTstop-control_1_alinestimulus16.png', 'Correct_StimFile': 'TMTstop-control_1_agreenlinestimulus16.png', 'False_StimFile': 'TMTstop-control_1_aredlinestimulus16.png', 'DurationTrial': None}
49.2447 	DATA 	Keypress: 1
49.2457 	DATA 	Keypress: 2
49.2498 	EXP 	Stim: autoDraw = False
49.2498 	EXP 	Stim: image = 'TMTstop-control_1_agreenlinestimulus16.png'
49.2498 	EXP 	Stim: image = 'TMTstop-control_1_agreenlinestimulus16.png'
49.2498 	EXP 	Stim: autoDraw = True
49.3360 	DATA 	Keypress: 1
49.3372 	DATA 	Keypress: 3
49.3381 	DATA 	Keypress: 2
49.3403 	EXP 	Stim: image = 'TMTstop-control_1_aredlinestimulus16.png'
49.3446 	EXP 	New trial (rep=0, index=19): {'NumberLetter': 'T', 'corrAns': ['1'], 'StimFile': 'TMTstop-control_1_alinestimulus17.png', 'Correct_StimFile': 'TMTstop-control_1_agreenlinestimulus17.png', 'False_StimFile': 'TMTstop-control_1_aredlinestimulus17.png', 'DurationTrial': None}
49.4597 	EXP 	Stim: autoDraw = False
49.4597 	EXP 	Stim: image = 'TMTstop-control_1_agreenlinestimulus17.png'
49.4597 	EXP 	Stim: image = 'TMTstop-control_1_agreenlinestimulus17.png'
49.4597 	EXP 	Stim: autoDraw = True
49.5161 	DATA 	Keypress: 3
49.5170 	DATA 	Keypress: 1
49.5188 	EXP 	Stim: image = 'TMTstop-control_1_aredlinestimulus17.png'
49.5710 	DATA 	Keypress: 2
49.5747 	EXP 	Stim: image = 'TMTstop-control_1_aredlinestimulus17.png'
49.6254 	DATA 	Keypress: 1
49.6300 	EXP 	Stim: image = 'TMTstop-control_1_aredlinestimulus17.png'
49.6347 	EXP 	New trial (rep=0, index=20): {'NumberLetter': 'U', 'corrAns': ['3'], 'StimFile': 'TMTstop-control_1_alinestimulus18.png', 'Correct_StimFile': 'TMTstop-control_1_agreenlinestimulus18.png', 'False_StimFile': 'TMTstop-control_1_aredlinestimulus18.png', 'DurationTrial': None}
49.7310 	DATA 	Keypress: 3
49.7314 	DATA 	Keypress: 2
49.7350 	EXP 	Stim: autoDraw = False
49.7350 	EXP 	Stim: image = 'TMTstop-control_1_agreenlinestimulus18.png'
49.7350 	EXP 	Stim: image = 'TMTstop-control_1_agreenlinestimulus18.png'
49.7350 	EXP 	Stim: autoDraw = True
49.8066 	EXP 	Stim: image = 'TMTstop-control_1_aredlinestimulus18.png'
49.8695 	DATA 	Keypress: 3
49.8699 	DATA 	Keypress: 1
49.8734 	EXP 	Stim: image = 'TMTstop-control_1_aredlinestimulus18.png'
49.8771 	EXP 	New trial (rep=0, index=21): {'NumberLetter': 'V', 'corrAns': ['2'], 'StimFile': 'TMTstop-control_1_alinestimulus19.png', 'Correct_StimFile': 'TMTstop-control_1_agreenlinestimulus19.png', 'False_StimFile': 'TMTstop-control_1_aredlinestimulus19.png', 'DurationTrial': None}
49.9804 	DATA 	Keypress: 2
49.9808 	DATA 	Keypress: 3
49.9872 	EXP 	Stim: autoDraw = False
49.9872 	EXP 	Stim: image = 'TMTstop-control_1_agreenlinestimulus19.png'
49.9872 	EXP 	Stim: image = 'TMTstop-control_1_agreenlinestimulus19.png'
49.9872 	EXP 	Stim: autoDraw = True
50.1614 	DATA 	Keypress: 1
50.2269 	EXP 	Stim: image = 'TMTstop-control_1_aredlinestimulus19.png'
50.2821 	EXP 	Stim: image = 'TMTstop-control_1_aredlinestimulus19.png'
50.3421 	DATA 	Keypress: 2
50.3472 	EXP 	Stim: image = 'TMTstop-control_1_aredlinestimulus19.png'
50.3515 	EXP 	New trial (rep=0, index=22): {'NumberLetter': 'W', 'corrAns': ['1'], 'StimFile': 'TMTstop-control_1_alinestimulus20.png', 'Correct_StimFile': 'TMTstop-control_1_agreenlinestimulus20.png', 'False_StimFile': 'TMTstop-control_1_aredlinestimulus20.png', 'DurationTrial': None}
50.4556 	DATA 	Keypress: 3
50.4567 	DATA 	Keypress: 1
50.4579 	DATA 	Keypress: 2
50.4633 	EXP 	Stim: autoDraw = False
50.4633 	EXP 	Stim: image = 'TMTstop-control_1_agreenlinestimulus20.png'
50.4633 	EXP 	Stim: image = 'TMTstop-control_1_agreenlinestimulus20.png'
50.4633 	EXP 	Stim: autoDraw = True
50.5184 	EXP 	Stim: image = 'TMTstop-control_1_aredlinestimulus20.png'
50.5692 	DATA 	Keypress: 1
50.5731 	EXP 	Stim: image = 'TMTstop-control_1_aredlinestimulus20.png'
50.5782 	EXP 	New trial (rep=0, index=23): {'NumberLetter': 'X', 'corrAns': ['2'], 'StimFile': 'TMTstop-control_1_alinestimulus21.png', 'Correct_StimFile': 'TMTstop-control_1_agreenlinestimulus21.png', 'False_StimFile': 'TMTstop-control_1_aredlinestimulus21.png', 'DurationTrial': None}
50.7171 	DATA 	Keypress: 2
50.7181 	DATA 	Keypress: 3
50.7224 	EXP 	Stim: autoDraw = False
50.7224 	EXP 	Stim: image = 'TMTstop-control_1_agreenlinestimulus21.png'
50.7224 	EXP 	Stim: image = 'TMTstop-control_1_agreenlinestimulus21.png'
50.7224 	EXP 	Stim: autoDraw = True
50.7270 	EXP 	New trial (rep=0, index=24): {'NumberLetter': 'Y', 'corrAns': ['1'], 'StimFile': 'TMTstop-control_1_alinestimulus22.png', 'Correct_StimFile': 'TMTstop-control_1_agreenlinestimulus22.png', 'False_StimFile': 'TMTstop-control_1_aredlinestimulus22.png', 'DurationTrial': None}
50.8703 	DATA 	Keypress: 3
50.8717 	DATA 	Keypress: 1
50.8730 	DATA 	Keypress: 2
50.8769 	EXP 	Stim: autoDraw = False
50.8769 	EXP 	Stim: image = 'TMTstop-control_1_agreenlinestimulus22.png'
50.8769 	EXP 	Stim: image = 'TMTstop-control_1_agreenlinestimulus22.png'
50.8769 	EXP 	Stim: autoDraw = True
50.9614 	DATA 	Keypress: 1
50.9697 	EXP 	Stim: image = 'TMTstop-control_1_aredlinestimulus22.png'
50.9754 	EXP 	New trial (rep=0, index=25): {'NumberLetter': None, 'corrAns': None, 'StimFile': 'TMTstop-control_1_alinestimulus23.png', 'Correct_StimFile': 'TMTstop-control_1_agreenlinestimulus23.png', 'False_StimFile': 'TMTstop-control_1_aredlinestimulus23.png', 'DurationTrial': None}
51.1023 	DATA 	Keypress: 3
51.1028 	DATA 	Keypress: 2
51.1100 	EXP 	Stim: autoDraw = False
51.1100 	EXP 	Stim: image = 'TMTstop-control_1_agreenlinestimulus23.png'
51.1100 	EXP 	Stim: image = 'TMTstop-control_1_agreenlinestimulus23.png'
51.1100 	EXP 	Stim: autoDraw = True
51.1816 	DATA 	Keypress: 3
51.1829 	DATA 	Keypress: 1
51.1854 	EXP 	Stim: image = 'TMTstop-control_1_aredlinestimulus23.png'
51.2512 	DATA 	Keypress: 2
51.2555 	EXP 	Stim: image = 'TMTstop-control_1_aredlinestimulus23.png'
51.3284 	DATA 	Keypress: 3
51.3332 	EXP 	Stim: image = 'TMTstop-control_1_aredlinestimulus23.png'
51.4137 	EXP 	Stim: image = 'TMTstop-control_1_aredlinestimulus23.png'
51.4851 	EXP 	Stim: image = 'TMTstop-control_1_aredlinestimulus23.png'
51.5547 	EXP 	Stim: image = 'TMTstop-control_1_aredlinestimulus23.png'
51.6166 	EXP 	Stim: image = 'TMTstop-control_1_aredlinestimulus23.png'
51.6702 	EXP 	Stim: image = 'TMTstop-control_1_aredlinestimulus23.png'
51.7285 	EXP 	Stim: image = 'TMTstop-control_1_aredlinestimulus23.png'
51.7827 	EXP 	Stim: image = 'TMTstop-control_1_aredlinestimulus23.png'
51.8478 	EXP 	Stim: image = 'TMTstop-control_1_aredlinestimulus23.png'
51.9080 	EXP 	Stim: image = 'TMTstop-control_1_aredlinestimulus23.png'
51.9716 	EXP 	Stim: image = 'TMTstop-control_1_aredlinestimulus23.png'
52.0314 	EXP 	Stim: image = 'TMTstop-control_1_aredlinestimulus23.png'
52.0894 	EXP 	Stim: image = 'TMTstop-control_1_aredlinestimulus23.png'
52.1461 	EXP 	Stim: image = 'TMTstop-control_1_aredlinestimulus23.png'
52.2052 	EXP 	Stim: image = 'TMTstop-control_1_aredlinestimulus23.png'
52.2697 	EXP 	Stim: image = 'TMTstop-control_1_aredlinestimulus23.png'
52.3160 	EXP 	Stim: image = 'TMTstop-control_1_aredlinestimulus23.png'
52.3726 	EXP 	Stim: image = 'TMTstop-control_1_aredlinestimulus23.png'
52.4386 	EXP 	Stim: image = 'TMTstop-control_1_aredlinestimulus23.png'
52.4932 	EXP 	Stim: image = 'TMTstop-control_1_aredlinestimulus23.png'
52.5462 	EXP 	Stim: image = 'TMTstop-control_1_aredlinestimulus23.png'
52.6016 	EXP 	Stim: image = 'TMTstop-control_1_aredlinestimulus23.png'
52.6525 	EXP 	Stim: image = 'TMTstop-control_1_aredlinestimulus23.png'
52.7066 	EXP 	Stim: image = 'TMTstop-control_1_aredlinestimulus23.png'
52.7622 	EXP 	Stim: image = 'TMTstop-control_1_aredlinestimulus23.png'
52.8170 	EXP 	Stim: image = 'TMTstop-control_1_aredlinestimulus23.png'
52.8727 	EXP 	Stim: image = 'TMTstop-control_1_aredlinestimulus23.png'
52.9373 	EXP 	Stim: image = 'TMTstop-control_1_aredlinestimulus23.png'
52.9935 	EXP 	Stim: image = 'TMTstop-control_1_aredlinestimulus23.png'
53.0473 	EXP 	Stim: image = 'TMTstop-control_1_aredlinestimulus23.png'
53.1012 	EXP 	Stim: image = 'TMTstop-control_1_aredlinestimulus23.png'
53.1574 	EXP 	Stim: image = 'TMTstop-control_1_aredlinestimulus23.png'
53.2207 	EXP 	Stim: image = 'TMTstop-control_1_aredlinestimulus23.png'
53.2750 	EXP 	Stim: image = 'TMTstop-control_1_aredlinestimulus23.png'
53.3263 	EXP 	Stim: image = 'TMTstop-control_1_aredlinestimulus23.png'
53.3888 	EXP 	Stim: image = 'TMTstop-control_1_aredlinestimulus23.png'
53.4432 	EXP 	Stim: image = 'TMTstop-control_1_aredlinestimulus23.png'
53.4980 	EXP 	Stim: image = 'TMTstop-control_1_aredlinestimulus23.png'
53.5538 	EXP 	Stim: image = 'TMTstop-control_1_aredlinestimulus23.png'
53.6018 	EXP 	Stim: image = 'TMTstop-control_1_aredlinestimulus23.png'
53.6554 	EXP 	Stim: image = 'TMTstop-control_1_aredlinestimulus23.png'
53.7206 	EXP 	Stim: image = 'TMTstop-control_1_aredlinestimulus23.png'
53.7767 	EXP 	Stim: image = 'TMTstop-control_1_aredlinestimulus23.png'
53.8379 	EXP 	Stim: image = 'TMTstop-control_1_aredlinestimulus23.png'
53.8930 	EXP 	Stim: image = 'TMTstop-control_1_aredlinestimulus23.png'
53.9499 	EXP 	Stim: image = 'TMTstop-control_1_aredlinestimulus23.png'
54.0138 	EXP 	Stim: image = 'TMTstop-control_1_aredlinestimulus23.png'
54.0738 	EXP 	Stim: image = 'TMTstop-control_1_aredlinestimulus23.png'
54.1308 	EXP 	Stim: image = 'TMTstop-control_1_aredlinestimulus23.png'
54.1954 	EXP 	Stim: image = 'TMTstop-control_1_aredlinestimulus23.png'
54.2516 	EXP 	Stim: image = 'TMTstop-control_1_aredlinestimulus23.png'
54.3204 	EXP 	Stim: image = 'TMTstop-control_1_aredlinestimulus23.png'
54.3807 	EXP 	Stim: image = 'TMTstop-control_1_aredlinestimulus23.png'
54.4440 	EXP 	Stim: image = 'TMTstop-control_1_aredlinestimulus23.png'
54.4974 	EXP 	Stim: image = 'TMTstop-control_1_aredlinestimulus23.png'
54.5471 	EXP 	Stim: image = 'TMTstop-control_1_aredlinestimulus23.png'
54.6013 	EXP 	Stim: image = 'TMTstop-control_1_aredlinestimulus23.png'
54.6599 	EXP 	Stim: image = 'TMTstop-control_1_aredlinestimulus23.png'
54.7135 	EXP 	Stim: image = 'TMTstop-control_1_aredlinestimulus23.png'
54.7810 	EXP 	Stim: image = 'TMTstop-control_1_aredlinestimulus23.png'
54.8474 	EXP 	Stim: image = 'TMTstop-control_1_aredlinestimulus23.png'
54.9071 	EXP 	Stim: image = 'TMTstop-control_1_aredlinestimulus23.png'
54.9627 	EXP 	Stim: image = 'TMTstop-control_1_aredlinestimulus23.png'
55.0359 	EXP 	Stim: image = 'TMTstop-control_1_aredlinestimulus23.png'
55.0968 	EXP 	Stim: image = 'TMTstop-control_1_aredlinestimulus23.png'
55.1576 	EXP 	Stim: image = 'TMTstop-control_1_aredlinestimulus23.png'
55.2220 	EXP 	Stim: image = 'TMTstop-control_1_aredlinestimulus23.png'
55.2992 	EXP 	Stim: image = 'TMTstop-control_1_aredlinestimulus23.png'
55.3527 	EXP 	Stim: image = 'TMTstop-control_1_aredlinestimulus23.png'
55.4088 	EXP 	Stim: image = 'TMTstop-control_1_aredlinestimulus23.png'
55.4695 	EXP 	Stim: image = 'TMTstop-control_1_aredlinestimulus23.png'
55.5282 	EXP 	Stim: image = 'TMTstop-control_1_aredlinestimulus23.png'
55.5823 	EXP 	Stim: image = 'TMTstop-control_1_aredlinestimulus23.png'
55.6364 	EXP 	Stim: image = 'TMTstop-control_1_aredlinestimulus23.png'
55.6929 	EXP 	Stim: image = 'TMTstop-control_1_aredlinestimulus23.png'
55.7556 	EXP 	Stim: image = 'TMTstop-control_1_aredlinestimulus23.png'
55.8098 	EXP 	Stim: image = 'TMTstop-control_1_aredlinestimulus23.png'
55.8725 	EXP 	Stim: image = 'TMTstop-control_1_aredlinestimulus23.png'
55.9344 	EXP 	Stim: image = 'TMTstop-control_1_aredlinestimulus23.png'
55.9903 	EXP 	Stim: image = 'TMTstop-control_1_aredlinestimulus23.png'
56.0495 	DATA 	Keypress: esc
56.0543 	EXP 	Stim: image = 'TMTstop-control_1_aredlinestimulus23.png'
56.1098 	EXP 	Stim: image = 'TMTstop-control_1_aredlinestimulus23.png'
56.1682 	EXP 	Stim: image = 'TMTstop-control_1_aredlinestimulus23.png'
56.2984 	EXP 	window1: mouseVisible = True
