1.6437 	WARNING 	We strongly recommend you activate the PTB sound engine in PsychoPy prefs as the preferred audio engine. Its timing is vastly superior. Your prefs are currently set to use ['pyo'] (in that order).
5.4686 	EXP 	Created window1 = Window(allowGUI=True, allowStencil=False, autoLog=True, backendConf=UNKNOWN, bitsMode=UNKNOWN, blendMode='avg', bpc=(8, 8, 8), color=array([0, 0, 0]), colorSpace='rgb', depthBits=8, fullscr=<method-wrapper '__getattribute__' of attributeSetter object at 0x000002DCB6658EB8>, gamma=None, gammaErrorPolicy='raise', lms=UNKNOWN, monitor=<psychopy.monitors.calibTools.Monitor object at 0x000002DCB66401D0>, multiSample=False, name='window1', numSamples=2, pos=[0.0, 0.0], screen=0, size=array([1920, 1055]), stencilBits=0, stereo=False, units='height', useFBO=True, useRetina=False, viewOri=0.0, viewPos=None, viewScale=None, waitBlanking=True, winType='glfw')
5.4687 	EXP 	window1: mouseVisible = True
5.4687 	EXP 	window1: recordFrameIntervals = False
5.5375 	EXP 	window1: recordFrameIntervals = True
5.6140 	EXP 	window1: recordFrameIntervals = False
5.9028 	EXP 	Created Instruct = ImageStim(__class__=<class 'psychopy.visual.image.ImageStim'>, autoLog=True, color=array([1., 1., 1.]), colorSpace='rgb', contrast=1.0, depth=0.0, flipHoriz=False, flipVert=False, image='InkedInstructBfinal_LI.jpg', interpolate=True, mask=None, maskParams=None, name='Instruct', opacity=1, ori=0.0, pos=array([0., 0.]), size=array([0.8, 0.8]), texRes=128.0, units='height', win=Window(...))
6.0152 	EXP 	Created text_2 = TextStim(__class__=<class 'psychopy.visual.text.TextStim'>, alignHoriz=method-wrapper(...), alignText='center', alignVert=method-wrapper(...), anchorHoriz='center', anchorVert='center', antialias=True, autoLog=True, bold=False, color=array([1., 1., 1.]), colorSpace='rgb', contrast=1.0, depth=-2.0, flipHoriz=False, flipVert=False, font='Open Sans', fontFiles=[], height=0.04, italic=False, languageStyle='LTR', name='text_2', opacity=1, ori=0.5, pos=array([ 0.  , -0.45]), rgb=UNKNOWN, text=str(...), units='height', win=Window(...), wrapWidth=2.0)
6.0181 	EXP 	Created Stim = ImageStim(__class__=<class 'psychopy.visual.image.ImageStim'>, autoLog=True, color=array([1., 1., 1.]), colorSpace='rgb', contrast=1.0, depth=0.0, flipHoriz=False, flipVert=False, image='sin', interpolate=True, mask=None, maskParams=None, name='Stim', opacity=1, ori=0.0, pos=array([0., 0.]), size=array([1.777, 1.   ]), texRes=128.0, units='height', win=Window(...))
6.0206 	EXP 	Created polygon = ShapeStim(__class__=<class 'psychopy.visual.shape.ShapeStim'>, autoDraw=False, autoLog=True, closeShape=True, color=method-wrapper(...), colorSpace='rgb', contrast=None, depth=0.0, fillColor=array([1, 1, 1]), fillColorSpace='rgb', fillRGB=array([1, 1, 1]), interpolate=True, lineColor=array([1., 1., 1.]), lineColorSpace='rgb', lineRGB=array([1, 1, 1]), lineWidth=1.0, name='polygon', opacity=1, ori=0.0, pos=array([0., 0.]), size=array([0.5, 0.5]), units='height', vertices=ndarray(...), win=Window(...), windingRule=None)
6.0380 	EXP 	Created text = TextStim(__class__=<class 'psychopy.visual.text.TextStim'>, alignHoriz=method-wrapper(...), alignText='center', alignVert=method-wrapper(...), anchorHoriz='center', anchorVert='center', antialias=True, autoLog=True, bold=False, color=array([1., 1., 1.]), colorSpace='rgb', contrast=1.0, depth=0.0, flipHoriz=False, flipVert=False, font='Open Sans', fontFiles=[], height=0.1, italic=False, languageStyle='LTR', name='text', opacity=1, ori=0.0, pos=array([0., 0.]), rgb=UNKNOWN, text=str(...), units='height', win=Window(...), wrapWidth=1)
6.0948 	EXP 	Instruct: autoDraw = True
6.0948 	EXP 	text_2: autoDraw = True
7.0987 	DATA 	Keypress: 1
7.1128 	EXP 	Imported TMTstop-B_1_1.xlsx as conditions, 26 conditions, 6 params
7.1132 	EXP 	Created sequence: sequential, trialTypes=26, nReps=1, seed=None
7.1134 	EXP 	New trial (rep=0, index=0): {'NumberLetter': 1, 'corrAns': ['2'], 'StimFile': 'TMTstop-B_1_1.png', 'Correct_StimFile': 'TMTstop-B_1_1.png', 'False_StimFile': 'TMTstop-B_1_1.png', 'DurationTrial': 10}
7.2051 	EXP 	Instruct: autoDraw = False
7.2051 	EXP 	text_2: autoDraw = False
7.2051 	EXP 	Stim: image = 'TMTstop-B_1_1.png'
7.2051 	EXP 	Stim: image = 'TMTstop-B_1_1.png'
7.2051 	EXP 	Stim: autoDraw = True
7.2860 	DATA 	Keypress: 1
7.9096 	DATA 	Keypress: 2
8.1185 	DATA 	Keypress: 2
8.4583 	DATA 	Keypress: 3
8.7226 	DATA 	Keypress: 3
8.8751 	DATA 	Keypress: 1
9.0904 	DATA 	Keypress: 1
9.1947 	DATA 	Keypress: 2
9.4458 	DATA 	Keypress: 2
9.6113 	DATA 	Keypress: 2
9.8196 	DATA 	Keypress: 3
9.8614 	DATA 	Keypress: 2
10.0001 	DATA 	Keypress: 1
10.0692 	DATA 	Keypress: 3
10.1598 	DATA 	Keypress: 2
10.2428 	DATA 	Keypress: 3
10.2710 	DATA 	Keypress: 1
10.3070 	DATA 	Keypress: 2
10.3889 	DATA 	Keypress: 1
10.4585 	DATA 	Keypress: 3
10.4723 	DATA 	Keypress: 2
10.5834 	DATA 	Keypress: 3
10.6114 	DATA 	Keypress: 1
10.6672 	DATA 	Keypress: 2
10.7223 	DATA 	Keypress: 1
10.7638 	DATA 	Keypress: 3
10.7776 	DATA 	Keypress: 2
10.8958 	DATA 	Keypress: 3
10.9251 	DATA 	Keypress: 1
10.9790 	DATA 	Keypress: 2
11.0347 	DATA 	Keypress: 1
11.0900 	DATA 	Keypress: 3
11.1179 	DATA 	Keypress: 2
11.2220 	DATA 	Keypress: 3
11.2499 	DATA 	Keypress: 1
11.3197 	DATA 	Keypress: 2
11.3750 	DATA 	Keypress: 1
11.4304 	DATA 	Keypress: 2
11.4447 	DATA 	Keypress: 3
11.5555 	DATA 	Keypress: 3
11.5835 	DATA 	Keypress: 1
11.6457 	DATA 	Keypress: 2
11.7289 	DATA 	Keypress: 3
12.1597 	DATA 	Keypress: esc
12.3846 	EXP 	window1: mouseVisible = True
1.6856 	WARNING 	We strongly recommend you activate the PTB sound engine in PsychoPy prefs as the preferred audio engine. Its timing is vastly superior. Your prefs are currently set to use ['pyo'] (in that order).
5.4129 	EXP 	Created window1 = Window(allowGUI=True, allowStencil=False, autoLog=True, backendConf=UNKNOWN, bitsMode=UNKNOWN, blendMode='avg', bpc=(8, 8, 8), color=array([0, 0, 0]), colorSpace='rgb', depthBits=8, fullscr=<method-wrapper '__getattribute__' of attributeSetter object at 0x0000023265BD9EB8>, gamma=None, gammaErrorPolicy='raise', lms=UNKNOWN, monitor=<psychopy.monitors.calibTools.Monitor object at 0x0000023265BC21D0>, multiSample=False, name='window1', numSamples=2, pos=[0.0, 0.0], screen=0, size=array([1920, 1055]), stencilBits=0, stereo=False, units='height', useFBO=True, useRetina=False, viewOri=0.0, viewPos=None, viewScale=None, waitBlanking=True, winType='glfw')
5.4130 	EXP 	window1: mouseVisible = True
5.4130 	EXP 	window1: recordFrameIntervals = False
5.4825 	EXP 	window1: recordFrameIntervals = True
5.5588 	EXP 	window1: recordFrameIntervals = False
5.8405 	EXP 	Created Instruct = ImageStim(__class__=<class 'psychopy.visual.image.ImageStim'>, autoLog=True, color=array([1., 1., 1.]), colorSpace='rgb', contrast=1.0, depth=0.0, flipHoriz=False, flipVert=False, image='InkedInstructBfinal_LI.jpg', interpolate=True, mask=None, maskParams=None, name='Instruct', opacity=1, ori=0.0, pos=array([0., 0.]), size=array([0.8, 0.8]), texRes=128.0, units='height', win=Window(...))
5.9541 	EXP 	Created text_2 = TextStim(__class__=<class 'psychopy.visual.text.TextStim'>, alignHoriz=method-wrapper(...), alignText='center', alignVert=method-wrapper(...), anchorHoriz='center', anchorVert='center', antialias=True, autoLog=True, bold=False, color=array([1., 1., 1.]), colorSpace='rgb', contrast=1.0, depth=-2.0, flipHoriz=False, flipVert=False, font='Open Sans', fontFiles=[], height=0.04, italic=False, languageStyle='LTR', name='text_2', opacity=1, ori=0.5, pos=array([ 0.  , -0.45]), rgb=UNKNOWN, text=str(...), units='height', win=Window(...), wrapWidth=2.0)
5.9572 	EXP 	Created Stim = ImageStim(__class__=<class 'psychopy.visual.image.ImageStim'>, autoLog=True, color=array([1., 1., 1.]), colorSpace='rgb', contrast=1.0, depth=0.0, flipHoriz=False, flipVert=False, image='sin', interpolate=True, mask=None, maskParams=None, name='Stim', opacity=1, ori=0.0, pos=array([0., 0.]), size=array([1.777, 1.   ]), texRes=128.0, units='height', win=Window(...))
5.9598 	EXP 	Created polygon = ShapeStim(__class__=<class 'psychopy.visual.shape.ShapeStim'>, autoDraw=False, autoLog=True, closeShape=True, color=method-wrapper(...), colorSpace='rgb', contrast=None, depth=0.0, fillColor=array([1, 1, 1]), fillColorSpace='rgb', fillRGB=array([1, 1, 1]), interpolate=True, lineColor=array([1., 1., 1.]), lineColorSpace='rgb', lineRGB=array([1, 1, 1]), lineWidth=1.0, name='polygon', opacity=1, ori=0.0, pos=array([0., 0.]), size=array([0.5, 0.5]), units='height', vertices=ndarray(...), win=Window(...), windingRule=None)
5.9772 	EXP 	Created text = TextStim(__class__=<class 'psychopy.visual.text.TextStim'>, alignHoriz=method-wrapper(...), alignText='center', alignVert=method-wrapper(...), anchorHoriz='center', anchorVert='center', antialias=True, autoLog=True, bold=False, color=array([1., 1., 1.]), colorSpace='rgb', contrast=1.0, depth=0.0, flipHoriz=False, flipVert=False, font='Open Sans', fontFiles=[], height=0.1, italic=False, languageStyle='LTR', name='text', opacity=1, ori=0.0, pos=array([0., 0.]), rgb=UNKNOWN, text=str(...), units='height', win=Window(...), wrapWidth=1)
6.0325 	EXP 	Instruct: autoDraw = True
6.0325 	EXP 	text_2: autoDraw = True
7.1883 	DATA 	Keypress: 1
7.2029 	EXP 	Imported TMTstop-B_1_1.xlsx as conditions, 26 conditions, 6 params
7.2032 	EXP 	Created sequence: sequential, trialTypes=26, nReps=1, seed=None
7.2034 	EXP 	New trial (rep=0, index=0): {'NumberLetter': 1, 'corrAns': ['2'], 'StimFile': 'TMTstop-B_1_1.png', 'Correct_StimFile': 'TMTstop-B_1_1.png', 'False_StimFile': 'TMTstop-B_1_1.png', 'DurationTrial': 10}
7.2892 	EXP 	Instruct: autoDraw = False
7.2892 	EXP 	text_2: autoDraw = False
7.2892 	EXP 	Stim: image = 'TMTstop-B_1_1.png'
7.2892 	EXP 	Stim: image = 'TMTstop-B_1_1.png'
7.2892 	EXP 	Stim: autoDraw = True
7.3684 	DATA 	Keypress: 1
7.9792 	DATA 	Keypress: 2
8.1822 	DATA 	Keypress: 2
8.6185 	DATA 	Keypress: 3
8.8907 	DATA 	Keypress: 3
9.0764 	DATA 	Keypress: 1
9.2785 	DATA 	Keypress: 1
9.3333 	DATA 	Keypress: 2
9.5142 	DATA 	Keypress: 3
9.5433 	DATA 	Keypress: 2
9.6741 	DATA 	Keypress: 1
9.7298 	DATA 	Keypress: 3
9.7709 	DATA 	Keypress: 2
9.8541 	DATA 	Keypress: 3
9.8819 	DATA 	Keypress: 1
9.9167 	DATA 	Keypress: 2
9.9791 	DATA 	Keypress: 1
10.0353 	DATA 	Keypress: 3
10.0354 	DATA 	Keypress: 2
10.1597 	DATA 	Keypress: 3
10.1880 	DATA 	Keypress: 1
10.2159 	DATA 	Keypress: 2
10.2572 	DATA 	Keypress: 1
10.3131 	DATA 	Keypress: 3
10.3402 	DATA 	Keypress: 2
10.4516 	DATA 	Keypress: 3
10.4795 	DATA 	Keypress: 1
10.5081 	DATA 	Keypress: 2
10.5903 	DATA 	Keypress: 3
10.7501 	DATA 	Keypress: esc
10.9314 	DATA 	Keypress: esc
10.9610 	EXP 	window1: mouseVisible = True
