1.7320 	WARNING 	We strongly recommend you activate the PTB sound engine in PsychoPy prefs as the preferred audio engine. Its timing is vastly superior. Your prefs are currently set to use ['pyo'] (in that order).
10.3441 	WARNING 	Couldn't measure a consistent frame rate.
  - Is your graphics card set to sync to vertical blank?
  - Are you running other processes on your computer?

10.3445 	EXP 	Created window1 = Window(allowGUI=True, allowStencil=False, autoLog=True, backendConf=UNKNOWN, bitsMode=UNKNOWN, blendMode='avg', bpc=(8, 8, 8), color=array([0, 0, 0]), colorSpace='rgb', depthBits=8, fullscr=<method-wrapper '__getattribute__' of attributeSetter object at 0x0000021BD2BE6898>, gamma=None, gammaErrorPolicy='raise', lms=UNKNOWN, monitor=<psychopy.monitors.calibTools.Monitor object at 0x0000021BD2BC1B70>, multiSample=False, name='window1', numSamples=2, pos=[0.0, 0.0], screen=0, size=array([1920, 1055]), stencilBits=0, stereo=False, units='height', useFBO=True, useRetina=False, viewOri=0.0, viewPos=None, viewScale=None, waitBlanking=True, winType='glfw')
10.3446 	EXP 	window1: mouseVisible = True
10.3446 	EXP 	window1: recordFrameIntervals = False
10.4126 	EXP 	window1: recordFrameIntervals = True
10.4489 	EXP 	window1: recordFrameIntervals = True
10.7747 	EXP 	Created Instruct = ImageStim(__class__=<class 'psychopy.visual.image.ImageStim'>, autoLog=True, color=array([1., 1., 1.]), colorSpace='rgb', contrast=1.0, depth=0.0, flipHoriz=False, flipVert=False, image=str(...), interpolate=True, mask=None, maskParams=None, name='Instruct', opacity=1, ori=0.0, pos=array([0., 0.]), size=array([1.28, 0.72]), texRes=128.0, units='height', win=Window(...))
10.8377 	EXP 	Created image_2 = ImageStim(__class__=<class 'psychopy.visual.image.ImageStim'>, autoLog=True, color=array([1., 1., 1.]), colorSpace='rgb', contrast=1.0, depth=0.0, flipHoriz=False, flipVert=False, image=str(...), interpolate=True, mask=None, maskParams=None, name='image_2', opacity=1, ori=0.0, pos=array([0., 0.]), size=array([1.28, 0.72]), texRes=128.0, units='height', win=Window(...))
10.8403 	EXP 	Created polygon = ShapeStim(__class__=<class 'psychopy.visual.shape.ShapeStim'>, autoDraw=False, autoLog=True, closeShape=True, color=method-wrapper(...), colorSpace='rgb', contrast=None, depth=0.0, fillColor=array([1, 1, 1]), fillColorSpace='rgb', fillRGB=array([1, 1, 1]), interpolate=True, lineColor=array([1., 1., 1.]), lineColorSpace='rgb', lineRGB=array([1, 1, 1]), lineWidth=1.0, name='polygon', opacity=1, ori=0.0, pos=array([0., 0.]), size=array([0.5, 0.5]), units='height', vertices=ndarray(...), win=Window(...), windingRule=None)
10.8432 	EXP 	Created Stim_practice = ImageStim(__class__=<class 'psychopy.visual.image.ImageStim'>, autoLog=True, color=array([1., 1., 1.]), colorSpace='rgb', contrast=1.0, depth=0.0, flipHoriz=False, flipVert=False, image='sin', interpolate=True, mask=None, maskParams=None, name='Stim_practice', opacity=1, ori=0.0, pos=array([0., 0.]), size=array([1.777, 1.   ]), texRes=128.0, units='height', win=Window(...))
10.9014 	EXP 	Created text_5 = TextStim(__class__=<class 'psychopy.visual.text.TextStim'>, alignHoriz=method-wrapper(...), alignText='center', alignVert=method-wrapper(...), anchorHoriz='center', anchorVert='center', antialias=True, autoLog=True, bold=False, color=array([1., 1., 1.]), colorSpace='rgb', contrast=1.0, depth=0.0, flipHoriz=False, flipVert=False, font='Open Sans', fontFiles=[], height=0.03, italic=False, languageStyle='LTR', name='text_5', opacity=1, ori=0.0, pos=array([0., 0.]), rgb=UNKNOWN, text='', units='height', win=Window(...), wrapWidth=1)
10.9034 	EXP 	Created polygon = ShapeStim(__class__=<class 'psychopy.visual.shape.ShapeStim'>, autoDraw=False, autoLog=True, closeShape=True, color=method-wrapper(...), colorSpace='rgb', contrast=None, depth=0.0, fillColor=array([1, 1, 1]), fillColorSpace='rgb', fillRGB=array([1, 1, 1]), interpolate=True, lineColor=array([1., 1., 1.]), lineColorSpace='rgb', lineRGB=array([1, 1, 1]), lineWidth=1.0, name='polygon', opacity=1, ori=0.0, pos=array([0., 0.]), size=array([0.5, 0.5]), units='height', vertices=ndarray(...), win=Window(...), windingRule=None)
10.9080 	EXP 	Created Stim = ImageStim(__class__=<class 'psychopy.visual.image.ImageStim'>, autoLog=True, color=array([1., 1., 1.]), colorSpace='rgb', contrast=1.0, depth=0.0, flipHoriz=False, flipVert=False, image='sin', interpolate=True, mask=None, maskParams=None, name='Stim', opacity=1, ori=0.0, pos=array([0., 0.]), size=array([1.777, 1.   ]), texRes=128.0, units='height', win=Window(...))
10.9099 	EXP 	Created polygon = ShapeStim(__class__=<class 'psychopy.visual.shape.ShapeStim'>, autoDraw=False, autoLog=True, closeShape=True, color=method-wrapper(...), colorSpace='rgb', contrast=None, depth=0.0, fillColor=array([1, 1, 1]), fillColorSpace='rgb', fillRGB=array([1, 1, 1]), interpolate=True, lineColor=array([1., 1., 1.]), lineColorSpace='rgb', lineRGB=array([1, 1, 1]), lineWidth=1.0, name='polygon', opacity=1, ori=0.0, pos=array([0., 0.]), size=array([0.5, 0.5]), units='height', vertices=ndarray(...), win=Window(...), windingRule=None)
10.9131 	EXP 	Created Stim = ImageStim(__class__=<class 'psychopy.visual.image.ImageStim'>, autoLog=True, color=array([1., 1., 1.]), colorSpace='rgb', contrast=1.0, depth=0.0, flipHoriz=False, flipVert=False, image='sin', interpolate=True, mask=None, maskParams=None, name='Stim', opacity=1, ori=0.0, pos=array([0., 0.]), size=array([1.777, 1.   ]), texRes=128.0, units='height', win=Window(...))
10.9153 	EXP 	Created polygon = ShapeStim(__class__=<class 'psychopy.visual.shape.ShapeStim'>, autoDraw=False, autoLog=True, closeShape=True, color=method-wrapper(...), colorSpace='rgb', contrast=None, depth=0.0, fillColor=array([1, 1, 1]), fillColorSpace='rgb', fillRGB=array([1, 1, 1]), interpolate=True, lineColor=array([1., 1., 1.]), lineColorSpace='rgb', lineRGB=array([1, 1, 1]), lineWidth=1.0, name='polygon', opacity=1, ori=0.0, pos=array([0., 0.]), size=array([0.5, 0.5]), units='height', vertices=ndarray(...), win=Window(...), windingRule=None)
10.9182 	EXP 	Created Stim = ImageStim(__class__=<class 'psychopy.visual.image.ImageStim'>, autoLog=True, color=array([1., 1., 1.]), colorSpace='rgb', contrast=1.0, depth=0.0, flipHoriz=False, flipVert=False, image='sin', interpolate=True, mask=None, maskParams=None, name='Stim', opacity=1, ori=0.0, pos=array([0., 0.]), size=array([1.777, 1.   ]), texRes=128.0, units='height', win=Window(...))
10.9201 	EXP 	Created polygon = ShapeStim(__class__=<class 'psychopy.visual.shape.ShapeStim'>, autoDraw=False, autoLog=True, closeShape=True, color=method-wrapper(...), colorSpace='rgb', contrast=None, depth=0.0, fillColor=array([1, 1, 1]), fillColorSpace='rgb', fillRGB=array([1, 1, 1]), interpolate=True, lineColor=array([1., 1., 1.]), lineColorSpace='rgb', lineRGB=array([1, 1, 1]), lineWidth=1.0, name='polygon', opacity=1, ori=0.0, pos=array([0., 0.]), size=array([0.5, 0.5]), units='height', vertices=ndarray(...), win=Window(...), windingRule=None)
10.9230 	EXP 	Created Stim = ImageStim(__class__=<class 'psychopy.visual.image.ImageStim'>, autoLog=True, color=array([1., 1., 1.]), colorSpace='rgb', contrast=1.0, depth=0.0, flipHoriz=False, flipVert=False, image='sin', interpolate=True, mask=None, maskParams=None, name='Stim', opacity=1, ori=0.0, pos=array([0., 0.]), size=array([1.777, 1.   ]), texRes=128.0, units='height', win=Window(...))
10.9249 	EXP 	Created polygon = ShapeStim(__class__=<class 'psychopy.visual.shape.ShapeStim'>, autoDraw=False, autoLog=True, closeShape=True, color=method-wrapper(...), colorSpace='rgb', contrast=None, depth=0.0, fillColor=array([1, 1, 1]), fillColorSpace='rgb', fillRGB=array([1, 1, 1]), interpolate=True, lineColor=array([1., 1., 1.]), lineColorSpace='rgb', lineRGB=array([1, 1, 1]), lineWidth=1.0, name='polygon', opacity=1, ori=0.0, pos=array([0., 0.]), size=array([0.5, 0.5]), units='height', vertices=ndarray(...), win=Window(...), windingRule=None)
10.9277 	EXP 	Created Stim = ImageStim(__class__=<class 'psychopy.visual.image.ImageStim'>, autoLog=True, color=array([1., 1., 1.]), colorSpace='rgb', contrast=1.0, depth=0.0, flipHoriz=False, flipVert=False, image='sin', interpolate=True, mask=None, maskParams=None, name='Stim', opacity=1, ori=0.0, pos=array([0., 0.]), size=array([1.777, 1.   ]), texRes=128.0, units='height', win=Window(...))
10.9295 	EXP 	Created polygon = ShapeStim(__class__=<class 'psychopy.visual.shape.ShapeStim'>, autoDraw=False, autoLog=True, closeShape=True, color=method-wrapper(...), colorSpace='rgb', contrast=None, depth=0.0, fillColor=array([1, 1, 1]), fillColorSpace='rgb', fillRGB=array([1, 1, 1]), interpolate=True, lineColor=array([1., 1., 1.]), lineColorSpace='rgb', lineRGB=array([1, 1, 1]), lineWidth=1.0, name='polygon', opacity=1, ori=0.0, pos=array([0., 0.]), size=array([0.5, 0.5]), units='height', vertices=ndarray(...), win=Window(...), windingRule=None)
10.9325 	EXP 	Created Stim = ImageStim(__class__=<class 'psychopy.visual.image.ImageStim'>, autoLog=True, color=array([1., 1., 1.]), colorSpace='rgb', contrast=1.0, depth=0.0, flipHoriz=False, flipVert=False, image='sin', interpolate=True, mask=None, maskParams=None, name='Stim', opacity=1, ori=0.0, pos=array([0., 0.]), size=array([1.777, 1.   ]), texRes=128.0, units='height', win=Window(...))
10.9343 	EXP 	Created polygon = ShapeStim(__class__=<class 'psychopy.visual.shape.ShapeStim'>, autoDraw=False, autoLog=True, closeShape=True, color=method-wrapper(...), colorSpace='rgb', contrast=None, depth=0.0, fillColor=array([1, 1, 1]), fillColorSpace='rgb', fillRGB=array([1, 1, 1]), interpolate=True, lineColor=array([1., 1., 1.]), lineColorSpace='rgb', lineRGB=array([1, 1, 1]), lineWidth=1.0, name='polygon', opacity=1, ori=0.0, pos=array([0., 0.]), size=array([0.5, 0.5]), units='height', vertices=ndarray(...), win=Window(...), windingRule=None)
10.9374 	EXP 	Created Stim = ImageStim(__class__=<class 'psychopy.visual.image.ImageStim'>, autoLog=True, color=array([1., 1., 1.]), colorSpace='rgb', contrast=1.0, depth=0.0, flipHoriz=False, flipVert=False, image='sin', interpolate=True, mask=None, maskParams=None, name='Stim', opacity=1, ori=0.0, pos=array([0., 0.]), size=array([1.777, 1.   ]), texRes=128.0, units='height', win=Window(...))
10.9393 	EXP 	Created polygon = ShapeStim(__class__=<class 'psychopy.visual.shape.ShapeStim'>, autoDraw=False, autoLog=True, closeShape=True, color=method-wrapper(...), colorSpace='rgb', contrast=None, depth=0.0, fillColor=array([1, 1, 1]), fillColorSpace='rgb', fillRGB=array([1, 1, 1]), interpolate=True, lineColor=array([1., 1., 1.]), lineColorSpace='rgb', lineRGB=array([1, 1, 1]), lineWidth=1.0, name='polygon', opacity=1, ori=0.0, pos=array([0., 0.]), size=array([0.5, 0.5]), units='height', vertices=ndarray(...), win=Window(...), windingRule=None)
10.9422 	EXP 	Created Stim = ImageStim(__class__=<class 'psychopy.visual.image.ImageStim'>, autoLog=True, color=array([1., 1., 1.]), colorSpace='rgb', contrast=1.0, depth=0.0, flipHoriz=False, flipVert=False, image='sin', interpolate=True, mask=None, maskParams=None, name='Stim', opacity=1, ori=0.0, pos=array([0., 0.]), size=array([1.777, 1.   ]), texRes=128.0, units='height', win=Window(...))
11.0044 	EXP 	Created text = TextStim(__class__=<class 'psychopy.visual.text.TextStim'>, alignHoriz=method-wrapper(...), alignText='center', alignVert=method-wrapper(...), anchorHoriz='center', anchorVert='center', antialias=True, autoLog=True, bold=False, color=array([1., 1., 1.]), colorSpace='rgb', contrast=1.0, depth=0.0, flipHoriz=False, flipVert=False, font='Open Sans', fontFiles=[], height=0.04, italic=False, languageStyle='LTR', name='text', opacity=1, ori=0.0, pos=array([0., 0.]), rgb=UNKNOWN, text=str(...), units='height', win=Window(...), wrapWidth=1)
11.0597 	WARNING 	t of last frame was 611.03ms (=1/1)
11.0597 	EXP 	Instruct: autoDraw = True
14.6462 	DATA 	Keypress: 2
14.6621 	EXP 	Instruct: autoDraw = False
14.6621 	EXP 	image_2: autoDraw = True
14.8333 	DATA 	Keypress: 2
15.0833 	DATA 	Keypress: 2
15.1011 	EXP 	image_2: autoDraw = False
15.1011 	EXP 	polygon: autoDraw = True
15.2860 	DATA 	Keypress: 2
18.0900 	EXP 	Created sequence: sequential, trialTypes=1, nReps=100, seed=None
18.0906 	EXP 	New trial (rep=0, index=0): None
18.0983 	EXP 	Imported TMTstop-Control_1_practice.xlsx as conditions, 13 conditions, 6 params
18.0986 	EXP 	Created sequence: sequential, trialTypes=13, nReps=1, seed=None
18.0988 	EXP 	New trial (rep=0, index=0): {'NumberLetter': 1, 'corrAns': ['2'], 'StimFile': 'TMTstop-Control_1_practice.png', 'Correct_StimFile': 'TMTstop-Control_1_practice.png', 'False_StimFile': 'TMTstop-Control_1_practice.png', 'DurationTrial': 10}
18.0991 	WARNING 	Requested image 'TMTstop-Control_1_practice.png' not found but similar filename 'TMTstop-Control_1_practice.jpg' exists. This will be used instead but changing the filename is advised.
18.1290 	WARNING 	t of last frame was 40.89ms (=1/24)
18.1290 	EXP 	polygon: autoDraw = False
18.1290 	EXP 	polygon: autoDraw = False
18.1290 	EXP 	Stim_practice: image = 'TMTstop-Control_1_practice.png'
18.1290 	EXP 	Stim_practice: autoDraw = True
19.9304 	DATA 	Keypress: 2
19.9372 	EXP 	New trial (rep=0, index=1): {'NumberLetter': 2, 'corrAns': ['3'], 'StimFile': 'TMTstop-Control_1_practice.png', 'Correct_StimFile': 'TMTstop-Control_1_practicefirstgreen.png', 'False_StimFile': 'TMTstop-Control_1_practicefirstred.png', 'DurationTrial': 10}
20.0049 	WARNING 	t of last frame was 71.58ms (=1/13)
20.0049 	EXP 	Stim_practice: autoDraw = False
20.0049 	EXP 	Stim_practice: image = 'TMTstop-Control_1_practicefirstgreen.png'
20.0049 	EXP 	Stim_practice: image = 'TMTstop-Control_1_practicefirstgreen.png'
20.0049 	EXP 	Stim_practice: autoDraw = True
20.1527 	DATA 	Keypress: 2
20.3092 	EXP 	New trial (rep=0, index=2): {'NumberLetter': 3, 'corrAns': ['2'], 'StimFile': 'TMTstop-Control_1_practicelinestimulus0.png', 'Correct_StimFile': 'TMTstop-Control_1_practicegreenlinestimulus0.png', 'False_StimFile': 'TMTstop-Control_1_practiceredlinestimulus0.png', 'DurationTrial': 10}
20.3681 	DATA 	Keypress: 3
20.3720 	WARNING 	t of last frame was 66.35ms (=1/15)
20.3720 	EXP 	Stim_practice: autoDraw = False
20.3720 	EXP 	Stim_practice: image = 'TMTstop-Control_1_practicegreenlinestimulus0.png'
20.3720 	EXP 	Stim_practice: image = 'TMTstop-Control_1_practicegreenlinestimulus0.png'
20.3720 	EXP 	Stim_practice: autoDraw = True
20.5281 	DATA 	Keypress: 3
20.8814 	EXP 	New trial (rep=0, index=3): {'NumberLetter': 4, 'corrAns': ['1'], 'StimFile': 'TMTstop-Control_1_practicelinestimulus1.png', 'Correct_StimFile': 'TMTstop-Control_1_practicegreenlinestimulus1.png', 'False_StimFile': 'TMTstop-Control_1_practiceredlinestimulus1.png', 'DurationTrial': 10}
20.9443 	DATA 	Keypress: 2
20.9495 	WARNING 	Multiple dropped frames have occurred - I'll stop bothering you about them!
20.9482 	EXP 	Stim_practice: autoDraw = False
20.9482 	EXP 	Stim_practice: image = 'TMTstop-Control_1_practicegreenlinestimulus1.png'
20.9482 	EXP 	Stim_practice: image = 'TMTstop-Control_1_practicegreenlinestimulus1.png'
20.9482 	EXP 	Stim_practice: autoDraw = True
21.0901 	DATA 	Keypress: 2
21.6394 	EXP 	New trial (rep=0, index=4): {'NumberLetter': 5, 'corrAns': ['2'], 'StimFile': 'TMTstop-Control_1_practicelinestimulus2.png', 'Correct_StimFile': 'TMTstop-Control_1_practicegreenlinestimulus2.png', 'False_StimFile': 'TMTstop-Control_1_practiceredlinestimulus2.png', 'DurationTrial': 10}
21.7020 	DATA 	Keypress: 1
21.7058 	EXP 	Stim_practice: autoDraw = False
21.7058 	EXP 	Stim_practice: image = 'TMTstop-Control_1_practicegreenlinestimulus2.png'
21.7058 	EXP 	Stim_practice: image = 'TMTstop-Control_1_practicegreenlinestimulus2.png'
21.7058 	EXP 	Stim_practice: autoDraw = True
21.8538 	DATA 	Keypress: 1
22.1322 	DATA 	Keypress: 2
22.1421 	EXP 	New trial (rep=0, index=5): {'NumberLetter': 6, 'corrAns': ['1'], 'StimFile': 'TMTstop-Control_1_practicelinestimulus3.png', 'Correct_StimFile': 'TMTstop-Control_1_practicegreenlinestimulus3.png', 'False_StimFile': 'TMTstop-Control_1_practiceredlinestimulus3.png', 'DurationTrial': 10}
22.2274 	EXP 	Stim_practice: autoDraw = False
22.2274 	EXP 	Stim_practice: image = 'TMTstop-Control_1_practicegreenlinestimulus3.png'
22.2274 	EXP 	Stim_practice: image = 'TMTstop-Control_1_practicegreenlinestimulus3.png'
22.2274 	EXP 	Stim_practice: autoDraw = True
22.3475 	DATA 	Keypress: 2
23.0579 	EXP 	New trial (rep=0, index=6): {'NumberLetter': 7, 'corrAns': ['2'], 'StimFile': 'TMTstop-Control_1_practicelinestimulus4.png', 'Correct_StimFile': 'TMTstop-Control_1_practicegreenlinestimulus4.png', 'False_StimFile': 'TMTstop-Control_1_practiceredlinestimulus4.png', 'DurationTrial': 10}
23.1177 	DATA 	Keypress: 1
23.1217 	EXP 	Stim_practice: autoDraw = False
23.1217 	EXP 	Stim_practice: image = 'TMTstop-Control_1_practicegreenlinestimulus4.png'
23.1217 	EXP 	Stim_practice: image = 'TMTstop-Control_1_practicegreenlinestimulus4.png'
23.1217 	EXP 	Stim_practice: autoDraw = True
23.2636 	DATA 	Keypress: 1
23.6332 	EXP 	New trial (rep=0, index=7): {'NumberLetter': 8, 'corrAns': ['1'], 'StimFile': 'TMTstop-Control_1_practicelinestimulus5.png', 'Correct_StimFile': 'TMTstop-Control_1_practicegreenlinestimulus5.png', 'False_StimFile': 'TMTstop-Control_1_practiceredlinestimulus5.png', 'DurationTrial': 10}
23.6942 	DATA 	Keypress: 2
23.6988 	EXP 	Stim_practice: autoDraw = False
23.6988 	EXP 	Stim_practice: image = 'TMTstop-Control_1_practicegreenlinestimulus5.png'
23.6988 	EXP 	Stim_practice: image = 'TMTstop-Control_1_practicegreenlinestimulus5.png'
23.6988 	EXP 	Stim_practice: autoDraw = True
23.8331 	DATA 	Keypress: 2
24.4163 	DATA 	Keypress: 1
24.4229 	EXP 	New trial (rep=0, index=8): {'NumberLetter': 9, 'corrAns': ['3'], 'StimFile': 'TMTstop-Control_1_practicelinestimulus6.png', 'Correct_StimFile': 'TMTstop-Control_1_practicegreenlinestimulus6.png', 'False_StimFile': 'TMTstop-Control_1_practiceredlinestimulus6.png', 'DurationTrial': 10}
24.4899 	EXP 	Stim_practice: autoDraw = False
24.4899 	EXP 	Stim_practice: image = 'TMTstop-Control_1_practicegreenlinestimulus6.png'
24.4899 	EXP 	Stim_practice: image = 'TMTstop-Control_1_practicegreenlinestimulus6.png'
24.4899 	EXP 	Stim_practice: autoDraw = True
24.6317 	DATA 	Keypress: 1
25.0688 	EXP 	New trial (rep=0, index=9): {'NumberLetter': 10, 'corrAns': ['1'], 'StimFile': 'TMTstop-Control_1_practicelinestimulus7.png', 'Correct_StimFile': 'TMTstop-Control_1_practicegreenlinestimulus7.png', 'False_StimFile': 'TMTstop-Control_1_practiceredlinestimulus7.png', 'DurationTrial': 10}
25.1316 	DATA 	Keypress: 3
25.1356 	EXP 	Stim_practice: autoDraw = False
25.1356 	EXP 	Stim_practice: image = 'TMTstop-Control_1_practicegreenlinestimulus7.png'
25.1356 	EXP 	Stim_practice: image = 'TMTstop-Control_1_practicegreenlinestimulus7.png'
25.1356 	EXP 	Stim_practice: autoDraw = True
25.2916 	DATA 	Keypress: 3
25.8469 	DATA 	Keypress: 1
25.8531 	EXP 	New trial (rep=0, index=10): {'NumberLetter': 11, 'corrAns': ['3'], 'StimFile': 'TMTstop-Control_1_practicelinestimulus8.png', 'Correct_StimFile': 'TMTstop-Control_1_practicegreenlinestimulus8.png', 'False_StimFile': 'TMTstop-Control_1_practiceredlinestimulus8.png', 'DurationTrial': 10}
25.9202 	EXP 	Stim_practice: autoDraw = False
25.9202 	EXP 	Stim_practice: image = 'TMTstop-Control_1_practicegreenlinestimulus8.png'
25.9202 	EXP 	Stim_practice: image = 'TMTstop-Control_1_practicegreenlinestimulus8.png'
25.9202 	EXP 	Stim_practice: autoDraw = True
26.0216 	DATA 	Keypress: 1
26.4862 	DATA 	Keypress: 2
26.5313 	EXP 	Stim_practice: image = 'TMTstop-Control_1_practiceredlinestimulus8.png'
26.5729 	EXP 	Stim_practice: image = 'TMTstop-Control_1_practiceredlinestimulus8.png'
26.6142 	EXP 	Stim_practice: image = 'TMTstop-Control_1_practiceredlinestimulus8.png'
26.6524 	DATA 	Keypress: 2
26.6561 	EXP 	Stim_practice: image = 'TMTstop-Control_1_practiceredlinestimulus8.png'
26.6975 	EXP 	Stim_practice: image = 'TMTstop-Control_1_practiceredlinestimulus8.png'
26.7327 	EXP 	Stim_practice: image = 'TMTstop-Control_1_practiceredlinestimulus8.png'
26.7671 	EXP 	Stim_practice: image = 'TMTstop-Control_1_practiceredlinestimulus8.png'
26.8089 	EXP 	Stim_practice: image = 'TMTstop-Control_1_practiceredlinestimulus8.png'
26.8502 	EXP 	Stim_practice: image = 'TMTstop-Control_1_practiceredlinestimulus8.png'
26.8884 	DATA 	Keypress: 3
26.8920 	EXP 	Stim_practice: image = 'TMTstop-Control_1_practiceredlinestimulus8.png'
26.8954 	EXP 	New trial (rep=0, index=11): {'NumberLetter': 12, 'corrAns': ['1'], 'StimFile': 'TMTstop-Control_1_practicelinestimulus9.png', 'Correct_StimFile': 'TMTstop-Control_1_practicegreenlinestimulus9.png', 'False_StimFile': 'TMTstop-Control_1_practiceredlinestimulus9.png', 'DurationTrial': 10}
26.9621 	EXP 	Stim_practice: autoDraw = False
26.9621 	EXP 	Stim_practice: image = 'TMTstop-Control_1_practicegreenlinestimulus9.png'
26.9621 	EXP 	Stim_practice: image = 'TMTstop-Control_1_practicegreenlinestimulus9.png'
26.9621 	EXP 	Stim_practice: autoDraw = True
27.1248 	DATA 	Keypress: 3
27.5126 	EXP 	New trial (rep=0, index=12): {'NumberLetter': None, 'corrAns': None, 'StimFile': 'TMTstop-Control_1_practicelinestimulus10.png', 'Correct_StimFile': 'TMTstop-Control_1_practicegreenlinestimulus10.png', 'False_StimFile': 'TMTstop-Control_1_practiceredlinestimulus10.png', 'DurationTrial': None}
27.5780 	DATA 	Keypress: 1
27.5819 	EXP 	Stim_practice: autoDraw = False
27.5819 	EXP 	Stim_practice: image = 'TMTstop-Control_1_practicegreenlinestimulus10.png'
27.5819 	EXP 	Stim_practice: image = 'TMTstop-Control_1_practicegreenlinestimulus10.png'
27.5819 	EXP 	Stim_practice: autoDraw = True
27.7230 	DATA 	Keypress: 1
28.6191 	EXP 	Stim_practice: autoDraw = False
28.6191 	EXP 	text_5: text = 'You have finished the practice. If you understood the task correctly please read on, otherwise ask the experiment leader or press X to restart the practice.\n\nFrom here on there will be 25 circles instead of 12. If you finish all circles you will see a white cross for a few seconds then you will get 25 new circles and start again from 1. The experiments will end automatically after three minutes. \n\nPress 1, 2 or 3  to start the experiment.\n\n\n\nDu har slutfört provomgången. Om du förstod uppgiften rätt, läs vidare, annars fråga experimentledaren eller tryck på X för att starta om provomgången.\n\nHärifrån kommer det att finnas 25 circlar istället för 12. Om du slutför alla circlar kommer du att se ett vitt kors i några sekunder, sedan får du 25 nya circlar och börjar om från 1. Experimenten avslutas automatiskt efter tre minuter.\n\nTryck på 1, 2 eller 3 för att starta experimentet.\n\n\n'
28.6191 	EXP 	text_5: autoDraw = True
29.4232 	DATA 	Keypress: 2
29.4383 	EXP 	text_5: autoDraw = False
29.4383 	EXP 	polygon: autoDraw = True
29.6414 	DATA 	Keypress: 3
29.6470 	DATA 	Keypress: 2
29.9238 	DATA 	Keypress: 3
32.4370 	EXP 	Imported TMTstop-control_1_1.xlsx as conditions, 26 conditions, 6 params
32.4373 	EXP 	Created sequence: sequential, trialTypes=26, nReps=1, seed=None
32.4375 	EXP 	New trial (rep=0, index=0): {'NumberLetter': 1, 'corrAns': ['2'], 'StimFile': 'TMTstop-control_1_1.png', 'Correct_StimFile': 'TMTstop-control_1_1.png', 'False_StimFile': 'TMTstop-control_1_1.png', 'DurationTrial': 10}
32.4379 	WARNING 	Requested image 'TMTstop-control_1_1.png' not found but similar filename 'TMTstop-control_1_1.jpg' exists. This will be used instead but changing the filename is advised.
32.4687 	EXP 	polygon: autoDraw = False
32.4687 	EXP 	polygon: autoDraw = False
32.4687 	EXP 	Stim: image = 'TMTstop-control_1_1.png'
32.4687 	EXP 	Stim: autoDraw = True
32.4706 	WARNING 	Requested image 'TMTstop-control_1_1.png' not found but similar filename 'TMTstop-control_1_1.jpg' exists. This will be used instead but changing the filename is advised.
32.5105 	EXP 	Stim: image = 'TMTstop-control_1_1.png'
32.5123 	WARNING 	Requested image 'TMTstop-control_1_1.png' not found but similar filename 'TMTstop-control_1_1.jpg' exists. This will be used instead but changing the filename is advised.
32.5524 	EXP 	Stim: image = 'TMTstop-control_1_1.png'
32.5539 	WARNING 	Requested image 'TMTstop-control_1_1.png' not found but similar filename 'TMTstop-control_1_1.jpg' exists. This will be used instead but changing the filename is advised.
32.5947 	EXP 	Stim: image = 'TMTstop-control_1_1.png'
32.5968 	WARNING 	Requested image 'TMTstop-control_1_1.png' not found but similar filename 'TMTstop-control_1_1.jpg' exists. This will be used instead but changing the filename is advised.
32.6359 	EXP 	Stim: image = 'TMTstop-control_1_1.png'
32.6380 	WARNING 	Requested image 'TMTstop-control_1_1.png' not found but similar filename 'TMTstop-control_1_1.jpg' exists. This will be used instead but changing the filename is advised.
32.6812 	EXP 	Stim: image = 'TMTstop-control_1_1.png'
32.6829 	WARNING 	Requested image 'TMTstop-control_1_1.png' not found but similar filename 'TMTstop-control_1_1.jpg' exists. This will be used instead but changing the filename is advised.
32.7198 	EXP 	Stim: image = 'TMTstop-control_1_1.png'
32.7217 	WARNING 	Requested image 'TMTstop-control_1_1.png' not found but similar filename 'TMTstop-control_1_1.jpg' exists. This will be used instead but changing the filename is advised.
32.7617 	EXP 	Stim: image = 'TMTstop-control_1_1.png'
32.7633 	WARNING 	Requested image 'TMTstop-control_1_1.png' not found but similar filename 'TMTstop-control_1_1.jpg' exists. This will be used instead but changing the filename is advised.
32.8028 	EXP 	Stim: image = 'TMTstop-control_1_1.png'
32.8044 	WARNING 	Requested image 'TMTstop-control_1_1.png' not found but similar filename 'TMTstop-control_1_1.jpg' exists. This will be used instead but changing the filename is advised.
32.8443 	EXP 	Stim: image = 'TMTstop-control_1_1.png'
32.8461 	WARNING 	Requested image 'TMTstop-control_1_1.png' not found but similar filename 'TMTstop-control_1_1.jpg' exists. This will be used instead but changing the filename is advised.
32.8875 	EXP 	Stim: image = 'TMTstop-control_1_1.png'
32.8893 	WARNING 	Requested image 'TMTstop-control_1_1.png' not found but similar filename 'TMTstop-control_1_1.jpg' exists. This will be used instead but changing the filename is advised.
32.9276 	EXP 	Stim: image = 'TMTstop-control_1_1.png'
32.9294 	WARNING 	Requested image 'TMTstop-control_1_1.png' not found but similar filename 'TMTstop-control_1_1.jpg' exists. This will be used instead but changing the filename is advised.
32.9694 	EXP 	Stim: image = 'TMTstop-control_1_1.png'
32.9711 	WARNING 	Requested image 'TMTstop-control_1_1.png' not found but similar filename 'TMTstop-control_1_1.jpg' exists. This will be used instead but changing the filename is advised.
33.0111 	EXP 	Stim: image = 'TMTstop-control_1_1.png'
33.0128 	WARNING 	Requested image 'TMTstop-control_1_1.png' not found but similar filename 'TMTstop-control_1_1.jpg' exists. This will be used instead but changing the filename is advised.
33.0447 	EXP 	Stim: image = 'TMTstop-control_1_1.png'
33.0464 	WARNING 	Requested image 'TMTstop-control_1_1.png' not found but similar filename 'TMTstop-control_1_1.jpg' exists. This will be used instead but changing the filename is advised.
33.0793 	EXP 	Stim: image = 'TMTstop-control_1_1.png'
33.0808 	WARNING 	Requested image 'TMTstop-control_1_1.png' not found but similar filename 'TMTstop-control_1_1.jpg' exists. This will be used instead but changing the filename is advised.
33.1143 	EXP 	Stim: image = 'TMTstop-control_1_1.png'
33.1160 	WARNING 	Requested image 'TMTstop-control_1_1.png' not found but similar filename 'TMTstop-control_1_1.jpg' exists. This will be used instead but changing the filename is advised.
33.1489 	EXP 	Stim: image = 'TMTstop-control_1_1.png'
33.1506 	WARNING 	Requested image 'TMTstop-control_1_1.png' not found but similar filename 'TMTstop-control_1_1.jpg' exists. This will be used instead but changing the filename is advised.
33.1835 	EXP 	Stim: image = 'TMTstop-control_1_1.png'
33.1851 	WARNING 	Requested image 'TMTstop-control_1_1.png' not found but similar filename 'TMTstop-control_1_1.jpg' exists. This will be used instead but changing the filename is advised.
33.2187 	EXP 	Stim: image = 'TMTstop-control_1_1.png'
33.2204 	WARNING 	Requested image 'TMTstop-control_1_1.png' not found but similar filename 'TMTstop-control_1_1.jpg' exists. This will be used instead but changing the filename is advised.
33.2536 	EXP 	Stim: image = 'TMTstop-control_1_1.png'
33.2552 	WARNING 	Requested image 'TMTstop-control_1_1.png' not found but similar filename 'TMTstop-control_1_1.jpg' exists. This will be used instead but changing the filename is advised.
33.2925 	EXP 	Stim: image = 'TMTstop-control_1_1.png'
33.2943 	WARNING 	Requested image 'TMTstop-control_1_1.png' not found but similar filename 'TMTstop-control_1_1.jpg' exists. This will be used instead but changing the filename is advised.
33.3224 	EXP 	Stim: image = 'TMTstop-control_1_1.png'
33.3240 	WARNING 	Requested image 'TMTstop-control_1_1.png' not found but similar filename 'TMTstop-control_1_1.jpg' exists. This will be used instead but changing the filename is advised.
33.3576 	EXP 	Stim: image = 'TMTstop-control_1_1.png'
33.3594 	WARNING 	Requested image 'TMTstop-control_1_1.png' not found but similar filename 'TMTstop-control_1_1.jpg' exists. This will be used instead but changing the filename is advised.
33.3923 	EXP 	Stim: image = 'TMTstop-control_1_1.png'
33.3941 	WARNING 	Requested image 'TMTstop-control_1_1.png' not found but similar filename 'TMTstop-control_1_1.jpg' exists. This will be used instead but changing the filename is advised.
33.4271 	EXP 	Stim: image = 'TMTstop-control_1_1.png'
33.4288 	WARNING 	Requested image 'TMTstop-control_1_1.png' not found but similar filename 'TMTstop-control_1_1.jpg' exists. This will be used instead but changing the filename is advised.
33.4613 	EXP 	Stim: image = 'TMTstop-control_1_1.png'
33.4630 	WARNING 	Requested image 'TMTstop-control_1_1.png' not found but similar filename 'TMTstop-control_1_1.jpg' exists. This will be used instead but changing the filename is advised.
33.4962 	EXP 	Stim: image = 'TMTstop-control_1_1.png'
33.4978 	WARNING 	Requested image 'TMTstop-control_1_1.png' not found but similar filename 'TMTstop-control_1_1.jpg' exists. This will be used instead but changing the filename is advised.
33.5315 	EXP 	Stim: image = 'TMTstop-control_1_1.png'
33.5328 	WARNING 	Requested image 'TMTstop-control_1_1.png' not found but similar filename 'TMTstop-control_1_1.jpg' exists. This will be used instead but changing the filename is advised.
33.5654 	EXP 	Stim: image = 'TMTstop-control_1_1.png'
33.5672 	WARNING 	Requested image 'TMTstop-control_1_1.png' not found but similar filename 'TMTstop-control_1_1.jpg' exists. This will be used instead but changing the filename is advised.
33.6014 	EXP 	Stim: image = 'TMTstop-control_1_1.png'
33.6029 	WARNING 	Requested image 'TMTstop-control_1_1.png' not found but similar filename 'TMTstop-control_1_1.jpg' exists. This will be used instead but changing the filename is advised.
33.6348 	EXP 	Stim: image = 'TMTstop-control_1_1.png'
33.6366 	WARNING 	Requested image 'TMTstop-control_1_1.png' not found but similar filename 'TMTstop-control_1_1.jpg' exists. This will be used instead but changing the filename is advised.
33.6708 	EXP 	Stim: image = 'TMTstop-control_1_1.png'
33.6722 	WARNING 	Requested image 'TMTstop-control_1_1.png' not found but similar filename 'TMTstop-control_1_1.jpg' exists. This will be used instead but changing the filename is advised.
33.7043 	EXP 	Stim: image = 'TMTstop-control_1_1.png'
33.7056 	WARNING 	Requested image 'TMTstop-control_1_1.png' not found but similar filename 'TMTstop-control_1_1.jpg' exists. This will be used instead but changing the filename is advised.
33.7390 	EXP 	Stim: image = 'TMTstop-control_1_1.png'
33.7408 	WARNING 	Requested image 'TMTstop-control_1_1.png' not found but similar filename 'TMTstop-control_1_1.jpg' exists. This will be used instead but changing the filename is advised.
33.7738 	EXP 	Stim: image = 'TMTstop-control_1_1.png'
33.7755 	WARNING 	Requested image 'TMTstop-control_1_1.png' not found but similar filename 'TMTstop-control_1_1.jpg' exists. This will be used instead but changing the filename is advised.
33.8090 	EXP 	Stim: image = 'TMTstop-control_1_1.png'
33.8107 	WARNING 	Requested image 'TMTstop-control_1_1.png' not found but similar filename 'TMTstop-control_1_1.jpg' exists. This will be used instead but changing the filename is advised.
33.8432 	EXP 	Stim: image = 'TMTstop-control_1_1.png'
33.8447 	WARNING 	Requested image 'TMTstop-control_1_1.png' not found but similar filename 'TMTstop-control_1_1.jpg' exists. This will be used instead but changing the filename is advised.
33.8780 	EXP 	Stim: image = 'TMTstop-control_1_1.png'
33.8795 	WARNING 	Requested image 'TMTstop-control_1_1.png' not found but similar filename 'TMTstop-control_1_1.jpg' exists. This will be used instead but changing the filename is advised.
33.9128 	EXP 	Stim: image = 'TMTstop-control_1_1.png'
33.9146 	WARNING 	Requested image 'TMTstop-control_1_1.png' not found but similar filename 'TMTstop-control_1_1.jpg' exists. This will be used instead but changing the filename is advised.
33.9481 	EXP 	Stim: image = 'TMTstop-control_1_1.png'
33.9494 	WARNING 	Requested image 'TMTstop-control_1_1.png' not found but similar filename 'TMTstop-control_1_1.jpg' exists. This will be used instead but changing the filename is advised.
33.9823 	EXP 	Stim: image = 'TMTstop-control_1_1.png'
33.9840 	WARNING 	Requested image 'TMTstop-control_1_1.png' not found but similar filename 'TMTstop-control_1_1.jpg' exists. This will be used instead but changing the filename is advised.
34.0174 	EXP 	Stim: image = 'TMTstop-control_1_1.png'
34.0191 	WARNING 	Requested image 'TMTstop-control_1_1.png' not found but similar filename 'TMTstop-control_1_1.jpg' exists. This will be used instead but changing the filename is advised.
34.0562 	EXP 	Stim: image = 'TMTstop-control_1_1.png'
34.0577 	WARNING 	Requested image 'TMTstop-control_1_1.png' not found but similar filename 'TMTstop-control_1_1.jpg' exists. This will be used instead but changing the filename is advised.
34.0828 	DATA 	Keypress: 2
34.0869 	EXP 	Stim: image = 'TMTstop-control_1_1.png'
34.0913 	EXP 	New trial (rep=0, index=1): {'NumberLetter': 2, 'corrAns': ['1'], 'StimFile': 'TMTstop-control_1_1.png', 'Correct_StimFile': 'TMTstop-control_1_1firstgreen.png', 'False_StimFile': 'TMTstop-control_1_1firstred.png', 'DurationTrial': 10}
34.1699 	EXP 	Stim: autoDraw = False
34.1699 	EXP 	Stim: image = 'TMTstop-control_1_1firstgreen.png'
34.1699 	EXP 	Stim: image = 'TMTstop-control_1_1firstgreen.png'
34.1699 	EXP 	Stim: autoDraw = True
34.2716 	DATA 	Keypress: 3
34.3120 	DATA 	Keypress: 2
34.3162 	EXP 	Stim: image = 'TMTstop-control_1_1firstred.png'
34.3586 	EXP 	Stim: image = 'TMTstop-control_1_1firstred.png'
34.3987 	EXP 	Stim: image = 'TMTstop-control_1_1firstred.png'
34.4379 	DATA 	Keypress: 1
34.4414 	EXP 	Stim: image = 'TMTstop-control_1_1firstred.png'
34.4458 	EXP 	New trial (rep=0, index=2): {'NumberLetter': 3, 'corrAns': ['2'], 'StimFile': 'TMTstop-control_1_1linestimulus0.png', 'Correct_StimFile': 'TMTstop-control_1_1greenlinestimulus0.png', 'False_StimFile': 'TMTstop-control_1_1redlinestimulus0.png', 'DurationTrial': 10}
34.5181 	DATA 	Keypress: 2
34.5184 	DATA 	Keypress: 3
34.5195 	EXP 	Stim: autoDraw = False
34.5195 	EXP 	Stim: image = 'TMTstop-control_1_1greenlinestimulus0.png'
34.5195 	EXP 	Stim: image = 'TMTstop-control_1_1greenlinestimulus0.png'
34.5195 	EXP 	Stim: autoDraw = True
34.5231 	EXP 	New trial (rep=0, index=3): {'NumberLetter': 4, 'corrAns': ['3'], 'StimFile': 'TMTstop-control_1_1linestimulus1.png', 'Correct_StimFile': 'TMTstop-control_1_1greenlinestimulus1.png', 'False_StimFile': 'TMTstop-control_1_1redlinestimulus1.png', 'DurationTrial': 10}
34.6005 	EXP 	Stim: autoDraw = False
34.6005 	EXP 	Stim: image = 'TMTstop-control_1_1greenlinestimulus1.png'
34.6005 	EXP 	Stim: image = 'TMTstop-control_1_1greenlinestimulus1.png'
34.6005 	EXP 	Stim: autoDraw = True
34.6186 	DATA 	Keypress: 3
34.6264 	EXP 	New trial (rep=0, index=4): {'NumberLetter': 5, 'corrAns': ['2'], 'StimFile': 'TMTstop-control_1_1linestimulus2.png', 'Correct_StimFile': 'TMTstop-control_1_1greenlinestimulus2.png', 'False_StimFile': 'TMTstop-control_1_1redlinestimulus2.png', 'DurationTrial': 10}
34.6939 	DATA 	Keypress: 1
34.6940 	DATA 	Keypress: 2
34.6979 	EXP 	Stim: autoDraw = False
34.6979 	EXP 	Stim: image = 'TMTstop-control_1_1greenlinestimulus2.png'
34.6979 	EXP 	Stim: image = 'TMTstop-control_1_1greenlinestimulus2.png'
34.6979 	EXP 	Stim: autoDraw = True
34.7703 	DATA 	Keypress: 1
34.8195 	EXP 	Stim: image = 'TMTstop-control_1_1redlinestimulus2.png'
34.8604 	DATA 	Keypress: 2
34.8606 	DATA 	Keypress: 3
34.8640 	EXP 	Stim: image = 'TMTstop-control_1_1redlinestimulus2.png'
34.8674 	EXP 	New trial (rep=0, index=5): {'NumberLetter': 6, 'corrAns': ['1'], 'StimFile': 'TMTstop-control_1_1linestimulus3.png', 'Correct_StimFile': 'TMTstop-control_1_1greenlinestimulus3.png', 'False_StimFile': 'TMTstop-control_1_1redlinestimulus3.png', 'DurationTrial': 10}
34.9368 	DATA 	Keypress: 3
34.9408 	EXP 	Stim: autoDraw = False
34.9408 	EXP 	Stim: image = 'TMTstop-control_1_1greenlinestimulus3.png'
34.9408 	EXP 	Stim: image = 'TMTstop-control_1_1greenlinestimulus3.png'
34.9408 	EXP 	Stim: autoDraw = True
34.9787 	DATA 	Keypress: 1
34.9822 	EXP 	Stim: image = 'TMTstop-control_1_1redlinestimulus3.png'
35.0220 	DATA 	Keypress: 2
35.0250 	EXP 	Stim: image = 'TMTstop-control_1_1redlinestimulus3.png'
35.0657 	EXP 	Stim: image = 'TMTstop-control_1_1redlinestimulus3.png'
35.0690 	EXP 	New trial (rep=0, index=6): {'NumberLetter': 7, 'corrAns': ['3'], 'StimFile': 'TMTstop-control_1_1linestimulus4.png', 'Correct_StimFile': 'TMTstop-control_1_1greenlinestimulus4.png', 'False_StimFile': 'TMTstop-control_1_1redlinestimulus4.png', 'DurationTrial': 10}
35.1382 	DATA 	Keypress: 1
35.1383 	DATA 	Keypress: 2
35.1423 	EXP 	Stim: autoDraw = False
35.1423 	EXP 	Stim: image = 'TMTstop-control_1_1greenlinestimulus4.png'
35.1423 	EXP 	Stim: image = 'TMTstop-control_1_1greenlinestimulus4.png'
35.1423 	EXP 	Stim: autoDraw = True
35.1799 	DATA 	Keypress: 3
35.1835 	EXP 	Stim: image = 'TMTstop-control_1_1redlinestimulus4.png'
35.2256 	EXP 	Stim: image = 'TMTstop-control_1_1redlinestimulus4.png'
35.2633 	DATA 	Keypress: 3
35.2676 	EXP 	Stim: image = 'TMTstop-control_1_1redlinestimulus4.png'
35.2721 	EXP 	New trial (rep=0, index=7): {'NumberLetter': 8, 'corrAns': ['2'], 'StimFile': 'TMTstop-control_1_1linestimulus4.png', 'Correct_StimFile': 'TMTstop-control_1_1greenlinestimulus5.png', 'False_StimFile': 'TMTstop-control_1_1redlinestimulus5.png', 'DurationTrial': 10}
35.3397 	DATA 	Keypress: 1
35.3445 	EXP 	Stim: autoDraw = False
35.3445 	EXP 	Stim: image = 'TMTstop-control_1_1greenlinestimulus5.png'
35.3445 	EXP 	Stim: image = 'TMTstop-control_1_1greenlinestimulus5.png'
35.3445 	EXP 	Stim: autoDraw = True
35.3539 	DATA 	Keypress: 2
35.4301 	DATA 	Keypress: 1
35.4338 	EXP 	Stim: image = 'TMTstop-control_1_1redlinestimulus5.png'
35.4716 	DATA 	Keypress: 3
35.4717 	DATA 	Keypress: 2
35.4752 	EXP 	Stim: image = 'TMTstop-control_1_1redlinestimulus5.png'
35.4787 	EXP 	New trial (rep=0, index=8): {'NumberLetter': 9, 'corrAns': ['3'], 'StimFile': 'TMTstop-control_1_1linestimulus6.png', 'Correct_StimFile': 'TMTstop-control_1_1greenlinestimulus6.png', 'False_StimFile': 'TMTstop-control_1_1redlinestimulus6.png', 'DurationTrial': 10}
35.5519 	EXP 	Stim: autoDraw = False
35.5519 	EXP 	Stim: image = 'TMTstop-control_1_1greenlinestimulus6.png'
35.5519 	EXP 	Stim: image = 'TMTstop-control_1_1greenlinestimulus6.png'
35.5519 	EXP 	Stim: autoDraw = True
35.5707 	DATA 	Keypress: 3
35.5775 	EXP 	New trial (rep=0, index=9): {'NumberLetter': 10, 'corrAns': ['2'], 'StimFile': 'TMTstop-control_1_1linestimulus7.png', 'Correct_StimFile': 'TMTstop-control_1_1greenlinestimulus7.png', 'False_StimFile': 'TMTstop-control_1_1redlinestimulus7.png', 'DurationTrial': 10}
35.6452 	DATA 	Keypress: 1
35.6492 	EXP 	Stim: autoDraw = False
35.6492 	EXP 	Stim: image = 'TMTstop-control_1_1greenlinestimulus7.png'
35.6492 	EXP 	Stim: image = 'TMTstop-control_1_1greenlinestimulus7.png'
35.6492 	EXP 	Stim: autoDraw = True
35.6593 	DATA 	Keypress: 2
35.7563 	DATA 	Keypress: 1
35.7600 	EXP 	Stim: image = 'TMTstop-control_1_1redlinestimulus7.png'
35.7979 	DATA 	Keypress: 2
35.7980 	DATA 	Keypress: 3
35.8014 	EXP 	Stim: image = 'TMTstop-control_1_1redlinestimulus7.png'
35.8055 	EXP 	New trial (rep=0, index=10): {'NumberLetter': 11, 'corrAns': ['3'], 'StimFile': 'TMTstop-control_1_1linestimulus8.png', 'Correct_StimFile': 'TMTstop-control_1_1greenlinestimulus8.png', 'False_StimFile': 'TMTstop-control_1_1redlinestimulus8.png', 'DurationTrial': 10}
35.8785 	EXP 	Stim: autoDraw = False
35.8785 	EXP 	Stim: image = 'TMTstop-control_1_1greenlinestimulus8.png'
35.8785 	EXP 	Stim: image = 'TMTstop-control_1_1greenlinestimulus8.png'
35.8785 	EXP 	Stim: autoDraw = True
35.9036 	EXP 	New trial (rep=0, index=11): {'NumberLetter': 12, 'corrAns': ['1'], 'StimFile': 'TMTstop-control_1_1linestimulus9.png', 'Correct_StimFile': 'TMTstop-control_1_1greenlinestimulus9.png', 'False_StimFile': 'TMTstop-control_1_1redlinestimulus9.png', 'DurationTrial': 10}
35.9728 	DATA 	Keypress: 3
35.9730 	DATA 	Keypress: 1
35.9731 	DATA 	Keypress: 2
35.9767 	EXP 	Stim: autoDraw = False
35.9767 	EXP 	Stim: image = 'TMTstop-control_1_1greenlinestimulus9.png'
35.9767 	EXP 	Stim: image = 'TMTstop-control_1_1greenlinestimulus9.png'
35.9767 	EXP 	Stim: autoDraw = True
36.0343 	DATA 	Keypress: 1
36.0433 	EXP 	New trial (rep=0, index=12): {'NumberLetter': 13, 'corrAns': ['3'], 'StimFile': 'TMTstop-control_1_1linestimulus10.png', 'Correct_StimFile': 'TMTstop-control_1_1greenlinestimulus10.png', 'False_StimFile': 'TMTstop-control_1_1redlinestimulus10.png', 'DurationTrial': 1}
36.1107 	DATA 	Keypress: 2
36.1108 	DATA 	Keypress: 3
36.1180 	EXP 	Stim: autoDraw = False
36.1180 	EXP 	Stim: image = 'TMTstop-control_1_1greenlinestimulus10.png'
36.1180 	EXP 	Stim: image = 'TMTstop-control_1_1greenlinestimulus10.png'
36.1180 	EXP 	Stim: autoDraw = True
36.1636 	EXP 	Stim: image = 'TMTstop-control_1_1redlinestimulus10.png'
36.2008 	DATA 	Keypress: 3
36.2045 	EXP 	Stim: image = 'TMTstop-control_1_1redlinestimulus10.png'
36.2089 	EXP 	New trial (rep=0, index=13): {'NumberLetter': 14, 'corrAns': ['1'], 'StimFile': 'TMTstop-control_1_1linestimulus11.png', 'Correct_StimFile': 'TMTstop-control_1_1greenlinestimulus11.png', 'False_StimFile': 'TMTstop-control_1_1redlinestimulus11.png', 'DurationTrial': None}
36.2772 	DATA 	Keypress: 1
36.2774 	DATA 	Keypress: 2
36.2814 	EXP 	Stim: autoDraw = False
36.2814 	EXP 	Stim: image = 'TMTstop-control_1_1greenlinestimulus11.png'
36.2814 	EXP 	Stim: image = 'TMTstop-control_1_1greenlinestimulus11.png'
36.2814 	EXP 	Stim: autoDraw = True
36.3327 	EXP 	New trial (rep=0, index=14): {'NumberLetter': 15, 'corrAns': ['3'], 'StimFile': 'TMTstop-control_1_1linestimulus12.png', 'Correct_StimFile': 'TMTstop-control_1_1greenlinestimulus12.png', 'False_StimFile': 'TMTstop-control_1_1redlinestimulus12.png', 'DurationTrial': None}
36.4021 	DATA 	Keypress: 1
36.4064 	EXP 	Stim: autoDraw = False
36.4064 	EXP 	Stim: image = 'TMTstop-control_1_1greenlinestimulus12.png'
36.4064 	EXP 	Stim: image = 'TMTstop-control_1_1greenlinestimulus12.png'
36.4064 	EXP 	Stim: autoDraw = True
36.4163 	DATA 	Keypress: 3
36.4785 	DATA 	Keypress: 2
36.5201 	DATA 	Keypress: 3
36.5237 	EXP 	Stim: image = 'TMTstop-control_1_1redlinestimulus12.png'
36.5269 	EXP 	New trial (rep=0, index=15): {'NumberLetter': 16, 'corrAns': ['1'], 'StimFile': 'TMTstop-control_1_1linestimulus13.png', 'Correct_StimFile': 'TMTstop-control_1_1greenlinestimulus13.png', 'False_StimFile': 'TMTstop-control_1_1redlinestimulus13.png', 'DurationTrial': None}
36.5966 	DATA 	Keypress: 1
36.5967 	DATA 	Keypress: 2
36.6005 	EXP 	Stim: autoDraw = False
36.6005 	EXP 	Stim: image = 'TMTstop-control_1_1greenlinestimulus13.png'
36.6005 	EXP 	Stim: image = 'TMTstop-control_1_1greenlinestimulus13.png'
36.6005 	EXP 	Stim: autoDraw = True
36.7494 	DATA 	Keypress: 3
36.7762 	EXP 	New trial (rep=0, index=16): {'NumberLetter': 17, 'corrAns': ['2'], 'StimFile': 'TMTstop-control_1_1linestimulus14.png', 'Correct_StimFile': 'TMTstop-control_1_1greenlinestimulus14.png', 'False_StimFile': 'TMTstop-control_1_1redlinestimulus14.png', 'DurationTrial': None}
36.8465 	DATA 	Keypress: 1
36.8467 	DATA 	Keypress: 2
36.8507 	EXP 	Stim: autoDraw = False
36.8507 	EXP 	Stim: image = 'TMTstop-control_1_1greenlinestimulus14.png'
36.8507 	EXP 	Stim: image = 'TMTstop-control_1_1greenlinestimulus14.png'
36.8507 	EXP 	Stim: autoDraw = True
36.8547 	EXP 	New trial (rep=0, index=17): {'NumberLetter': 18, 'corrAns': ['1'], 'StimFile': 'TMTstop-control_1_1linestimulus15.png', 'Correct_StimFile': 'TMTstop-control_1_1greenlinestimulus15.png', 'False_StimFile': 'TMTstop-control_1_1redlinestimulus15.png', 'DurationTrial': None}
36.9268 	EXP 	Stim: autoDraw = False
36.9268 	EXP 	Stim: image = 'TMTstop-control_1_1greenlinestimulus15.png'
36.9268 	EXP 	Stim: image = 'TMTstop-control_1_1greenlinestimulus15.png'
36.9268 	EXP 	Stim: autoDraw = True
36.9993 	DATA 	Keypress: 3
36.9996 	DATA 	Keypress: 1
37.0030 	EXP 	Stim: image = 'TMTstop-control_1_1redlinestimulus15.png'
37.0411 	DATA 	Keypress: 2
37.0447 	EXP 	Stim: image = 'TMTstop-control_1_1redlinestimulus15.png'
37.0862 	EXP 	Stim: image = 'TMTstop-control_1_1redlinestimulus15.png'
37.1243 	DATA 	Keypress: 1
37.1282 	EXP 	Stim: image = 'TMTstop-control_1_1redlinestimulus15.png'
37.1318 	EXP 	New trial (rep=0, index=18): {'NumberLetter': 19, 'corrAns': ['3'], 'StimFile': 'TMTstop-control_1_1linestimulus16.png', 'Correct_StimFile': 'TMTstop-control_1_1greenlinestimulus16.png', 'False_StimFile': 'TMTstop-control_1_1redlinestimulus16.png', 'DurationTrial': None}
37.2007 	DATA 	Keypress: 3
37.2008 	DATA 	Keypress: 2
37.2051 	EXP 	Stim: autoDraw = False
37.2051 	EXP 	Stim: image = 'TMTstop-control_1_1greenlinestimulus16.png'
37.2051 	EXP 	Stim: image = 'TMTstop-control_1_1greenlinestimulus16.png'
37.2051 	EXP 	Stim: autoDraw = True
37.2461 	EXP 	Stim: image = 'TMTstop-control_1_1redlinestimulus16.png'
37.2841 	DATA 	Keypress: 3
37.2876 	EXP 	Stim: image = 'TMTstop-control_1_1redlinestimulus16.png'
37.2912 	EXP 	New trial (rep=0, index=19): {'NumberLetter': 20, 'corrAns': ['1'], 'StimFile': 'TMTstop-control_1_1linestimulus17.png', 'Correct_StimFile': 'TMTstop-control_1_1greenlinestimulus17.png', 'False_StimFile': 'TMTstop-control_1_1redlinestimulus17.png', 'DurationTrial': None}
37.3604 	DATA 	Keypress: 1
37.3645 	EXP 	Stim: autoDraw = False
37.3645 	EXP 	Stim: image = 'TMTstop-control_1_1greenlinestimulus17.png'
37.3645 	EXP 	Stim: image = 'TMTstop-control_1_1greenlinestimulus17.png'
37.3645 	EXP 	Stim: autoDraw = True
37.3754 	DATA 	Keypress: 2
37.4300 	DATA 	Keypress: 1
37.4364 	EXP 	New trial (rep=0, index=20): {'NumberLetter': 21, 'corrAns': ['3'], 'StimFile': 'TMTstop-control_1_1linestimulus18.png', 'Correct_StimFile': 'TMTstop-control_1_1greenlinestimulus18.png', 'False_StimFile': 'TMTstop-control_1_1redlinestimulus18.png', 'DurationTrial': None}
37.4995 	DATA 	Keypress: 3
37.5035 	EXP 	Stim: autoDraw = False
37.5035 	EXP 	Stim: image = 'TMTstop-control_1_1greenlinestimulus18.png'
37.5035 	EXP 	Stim: image = 'TMTstop-control_1_1greenlinestimulus18.png'
37.5035 	EXP 	Stim: autoDraw = True
37.5139 	DATA 	Keypress: 2
37.5590 	EXP 	Stim: image = 'TMTstop-control_1_1redlinestimulus18.png'
37.5966 	DATA 	Keypress: 3
37.6001 	EXP 	Stim: image = 'TMTstop-control_1_1redlinestimulus18.png'
37.6034 	EXP 	New trial (rep=0, index=21): {'NumberLetter': 22, 'corrAns': ['1'], 'StimFile': 'TMTstop-control_1_1linestimulus19.png', 'Correct_StimFile': 'TMTstop-control_1_1greenlinestimulus19.png', 'False_StimFile': 'TMTstop-control_1_1redlinestimulus19.png', 'DurationTrial': None}
37.6669 	DATA 	Keypress: 1
37.6672 	DATA 	Keypress: 2
37.6709 	EXP 	Stim: autoDraw = False
37.6709 	EXP 	Stim: image = 'TMTstop-control_1_1greenlinestimulus19.png'
37.6709 	EXP 	Stim: image = 'TMTstop-control_1_1greenlinestimulus19.png'
37.6709 	EXP 	Stim: autoDraw = True
37.7285 	EXP 	New trial (rep=0, index=22): {'NumberLetter': 23, 'corrAns': ['3'], 'StimFile': 'TMTstop-control_1_1linestimulus20.png', 'Correct_StimFile': 'TMTstop-control_1_1greenlinestimulus20.png', 'False_StimFile': 'TMTstop-control_1_1redlinestimulus20.png', 'DurationTrial': None}
37.7912 	DATA 	Keypress: 1
37.7913 	DATA 	Keypress: 3
37.7960 	EXP 	Stim: autoDraw = False
37.7960 	EXP 	Stim: image = 'TMTstop-control_1_1greenlinestimulus20.png'
37.7960 	EXP 	Stim: image = 'TMTstop-control_1_1greenlinestimulus20.png'
37.7960 	EXP 	Stim: autoDraw = True
37.8257 	DATA 	Keypress: 2
37.8718 	EXP 	Stim: image = 'TMTstop-control_1_1redlinestimulus20.png'
37.9090 	DATA 	Keypress: 3
37.9130 	EXP 	Stim: image = 'TMTstop-control_1_1redlinestimulus20.png'
37.9163 	EXP 	New trial (rep=0, index=23): {'NumberLetter': 24, 'corrAns': ['1'], 'StimFile': 'TMTstop-control_1_1linestimulus21.png', 'Correct_StimFile': 'TMTstop-control_1_1greenlinestimulus21.png', 'False_StimFile': 'TMTstop-control_1_1redlinestimulus21.png', 'DurationTrial': None}
37.9855 	DATA 	Keypress: 1
37.9855 	DATA 	Keypress: 2
37.9899 	EXP 	Stim: autoDraw = False
37.9899 	EXP 	Stim: image = 'TMTstop-control_1_1greenlinestimulus21.png'
37.9899 	EXP 	Stim: image = 'TMTstop-control_1_1greenlinestimulus21.png'
37.9899 	EXP 	Stim: autoDraw = True
38.0479 	DATA 	Keypress: 1
38.0553 	EXP 	New trial (rep=0, index=24): {'NumberLetter': 25, 'corrAns': ['3'], 'StimFile': 'TMTstop-control_1_1linestimulus22.png', 'Correct_StimFile': 'TMTstop-control_1_1greenlinestimulus22.png', 'False_StimFile': 'TMTstop-control_1_1redlinestimulus22.png', 'DurationTrial': None}
38.1174 	DATA 	Keypress: 2
38.1176 	DATA 	Keypress: 3
38.1215 	EXP 	Stim: autoDraw = False
38.1215 	EXP 	Stim: image = 'TMTstop-control_1_1greenlinestimulus22.png'
38.1215 	EXP 	Stim: image = 'TMTstop-control_1_1greenlinestimulus22.png'
38.1215 	EXP 	Stim: autoDraw = True
38.1625 	EXP 	Stim: image = 'TMTstop-control_1_1redlinestimulus22.png'
38.2007 	DATA 	Keypress: 3
38.2044 	EXP 	Stim: image = 'TMTstop-control_1_1redlinestimulus22.png'
38.2079 	EXP 	New trial (rep=0, index=25): {'NumberLetter': None, 'corrAns': None, 'StimFile': 'TMTstop-control_1_1linestimulus23.png', 'Correct_StimFile': 'TMTstop-control_1_1greenlinestimulus23.png', 'False_StimFile': 'TMTstop-control_1_1redlinestimulus23.png', 'DurationTrial': None}
38.2771 	DATA 	Keypress: 1
38.2818 	EXP 	Stim: autoDraw = False
38.2818 	EXP 	Stim: image = 'TMTstop-control_1_1greenlinestimulus23.png'
38.2818 	EXP 	Stim: image = 'TMTstop-control_1_1greenlinestimulus23.png'
38.2818 	EXP 	Stim: autoDraw = True
38.2910 	DATA 	Keypress: 2
38.3408 	DATA 	Keypress: 1
38.3848 	EXP 	Stim: image = 'TMTstop-control_1_1redlinestimulus23.png'
38.4231 	DATA 	Keypress: 3
38.4232 	DATA 	Keypress: 2
38.4270 	EXP 	Stim: image = 'TMTstop-control_1_1redlinestimulus23.png'
38.4684 	EXP 	Stim: image = 'TMTstop-control_1_1redlinestimulus23.png'
38.5096 	EXP 	Stim: image = 'TMTstop-control_1_1redlinestimulus23.png'
38.5514 	EXP 	Stim: image = 'TMTstop-control_1_1redlinestimulus23.png'
38.5897 	DATA 	Keypress: 3
38.5931 	EXP 	Stim: image = 'TMTstop-control_1_1redlinestimulus23.png'
38.6314 	DATA 	Keypress: 1
38.6315 	DATA 	Keypress: 2
38.6379 	EXP 	Stim: image = 'TMTstop-control_1_1redlinestimulus23.png'
38.6805 	DATA 	Keypress: 3
38.6835 	EXP 	Stim: image = 'TMTstop-control_1_1redlinestimulus23.png'
38.7250 	EXP 	Stim: image = 'TMTstop-control_1_1redlinestimulus23.png'
38.7666 	EXP 	Stim: image = 'TMTstop-control_1_1redlinestimulus23.png'
38.8083 	EXP 	Stim: image = 'TMTstop-control_1_1redlinestimulus23.png'
38.8505 	EXP 	Stim: image = 'TMTstop-control_1_1redlinestimulus23.png'
38.8918 	EXP 	Stim: image = 'TMTstop-control_1_1redlinestimulus23.png'
38.9333 	EXP 	Stim: image = 'TMTstop-control_1_1redlinestimulus23.png'
38.9762 	EXP 	Stim: image = 'TMTstop-control_1_1redlinestimulus23.png'
39.0196 	EXP 	Stim: image = 'TMTstop-control_1_1redlinestimulus23.png'
39.0584 	EXP 	Stim: image = 'TMTstop-control_1_1redlinestimulus23.png'
39.1002 	EXP 	Stim: image = 'TMTstop-control_1_1redlinestimulus23.png'
39.1418 	EXP 	Stim: image = 'TMTstop-control_1_1redlinestimulus23.png'
39.1836 	EXP 	Stim: image = 'TMTstop-control_1_1redlinestimulus23.png'
39.2250 	EXP 	Stim: image = 'TMTstop-control_1_1redlinestimulus23.png'
39.2678 	EXP 	Stim: image = 'TMTstop-control_1_1redlinestimulus23.png'
39.3066 	EXP 	Stim: image = 'TMTstop-control_1_1redlinestimulus23.png'
39.3066 	EXP 	Stim: autoDraw = False
39.3066 	EXP 	polygon: autoDraw = True
42.3058 	EXP 	Imported TMTstop-control_1_a.xlsx as conditions, 26 conditions, 6 params
42.3061 	EXP 	Created sequence: sequential, trialTypes=26, nReps=1, seed=None
42.3064 	EXP 	New trial (rep=0, index=0): {'NumberLetter': 'A', 'corrAns': ['3'], 'StimFile': 'TMTstop-control_1_a.png', 'Correct_StimFile': 'TMTstop-control_1_a.png', 'False_StimFile': 'TMTstop-control_1_a.png', 'DurationTrial': 10}
42.3066 	WARNING 	Requested image 'TMTstop-control_1_a.png' not found but similar filename 'TMTstop-control_1_a.jpg' exists. This will be used instead but changing the filename is advised.
42.3361 	EXP 	polygon: autoDraw = False
42.3361 	EXP 	polygon: autoDraw = False
42.3361 	EXP 	Stim: image = 'TMTstop-control_1_a.png'
42.3361 	EXP 	Stim: autoDraw = True
46.5949 	WARNING 	Requested image 'TMTstop-control_1_a.png' not found but similar filename 'TMTstop-control_1_a.jpg' exists. This will be used instead but changing the filename is advised.
46.6172 	DATA 	Keypress: 1
46.6211 	EXP 	Stim: image = 'TMTstop-control_1_a.png'
46.6225 	WARNING 	Requested image 'TMTstop-control_1_a.png' not found but similar filename 'TMTstop-control_1_a.jpg' exists. This will be used instead but changing the filename is advised.
46.6486 	EXP 	Stim: image = 'TMTstop-control_1_a.png'
46.6501 	WARNING 	Requested image 'TMTstop-control_1_a.png' not found but similar filename 'TMTstop-control_1_a.jpg' exists. This will be used instead but changing the filename is advised.
46.6836 	EXP 	Stim: image = 'TMTstop-control_1_a.png'
46.6853 	WARNING 	Requested image 'TMTstop-control_1_a.png' not found but similar filename 'TMTstop-control_1_a.jpg' exists. This will be used instead but changing the filename is advised.
46.7181 	EXP 	Stim: image = 'TMTstop-control_1_a.png'
46.7199 	WARNING 	Requested image 'TMTstop-control_1_a.png' not found but similar filename 'TMTstop-control_1_a.jpg' exists. This will be used instead but changing the filename is advised.
46.7527 	EXP 	Stim: image = 'TMTstop-control_1_a.png'
46.7542 	WARNING 	Requested image 'TMTstop-control_1_a.png' not found but similar filename 'TMTstop-control_1_a.jpg' exists. This will be used instead but changing the filename is advised.
46.7837 	DATA 	Keypress: 2
46.7873 	EXP 	Stim: image = 'TMTstop-control_1_a.png'
46.7891 	WARNING 	Requested image 'TMTstop-control_1_a.png' not found but similar filename 'TMTstop-control_1_a.jpg' exists. This will be used instead but changing the filename is advised.
46.8228 	EXP 	Stim: image = 'TMTstop-control_1_a.png'
46.8244 	WARNING 	Requested image 'TMTstop-control_1_a.png' not found but similar filename 'TMTstop-control_1_a.jpg' exists. This will be used instead but changing the filename is advised.
46.8533 	DATA 	Keypress: 1
46.8534 	DATA 	Keypress: 3
46.8568 	EXP 	Stim: image = 'TMTstop-control_1_a.png'
46.8604 	EXP 	New trial (rep=0, index=1): {'NumberLetter': 'B', 'corrAns': ['1'], 'StimFile': 'TMTstop-control_1_a.png', 'Correct_StimFile': 'TMTstop-control_1_afirstgreen.png', 'False_StimFile': 'TMTstop-control_1_afirstred.png', 'DurationTrial': 10}
46.9335 	EXP 	Stim: autoDraw = False
46.9335 	EXP 	Stim: image = 'TMTstop-control_1_afirstgreen.png'
46.9335 	EXP 	Stim: image = 'TMTstop-control_1_afirstgreen.png'
46.9335 	EXP 	Stim: autoDraw = True
46.9715 	DATA 	Keypress: 2
47.0010 	EXP 	New trial (rep=0, index=2): {'NumberLetter': 'C', 'corrAns': ['3'], 'StimFile': 'TMTstop-control_1_alinestimulus0.png', 'Correct_StimFile': 'TMTstop-control_1_agreenlinestimulus0.png', 'False_StimFile': 'TMTstop-control_1_aredlinestimulus0.png', 'DurationTrial': 10}
47.0616 	DATA 	Keypress: 1
47.0617 	DATA 	Keypress: 3
47.0659 	EXP 	Stim: autoDraw = False
47.0659 	EXP 	Stim: image = 'TMTstop-control_1_agreenlinestimulus0.png'
47.0659 	EXP 	Stim: image = 'TMTstop-control_1_agreenlinestimulus0.png'
47.0659 	EXP 	Stim: autoDraw = True
47.0968 	DATA 	Keypress: 2
47.1416 	EXP 	Stim: image = 'TMTstop-control_1_aredlinestimulus0.png'
47.1797 	DATA 	Keypress: 3
47.1833 	EXP 	Stim: image = 'TMTstop-control_1_aredlinestimulus0.png'
47.1871 	EXP 	New trial (rep=0, index=3): {'NumberLetter': 'D', 'corrAns': ['2'], 'StimFile': 'TMTstop-control_1_alinestimulus1.png', 'Correct_StimFile': 'TMTstop-control_1_agreenlinestimulus1.png', 'False_StimFile': 'TMTstop-control_1_aredlinestimulus1.png', 'DurationTrial': 10}
47.2527 	DATA 	Keypress: 1
47.2532 	DATA 	Keypress: 2
47.2549 	EXP 	Stim: autoDraw = False
47.2549 	EXP 	Stim: image = 'TMTstop-control_1_agreenlinestimulus1.png'
47.2549 	EXP 	Stim: image = 'TMTstop-control_1_agreenlinestimulus1.png'
47.2549 	EXP 	Stim: autoDraw = True
47.3121 	DATA 	Keypress: 1
47.3570 	EXP 	Stim: image = 'TMTstop-control_1_aredlinestimulus1.png'
47.3949 	DATA 	Keypress: 3
47.3950 	DATA 	Keypress: 2
47.3985 	EXP 	Stim: image = 'TMTstop-control_1_aredlinestimulus1.png'
47.4022 	EXP 	New trial (rep=0, index=4): {'NumberLetter': 'E', 'corrAns': ['1'], 'StimFile': 'TMTstop-control_1_alinestimulus2.png', 'Correct_StimFile': 'TMTstop-control_1_agreenlinestimulus2.png', 'False_StimFile': 'TMTstop-control_1_aredlinestimulus2.png', 'DurationTrial': 10}
47.4691 	EXP 	Stim: autoDraw = False
47.4691 	EXP 	Stim: image = 'TMTstop-control_1_agreenlinestimulus2.png'
47.4691 	EXP 	Stim: image = 'TMTstop-control_1_agreenlinestimulus2.png'
47.4691 	EXP 	Stim: autoDraw = True
47.5060 	DATA 	Keypress: 3
47.5062 	DATA 	Keypress: 1
47.5097 	EXP 	Stim: image = 'TMTstop-control_1_aredlinestimulus2.png'
47.5477 	DATA 	Keypress: 2
47.5512 	EXP 	Stim: image = 'TMTstop-control_1_aredlinestimulus2.png'
47.5928 	EXP 	Stim: image = 'TMTstop-control_1_aredlinestimulus2.png'
47.6310 	DATA 	Keypress: 1
47.6347 	EXP 	Stim: image = 'TMTstop-control_1_aredlinestimulus2.png'
47.6380 	EXP 	New trial (rep=0, index=5): {'NumberLetter': 'F', 'corrAns': ['3'], 'StimFile': 'TMTstop-control_1_alinestimulus3.png', 'Correct_StimFile': 'TMTstop-control_1_agreenlinestimulus3.png', 'False_StimFile': 'TMTstop-control_1_aredlinestimulus3.png', 'DurationTrial': 10}
47.7006 	DATA 	Keypress: 3
47.7007 	DATA 	Keypress: 2
47.7045 	EXP 	Stim: autoDraw = False
47.7045 	EXP 	Stim: image = 'TMTstop-control_1_agreenlinestimulus3.png'
47.7045 	EXP 	Stim: image = 'TMTstop-control_1_agreenlinestimulus3.png'
47.7045 	EXP 	Stim: autoDraw = True
47.7457 	EXP 	Stim: image = 'TMTstop-control_1_aredlinestimulus3.png'
47.7848 	DATA 	Keypress: 3
47.7849 	DATA 	Keypress: 1
47.7884 	EXP 	Stim: image = 'TMTstop-control_1_aredlinestimulus3.png'
47.7923 	EXP 	New trial (rep=0, index=6): {'NumberLetter': 'G', 'corrAns': ['2'], 'StimFile': 'TMTstop-control_1_alinestimulus4.png', 'Correct_StimFile': 'TMTstop-control_1_agreenlinestimulus4.png', 'False_StimFile': 'TMTstop-control_1_aredlinestimulus4.png', 'DurationTrial': 10}
47.8533 	DATA 	Keypress: 2
47.8572 	EXP 	Stim: autoDraw = False
47.8572 	EXP 	Stim: image = 'TMTstop-control_1_agreenlinestimulus4.png'
47.8572 	EXP 	Stim: image = 'TMTstop-control_1_agreenlinestimulus4.png'
47.8572 	EXP 	Stim: autoDraw = True
47.8974 	DATA 	Keypress: 1
47.9401 	EXP 	Stim: image = 'TMTstop-control_1_aredlinestimulus4.png'
47.9782 	DATA 	Keypress: 2
47.9784 	DATA 	Keypress: 3
47.9818 	EXP 	Stim: image = 'TMTstop-control_1_aredlinestimulus4.png'
47.9852 	EXP 	New trial (rep=0, index=7): {'NumberLetter': 'H', 'corrAns': ['3'], 'StimFile': 'TMTstop-control_1_alinestimulus5.png', 'Correct_StimFile': 'TMTstop-control_1_agreenlinestimulus5.png', 'False_StimFile': 'TMTstop-control_1_aredlinestimulus5.png', 'DurationTrial': 10}
48.0522 	EXP 	Stim: autoDraw = False
48.0522 	EXP 	Stim: image = 'TMTstop-control_1_agreenlinestimulus5.png'
48.0522 	EXP 	Stim: image = 'TMTstop-control_1_agreenlinestimulus5.png'
48.0522 	EXP 	Stim: autoDraw = True
48.0683 	EXP 	New trial (rep=0, index=8): {'NumberLetter': 'I', 'corrAns': ['1'], 'StimFile': 'TMTstop-control_1_alinestimulus6.png', 'Correct_StimFile': 'TMTstop-control_1_agreenlinestimulus6.png', 'False_StimFile': 'TMTstop-control_1_aredlinestimulus6.png', 'DurationTrial': 10}
48.1311 	DATA 	Keypress: 3
48.1313 	DATA 	Keypress: 1
48.1351 	EXP 	Stim: autoDraw = False
48.1351 	EXP 	Stim: image = 'TMTstop-control_1_agreenlinestimulus6.png'
48.1351 	EXP 	Stim: image = 'TMTstop-control_1_agreenlinestimulus6.png'
48.1351 	EXP 	Stim: autoDraw = True
48.1589 	DATA 	Keypress: 2
48.2005 	DATA 	Keypress: 1
48.2071 	EXP 	New trial (rep=0, index=9): {'NumberLetter': 'J', 'corrAns': ['2'], 'StimFile': 'TMTstop-control_1_alinestimulus7.png', 'Correct_StimFile': 'TMTstop-control_1_agreenlinestimulus7.png', 'False_StimFile': 'TMTstop-control_1_aredlinestimulus7.png', 'DurationTrial': 10}
48.2740 	EXP 	Stim: autoDraw = False
48.2740 	EXP 	Stim: image = 'TMTstop-control_1_agreenlinestimulus7.png'
48.2740 	EXP 	Stim: image = 'TMTstop-control_1_agreenlinestimulus7.png'
48.2740 	EXP 	Stim: autoDraw = True
48.2775 	EXP 	New trial (rep=0, index=10): {'NumberLetter': 'K', 'corrAns': ['3'], 'StimFile': 'TMTstop-control_1_alinestimulus8.png', 'Correct_StimFile': 'TMTstop-control_1_agreenlinestimulus8.png', 'False_StimFile': 'TMTstop-control_1_aredlinestimulus8.png', 'DurationTrial': 10}
48.3531 	DATA 	Keypress: 2
48.3533 	DATA 	Keypress: 3
48.3576 	EXP 	Stim: autoDraw = False
48.3576 	EXP 	Stim: image = 'TMTstop-control_1_agreenlinestimulus8.png'
48.3576 	EXP 	Stim: image = 'TMTstop-control_1_agreenlinestimulus8.png'
48.3576 	EXP 	Stim: autoDraw = True
48.3750 	DATA 	Keypress: 3
48.3819 	EXP 	New trial (rep=0, index=11): {'NumberLetter': 'L', 'corrAns': ['1'], 'StimFile': 'TMTstop-control_1_alinestimulus9.png', 'Correct_StimFile': 'TMTstop-control_1_agreenlinestimulus9.png', 'False_StimFile': 'TMTstop-control_1_aredlinestimulus9.png', 'DurationTrial': 10}
48.4505 	DATA 	Keypress: 1
48.4547 	EXP 	Stim: autoDraw = False
48.4547 	EXP 	Stim: image = 'TMTstop-control_1_agreenlinestimulus9.png'
48.4547 	EXP 	Stim: image = 'TMTstop-control_1_agreenlinestimulus9.png'
48.4547 	EXP 	Stim: autoDraw = True
48.4652 	DATA 	Keypress: 2
48.5077 	EXP 	New trial (rep=0, index=12): {'NumberLetter': 'M', 'corrAns': ['3'], 'StimFile': 'TMTstop-control_1_alinestimulus10.png', 'Correct_StimFile': 'TMTstop-control_1_agreenlinestimulus10.png', 'False_StimFile': 'TMTstop-control_1_aredlinestimulus10.png', 'DurationTrial': 1}
48.5754 	DATA 	Keypress: 1
48.5796 	EXP 	Stim: autoDraw = False
48.5796 	EXP 	Stim: image = 'TMTstop-control_1_agreenlinestimulus10.png'
48.5796 	EXP 	Stim: image = 'TMTstop-control_1_agreenlinestimulus10.png'
48.5796 	EXP 	Stim: autoDraw = True
48.6171 	DATA 	Keypress: 2
48.6189 	DATA 	Keypress: 3
48.6213 	EXP 	Stim: image = 'TMTstop-control_1_aredlinestimulus10.png'
48.6623 	EXP 	Stim: image = 'TMTstop-control_1_aredlinestimulus10.png'
48.6660 	EXP 	New trial (rep=0, index=13): {'NumberLetter': 'N', 'corrAns': ['2'], 'StimFile': 'TMTstop-control_1_alinestimulus11.png', 'Correct_StimFile': 'TMTstop-control_1_agreenlinestimulus11.png', 'False_StimFile': 'TMTstop-control_1_aredlinestimulus11.png', 'DurationTrial': None}
48.7283 	DATA 	Keypress: 3
48.7285 	DATA 	Keypress: 1
48.7323 	EXP 	Stim: autoDraw = False
48.7323 	EXP 	Stim: image = 'TMTstop-control_1_agreenlinestimulus11.png'
48.7323 	EXP 	Stim: image = 'TMTstop-control_1_agreenlinestimulus11.png'
48.7323 	EXP 	Stim: autoDraw = True
48.7562 	DATA 	Keypress: 2
48.8048 	DATA 	Keypress: 1
48.8504 	EXP 	Stim: image = 'TMTstop-control_1_aredlinestimulus11.png'
48.8880 	DATA 	Keypress: 2
48.8882 	DATA 	Keypress: 3
48.8915 	EXP 	Stim: image = 'TMTstop-control_1_aredlinestimulus11.png'
48.8949 	EXP 	New trial (rep=0, index=14): {'NumberLetter': 'O', 'corrAns': ['1'], 'StimFile': 'TMTstop-control_1_alinestimulus12.png', 'Correct_StimFile': 'TMTstop-control_1_agreenlinestimulus12.png', 'False_StimFile': 'TMTstop-control_1_aredlinestimulus12.png', 'DurationTrial': None}
48.9614 	EXP 	Stim: autoDraw = False
48.9614 	EXP 	Stim: image = 'TMTstop-control_1_agreenlinestimulus12.png'
48.9614 	EXP 	Stim: image = 'TMTstop-control_1_agreenlinestimulus12.png'
48.9614 	EXP 	Stim: autoDraw = True
49.0129 	DATA 	Keypress: 3
49.0131 	DATA 	Keypress: 1
49.0167 	EXP 	Stim: image = 'TMTstop-control_1_aredlinestimulus12.png'
49.0547 	DATA 	Keypress: 2
49.0582 	EXP 	Stim: image = 'TMTstop-control_1_aredlinestimulus12.png'
49.1006 	EXP 	Stim: image = 'TMTstop-control_1_aredlinestimulus12.png'
49.1047 	EXP 	New trial (rep=0, index=15): {'NumberLetter': 'P', 'corrAns': ['3'], 'StimFile': 'TMTstop-control_1_alinestimulus13.png', 'Correct_StimFile': 'TMTstop-control_1_agreenlinestimulus13.png', 'False_StimFile': 'TMTstop-control_1_aredlinestimulus13.png', 'DurationTrial': None}
49.1658 	DATA 	Keypress: 1
49.1698 	EXP 	Stim: autoDraw = False
49.1698 	EXP 	Stim: image = 'TMTstop-control_1_agreenlinestimulus13.png'
49.1698 	EXP 	Stim: image = 'TMTstop-control_1_agreenlinestimulus13.png'
49.1698 	EXP 	Stim: autoDraw = True
49.1798 	DATA 	Keypress: 2
49.2213 	DATA 	Keypress: 3
49.2248 	EXP 	Stim: image = 'TMTstop-control_1_aredlinestimulus13.png'
49.2669 	EXP 	Stim: image = 'TMTstop-control_1_aredlinestimulus13.png'
49.3048 	DATA 	Keypress: 3
49.3051 	DATA 	Keypress: 1
49.3080 	EXP 	Stim: image = 'TMTstop-control_1_aredlinestimulus13.png'
49.3111 	EXP 	New trial (rep=0, index=16): {'NumberLetter': 'Q', 'corrAns': ['2'], 'StimFile': 'TMTstop-control_1_alinestimulus14.png', 'Correct_StimFile': 'TMTstop-control_1_agreenlinestimulus14.png', 'False_StimFile': 'TMTstop-control_1_aredlinestimulus14.png', 'DurationTrial': None}
49.3741 	DATA 	Keypress: 2
49.3781 	EXP 	Stim: autoDraw = False
49.3781 	EXP 	Stim: image = 'TMTstop-control_1_agreenlinestimulus14.png'
49.3781 	EXP 	Stim: image = 'TMTstop-control_1_agreenlinestimulus14.png'
49.3781 	EXP 	Stim: autoDraw = True
49.4031 	DATA 	Keypress: 1
49.4471 	EXP 	Stim: image = 'TMTstop-control_1_aredlinestimulus14.png'
49.4853 	DATA 	Keypress: 2
49.4855 	DATA 	Keypress: 3
49.4891 	EXP 	Stim: image = 'TMTstop-control_1_aredlinestimulus14.png'
49.4928 	EXP 	New trial (rep=0, index=17): {'NumberLetter': 'R', 'corrAns': ['3'], 'StimFile': 'TMTstop-control_1_alinestimulus15.png', 'Correct_StimFile': 'TMTstop-control_1_agreenlinestimulus15.png', 'False_StimFile': 'TMTstop-control_1_aredlinestimulus15.png', 'DurationTrial': None}
49.5611 	EXP 	Stim: autoDraw = False
49.5611 	EXP 	Stim: image = 'TMTstop-control_1_agreenlinestimulus15.png'
49.5611 	EXP 	Stim: image = 'TMTstop-control_1_agreenlinestimulus15.png'
49.5611 	EXP 	Stim: autoDraw = True
49.5752 	EXP 	New trial (rep=0, index=18): {'NumberLetter': 'S', 'corrAns': ['2'], 'StimFile': 'TMTstop-control_1_alinestimulus16.png', 'Correct_StimFile': 'TMTstop-control_1_agreenlinestimulus16.png', 'False_StimFile': 'TMTstop-control_1_aredlinestimulus16.png', 'DurationTrial': None}
49.6448 	DATA 	Keypress: 3
49.6450 	DATA 	Keypress: 1
49.6494 	EXP 	Stim: autoDraw = False
49.6494 	EXP 	Stim: image = 'TMTstop-control_1_agreenlinestimulus16.png'
49.6494 	EXP 	Stim: image = 'TMTstop-control_1_agreenlinestimulus16.png'
49.6494 	EXP 	Stim: autoDraw = True
49.6587 	DATA 	Keypress: 2
49.7007 	DATA 	Keypress: 1
49.7456 	EXP 	Stim: image = 'TMTstop-control_1_aredlinestimulus16.png'
49.7840 	DATA 	Keypress: 2
49.7891 	EXP 	Stim: image = 'TMTstop-control_1_aredlinestimulus16.png'
49.7928 	EXP 	New trial (rep=0, index=19): {'NumberLetter': 'T', 'corrAns': ['1'], 'StimFile': 'TMTstop-control_1_alinestimulus17.png', 'Correct_StimFile': 'TMTstop-control_1_agreenlinestimulus17.png', 'False_StimFile': 'TMTstop-control_1_aredlinestimulus17.png', 'DurationTrial': None}
49.8533 	DATA 	Keypress: 3
49.8573 	EXP 	Stim: autoDraw = False
49.8573 	EXP 	Stim: image = 'TMTstop-control_1_agreenlinestimulus17.png'
49.8573 	EXP 	Stim: image = 'TMTstop-control_1_agreenlinestimulus17.png'
49.8573 	EXP 	Stim: autoDraw = True
49.9157 	DATA 	Keypress: 3
49.9158 	DATA 	Keypress: 1
49.9192 	EXP 	Stim: image = 'TMTstop-control_1_aredlinestimulus17.png'
49.9609 	EXP 	Stim: image = 'TMTstop-control_1_aredlinestimulus17.png'
49.9990 	DATA 	Keypress: 2
50.0034 	EXP 	Stim: image = 'TMTstop-control_1_aredlinestimulus17.png'
50.0407 	DATA 	Keypress: 1
50.0442 	EXP 	Stim: image = 'TMTstop-control_1_aredlinestimulus17.png'
50.0475 	EXP 	New trial (rep=0, index=20): {'NumberLetter': 'U', 'corrAns': ['3'], 'StimFile': 'TMTstop-control_1_alinestimulus18.png', 'Correct_StimFile': 'TMTstop-control_1_agreenlinestimulus18.png', 'False_StimFile': 'TMTstop-control_1_aredlinestimulus18.png', 'DurationTrial': None}
50.1170 	DATA 	Keypress: 2
50.1172 	DATA 	Keypress: 3
50.1210 	EXP 	Stim: autoDraw = False
50.1210 	EXP 	Stim: image = 'TMTstop-control_1_agreenlinestimulus18.png'
50.1210 	EXP 	Stim: image = 'TMTstop-control_1_agreenlinestimulus18.png'
50.1210 	EXP 	Stim: autoDraw = True
50.1623 	EXP 	Stim: image = 'TMTstop-control_1_aredlinestimulus18.png'
50.2004 	DATA 	Keypress: 3
50.2047 	EXP 	Stim: image = 'TMTstop-control_1_aredlinestimulus18.png'
50.2087 	EXP 	New trial (rep=0, index=21): {'NumberLetter': 'V', 'corrAns': ['2'], 'StimFile': 'TMTstop-control_1_alinestimulus19.png', 'Correct_StimFile': 'TMTstop-control_1_agreenlinestimulus19.png', 'False_StimFile': 'TMTstop-control_1_aredlinestimulus19.png', 'DurationTrial': None}
50.2700 	DATA 	Keypress: 1
50.2740 	EXP 	Stim: autoDraw = False
50.2740 	EXP 	Stim: image = 'TMTstop-control_1_agreenlinestimulus19.png'
50.2740 	EXP 	Stim: image = 'TMTstop-control_1_agreenlinestimulus19.png'
50.2740 	EXP 	Stim: autoDraw = True
50.2837 	DATA 	Keypress: 2
50.3258 	DATA 	Keypress: 1
50.3716 	EXP 	Stim: image = 'TMTstop-control_1_aredlinestimulus19.png'
50.4087 	DATA 	Keypress: 2
50.4124 	EXP 	Stim: image = 'TMTstop-control_1_aredlinestimulus19.png'
50.4161 	EXP 	New trial (rep=0, index=22): {'NumberLetter': 'W', 'corrAns': ['1'], 'StimFile': 'TMTstop-control_1_alinestimulus20.png', 'Correct_StimFile': 'TMTstop-control_1_agreenlinestimulus20.png', 'False_StimFile': 'TMTstop-control_1_aredlinestimulus20.png', 'DurationTrial': None}
50.4785 	DATA 	Keypress: 3
50.4825 	EXP 	Stim: autoDraw = False
50.4825 	EXP 	Stim: image = 'TMTstop-control_1_agreenlinestimulus20.png'
50.4825 	EXP 	Stim: image = 'TMTstop-control_1_agreenlinestimulus20.png'
50.4825 	EXP 	Stim: autoDraw = True
50.5060 	DATA 	Keypress: 3
50.5479 	DATA 	Keypress: 1
50.5539 	EXP 	Stim: image = 'TMTstop-control_1_aredlinestimulus20.png'
50.5929 	EXP 	Stim: image = 'TMTstop-control_1_aredlinestimulus20.png'
50.6310 	DATA 	Keypress: 2
50.6354 	EXP 	Stim: image = 'TMTstop-control_1_aredlinestimulus20.png'
50.6396 	EXP 	New trial (rep=0, index=23): {'NumberLetter': 'X', 'corrAns': ['2'], 'StimFile': 'TMTstop-control_1_alinestimulus21.png', 'Correct_StimFile': 'TMTstop-control_1_agreenlinestimulus21.png', 'False_StimFile': 'TMTstop-control_1_aredlinestimulus21.png', 'DurationTrial': None}
50.7074 	DATA 	Keypress: 1
50.7076 	DATA 	Keypress: 3
50.7121 	EXP 	Stim: autoDraw = False
50.7121 	EXP 	Stim: image = 'TMTstop-control_1_agreenlinestimulus21.png'
50.7121 	EXP 	Stim: image = 'TMTstop-control_1_agreenlinestimulus21.png'
50.7121 	EXP 	Stim: autoDraw = True
50.7352 	DATA 	Keypress: 2
50.7416 	EXP 	New trial (rep=0, index=24): {'NumberLetter': 'Y', 'corrAns': ['1'], 'StimFile': 'TMTstop-control_1_alinestimulus22.png', 'Correct_StimFile': 'TMTstop-control_1_agreenlinestimulus22.png', 'False_StimFile': 'TMTstop-control_1_aredlinestimulus22.png', 'DurationTrial': None}
50.8086 	EXP 	Stim: autoDraw = False
50.8086 	EXP 	Stim: image = 'TMTstop-control_1_agreenlinestimulus22.png'
50.8086 	EXP 	Stim: image = 'TMTstop-control_1_agreenlinestimulus22.png'
50.8086 	EXP 	Stim: autoDraw = True
50.8336 	DATA 	Keypress: 3
50.8741 	DATA 	Keypress: 1
50.8778 	EXP 	Stim: image = 'TMTstop-control_1_aredlinestimulus22.png'
50.9192 	EXP 	Stim: image = 'TMTstop-control_1_aredlinestimulus22.png'
50.9573 	DATA 	Keypress: 2
50.9608 	EXP 	Stim: image = 'TMTstop-control_1_aredlinestimulus22.png'
50.9990 	DATA 	Keypress: 1
51.0030 	EXP 	Stim: image = 'TMTstop-control_1_aredlinestimulus22.png'
51.0062 	EXP 	New trial (rep=0, index=25): {'NumberLetter': None, 'corrAns': None, 'StimFile': 'TMTstop-control_1_alinestimulus23.png', 'Correct_StimFile': 'TMTstop-control_1_agreenlinestimulus23.png', 'False_StimFile': 'TMTstop-control_1_aredlinestimulus23.png', 'DurationTrial': None}
51.0754 	DATA 	Keypress: 2
51.0797 	EXP 	Stim: autoDraw = False
51.0797 	EXP 	Stim: image = 'TMTstop-control_1_agreenlinestimulus23.png'
51.0797 	EXP 	Stim: image = 'TMTstop-control_1_agreenlinestimulus23.png'
51.0797 	EXP 	Stim: autoDraw = True
51.1240 	DATA 	Keypress: 3
51.1278 	EXP 	Stim: image = 'TMTstop-control_1_aredlinestimulus23.png'
51.1695 	EXP 	Stim: image = 'TMTstop-control_1_aredlinestimulus23.png'
51.2074 	DATA 	Keypress: 3
51.2109 	EXP 	Stim: image = 'TMTstop-control_1_aredlinestimulus23.png'
51.2492 	DATA 	Keypress: 1
51.2527 	EXP 	Stim: image = 'TMTstop-control_1_aredlinestimulus23.png'
51.2942 	EXP 	Stim: image = 'TMTstop-control_1_aredlinestimulus23.png'
51.3323 	DATA 	Keypress: 2
51.3360 	EXP 	Stim: image = 'TMTstop-control_1_aredlinestimulus23.png'
51.3776 	EXP 	Stim: image = 'TMTstop-control_1_aredlinestimulus23.png'
51.4203 	EXP 	Stim: image = 'TMTstop-control_1_aredlinestimulus23.png'
51.4610 	EXP 	Stim: image = 'TMTstop-control_1_aredlinestimulus23.png'
51.4990 	DATA 	Keypress: 3
51.5026 	EXP 	Stim: image = 'TMTstop-control_1_aredlinestimulus23.png'
51.5470 	EXP 	Stim: image = 'TMTstop-control_1_aredlinestimulus23.png'
51.5861 	EXP 	Stim: image = 'TMTstop-control_1_aredlinestimulus23.png'
51.6277 	EXP 	Stim: image = 'TMTstop-control_1_aredlinestimulus23.png'
51.6692 	EXP 	Stim: image = 'TMTstop-control_1_aredlinestimulus23.png'
51.7113 	EXP 	Stim: image = 'TMTstop-control_1_aredlinestimulus23.png'
51.7525 	EXP 	Stim: image = 'TMTstop-control_1_aredlinestimulus23.png'
51.7942 	EXP 	Stim: image = 'TMTstop-control_1_aredlinestimulus23.png'
51.8361 	EXP 	Stim: image = 'TMTstop-control_1_aredlinestimulus23.png'
51.8777 	EXP 	Stim: image = 'TMTstop-control_1_aredlinestimulus23.png'
51.9192 	EXP 	Stim: image = 'TMTstop-control_1_aredlinestimulus23.png'
51.9612 	EXP 	Stim: image = 'TMTstop-control_1_aredlinestimulus23.png'
52.0065 	EXP 	Stim: image = 'TMTstop-control_1_aredlinestimulus23.png'
52.0442 	EXP 	Stim: image = 'TMTstop-control_1_aredlinestimulus23.png'
52.0859 	EXP 	Stim: image = 'TMTstop-control_1_aredlinestimulus23.png'
52.1259 	EXP 	Stim: image = 'TMTstop-control_1_aredlinestimulus23.png'
52.1259 	EXP 	Stim: autoDraw = False
52.1259 	EXP 	polygon: autoDraw = True
55.1400 	EXP 	window1: mouseVisible = True
