1.6405 	WARNING 	We strongly recommend you activate the PTB sound engine in PsychoPy prefs as the preferred audio engine. Its timing is vastly superior. Your prefs are currently set to use ['pyo'] (in that order).
5.9062 	EXP 	Created window1 = Window(allowGUI=True, allowStencil=False, autoLog=True, backendConf=UNKNOWN, bitsMode=UNKNOWN, blendMode='avg', bpc=(8, 8, 8), color=array([0, 0, 0]), colorSpace='rgb', depthBits=8, fullscr=<method-wrapper '__getattribute__' of attributeSetter object at 0x000001CA3B95FC50>, gamma=None, gammaErrorPolicy='raise', lms=UNKNOWN, monitor=<psychopy.monitors.calibTools.Monitor object at 0x000001CA3B87DEF0>, multiSample=False, name='window1', numSamples=2, pos=[760.0, 180.0], screen=0, size=array([1920, 1080]), stencilBits=0, stereo=False, units='height', useFBO=True, useRetina=False, viewOri=0.0, viewPos=None, viewScale=None, waitBlanking=True, winType='glfw')
5.9062 	EXP 	window1: mouseVisible = True
5.9062 	EXP 	window1: recordFrameIntervals = False
6.0725 	EXP 	window1: recordFrameIntervals = True
6.2564 	EXP 	window1: recordFrameIntervals = False
6.6108 	EXP 	Created Instruct = ImageStim(__class__=<class 'psychopy.visual.image.ImageStim'>, autoLog=True, color=array([1., 1., 1.]), colorSpace='rgb', contrast=1.0, depth=0.0, flipHoriz=False, flipVert=False, image=str(...), interpolate=True, mask=None, maskParams=None, name='Instruct', opacity=1, ori=0.0, pos=array([0., 0.]), size=array([1.28, 0.72]), texRes=128.0, units='height', win=Window(...))
6.6971 	EXP 	Created image_2 = ImageStim(__class__=<class 'psychopy.visual.image.ImageStim'>, autoLog=True, color=array([1., 1., 1.]), colorSpace='rgb', contrast=1.0, depth=0.0, flipHoriz=False, flipVert=False, image=str(...), interpolate=True, mask=None, maskParams=None, name='image_2', opacity=1, ori=0.0, pos=array([0., 0.]), size=array([1.28, 0.72]), texRes=128.0, units='height', win=Window(...))
6.6999 	EXP 	Created polygon = ShapeStim(__class__=<class 'psychopy.visual.shape.ShapeStim'>, autoDraw=False, autoLog=True, closeShape=True, color=method-wrapper(...), colorSpace='rgb', contrast=None, depth=0.0, fillColor=array([1, 1, 1]), fillColorSpace='rgb', fillRGB=array([1, 1, 1]), interpolate=True, lineColor=array([1., 1., 1.]), lineColorSpace='rgb', lineRGB=array([1, 1, 1]), lineWidth=1.0, name='polygon', opacity=1, ori=0.0, pos=array([0., 0.]), size=array([0.5, 0.5]), units='height', vertices=ndarray(...), win=Window(...), windingRule=None)
6.7065 	EXP 	Created Stim_practice = ImageStim(__class__=<class 'psychopy.visual.image.ImageStim'>, autoLog=True, color=array([1., 1., 1.]), colorSpace='rgb', contrast=1.0, depth=0.0, flipHoriz=False, flipVert=False, image='sin', interpolate=True, mask=None, maskParams=None, name='Stim_practice', opacity=1, ori=0.0, pos=array([0., 0.]), size=array([1.777, 1.   ]), texRes=128.0, units='height', win=Window(...))
6.7646 	EXP 	Created text_5 = TextStim(__class__=<class 'psychopy.visual.text.TextStim'>, alignHoriz=method-wrapper(...), alignText='center', alignVert=method-wrapper(...), anchorHoriz='center', anchorVert='center', antialias=True, autoLog=True, bold=False, color=array([1., 1., 1.]), colorSpace='rgb', contrast=1.0, depth=0.0, flipHoriz=False, flipVert=False, font='Open Sans', fontFiles=[], height=0.03, italic=False, languageStyle='LTR', name='text_5', opacity=1, ori=0.0, pos=array([0., 0.]), rgb=UNKNOWN, text='', units='height', win=Window(...), wrapWidth=1)
6.7667 	EXP 	Created polygon = ShapeStim(__class__=<class 'psychopy.visual.shape.ShapeStim'>, autoDraw=False, autoLog=True, closeShape=True, color=method-wrapper(...), colorSpace='rgb', contrast=None, depth=0.0, fillColor=array([1, 1, 1]), fillColorSpace='rgb', fillRGB=array([1, 1, 1]), interpolate=True, lineColor=array([1., 1., 1.]), lineColorSpace='rgb', lineRGB=array([1, 1, 1]), lineWidth=1.0, name='polygon', opacity=1, ori=0.0, pos=array([0., 0.]), size=array([0.5, 0.5]), units='height', vertices=ndarray(...), win=Window(...), windingRule=None)
6.7717 	EXP 	Created Stim = ImageStim(__class__=<class 'psychopy.visual.image.ImageStim'>, autoLog=True, color=array([1., 1., 1.]), colorSpace='rgb', contrast=1.0, depth=0.0, flipHoriz=False, flipVert=False, image='sin', interpolate=True, mask=None, maskParams=None, name='Stim', opacity=1, ori=0.0, pos=array([0., 0.]), size=array([1.777, 1.   ]), texRes=128.0, units='height', win=Window(...))
6.7735 	EXP 	Created polygon = ShapeStim(__class__=<class 'psychopy.visual.shape.ShapeStim'>, autoDraw=False, autoLog=True, closeShape=True, color=method-wrapper(...), colorSpace='rgb', contrast=None, depth=0.0, fillColor=array([1, 1, 1]), fillColorSpace='rgb', fillRGB=array([1, 1, 1]), interpolate=True, lineColor=array([1., 1., 1.]), lineColorSpace='rgb', lineRGB=array([1, 1, 1]), lineWidth=1.0, name='polygon', opacity=1, ori=0.0, pos=array([0., 0.]), size=array([0.5, 0.5]), units='height', vertices=ndarray(...), win=Window(...), windingRule=None)
6.8304 	EXP 	Created text = TextStim(__class__=<class 'psychopy.visual.text.TextStim'>, alignHoriz=method-wrapper(...), alignText='center', alignVert=method-wrapper(...), anchorHoriz='center', anchorVert='center', antialias=True, autoLog=True, bold=False, color=array([1., 1., 1.]), colorSpace='rgb', contrast=1.0, depth=0.0, flipHoriz=False, flipVert=False, font='Open Sans', fontFiles=[], height=0.04, italic=False, languageStyle='LTR', name='text', opacity=1, ori=0.0, pos=array([0., 0.]), rgb=UNKNOWN, text=str(...), units='height', win=Window(...), wrapWidth=1)
6.9370 	EXP 	Instruct: autoDraw = True
8.1381 	DATA 	Keypress: 1
8.1577 	EXP 	Instruct: autoDraw = False
8.1577 	EXP 	image_2: autoDraw = True
8.3206 	DATA 	Keypress: 1
8.5707 	DATA 	Keypress: 2
8.5903 	EXP 	image_2: autoDraw = False
8.5903 	EXP 	polygon: autoDraw = True
8.7888 	DATA 	Keypress: 2
11.5770 	EXP 	Created sequence: sequential, trialTypes=1, nReps=100, seed=None
11.5775 	EXP 	New trial (rep=0, index=0): None
11.5848 	EXP 	Imported TMTstop-A_1_practice.xlsx as conditions, 13 conditions, 6 params
11.5851 	EXP 	Created sequence: sequential, trialTypes=13, nReps=1, seed=None
11.5853 	EXP 	New trial (rep=0, index=0): {'NumberLetter': 1, 'corrAns': ['1'], 'StimFile': 'TMTstop-A_1_practice.png', 'Correct_StimFile': 'TMTstop-A_1_practice.png', 'False_StimFile': 'TMTstop-A_1_practice.png', 'DurationTrial': 10}
11.6928 	EXP 	polygon: autoDraw = False
11.6928 	EXP 	polygon: autoDraw = False
11.6928 	EXP 	Stim_practice: image = 'TMTstop-A_1_practice.png'
11.6928 	EXP 	Stim_practice: autoDraw = True
12.9226 	DATA 	Keypress: 1
12.9308 	EXP 	New trial (rep=0, index=1): {'NumberLetter': 2, 'corrAns': ['2'], 'StimFile': 'TMTstop-A_1_practice.png', 'Correct_StimFile': 'TMTstop-A_1_practicefirstgreen.png', 'False_StimFile': 'TMTstop-A_1_practicefirstred.png', 'DurationTrial': 10}
13.0051 	DATA 	Keypress: 2
13.0105 	EXP 	Stim_practice: autoDraw = False
13.0105 	EXP 	Stim_practice: image = 'TMTstop-A_1_practicefirstgreen.png'
13.0105 	EXP 	Stim_practice: image = 'TMTstop-A_1_practicefirstgreen.png'
13.0105 	EXP 	Stim_practice: autoDraw = True
13.1069 	DATA 	Keypress: 3
13.1552 	DATA 	Keypress: 1
13.1607 	EXP 	Stim_practice: image = 'TMTstop-A_1_practicefirstred.png'
13.2052 	DATA 	Keypress: 2
13.2105 	EXP 	Stim_practice: image = 'TMTstop-A_1_practicefirstred.png'
13.2605 	EXP 	Stim_practice: image = 'TMTstop-A_1_practicefirstred.png'
13.3107 	EXP 	Stim_practice: image = 'TMTstop-A_1_practicefirstred.png'
13.3554 	DATA 	Keypress: 1
13.3555 	DATA 	Keypress: 3
13.3605 	EXP 	Stim_practice: image = 'TMTstop-A_1_practicefirstred.png'
13.4054 	DATA 	Keypress: 2
13.4105 	EXP 	Stim_practice: image = 'TMTstop-A_1_practicefirstred.png'
13.4140 	EXP 	New trial (rep=0, index=2): {'NumberLetter': 3, 'corrAns': ['3'], 'StimFile': 'TMTstop-A_1_practicelinestimulus0.png', 'Correct_StimFile': 'TMTstop-A_1_practicegreenlinestimulus0.png', 'False_StimFile': 'TMTstop-A_1_practiceredlinestimulus0.png', 'DurationTrial': 10}
13.4939 	EXP 	Stim_practice: autoDraw = False
13.4939 	EXP 	Stim_practice: image = 'TMTstop-A_1_practicegreenlinestimulus0.png'
13.4939 	EXP 	Stim_practice: image = 'TMTstop-A_1_practicegreenlinestimulus0.png'
13.4939 	EXP 	Stim_practice: autoDraw = True
13.5395 	DATA 	Keypress: 1
13.5396 	DATA 	Keypress: 3
13.5475 	EXP 	New trial (rep=0, index=3): {'NumberLetter': 4, 'corrAns': ['1'], 'StimFile': 'TMTstop-A_1_practicelinestimulus1.png', 'Correct_StimFile': 'TMTstop-A_1_practicegreenlinestimulus1.png', 'False_StimFile': 'TMTstop-A_1_practiceredlinestimulus1.png', 'DurationTrial': 10}
13.6222 	DATA 	Keypress: 2
13.6276 	EXP 	Stim_practice: autoDraw = False
13.6276 	EXP 	Stim_practice: image = 'TMTstop-A_1_practicegreenlinestimulus1.png'
13.6276 	EXP 	Stim_practice: image = 'TMTstop-A_1_practicegreenlinestimulus1.png'
13.6276 	EXP 	Stim_practice: autoDraw = True
13.7563 	DATA 	Keypress: 3
13.7895 	DATA 	Keypress: 1
13.7975 	EXP 	New trial (rep=0, index=4): {'NumberLetter': 5, 'corrAns': ['2'], 'StimFile': 'TMTstop-A_1_practicelinestimulus2.png', 'Correct_StimFile': 'TMTstop-A_1_practicegreenlinestimulus2.png', 'False_StimFile': 'TMTstop-A_1_practiceredlinestimulus2.png', 'DurationTrial': 10}
13.8723 	DATA 	Keypress: 2
13.8774 	EXP 	Stim_practice: autoDraw = False
13.8774 	EXP 	Stim_practice: image = 'TMTstop-A_1_practicegreenlinestimulus2.png'
13.8774 	EXP 	Stim_practice: image = 'TMTstop-A_1_practicegreenlinestimulus2.png'
13.8774 	EXP 	Stim_practice: autoDraw = True
13.9730 	DATA 	Keypress: 3
14.0233 	DATA 	Keypress: 1
14.0238 	DATA 	Keypress: 2
14.0280 	EXP 	Stim_practice: image = 'TMTstop-A_1_practiceredlinestimulus2.png'
14.0793 	EXP 	Stim_practice: image = 'TMTstop-A_1_practiceredlinestimulus2.png'
14.1225 	DATA 	Keypress: 1
14.1226 	DATA 	Keypress: 3
14.1278 	EXP 	Stim_practice: image = 'TMTstop-A_1_practiceredlinestimulus2.png'
14.1724 	DATA 	Keypress: 2
14.1776 	EXP 	Stim_practice: image = 'TMTstop-A_1_practiceredlinestimulus2.png'
14.1812 	EXP 	New trial (rep=0, index=5): {'NumberLetter': 6, 'corrAns': ['3'], 'StimFile': 'TMTstop-A_1_practicelinestimulus3.png', 'Correct_StimFile': 'TMTstop-A_1_practicegreenlinestimulus3.png', 'False_StimFile': 'TMTstop-A_1_practiceredlinestimulus3.png', 'DurationTrial': 10}
14.2558 	DATA 	Keypress: 3
14.2611 	EXP 	Stim_practice: autoDraw = False
14.2611 	EXP 	Stim_practice: image = 'TMTstop-A_1_practicegreenlinestimulus3.png'
14.2611 	EXP 	Stim_practice: image = 'TMTstop-A_1_practicegreenlinestimulus3.png'
14.2611 	EXP 	Stim_practice: autoDraw = True
14.2898 	DATA 	Keypress: 1
14.3232 	DATA 	Keypress: 2
14.4392 	DATA 	Keypress: 1
14.4450 	EXP 	Stim_practice: image = 'TMTstop-A_1_practiceredlinestimulus3.png'
14.4893 	DATA 	Keypress: 3
14.4895 	DATA 	Keypress: 2
14.4946 	EXP 	Stim_practice: image = 'TMTstop-A_1_practiceredlinestimulus3.png'
14.5444 	EXP 	Stim_practice: image = 'TMTstop-A_1_practiceredlinestimulus3.png'
14.5892 	DATA 	Keypress: 3
14.5945 	EXP 	Stim_practice: image = 'TMTstop-A_1_practiceredlinestimulus3.png'
14.5978 	EXP 	New trial (rep=0, index=6): {'NumberLetter': 7, 'corrAns': ['1'], 'StimFile': 'TMTstop-A_1_practicelinestimulus4.png', 'Correct_StimFile': 'TMTstop-A_1_practicegreenlinestimulus4.png', 'False_StimFile': 'TMTstop-A_1_practiceredlinestimulus4.png', 'DurationTrial': 10}
14.6728 	DATA 	Keypress: 1
14.6729 	DATA 	Keypress: 2
14.6782 	EXP 	Stim_practice: autoDraw = False
14.6782 	EXP 	Stim_practice: image = 'TMTstop-A_1_practicegreenlinestimulus4.png'
14.6782 	EXP 	Stim_practice: image = 'TMTstop-A_1_practicegreenlinestimulus4.png'
14.6782 	EXP 	Stim_practice: autoDraw = True
14.7150 	EXP 	New trial (rep=0, index=7): {'NumberLetter': 8, 'corrAns': ['3'], 'StimFile': 'TMTstop-A_1_practicelinestimulus5.png', 'Correct_StimFile': 'TMTstop-A_1_practicegreenlinestimulus5.png', 'False_StimFile': 'TMTstop-A_1_practiceredlinestimulus5.png', 'DurationTrial': 10}
14.7893 	DATA 	Keypress: 1
14.7894 	DATA 	Keypress: 3
14.7895 	DATA 	Keypress: 2
14.7946 	EXP 	Stim_practice: autoDraw = False
14.7946 	EXP 	Stim_practice: image = 'TMTstop-A_1_practicegreenlinestimulus5.png'
14.7946 	EXP 	Stim_practice: image = 'TMTstop-A_1_practicegreenlinestimulus5.png'
14.7946 	EXP 	Stim_practice: autoDraw = True
14.8652 	EXP 	New trial (rep=0, index=8): {'NumberLetter': 9, 'corrAns': ['2'], 'StimFile': 'TMTstop-A_1_practicelinestimulus6.png', 'Correct_StimFile': 'TMTstop-A_1_practicegreenlinestimulus6.png', 'False_StimFile': 'TMTstop-A_1_practiceredlinestimulus6.png', 'DurationTrial': 10}
14.9394 	DATA 	Keypress: 3
14.9395 	DATA 	Keypress: 1
14.9395 	DATA 	Keypress: 2
14.9446 	EXP 	Stim_practice: autoDraw = False
14.9446 	EXP 	Stim_practice: image = 'TMTstop-A_1_practicegreenlinestimulus6.png'
14.9446 	EXP 	Stim_practice: image = 'TMTstop-A_1_practicegreenlinestimulus6.png'
14.9446 	EXP 	Stim_practice: autoDraw = True
15.0395 	DATA 	Keypress: 1
15.0451 	EXP 	Stim_practice: image = 'TMTstop-A_1_practiceredlinestimulus6.png'
15.0896 	DATA 	Keypress: 3
15.0896 	DATA 	Keypress: 2
15.0948 	EXP 	Stim_practice: image = 'TMTstop-A_1_practiceredlinestimulus6.png'
15.0980 	EXP 	New trial (rep=0, index=9): {'NumberLetter': 10, 'corrAns': ['3'], 'StimFile': 'TMTstop-A_1_practicelinestimulus7.png', 'Correct_StimFile': 'TMTstop-A_1_practicegreenlinestimulus7.png', 'False_StimFile': 'TMTstop-A_1_practiceredlinestimulus7.png', 'DurationTrial': 10}
15.1734 	DATA 	Keypress: 3
15.1781 	EXP 	Stim_practice: autoDraw = False
15.1781 	EXP 	Stim_practice: image = 'TMTstop-A_1_practicegreenlinestimulus7.png'
15.1781 	EXP 	Stim_practice: image = 'TMTstop-A_1_practicegreenlinestimulus7.png'
15.1781 	EXP 	Stim_practice: autoDraw = True
15.1910 	DATA 	Keypress: 1
15.2571 	DATA 	Keypress: 2
15.3229 	DATA 	Keypress: 1
15.3286 	EXP 	Stim_practice: image = 'TMTstop-A_1_practiceredlinestimulus7.png'
15.3735 	DATA 	Keypress: 3
15.3735 	DATA 	Keypress: 2
15.3787 	EXP 	Stim_practice: image = 'TMTstop-A_1_practiceredlinestimulus7.png'
15.4288 	EXP 	Stim_practice: image = 'TMTstop-A_1_practiceredlinestimulus7.png'
15.4733 	DATA 	Keypress: 3
15.4786 	EXP 	Stim_practice: image = 'TMTstop-A_1_practiceredlinestimulus7.png'
15.4819 	EXP 	New trial (rep=0, index=10): {'NumberLetter': 11, 'corrAns': ['1'], 'StimFile': 'TMTstop-A_1_practicelinestimulus8.png', 'Correct_StimFile': 'TMTstop-A_1_practicegreenlinestimulus8.png', 'False_StimFile': 'TMTstop-A_1_practiceredlinestimulus8.png', 'DurationTrial': 10}
15.5564 	DATA 	Keypress: 1
15.5565 	DATA 	Keypress: 2
15.5616 	EXP 	Stim_practice: autoDraw = False
15.5616 	EXP 	Stim_practice: image = 'TMTstop-A_1_practicegreenlinestimulus8.png'
15.5616 	EXP 	Stim_practice: image = 'TMTstop-A_1_practicegreenlinestimulus8.png'
15.5616 	EXP 	Stim_practice: autoDraw = True
15.5820 	EXP 	New trial (rep=0, index=11): {'NumberLetter': 12, 'corrAns': ['2'], 'StimFile': 'TMTstop-A_1_practicelinestimulus9.png', 'Correct_StimFile': 'TMTstop-A_1_practicegreenlinestimulus9.png', 'False_StimFile': 'TMTstop-A_1_practiceredlinestimulus9.png', 'DurationTrial': 10}
15.6564 	DATA 	Keypress: 1
15.6565 	DATA 	Keypress: 3
15.6565 	DATA 	Keypress: 2
15.6618 	EXP 	Stim_practice: autoDraw = False
15.6618 	EXP 	Stim_practice: image = 'TMTstop-A_1_practicegreenlinestimulus9.png'
15.6618 	EXP 	Stim_practice: image = 'TMTstop-A_1_practicegreenlinestimulus9.png'
15.6618 	EXP 	Stim_practice: autoDraw = True
15.7573 	DATA 	Keypress: 3
15.8067 	DATA 	Keypress: 1
15.8123 	EXP 	Stim_practice: image = 'TMTstop-A_1_practiceredlinestimulus9.png'
15.8570 	DATA 	Keypress: 2
15.8619 	EXP 	Stim_practice: image = 'TMTstop-A_1_practiceredlinestimulus9.png'
15.9070 	DATA 	Keypress: 1
15.9119 	EXP 	Stim_practice: image = 'TMTstop-A_1_practiceredlinestimulus9.png'
15.9619 	EXP 	Stim_practice: image = 'TMTstop-A_1_practiceredlinestimulus9.png'
16.0066 	DATA 	Keypress: 2
16.0066 	DATA 	Keypress: 3
16.0117 	EXP 	Stim_practice: image = 'TMTstop-A_1_practiceredlinestimulus9.png'
16.0151 	EXP 	New trial (rep=0, index=12): {'NumberLetter': None, 'corrAns': None, 'StimFile': 'TMTstop-A_1_practicelinestimulus10.png', 'Correct_StimFile': 'TMTstop-A_1_practicegreenlinestimulus10.png', 'False_StimFile': 'TMTstop-A_1_practiceredlinestimulus10.png', 'DurationTrial': None}
16.0900 	DATA 	Keypress: 3
16.0952 	EXP 	Stim_practice: autoDraw = False
16.0952 	EXP 	Stim_practice: image = 'TMTstop-A_1_practicegreenlinestimulus10.png'
16.0952 	EXP 	Stim_practice: image = 'TMTstop-A_1_practicegreenlinestimulus10.png'
16.0952 	EXP 	Stim_practice: autoDraw = True
16.1243 	DATA 	Keypress: 1
16.1908 	DATA 	Keypress: 2
16.2400 	DATA 	Keypress: 1
16.2458 	EXP 	Stim_practice: image = 'TMTstop-A_1_practiceredlinestimulus10.png'
16.2900 	DATA 	Keypress: 3
16.2953 	EXP 	Stim_practice: image = 'TMTstop-A_1_practiceredlinestimulus10.png'
16.3401 	DATA 	Keypress: 2
16.3454 	EXP 	Stim_practice: image = 'TMTstop-A_1_practiceredlinestimulus10.png'
16.3955 	EXP 	Stim_practice: image = 'TMTstop-A_1_practiceredlinestimulus10.png'
16.4401 	DATA 	Keypress: 1
16.4401 	DATA 	Keypress: 2
16.4454 	EXP 	Stim_practice: image = 'TMTstop-A_1_practiceredlinestimulus10.png'
16.4954 	EXP 	Stim_practice: image = 'TMTstop-A_1_practiceredlinestimulus10.png'
16.5454 	EXP 	Stim_practice: image = 'TMTstop-A_1_practiceredlinestimulus10.png'
16.5954 	EXP 	Stim_practice: image = 'TMTstop-A_1_practiceredlinestimulus10.png'
16.6455 	EXP 	Stim_practice: image = 'TMTstop-A_1_practiceredlinestimulus10.png'
16.6956 	EXP 	Stim_practice: image = 'TMTstop-A_1_practiceredlinestimulus10.png'
16.7459 	EXP 	Stim_practice: image = 'TMTstop-A_1_practiceredlinestimulus10.png'
16.7956 	EXP 	Stim_practice: image = 'TMTstop-A_1_practiceredlinestimulus10.png'
16.8456 	EXP 	Stim_practice: image = 'TMTstop-A_1_practiceredlinestimulus10.png'
16.8971 	EXP 	Stim_practice: image = 'TMTstop-A_1_practiceredlinestimulus10.png'
16.9457 	EXP 	Stim_practice: image = 'TMTstop-A_1_practiceredlinestimulus10.png'
16.9957 	EXP 	Stim_practice: image = 'TMTstop-A_1_practiceredlinestimulus10.png'
17.0457 	EXP 	Stim_practice: image = 'TMTstop-A_1_practiceredlinestimulus10.png'
17.0957 	EXP 	Stim_practice: image = 'TMTstop-A_1_practiceredlinestimulus10.png'
17.2259 	EXP 	Stim_practice: image = 'TMTstop-A_1_practiceredlinestimulus10.png'
17.2259 	EXP 	Stim_practice: autoDraw = False
17.2259 	EXP 	text_5: text = 'You have finished the practice. If you understood the task correctly please read on, otherwise ask the experiment leader or press X to restart the practice.\n\nFrom here on there will be 25 circles instead of 12. If you finish all circles you will see a white cross for a few seconds then you will get 25 new circles and start again from 1. The experiments will end automatically after three minutes. \n\nPress 1, 2 or 3  to start the experiment.\n\n\n\nDu har slutfört provomgången. Om du förstod uppgiften rätt, läs vidare, annars fråga experimentledaren eller tryck på X för att starta om provomgången.\n\nHärifrån kommer det att finnas 25 circlar istället för 12. Om du slutför alla circlar kommer du att se ett vitt kors i några sekunder, sedan får du 25 nya circlar och börjar om från 1. Experimenten avslutas automatiskt efter tre minuter.\n\nTryck på 1, 2 eller 3 för att starta experimentet.\n\n\n'
17.2259 	EXP 	text_5: autoDraw = True
17.8081 	DATA 	Keypress: 2
17.8592 	EXP 	text_5: autoDraw = False
17.8592 	EXP 	polygon: autoDraw = True
17.9749 	DATA 	Keypress: 2
20.8333 	EXP 	Imported TMTstop-A_1_conditions.xlsx as conditions, 6 conditions, 2 params
20.8337 	EXP 	Created sequence: sequential, trialTypes=6, nReps=1, seed=None
20.8338 	EXP 	New trial (rep=0, index=0): {'Block_file': 'TMTstop-A_1_1.xlsx', 'Condition_rows': '0:26'}
20.8426 	EXP 	Imported TMTstop-A_1_1.xlsx as conditions, 26 conditions, 6 params
20.8430 	EXP 	Created sequence: sequential, trialTypes=26, nReps=1, seed=None
20.8432 	EXP 	New trial (rep=0, index=0): {'NumberLetter': 1, 'corrAns': ['2'], 'StimFile': 'TMTstop-A_1_1.png', 'Correct_StimFile': 'TMTstop-A_1_1.png', 'False_StimFile': 'TMTstop-A_1_1.png', 'DurationTrial': 10}
20.9470 	EXP 	polygon: autoDraw = False
20.9470 	EXP 	Stim: image = 'TMTstop-A_1_1.png'
20.9470 	EXP 	Stim: autoDraw = True
21.2766 	DATA 	Keypress: 1
21.3263 	DATA 	Keypress: 2
21.3312 	EXP 	Stim: image = 'TMTstop-A_1_1.png'
21.3347 	EXP 	New trial (rep=0, index=1): {'NumberLetter': 2, 'corrAns': ['1'], 'StimFile': 'TMTstop-A_1_1.png', 'Correct_StimFile': 'TMTstop-A_1_1firstgreen.png', 'False_StimFile': 'TMTstop-A_1_1firstred.png', 'DurationTrial': 10}
21.4143 	EXP 	Stim: autoDraw = False
21.4143 	EXP 	Stim: image = 'TMTstop-A_1_1firstgreen.png'
21.4143 	EXP 	Stim: image = 'TMTstop-A_1_1firstgreen.png'
21.4143 	EXP 	Stim: autoDraw = True
21.4757 	DATA 	Keypress: 3
21.4758 	DATA 	Keypress: 1
21.4814 	EXP 	Stim: image = 'TMTstop-A_1_1firstred.png'
21.5259 	DATA 	Keypress: 2
21.5312 	EXP 	Stim: image = 'TMTstop-A_1_1firstred.png'
21.5758 	DATA 	Keypress: 1
21.5810 	EXP 	Stim: image = 'TMTstop-A_1_1firstred.png'
21.5844 	EXP 	New trial (rep=0, index=2): {'NumberLetter': 3, 'corrAns': ['2'], 'StimFile': 'TMTstop-A_1_1linestimulus0.png', 'Correct_StimFile': 'TMTstop-A_1_1greenlinestimulus0.png', 'False_StimFile': 'TMTstop-A_1_1redlinestimulus0.png', 'DurationTrial': 10}
21.6592 	DATA 	Keypress: 3
21.6593 	DATA 	Keypress: 2
21.6644 	EXP 	Stim: autoDraw = False
21.6644 	EXP 	Stim: image = 'TMTstop-A_1_1greenlinestimulus0.png'
21.6644 	EXP 	Stim: image = 'TMTstop-A_1_1greenlinestimulus0.png'
21.6644 	EXP 	Stim: autoDraw = True
21.6675 	EXP 	New trial (rep=0, index=3): {'NumberLetter': 4, 'corrAns': ['3'], 'StimFile': 'TMTstop-A_1_1linestimulus1.png', 'Correct_StimFile': 'TMTstop-A_1_1greenlinestimulus1.png', 'False_StimFile': 'TMTstop-A_1_1redlinestimulus1.png', 'DurationTrial': 10}
21.7427 	DATA 	Keypress: 3
21.7481 	EXP 	Stim: autoDraw = False
21.7481 	EXP 	Stim: image = 'TMTstop-A_1_1greenlinestimulus1.png'
21.7481 	EXP 	Stim: image = 'TMTstop-A_1_1greenlinestimulus1.png'
21.7481 	EXP 	Stim: autoDraw = True
21.7514 	EXP 	New trial (rep=0, index=4): {'NumberLetter': 5, 'corrAns': ['2'], 'StimFile': 'TMTstop-A_1_1linestimulus2.png', 'Correct_StimFile': 'TMTstop-A_1_1greenlinestimulus2.png', 'False_StimFile': 'TMTstop-A_1_1redlinestimulus2.png', 'DurationTrial': 10}
21.8260 	DATA 	Keypress: 1
21.8261 	DATA 	Keypress: 2
21.8312 	EXP 	Stim: autoDraw = False
21.8312 	EXP 	Stim: image = 'TMTstop-A_1_1greenlinestimulus2.png'
21.8312 	EXP 	Stim: image = 'TMTstop-A_1_1greenlinestimulus2.png'
21.8312 	EXP 	Stim: autoDraw = True
21.8599 	DATA 	Keypress: 1
21.9093 	DATA 	Keypress: 3
21.9150 	EXP 	Stim: image = 'TMTstop-A_1_1redlinestimulus2.png'
21.9595 	DATA 	Keypress: 2
21.9649 	EXP 	Stim: image = 'TMTstop-A_1_1redlinestimulus2.png'
21.9684 	EXP 	New trial (rep=0, index=5): {'NumberLetter': 6, 'corrAns': ['3'], 'StimFile': 'TMTstop-A_1_1linestimulus3.png', 'Correct_StimFile': 'TMTstop-A_1_1greenlinestimulus3.png', 'False_StimFile': 'TMTstop-A_1_1redlinestimulus3.png', 'DurationTrial': 10}
22.0427 	DATA 	Keypress: 3
22.0428 	DATA 	Keypress: 1
22.0479 	EXP 	Stim: autoDraw = False
22.0479 	EXP 	Stim: image = 'TMTstop-A_1_1greenlinestimulus3.png'
22.0479 	EXP 	Stim: image = 'TMTstop-A_1_1greenlinestimulus3.png'
22.0479 	EXP 	Stim: autoDraw = True
22.0514 	EXP 	New trial (rep=0, index=6): {'NumberLetter': 7, 'corrAns': ['2'], 'StimFile': 'TMTstop-A_1_1linestimulus4.png', 'Correct_StimFile': 'TMTstop-A_1_1greenlinestimulus4.png', 'False_StimFile': 'TMTstop-A_1_1redlinestimulus4.png', 'DurationTrial': 10}
22.1264 	DATA 	Keypress: 2
22.1265 	DATA 	Keypress: 1
22.1315 	EXP 	Stim: autoDraw = False
22.1315 	EXP 	Stim: image = 'TMTstop-A_1_1greenlinestimulus4.png'
22.1315 	EXP 	Stim: image = 'TMTstop-A_1_1greenlinestimulus4.png'
22.1315 	EXP 	Stim: autoDraw = True
22.1761 	DATA 	Keypress: 3
22.1816 	EXP 	Stim: image = 'TMTstop-A_1_1redlinestimulus4.png'
22.2315 	EXP 	Stim: image = 'TMTstop-A_1_1redlinestimulus4.png'
22.2816 	EXP 	Stim: image = 'TMTstop-A_1_1redlinestimulus4.png'
22.3263 	DATA 	Keypress: 3
22.3264 	DATA 	Keypress: 1
22.3316 	EXP 	Stim: image = 'TMTstop-A_1_1redlinestimulus4.png'
22.3813 	EXP 	Stim: image = 'TMTstop-A_1_1redlinestimulus4.png'
22.4315 	EXP 	Stim: image = 'TMTstop-A_1_1redlinestimulus4.png'
22.4815 	EXP 	Stim: image = 'TMTstop-A_1_1redlinestimulus4.png'
22.5272 	DATA 	Keypress: 1
22.5322 	EXP 	Stim: image = 'TMTstop-A_1_1redlinestimulus4.png'
22.5763 	DATA 	Keypress: 3
22.5816 	EXP 	Stim: image = 'TMTstop-A_1_1redlinestimulus4.png'
22.6262 	DATA 	Keypress: 2
22.6316 	EXP 	Stim: image = 'TMTstop-A_1_1redlinestimulus4.png'
22.6349 	EXP 	New trial (rep=0, index=7): {'NumberLetter': 8, 'corrAns': ['1'], 'StimFile': 'TMTstop-A_1_1linestimulus5.png', 'Correct_StimFile': 'TMTstop-A_1_1greenlinestimulus5.png', 'False_StimFile': 'TMTstop-A_1_1redlinestimulus5.png', 'DurationTrial': 10}
22.7153 	EXP 	Stim: autoDraw = False
22.7153 	EXP 	Stim: image = 'TMTstop-A_1_1greenlinestimulus5.png'
22.7153 	EXP 	Stim: image = 'TMTstop-A_1_1greenlinestimulus5.png'
22.7153 	EXP 	Stim: autoDraw = True
22.7597 	DATA 	Keypress: 3
22.7598 	DATA 	Keypress: 1
22.7599 	DATA 	Keypress: 2
22.7652 	EXP 	Stim: image = 'TMTstop-A_1_1redlinestimulus5.png'
22.8152 	EXP 	Stim: image = 'TMTstop-A_1_1redlinestimulus5.png'
22.8652 	EXP 	Stim: image = 'TMTstop-A_1_1redlinestimulus5.png'
22.8685 	EXP 	New trial (rep=0, index=8): {'NumberLetter': 9, 'corrAns': ['2'], 'StimFile': 'TMTstop-A_1_1linestimulus6.png', 'Correct_StimFile': 'TMTstop-A_1_1greenlinestimulus6.png', 'False_StimFile': 'TMTstop-A_1_1redlinestimulus6.png', 'DurationTrial': 10}
22.9433 	DATA 	Keypress: 1
22.9434 	DATA 	Keypress: 3
22.9435 	DATA 	Keypress: 2
22.9486 	EXP 	Stim: autoDraw = False
22.9486 	EXP 	Stim: image = 'TMTstop-A_1_1greenlinestimulus6.png'
22.9486 	EXP 	Stim: image = 'TMTstop-A_1_1greenlinestimulus6.png'
22.9486 	EXP 	Stim: autoDraw = True
22.9519 	EXP 	New trial (rep=0, index=9): {'NumberLetter': 10, 'corrAns': ['1'], 'StimFile': 'TMTstop-A_1_1linestimulus7.png', 'Correct_StimFile': 'TMTstop-A_1_1greenlinestimulus7.png', 'False_StimFile': 'TMTstop-A_1_1redlinestimulus7.png', 'DurationTrial': 10}
23.0317 	EXP 	Stim: autoDraw = False
23.0317 	EXP 	Stim: image = 'TMTstop-A_1_1greenlinestimulus7.png'
23.0317 	EXP 	Stim: image = 'TMTstop-A_1_1greenlinestimulus7.png'
23.0317 	EXP 	Stim: autoDraw = True
23.0765 	DATA 	Keypress: 3
23.0766 	DATA 	Keypress: 1
23.0821 	EXP 	Stim: image = 'TMTstop-A_1_1redlinestimulus7.png'
23.1266 	DATA 	Keypress: 2
23.1319 	EXP 	Stim: image = 'TMTstop-A_1_1redlinestimulus7.png'
23.1765 	DATA 	Keypress: 1
23.1821 	EXP 	Stim: image = 'TMTstop-A_1_1redlinestimulus7.png'
23.1855 	EXP 	New trial (rep=0, index=10): {'NumberLetter': 11, 'corrAns': ['2'], 'StimFile': 'TMTstop-A_1_1linestimulus8.png', 'Correct_StimFile': 'TMTstop-A_1_1greenlinestimulus8.png', 'False_StimFile': 'TMTstop-A_1_1redlinestimulus8.png', 'DurationTrial': 10}
23.2601 	DATA 	Keypress: 3
23.2602 	DATA 	Keypress: 2
23.2653 	EXP 	Stim: autoDraw = False
23.2653 	EXP 	Stim: image = 'TMTstop-A_1_1greenlinestimulus8.png'
23.2653 	EXP 	Stim: image = 'TMTstop-A_1_1greenlinestimulus8.png'
23.2653 	EXP 	Stim: autoDraw = True
23.2686 	EXP 	New trial (rep=0, index=11): {'NumberLetter': 12, 'corrAns': ['3'], 'StimFile': 'TMTstop-A_1_1linestimulus9.png', 'Correct_StimFile': 'TMTstop-A_1_1greenlinestimulus9.png', 'False_StimFile': 'TMTstop-A_1_1redlinestimulus9.png', 'DurationTrial': 10}
23.3433 	DATA 	Keypress: 3
23.3434 	DATA 	Keypress: 1
23.3485 	EXP 	Stim: autoDraw = False
23.3485 	EXP 	Stim: image = 'TMTstop-A_1_1greenlinestimulus9.png'
23.3485 	EXP 	Stim: image = 'TMTstop-A_1_1greenlinestimulus9.png'
23.3485 	EXP 	Stim: autoDraw = True
23.3519 	EXP 	New trial (rep=0, index=12): {'NumberLetter': 13, 'corrAns': ['2'], 'StimFile': 'TMTstop-A_1_1linestimulus10.png', 'Correct_StimFile': 'TMTstop-A_1_1greenlinestimulus10.png', 'False_StimFile': 'TMTstop-A_1_1redlinestimulus10.png', 'DurationTrial': 1}
23.4268 	DATA 	Keypress: 2
23.4268 	DATA 	Keypress: 1
23.4319 	EXP 	Stim: autoDraw = False
23.4319 	EXP 	Stim: image = 'TMTstop-A_1_1greenlinestimulus10.png'
23.4319 	EXP 	Stim: image = 'TMTstop-A_1_1greenlinestimulus10.png'
23.4319 	EXP 	Stim: autoDraw = True
23.4769 	DATA 	Keypress: 3
23.4825 	EXP 	Stim: image = 'TMTstop-A_1_1redlinestimulus10.png'
23.5269 	DATA 	Keypress: 2
23.5322 	EXP 	Stim: image = 'TMTstop-A_1_1redlinestimulus10.png'
23.5353 	EXP 	New trial (rep=0, index=13): {'NumberLetter': 14, 'corrAns': ['3'], 'StimFile': 'TMTstop-A_1_1linestimulus11.png', 'Correct_StimFile': 'TMTstop-A_1_1greenlinestimulus11.png', 'False_StimFile': 'TMTstop-A_1_1redlinestimulus11.png', 'DurationTrial': None}
23.6102 	DATA 	Keypress: 3
23.6103 	DATA 	Keypress: 1
23.6155 	EXP 	Stim: autoDraw = False
23.6155 	EXP 	Stim: image = 'TMTstop-A_1_1greenlinestimulus11.png'
23.6155 	EXP 	Stim: image = 'TMTstop-A_1_1greenlinestimulus11.png'
23.6155 	EXP 	Stim: autoDraw = True
23.6191 	EXP 	New trial (rep=0, index=14): {'NumberLetter': 15, 'corrAns': ['1'], 'StimFile': 'TMTstop-A_1_1linestimulus12.png', 'Correct_StimFile': 'TMTstop-A_1_1greenlinestimulus12.png', 'False_StimFile': 'TMTstop-A_1_1redlinestimulus12.png', 'DurationTrial': None}
23.6934 	DATA 	Keypress: 2
23.6935 	DATA 	Keypress: 1
23.6988 	EXP 	Stim: autoDraw = False
23.6988 	EXP 	Stim: image = 'TMTstop-A_1_1greenlinestimulus12.png'
23.6988 	EXP 	Stim: image = 'TMTstop-A_1_1greenlinestimulus12.png'
23.6988 	EXP 	Stim: autoDraw = True
23.7020 	EXP 	New trial (rep=0, index=15): {'NumberLetter': 16, 'corrAns': ['3'], 'StimFile': 'TMTstop-A_1_1linestimulus13.png', 'Correct_StimFile': 'TMTstop-A_1_1greenlinestimulus13.png', 'False_StimFile': 'TMTstop-A_1_1redlinestimulus13.png', 'DurationTrial': None}
23.7768 	DATA 	Keypress: 2
23.7769 	DATA 	Keypress: 3
23.7820 	EXP 	Stim: autoDraw = False
23.7820 	EXP 	Stim: image = 'TMTstop-A_1_1greenlinestimulus13.png'
23.7820 	EXP 	Stim: image = 'TMTstop-A_1_1greenlinestimulus13.png'
23.7820 	EXP 	Stim: autoDraw = True
23.8324 	EXP 	Stim: image = 'TMTstop-A_1_1redlinestimulus13.png'
23.8768 	DATA 	Keypress: 3
23.8821 	EXP 	Stim: image = 'TMTstop-A_1_1redlinestimulus13.png'
23.8856 	EXP 	New trial (rep=0, index=16): {'NumberLetter': 17, 'corrAns': ['2'], 'StimFile': 'TMTstop-A_1_1linestimulus14.png', 'Correct_StimFile': 'TMTstop-A_1_1greenlinestimulus14.png', 'False_StimFile': 'TMTstop-A_1_1redlinestimulus14.png', 'DurationTrial': None}
23.9602 	DATA 	Keypress: 1
23.9603 	DATA 	Keypress: 2
23.9654 	EXP 	Stim: autoDraw = False
23.9654 	EXP 	Stim: image = 'TMTstop-A_1_1greenlinestimulus14.png'
23.9654 	EXP 	Stim: image = 'TMTstop-A_1_1greenlinestimulus14.png'
23.9654 	EXP 	Stim: autoDraw = True
23.9945 	DATA 	Keypress: 1
24.0436 	DATA 	Keypress: 3
24.0494 	EXP 	Stim: image = 'TMTstop-A_1_1redlinestimulus14.png'
24.0531 	EXP 	New trial (rep=0, index=17): {'NumberLetter': 18, 'corrAns': ['3'], 'StimFile': 'TMTstop-A_1_1linestimulus15.png', 'Correct_StimFile': 'TMTstop-A_1_1greenlinestimulus15.png', 'False_StimFile': 'TMTstop-A_1_1redlinestimulus15.png', 'DurationTrial': None}
24.1270 	DATA 	Keypress: 2
24.1324 	EXP 	Stim: autoDraw = False
24.1324 	EXP 	Stim: image = 'TMTstop-A_1_1greenlinestimulus15.png'
24.1324 	EXP 	Stim: image = 'TMTstop-A_1_1greenlinestimulus15.png'
24.1324 	EXP 	Stim: autoDraw = True
24.1688 	EXP 	New trial (rep=0, index=18): {'NumberLetter': 19, 'corrAns': ['1'], 'StimFile': 'TMTstop-A_1_1linestimulus16.png', 'Correct_StimFile': 'TMTstop-A_1_1greenlinestimulus16.png', 'False_StimFile': 'TMTstop-A_1_1redlinestimulus16.png', 'DurationTrial': None}
24.2437 	DATA 	Keypress: 3
24.2438 	DATA 	Keypress: 1
24.2439 	DATA 	Keypress: 2
24.2489 	EXP 	Stim: autoDraw = False
24.2489 	EXP 	Stim: image = 'TMTstop-A_1_1greenlinestimulus16.png'
24.2489 	EXP 	Stim: image = 'TMTstop-A_1_1greenlinestimulus16.png'
24.2489 	EXP 	Stim: autoDraw = True
24.3114 	DATA 	Keypress: 1
24.3196 	EXP 	New trial (rep=0, index=19): {'NumberLetter': 20, 'corrAns': ['3'], 'StimFile': 'TMTstop-A_1_1linestimulus17.png', 'Correct_StimFile': 'TMTstop-A_1_1greenlinestimulus17.png', 'False_StimFile': 'TMTstop-A_1_1redlinestimulus17.png', 'DurationTrial': None}
24.3938 	DATA 	Keypress: 2
24.3939 	DATA 	Keypress: 3
24.3990 	EXP 	Stim: autoDraw = False
24.3990 	EXP 	Stim: image = 'TMTstop-A_1_1greenlinestimulus17.png'
24.3990 	EXP 	Stim: image = 'TMTstop-A_1_1greenlinestimulus17.png'
24.3990 	EXP 	Stim: autoDraw = True
24.4507 	EXP 	Stim: image = 'TMTstop-A_1_1redlinestimulus17.png'
24.4938 	DATA 	Keypress: 3
24.4993 	EXP 	Stim: image = 'TMTstop-A_1_1redlinestimulus17.png'
24.5027 	EXP 	New trial (rep=0, index=20): {'NumberLetter': 21, 'corrAns': ['1'], 'StimFile': 'TMTstop-A_1_1linestimulus18.png', 'Correct_StimFile': 'TMTstop-A_1_1greenlinestimulus18.png', 'False_StimFile': 'TMTstop-A_1_1redlinestimulus18.png', 'DurationTrial': None}
24.5772 	DATA 	Keypress: 1
24.5773 	DATA 	Keypress: 2
24.5826 	EXP 	Stim: autoDraw = False
24.5826 	EXP 	Stim: image = 'TMTstop-A_1_1greenlinestimulus18.png'
24.5826 	EXP 	Stim: image = 'TMTstop-A_1_1greenlinestimulus18.png'
24.5826 	EXP 	Stim: autoDraw = True
24.6031 	EXP 	New trial (rep=0, index=21): {'NumberLetter': 22, 'corrAns': ['3'], 'StimFile': 'TMTstop-A_1_1linestimulus19.png', 'Correct_StimFile': 'TMTstop-A_1_1greenlinestimulus19.png', 'False_StimFile': 'TMTstop-A_1_1redlinestimulus19.png', 'DurationTrial': None}
24.6772 	DATA 	Keypress: 1
24.6824 	EXP 	Stim: autoDraw = False
24.6824 	EXP 	Stim: image = 'TMTstop-A_1_1greenlinestimulus19.png'
24.6824 	EXP 	Stim: image = 'TMTstop-A_1_1greenlinestimulus19.png'
24.6824 	EXP 	Stim: autoDraw = True
24.6947 	DATA 	Keypress: 3
24.7283 	DATA 	Keypress: 2
24.7829 	EXP 	Stim: image = 'TMTstop-A_1_1redlinestimulus19.png'
24.7863 	EXP 	New trial (rep=0, index=22): {'NumberLetter': 23, 'corrAns': ['1'], 'StimFile': 'TMTstop-A_1_1linestimulus20.png', 'Correct_StimFile': 'TMTstop-A_1_1greenlinestimulus20.png', 'False_StimFile': 'TMTstop-A_1_1redlinestimulus20.png', 'DurationTrial': None}
24.8608 	DATA 	Keypress: 3
24.8609 	DATA 	Keypress: 1
24.8610 	DATA 	Keypress: 2
24.8660 	EXP 	Stim: autoDraw = False
24.8660 	EXP 	Stim: image = 'TMTstop-A_1_1greenlinestimulus20.png'
24.8660 	EXP 	Stim: image = 'TMTstop-A_1_1greenlinestimulus20.png'
24.8660 	EXP 	Stim: autoDraw = True
24.9118 	DATA 	Keypress: 1
24.9200 	EXP 	New trial (rep=0, index=23): {'NumberLetter': 24, 'corrAns': ['2'], 'StimFile': 'TMTstop-A_1_1linestimulus21.png', 'Correct_StimFile': 'TMTstop-A_1_1greenlinestimulus21.png', 'False_StimFile': 'TMTstop-A_1_1redlinestimulus21.png', 'DurationTrial': None}
24.9994 	EXP 	Stim: autoDraw = False
24.9994 	EXP 	Stim: image = 'TMTstop-A_1_1greenlinestimulus21.png'
24.9994 	EXP 	Stim: image = 'TMTstop-A_1_1greenlinestimulus21.png'
24.9994 	EXP 	Stim: autoDraw = True
25.0115 	DATA 	Keypress: 3
25.1282 	DATA 	Keypress: 3
25.1775 	DATA 	Keypress: 1
25.1832 	EXP 	Stim: image = 'TMTstop-A_1_1redlinestimulus21.png'
25.2276 	DATA 	Keypress: 1
25.2330 	EXP 	Stim: image = 'TMTstop-A_1_1redlinestimulus21.png'
25.2828 	EXP 	Stim: image = 'TMTstop-A_1_1redlinestimulus21.png'
25.3275 	DATA 	Keypress: 2
25.3276 	DATA 	Keypress: 3
25.3328 	EXP 	Stim: image = 'TMTstop-A_1_1redlinestimulus21.png'
25.3360 	EXP 	New trial (rep=0, index=24): {'NumberLetter': 25, 'corrAns': ['3'], 'StimFile': 'TMTstop-A_1_1linestimulus22.png', 'Correct_StimFile': 'TMTstop-A_1_1greenlinestimulus22.png', 'False_StimFile': 'TMTstop-A_1_1redlinestimulus22.png', 'DurationTrial': None}
25.4161 	EXP 	Stim: autoDraw = False
25.4161 	EXP 	Stim: image = 'TMTstop-A_1_1greenlinestimulus22.png'
25.4161 	EXP 	Stim: image = 'TMTstop-A_1_1greenlinestimulus22.png'
25.4161 	EXP 	Stim: autoDraw = True
25.4194 	EXP 	New trial (rep=0, index=25): {'NumberLetter': None, 'corrAns': None, 'StimFile': 'TMTstop-A_1_1linestimulus23.png', 'Correct_StimFile': 'TMTstop-A_1_1greenlinestimulus23.png', 'False_StimFile': 'TMTstop-A_1_1redlinestimulus23.png', 'DurationTrial': None}
25.4944 	DATA 	Keypress: 3
25.4945 	DATA 	Keypress: 1
25.4996 	EXP 	Stim: autoDraw = False
25.4996 	EXP 	Stim: image = 'TMTstop-A_1_1greenlinestimulus23.png'
25.4996 	EXP 	Stim: image = 'TMTstop-A_1_1greenlinestimulus23.png'
25.4996 	EXP 	Stim: autoDraw = True
25.5119 	DATA 	Keypress: 2
25.5784 	DATA 	Keypress: 1
25.6334 	EXP 	Stim: image = 'TMTstop-A_1_1redlinestimulus23.png'
25.6779 	DATA 	Keypress: 3
25.6780 	DATA 	Keypress: 2
25.6831 	EXP 	Stim: image = 'TMTstop-A_1_1redlinestimulus23.png'
25.7330 	EXP 	Stim: image = 'TMTstop-A_1_1redlinestimulus23.png'
25.7777 	DATA 	Keypress: 3
25.7778 	DATA 	Keypress: 1
25.7843 	EXP 	Stim: image = 'TMTstop-A_1_1redlinestimulus23.png'
25.8278 	DATA 	Keypress: 2
25.8330 	EXP 	Stim: image = 'TMTstop-A_1_1redlinestimulus23.png'
25.8778 	DATA 	Keypress: 1
25.8830 	EXP 	Stim: image = 'TMTstop-A_1_1redlinestimulus23.png'
25.9332 	EXP 	Stim: image = 'TMTstop-A_1_1redlinestimulus23.png'
25.9780 	DATA 	Keypress: 3
25.9781 	DATA 	Keypress: 2
25.9833 	EXP 	Stim: image = 'TMTstop-A_1_1redlinestimulus23.png'
26.0330 	EXP 	Stim: image = 'TMTstop-A_1_1redlinestimulus23.png'
26.0785 	DATA 	Keypress: 3
26.0853 	EXP 	Stim: image = 'TMTstop-A_1_1redlinestimulus23.png'
26.1279 	DATA 	Keypress: 1
26.1333 	EXP 	Stim: image = 'TMTstop-A_1_1redlinestimulus23.png'
26.1781 	DATA 	Keypress: 2
26.1833 	EXP 	Stim: image = 'TMTstop-A_1_1redlinestimulus23.png'
26.2282 	DATA 	Keypress: 3
26.2332 	EXP 	Stim: image = 'TMTstop-A_1_1redlinestimulus23.png'
26.2851 	EXP 	Stim: image = 'TMTstop-A_1_1redlinestimulus23.png'
26.3339 	EXP 	Stim: image = 'TMTstop-A_1_1redlinestimulus23.png'
26.3832 	EXP 	Stim: image = 'TMTstop-A_1_1redlinestimulus23.png'
26.4334 	EXP 	Stim: image = 'TMTstop-A_1_1redlinestimulus23.png'
26.4835 	EXP 	Stim: image = 'TMTstop-A_1_1redlinestimulus23.png'
26.6149 	EXP 	Stim: image = 'TMTstop-A_1_1redlinestimulus23.png'
26.6149 	EXP 	Stim: autoDraw = False
26.6149 	EXP 	polygon: autoDraw = True
29.5335 	EXP 	New trial (rep=0, index=1): {'Block_file': 'TMTstop-A_1_2.xlsx', 'Condition_rows': '26:52'}
29.5431 	EXP 	Imported TMTstop-A_1_2.xlsx as conditions, 26 conditions, 7 params
29.5435 	EXP 	Created sequence: sequential, trialTypes=26, nReps=1, seed=None
29.5437 	EXP 	New trial (rep=0, index=0): {'NumberLetter': 1, 'corrAns': ['3'], 'Correct': 3, 'StimFile': 'TMTstop-A_1_2.png', 'Correct_StimFile': 'TMTstop-A_1_2.png', 'False_StimFile': 'TMTstop-A_1_2.png', 'DurationTrial': 10}
29.5849 	EXP 	polygon: autoDraw = False
29.5849 	EXP 	Stim: image = 'TMTstop-A_1_2.png'
29.5849 	EXP 	Stim: autoDraw = True
29.9637 	DATA 	Keypress: 1
30.0183 	EXP 	Stim: image = 'TMTstop-A_1_2.png'
30.0631 	DATA 	Keypress: 2
30.0685 	EXP 	Stim: image = 'TMTstop-A_1_2.png'
30.1184 	EXP 	Stim: image = 'TMTstop-A_1_2.png'
30.1632 	DATA 	Keypress: 3
30.1686 	EXP 	Stim: image = 'TMTstop-A_1_2.png'
30.1725 	EXP 	New trial (rep=0, index=1): {'NumberLetter': 2, 'corrAns': ['2'], 'Correct': 2, 'StimFile': 'TMTstop-A_1_2.png', 'Correct_StimFile': 'TMTstop-A_1_2firstgreen.png', 'False_StimFile': 'TMTstop-A_1_2firstred.png', 'DurationTrial': 10}
30.2465 	DATA 	Keypress: 1
30.2466 	DATA 	Keypress: 2
30.2518 	EXP 	Stim: autoDraw = False
30.2518 	EXP 	Stim: image = 'TMTstop-A_1_2firstgreen.png'
30.2518 	EXP 	Stim: image = 'TMTstop-A_1_2firstgreen.png'
30.2518 	EXP 	Stim: autoDraw = True
30.2972 	DATA 	Keypress: 1
30.3467 	DATA 	Keypress: 3
30.3523 	EXP 	Stim: image = 'TMTstop-A_1_2firstred.png'
30.3560 	EXP 	New trial (rep=0, index=2): {'NumberLetter': 3, 'corrAns': ['3'], 'Correct': 3, 'StimFile': 'TMTstop-A_1_2linestimulus0.png', 'Correct_StimFile': 'TMTstop-A_1_2greenlinestimulus0.png', 'False_StimFile': 'TMTstop-A_1_2redlinestimulus0.png', 'DurationTrial': 10}
30.4299 	DATA 	Keypress: 2
30.4352 	EXP 	Stim: autoDraw = False
30.4352 	EXP 	Stim: image = 'TMTstop-A_1_2greenlinestimulus0.png'
30.4352 	EXP 	Stim: image = 'TMTstop-A_1_2greenlinestimulus0.png'
30.4352 	EXP 	Stim: autoDraw = True
30.4557 	EXP 	New trial (rep=0, index=3): {'NumberLetter': 4, 'corrAns': ['1'], 'Correct': 1, 'StimFile': 'TMTstop-A_1_2linestimulus1.png', 'Correct_StimFile': 'TMTstop-A_1_2greenlinestimulus1.png', 'False_StimFile': 'TMTstop-A_1_2redlinestimulus1.png', 'DurationTrial': 10}
30.5300 	DATA 	Keypress: 3
30.5301 	DATA 	Keypress: 1
30.5301 	DATA 	Keypress: 2
30.5351 	EXP 	Stim: autoDraw = False
30.5351 	EXP 	Stim: image = 'TMTstop-A_1_2greenlinestimulus1.png'
30.5351 	EXP 	Stim: image = 'TMTstop-A_1_2greenlinestimulus1.png'
30.5351 	EXP 	Stim: autoDraw = True
30.5642 	DATA 	Keypress: 1
30.5722 	EXP 	New trial (rep=0, index=4): {'NumberLetter': 5, 'corrAns': ['2'], 'Correct': 2, 'StimFile': 'TMTstop-A_1_2linestimulus2.png', 'Correct_StimFile': 'TMTstop-A_1_2greenlinestimulus2.png', 'False_StimFile': 'TMTstop-A_1_2redlinestimulus2.png', 'DurationTrial': 10}
30.6468 	DATA 	Keypress: 3
30.6469 	DATA 	Keypress: 2
30.6519 	EXP 	Stim: autoDraw = False
30.6519 	EXP 	Stim: image = 'TMTstop-A_1_2greenlinestimulus2.png'
30.6519 	EXP 	Stim: image = 'TMTstop-A_1_2greenlinestimulus2.png'
30.6519 	EXP 	Stim: autoDraw = True
30.6554 	EXP 	New trial (rep=0, index=5): {'NumberLetter': 6, 'corrAns': ['3'], 'Correct': 3, 'StimFile': 'TMTstop-A_1_2linestimulus3.png', 'Correct_StimFile': 'TMTstop-A_1_2greenlinestimulus3.png', 'False_StimFile': 'TMTstop-A_1_2redlinestimulus3.png', 'DurationTrial': 10}
30.7134 	DATA 	Keypress: 3
30.7181 	EXP 	Stim: autoDraw = False
30.7181 	EXP 	Stim: image = 'TMTstop-A_1_2greenlinestimulus3.png'
30.7181 	EXP 	Stim: image = 'TMTstop-A_1_2greenlinestimulus3.png'
30.7181 	EXP 	Stim: autoDraw = True
30.7210 	EXP 	New trial (rep=0, index=6): {'NumberLetter': 7, 'corrAns': ['2'], 'Correct': 2, 'StimFile': 'TMTstop-A_1_2linestimulus4.png', 'Correct_StimFile': 'TMTstop-A_1_2greenlinestimulus4.png', 'False_StimFile': 'TMTstop-A_1_2redlinestimulus4.png', 'DurationTrial': 10}
30.7971 	DATA 	Keypress: 1
30.7972 	DATA 	Keypress: 2
30.8023 	EXP 	Stim: autoDraw = False
30.8023 	EXP 	Stim: image = 'TMTstop-A_1_2greenlinestimulus4.png'
30.8023 	EXP 	Stim: image = 'TMTstop-A_1_2greenlinestimulus4.png'
30.8023 	EXP 	Stim: autoDraw = True
30.8313 	DATA 	Keypress: 1
30.8801 	DATA 	Keypress: 3
30.8856 	EXP 	Stim: image = 'TMTstop-A_1_2redlinestimulus4.png'
30.9301 	DATA 	Keypress: 2
30.9355 	EXP 	Stim: image = 'TMTstop-A_1_2redlinestimulus4.png'
30.9388 	EXP 	New trial (rep=0, index=7): {'NumberLetter': 8, 'corrAns': ['1'], 'Correct': 1, 'StimFile': 'TMTstop-A_1_2linestimulus5.png', 'Correct_StimFile': 'TMTstop-A_1_2greenlinestimulus5.png', 'False_StimFile': 'TMTstop-A_1_2redlinestimulus5.png', 'DurationTrial': 10}
31.0135 	DATA 	Keypress: 3
31.0136 	DATA 	Keypress: 1
31.0190 	EXP 	Stim: autoDraw = False
31.0190 	EXP 	Stim: image = 'TMTstop-A_1_2greenlinestimulus5.png'
31.0190 	EXP 	Stim: image = 'TMTstop-A_1_2greenlinestimulus5.png'
31.0190 	EXP 	Stim: autoDraw = True
31.0635 	DATA 	Keypress: 2
31.0691 	EXP 	Stim: image = 'TMTstop-A_1_2redlinestimulus5.png'
31.1135 	DATA 	Keypress: 1
31.1189 	EXP 	Stim: image = 'TMTstop-A_1_2redlinestimulus5.png'
31.1226 	EXP 	New trial (rep=0, index=8): {'NumberLetter': 9, 'corrAns': ['2'], 'Correct': 2, 'StimFile': 'TMTstop-A_1_2linestimulus6.png', 'Correct_StimFile': 'TMTstop-A_1_2greenlinestimulus6.png', 'False_StimFile': 'TMTstop-A_1_2redlinestimulus6.png', 'DurationTrial': 10}
31.1803 	DATA 	Keypress: 3
31.1804 	DATA 	Keypress: 2
31.1854 	EXP 	Stim: autoDraw = False
31.1854 	EXP 	Stim: image = 'TMTstop-A_1_2greenlinestimulus6.png'
31.1854 	EXP 	Stim: image = 'TMTstop-A_1_2greenlinestimulus6.png'
31.1854 	EXP 	Stim: autoDraw = True
31.1889 	EXP 	New trial (rep=0, index=9): {'NumberLetter': 10, 'corrAns': ['3'], 'Correct': 3, 'StimFile': 'TMTstop-A_1_2linestimulus7.png', 'Correct_StimFile': 'TMTstop-A_1_2greenlinestimulus7.png', 'False_StimFile': 'TMTstop-A_1_2redlinestimulus7.png', 'DurationTrial': 10}
31.2636 	DATA 	Keypress: 3
31.2689 	EXP 	Stim: autoDraw = False
31.2689 	EXP 	Stim: image = 'TMTstop-A_1_2greenlinestimulus7.png'
31.2689 	EXP 	Stim: image = 'TMTstop-A_1_2greenlinestimulus7.png'
31.2689 	EXP 	Stim: autoDraw = True
31.2722 	EXP 	New trial (rep=0, index=10): {'NumberLetter': 11, 'corrAns': ['1'], 'Correct': 1, 'StimFile': 'TMTstop-A_1_2linestimulus8.png', 'Correct_StimFile': 'TMTstop-A_1_2greenlinestimulus8.png', 'False_StimFile': 'TMTstop-A_1_2redlinestimulus8.png', 'DurationTrial': 10}
31.3470 	DATA 	Keypress: 1
31.3471 	DATA 	Keypress: 2
31.3527 	EXP 	Stim: autoDraw = False
31.3527 	EXP 	Stim: image = 'TMTstop-A_1_2greenlinestimulus8.png'
31.3527 	EXP 	Stim: image = 'TMTstop-A_1_2greenlinestimulus8.png'
31.3527 	EXP 	Stim: autoDraw = True
31.3563 	EXP 	New trial (rep=0, index=11): {'NumberLetter': 12, 'corrAns': ['2'], 'Correct': 2, 'StimFile': 'TMTstop-A_1_2linestimulus9.png', 'Correct_StimFile': 'TMTstop-A_1_2greenlinestimulus9.png', 'False_StimFile': 'TMTstop-A_1_2redlinestimulus9.png', 'DurationTrial': 10}
31.4137 	DATA 	Keypress: 1
31.4140 	DATA 	Keypress: 3
31.4192 	EXP 	Stim: autoDraw = False
31.4192 	EXP 	Stim: image = 'TMTstop-A_1_2greenlinestimulus9.png'
31.4192 	EXP 	Stim: image = 'TMTstop-A_1_2greenlinestimulus9.png'
31.4192 	EXP 	Stim: autoDraw = True
31.4479 	DATA 	Keypress: 2
31.4561 	EXP 	New trial (rep=0, index=12): {'NumberLetter': 13, 'corrAns': ['3'], 'Correct': 3, 'StimFile': 'TMTstop-A_1_2linestimulus10.png', 'Correct_StimFile': 'TMTstop-A_1_2greenlinestimulus10.png', 'False_StimFile': 'TMTstop-A_1_2redlinestimulus10.png', 'DurationTrial': 1}
31.5304 	DATA 	Keypress: 3
31.5357 	EXP 	Stim: autoDraw = False
31.5357 	EXP 	Stim: image = 'TMTstop-A_1_2greenlinestimulus10.png'
31.5357 	EXP 	Stim: image = 'TMTstop-A_1_2greenlinestimulus10.png'
31.5357 	EXP 	Stim: autoDraw = True
31.5390 	EXP 	New trial (rep=0, index=13): {'NumberLetter': 14, 'corrAns': ['1'], 'Correct': 1, 'StimFile': 'TMTstop-A_1_2linestimulus11.png', 'Correct_StimFile': 'TMTstop-A_1_2greenlinestimulus11.png', 'False_StimFile': 'TMTstop-A_1_2redlinestimulus11.png', 'DurationTrial': None}
31.5972 	DATA 	Keypress: 1
31.5972 	DATA 	Keypress: 2
31.6021 	EXP 	Stim: autoDraw = False
31.6021 	EXP 	Stim: image = 'TMTstop-A_1_2greenlinestimulus11.png'
31.6021 	EXP 	Stim: image = 'TMTstop-A_1_2greenlinestimulus11.png'
31.6021 	EXP 	Stim: autoDraw = True
31.6311 	DATA 	Keypress: 1
31.6392 	EXP 	New trial (rep=0, index=14): {'NumberLetter': 15, 'corrAns': ['3'], 'Correct': 3, 'StimFile': 'TMTstop-A_1_2linestimulus12.png', 'Correct_StimFile': 'TMTstop-A_1_2greenlinestimulus12.png', 'False_StimFile': 'TMTstop-A_1_2redlinestimulus12.png', 'DurationTrial': None}
31.7139 	DATA 	Keypress: 3
31.7140 	DATA 	Keypress: 2
31.7190 	EXP 	Stim: autoDraw = False
31.7190 	EXP 	Stim: image = 'TMTstop-A_1_2greenlinestimulus12.png'
31.7190 	EXP 	Stim: image = 'TMTstop-A_1_2greenlinestimulus12.png'
31.7190 	EXP 	Stim: autoDraw = True
31.7695 	EXP 	Stim: image = 'TMTstop-A_1_2redlinestimulus12.png'
31.8139 	DATA 	Keypress: 3
31.8140 	DATA 	Keypress: 1
31.8192 	EXP 	Stim: image = 'TMTstop-A_1_2redlinestimulus12.png'
31.8226 	EXP 	New trial (rep=0, index=15): {'NumberLetter': 16, 'corrAns': ['1'], 'Correct': 1, 'StimFile': 'TMTstop-A_1_2linestimulus13.png', 'Correct_StimFile': 'TMTstop-A_1_2greenlinestimulus13.png', 'False_StimFile': 'TMTstop-A_1_2redlinestimulus13.png', 'DurationTrial': None}
31.8806 	DATA 	Keypress: 2
31.8860 	EXP 	Stim: autoDraw = False
31.8860 	EXP 	Stim: image = 'TMTstop-A_1_2greenlinestimulus13.png'
31.8860 	EXP 	Stim: image = 'TMTstop-A_1_2greenlinestimulus13.png'
31.8860 	EXP 	Stim: autoDraw = True
31.8981 	DATA 	Keypress: 1
31.9060 	EXP 	New trial (rep=0, index=16): {'NumberLetter': 17, 'corrAns': ['2'], 'Correct': 2, 'StimFile': 'TMTstop-A_1_2linestimulus14.png', 'Correct_StimFile': 'TMTstop-A_1_2greenlinestimulus14.png', 'False_StimFile': 'TMTstop-A_1_2redlinestimulus14.png', 'DurationTrial': None}
31.9806 	DATA 	Keypress: 3
31.9807 	DATA 	Keypress: 2
31.9860 	EXP 	Stim: autoDraw = False
31.9860 	EXP 	Stim: image = 'TMTstop-A_1_2greenlinestimulus14.png'
31.9860 	EXP 	Stim: image = 'TMTstop-A_1_2greenlinestimulus14.png'
31.9860 	EXP 	Stim: autoDraw = True
31.9896 	EXP 	New trial (rep=0, index=17): {'NumberLetter': 18, 'corrAns': ['1'], 'Correct': 1, 'StimFile': 'TMTstop-A_1_2linestimulus15.png', 'Correct_StimFile': 'TMTstop-A_1_2greenlinestimulus15.png', 'False_StimFile': 'TMTstop-A_1_2redlinestimulus15.png', 'DurationTrial': None}
32.0642 	DATA 	Keypress: 3
32.0695 	EXP 	Stim: autoDraw = False
32.0695 	EXP 	Stim: image = 'TMTstop-A_1_2greenlinestimulus15.png'
32.0695 	EXP 	Stim: image = 'TMTstop-A_1_2greenlinestimulus15.png'
32.0695 	EXP 	Stim: autoDraw = True
32.1144 	DATA 	Keypress: 1
32.1198 	EXP 	Stim: image = 'TMTstop-A_1_2redlinestimulus15.png'
32.1640 	DATA 	Keypress: 2
32.1641 	DATA 	Keypress: 1
32.1694 	EXP 	Stim: image = 'TMTstop-A_1_2redlinestimulus15.png'
32.1729 	EXP 	New trial (rep=0, index=18): {'NumberLetter': 19, 'corrAns': ['3'], 'Correct': 3, 'StimFile': 'TMTstop-A_1_2linestimulus16.png', 'Correct_StimFile': 'TMTstop-A_1_2greenlinestimulus16.png', 'False_StimFile': 'TMTstop-A_1_2redlinestimulus16.png', 'DurationTrial': None}
32.2308 	DATA 	Keypress: 3
32.2362 	EXP 	Stim: autoDraw = False
32.2362 	EXP 	Stim: image = 'TMTstop-A_1_2greenlinestimulus16.png'
32.2362 	EXP 	Stim: image = 'TMTstop-A_1_2greenlinestimulus16.png'
32.2362 	EXP 	Stim: autoDraw = True
32.2481 	DATA 	Keypress: 2
32.3052 	EXP 	Stim: image = 'TMTstop-A_1_2redlinestimulus16.png'
32.3475 	DATA 	Keypress: 3
32.3530 	EXP 	Stim: image = 'TMTstop-A_1_2redlinestimulus16.png'
32.3566 	EXP 	New trial (rep=0, index=19): {'NumberLetter': 20, 'corrAns': ['1'], 'Correct': 1, 'StimFile': 'TMTstop-A_1_2linestimulus17.png', 'Correct_StimFile': 'TMTstop-A_1_2greenlinestimulus17.png', 'False_StimFile': 'TMTstop-A_1_2redlinestimulus17.png', 'DurationTrial': None}
32.4309 	DATA 	Keypress: 1
32.4310 	DATA 	Keypress: 2
32.4364 	EXP 	Stim: autoDraw = False
32.4364 	EXP 	Stim: image = 'TMTstop-A_1_2greenlinestimulus17.png'
32.4364 	EXP 	Stim: image = 'TMTstop-A_1_2greenlinestimulus17.png'
32.4364 	EXP 	Stim: autoDraw = True
32.4483 	DATA 	Keypress: 1
32.4563 	EXP 	New trial (rep=0, index=20): {'NumberLetter': 21, 'corrAns': ['2'], 'Correct': 2, 'StimFile': 'TMTstop-A_1_2linestimulus18.png', 'Correct_StimFile': 'TMTstop-A_1_2greenlinestimulus18.png', 'False_StimFile': 'TMTstop-A_1_2redlinestimulus18.png', 'DurationTrial': None}
32.5309 	DATA 	Keypress: 3
32.5309 	DATA 	Keypress: 2
32.5361 	EXP 	Stim: autoDraw = False
32.5361 	EXP 	Stim: image = 'TMTstop-A_1_2greenlinestimulus18.png'
32.5361 	EXP 	Stim: image = 'TMTstop-A_1_2greenlinestimulus18.png'
32.5361 	EXP 	Stim: autoDraw = True
32.5393 	EXP 	New trial (rep=0, index=21): {'NumberLetter': 22, 'corrAns': ['1'], 'Correct': 1, 'StimFile': 'TMTstop-A_1_2linestimulus19.png', 'Correct_StimFile': 'TMTstop-A_1_2greenlinestimulus19.png', 'False_StimFile': 'TMTstop-A_1_2redlinestimulus19.png', 'DurationTrial': None}
32.6197 	EXP 	Stim: autoDraw = False
32.6197 	EXP 	Stim: image = 'TMTstop-A_1_2greenlinestimulus19.png'
32.6197 	EXP 	Stim: image = 'TMTstop-A_1_2greenlinestimulus19.png'
32.6197 	EXP 	Stim: autoDraw = True
32.6316 	DATA 	Keypress: 3
32.6809 	DATA 	Keypress: 1
32.6865 	EXP 	Stim: image = 'TMTstop-A_1_2redlinestimulus19.png'
32.7310 	DATA 	Keypress: 2
32.7363 	EXP 	Stim: image = 'TMTstop-A_1_2redlinestimulus19.png'
32.7810 	DATA 	Keypress: 1
32.7864 	EXP 	Stim: image = 'TMTstop-A_1_2redlinestimulus19.png'
32.7897 	EXP 	New trial (rep=0, index=22): {'NumberLetter': 23, 'corrAns': ['2'], 'Correct': 2, 'StimFile': 'TMTstop-A_1_2linestimulus20.png', 'Correct_StimFile': 'TMTstop-A_1_2greenlinestimulus20.png', 'False_StimFile': 'TMTstop-A_1_2redlinestimulus20.png', 'DurationTrial': None}
32.8644 	DATA 	Keypress: 3
32.8644 	DATA 	Keypress: 2
32.8697 	EXP 	Stim: autoDraw = False
32.8697 	EXP 	Stim: image = 'TMTstop-A_1_2greenlinestimulus20.png'
32.8697 	EXP 	Stim: image = 'TMTstop-A_1_2greenlinestimulus20.png'
32.8697 	EXP 	Stim: autoDraw = True
32.8732 	EXP 	New trial (rep=0, index=23): {'NumberLetter': 24, 'corrAns': ['1'], 'Correct': 1, 'StimFile': 'TMTstop-A_1_2linestimulus21.png', 'Correct_StimFile': 'TMTstop-A_1_2greenlinestimulus21.png', 'False_StimFile': 'TMTstop-A_1_2redlinestimulus21.png', 'DurationTrial': None}
32.9478 	DATA 	Keypress: 3
32.9531 	EXP 	Stim: autoDraw = False
32.9531 	EXP 	Stim: image = 'TMTstop-A_1_2greenlinestimulus21.png'
32.9531 	EXP 	Stim: image = 'TMTstop-A_1_2greenlinestimulus21.png'
32.9531 	EXP 	Stim: autoDraw = True
32.9978 	DATA 	Keypress: 1
33.0033 	EXP 	Stim: image = 'TMTstop-A_1_2redlinestimulus21.png'
33.0478 	DATA 	Keypress: 2
33.0532 	EXP 	Stim: image = 'TMTstop-A_1_2redlinestimulus21.png'
33.0978 	DATA 	Keypress: 1
33.1032 	EXP 	Stim: image = 'TMTstop-A_1_2redlinestimulus21.png'
33.1065 	EXP 	New trial (rep=0, index=24): {'NumberLetter': 25, 'corrAns': ['2'], 'Correct': 2, 'StimFile': 'TMTstop-A_1_2linestimulus22.png', 'Correct_StimFile': 'TMTstop-A_1_2greenlinestimulus22.png', 'False_StimFile': 'TMTstop-A_1_2redlinestimulus22.png', 'DurationTrial': None}
33.1812 	DATA 	Keypress: 3
33.1813 	DATA 	Keypress: 2
33.1865 	EXP 	Stim: autoDraw = False
33.1865 	EXP 	Stim: image = 'TMTstop-A_1_2greenlinestimulus22.png'
33.1865 	EXP 	Stim: image = 'TMTstop-A_1_2greenlinestimulus22.png'
33.1865 	EXP 	Stim: autoDraw = True
33.1897 	EXP 	New trial (rep=0, index=25): {'NumberLetter': None, 'corrAns': None, 'Correct': None, 'StimFile': 'TMTstop-A_1_2linestimulus23.png', 'Correct_StimFile': 'TMTstop-A_1_2greenlinestimulus23.png', 'False_StimFile': 'TMTstop-A_1_2redlinestimulus23.png', 'DurationTrial': None}
33.2646 	DATA 	Keypress: 3
33.2699 	EXP 	Stim: autoDraw = False
33.2699 	EXP 	Stim: image = 'TMTstop-A_1_2greenlinestimulus23.png'
33.2699 	EXP 	Stim: image = 'TMTstop-A_1_2greenlinestimulus23.png'
33.2699 	EXP 	Stim: autoDraw = True
33.3147 	DATA 	Keypress: 1
33.3200 	EXP 	Stim: image = 'TMTstop-A_1_2redlinestimulus23.png'
33.3646 	DATA 	Keypress: 2
33.3701 	EXP 	Stim: image = 'TMTstop-A_1_2redlinestimulus23.png'
33.4146 	DATA 	Keypress: 1
33.4199 	EXP 	Stim: image = 'TMTstop-A_1_2redlinestimulus23.png'
33.4647 	DATA 	Keypress: 3
33.4647 	DATA 	Keypress: 2
33.4699 	EXP 	Stim: image = 'TMTstop-A_1_2redlinestimulus23.png'
33.5202 	EXP 	Stim: image = 'TMTstop-A_1_2redlinestimulus23.png'
33.5647 	DATA 	Keypress: 3
33.5701 	EXP 	Stim: image = 'TMTstop-A_1_2redlinestimulus23.png'
33.6148 	DATA 	Keypress: 1
33.6202 	EXP 	Stim: image = 'TMTstop-A_1_2redlinestimulus23.png'
33.6648 	DATA 	Keypress: 2
33.6701 	EXP 	Stim: image = 'TMTstop-A_1_2redlinestimulus23.png'
33.7148 	DATA 	Keypress: 1
33.7201 	EXP 	Stim: image = 'TMTstop-A_1_2redlinestimulus23.png'
33.7650 	DATA 	Keypress: 3
33.7703 	EXP 	Stim: image = 'TMTstop-A_1_2redlinestimulus23.png'
33.8148 	DATA 	Keypress: 2
33.8201 	EXP 	Stim: image = 'TMTstop-A_1_2redlinestimulus23.png'
33.8702 	EXP 	Stim: image = 'TMTstop-A_1_2redlinestimulus23.png'
33.9149 	DATA 	Keypress: 3
33.9150 	DATA 	Keypress: 1
33.9200 	EXP 	Stim: image = 'TMTstop-A_1_2redlinestimulus23.png'
33.9649 	DATA 	Keypress: 2
33.9704 	EXP 	Stim: image = 'TMTstop-A_1_2redlinestimulus23.png'
34.0201 	EXP 	Stim: image = 'TMTstop-A_1_2redlinestimulus23.png'
34.0649 	DATA 	Keypress: 3
34.0705 	EXP 	Stim: image = 'TMTstop-A_1_2redlinestimulus23.png'
34.1216 	EXP 	Stim: image = 'TMTstop-A_1_2redlinestimulus23.png'
34.1704 	EXP 	Stim: image = 'TMTstop-A_1_2redlinestimulus23.png'
34.2203 	EXP 	Stim: image = 'TMTstop-A_1_2redlinestimulus23.png'
34.2703 	EXP 	Stim: image = 'TMTstop-A_1_2redlinestimulus23.png'
34.3688 	EXP 	Stim: image = 'TMTstop-A_1_2redlinestimulus23.png'
34.3688 	EXP 	Stim: autoDraw = False
34.3688 	EXP 	polygon: autoDraw = True
37.3038 	EXP 	New trial (rep=0, index=2): {'Block_file': 'TMTstop-A_1_3.xlsx', 'Condition_rows': '52:78'}
37.3136 	EXP 	Imported TMTstop-A_1_3.xlsx as conditions, 26 conditions, 7 params
37.3139 	EXP 	Created sequence: sequential, trialTypes=26, nReps=1, seed=None
37.3141 	EXP 	New trial (rep=0, index=0): {'NumberLetter': 1, 'corrAns': ['2'], 'Correct': 2, 'StimFile': 'TMTstop-A_1_3.png', 'Correct_StimFile': 'TMTstop-A_1_3.png', 'False_StimFile': 'TMTstop-A_1_3.png', 'DurationTrial': 10}
37.3551 	EXP 	polygon: autoDraw = False
37.3551 	EXP 	Stim: image = 'TMTstop-A_1_3.png'
37.3551 	EXP 	Stim: autoDraw = True
37.7679 	DATA 	Keypress: 1
37.8222 	EXP 	Stim: image = 'TMTstop-A_1_3.png'
37.8261 	EXP 	New trial (rep=0, index=1): {'NumberLetter': 2, 'corrAns': ['1'], 'Correct': 1, 'StimFile': 'TMTstop-A_1_3.png', 'Correct_StimFile': 'TMTstop-A_1_3firstgreen.png', 'False_StimFile': 'TMTstop-A_1_3firstred.png', 'DurationTrial': 10}
37.9001 	DATA 	Keypress: 2
37.9052 	EXP 	Stim: autoDraw = False
37.9052 	EXP 	Stim: image = 'TMTstop-A_1_3firstgreen.png'
37.9052 	EXP 	Stim: image = 'TMTstop-A_1_3firstgreen.png'
37.9052 	EXP 	Stim: autoDraw = True
37.9667 	DATA 	Keypress: 3
37.9668 	DATA 	Keypress: 1
37.9736 	EXP 	Stim: image = 'TMTstop-A_1_3firstred.png'
38.0168 	DATA 	Keypress: 2
38.0222 	EXP 	Stim: image = 'TMTstop-A_1_3firstred.png'
38.0668 	DATA 	Keypress: 1
38.0719 	EXP 	Stim: image = 'TMTstop-A_1_3firstred.png'
38.0753 	EXP 	New trial (rep=0, index=2): {'NumberLetter': 3, 'corrAns': ['3'], 'Correct': 3, 'StimFile': 'TMTstop-A_1_3linestimulus0.png', 'Correct_StimFile': 'TMTstop-A_1_3greenlinestimulus0.png', 'False_StimFile': 'TMTstop-A_1_3redlinestimulus0.png', 'DurationTrial': 10}
38.1335 	DATA 	Keypress: 3
38.1336 	DATA 	Keypress: 2
38.1391 	EXP 	Stim: autoDraw = False
38.1391 	EXP 	Stim: image = 'TMTstop-A_1_3greenlinestimulus0.png'
38.1391 	EXP 	Stim: image = 'TMTstop-A_1_3greenlinestimulus0.png'
38.1391 	EXP 	Stim: autoDraw = True
38.1891 	EXP 	Stim: image = 'TMTstop-A_1_3redlinestimulus0.png'
38.2339 	DATA 	Keypress: 3
38.2340 	DATA 	Keypress: 1
38.2392 	EXP 	Stim: image = 'TMTstop-A_1_3redlinestimulus0.png'
38.2427 	EXP 	New trial (rep=0, index=3): {'NumberLetter': 4, 'corrAns': ['2'], 'Correct': 2, 'StimFile': 'TMTstop-A_1_3linestimulus1.png', 'Correct_StimFile': 'TMTstop-A_1_3greenlinestimulus1.png', 'False_StimFile': 'TMTstop-A_1_3redlinestimulus1.png', 'DurationTrial': 10}
38.3170 	DATA 	Keypress: 2
38.3223 	EXP 	Stim: autoDraw = False
38.3223 	EXP 	Stim: image = 'TMTstop-A_1_3greenlinestimulus1.png'
38.3223 	EXP 	Stim: image = 'TMTstop-A_1_3greenlinestimulus1.png'
38.3223 	EXP 	Stim: autoDraw = True
38.3836 	DATA 	Keypress: 1
38.3837 	DATA 	Keypress: 3
38.3892 	EXP 	Stim: image = 'TMTstop-A_1_3redlinestimulus1.png'
38.4336 	DATA 	Keypress: 2
38.4394 	EXP 	Stim: image = 'TMTstop-A_1_3redlinestimulus1.png'
38.4430 	EXP 	New trial (rep=0, index=4): {'NumberLetter': 5, 'corrAns': ['3'], 'Correct': 3, 'StimFile': 'TMTstop-A_1_3linestimulus2.png', 'Correct_StimFile': 'TMTstop-A_1_3greenlinestimulus2.png', 'False_StimFile': 'TMTstop-A_1_3redlinestimulus2.png', 'DurationTrial': 10}
38.5171 	DATA 	Keypress: 3
38.5172 	DATA 	Keypress: 1
38.5224 	EXP 	Stim: autoDraw = False
38.5224 	EXP 	Stim: image = 'TMTstop-A_1_3greenlinestimulus2.png'
38.5224 	EXP 	Stim: image = 'TMTstop-A_1_3greenlinestimulus2.png'
38.5224 	EXP 	Stim: autoDraw = True
38.5257 	EXP 	New trial (rep=0, index=5): {'NumberLetter': 6, 'corrAns': ['2'], 'Correct': 2, 'StimFile': 'TMTstop-A_1_3linestimulus3.png', 'Correct_StimFile': 'TMTstop-A_1_3greenlinestimulus3.png', 'False_StimFile': 'TMTstop-A_1_3redlinestimulus3.png', 'DurationTrial': 10}
38.6004 	DATA 	Keypress: 2
38.6056 	EXP 	Stim: autoDraw = False
38.6056 	EXP 	Stim: image = 'TMTstop-A_1_3greenlinestimulus3.png'
38.6056 	EXP 	Stim: image = 'TMTstop-A_1_3greenlinestimulus3.png'
38.6056 	EXP 	Stim: autoDraw = True
38.6179 	DATA 	Keypress: 3
38.6670 	DATA 	Keypress: 1
38.6725 	EXP 	Stim: image = 'TMTstop-A_1_3redlinestimulus3.png'
38.6758 	EXP 	New trial (rep=0, index=6): {'NumberLetter': 7, 'corrAns': ['1'], 'Correct': 1, 'StimFile': 'TMTstop-A_1_3linestimulus4.png', 'Correct_StimFile': 'TMTstop-A_1_3greenlinestimulus4.png', 'False_StimFile': 'TMTstop-A_1_3redlinestimulus4.png', 'DurationTrial': 10}
38.7340 	DATA 	Keypress: 2
38.7391 	EXP 	Stim: autoDraw = False
38.7391 	EXP 	Stim: image = 'TMTstop-A_1_3greenlinestimulus4.png'
38.7391 	EXP 	Stim: image = 'TMTstop-A_1_3greenlinestimulus4.png'
38.7391 	EXP 	Stim: autoDraw = True
38.7678 	DATA 	Keypress: 3
38.8171 	DATA 	Keypress: 1
38.8227 	EXP 	Stim: image = 'TMTstop-A_1_3redlinestimulus4.png'
38.8672 	DATA 	Keypress: 2
38.8725 	EXP 	Stim: image = 'TMTstop-A_1_3redlinestimulus4.png'
38.9225 	EXP 	Stim: image = 'TMTstop-A_1_3redlinestimulus4.png'
38.9672 	DATA 	Keypress: 3
38.9672 	DATA 	Keypress: 1
38.9725 	EXP 	Stim: image = 'TMTstop-A_1_3redlinestimulus4.png'
38.9757 	EXP 	New trial (rep=0, index=7): {'NumberLetter': 8, 'corrAns': ['2'], 'Correct': 2, 'StimFile': 'TMTstop-A_1_3linestimulus5.png', 'Correct_StimFile': 'TMTstop-A_1_3greenlinestimulus5.png', 'False_StimFile': 'TMTstop-A_1_3redlinestimulus5.png', 'DurationTrial': 10}
39.0506 	DATA 	Keypress: 2
39.0559 	EXP 	Stim: autoDraw = False
39.0559 	EXP 	Stim: image = 'TMTstop-A_1_3greenlinestimulus5.png'
39.0559 	EXP 	Stim: image = 'TMTstop-A_1_3greenlinestimulus5.png'
39.0559 	EXP 	Stim: autoDraw = True
39.0593 	EXP 	New trial (rep=0, index=8): {'NumberLetter': 9, 'corrAns': ['3'], 'Correct': 3, 'StimFile': 'TMTstop-A_1_3linestimulus6.png', 'Correct_StimFile': 'TMTstop-A_1_3greenlinestimulus6.png', 'False_StimFile': 'TMTstop-A_1_3redlinestimulus6.png', 'DurationTrial': 10}
39.1342 	DATA 	Keypress: 3
39.1343 	DATA 	Keypress: 1
39.1395 	EXP 	Stim: autoDraw = False
39.1395 	EXP 	Stim: image = 'TMTstop-A_1_3greenlinestimulus6.png'
39.1395 	EXP 	Stim: image = 'TMTstop-A_1_3greenlinestimulus6.png'
39.1395 	EXP 	Stim: autoDraw = True
39.1427 	EXP 	New trial (rep=0, index=9): {'NumberLetter': 10, 'corrAns': ['2'], 'Correct': 2, 'StimFile': 'TMTstop-A_1_3linestimulus7.png', 'Correct_StimFile': 'TMTstop-A_1_3greenlinestimulus7.png', 'False_StimFile': 'TMTstop-A_1_3redlinestimulus7.png', 'DurationTrial': 10}
39.2173 	DATA 	Keypress: 2
39.2226 	EXP 	Stim: autoDraw = False
39.2226 	EXP 	Stim: image = 'TMTstop-A_1_3greenlinestimulus7.png'
39.2226 	EXP 	Stim: image = 'TMTstop-A_1_3greenlinestimulus7.png'
39.2226 	EXP 	Stim: autoDraw = True
39.2347 	DATA 	Keypress: 1
39.2840 	DATA 	Keypress: 3
39.2896 	EXP 	Stim: image = 'TMTstop-A_1_3redlinestimulus7.png'
39.3340 	DATA 	Keypress: 2
39.3392 	EXP 	Stim: image = 'TMTstop-A_1_3redlinestimulus7.png'
39.3425 	EXP 	New trial (rep=0, index=10): {'NumberLetter': 11, 'corrAns': ['3'], 'Correct': 3, 'StimFile': 'TMTstop-A_1_3linestimulus8.png', 'Correct_StimFile': 'TMTstop-A_1_3greenlinestimulus8.png', 'False_StimFile': 'TMTstop-A_1_3redlinestimulus8.png', 'DurationTrial': 10}
39.4174 	DATA 	Keypress: 3
39.4228 	EXP 	Stim: autoDraw = False
39.4228 	EXP 	Stim: image = 'TMTstop-A_1_3greenlinestimulus8.png'
39.4228 	EXP 	Stim: image = 'TMTstop-A_1_3greenlinestimulus8.png'
39.4228 	EXP 	Stim: autoDraw = True
39.4262 	EXP 	New trial (rep=0, index=11): {'NumberLetter': 12, 'corrAns': ['2'], 'Correct': 2, 'StimFile': 'TMTstop-A_1_3linestimulus9.png', 'Correct_StimFile': 'TMTstop-A_1_3greenlinestimulus9.png', 'False_StimFile': 'TMTstop-A_1_3redlinestimulus9.png', 'DurationTrial': 10}
39.5021 	DATA 	Keypress: 1
39.5022 	DATA 	Keypress: 2
39.5083 	EXP 	Stim: autoDraw = False
39.5083 	EXP 	Stim: image = 'TMTstop-A_1_3greenlinestimulus9.png'
39.5083 	EXP 	Stim: image = 'TMTstop-A_1_3greenlinestimulus9.png'
39.5083 	EXP 	Stim: autoDraw = True
39.5674 	DATA 	Keypress: 1
39.5675 	DATA 	Keypress: 3
39.5730 	EXP 	Stim: image = 'TMTstop-A_1_3redlinestimulus9.png'
39.6175 	DATA 	Keypress: 2
39.6228 	EXP 	Stim: image = 'TMTstop-A_1_3redlinestimulus9.png'
39.6263 	EXP 	New trial (rep=0, index=12): {'NumberLetter': 13, 'corrAns': ['1'], 'Correct': 1, 'StimFile': 'TMTstop-A_1_3linestimulus10.png', 'Correct_StimFile': 'TMTstop-A_1_3greenlinestimulus10.png', 'False_StimFile': 'TMTstop-A_1_3redlinestimulus10.png', 'DurationTrial': 1}
39.7009 	DATA 	Keypress: 3
39.7062 	EXP 	Stim: autoDraw = False
39.7062 	EXP 	Stim: image = 'TMTstop-A_1_3greenlinestimulus10.png'
39.7062 	EXP 	Stim: image = 'TMTstop-A_1_3greenlinestimulus10.png'
39.7062 	EXP 	Stim: autoDraw = True
39.7509 	DATA 	Keypress: 1
39.7510 	DATA 	Keypress: 2
39.7565 	EXP 	Stim: image = 'TMTstop-A_1_3redlinestimulus10.png'
39.8009 	DATA 	Keypress: 1
39.8062 	EXP 	Stim: image = 'TMTstop-A_1_3redlinestimulus10.png'
39.8097 	EXP 	New trial (rep=0, index=13): {'NumberLetter': 14, 'corrAns': ['2'], 'Correct': 2, 'StimFile': 'TMTstop-A_1_3linestimulus11.png', 'Correct_StimFile': 'TMTstop-A_1_3greenlinestimulus11.png', 'False_StimFile': 'TMTstop-A_1_3redlinestimulus11.png', 'DurationTrial': None}
39.8843 	DATA 	Keypress: 3
39.8844 	DATA 	Keypress: 2
39.8898 	EXP 	Stim: autoDraw = False
39.8898 	EXP 	Stim: image = 'TMTstop-A_1_3greenlinestimulus11.png'
39.8898 	EXP 	Stim: image = 'TMTstop-A_1_3greenlinestimulus11.png'
39.8898 	EXP 	Stim: autoDraw = True
39.8931 	EXP 	New trial (rep=0, index=14): {'NumberLetter': 15, 'corrAns': ['1'], 'Correct': 1, 'StimFile': 'TMTstop-A_1_3linestimulus12.png', 'Correct_StimFile': 'TMTstop-A_1_3greenlinestimulus12.png', 'False_StimFile': 'TMTstop-A_1_3redlinestimulus12.png', 'DurationTrial': None}
39.9676 	DATA 	Keypress: 3
39.9730 	EXP 	Stim: autoDraw = False
39.9730 	EXP 	Stim: image = 'TMTstop-A_1_3greenlinestimulus12.png'
39.9730 	EXP 	Stim: image = 'TMTstop-A_1_3greenlinestimulus12.png'
39.9730 	EXP 	Stim: autoDraw = True
40.0178 	DATA 	Keypress: 1
40.0233 	EXP 	Stim: image = 'TMTstop-A_1_3redlinestimulus12.png'
40.0680 	DATA 	Keypress: 2
40.0732 	EXP 	Stim: image = 'TMTstop-A_1_3redlinestimulus12.png'
40.1180 	DATA 	Keypress: 1
40.1181 	DATA 	Keypress: 3
40.1235 	EXP 	Stim: image = 'TMTstop-A_1_3redlinestimulus12.png'
40.1268 	EXP 	New trial (rep=0, index=15): {'NumberLetter': 16, 'corrAns': ['2'], 'Correct': 2, 'StimFile': 'TMTstop-A_1_3linestimulus13.png', 'Correct_StimFile': 'TMTstop-A_1_3greenlinestimulus13.png', 'False_StimFile': 'TMTstop-A_1_3redlinestimulus13.png', 'DurationTrial': None}
40.2184 	DATA 	Keypress: 2
40.2232 	EXP 	Stim: autoDraw = False
40.2232 	EXP 	Stim: image = 'TMTstop-A_1_3greenlinestimulus13.png'
40.2232 	EXP 	Stim: image = 'TMTstop-A_1_3greenlinestimulus13.png'
40.2232 	EXP 	Stim: autoDraw = True
40.2269 	EXP 	New trial (rep=0, index=16): {'NumberLetter': 17, 'corrAns': ['3'], 'Correct': 3, 'StimFile': 'TMTstop-A_1_3linestimulus14.png', 'Correct_StimFile': 'TMTstop-A_1_3greenlinestimulus14.png', 'False_StimFile': 'TMTstop-A_1_3redlinestimulus14.png', 'DurationTrial': None}
40.3016 	DATA 	Keypress: 3
40.3018 	DATA 	Keypress: 1
40.3083 	EXP 	Stim: autoDraw = False
40.3083 	EXP 	Stim: image = 'TMTstop-A_1_3greenlinestimulus14.png'
40.3083 	EXP 	Stim: image = 'TMTstop-A_1_3greenlinestimulus14.png'
40.3083 	EXP 	Stim: autoDraw = True
40.3118 	EXP 	New trial (rep=0, index=17): {'NumberLetter': 18, 'corrAns': ['2'], 'Correct': 2, 'StimFile': 'TMTstop-A_1_3linestimulus15.png', 'Correct_StimFile': 'TMTstop-A_1_3greenlinestimulus15.png', 'False_StimFile': 'TMTstop-A_1_3redlinestimulus15.png', 'DurationTrial': None}
40.4016 	DATA 	Keypress: 2
40.4017 	DATA 	Keypress: 3
40.4075 	EXP 	Stim: autoDraw = False
40.4075 	EXP 	Stim: image = 'TMTstop-A_1_3greenlinestimulus15.png'
40.4075 	EXP 	Stim: image = 'TMTstop-A_1_3greenlinestimulus15.png'
40.4075 	EXP 	Stim: autoDraw = True
40.7022 	DATA 	Keypress: esc
40.8693 	DATA 	Keypress: esc
41.0004 	EXP 	window1: mouseVisible = True
