1.6310 	WARNING 	We strongly recommend you activate the PTB sound engine in PsychoPy prefs as the preferred audio engine. Its timing is vastly superior. Your prefs are currently set to use ['pyo'] (in that order).
6.1880 	EXP 	Created window1 = Window(allowGUI=True, allowStencil=False, autoLog=True, backendConf=UNKNOWN, bitsMode=UNKNOWN, blendMode='avg', bpc=(8, 8, 8), color=array([0, 0, 0]), colorSpace='rgb', depthBits=8, fullscr=<method-wrapper '__getattribute__' of attributeSetter object at 0x000002405CF9CD68>, gamma=None, gammaErrorPolicy='raise', lms=UNKNOWN, monitor=<psychopy.monitors.calibTools.Monitor object at 0x000002405CF40080>, multiSample=False, name='window1', numSamples=2, pos=[760.0, 180.0], screen=0, size=array([1920, 1080]), stencilBits=0, stereo=False, units='height', useFBO=True, useRetina=False, viewOri=0.0, viewPos=None, viewScale=None, waitBlanking=True, winType='glfw')
6.1880 	EXP 	window1: mouseVisible = True
6.1880 	EXP 	window1: recordFrameIntervals = False
6.3544 	EXP 	window1: recordFrameIntervals = True
6.5379 	EXP 	window1: recordFrameIntervals = False
6.9196 	EXP 	Created Instruct = ImageStim(__class__=<class 'psychopy.visual.image.ImageStim'>, autoLog=True, color=array([1., 1., 1.]), colorSpace='rgb', contrast=1.0, depth=0.0, flipHoriz=False, flipVert=False, image=str(...), interpolate=True, mask=None, maskParams=None, name='Instruct', opacity=1, ori=0.0, pos=array([0., 0.]), size=array([1.28, 0.72]), texRes=128.0, units='height', win=Window(...))
7.0103 	EXP 	Created image_2 = ImageStim(__class__=<class 'psychopy.visual.image.ImageStim'>, autoLog=True, color=array([1., 1., 1.]), colorSpace='rgb', contrast=1.0, depth=0.0, flipHoriz=False, flipVert=False, image=str(...), interpolate=True, mask=None, maskParams=None, name='image_2', opacity=1, ori=0.0, pos=array([0., 0.]), size=array([1.28, 0.72]), texRes=128.0, units='height', win=Window(...))
7.0130 	EXP 	Created polygon = ShapeStim(__class__=<class 'psychopy.visual.shape.ShapeStim'>, autoDraw=False, autoLog=True, closeShape=True, color=method-wrapper(...), colorSpace='rgb', contrast=None, depth=0.0, fillColor=array([1, 1, 1]), fillColorSpace='rgb', fillRGB=array([1, 1, 1]), interpolate=True, lineColor=array([1., 1., 1.]), lineColorSpace='rgb', lineRGB=array([1, 1, 1]), lineWidth=1.0, name='polygon', opacity=1, ori=0.0, pos=array([0., 0.]), size=array([0.5, 0.5]), units='height', vertices=ndarray(...), win=Window(...), windingRule=None)
7.0245 	EXP 	Created Stim_practice = ImageStim(__class__=<class 'psychopy.visual.image.ImageStim'>, autoLog=True, color=array([1., 1., 1.]), colorSpace='rgb', contrast=1.0, depth=0.0, flipHoriz=False, flipVert=False, image='sin', interpolate=True, mask=None, maskParams=None, name='Stim_practice', opacity=1, ori=0.0, pos=array([0., 0.]), size=array([1.777, 1.   ]), texRes=128.0, units='height', win=Window(...))
7.0845 	EXP 	Created text_5 = TextStim(__class__=<class 'psychopy.visual.text.TextStim'>, alignHoriz=method-wrapper(...), alignText='center', alignVert=method-wrapper(...), anchorHoriz='center', anchorVert='center', antialias=True, autoLog=True, bold=False, color=array([1., 1., 1.]), colorSpace='rgb', contrast=1.0, depth=0.0, flipHoriz=False, flipVert=False, font='Open Sans', fontFiles=[], height=0.03, italic=False, languageStyle='LTR', name='text_5', opacity=1, ori=0.0, pos=array([0., 0.]), rgb=UNKNOWN, text='', units='height', win=Window(...), wrapWidth=1)
7.0866 	EXP 	Created polygon = ShapeStim(__class__=<class 'psychopy.visual.shape.ShapeStim'>, autoDraw=False, autoLog=True, closeShape=True, color=method-wrapper(...), colorSpace='rgb', contrast=None, depth=0.0, fillColor=array([1, 1, 1]), fillColorSpace='rgb', fillRGB=array([1, 1, 1]), interpolate=True, lineColor=array([1., 1., 1.]), lineColorSpace='rgb', lineRGB=array([1, 1, 1]), lineWidth=1.0, name='polygon', opacity=1, ori=0.0, pos=array([0., 0.]), size=array([0.5, 0.5]), units='height', vertices=ndarray(...), win=Window(...), windingRule=None)
7.0919 	EXP 	Created Stim = ImageStim(__class__=<class 'psychopy.visual.image.ImageStim'>, autoLog=True, color=array([1., 1., 1.]), colorSpace='rgb', contrast=1.0, depth=0.0, flipHoriz=False, flipVert=False, image='sin', interpolate=True, mask=None, maskParams=None, name='Stim', opacity=1, ori=0.0, pos=array([0., 0.]), size=array([1.777, 1.   ]), texRes=128.0, units='height', win=Window(...))
7.0938 	EXP 	Created polygon = ShapeStim(__class__=<class 'psychopy.visual.shape.ShapeStim'>, autoDraw=False, autoLog=True, closeShape=True, color=method-wrapper(...), colorSpace='rgb', contrast=None, depth=0.0, fillColor=array([1, 1, 1]), fillColorSpace='rgb', fillRGB=array([1, 1, 1]), interpolate=True, lineColor=array([1., 1., 1.]), lineColorSpace='rgb', lineRGB=array([1, 1, 1]), lineWidth=1.0, name='polygon', opacity=1, ori=0.0, pos=array([0., 0.]), size=array([0.5, 0.5]), units='height', vertices=ndarray(...), win=Window(...), windingRule=None)
7.1525 	EXP 	Created text = TextStim(__class__=<class 'psychopy.visual.text.TextStim'>, alignHoriz=method-wrapper(...), alignText='center', alignVert=method-wrapper(...), anchorHoriz='center', anchorVert='center', antialias=True, autoLog=True, bold=False, color=array([1., 1., 1.]), colorSpace='rgb', contrast=1.0, depth=0.0, flipHoriz=False, flipVert=False, font='Open Sans', fontFiles=[], height=0.04, italic=False, languageStyle='LTR', name='text', opacity=1, ori=0.0, pos=array([0., 0.]), rgb=UNKNOWN, text=str(...), units='height', win=Window(...), wrapWidth=1)
7.2522 	EXP 	Instruct: autoDraw = True
8.5858 	DATA 	Keypress: 1
8.6062 	EXP 	Instruct: autoDraw = False
8.6062 	EXP 	image_2: autoDraw = True
8.7858 	DATA 	Keypress: 1
9.0860 	DATA 	Keypress: 1
9.1054 	EXP 	image_2: autoDraw = False
9.1054 	EXP 	polygon: autoDraw = True
9.2861 	DATA 	Keypress: 1
12.0921 	EXP 	Created sequence: sequential, trialTypes=1, nReps=100, seed=None
12.0925 	EXP 	New trial (rep=0, index=0): None
12.0999 	EXP 	Imported TMTstop-A_1_practice.xlsx as conditions, 13 conditions, 6 params
12.1002 	EXP 	Created sequence: sequential, trialTypes=13, nReps=1, seed=None
12.1004 	EXP 	New trial (rep=0, index=0): {'NumberLetter': 1, 'corrAns': ['1'], 'StimFile': 'TMTstop-A_1_practice.png', 'Correct_StimFile': 'TMTstop-A_1_practice.png', 'False_StimFile': 'TMTstop-A_1_practice.png', 'DurationTrial': 10}
12.2078 	EXP 	polygon: autoDraw = False
12.2078 	EXP 	polygon: autoDraw = False
12.2078 	EXP 	Stim_practice: image = 'TMTstop-A_1_practice.png'
12.2078 	EXP 	Stim_practice: autoDraw = True
12.6210 	DATA 	Keypress: 2
12.6754 	EXP 	Stim_practice: image = 'TMTstop-A_1_practice.png'
12.7253 	EXP 	Stim_practice: image = 'TMTstop-A_1_practice.png'
12.7754 	EXP 	Stim_practice: image = 'TMTstop-A_1_practice.png'
12.8201 	DATA 	Keypress: 3
12.8253 	EXP 	Stim_practice: image = 'TMTstop-A_1_practice.png'
12.8704 	DATA 	Keypress: 2
12.8757 	EXP 	Stim_practice: image = 'TMTstop-A_1_practice.png'
12.9254 	EXP 	Stim_practice: image = 'TMTstop-A_1_practice.png'
12.9288 	EXP 	New trial (rep=0, index=1): {'NumberLetter': 2, 'corrAns': ['2'], 'StimFile': 'TMTstop-A_1_practice.png', 'Correct_StimFile': 'TMTstop-A_1_practicefirstgreen.png', 'False_StimFile': 'TMTstop-A_1_practicefirstred.png', 'DurationTrial': 10}
12.9874 	DATA 	Keypress: 1
12.9875 	DATA 	Keypress: 3
12.9947 	EXP 	Stim_practice: autoDraw = False
12.9947 	EXP 	Stim_practice: image = 'TMTstop-A_1_practicefirstgreen.png'
12.9947 	EXP 	Stim_practice: image = 'TMTstop-A_1_practicefirstgreen.png'
12.9947 	EXP 	Stim_practice: autoDraw = True
13.0044 	DATA 	Keypress: 2
13.1044 	DATA 	Keypress: 3
13.1537 	DATA 	Keypress: 1
13.1538 	DATA 	Keypress: 2
13.1592 	EXP 	Stim_practice: image = 'TMTstop-A_1_practicefirstred.png'
13.2090 	EXP 	Stim_practice: image = 'TMTstop-A_1_practicefirstred.png'
13.2536 	DATA 	Keypress: 1
13.2588 	EXP 	Stim_practice: image = 'TMTstop-A_1_practicefirstred.png'
13.3036 	DATA 	Keypress: 3
13.3037 	DATA 	Keypress: 2
13.3089 	EXP 	Stim_practice: image = 'TMTstop-A_1_practicefirstred.png'
13.3121 	EXP 	New trial (rep=0, index=2): {'NumberLetter': 3, 'corrAns': ['3'], 'StimFile': 'TMTstop-A_1_practicelinestimulus0.png', 'Correct_StimFile': 'TMTstop-A_1_practicegreenlinestimulus0.png', 'False_StimFile': 'TMTstop-A_1_practiceredlinestimulus0.png', 'DurationTrial': 10}
13.3870 	DATA 	Keypress: 3
13.3922 	EXP 	Stim_practice: autoDraw = False
13.3922 	EXP 	Stim_practice: image = 'TMTstop-A_1_practicegreenlinestimulus0.png'
13.3922 	EXP 	Stim_practice: image = 'TMTstop-A_1_practicegreenlinestimulus0.png'
13.3922 	EXP 	Stim_practice: autoDraw = True
13.4213 	DATA 	Keypress: 1
13.4710 	DATA 	Keypress: 2
13.4880 	DATA 	Keypress: 1
13.5429 	EXP 	Stim_practice: image = 'TMTstop-A_1_practiceredlinestimulus0.png'
13.5873 	DATA 	Keypress: 2
13.5874 	DATA 	Keypress: 3
13.5925 	EXP 	Stim_practice: image = 'TMTstop-A_1_practiceredlinestimulus0.png'
13.6426 	EXP 	Stim_practice: image = 'TMTstop-A_1_practiceredlinestimulus0.png'
13.6871 	DATA 	Keypress: 3
13.6872 	DATA 	Keypress: 1
13.6926 	EXP 	Stim_practice: image = 'TMTstop-A_1_practiceredlinestimulus0.png'
13.6961 	EXP 	New trial (rep=0, index=3): {'NumberLetter': 4, 'corrAns': ['1'], 'StimFile': 'TMTstop-A_1_practicelinestimulus1.png', 'Correct_StimFile': 'TMTstop-A_1_practicegreenlinestimulus1.png', 'False_StimFile': 'TMTstop-A_1_practiceredlinestimulus1.png', 'DurationTrial': 10}
13.7706 	DATA 	Keypress: 2
13.7757 	EXP 	Stim_practice: autoDraw = False
13.7757 	EXP 	Stim_practice: image = 'TMTstop-A_1_practicegreenlinestimulus1.png'
13.7757 	EXP 	Stim_practice: image = 'TMTstop-A_1_practicegreenlinestimulus1.png'
13.7757 	EXP 	Stim_practice: autoDraw = True
13.7880 	DATA 	Keypress: 1
13.7962 	EXP 	New trial (rep=0, index=4): {'NumberLetter': 5, 'corrAns': ['2'], 'StimFile': 'TMTstop-A_1_practicelinestimulus2.png', 'Correct_StimFile': 'TMTstop-A_1_practicegreenlinestimulus2.png', 'False_StimFile': 'TMTstop-A_1_practiceredlinestimulus2.png', 'DurationTrial': 10}
13.8706 	DATA 	Keypress: 3
13.8759 	EXP 	Stim_practice: autoDraw = False
13.8759 	EXP 	Stim_practice: image = 'TMTstop-A_1_practicegreenlinestimulus2.png'
13.8759 	EXP 	Stim_practice: image = 'TMTstop-A_1_practicegreenlinestimulus2.png'
13.8759 	EXP 	Stim_practice: autoDraw = True
13.8884 	DATA 	Keypress: 2
13.8962 	EXP 	New trial (rep=0, index=5): {'NumberLetter': 6, 'corrAns': ['3'], 'StimFile': 'TMTstop-A_1_practicelinestimulus3.png', 'Correct_StimFile': 'TMTstop-A_1_practicegreenlinestimulus3.png', 'False_StimFile': 'TMTstop-A_1_practiceredlinestimulus3.png', 'DurationTrial': 10}
13.9711 	DATA 	Keypress: 3
13.9760 	EXP 	Stim_practice: autoDraw = False
13.9760 	EXP 	Stim_practice: image = 'TMTstop-A_1_practicegreenlinestimulus3.png'
13.9760 	EXP 	Stim_practice: image = 'TMTstop-A_1_practicegreenlinestimulus3.png'
13.9760 	EXP 	Stim_practice: autoDraw = True
14.0048 	DATA 	Keypress: 1
14.0715 	DATA 	Keypress: 2
14.1382 	DATA 	Keypress: 1
14.1875 	DATA 	Keypress: 2
14.1933 	EXP 	Stim_practice: image = 'TMTstop-A_1_practiceredlinestimulus3.png'
14.2374 	DATA 	Keypress: 3
14.2427 	EXP 	Stim_practice: image = 'TMTstop-A_1_practiceredlinestimulus3.png'
14.2927 	EXP 	Stim_practice: image = 'TMTstop-A_1_practiceredlinestimulus3.png'
14.3374 	DATA 	Keypress: 3
14.3375 	DATA 	Keypress: 1
14.3440 	EXP 	Stim_practice: image = 'TMTstop-A_1_practiceredlinestimulus3.png'
14.3475 	EXP 	New trial (rep=0, index=6): {'NumberLetter': 7, 'corrAns': ['1'], 'StimFile': 'TMTstop-A_1_practicelinestimulus4.png', 'Correct_StimFile': 'TMTstop-A_1_practicegreenlinestimulus4.png', 'False_StimFile': 'TMTstop-A_1_practiceredlinestimulus4.png', 'DurationTrial': 10}
14.4208 	DATA 	Keypress: 2
14.4264 	EXP 	Stim_practice: autoDraw = False
14.4264 	EXP 	Stim_practice: image = 'TMTstop-A_1_practicegreenlinestimulus4.png'
14.4264 	EXP 	Stim_practice: image = 'TMTstop-A_1_practicegreenlinestimulus4.png'
14.4264 	EXP 	Stim_practice: autoDraw = True
14.4550 	DATA 	Keypress: 1
14.4631 	EXP 	New trial (rep=0, index=7): {'NumberLetter': 8, 'corrAns': ['3'], 'StimFile': 'TMTstop-A_1_practicelinestimulus5.png', 'Correct_StimFile': 'TMTstop-A_1_practicegreenlinestimulus5.png', 'False_StimFile': 'TMTstop-A_1_practiceredlinestimulus5.png', 'DurationTrial': 10}
14.5375 	DATA 	Keypress: 2
14.5376 	DATA 	Keypress: 3
14.5429 	EXP 	Stim_practice: autoDraw = False
14.5429 	EXP 	Stim_practice: image = 'TMTstop-A_1_practicegreenlinestimulus5.png'
14.5429 	EXP 	Stim_practice: image = 'TMTstop-A_1_practicegreenlinestimulus5.png'
14.5429 	EXP 	Stim_practice: autoDraw = True
14.6300 	EXP 	New trial (rep=0, index=8): {'NumberLetter': 9, 'corrAns': ['2'], 'StimFile': 'TMTstop-A_1_practicelinestimulus6.png', 'Correct_StimFile': 'TMTstop-A_1_practicegreenlinestimulus6.png', 'False_StimFile': 'TMTstop-A_1_practiceredlinestimulus6.png', 'DurationTrial': 10}
14.7043 	DATA 	Keypress: 3
14.7044 	DATA 	Keypress: 1
14.7045 	DATA 	Keypress: 2
14.7096 	EXP 	Stim_practice: autoDraw = False
14.7096 	EXP 	Stim_practice: image = 'TMTstop-A_1_practicegreenlinestimulus6.png'
14.7096 	EXP 	Stim_practice: image = 'TMTstop-A_1_practicegreenlinestimulus6.png'
14.7096 	EXP 	Stim_practice: autoDraw = True
14.7384 	DATA 	Keypress: 1
14.7932 	EXP 	Stim_practice: image = 'TMTstop-A_1_practiceredlinestimulus6.png'
14.8377 	DATA 	Keypress: 2
14.8378 	DATA 	Keypress: 3
14.8429 	EXP 	Stim_practice: image = 'TMTstop-A_1_practiceredlinestimulus6.png'
14.8464 	EXP 	New trial (rep=0, index=9): {'NumberLetter': 10, 'corrAns': ['3'], 'StimFile': 'TMTstop-A_1_practicelinestimulus7.png', 'Correct_StimFile': 'TMTstop-A_1_practicegreenlinestimulus7.png', 'False_StimFile': 'TMTstop-A_1_practiceredlinestimulus7.png', 'DurationTrial': 10}
14.9211 	DATA 	Keypress: 3
14.9263 	EXP 	Stim_practice: autoDraw = False
14.9263 	EXP 	Stim_practice: image = 'TMTstop-A_1_practicegreenlinestimulus7.png'
14.9263 	EXP 	Stim_practice: image = 'TMTstop-A_1_practicegreenlinestimulus7.png'
14.9263 	EXP 	Stim_practice: autoDraw = True
14.9554 	DATA 	Keypress: 1
14.9887 	DATA 	Keypress: 2
15.0387 	DATA 	Keypress: 1
15.0935 	EXP 	Stim_practice: image = 'TMTstop-A_1_practiceredlinestimulus7.png'
15.1379 	DATA 	Keypress: 2
15.1380 	DATA 	Keypress: 3
15.1431 	EXP 	Stim_practice: image = 'TMTstop-A_1_practiceredlinestimulus7.png'
15.1932 	EXP 	Stim_practice: image = 'TMTstop-A_1_practiceredlinestimulus7.png'
15.2379 	DATA 	Keypress: 3
15.2380 	DATA 	Keypress: 1
15.2431 	EXP 	Stim_practice: image = 'TMTstop-A_1_practiceredlinestimulus7.png'
15.2463 	EXP 	New trial (rep=0, index=10): {'NumberLetter': 11, 'corrAns': ['1'], 'StimFile': 'TMTstop-A_1_practicelinestimulus8.png', 'Correct_StimFile': 'TMTstop-A_1_practicegreenlinestimulus8.png', 'False_StimFile': 'TMTstop-A_1_practiceredlinestimulus8.png', 'DurationTrial': 10}
15.3213 	DATA 	Keypress: 2
15.3213 	DATA 	Keypress: 1
15.3266 	EXP 	Stim_practice: autoDraw = False
15.3266 	EXP 	Stim_practice: image = 'TMTstop-A_1_practicegreenlinestimulus8.png'
15.3266 	EXP 	Stim_practice: image = 'TMTstop-A_1_practicegreenlinestimulus8.png'
15.3266 	EXP 	Stim_practice: autoDraw = True
15.3554 	DATA 	Keypress: 3
15.4213 	DATA 	Keypress: 2
15.4268 	EXP 	Stim_practice: image = 'TMTstop-A_1_practiceredlinestimulus8.png'
15.4767 	EXP 	Stim_practice: image = 'TMTstop-A_1_practiceredlinestimulus8.png'
15.5214 	DATA 	Keypress: 3
15.5215 	DATA 	Keypress: 1
15.5268 	EXP 	Stim_practice: image = 'TMTstop-A_1_practiceredlinestimulus8.png'
15.5713 	DATA 	Keypress: 2
15.5766 	EXP 	Stim_practice: image = 'TMTstop-A_1_practiceredlinestimulus8.png'
15.6215 	DATA 	Keypress: 1
15.6269 	EXP 	Stim_practice: image = 'TMTstop-A_1_practiceredlinestimulus8.png'
15.6303 	EXP 	New trial (rep=0, index=11): {'NumberLetter': 12, 'corrAns': ['2'], 'StimFile': 'TMTstop-A_1_practicelinestimulus9.png', 'Correct_StimFile': 'TMTstop-A_1_practicegreenlinestimulus9.png', 'False_StimFile': 'TMTstop-A_1_practiceredlinestimulus9.png', 'DurationTrial': 10}
15.7049 	DATA 	Keypress: 3
15.7050 	DATA 	Keypress: 2
15.7101 	EXP 	Stim_practice: autoDraw = False
15.7101 	EXP 	Stim_practice: image = 'TMTstop-A_1_practicegreenlinestimulus9.png'
15.7101 	EXP 	Stim_practice: image = 'TMTstop-A_1_practicegreenlinestimulus9.png'
15.7101 	EXP 	Stim_practice: autoDraw = True
15.7894 	DATA 	Keypress: 3
15.8382 	DATA 	Keypress: 1
15.8437 	EXP 	Stim_practice: image = 'TMTstop-A_1_practiceredlinestimulus9.png'
15.8891 	DATA 	Keypress: 2
15.8941 	EXP 	Stim_practice: image = 'TMTstop-A_1_practiceredlinestimulus9.png'
15.9382 	DATA 	Keypress: 1
15.9435 	EXP 	Stim_practice: image = 'TMTstop-A_1_practiceredlinestimulus9.png'
15.9883 	DATA 	Keypress: 3
15.9884 	DATA 	Keypress: 2
15.9935 	EXP 	Stim_practice: image = 'TMTstop-A_1_practiceredlinestimulus9.png'
15.9969 	EXP 	New trial (rep=0, index=12): {'NumberLetter': None, 'corrAns': None, 'StimFile': 'TMTstop-A_1_practicelinestimulus10.png', 'Correct_StimFile': 'TMTstop-A_1_practicegreenlinestimulus10.png', 'False_StimFile': 'TMTstop-A_1_practiceredlinestimulus10.png', 'DurationTrial': None}
16.0791 	EXP 	Stim_practice: autoDraw = False
16.0791 	EXP 	Stim_practice: image = 'TMTstop-A_1_practicegreenlinestimulus10.png'
16.0791 	EXP 	Stim_practice: image = 'TMTstop-A_1_practicegreenlinestimulus10.png'
16.0791 	EXP 	Stim_practice: autoDraw = True
16.0893 	DATA 	Keypress: 3
16.1384 	DATA 	Keypress: 1
16.1438 	EXP 	Stim_practice: image = 'TMTstop-A_1_practiceredlinestimulus10.png'
16.1889 	DATA 	Keypress: 2
16.1890 	DATA 	Keypress: 1
16.1941 	EXP 	Stim_practice: image = 'TMTstop-A_1_practiceredlinestimulus10.png'
16.2437 	EXP 	Stim_practice: image = 'TMTstop-A_1_practiceredlinestimulus10.png'
16.2884 	DATA 	Keypress: 3
16.2884 	DATA 	Keypress: 2
16.2936 	EXP 	Stim_practice: image = 'TMTstop-A_1_practiceredlinestimulus10.png'
16.3436 	EXP 	Stim_practice: image = 'TMTstop-A_1_practiceredlinestimulus10.png'
16.3885 	DATA 	Keypress: 3
16.3938 	EXP 	Stim_practice: image = 'TMTstop-A_1_practiceredlinestimulus10.png'
16.4385 	DATA 	Keypress: 1
16.4437 	EXP 	Stim_practice: image = 'TMTstop-A_1_practiceredlinestimulus10.png'
16.4885 	DATA 	Keypress: 2
16.4936 	EXP 	Stim_practice: image = 'TMTstop-A_1_practiceredlinestimulus10.png'
16.5385 	DATA 	Keypress: 3
16.5438 	EXP 	Stim_practice: image = 'TMTstop-A_1_practiceredlinestimulus10.png'
16.5938 	EXP 	Stim_practice: image = 'TMTstop-A_1_practiceredlinestimulus10.png'
16.6437 	EXP 	Stim_practice: image = 'TMTstop-A_1_practiceredlinestimulus10.png'
16.6943 	EXP 	Stim_practice: image = 'TMTstop-A_1_practiceredlinestimulus10.png'
16.7438 	EXP 	Stim_practice: image = 'TMTstop-A_1_practiceredlinestimulus10.png'
16.7942 	EXP 	Stim_practice: image = 'TMTstop-A_1_practiceredlinestimulus10.png'
16.8442 	EXP 	Stim_practice: image = 'TMTstop-A_1_practiceredlinestimulus10.png'
16.8941 	EXP 	Stim_practice: image = 'TMTstop-A_1_practiceredlinestimulus10.png'
16.9441 	EXP 	Stim_practice: image = 'TMTstop-A_1_practiceredlinestimulus10.png'
16.9940 	EXP 	Stim_practice: image = 'TMTstop-A_1_practiceredlinestimulus10.png'
17.0440 	EXP 	Stim_practice: image = 'TMTstop-A_1_practiceredlinestimulus10.png'
17.0945 	EXP 	Stim_practice: image = 'TMTstop-A_1_practiceredlinestimulus10.png'
17.1910 	EXP 	Stim_practice: image = 'TMTstop-A_1_practiceredlinestimulus10.png'
17.1910 	EXP 	Stim_practice: autoDraw = False
17.1910 	EXP 	text_5: text = 'You have finished the practice. If you understood the task correctly please read on, otherwise ask the experiment leader or press X to restart the practice.\n\nFrom here on there will be 25 circles instead of 12. If you finish all circles you will see a white cross for a few seconds then you will get 25 new circles and start again from 1. The experiments will end automatically after three minutes. \n\nPress 1, 2 or 3  to start the experiment.\n\n\n\nDu har slutfört provomgången. Om du förstod uppgiften rätt, läs vidare, annars fråga experimentledaren eller tryck på X för att starta om provomgången.\n\nHärifrån kommer det att finnas 25 circlar istället för 12. Om du slutför alla circlar kommer du att se ett vitt kors i några sekunder, sedan får du 25 nya circlar och börjar om från 1. Experimenten avslutas automatiskt efter tre minuter.\n\nTryck på 1, 2 eller 3 för att starta experimentet.\n\n\n'
17.1910 	EXP 	text_5: autoDraw = True
18.0899 	DATA 	Keypress: 2
18.1579 	EXP 	text_5: autoDraw = False
18.1579 	EXP 	polygon: autoDraw = True
18.3068 	DATA 	Keypress: 2
21.1154 	EXP 	Imported TMTstop-A_1_conditions.xlsx as conditions, 6 conditions, 2 params
21.1159 	EXP 	Created sequence: sequential, trialTypes=6, nReps=1, seed=None
21.1161 	EXP 	New trial (rep=0, index=0): {'Block_file': 'TMTstop-A_1_1.xlsx', 'Condition_rows': '0:26'}
21.1249 	EXP 	Imported TMTstop-A_1_1.xlsx as conditions, 26 conditions, 6 params
21.1252 	EXP 	Created sequence: sequential, trialTypes=26, nReps=1, seed=None
21.1254 	EXP 	New trial (rep=0, index=0): {'NumberLetter': 1, 'corrAns': ['2'], 'StimFile': 'TMTstop-A_1_1.png', 'Correct_StimFile': 'TMTstop-A_1_1.png', 'False_StimFile': 'TMTstop-A_1_1.png', 'DurationTrial': 10}
21.2455 	EXP 	polygon: autoDraw = False
21.2455 	EXP 	Stim: image = 'TMTstop-A_1_1.png'
21.2455 	EXP 	Stim: autoDraw = True
21.6589 	DATA 	Keypress: 1
21.7129 	EXP 	Stim: image = 'TMTstop-A_1_1.png'
21.7628 	EXP 	Stim: image = 'TMTstop-A_1_1.png'
21.7667 	EXP 	New trial (rep=0, index=1): {'NumberLetter': 2, 'corrAns': ['1'], 'StimFile': 'TMTstop-A_1_1.png', 'Correct_StimFile': 'TMTstop-A_1_1firstgreen.png', 'False_StimFile': 'TMTstop-A_1_1firstred.png', 'DurationTrial': 10}
21.8409 	DATA 	Keypress: 2
21.8410 	DATA 	Keypress: 3
21.8462 	EXP 	Stim: autoDraw = False
21.8462 	EXP 	Stim: image = 'TMTstop-A_1_1firstgreen.png'
21.8462 	EXP 	Stim: image = 'TMTstop-A_1_1firstgreen.png'
21.8462 	EXP 	Stim: autoDraw = True
21.8910 	DATA 	Keypress: 1
21.8966 	EXP 	Stim: image = 'TMTstop-A_1_1firstred.png'
21.9410 	DATA 	Keypress: 2
21.9463 	EXP 	Stim: image = 'TMTstop-A_1_1firstred.png'
21.9910 	DATA 	Keypress: 1
21.9962 	EXP 	Stim: image = 'TMTstop-A_1_1firstred.png'
21.9997 	EXP 	New trial (rep=0, index=2): {'NumberLetter': 3, 'corrAns': ['2'], 'StimFile': 'TMTstop-A_1_1linestimulus0.png', 'Correct_StimFile': 'TMTstop-A_1_1greenlinestimulus0.png', 'False_StimFile': 'TMTstop-A_1_1redlinestimulus0.png', 'DurationTrial': 10}
22.0744 	DATA 	Keypress: 3
22.0745 	DATA 	Keypress: 2
22.0796 	EXP 	Stim: autoDraw = False
22.0796 	EXP 	Stim: image = 'TMTstop-A_1_1greenlinestimulus0.png'
22.0796 	EXP 	Stim: image = 'TMTstop-A_1_1greenlinestimulus0.png'
22.0796 	EXP 	Stim: autoDraw = True
22.0830 	EXP 	New trial (rep=0, index=3): {'NumberLetter': 4, 'corrAns': ['3'], 'StimFile': 'TMTstop-A_1_1linestimulus1.png', 'Correct_StimFile': 'TMTstop-A_1_1greenlinestimulus1.png', 'False_StimFile': 'TMTstop-A_1_1redlinestimulus1.png', 'DurationTrial': 10}
22.1632 	EXP 	Stim: autoDraw = False
22.1632 	EXP 	Stim: image = 'TMTstop-A_1_1greenlinestimulus1.png'
22.1632 	EXP 	Stim: image = 'TMTstop-A_1_1greenlinestimulus1.png'
22.1632 	EXP 	Stim: autoDraw = True
22.1663 	EXP 	New trial (rep=0, index=4): {'NumberLetter': 5, 'corrAns': ['2'], 'StimFile': 'TMTstop-A_1_1linestimulus2.png', 'Correct_StimFile': 'TMTstop-A_1_1greenlinestimulus2.png', 'False_StimFile': 'TMTstop-A_1_1redlinestimulus2.png', 'DurationTrial': 10}
22.2411 	DATA 	Keypress: 3
22.2412 	DATA 	Keypress: 1
22.2413 	DATA 	Keypress: 2
22.2464 	EXP 	Stim: autoDraw = False
22.2464 	EXP 	Stim: image = 'TMTstop-A_1_1greenlinestimulus2.png'
22.2464 	EXP 	Stim: image = 'TMTstop-A_1_1greenlinestimulus2.png'
22.2464 	EXP 	Stim: autoDraw = True
22.2757 	DATA 	Keypress: 1
22.3300 	EXP 	Stim: image = 'TMTstop-A_1_1redlinestimulus2.png'
22.3745 	DATA 	Keypress: 3
22.3746 	DATA 	Keypress: 2
22.3798 	EXP 	Stim: image = 'TMTstop-A_1_1redlinestimulus2.png'
22.3833 	EXP 	New trial (rep=0, index=5): {'NumberLetter': 6, 'corrAns': ['3'], 'StimFile': 'TMTstop-A_1_1linestimulus3.png', 'Correct_StimFile': 'TMTstop-A_1_1greenlinestimulus3.png', 'False_StimFile': 'TMTstop-A_1_1redlinestimulus3.png', 'DurationTrial': 10}
22.4580 	DATA 	Keypress: 3
22.4633 	EXP 	Stim: autoDraw = False
22.4633 	EXP 	Stim: image = 'TMTstop-A_1_1greenlinestimulus3.png'
22.4633 	EXP 	Stim: image = 'TMTstop-A_1_1greenlinestimulus3.png'
22.4633 	EXP 	Stim: autoDraw = True
22.4666 	EXP 	New trial (rep=0, index=6): {'NumberLetter': 7, 'corrAns': ['2'], 'StimFile': 'TMTstop-A_1_1linestimulus4.png', 'Correct_StimFile': 'TMTstop-A_1_1greenlinestimulus4.png', 'False_StimFile': 'TMTstop-A_1_1redlinestimulus4.png', 'DurationTrial': 10}
22.5413 	DATA 	Keypress: 1
22.5414 	DATA 	Keypress: 2
22.5466 	EXP 	Stim: autoDraw = False
22.5466 	EXP 	Stim: image = 'TMTstop-A_1_1greenlinestimulus4.png'
22.5466 	EXP 	Stim: image = 'TMTstop-A_1_1greenlinestimulus4.png'
22.5466 	EXP 	Stim: autoDraw = True
22.6080 	DATA 	Keypress: 1
22.6136 	EXP 	Stim: image = 'TMTstop-A_1_1redlinestimulus4.png'
22.6580 	DATA 	Keypress: 3
22.6580 	DATA 	Keypress: 2
22.6633 	EXP 	Stim: image = 'TMTstop-A_1_1redlinestimulus4.png'
22.6664 	EXP 	New trial (rep=0, index=7): {'NumberLetter': 8, 'corrAns': ['1'], 'StimFile': 'TMTstop-A_1_1linestimulus5.png', 'Correct_StimFile': 'TMTstop-A_1_1greenlinestimulus5.png', 'False_StimFile': 'TMTstop-A_1_1redlinestimulus5.png', 'DurationTrial': 10}
22.7415 	DATA 	Keypress: 3
22.7468 	EXP 	Stim: autoDraw = False
22.7468 	EXP 	Stim: image = 'TMTstop-A_1_1greenlinestimulus5.png'
22.7468 	EXP 	Stim: image = 'TMTstop-A_1_1greenlinestimulus5.png'
22.7468 	EXP 	Stim: autoDraw = True
22.7914 	DATA 	Keypress: 1
22.7969 	EXP 	Stim: image = 'TMTstop-A_1_1redlinestimulus5.png'
22.8414 	DATA 	Keypress: 2
22.8470 	EXP 	Stim: image = 'TMTstop-A_1_1redlinestimulus5.png'
22.8914 	DATA 	Keypress: 1
22.8967 	EXP 	Stim: image = 'TMTstop-A_1_1redlinestimulus5.png'
22.9001 	EXP 	New trial (rep=0, index=8): {'NumberLetter': 9, 'corrAns': ['2'], 'StimFile': 'TMTstop-A_1_1linestimulus6.png', 'Correct_StimFile': 'TMTstop-A_1_1greenlinestimulus6.png', 'False_StimFile': 'TMTstop-A_1_1redlinestimulus6.png', 'DurationTrial': 10}
22.9748 	DATA 	Keypress: 3
22.9749 	DATA 	Keypress: 2
22.9801 	EXP 	Stim: autoDraw = False
22.9801 	EXP 	Stim: image = 'TMTstop-A_1_1greenlinestimulus6.png'
22.9801 	EXP 	Stim: image = 'TMTstop-A_1_1greenlinestimulus6.png'
22.9801 	EXP 	Stim: autoDraw = True
22.9837 	EXP 	New trial (rep=0, index=9): {'NumberLetter': 10, 'corrAns': ['1'], 'StimFile': 'TMTstop-A_1_1linestimulus7.png', 'Correct_StimFile': 'TMTstop-A_1_1greenlinestimulus7.png', 'False_StimFile': 'TMTstop-A_1_1redlinestimulus7.png', 'DurationTrial': 10}
23.0582 	DATA 	Keypress: 3
23.0583 	DATA 	Keypress: 1
23.0635 	EXP 	Stim: autoDraw = False
23.0635 	EXP 	Stim: image = 'TMTstop-A_1_1greenlinestimulus7.png'
23.0635 	EXP 	Stim: image = 'TMTstop-A_1_1greenlinestimulus7.png'
23.0635 	EXP 	Stim: autoDraw = True
23.1082 	DATA 	Keypress: 2
23.1138 	EXP 	Stim: image = 'TMTstop-A_1_1redlinestimulus7.png'
23.1585 	DATA 	Keypress: 1
23.1638 	EXP 	Stim: image = 'TMTstop-A_1_1redlinestimulus7.png'
23.1667 	EXP 	New trial (rep=0, index=10): {'NumberLetter': 11, 'corrAns': ['2'], 'StimFile': 'TMTstop-A_1_1linestimulus8.png', 'Correct_StimFile': 'TMTstop-A_1_1greenlinestimulus8.png', 'False_StimFile': 'TMTstop-A_1_1redlinestimulus8.png', 'DurationTrial': 10}
23.2416 	DATA 	Keypress: 3
23.2417 	DATA 	Keypress: 2
23.2468 	EXP 	Stim: autoDraw = False
23.2468 	EXP 	Stim: image = 'TMTstop-A_1_1greenlinestimulus8.png'
23.2468 	EXP 	Stim: image = 'TMTstop-A_1_1greenlinestimulus8.png'
23.2468 	EXP 	Stim: autoDraw = True
23.2502 	EXP 	New trial (rep=0, index=11): {'NumberLetter': 12, 'corrAns': ['3'], 'StimFile': 'TMTstop-A_1_1linestimulus9.png', 'Correct_StimFile': 'TMTstop-A_1_1greenlinestimulus9.png', 'False_StimFile': 'TMTstop-A_1_1redlinestimulus9.png', 'DurationTrial': 10}
23.3249 	DATA 	Keypress: 3
23.3250 	DATA 	Keypress: 1
23.3308 	EXP 	Stim: autoDraw = False
23.3308 	EXP 	Stim: image = 'TMTstop-A_1_1greenlinestimulus9.png'
23.3308 	EXP 	Stim: image = 'TMTstop-A_1_1greenlinestimulus9.png'
23.3308 	EXP 	Stim: autoDraw = True
23.3336 	EXP 	New trial (rep=0, index=12): {'NumberLetter': 13, 'corrAns': ['2'], 'StimFile': 'TMTstop-A_1_1linestimulus10.png', 'Correct_StimFile': 'TMTstop-A_1_1greenlinestimulus10.png', 'False_StimFile': 'TMTstop-A_1_1redlinestimulus10.png', 'DurationTrial': 1}
23.4083 	DATA 	Keypress: 2
23.4135 	EXP 	Stim: autoDraw = False
23.4135 	EXP 	Stim: image = 'TMTstop-A_1_1greenlinestimulus10.png'
23.4135 	EXP 	Stim: image = 'TMTstop-A_1_1greenlinestimulus10.png'
23.4135 	EXP 	Stim: autoDraw = True
23.5427 	DATA 	Keypress: 3
23.5926 	DATA 	Keypress: 1
23.6473 	EXP 	Stim: image = 'TMTstop-A_1_1redlinestimulus10.png'
23.6922 	DATA 	Keypress: 2
23.6975 	EXP 	Stim: image = 'TMTstop-A_1_1redlinestimulus10.png'
23.7008 	EXP 	New trial (rep=0, index=13): {'NumberLetter': 14, 'corrAns': ['3'], 'StimFile': 'TMTstop-A_1_1linestimulus11.png', 'Correct_StimFile': 'TMTstop-A_1_1greenlinestimulus11.png', 'False_StimFile': 'TMTstop-A_1_1redlinestimulus11.png', 'DurationTrial': None}
23.7752 	DATA 	Keypress: 3
23.7804 	EXP 	Stim: autoDraw = False
23.7804 	EXP 	Stim: image = 'TMTstop-A_1_1greenlinestimulus11.png'
23.7804 	EXP 	Stim: image = 'TMTstop-A_1_1greenlinestimulus11.png'
23.7804 	EXP 	Stim: autoDraw = True
23.7836 	EXP 	New trial (rep=0, index=14): {'NumberLetter': 15, 'corrAns': ['1'], 'StimFile': 'TMTstop-A_1_1linestimulus12.png', 'Correct_StimFile': 'TMTstop-A_1_1greenlinestimulus12.png', 'False_StimFile': 'TMTstop-A_1_1redlinestimulus12.png', 'DurationTrial': None}
23.8586 	DATA 	Keypress: 1
23.8586 	DATA 	Keypress: 2
23.8638 	EXP 	Stim: autoDraw = False
23.8638 	EXP 	Stim: image = 'TMTstop-A_1_1greenlinestimulus12.png'
23.8638 	EXP 	Stim: image = 'TMTstop-A_1_1greenlinestimulus12.png'
23.8638 	EXP 	Stim: autoDraw = True
23.9263 	DATA 	Keypress: 1
23.9343 	EXP 	New trial (rep=0, index=15): {'NumberLetter': 16, 'corrAns': ['3'], 'StimFile': 'TMTstop-A_1_1linestimulus13.png', 'Correct_StimFile': 'TMTstop-A_1_1greenlinestimulus13.png', 'False_StimFile': 'TMTstop-A_1_1redlinestimulus13.png', 'DurationTrial': None}
24.0087 	DATA 	Keypress: 3
24.0087 	DATA 	Keypress: 2
24.0140 	EXP 	Stim: autoDraw = False
24.0140 	EXP 	Stim: image = 'TMTstop-A_1_1greenlinestimulus13.png'
24.0140 	EXP 	Stim: image = 'TMTstop-A_1_1greenlinestimulus13.png'
24.0140 	EXP 	Stim: autoDraw = True
24.0641 	EXP 	Stim: image = 'TMTstop-A_1_1redlinestimulus13.png'
24.1087 	DATA 	Keypress: 3
24.1140 	EXP 	Stim: image = 'TMTstop-A_1_1redlinestimulus13.png'
24.1176 	EXP 	New trial (rep=0, index=16): {'NumberLetter': 17, 'corrAns': ['2'], 'StimFile': 'TMTstop-A_1_1linestimulus14.png', 'Correct_StimFile': 'TMTstop-A_1_1greenlinestimulus14.png', 'False_StimFile': 'TMTstop-A_1_1redlinestimulus14.png', 'DurationTrial': None}
24.1921 	DATA 	Keypress: 1
24.1922 	DATA 	Keypress: 2
24.1973 	EXP 	Stim: autoDraw = False
24.1973 	EXP 	Stim: image = 'TMTstop-A_1_1greenlinestimulus14.png'
24.1973 	EXP 	Stim: image = 'TMTstop-A_1_1greenlinestimulus14.png'
24.1973 	EXP 	Stim: autoDraw = True
24.2264 	DATA 	Keypress: 1
24.2754 	DATA 	Keypress: 3
24.2810 	EXP 	Stim: image = 'TMTstop-A_1_1redlinestimulus14.png'
24.3262 	DATA 	Keypress: 2
24.3319 	EXP 	Stim: image = 'TMTstop-A_1_1redlinestimulus14.png'
24.3350 	EXP 	New trial (rep=0, index=17): {'NumberLetter': 18, 'corrAns': ['3'], 'StimFile': 'TMTstop-A_1_1linestimulus15.png', 'Correct_StimFile': 'TMTstop-A_1_1greenlinestimulus15.png', 'False_StimFile': 'TMTstop-A_1_1redlinestimulus15.png', 'DurationTrial': None}
24.4089 	DATA 	Keypress: 3
24.4090 	DATA 	Keypress: 1
24.4141 	EXP 	Stim: autoDraw = False
24.4141 	EXP 	Stim: image = 'TMTstop-A_1_1greenlinestimulus15.png'
24.4141 	EXP 	Stim: image = 'TMTstop-A_1_1greenlinestimulus15.png'
24.4141 	EXP 	Stim: autoDraw = True
24.4174 	EXP 	New trial (rep=0, index=18): {'NumberLetter': 19, 'corrAns': ['1'], 'StimFile': 'TMTstop-A_1_1linestimulus16.png', 'Correct_StimFile': 'TMTstop-A_1_1greenlinestimulus16.png', 'False_StimFile': 'TMTstop-A_1_1redlinestimulus16.png', 'DurationTrial': None}
24.4922 	DATA 	Keypress: 2
24.4974 	EXP 	Stim: autoDraw = False
24.4974 	EXP 	Stim: image = 'TMTstop-A_1_1greenlinestimulus16.png'
24.4974 	EXP 	Stim: image = 'TMTstop-A_1_1greenlinestimulus16.png'
24.4974 	EXP 	Stim: autoDraw = True
24.5178 	EXP 	New trial (rep=0, index=19): {'NumberLetter': 20, 'corrAns': ['3'], 'StimFile': 'TMTstop-A_1_1linestimulus17.png', 'Correct_StimFile': 'TMTstop-A_1_1greenlinestimulus17.png', 'False_StimFile': 'TMTstop-A_1_1redlinestimulus17.png', 'DurationTrial': None}
24.5922 	DATA 	Keypress: 1
24.5974 	EXP 	Stim: autoDraw = False
24.5974 	EXP 	Stim: image = 'TMTstop-A_1_1greenlinestimulus17.png'
24.5974 	EXP 	Stim: image = 'TMTstop-A_1_1greenlinestimulus17.png'
24.5974 	EXP 	Stim: autoDraw = True
24.6931 	DATA 	Keypress: 2
24.7423 	DATA 	Keypress: 1
24.7478 	EXP 	Stim: image = 'TMTstop-A_1_1redlinestimulus17.png'
24.7923 	DATA 	Keypress: 2
24.7976 	EXP 	Stim: image = 'TMTstop-A_1_1redlinestimulus17.png'
24.8424 	DATA 	Keypress: 1
24.8477 	EXP 	Stim: image = 'TMTstop-A_1_1redlinestimulus17.png'
24.8924 	DATA 	Keypress: 3
24.8977 	EXP 	Stim: image = 'TMTstop-A_1_1redlinestimulus17.png'
24.9423 	DATA 	Keypress: 2
24.9476 	EXP 	Stim: image = 'TMTstop-A_1_1redlinestimulus17.png'
24.9977 	EXP 	Stim: image = 'TMTstop-A_1_1redlinestimulus17.png'
25.0424 	DATA 	Keypress: 3
25.0477 	EXP 	Stim: image = 'TMTstop-A_1_1redlinestimulus17.png'
25.0510 	EXP 	New trial (rep=0, index=20): {'NumberLetter': 21, 'corrAns': ['1'], 'StimFile': 'TMTstop-A_1_1linestimulus18.png', 'Correct_StimFile': 'TMTstop-A_1_1greenlinestimulus18.png', 'False_StimFile': 'TMTstop-A_1_1redlinestimulus18.png', 'DurationTrial': None}
25.1258 	DATA 	Keypress: 1
25.1259 	DATA 	Keypress: 2
25.1311 	EXP 	Stim: autoDraw = False
25.1311 	EXP 	Stim: image = 'TMTstop-A_1_1greenlinestimulus18.png'
25.1311 	EXP 	Stim: image = 'TMTstop-A_1_1greenlinestimulus18.png'
25.1311 	EXP 	Stim: autoDraw = True
25.2099 	DATA 	Keypress: 1
25.2183 	EXP 	New trial (rep=0, index=21): {'NumberLetter': 22, 'corrAns': ['3'], 'StimFile': 'TMTstop-A_1_1linestimulus19.png', 'Correct_StimFile': 'TMTstop-A_1_1greenlinestimulus19.png', 'False_StimFile': 'TMTstop-A_1_1redlinestimulus19.png', 'DurationTrial': None}
25.2930 	DATA 	Keypress: 3
25.2931 	DATA 	Keypress: 2
25.2981 	EXP 	Stim: autoDraw = False
25.2981 	EXP 	Stim: image = 'TMTstop-A_1_1greenlinestimulus19.png'
25.2981 	EXP 	Stim: image = 'TMTstop-A_1_1greenlinestimulus19.png'
25.2981 	EXP 	Stim: autoDraw = True
25.3481 	EXP 	Stim: image = 'TMTstop-A_1_1redlinestimulus19.png'
25.4014 	EXP 	Stim: image = 'TMTstop-A_1_1redlinestimulus19.png'
25.4429 	DATA 	Keypress: 3
25.4482 	EXP 	Stim: image = 'TMTstop-A_1_1redlinestimulus19.png'
25.4515 	EXP 	New trial (rep=0, index=22): {'NumberLetter': 23, 'corrAns': ['1'], 'StimFile': 'TMTstop-A_1_1linestimulus20.png', 'Correct_StimFile': 'TMTstop-A_1_1greenlinestimulus20.png', 'False_StimFile': 'TMTstop-A_1_1redlinestimulus20.png', 'DurationTrial': None}
25.5260 	DATA 	Keypress: 1
25.5261 	DATA 	Keypress: 2
25.5315 	EXP 	Stim: autoDraw = False
25.5315 	EXP 	Stim: image = 'TMTstop-A_1_1greenlinestimulus20.png'
25.5315 	EXP 	Stim: image = 'TMTstop-A_1_1greenlinestimulus20.png'
25.5315 	EXP 	Stim: autoDraw = True
25.5685 	EXP 	New trial (rep=0, index=23): {'NumberLetter': 24, 'corrAns': ['2'], 'StimFile': 'TMTstop-A_1_1linestimulus21.png', 'Correct_StimFile': 'TMTstop-A_1_1greenlinestimulus21.png', 'False_StimFile': 'TMTstop-A_1_1redlinestimulus21.png', 'DurationTrial': None}
25.6427 	DATA 	Keypress: 1
25.6428 	DATA 	Keypress: 3
25.6428 	DATA 	Keypress: 2
25.6480 	EXP 	Stim: autoDraw = False
25.6480 	EXP 	Stim: image = 'TMTstop-A_1_1greenlinestimulus21.png'
25.6480 	EXP 	Stim: image = 'TMTstop-A_1_1greenlinestimulus21.png'
25.6480 	EXP 	Stim: autoDraw = True
25.6513 	EXP 	New trial (rep=0, index=24): {'NumberLetter': 25, 'corrAns': ['3'], 'StimFile': 'TMTstop-A_1_1linestimulus22.png', 'Correct_StimFile': 'TMTstop-A_1_1greenlinestimulus22.png', 'False_StimFile': 'TMTstop-A_1_1redlinestimulus22.png', 'DurationTrial': None}
25.7262 	DATA 	Keypress: 3
25.7315 	EXP 	Stim: autoDraw = False
25.7315 	EXP 	Stim: image = 'TMTstop-A_1_1greenlinestimulus22.png'
25.7315 	EXP 	Stim: image = 'TMTstop-A_1_1greenlinestimulus22.png'
25.7315 	EXP 	Stim: autoDraw = True
25.7351 	EXP 	New trial (rep=0, index=25): {'NumberLetter': None, 'corrAns': None, 'StimFile': 'TMTstop-A_1_1linestimulus23.png', 'Correct_StimFile': 'TMTstop-A_1_1greenlinestimulus23.png', 'False_StimFile': 'TMTstop-A_1_1redlinestimulus23.png', 'DurationTrial': None}
25.8095 	DATA 	Keypress: 1
25.8096 	DATA 	Keypress: 2
25.8148 	EXP 	Stim: autoDraw = False
25.8148 	EXP 	Stim: image = 'TMTstop-A_1_1greenlinestimulus23.png'
25.8148 	EXP 	Stim: image = 'TMTstop-A_1_1greenlinestimulus23.png'
25.8148 	EXP 	Stim: autoDraw = True
25.8441 	DATA 	Keypress: 1
25.8983 	EXP 	Stim: image = 'TMTstop-A_1_1redlinestimulus23.png'
25.9432 	DATA 	Keypress: 3
25.9433 	DATA 	Keypress: 2
25.9481 	EXP 	Stim: image = 'TMTstop-A_1_1redlinestimulus23.png'
25.9981 	EXP 	Stim: image = 'TMTstop-A_1_1redlinestimulus23.png'
26.0429 	DATA 	Keypress: 3
26.0482 	EXP 	Stim: image = 'TMTstop-A_1_1redlinestimulus23.png'
26.0931 	DATA 	Keypress: 1
26.0932 	DATA 	Keypress: 2
26.0983 	EXP 	Stim: image = 'TMTstop-A_1_1redlinestimulus23.png'
26.1429 	DATA 	Keypress: 1
26.1482 	EXP 	Stim: image = 'TMTstop-A_1_1redlinestimulus23.png'
26.1930 	DATA 	Keypress: 3
26.1983 	EXP 	Stim: image = 'TMTstop-A_1_1redlinestimulus23.png'
26.2483 	EXP 	Stim: image = 'TMTstop-A_1_1redlinestimulus23.png'
26.2982 	EXP 	Stim: image = 'TMTstop-A_1_1redlinestimulus23.png'
26.3430 	DATA 	Keypress: 1
26.3484 	EXP 	Stim: image = 'TMTstop-A_1_1redlinestimulus23.png'
26.3982 	EXP 	Stim: image = 'TMTstop-A_1_1redlinestimulus23.png'
26.4487 	EXP 	Stim: image = 'TMTstop-A_1_1redlinestimulus23.png'
26.4984 	EXP 	Stim: image = 'TMTstop-A_1_1redlinestimulus23.png'
26.5484 	EXP 	Stim: image = 'TMTstop-A_1_1redlinestimulus23.png'
26.5984 	EXP 	Stim: image = 'TMTstop-A_1_1redlinestimulus23.png'
26.6485 	EXP 	Stim: image = 'TMTstop-A_1_1redlinestimulus23.png'
26.6988 	EXP 	Stim: image = 'TMTstop-A_1_1redlinestimulus23.png'
26.7485 	EXP 	Stim: image = 'TMTstop-A_1_1redlinestimulus23.png'
26.7989 	EXP 	Stim: image = 'TMTstop-A_1_1redlinestimulus23.png'
26.9468 	EXP 	Stim: image = 'TMTstop-A_1_1redlinestimulus23.png'
26.9468 	EXP 	Stim: autoDraw = False
26.9468 	EXP 	polygon: autoDraw = True
29.8486 	EXP 	New trial (rep=0, index=1): {'Block_file': 'TMTstop-A_1_2.xlsx', 'Condition_rows': '26:52'}
29.8580 	EXP 	Imported TMTstop-A_1_2.xlsx as conditions, 26 conditions, 7 params
29.8583 	EXP 	Created sequence: sequential, trialTypes=26, nReps=1, seed=None
29.8585 	EXP 	New trial (rep=0, index=0): {'NumberLetter': 1, 'corrAns': ['3'], 'Correct': 3, 'StimFile': 'TMTstop-A_1_2.png', 'Correct_StimFile': 'TMTstop-A_1_2.png', 'False_StimFile': 'TMTstop-A_1_2.png', 'DurationTrial': 10}
29.8999 	EXP 	polygon: autoDraw = False
29.8999 	EXP 	Stim: image = 'TMTstop-A_1_2.png'
29.8999 	EXP 	Stim: autoDraw = True
30.3784 	DATA 	Keypress: 1
30.3784 	DATA 	Keypress: 2
30.3840 	EXP 	Stim: image = 'TMTstop-A_1_2.png'
30.4337 	EXP 	Stim: image = 'TMTstop-A_1_2.png'
30.4836 	EXP 	Stim: image = 'TMTstop-A_1_2.png'
30.5284 	DATA 	Keypress: 3
30.5335 	EXP 	Stim: image = 'TMTstop-A_1_2.png'
30.5370 	EXP 	New trial (rep=0, index=1): {'NumberLetter': 2, 'corrAns': ['2'], 'Correct': 2, 'StimFile': 'TMTstop-A_1_2.png', 'Correct_StimFile': 'TMTstop-A_1_2firstgreen.png', 'False_StimFile': 'TMTstop-A_1_2firstred.png', 'DurationTrial': 10}
30.6117 	DATA 	Keypress: 1
30.6118 	DATA 	Keypress: 2
30.6172 	EXP 	Stim: autoDraw = False
30.6172 	EXP 	Stim: image = 'TMTstop-A_1_2firstgreen.png'
30.6172 	EXP 	Stim: image = 'TMTstop-A_1_2firstgreen.png'
30.6172 	EXP 	Stim: autoDraw = True
30.7285 	DATA 	Keypress: 1
30.7341 	EXP 	Stim: image = 'TMTstop-A_1_2firstred.png'
30.7784 	DATA 	Keypress: 2
30.7785 	DATA 	Keypress: 3
30.7836 	EXP 	Stim: image = 'TMTstop-A_1_2firstred.png'
30.7869 	EXP 	New trial (rep=0, index=2): {'NumberLetter': 3, 'corrAns': ['3'], 'Correct': 3, 'StimFile': 'TMTstop-A_1_2linestimulus0.png', 'Correct_StimFile': 'TMTstop-A_1_2greenlinestimulus0.png', 'False_StimFile': 'TMTstop-A_1_2redlinestimulus0.png', 'DurationTrial': 10}
30.8671 	EXP 	Stim: autoDraw = False
30.8671 	EXP 	Stim: image = 'TMTstop-A_1_2greenlinestimulus0.png'
30.8671 	EXP 	Stim: image = 'TMTstop-A_1_2greenlinestimulus0.png'
30.8671 	EXP 	Stim: autoDraw = True
30.8706 	EXP 	New trial (rep=0, index=3): {'NumberLetter': 4, 'corrAns': ['1'], 'Correct': 1, 'StimFile': 'TMTstop-A_1_2linestimulus1.png', 'Correct_StimFile': 'TMTstop-A_1_2greenlinestimulus1.png', 'False_StimFile': 'TMTstop-A_1_2redlinestimulus1.png', 'DurationTrial': 10}
30.9451 	DATA 	Keypress: 3
30.9452 	DATA 	Keypress: 1
30.9454 	DATA 	Keypress: 2
30.9505 	EXP 	Stim: autoDraw = False
30.9505 	EXP 	Stim: image = 'TMTstop-A_1_2greenlinestimulus1.png'
30.9505 	EXP 	Stim: image = 'TMTstop-A_1_2greenlinestimulus1.png'
30.9505 	EXP 	Stim: autoDraw = True
30.9961 	DATA 	Keypress: 1
31.0042 	EXP 	New trial (rep=0, index=4): {'NumberLetter': 5, 'corrAns': ['2'], 'Correct': 2, 'StimFile': 'TMTstop-A_1_2linestimulus2.png', 'Correct_StimFile': 'TMTstop-A_1_2greenlinestimulus2.png', 'False_StimFile': 'TMTstop-A_1_2redlinestimulus2.png', 'DurationTrial': 10}
31.0786 	DATA 	Keypress: 3
31.0787 	DATA 	Keypress: 2
31.0840 	EXP 	Stim: autoDraw = False
31.0840 	EXP 	Stim: image = 'TMTstop-A_1_2greenlinestimulus2.png'
31.0840 	EXP 	Stim: image = 'TMTstop-A_1_2greenlinestimulus2.png'
31.0840 	EXP 	Stim: autoDraw = True
31.0874 	EXP 	New trial (rep=0, index=5): {'NumberLetter': 6, 'corrAns': ['3'], 'Correct': 3, 'StimFile': 'TMTstop-A_1_2linestimulus3.png', 'Correct_StimFile': 'TMTstop-A_1_2greenlinestimulus3.png', 'False_StimFile': 'TMTstop-A_1_2redlinestimulus3.png', 'DurationTrial': 10}
31.1672 	EXP 	Stim: autoDraw = False
31.1672 	EXP 	Stim: image = 'TMTstop-A_1_2greenlinestimulus3.png'
31.1672 	EXP 	Stim: image = 'TMTstop-A_1_2greenlinestimulus3.png'
31.1672 	EXP 	Stim: autoDraw = True
31.1705 	EXP 	New trial (rep=0, index=6): {'NumberLetter': 7, 'corrAns': ['2'], 'Correct': 2, 'StimFile': 'TMTstop-A_1_2linestimulus4.png', 'Correct_StimFile': 'TMTstop-A_1_2greenlinestimulus4.png', 'False_StimFile': 'TMTstop-A_1_2redlinestimulus4.png', 'DurationTrial': 10}
31.2453 	DATA 	Keypress: 3
31.2454 	DATA 	Keypress: 1
31.2455 	DATA 	Keypress: 2
31.2506 	EXP 	Stim: autoDraw = False
31.2506 	EXP 	Stim: image = 'TMTstop-A_1_2greenlinestimulus4.png'
31.2506 	EXP 	Stim: image = 'TMTstop-A_1_2greenlinestimulus4.png'
31.2506 	EXP 	Stim: autoDraw = True
31.2795 	DATA 	Keypress: 1
31.3287 	DATA 	Keypress: 3
31.3342 	EXP 	Stim: image = 'TMTstop-A_1_2redlinestimulus4.png'
31.3787 	DATA 	Keypress: 2
31.3839 	EXP 	Stim: image = 'TMTstop-A_1_2redlinestimulus4.png'
31.3873 	EXP 	New trial (rep=0, index=7): {'NumberLetter': 8, 'corrAns': ['1'], 'Correct': 1, 'StimFile': 'TMTstop-A_1_2linestimulus5.png', 'Correct_StimFile': 'TMTstop-A_1_2greenlinestimulus5.png', 'False_StimFile': 'TMTstop-A_1_2redlinestimulus5.png', 'DurationTrial': 10}
31.4620 	DATA 	Keypress: 3
31.4673 	EXP 	Stim: autoDraw = False
31.4673 	EXP 	Stim: image = 'TMTstop-A_1_2greenlinestimulus5.png'
31.4673 	EXP 	Stim: image = 'TMTstop-A_1_2greenlinestimulus5.png'
31.4673 	EXP 	Stim: autoDraw = True
31.5121 	DATA 	Keypress: 1
31.5121 	DATA 	Keypress: 2
31.5177 	EXP 	Stim: image = 'TMTstop-A_1_2redlinestimulus5.png'
31.5621 	DATA 	Keypress: 1
31.5674 	EXP 	Stim: image = 'TMTstop-A_1_2redlinestimulus5.png'
31.5708 	EXP 	New trial (rep=0, index=8): {'NumberLetter': 9, 'corrAns': ['2'], 'Correct': 2, 'StimFile': 'TMTstop-A_1_2linestimulus6.png', 'Correct_StimFile': 'TMTstop-A_1_2greenlinestimulus6.png', 'False_StimFile': 'TMTstop-A_1_2redlinestimulus6.png', 'DurationTrial': 10}
31.6455 	DATA 	Keypress: 3
31.6456 	DATA 	Keypress: 2
31.6508 	EXP 	Stim: autoDraw = False
31.6508 	EXP 	Stim: image = 'TMTstop-A_1_2greenlinestimulus6.png'
31.6508 	EXP 	Stim: image = 'TMTstop-A_1_2greenlinestimulus6.png'
31.6508 	EXP 	Stim: autoDraw = True
31.6543 	EXP 	New trial (rep=0, index=9): {'NumberLetter': 10, 'corrAns': ['3'], 'Correct': 3, 'StimFile': 'TMTstop-A_1_2linestimulus7.png', 'Correct_StimFile': 'TMTstop-A_1_2greenlinestimulus7.png', 'False_StimFile': 'TMTstop-A_1_2redlinestimulus7.png', 'DurationTrial': 10}
31.7291 	DATA 	Keypress: 3
31.7344 	EXP 	Stim: autoDraw = False
31.7344 	EXP 	Stim: image = 'TMTstop-A_1_2greenlinestimulus7.png'
31.7344 	EXP 	Stim: image = 'TMTstop-A_1_2greenlinestimulus7.png'
31.7344 	EXP 	Stim: autoDraw = True
31.7376 	EXP 	New trial (rep=0, index=10): {'NumberLetter': 11, 'corrAns': ['1'], 'Correct': 1, 'StimFile': 'TMTstop-A_1_2linestimulus8.png', 'Correct_StimFile': 'TMTstop-A_1_2greenlinestimulus8.png', 'False_StimFile': 'TMTstop-A_1_2redlinestimulus8.png', 'DurationTrial': 10}
31.8122 	DATA 	Keypress: 1
31.8123 	DATA 	Keypress: 2
31.8124 	DATA 	Keypress: 1
31.8174 	EXP 	Stim: autoDraw = False
31.8174 	EXP 	Stim: image = 'TMTstop-A_1_2greenlinestimulus8.png'
31.8174 	EXP 	Stim: image = 'TMTstop-A_1_2greenlinestimulus8.png'
31.8174 	EXP 	Stim: autoDraw = True
31.8209 	EXP 	New trial (rep=0, index=11): {'NumberLetter': 12, 'corrAns': ['2'], 'Correct': 2, 'StimFile': 'TMTstop-A_1_2linestimulus9.png', 'Correct_StimFile': 'TMTstop-A_1_2greenlinestimulus9.png', 'False_StimFile': 'TMTstop-A_1_2redlinestimulus9.png', 'DurationTrial': 10}
31.8958 	DATA 	Keypress: 3
31.8958 	DATA 	Keypress: 2
31.9009 	EXP 	Stim: autoDraw = False
31.9009 	EXP 	Stim: image = 'TMTstop-A_1_2greenlinestimulus9.png'
31.9009 	EXP 	Stim: image = 'TMTstop-A_1_2greenlinestimulus9.png'
31.9009 	EXP 	Stim: autoDraw = True
31.9043 	EXP 	New trial (rep=0, index=12): {'NumberLetter': 13, 'corrAns': ['3'], 'Correct': 3, 'StimFile': 'TMTstop-A_1_2linestimulus10.png', 'Correct_StimFile': 'TMTstop-A_1_2greenlinestimulus10.png', 'False_StimFile': 'TMTstop-A_1_2redlinestimulus10.png', 'DurationTrial': 1}
31.9843 	EXP 	Stim: autoDraw = False
31.9843 	EXP 	Stim: image = 'TMTstop-A_1_2greenlinestimulus10.png'
31.9843 	EXP 	Stim: image = 'TMTstop-A_1_2greenlinestimulus10.png'
31.9843 	EXP 	Stim: autoDraw = True
31.9963 	DATA 	Keypress: 3
32.0048 	EXP 	New trial (rep=0, index=13): {'NumberLetter': 14, 'corrAns': ['1'], 'Correct': 1, 'StimFile': 'TMTstop-A_1_2linestimulus11.png', 'Correct_StimFile': 'TMTstop-A_1_2greenlinestimulus11.png', 'False_StimFile': 'TMTstop-A_1_2redlinestimulus11.png', 'DurationTrial': None}
32.0790 	DATA 	Keypress: 1
32.0791 	DATA 	Keypress: 2
32.0844 	EXP 	Stim: autoDraw = False
32.0844 	EXP 	Stim: image = 'TMTstop-A_1_2greenlinestimulus11.png'
32.0844 	EXP 	Stim: image = 'TMTstop-A_1_2greenlinestimulus11.png'
32.0844 	EXP 	Stim: autoDraw = True
32.0967 	DATA 	Keypress: 1
32.1047 	EXP 	New trial (rep=0, index=14): {'NumberLetter': 15, 'corrAns': ['3'], 'Correct': 3, 'StimFile': 'TMTstop-A_1_2linestimulus12.png', 'Correct_StimFile': 'TMTstop-A_1_2greenlinestimulus12.png', 'False_StimFile': 'TMTstop-A_1_2redlinestimulus12.png', 'DurationTrial': None}
32.1791 	DATA 	Keypress: 3
32.1843 	EXP 	Stim: autoDraw = False
32.1843 	EXP 	Stim: image = 'TMTstop-A_1_2greenlinestimulus12.png'
32.1843 	EXP 	Stim: image = 'TMTstop-A_1_2greenlinestimulus12.png'
32.1843 	EXP 	Stim: autoDraw = True
32.2291 	DATA 	Keypress: 2
32.2348 	EXP 	Stim: image = 'TMTstop-A_1_2redlinestimulus12.png'
32.2848 	EXP 	Stim: image = 'TMTstop-A_1_2redlinestimulus12.png'
32.2886 	EXP 	New trial (rep=0, index=15): {'NumberLetter': 16, 'corrAns': ['1'], 'Correct': 1, 'StimFile': 'TMTstop-A_1_2linestimulus13.png', 'Correct_StimFile': 'TMTstop-A_1_2greenlinestimulus13.png', 'False_StimFile': 'TMTstop-A_1_2redlinestimulus13.png', 'DurationTrial': None}
32.3625 	DATA 	Keypress: 3
32.3626 	DATA 	Keypress: 1
32.3628 	DATA 	Keypress: 2
32.3678 	EXP 	Stim: autoDraw = False
32.3678 	EXP 	Stim: image = 'TMTstop-A_1_2greenlinestimulus13.png'
32.3678 	EXP 	Stim: image = 'TMTstop-A_1_2greenlinestimulus13.png'
32.3678 	EXP 	Stim: autoDraw = True
32.3967 	DATA 	Keypress: 1
32.4051 	EXP 	New trial (rep=0, index=16): {'NumberLetter': 17, 'corrAns': ['2'], 'Correct': 2, 'StimFile': 'TMTstop-A_1_2linestimulus14.png', 'Correct_StimFile': 'TMTstop-A_1_2greenlinestimulus14.png', 'False_StimFile': 'TMTstop-A_1_2redlinestimulus14.png', 'DurationTrial': None}
32.4793 	DATA 	Keypress: 2
32.4794 	DATA 	Keypress: 3
32.4846 	EXP 	Stim: autoDraw = False
32.4846 	EXP 	Stim: image = 'TMTstop-A_1_2greenlinestimulus14.png'
32.4846 	EXP 	Stim: image = 'TMTstop-A_1_2greenlinestimulus14.png'
32.4846 	EXP 	Stim: autoDraw = True
32.4880 	EXP 	New trial (rep=0, index=17): {'NumberLetter': 18, 'corrAns': ['1'], 'Correct': 1, 'StimFile': 'TMTstop-A_1_2linestimulus15.png', 'Correct_StimFile': 'TMTstop-A_1_2greenlinestimulus15.png', 'False_StimFile': 'TMTstop-A_1_2redlinestimulus15.png', 'DurationTrial': None}
32.5679 	EXP 	Stim: autoDraw = False
32.5679 	EXP 	Stim: image = 'TMTstop-A_1_2greenlinestimulus15.png'
32.5679 	EXP 	Stim: image = 'TMTstop-A_1_2greenlinestimulus15.png'
32.5679 	EXP 	Stim: autoDraw = True
32.6126 	DATA 	Keypress: 3
32.6127 	DATA 	Keypress: 1
32.6182 	EXP 	Stim: image = 'TMTstop-A_1_2redlinestimulus15.png'
32.6631 	DATA 	Keypress: 2
32.6702 	EXP 	Stim: image = 'TMTstop-A_1_2redlinestimulus15.png'
32.7127 	DATA 	Keypress: 1
32.7180 	EXP 	Stim: image = 'TMTstop-A_1_2redlinestimulus15.png'
32.7211 	EXP 	New trial (rep=0, index=18): {'NumberLetter': 19, 'corrAns': ['3'], 'Correct': 3, 'StimFile': 'TMTstop-A_1_2linestimulus16.png', 'Correct_StimFile': 'TMTstop-A_1_2greenlinestimulus16.png', 'False_StimFile': 'TMTstop-A_1_2redlinestimulus16.png', 'DurationTrial': None}
32.7960 	DATA 	Keypress: 2
32.7961 	DATA 	Keypress: 3
32.8012 	EXP 	Stim: autoDraw = False
32.8012 	EXP 	Stim: image = 'TMTstop-A_1_2greenlinestimulus16.png'
32.8012 	EXP 	Stim: image = 'TMTstop-A_1_2greenlinestimulus16.png'
32.8012 	EXP 	Stim: autoDraw = True
32.8518 	EXP 	Stim: image = 'TMTstop-A_1_2redlinestimulus16.png'
32.8962 	DATA 	Keypress: 3
32.9014 	EXP 	Stim: image = 'TMTstop-A_1_2redlinestimulus16.png'
32.9050 	EXP 	New trial (rep=0, index=19): {'NumberLetter': 20, 'corrAns': ['1'], 'Correct': 1, 'StimFile': 'TMTstop-A_1_2linestimulus17.png', 'Correct_StimFile': 'TMTstop-A_1_2greenlinestimulus17.png', 'False_StimFile': 'TMTstop-A_1_2redlinestimulus17.png', 'DurationTrial': None}
32.9794 	DATA 	Keypress: 1
32.9795 	DATA 	Keypress: 2
32.9847 	EXP 	Stim: autoDraw = False
32.9847 	EXP 	Stim: image = 'TMTstop-A_1_2greenlinestimulus17.png'
32.9847 	EXP 	Stim: image = 'TMTstop-A_1_2greenlinestimulus17.png'
32.9847 	EXP 	Stim: autoDraw = True
32.9880 	EXP 	New trial (rep=0, index=20): {'NumberLetter': 21, 'corrAns': ['2'], 'Correct': 2, 'StimFile': 'TMTstop-A_1_2linestimulus18.png', 'Correct_StimFile': 'TMTstop-A_1_2greenlinestimulus18.png', 'False_StimFile': 'TMTstop-A_1_2redlinestimulus18.png', 'DurationTrial': None}
33.0629 	DATA 	Keypress: 1
33.0630 	DATA 	Keypress: 3
33.0681 	EXP 	Stim: autoDraw = False
33.0681 	EXP 	Stim: image = 'TMTstop-A_1_2greenlinestimulus18.png'
33.0681 	EXP 	Stim: image = 'TMTstop-A_1_2greenlinestimulus18.png'
33.0681 	EXP 	Stim: autoDraw = True
33.0805 	DATA 	Keypress: 2
33.0885 	EXP 	New trial (rep=0, index=21): {'NumberLetter': 22, 'corrAns': ['1'], 'Correct': 1, 'StimFile': 'TMTstop-A_1_2linestimulus19.png', 'Correct_StimFile': 'TMTstop-A_1_2greenlinestimulus19.png', 'False_StimFile': 'TMTstop-A_1_2redlinestimulus19.png', 'DurationTrial': None}
33.1681 	EXP 	Stim: autoDraw = False
33.1681 	EXP 	Stim: image = 'TMTstop-A_1_2greenlinestimulus19.png'
33.1681 	EXP 	Stim: image = 'TMTstop-A_1_2greenlinestimulus19.png'
33.1681 	EXP 	Stim: autoDraw = True
33.1804 	DATA 	Keypress: 3
33.2297 	DATA 	Keypress: 1
33.2355 	EXP 	Stim: image = 'TMTstop-A_1_2redlinestimulus19.png'
33.2854 	EXP 	Stim: image = 'TMTstop-A_1_2redlinestimulus19.png'
33.3296 	DATA 	Keypress: 2
33.3297 	DATA 	Keypress: 1
33.3351 	EXP 	Stim: image = 'TMTstop-A_1_2redlinestimulus19.png'
33.3384 	EXP 	New trial (rep=0, index=22): {'NumberLetter': 23, 'corrAns': ['2'], 'Correct': 2, 'StimFile': 'TMTstop-A_1_2linestimulus20.png', 'Correct_StimFile': 'TMTstop-A_1_2greenlinestimulus20.png', 'False_StimFile': 'TMTstop-A_1_2redlinestimulus20.png', 'DurationTrial': None}
33.4130 	DATA 	Keypress: 3
33.4131 	DATA 	Keypress: 2
33.4183 	EXP 	Stim: autoDraw = False
33.4183 	EXP 	Stim: image = 'TMTstop-A_1_2greenlinestimulus20.png'
33.4183 	EXP 	Stim: image = 'TMTstop-A_1_2greenlinestimulus20.png'
33.4183 	EXP 	Stim: autoDraw = True
33.4216 	EXP 	New trial (rep=0, index=23): {'NumberLetter': 24, 'corrAns': ['1'], 'Correct': 1, 'StimFile': 'TMTstop-A_1_2linestimulus21.png', 'Correct_StimFile': 'TMTstop-A_1_2greenlinestimulus21.png', 'False_StimFile': 'TMTstop-A_1_2redlinestimulus21.png', 'DurationTrial': None}
33.4965 	DATA 	Keypress: 3
33.5017 	EXP 	Stim: autoDraw = False
33.5017 	EXP 	Stim: image = 'TMTstop-A_1_2greenlinestimulus21.png'
33.5017 	EXP 	Stim: image = 'TMTstop-A_1_2greenlinestimulus21.png'
33.5017 	EXP 	Stim: autoDraw = True
33.5464 	DATA 	Keypress: 1
33.5520 	EXP 	Stim: image = 'TMTstop-A_1_2redlinestimulus21.png'
33.5965 	DATA 	Keypress: 2
33.6018 	EXP 	Stim: image = 'TMTstop-A_1_2redlinestimulus21.png'
33.6465 	DATA 	Keypress: 1
33.6518 	EXP 	Stim: image = 'TMTstop-A_1_2redlinestimulus21.png'
33.6548 	EXP 	New trial (rep=0, index=24): {'NumberLetter': 25, 'corrAns': ['2'], 'Correct': 2, 'StimFile': 'TMTstop-A_1_2linestimulus22.png', 'Correct_StimFile': 'TMTstop-A_1_2greenlinestimulus22.png', 'False_StimFile': 'TMTstop-A_1_2redlinestimulus22.png', 'DurationTrial': None}
33.7298 	DATA 	Keypress: 3
33.7300 	DATA 	Keypress: 2
33.7351 	EXP 	Stim: autoDraw = False
33.7351 	EXP 	Stim: image = 'TMTstop-A_1_2greenlinestimulus22.png'
33.7351 	EXP 	Stim: image = 'TMTstop-A_1_2greenlinestimulus22.png'
33.7351 	EXP 	Stim: autoDraw = True
33.7384 	EXP 	New trial (rep=0, index=25): {'NumberLetter': None, 'corrAns': None, 'Correct': None, 'StimFile': 'TMTstop-A_1_2linestimulus23.png', 'Correct_StimFile': 'TMTstop-A_1_2greenlinestimulus23.png', 'False_StimFile': 'TMTstop-A_1_2redlinestimulus23.png', 'DurationTrial': None}
33.8132 	DATA 	Keypress: 3
33.8133 	DATA 	Keypress: 1
33.8185 	EXP 	Stim: autoDraw = False
33.8185 	EXP 	Stim: image = 'TMTstop-A_1_2greenlinestimulus23.png'
33.8185 	EXP 	Stim: image = 'TMTstop-A_1_2greenlinestimulus23.png'
33.8185 	EXP 	Stim: autoDraw = True
33.8689 	EXP 	Stim: image = 'TMTstop-A_1_2redlinestimulus23.png'
33.9133 	DATA 	Keypress: 2
33.9186 	EXP 	Stim: image = 'TMTstop-A_1_2redlinestimulus23.png'
33.9632 	DATA 	Keypress: 3
33.9633 	DATA 	Keypress: 1
33.9686 	EXP 	Stim: image = 'TMTstop-A_1_2redlinestimulus23.png'
34.0133 	DATA 	Keypress: 2
34.0186 	EXP 	Stim: image = 'TMTstop-A_1_2redlinestimulus23.png'
34.0689 	EXP 	Stim: image = 'TMTstop-A_1_2redlinestimulus23.png'
34.1187 	EXP 	Stim: image = 'TMTstop-A_1_2redlinestimulus23.png'
34.1633 	DATA 	Keypress: 3
34.1634 	DATA 	Keypress: 1
34.1685 	EXP 	Stim: image = 'TMTstop-A_1_2redlinestimulus23.png'
34.2134 	DATA 	Keypress: 2
34.2187 	EXP 	Stim: image = 'TMTstop-A_1_2redlinestimulus23.png'
34.2634 	DATA 	Keypress: 3
34.2689 	EXP 	Stim: image = 'TMTstop-A_1_2redlinestimulus23.png'
34.3187 	EXP 	Stim: image = 'TMTstop-A_1_2redlinestimulus23.png'
34.3688 	EXP 	Stim: image = 'TMTstop-A_1_2redlinestimulus23.png'
34.4187 	EXP 	Stim: image = 'TMTstop-A_1_2redlinestimulus23.png'
34.4688 	EXP 	Stim: image = 'TMTstop-A_1_2redlinestimulus23.png'
34.5188 	EXP 	Stim: image = 'TMTstop-A_1_2redlinestimulus23.png'
34.5687 	EXP 	Stim: image = 'TMTstop-A_1_2redlinestimulus23.png'
34.6189 	EXP 	Stim: image = 'TMTstop-A_1_2redlinestimulus23.png'
34.6691 	EXP 	Stim: image = 'TMTstop-A_1_2redlinestimulus23.png'
34.7193 	EXP 	Stim: image = 'TMTstop-A_1_2redlinestimulus23.png'
34.7688 	EXP 	Stim: image = 'TMTstop-A_1_2redlinestimulus23.png'
34.8190 	EXP 	Stim: image = 'TMTstop-A_1_2redlinestimulus23.png'
34.9337 	EXP 	Stim: image = 'TMTstop-A_1_2redlinestimulus23.png'
34.9337 	EXP 	Stim: autoDraw = False
34.9337 	EXP 	polygon: autoDraw = True
36.4151 	DATA 	Keypress: esc
36.5986 	DATA 	Keypress: esc
36.6613 	EXP 	window1: mouseVisible = True
