1.7568 	WARNING 	We strongly recommend you activate the PTB sound engine in PsychoPy prefs as the preferred audio engine. Its timing is vastly superior. Your prefs are currently set to use ['pyo'] (in that order).
18.1027 	EXP 	Created window1 = Window(allowGUI=False, allowStencil=False, autoLog=True, backendConf=UNKNOWN, bitsMode=UNKNOWN, blendMode='avg', bpc=(8, 8, 8), color=array([0, 0, 0]), colorSpace='rgb', depthBits=8, fullscr=<method-wrapper '__getattribute__' of attributeSetter object at 0x000001DF128FE978>, gamma=None, gammaErrorPolicy='raise', lms=UNKNOWN, monitor=<psychopy.monitors.calibTools.Monitor object at 0x000001DF128E4C50>, multiSample=False, name='window1', numSamples=2, pos=[0.0, 0.0], screen=0, size=array([3440, 1440]), stencilBits=0, stereo=False, units='height', useFBO=True, useRetina=False, viewOri=0.0, viewPos=None, viewScale=None, waitBlanking=True, winType='pyglet')
18.1031 	EXP 	window1: mouseVisible = True
18.1031 	EXP 	window1: recordFrameIntervals = False
18.2679 	EXP 	window1: recordFrameIntervals = True
18.4514 	EXP 	window1: recordFrameIntervals = False
18.7283 	EXP 	Created Instruct = ImageStim(__class__=<class 'psychopy.visual.image.ImageStim'>, autoLog=True, color=array([1., 1., 1.]), colorSpace='rgb', contrast=1.0, depth=0.0, flipHoriz=False, flipVert=False, image='InkedInstructBfinal_LI.jpg', interpolate=True, mask=None, maskParams=None, name='Instruct', opacity=1, ori=0.0, pos=array([0., 0.]), size=array([0.8, 0.8]), texRes=128.0, units='height', win=Window(...))
18.7924 	EXP 	Created text_2 = TextStim(__class__=<class 'psychopy.visual.text.TextStim'>, alignHoriz=method-wrapper(...), alignText='center', alignVert=method-wrapper(...), anchorHoriz='center', anchorVert='center', antialias=True, autoLog=True, bold=False, color=array([1., 1., 1.]), colorSpace='rgb', contrast=1.0, depth=-2.0, flipHoriz=False, flipVert=False, font='Open Sans', fontFiles=[], height=0.04, italic=False, languageStyle='LTR', name='text_2', opacity=1, ori=0.5, pos=array([ 0.  , -0.45]), rgb=UNKNOWN, text=str(...), units='height', win=Window(...), wrapWidth=2.0)
18.7963 	EXP 	Created Stim = ImageStim(__class__=<class 'psychopy.visual.image.ImageStim'>, autoLog=True, color=array([1., 1., 1.]), colorSpace='rgb', contrast=1.0, depth=0.0, flipHoriz=False, flipVert=False, image='sin', interpolate=True, mask=None, maskParams=None, name='Stim', opacity=1, ori=0.0, pos=array([0., 0.]), size=array([1.777, 1.   ]), texRes=128.0, units='height', win=Window(...))
18.8186 	EXP 	Created text_3 = TextStim(__class__=<class 'psychopy.visual.text.TextStim'>, alignHoriz=method-wrapper(...), alignText='center', alignVert=method-wrapper(...), anchorHoriz='center', anchorVert='center', antialias=True, autoLog=True, bold=False, color=array([1., 1., 1.]), colorSpace='rgb', contrast=1.0, depth=0.0, flipHoriz=False, flipVert=False, font='Open Sans', fontFiles=[], height=0.1, italic=False, languageStyle='LTR', name='text_3', opacity=1, ori=0.0, pos=array([0., 0.]), rgb=UNKNOWN, text=str(...), units='height', win=Window(...), wrapWidth=1)
18.8472 	EXP 	Created Instruct = ImageStim(__class__=<class 'psychopy.visual.image.ImageStim'>, autoLog=True, color=array([1., 1., 1.]), colorSpace='rgb', contrast=1.0, depth=0.0, flipHoriz=False, flipVert=False, image='InkedInstructBfinal_LI.jpg', interpolate=True, mask=None, maskParams=None, name='Instruct', opacity=1, ori=0.0, pos=array([0., 0.]), size=array([0.8, 0.8]), texRes=128.0, units='height', win=Window(...))
18.8516 	EXP 	Created text_2 = TextStim(__class__=<class 'psychopy.visual.text.TextStim'>, alignHoriz=method-wrapper(...), alignText='center', alignVert=method-wrapper(...), anchorHoriz='center', anchorVert='center', antialias=True, autoLog=True, bold=False, color=array([1., 1., 1.]), colorSpace='rgb', contrast=1.0, depth=-2.0, flipHoriz=False, flipVert=False, font='Open Sans', fontFiles=[], height=0.04, italic=False, languageStyle='LTR', name='text_2', opacity=1, ori=0.5, pos=array([ 0.  , -0.45]), rgb=UNKNOWN, text=str(...), units='height', win=Window(...), wrapWidth=2.0)
18.8583 	EXP 	Created Stim = ImageStim(__class__=<class 'psychopy.visual.image.ImageStim'>, autoLog=True, color=array([1., 1., 1.]), colorSpace='rgb', contrast=1.0, depth=0.0, flipHoriz=False, flipVert=False, image='sin', interpolate=True, mask=None, maskParams=None, name='Stim', opacity=1, ori=0.0, pos=array([0., 0.]), size=array([1.777, 1.   ]), texRes=128.0, units='height', win=Window(...))
18.8673 	EXP 	Created text = TextStim(__class__=<class 'psychopy.visual.text.TextStim'>, alignHoriz=method-wrapper(...), alignText='center', alignVert=method-wrapper(...), anchorHoriz='center', anchorVert='center', antialias=True, autoLog=True, bold=False, color=array([1., 1., 1.]), colorSpace='rgb', contrast=1.0, depth=0.0, flipHoriz=False, flipVert=False, font='Open Sans', fontFiles=[], height=0.1, italic=False, languageStyle='LTR', name='text', opacity=1, ori=0.0, pos=array([0., 0.]), rgb=UNKNOWN, text='Thank you!\n\nYou have finished the task!', units='height', win=Window(...), wrapWidth=1)
18.9404 	EXP 	Instruct: autoDraw = True
18.9404 	EXP 	text_2: autoDraw = True
20.4611 	EXP 	Imported TMTA-1.xlsx as conditions, 12 conditions, 5 params
20.4614 	EXP 	Created sequence: sequential, trialTypes=12, nReps=1, seed=None
20.4617 	EXP 	New trial (rep=0, index=0): {'NumberLetter': 1, 'corrAns': 2, 'StimFile': 'TMT-control.jpg', 'Correct_StimFile': 'TMT-control.jpg', 'False_StimFile': 'TMT-control.jpg'}
20.5448 	DATA 	Keypress: 3
20.5693 	EXP 	Instruct: autoDraw = False
20.5693 	EXP 	text_2: autoDraw = False
20.5693 	EXP 	Stim: image = 'TMT-control.jpg'
20.5693 	EXP 	Stim: autoDraw = True
22.2895 	EXP 	New trial (rep=0, index=1): {'NumberLetter': 'A', 'corrAns': 3, 'StimFile': 'TMT-control.jpg', 'Correct_StimFile': 'TMT-control.jpg', 'False_StimFile': 'TMT-control.jpg'}
22.3098 	DATA 	Keypress: 2
22.3196 	EXP 	Stim: autoDraw = False
22.3196 	EXP 	Stim: image = 'TMT-control.jpg'
22.3196 	EXP 	Stim: autoDraw = True
23.3897 	EXP 	New trial (rep=0, index=2): {'NumberLetter': 2, 'corrAns': 1, 'StimFile': 'TMT-control_linestimulus0.png', 'Correct_StimFile': 'TMT-control_greenstimulus0.png', 'False_StimFile': 'TMT-control_redlinestimulus0.png'}
23.3902 	DEPRECATION 	Couldn't find image TMT-control_greenstimulus0.png; check path? (tried: C:\Users\emilo\OneDrive - Lund University\Experiment paradigms\TMT_PsychoPY_new\TMT-Control\TMT-control_greenstimulus0.png)
23.4733 	EXP 	window1: mouseVisible = True
