1.6423 	WARNING 	We strongly recommend you activate the PTB sound engine in PsychoPy prefs as the preferred audio engine. Its timing is vastly superior. Your prefs are currently set to use ['pyo'] (in that order).
5.4903 	EXP 	Created window1 = Window(allowGUI=True, allowStencil=False, autoLog=True, backendConf=UNKNOWN, bitsMode=UNKNOWN, blendMode='avg', bpc=(8, 8, 8), color=array([0, 0, 0]), colorSpace='rgb', depthBits=8, fullscr=<method-wrapper '__getattribute__' of attributeSetter object at 0x000001B56155C710>, gamma=None, gammaErrorPolicy='raise', lms=UNKNOWN, monitor=<psychopy.monitors.calibTools.Monitor object at 0x000001B56157D9E8>, multiSample=False, name='window1', numSamples=2, pos=[0.0, 0.0], screen=0, size=array([1920, 1055]), stencilBits=0, stereo=False, units='height', useFBO=True, useRetina=False, viewOri=0.0, viewPos=None, viewScale=None, waitBlanking=True, winType='glfw')
5.4903 	EXP 	window1: mouseVisible = True
5.4903 	EXP 	window1: recordFrameIntervals = False
5.5601 	EXP 	window1: recordFrameIntervals = True
5.6356 	EXP 	window1: recordFrameIntervals = False
5.9116 	EXP 	Created Instruct = ImageStim(__class__=<class 'psychopy.visual.image.ImageStim'>, autoLog=True, color=array([1., 1., 1.]), colorSpace='rgb', contrast=1.0, depth=0.0, flipHoriz=False, flipVert=False, image='InkedInstructBfinal_LI.jpg', interpolate=True, mask=None, maskParams=None, name='Instruct', opacity=1, ori=0.0, pos=array([0., 0.]), size=array([0.8, 0.8]), texRes=128.0, units='height', win=Window(...))
6.0162 	EXP 	Created text_2 = TextStim(__class__=<class 'psychopy.visual.text.TextStim'>, alignHoriz=method-wrapper(...), alignText='center', alignVert=method-wrapper(...), anchorHoriz='center', anchorVert='center', antialias=True, autoLog=True, bold=False, color=array([1., 1., 1.]), colorSpace='rgb', contrast=1.0, depth=-2.0, flipHoriz=False, flipVert=False, font='Open Sans', fontFiles=[], height=0.04, italic=False, languageStyle='LTR', name='text_2', opacity=1, ori=0.5, pos=array([ 0.  , -0.45]), rgb=UNKNOWN, text=str(...), units='height', win=Window(...), wrapWidth=2.0)
6.0186 	EXP 	Created polygon = ShapeStim(__class__=<class 'psychopy.visual.shape.ShapeStim'>, autoDraw=False, autoLog=True, closeShape=True, color=method-wrapper(...), colorSpace='rgb', contrast=None, depth=0.0, fillColor=array([1, 1, 1]), fillColorSpace='rgb', fillRGB=array([1, 1, 1]), interpolate=True, lineColor=array([1., 1., 1.]), lineColorSpace='rgb', lineRGB=array([1, 1, 1]), lineWidth=1.0, name='polygon', opacity=1, ori=0.0, pos=array([0., 0.]), size=array([0.5, 0.5]), units='height', vertices=ndarray(...), win=Window(...), windingRule=None)
6.0214 	EXP 	Created Stim_practice = ImageStim(__class__=<class 'psychopy.visual.image.ImageStim'>, autoLog=True, color=array([1., 1., 1.]), colorSpace='rgb', contrast=1.0, depth=0.0, flipHoriz=False, flipVert=False, image='sin', interpolate=True, mask=None, maskParams=None, name='Stim_practice', opacity=1, ori=0.0, pos=array([0., 0.]), size=array([1.777, 1.   ]), texRes=128.0, units='height', win=Window(...))
6.0730 	EXP 	Created text_5 = TextStim(__class__=<class 'psychopy.visual.text.TextStim'>, alignHoriz=method-wrapper(...), alignText='center', alignVert=method-wrapper(...), anchorHoriz='center', anchorVert='center', antialias=True, autoLog=True, bold=False, color=array([1., 1., 1.]), colorSpace='rgb', contrast=1.0, depth=0.0, flipHoriz=False, flipVert=False, font='Open Sans', fontFiles=[], height=0.1, italic=False, languageStyle='LTR', name='text_5', opacity=1, ori=0.0, pos=array([0., 0.]), rgb=UNKNOWN, text=str(...), units='height', win=Window(...), wrapWidth=1)
6.0749 	EXP 	Created polygon = ShapeStim(__class__=<class 'psychopy.visual.shape.ShapeStim'>, autoDraw=False, autoLog=True, closeShape=True, color=method-wrapper(...), colorSpace='rgb', contrast=None, depth=0.0, fillColor=array([1, 1, 1]), fillColorSpace='rgb', fillRGB=array([1, 1, 1]), interpolate=True, lineColor=array([1., 1., 1.]), lineColorSpace='rgb', lineRGB=array([1, 1, 1]), lineWidth=1.0, name='polygon', opacity=1, ori=0.0, pos=array([0., 0.]), size=array([0.5, 0.5]), units='height', vertices=ndarray(...), win=Window(...), windingRule=None)
6.0773 	EXP 	Created Stim = ImageStim(__class__=<class 'psychopy.visual.image.ImageStim'>, autoLog=True, color=array([1., 1., 1.]), colorSpace='rgb', contrast=1.0, depth=0.0, flipHoriz=False, flipVert=False, image='sin', interpolate=True, mask=None, maskParams=None, name='Stim', opacity=1, ori=0.0, pos=array([0., 0.]), size=array([1.777, 1.   ]), texRes=128.0, units='height', win=Window(...))
6.0790 	EXP 	Created polygon = ShapeStim(__class__=<class 'psychopy.visual.shape.ShapeStim'>, autoDraw=False, autoLog=True, closeShape=True, color=method-wrapper(...), colorSpace='rgb', contrast=None, depth=0.0, fillColor=array([1, 1, 1]), fillColorSpace='rgb', fillRGB=array([1, 1, 1]), interpolate=True, lineColor=array([1., 1., 1.]), lineColorSpace='rgb', lineRGB=array([1, 1, 1]), lineWidth=1.0, name='polygon', opacity=1, ori=0.0, pos=array([0., 0.]), size=array([0.5, 0.5]), units='height', vertices=ndarray(...), win=Window(...), windingRule=None)
6.0825 	EXP 	Created Stim = ImageStim(__class__=<class 'psychopy.visual.image.ImageStim'>, autoLog=True, color=array([1., 1., 1.]), colorSpace='rgb', contrast=1.0, depth=0.0, flipHoriz=False, flipVert=False, image='sin', interpolate=True, mask=None, maskParams=None, name='Stim', opacity=1, ori=0.0, pos=array([0., 0.]), size=array([1.777, 1.   ]), texRes=128.0, units='height', win=Window(...))
6.0842 	EXP 	Created polygon = ShapeStim(__class__=<class 'psychopy.visual.shape.ShapeStim'>, autoDraw=False, autoLog=True, closeShape=True, color=method-wrapper(...), colorSpace='rgb', contrast=None, depth=0.0, fillColor=array([1, 1, 1]), fillColorSpace='rgb', fillRGB=array([1, 1, 1]), interpolate=True, lineColor=array([1., 1., 1.]), lineColorSpace='rgb', lineRGB=array([1, 1, 1]), lineWidth=1.0, name='polygon', opacity=1, ori=0.0, pos=array([0., 0.]), size=array([0.5, 0.5]), units='height', vertices=ndarray(...), win=Window(...), windingRule=None)
6.0871 	EXP 	Created Stim = ImageStim(__class__=<class 'psychopy.visual.image.ImageStim'>, autoLog=True, color=array([1., 1., 1.]), colorSpace='rgb', contrast=1.0, depth=0.0, flipHoriz=False, flipVert=False, image='sin', interpolate=True, mask=None, maskParams=None, name='Stim', opacity=1, ori=0.0, pos=array([0., 0.]), size=array([1.777, 1.   ]), texRes=128.0, units='height', win=Window(...))
6.0888 	EXP 	Created polygon = ShapeStim(__class__=<class 'psychopy.visual.shape.ShapeStim'>, autoDraw=False, autoLog=True, closeShape=True, color=method-wrapper(...), colorSpace='rgb', contrast=None, depth=0.0, fillColor=array([1, 1, 1]), fillColorSpace='rgb', fillRGB=array([1, 1, 1]), interpolate=True, lineColor=array([1., 1., 1.]), lineColorSpace='rgb', lineRGB=array([1, 1, 1]), lineWidth=1.0, name='polygon', opacity=1, ori=0.0, pos=array([0., 0.]), size=array([0.5, 0.5]), units='height', vertices=ndarray(...), win=Window(...), windingRule=None)
6.0917 	EXP 	Created Stim = ImageStim(__class__=<class 'psychopy.visual.image.ImageStim'>, autoLog=True, color=array([1., 1., 1.]), colorSpace='rgb', contrast=1.0, depth=0.0, flipHoriz=False, flipVert=False, image='sin', interpolate=True, mask=None, maskParams=None, name='Stim', opacity=1, ori=0.0, pos=array([0., 0.]), size=array([1.777, 1.   ]), texRes=128.0, units='height', win=Window(...))
6.1000 	EXP 	Created text = TextStim(__class__=<class 'psychopy.visual.text.TextStim'>, alignHoriz=method-wrapper(...), alignText='center', alignVert=method-wrapper(...), anchorHoriz='center', anchorVert='center', antialias=True, autoLog=True, bold=False, color=array([1., 1., 1.]), colorSpace='rgb', contrast=1.0, depth=0.0, flipHoriz=False, flipVert=False, font='Open Sans', fontFiles=[], height=0.1, italic=False, languageStyle='LTR', name='text', opacity=1, ori=0.0, pos=array([0., 0.]), rgb=UNKNOWN, text=str(...), units='height', win=Window(...), wrapWidth=1)
6.1571 	EXP 	Instruct: autoDraw = True
6.1571 	EXP 	text_2: autoDraw = True
6.7860 	DATA 	Keypress: 2
6.8010 	EXP 	Instruct: autoDraw = False
6.8010 	EXP 	text_2: autoDraw = False
6.8010 	EXP 	polygon: autoDraw = True
6.9878 	DATA 	Keypress: 2
9.7955 	EXP 	Created sequence: sequential, trialTypes=1, nReps=5, seed=None
9.7957 	EXP 	New trial (rep=0, index=0): None
9.8031 	EXP 	Imported TMTstop-A_1_practice.xlsx as conditions, 13 conditions, 6 params
9.8034 	EXP 	Created sequence: sequential, trialTypes=13, nReps=1, seed=None
9.8036 	EXP 	New trial (rep=0, index=0): {'NumberLetter': 1, 'corrAns': ['1'], 'StimFile': 'TMTstop-A_1_practice.png', 'Correct_StimFile': 'TMTstop-A_1_practice.png', 'False_StimFile': 'TMTstop-A_1_practice.png', 'DurationTrial': 10}
9.8513 	EXP 	polygon: autoDraw = False
9.8513 	EXP 	Stim_practice: image = 'TMTstop-A_1_practice.png'
9.8513 	EXP 	Stim_practice: autoDraw = True
10.8826 	DATA 	Keypress: 1
10.8893 	EXP 	New trial (rep=0, index=1): {'NumberLetter': 2, 'corrAns': ['2'], 'StimFile': 'TMTstop-A_1_practice.png', 'Correct_StimFile': 'TMTstop-A_1_practicefirstgreen.png', 'False_StimFile': 'TMTstop-A_1_practicefirstred.png', 'DurationTrial': 10}
10.9627 	EXP 	Stim_practice: autoDraw = False
10.9627 	EXP 	Stim_practice: image = 'TMTstop-A_1_practicefirstgreen.png'
10.9627 	EXP 	Stim_practice: image = 'TMTstop-A_1_practicefirstgreen.png'
10.9627 	EXP 	Stim_practice: autoDraw = True
11.0906 	DATA 	Keypress: 1
11.5147 	DATA 	Keypress: 2
11.5214 	EXP 	New trial (rep=0, index=2): {'NumberLetter': 3, 'corrAns': ['3'], 'StimFile': 'TMTstop-A_1_practicelinestimulus0.png', 'Correct_StimFile': 'TMTstop-A_1_practicegreenlinestimulus0.png', 'False_StimFile': 'TMTstop-A_1_practiceredlinestimulus0.png', 'DurationTrial': 10}
11.5879 	EXP 	Stim_practice: autoDraw = False
11.5879 	EXP 	Stim_practice: image = 'TMTstop-A_1_practicegreenlinestimulus0.png'
11.5879 	EXP 	Stim_practice: image = 'TMTstop-A_1_practicegreenlinestimulus0.png'
11.5879 	EXP 	Stim_practice: autoDraw = True
11.7644 	DATA 	Keypress: 2
12.0143 	DATA 	Keypress: 3
12.0220 	EXP 	New trial (rep=0, index=3): {'NumberLetter': 4, 'corrAns': ['1'], 'StimFile': 'TMTstop-A_1_practicelinestimulus1.png', 'Correct_StimFile': 'TMTstop-A_1_practicegreenlinestimulus1.png', 'False_StimFile': 'TMTstop-A_1_practiceredlinestimulus1.png', 'DurationTrial': 10}
12.0883 	EXP 	Stim_practice: autoDraw = False
12.0883 	EXP 	Stim_practice: image = 'TMTstop-A_1_practicegreenlinestimulus1.png'
12.0883 	EXP 	Stim_practice: image = 'TMTstop-A_1_practicegreenlinestimulus1.png'
12.0883 	EXP 	Stim_practice: autoDraw = True
12.2021 	DATA 	Keypress: 3
12.7507 	DATA 	Keypress: 2
12.7543 	EXP 	Stim_practice: image = 'TMTstop-A_1_practiceredlinestimulus1.png'
12.7959 	EXP 	Stim_practice: image = 'TMTstop-A_1_practiceredlinestimulus1.png'
12.8373 	EXP 	Stim_practice: image = 'TMTstop-A_1_practiceredlinestimulus1.png'
12.8719 	EXP 	Stim_practice: image = 'TMTstop-A_1_practiceredlinestimulus1.png'
12.9140 	EXP 	Stim_practice: image = 'TMTstop-A_1_practiceredlinestimulus1.png'
12.9517 	DATA 	Keypress: 2
12.9553 	EXP 	Stim_practice: image = 'TMTstop-A_1_practiceredlinestimulus1.png'
12.9970 	EXP 	Stim_practice: image = 'TMTstop-A_1_practiceredlinestimulus1.png'
13.0388 	EXP 	Stim_practice: image = 'TMTstop-A_1_practiceredlinestimulus1.png'
13.0801 	EXP 	Stim_practice: image = 'TMTstop-A_1_practiceredlinestimulus1.png'
13.1219 	EXP 	Stim_practice: image = 'TMTstop-A_1_practiceredlinestimulus1.png'
13.1644 	EXP 	Stim_practice: image = 'TMTstop-A_1_practiceredlinestimulus1.png'
13.2054 	EXP 	Stim_practice: image = 'TMTstop-A_1_practiceredlinestimulus1.png'
13.2471 	EXP 	Stim_practice: image = 'TMTstop-A_1_practiceredlinestimulus1.png'
13.2850 	DATA 	Keypress: 1
13.2888 	EXP 	Stim_practice: image = 'TMTstop-A_1_practiceredlinestimulus1.png'
13.2936 	EXP 	New trial (rep=0, index=4): {'NumberLetter': 5, 'corrAns': ['2'], 'StimFile': 'TMTstop-A_1_practicelinestimulus2.png', 'Correct_StimFile': 'TMTstop-A_1_practicegreenlinestimulus2.png', 'False_StimFile': 'TMTstop-A_1_practiceredlinestimulus2.png', 'DurationTrial': 10}
13.3585 	EXP 	Stim_practice: autoDraw = False
13.3585 	EXP 	Stim_practice: image = 'TMTstop-A_1_practicegreenlinestimulus2.png'
13.3585 	EXP 	Stim_practice: image = 'TMTstop-A_1_practicegreenlinestimulus2.png'
13.3585 	EXP 	Stim_practice: autoDraw = True
13.5146 	DATA 	Keypress: 1
13.9449 	EXP 	New trial (rep=0, index=5): {'NumberLetter': 6, 'corrAns': ['3'], 'StimFile': 'TMTstop-A_1_practicelinestimulus3.png', 'Correct_StimFile': 'TMTstop-A_1_practicegreenlinestimulus3.png', 'False_StimFile': 'TMTstop-A_1_practiceredlinestimulus3.png', 'DurationTrial': 10}
14.0075 	DATA 	Keypress: 2
14.0114 	EXP 	Stim_practice: autoDraw = False
14.0114 	EXP 	Stim_practice: image = 'TMTstop-A_1_practicegreenlinestimulus3.png'
14.0114 	EXP 	Stim_practice: image = 'TMTstop-A_1_practicegreenlinestimulus3.png'
14.0114 	EXP 	Stim_practice: autoDraw = True
14.1674 	DATA 	Keypress: 2
14.9935 	DATA 	Keypress: 3
15.0005 	EXP 	New trial (rep=0, index=6): {'NumberLetter': 7, 'corrAns': ['1'], 'StimFile': 'TMTstop-A_1_practicelinestimulus4.png', 'Correct_StimFile': 'TMTstop-A_1_practicegreenlinestimulus4.png', 'False_StimFile': 'TMTstop-A_1_practiceredlinestimulus4.png', 'DurationTrial': 10}
15.0740 	EXP 	Stim_practice: autoDraw = False
15.0740 	EXP 	Stim_practice: image = 'TMTstop-A_1_practicegreenlinestimulus4.png'
15.0740 	EXP 	Stim_practice: image = 'TMTstop-A_1_practicegreenlinestimulus4.png'
15.0740 	EXP 	Stim_practice: autoDraw = True
15.1595 	EXP 	New trial (rep=0, index=7): {'NumberLetter': 8, 'corrAns': ['3'], 'StimFile': 'TMTstop-A_1_practicelinestimulus5.png', 'Correct_StimFile': 'TMTstop-A_1_practicegreenlinestimulus5.png', 'False_StimFile': 'TMTstop-A_1_practiceredlinestimulus5.png', 'DurationTrial': 10}
15.2295 	DATA 	Keypress: 1
15.2297 	DATA 	Keypress: 3
15.2335 	EXP 	Stim_practice: autoDraw = False
15.2335 	EXP 	Stim_practice: image = 'TMTstop-A_1_practicegreenlinestimulus5.png'
15.2335 	EXP 	Stim_practice: image = 'TMTstop-A_1_practicegreenlinestimulus5.png'
15.2335 	EXP 	Stim_practice: autoDraw = True
15.3405 	DATA 	Keypress: 2
15.3858 	EXP 	Stim_practice: image = 'TMTstop-A_1_practiceredlinestimulus5.png'
15.4276 	EXP 	Stim_practice: image = 'TMTstop-A_1_practiceredlinestimulus5.png'
15.4699 	EXP 	Stim_practice: image = 'TMTstop-A_1_practiceredlinestimulus5.png'
15.5072 	DATA 	Keypress: 1
15.5107 	EXP 	Stim_practice: image = 'TMTstop-A_1_practiceredlinestimulus5.png'
15.5488 	DATA 	Keypress: 3
15.5531 	EXP 	Stim_practice: image = 'TMTstop-A_1_practiceredlinestimulus5.png'
15.5572 	EXP 	New trial (rep=0, index=8): {'NumberLetter': 9, 'corrAns': ['2'], 'StimFile': 'TMTstop-A_1_practicelinestimulus6.png', 'Correct_StimFile': 'TMTstop-A_1_practicegreenlinestimulus6.png', 'False_StimFile': 'TMTstop-A_1_practiceredlinestimulus6.png', 'DurationTrial': 10}
15.6253 	DATA 	Keypress: 2
15.6295 	EXP 	Stim_practice: autoDraw = False
15.6295 	EXP 	Stim_practice: image = 'TMTstop-A_1_practicegreenlinestimulus6.png'
15.6295 	EXP 	Stim_practice: image = 'TMTstop-A_1_practicegreenlinestimulus6.png'
15.6295 	EXP 	Stim_practice: autoDraw = True
15.7088 	DATA 	Keypress: 1
15.7124 	EXP 	Stim_practice: image = 'TMTstop-A_1_practiceredlinestimulus6.png'
15.7504 	DATA 	Keypress: 3
15.7542 	EXP 	Stim_practice: image = 'TMTstop-A_1_practiceredlinestimulus6.png'
15.7957 	EXP 	Stim_practice: image = 'TMTstop-A_1_practiceredlinestimulus6.png'
15.8372 	EXP 	Stim_practice: image = 'TMTstop-A_1_practiceredlinestimulus6.png'
15.8788 	EXP 	Stim_practice: image = 'TMTstop-A_1_practiceredlinestimulus6.png'
15.9207 	EXP 	Stim_practice: image = 'TMTstop-A_1_practiceredlinestimulus6.png'
15.9622 	EXP 	Stim_practice: image = 'TMTstop-A_1_practiceredlinestimulus6.png'
16.0003 	DATA 	Keypress: 3
16.0004 	DATA 	Keypress: 1
16.0039 	EXP 	Stim_practice: image = 'TMTstop-A_1_practiceredlinestimulus6.png'
16.0456 	EXP 	Stim_practice: image = 'TMTstop-A_1_practiceredlinestimulus6.png'
16.0877 	EXP 	Stim_practice: image = 'TMTstop-A_1_practiceredlinestimulus6.png'
16.1290 	EXP 	Stim_practice: image = 'TMTstop-A_1_practiceredlinestimulus6.png'
16.1706 	EXP 	Stim_practice: image = 'TMTstop-A_1_practiceredlinestimulus6.png'
16.2086 	DATA 	Keypress: 3
16.2125 	EXP 	Stim_practice: image = 'TMTstop-A_1_practiceredlinestimulus6.png'
16.2540 	EXP 	Stim_practice: image = 'TMTstop-A_1_practiceredlinestimulus6.png'
16.2957 	EXP 	Stim_practice: image = 'TMTstop-A_1_practiceredlinestimulus6.png'
16.3374 	EXP 	Stim_practice: image = 'TMTstop-A_1_practiceredlinestimulus6.png'
16.3752 	DATA 	Keypress: 2
16.3789 	EXP 	Stim_practice: image = 'TMTstop-A_1_practiceredlinestimulus6.png'
16.3837 	EXP 	New trial (rep=0, index=9): {'NumberLetter': 10, 'corrAns': ['3'], 'StimFile': 'TMTstop-A_1_practicelinestimulus7.png', 'Correct_StimFile': 'TMTstop-A_1_practicegreenlinestimulus7.png', 'False_StimFile': 'TMTstop-A_1_practiceredlinestimulus7.png', 'DurationTrial': 10}
16.4492 	EXP 	Stim_practice: autoDraw = False
16.4492 	EXP 	Stim_practice: image = 'TMTstop-A_1_practicegreenlinestimulus7.png'
16.4492 	EXP 	Stim_practice: image = 'TMTstop-A_1_practicegreenlinestimulus7.png'
16.4492 	EXP 	Stim_practice: autoDraw = True
16.5840 	DATA 	Keypress: 2
16.6256 	DATA 	Keypress: 1
16.6706 	EXP 	Stim_practice: image = 'TMTstop-A_1_practiceredlinestimulus7.png'
16.7125 	EXP 	Stim_practice: image = 'TMTstop-A_1_practiceredlinestimulus7.png'
16.7542 	EXP 	Stim_practice: image = 'TMTstop-A_1_practiceredlinestimulus7.png'
16.7954 	EXP 	Stim_practice: image = 'TMTstop-A_1_practiceredlinestimulus7.png'
16.8374 	EXP 	Stim_practice: image = 'TMTstop-A_1_practiceredlinestimulus7.png'
16.8755 	DATA 	Keypress: 1
16.8791 	EXP 	Stim_practice: image = 'TMTstop-A_1_practiceredlinestimulus7.png'
16.9207 	EXP 	Stim_practice: image = 'TMTstop-A_1_practiceredlinestimulus7.png'
16.9629 	EXP 	Stim_practice: image = 'TMTstop-A_1_practiceredlinestimulus7.png'
17.0039 	EXP 	Stim_practice: image = 'TMTstop-A_1_practiceredlinestimulus7.png'
17.0419 	DATA 	Keypress: 2
17.0455 	EXP 	Stim_practice: image = 'TMTstop-A_1_practiceredlinestimulus7.png'
17.0875 	EXP 	Stim_practice: image = 'TMTstop-A_1_practiceredlinestimulus7.png'
17.1290 	EXP 	Stim_practice: image = 'TMTstop-A_1_practiceredlinestimulus7.png'
17.1706 	EXP 	Stim_practice: image = 'TMTstop-A_1_practiceredlinestimulus7.png'
17.2085 	DATA 	Keypress: 2
17.2122 	EXP 	Stim_practice: image = 'TMTstop-A_1_practiceredlinestimulus7.png'
17.2502 	DATA 	Keypress: 3
17.2538 	EXP 	Stim_practice: image = 'TMTstop-A_1_practiceredlinestimulus7.png'
17.2587 	EXP 	New trial (rep=0, index=10): {'NumberLetter': 11, 'corrAns': ['1'], 'StimFile': 'TMTstop-A_1_practicelinestimulus8.png', 'Correct_StimFile': 'TMTstop-A_1_practicegreenlinestimulus8.png', 'False_StimFile': 'TMTstop-A_1_practiceredlinestimulus8.png', 'DurationTrial': 10}
17.3238 	EXP 	Stim_practice: autoDraw = False
17.3238 	EXP 	Stim_practice: image = 'TMTstop-A_1_practicegreenlinestimulus8.png'
17.3238 	EXP 	Stim_practice: image = 'TMTstop-A_1_practicegreenlinestimulus8.png'
17.3238 	EXP 	Stim_practice: autoDraw = True
17.4190 	DATA 	Keypress: 3
17.8753 	DATA 	Keypress: 1
17.8821 	EXP 	New trial (rep=0, index=11): {'NumberLetter': 12, 'corrAns': ['2'], 'StimFile': 'TMTstop-A_1_practicelinestimulus9.png', 'Correct_StimFile': 'TMTstop-A_1_practicegreenlinestimulus9.png', 'False_StimFile': 'TMTstop-A_1_practiceredlinestimulus9.png', 'DurationTrial': 10}
17.9490 	EXP 	Stim_practice: autoDraw = False
17.9490 	EXP 	Stim_practice: image = 'TMTstop-A_1_practicegreenlinestimulus9.png'
17.9490 	EXP 	Stim_practice: image = 'TMTstop-A_1_practicegreenlinestimulus9.png'
17.9490 	EXP 	Stim_practice: autoDraw = True
18.1325 	DATA 	Keypress: 1
18.6047 	DATA 	Keypress: 2
18.6126 	EXP 	New trial (rep=0, index=12): {'NumberLetter': None, 'corrAns': None, 'StimFile': 'TMTstop-A_1_practicelinestimulus10.png', 'Correct_StimFile': 'TMTstop-A_1_practicegreenlinestimulus10.png', 'False_StimFile': 'TMTstop-A_1_practiceredlinestimulus10.png', 'DurationTrial': None}
18.6779 	EXP 	Stim_practice: autoDraw = False
18.6779 	EXP 	Stim_practice: image = 'TMTstop-A_1_practicegreenlinestimulus10.png'
18.6779 	EXP 	Stim_practice: image = 'TMTstop-A_1_practicegreenlinestimulus10.png'
18.6779 	EXP 	Stim_practice: autoDraw = True
18.8200 	DATA 	Keypress: 2
19.6829 	EXP 	Stim_practice: autoDraw = False
19.6829 	EXP 	text_5: autoDraw = True
22.1672 	DATA 	Keypress: 2
22.1687 	EXP 	text_5: autoDraw = False
22.1687 	EXP 	polygon: autoDraw = True
22.3697 	DATA 	Keypress: 2
25.1724 	EXP 	Imported TMTstop-A_1_1.xlsx as conditions, 26 conditions, 6 params
25.1727 	EXP 	Created sequence: sequential, trialTypes=26, nReps=1, seed=None
25.1729 	EXP 	New trial (rep=0, index=0): {'NumberLetter': 1, 'corrAns': ['2'], 'StimFile': 'TMTstop-A_1_1.png', 'Correct_StimFile': 'TMTstop-A_1_1.png', 'False_StimFile': 'TMTstop-A_1_1.png', 'DurationTrial': 10}
25.2128 	EXP 	polygon: autoDraw = False
25.2128 	EXP 	Stim: image = 'TMTstop-A_1_1.png'
25.2128 	EXP 	Stim: autoDraw = True
26.0629 	DATA 	Keypress: 1
26.1081 	EXP 	Stim: image = 'TMTstop-A_1_1.png'
26.1498 	EXP 	Stim: image = 'TMTstop-A_1_1.png'
26.1915 	EXP 	Stim: image = 'TMTstop-A_1_1.png'
26.2294 	DATA 	Keypress: 2
26.2330 	EXP 	Stim: image = 'TMTstop-A_1_1.png'
26.2374 	EXP 	New trial (rep=0, index=1): {'NumberLetter': 2, 'corrAns': ['1'], 'StimFile': 'TMTstop-A_1_1.png', 'Correct_StimFile': 'TMTstop-A_1_1firstgreen.png', 'False_StimFile': 'TMTstop-A_1_1firstred.png', 'DurationTrial': 10}
26.3056 	DATA 	Keypress: 3
26.3096 	EXP 	Stim: autoDraw = False
26.3096 	EXP 	Stim: image = 'TMTstop-A_1_1firstgreen.png'
26.3096 	EXP 	Stim: image = 'TMTstop-A_1_1firstgreen.png'
26.3096 	EXP 	Stim: autoDraw = True
26.3473 	DATA 	Keypress: 1
26.3509 	EXP 	Stim: image = 'TMTstop-A_1_1firstred.png'
26.3927 	EXP 	Stim: image = 'TMTstop-A_1_1firstred.png'
26.4306 	DATA 	Keypress: 2
26.4343 	EXP 	Stim: image = 'TMTstop-A_1_1firstred.png'
26.4725 	DATA 	Keypress: 1
26.4761 	EXP 	Stim: image = 'TMTstop-A_1_1firstred.png'
26.4807 	EXP 	New trial (rep=0, index=2): {'NumberLetter': 3, 'corrAns': ['2'], 'StimFile': 'TMTstop-A_1_1linestimulus0.png', 'Correct_StimFile': 'TMTstop-A_1_1greenlinestimulus0.png', 'False_StimFile': 'TMTstop-A_1_1redlinestimulus0.png', 'DurationTrial': 10}
26.5419 	DATA 	Keypress: 3
26.5459 	EXP 	Stim: autoDraw = False
26.5459 	EXP 	Stim: image = 'TMTstop-A_1_1greenlinestimulus0.png'
26.5459 	EXP 	Stim: image = 'TMTstop-A_1_1greenlinestimulus0.png'
26.5459 	EXP 	Stim: autoDraw = True
26.5627 	EXP 	New trial (rep=0, index=3): {'NumberLetter': 4, 'corrAns': ['3'], 'StimFile': 'TMTstop-A_1_1linestimulus1.png', 'Correct_StimFile': 'TMTstop-A_1_1greenlinestimulus1.png', 'False_StimFile': 'TMTstop-A_1_1redlinestimulus1.png', 'DurationTrial': 10}
26.6250 	DATA 	Keypress: 2
26.6291 	EXP 	Stim: autoDraw = False
26.6291 	EXP 	Stim: image = 'TMTstop-A_1_1greenlinestimulus1.png'
26.6291 	EXP 	Stim: image = 'TMTstop-A_1_1greenlinestimulus1.png'
26.6291 	EXP 	Stim: autoDraw = True
26.6531 	DATA 	Keypress: 3
26.6607 	EXP 	New trial (rep=0, index=4): {'NumberLetter': 5, 'corrAns': ['2'], 'StimFile': 'TMTstop-A_1_1linestimulus2.png', 'Correct_StimFile': 'TMTstop-A_1_1greenlinestimulus2.png', 'False_StimFile': 'TMTstop-A_1_1redlinestimulus2.png', 'DurationTrial': 10}
26.7295 	DATA 	Keypress: 1
26.7334 	EXP 	Stim: autoDraw = False
26.7334 	EXP 	Stim: image = 'TMTstop-A_1_1greenlinestimulus2.png'
26.7334 	EXP 	Stim: image = 'TMTstop-A_1_1greenlinestimulus2.png'
26.7334 	EXP 	Stim: autoDraw = True
26.7712 	DATA 	Keypress: 2
26.8129 	DATA 	Keypress: 1
26.8546 	DATA 	Keypress: 3
26.8581 	EXP 	Stim: image = 'TMTstop-A_1_1redlinestimulus2.png'
26.8969 	DATA 	Keypress: 2
26.9004 	EXP 	Stim: image = 'TMTstop-A_1_1redlinestimulus2.png'
26.9044 	EXP 	New trial (rep=0, index=5): {'NumberLetter': 6, 'corrAns': ['3'], 'StimFile': 'TMTstop-A_1_1linestimulus3.png', 'Correct_StimFile': 'TMTstop-A_1_1greenlinestimulus3.png', 'False_StimFile': 'TMTstop-A_1_1redlinestimulus3.png', 'DurationTrial': 10}
26.9694 	EXP 	Stim: autoDraw = False
26.9694 	EXP 	Stim: image = 'TMTstop-A_1_1greenlinestimulus3.png'
26.9694 	EXP 	Stim: image = 'TMTstop-A_1_1greenlinestimulus3.png'
26.9694 	EXP 	Stim: autoDraw = True
26.9933 	DATA 	Keypress: 3
27.0001 	EXP 	New trial (rep=0, index=6): {'NumberLetter': 7, 'corrAns': ['2'], 'StimFile': 'TMTstop-A_1_1linestimulus4.png', 'Correct_StimFile': 'TMTstop-A_1_1greenlinestimulus4.png', 'False_StimFile': 'TMTstop-A_1_1redlinestimulus4.png', 'DurationTrial': 10}
27.0628 	DATA 	Keypress: 1
27.0666 	EXP 	Stim: autoDraw = False
27.0666 	EXP 	Stim: image = 'TMTstop-A_1_1greenlinestimulus4.png'
27.0666 	EXP 	Stim: image = 'TMTstop-A_1_1greenlinestimulus4.png'
27.0666 	EXP 	Stim: autoDraw = True
27.1052 	DATA 	Keypress: 2
27.1462 	DATA 	Keypress: 3
27.5282 	DATA 	Keypress: esc
27.6822 	DATA 	Keypress: esc
27.7077 	EXP 	window1: mouseVisible = True
1.6258 	WARNING 	We strongly recommend you activate the PTB sound engine in PsychoPy prefs as the preferred audio engine. Its timing is vastly superior. Your prefs are currently set to use ['pyo'] (in that order).
5.7470 	EXP 	Created window1 = Window(allowGUI=True, allowStencil=False, autoLog=True, backendConf=UNKNOWN, bitsMode=UNKNOWN, blendMode='avg', bpc=(8, 8, 8), color=array([0, 0, 0]), colorSpace='rgb', depthBits=8, fullscr=<method-wrapper '__getattribute__' of attributeSetter object at 0x000001603A8CC710>, gamma=None, gammaErrorPolicy='raise', lms=UNKNOWN, monitor=<psychopy.monitors.calibTools.Monitor object at 0x000001603A8ED9B0>, multiSample=False, name='window1', numSamples=2, pos=[0.0, 0.0], screen=0, size=array([1920, 1055]), stencilBits=0, stereo=False, units='height', useFBO=True, useRetina=False, viewOri=0.0, viewPos=None, viewScale=None, waitBlanking=True, winType='glfw')
5.7471 	EXP 	window1: mouseVisible = True
5.7471 	EXP 	window1: recordFrameIntervals = False
5.8155 	EXP 	window1: recordFrameIntervals = True
5.8920 	EXP 	window1: recordFrameIntervals = False
6.1700 	EXP 	Created Instruct = ImageStim(__class__=<class 'psychopy.visual.image.ImageStim'>, autoLog=True, color=array([1., 1., 1.]), colorSpace='rgb', contrast=1.0, depth=0.0, flipHoriz=False, flipVert=False, image='InkedInstructBfinal_LI.jpg', interpolate=True, mask=None, maskParams=None, name='Instruct', opacity=1, ori=0.0, pos=array([0., 0.]), size=array([0.8, 0.8]), texRes=128.0, units='height', win=Window(...))
6.2744 	EXP 	Created text_2 = TextStim(__class__=<class 'psychopy.visual.text.TextStim'>, alignHoriz=method-wrapper(...), alignText='center', alignVert=method-wrapper(...), anchorHoriz='center', anchorVert='center', antialias=True, autoLog=True, bold=False, color=array([1., 1., 1.]), colorSpace='rgb', contrast=1.0, depth=-2.0, flipHoriz=False, flipVert=False, font='Open Sans', fontFiles=[], height=0.04, italic=False, languageStyle='LTR', name='text_2', opacity=1, ori=0.5, pos=array([ 0.  , -0.45]), rgb=UNKNOWN, text=str(...), units='height', win=Window(...), wrapWidth=2.0)
6.2767 	EXP 	Created polygon = ShapeStim(__class__=<class 'psychopy.visual.shape.ShapeStim'>, autoDraw=False, autoLog=True, closeShape=True, color=method-wrapper(...), colorSpace='rgb', contrast=None, depth=0.0, fillColor=array([1, 1, 1]), fillColorSpace='rgb', fillRGB=array([1, 1, 1]), interpolate=True, lineColor=array([1., 1., 1.]), lineColorSpace='rgb', lineRGB=array([1, 1, 1]), lineWidth=1.0, name='polygon', opacity=1, ori=0.0, pos=array([0., 0.]), size=array([0.5, 0.5]), units='height', vertices=ndarray(...), win=Window(...), windingRule=None)
6.2798 	EXP 	Created Stim_practice = ImageStim(__class__=<class 'psychopy.visual.image.ImageStim'>, autoLog=True, color=array([1., 1., 1.]), colorSpace='rgb', contrast=1.0, depth=0.0, flipHoriz=False, flipVert=False, image='sin', interpolate=True, mask=None, maskParams=None, name='Stim_practice', opacity=1, ori=0.0, pos=array([0., 0.]), size=array([1.777, 1.   ]), texRes=128.0, units='height', win=Window(...))
6.3347 	EXP 	Created text_5 = TextStim(__class__=<class 'psychopy.visual.text.TextStim'>, alignHoriz=method-wrapper(...), alignText='center', alignVert=method-wrapper(...), anchorHoriz='center', anchorVert='center', antialias=True, autoLog=True, bold=False, color=array([1., 1., 1.]), colorSpace='rgb', contrast=1.0, depth=0.0, flipHoriz=False, flipVert=False, font='Open Sans', fontFiles=[], height=0.1, italic=False, languageStyle='LTR', name='text_5', opacity=1, ori=0.0, pos=array([0., 0.]), rgb=UNKNOWN, text=str(...), units='height', win=Window(...), wrapWidth=1)
6.3365 	EXP 	Created polygon = ShapeStim(__class__=<class 'psychopy.visual.shape.ShapeStim'>, autoDraw=False, autoLog=True, closeShape=True, color=method-wrapper(...), colorSpace='rgb', contrast=None, depth=0.0, fillColor=array([1, 1, 1]), fillColorSpace='rgb', fillRGB=array([1, 1, 1]), interpolate=True, lineColor=array([1., 1., 1.]), lineColorSpace='rgb', lineRGB=array([1, 1, 1]), lineWidth=1.0, name='polygon', opacity=1, ori=0.0, pos=array([0., 0.]), size=array([0.5, 0.5]), units='height', vertices=ndarray(...), win=Window(...), windingRule=None)
6.3389 	EXP 	Created Stim = ImageStim(__class__=<class 'psychopy.visual.image.ImageStim'>, autoLog=True, color=array([1., 1., 1.]), colorSpace='rgb', contrast=1.0, depth=0.0, flipHoriz=False, flipVert=False, image='sin', interpolate=True, mask=None, maskParams=None, name='Stim', opacity=1, ori=0.0, pos=array([0., 0.]), size=array([1.777, 1.   ]), texRes=128.0, units='height', win=Window(...))
6.3405 	EXP 	Created polygon = ShapeStim(__class__=<class 'psychopy.visual.shape.ShapeStim'>, autoDraw=False, autoLog=True, closeShape=True, color=method-wrapper(...), colorSpace='rgb', contrast=None, depth=0.0, fillColor=array([1, 1, 1]), fillColorSpace='rgb', fillRGB=array([1, 1, 1]), interpolate=True, lineColor=array([1., 1., 1.]), lineColorSpace='rgb', lineRGB=array([1, 1, 1]), lineWidth=1.0, name='polygon', opacity=1, ori=0.0, pos=array([0., 0.]), size=array([0.5, 0.5]), units='height', vertices=ndarray(...), win=Window(...), windingRule=None)
6.3440 	EXP 	Created Stim = ImageStim(__class__=<class 'psychopy.visual.image.ImageStim'>, autoLog=True, color=array([1., 1., 1.]), colorSpace='rgb', contrast=1.0, depth=0.0, flipHoriz=False, flipVert=False, image='sin', interpolate=True, mask=None, maskParams=None, name='Stim', opacity=1, ori=0.0, pos=array([0., 0.]), size=array([1.777, 1.   ]), texRes=128.0, units='height', win=Window(...))
6.3458 	EXP 	Created polygon = ShapeStim(__class__=<class 'psychopy.visual.shape.ShapeStim'>, autoDraw=False, autoLog=True, closeShape=True, color=method-wrapper(...), colorSpace='rgb', contrast=None, depth=0.0, fillColor=array([1, 1, 1]), fillColorSpace='rgb', fillRGB=array([1, 1, 1]), interpolate=True, lineColor=array([1., 1., 1.]), lineColorSpace='rgb', lineRGB=array([1, 1, 1]), lineWidth=1.0, name='polygon', opacity=1, ori=0.0, pos=array([0., 0.]), size=array([0.5, 0.5]), units='height', vertices=ndarray(...), win=Window(...), windingRule=None)
6.3485 	EXP 	Created Stim = ImageStim(__class__=<class 'psychopy.visual.image.ImageStim'>, autoLog=True, color=array([1., 1., 1.]), colorSpace='rgb', contrast=1.0, depth=0.0, flipHoriz=False, flipVert=False, image='sin', interpolate=True, mask=None, maskParams=None, name='Stim', opacity=1, ori=0.0, pos=array([0., 0.]), size=array([1.777, 1.   ]), texRes=128.0, units='height', win=Window(...))
6.3503 	EXP 	Created polygon = ShapeStim(__class__=<class 'psychopy.visual.shape.ShapeStim'>, autoDraw=False, autoLog=True, closeShape=True, color=method-wrapper(...), colorSpace='rgb', contrast=None, depth=0.0, fillColor=array([1, 1, 1]), fillColorSpace='rgb', fillRGB=array([1, 1, 1]), interpolate=True, lineColor=array([1., 1., 1.]), lineColorSpace='rgb', lineRGB=array([1, 1, 1]), lineWidth=1.0, name='polygon', opacity=1, ori=0.0, pos=array([0., 0.]), size=array([0.5, 0.5]), units='height', vertices=ndarray(...), win=Window(...), windingRule=None)
6.3532 	EXP 	Created Stim = ImageStim(__class__=<class 'psychopy.visual.image.ImageStim'>, autoLog=True, color=array([1., 1., 1.]), colorSpace='rgb', contrast=1.0, depth=0.0, flipHoriz=False, flipVert=False, image='sin', interpolate=True, mask=None, maskParams=None, name='Stim', opacity=1, ori=0.0, pos=array([0., 0.]), size=array([1.777, 1.   ]), texRes=128.0, units='height', win=Window(...))
6.3618 	EXP 	Created text = TextStim(__class__=<class 'psychopy.visual.text.TextStim'>, alignHoriz=method-wrapper(...), alignText='center', alignVert=method-wrapper(...), anchorHoriz='center', anchorVert='center', antialias=True, autoLog=True, bold=False, color=array([1., 1., 1.]), colorSpace='rgb', contrast=1.0, depth=0.0, flipHoriz=False, flipVert=False, font='Open Sans', fontFiles=[], height=0.1, italic=False, languageStyle='LTR', name='text', opacity=1, ori=0.0, pos=array([0., 0.]), rgb=UNKNOWN, text=str(...), units='height', win=Window(...), wrapWidth=1)
6.4136 	EXP 	Instruct: autoDraw = True
6.4136 	EXP 	text_2: autoDraw = True
7.2298 	DATA 	Keypress: 1
7.2455 	EXP 	Instruct: autoDraw = False
7.2455 	EXP 	text_2: autoDraw = False
7.2455 	EXP 	polygon: autoDraw = True
7.3903 	DATA 	Keypress: 1
10.2401 	EXP 	Created sequence: sequential, trialTypes=1, nReps=5, seed=None
10.2403 	EXP 	New trial (rep=0, index=0): None
10.2479 	EXP 	Imported TMTstop-A_1_practice.xlsx as conditions, 13 conditions, 6 params
10.2482 	EXP 	Created sequence: sequential, trialTypes=13, nReps=1, seed=None
10.2484 	EXP 	New trial (rep=0, index=0): {'NumberLetter': 1, 'corrAns': ['1'], 'StimFile': 'TMTstop-A_1_practice.png', 'Correct_StimFile': 'TMTstop-A_1_practice.png', 'False_StimFile': 'TMTstop-A_1_practice.png', 'DurationTrial': 10}
10.2958 	EXP 	polygon: autoDraw = False
10.2958 	EXP 	Stim_practice: image = 'TMTstop-A_1_practice.png'
10.2958 	EXP 	Stim_practice: autoDraw = True
11.0487 	DATA 	Keypress: 1
11.0556 	EXP 	New trial (rep=0, index=1): {'NumberLetter': 2, 'corrAns': ['2'], 'StimFile': 'TMTstop-A_1_practice.png', 'Correct_StimFile': 'TMTstop-A_1_practicefirstgreen.png', 'False_StimFile': 'TMTstop-A_1_practicefirstred.png', 'DurationTrial': 10}
11.1290 	EXP 	Stim_practice: autoDraw = False
11.1290 	EXP 	Stim_practice: image = 'TMTstop-A_1_practicefirstgreen.png'
11.1290 	EXP 	Stim_practice: image = 'TMTstop-A_1_practicefirstgreen.png'
11.1290 	EXP 	Stim_practice: autoDraw = True
11.2297 	DATA 	Keypress: 1
11.5213 	DATA 	Keypress: 2
11.5282 	EXP 	New trial (rep=0, index=2): {'NumberLetter': 3, 'corrAns': ['3'], 'StimFile': 'TMTstop-A_1_practicelinestimulus0.png', 'Correct_StimFile': 'TMTstop-A_1_practicegreenlinestimulus0.png', 'False_StimFile': 'TMTstop-A_1_practiceredlinestimulus0.png', 'DurationTrial': 10}
11.6157 	EXP 	Stim_practice: autoDraw = False
11.6157 	EXP 	Stim_practice: image = 'TMTstop-A_1_practicegreenlinestimulus0.png'
11.6157 	EXP 	Stim_practice: image = 'TMTstop-A_1_practicegreenlinestimulus0.png'
11.6157 	EXP 	Stim_practice: autoDraw = True
11.7156 	DATA 	Keypress: 2
12.8820 	DATA 	Keypress: 1
12.8858 	EXP 	Stim_practice: image = 'TMTstop-A_1_practiceredlinestimulus0.png'
12.9346 	EXP 	Stim_practice: image = 'TMTstop-A_1_practiceredlinestimulus0.png'
12.9722 	DATA 	Keypress: 2
12.9760 	EXP 	Stim_practice: image = 'TMTstop-A_1_practiceredlinestimulus0.png'
13.0175 	EXP 	Stim_practice: image = 'TMTstop-A_1_practiceredlinestimulus0.png'
13.0593 	EXP 	Stim_practice: image = 'TMTstop-A_1_practiceredlinestimulus0.png'
13.0973 	DATA 	Keypress: 1
13.1010 	EXP 	Stim_practice: image = 'TMTstop-A_1_practiceredlinestimulus0.png'
13.1426 	EXP 	Stim_practice: image = 'TMTstop-A_1_practiceredlinestimulus0.png'
13.1806 	DATA 	Keypress: 3
13.1842 	EXP 	Stim_practice: image = 'TMTstop-A_1_practiceredlinestimulus0.png'
13.1890 	EXP 	New trial (rep=0, index=3): {'NumberLetter': 4, 'corrAns': ['1'], 'StimFile': 'TMTstop-A_1_practicelinestimulus1.png', 'Correct_StimFile': 'TMTstop-A_1_practicegreenlinestimulus1.png', 'False_StimFile': 'TMTstop-A_1_practiceredlinestimulus1.png', 'DurationTrial': 10}
13.2503 	DATA 	Keypress: 2
13.2542 	EXP 	Stim_practice: autoDraw = False
13.2542 	EXP 	Stim_practice: image = 'TMTstop-A_1_practicegreenlinestimulus1.png'
13.2542 	EXP 	Stim_practice: image = 'TMTstop-A_1_practicegreenlinestimulus1.png'
13.2542 	EXP 	Stim_practice: autoDraw = True
13.3541 	DATA 	Keypress: 3
13.5140 	DATA 	Keypress: 2
13.5591 	EXP 	Stim_practice: image = 'TMTstop-A_1_practiceredlinestimulus1.png'
13.6011 	EXP 	Stim_practice: image = 'TMTstop-A_1_practiceredlinestimulus1.png'
13.6425 	EXP 	Stim_practice: image = 'TMTstop-A_1_practiceredlinestimulus1.png'
13.6842 	EXP 	Stim_practice: image = 'TMTstop-A_1_practiceredlinestimulus1.png'
13.7223 	DATA 	Keypress: 2
13.7259 	EXP 	Stim_practice: image = 'TMTstop-A_1_practiceredlinestimulus1.png'
13.7675 	EXP 	Stim_practice: image = 'TMTstop-A_1_practiceredlinestimulus1.png'
13.8092 	EXP 	Stim_practice: image = 'TMTstop-A_1_practiceredlinestimulus1.png'
13.8510 	EXP 	Stim_practice: image = 'TMTstop-A_1_practiceredlinestimulus1.png'
13.8925 	EXP 	Stim_practice: image = 'TMTstop-A_1_practiceredlinestimulus1.png'
13.9341 	EXP 	Stim_practice: image = 'TMTstop-A_1_practiceredlinestimulus1.png'
13.9763 	EXP 	Stim_practice: image = 'TMTstop-A_1_practiceredlinestimulus1.png'
14.0176 	EXP 	Stim_practice: image = 'TMTstop-A_1_practiceredlinestimulus1.png'
14.0592 	EXP 	Stim_practice: image = 'TMTstop-A_1_practiceredlinestimulus1.png'
14.1009 	EXP 	Stim_practice: image = 'TMTstop-A_1_practiceredlinestimulus1.png'
14.1426 	EXP 	Stim_practice: image = 'TMTstop-A_1_practiceredlinestimulus1.png'
14.1842 	EXP 	Stim_practice: image = 'TMTstop-A_1_practiceredlinestimulus1.png'
14.2261 	EXP 	Stim_practice: image = 'TMTstop-A_1_practiceredlinestimulus1.png'
14.2675 	EXP 	Stim_practice: image = 'TMTstop-A_1_practiceredlinestimulus1.png'
14.3093 	EXP 	Stim_practice: image = 'TMTstop-A_1_practiceredlinestimulus1.png'
14.3510 	EXP 	Stim_practice: image = 'TMTstop-A_1_practiceredlinestimulus1.png'
14.3925 	EXP 	Stim_practice: image = 'TMTstop-A_1_practiceredlinestimulus1.png'
14.4342 	EXP 	Stim_practice: image = 'TMTstop-A_1_practiceredlinestimulus1.png'
14.4760 	EXP 	Stim_practice: image = 'TMTstop-A_1_practiceredlinestimulus1.png'
14.5146 	DATA 	Keypress: 1
14.5175 	EXP 	Stim_practice: image = 'TMTstop-A_1_practiceredlinestimulus1.png'
14.5223 	EXP 	New trial (rep=0, index=4): {'NumberLetter': 5, 'corrAns': ['2'], 'StimFile': 'TMTstop-A_1_practicelinestimulus2.png', 'Correct_StimFile': 'TMTstop-A_1_practicegreenlinestimulus2.png', 'False_StimFile': 'TMTstop-A_1_practiceredlinestimulus2.png', 'DurationTrial': 10}
14.5877 	EXP 	Stim_practice: autoDraw = False
14.5877 	EXP 	Stim_practice: image = 'TMTstop-A_1_practicegreenlinestimulus2.png'
14.5877 	EXP 	Stim_practice: image = 'TMTstop-A_1_practicegreenlinestimulus2.png'
14.5877 	EXP 	Stim_practice: autoDraw = True
14.7503 	DATA 	Keypress: 1
15.9723 	DATA 	Keypress: 1
16.0175 	EXP 	Stim_practice: image = 'TMTstop-A_1_practiceredlinestimulus2.png'
16.0594 	EXP 	Stim_practice: image = 'TMTstop-A_1_practiceredlinestimulus2.png'
16.1014 	EXP 	Stim_practice: image = 'TMTstop-A_1_practiceredlinestimulus2.png'
16.1425 	EXP 	Stim_practice: image = 'TMTstop-A_1_practiceredlinestimulus2.png'
16.1841 	EXP 	Stim_practice: image = 'TMTstop-A_1_practiceredlinestimulus2.png'
16.2222 	DATA 	Keypress: 2
16.2224 	DATA 	Keypress: 1
16.2259 	EXP 	Stim_practice: image = 'TMTstop-A_1_practiceredlinestimulus2.png'
16.2307 	EXP 	New trial (rep=0, index=5): {'NumberLetter': 6, 'corrAns': ['3'], 'StimFile': 'TMTstop-A_1_practicelinestimulus3.png', 'Correct_StimFile': 'TMTstop-A_1_practicegreenlinestimulus3.png', 'False_StimFile': 'TMTstop-A_1_practiceredlinestimulus3.png', 'DurationTrial': 10}
16.2957 	EXP 	Stim_practice: autoDraw = False
16.2957 	EXP 	Stim_practice: image = 'TMTstop-A_1_practicegreenlinestimulus3.png'
16.2957 	EXP 	Stim_practice: image = 'TMTstop-A_1_practicegreenlinestimulus3.png'
16.2957 	EXP 	Stim_practice: autoDraw = True
16.4038 	EXP 	New trial (rep=0, index=6): {'NumberLetter': 7, 'corrAns': ['1'], 'StimFile': 'TMTstop-A_1_practicelinestimulus4.png', 'Correct_StimFile': 'TMTstop-A_1_practicegreenlinestimulus4.png', 'False_StimFile': 'TMTstop-A_1_practiceredlinestimulus4.png', 'DurationTrial': 10}
16.4655 	DATA 	Keypress: 3
16.4656 	DATA 	Keypress: 2
16.4694 	EXP 	Stim_practice: autoDraw = False
16.4694 	EXP 	Stim_practice: image = 'TMTstop-A_1_practicegreenlinestimulus4.png'
16.4694 	EXP 	Stim_practice: image = 'TMTstop-A_1_practicegreenlinestimulus4.png'
16.4694 	EXP 	Stim_practice: autoDraw = True
16.5289 	EXP 	New trial (rep=0, index=7): {'NumberLetter': 8, 'corrAns': ['3'], 'StimFile': 'TMTstop-A_1_practicelinestimulus5.png', 'Correct_StimFile': 'TMTstop-A_1_practicegreenlinestimulus5.png', 'False_StimFile': 'TMTstop-A_1_practiceredlinestimulus5.png', 'DurationTrial': 10}
16.5906 	DATA 	Keypress: 1
16.5945 	EXP 	Stim_practice: autoDraw = False
16.5945 	EXP 	Stim_practice: image = 'TMTstop-A_1_practicegreenlinestimulus5.png'
16.5945 	EXP 	Stim_practice: image = 'TMTstop-A_1_practicegreenlinestimulus5.png'
16.5945 	EXP 	Stim_practice: autoDraw = True
16.6046 	DATA 	Keypress: 3
16.6528 	DATA 	Keypress: 2
16.6983 	EXP 	Stim_practice: image = 'TMTstop-A_1_practiceredlinestimulus5.png'
16.7405 	EXP 	Stim_practice: image = 'TMTstop-A_1_practiceredlinestimulus5.png'
16.7777 	DATA 	Keypress: 3
16.7813 	EXP 	Stim_practice: image = 'TMTstop-A_1_practiceredlinestimulus5.png'
16.7862 	EXP 	New trial (rep=0, index=8): {'NumberLetter': 9, 'corrAns': ['2'], 'StimFile': 'TMTstop-A_1_practicelinestimulus6.png', 'Correct_StimFile': 'TMTstop-A_1_practicegreenlinestimulus6.png', 'False_StimFile': 'TMTstop-A_1_practiceredlinestimulus6.png', 'DurationTrial': 10}
16.8474 	DATA 	Keypress: 1
16.8516 	EXP 	Stim_practice: autoDraw = False
16.8516 	EXP 	Stim_practice: image = 'TMTstop-A_1_practicegreenlinestimulus6.png'
16.8516 	EXP 	Stim_practice: image = 'TMTstop-A_1_practicegreenlinestimulus6.png'
16.8516 	EXP 	Stim_practice: autoDraw = True
16.8891 	DATA 	Keypress: 2
16.9656 	DATA 	Keypress: 3
17.2781 	DATA 	Keypress: 1
17.2817 	EXP 	Stim_practice: image = 'TMTstop-A_1_practiceredlinestimulus6.png'
17.3233 	EXP 	Stim_practice: image = 'TMTstop-A_1_practiceredlinestimulus6.png'
17.3650 	EXP 	Stim_practice: image = 'TMTstop-A_1_practiceredlinestimulus6.png'
17.4065 	EXP 	Stim_practice: image = 'TMTstop-A_1_practiceredlinestimulus6.png'
17.4479 	EXP 	Stim_practice: image = 'TMTstop-A_1_practiceredlinestimulus6.png'
17.4863 	DATA 	Keypress: 1
17.4898 	EXP 	Stim_practice: image = 'TMTstop-A_1_practiceredlinestimulus6.png'
17.5314 	EXP 	Stim_practice: image = 'TMTstop-A_1_practiceredlinestimulus6.png'
17.5731 	EXP 	Stim_practice: image = 'TMTstop-A_1_practiceredlinestimulus6.png'
17.6151 	EXP 	Stim_practice: image = 'TMTstop-A_1_practiceredlinestimulus6.png'
17.6527 	DATA 	Keypress: 2
17.6562 	EXP 	Stim_practice: image = 'TMTstop-A_1_practiceredlinestimulus6.png'
17.6612 	EXP 	New trial (rep=0, index=9): {'NumberLetter': 10, 'corrAns': ['3'], 'StimFile': 'TMTstop-A_1_practicelinestimulus7.png', 'Correct_StimFile': 'TMTstop-A_1_practicegreenlinestimulus7.png', 'False_StimFile': 'TMTstop-A_1_practiceredlinestimulus7.png', 'DurationTrial': 10}
17.7264 	EXP 	Stim_practice: autoDraw = False
17.7264 	EXP 	Stim_practice: image = 'TMTstop-A_1_practicegreenlinestimulus7.png'
17.7264 	EXP 	Stim_practice: image = 'TMTstop-A_1_practicegreenlinestimulus7.png'
17.7264 	EXP 	Stim_practice: autoDraw = True
17.8477 	DATA 	Keypress: 2
18.0845 	EXP 	New trial (rep=0, index=10): {'NumberLetter': 11, 'corrAns': ['1'], 'StimFile': 'TMTstop-A_1_practicelinestimulus8.png', 'Correct_StimFile': 'TMTstop-A_1_practicegreenlinestimulus8.png', 'False_StimFile': 'TMTstop-A_1_practiceredlinestimulus8.png', 'DurationTrial': 10}
18.1526 	DATA 	Keypress: 3
18.1567 	EXP 	Stim_practice: autoDraw = False
18.1567 	EXP 	Stim_practice: image = 'TMTstop-A_1_practicegreenlinestimulus8.png'
18.1567 	EXP 	Stim_practice: image = 'TMTstop-A_1_practicegreenlinestimulus8.png'
18.1567 	EXP 	Stim_practice: autoDraw = True
18.2572 	DATA 	Keypress: 3
18.5072 	DATA 	Keypress: 1
18.5140 	EXP 	New trial (rep=0, index=11): {'NumberLetter': 12, 'corrAns': ['2'], 'StimFile': 'TMTstop-A_1_practicelinestimulus9.png', 'Correct_StimFile': 'TMTstop-A_1_practicegreenlinestimulus9.png', 'False_StimFile': 'TMTstop-A_1_practiceredlinestimulus9.png', 'DurationTrial': 10}
18.5806 	EXP 	Stim_practice: autoDraw = False
18.5806 	EXP 	Stim_practice: image = 'TMTstop-A_1_practicegreenlinestimulus9.png'
18.5806 	EXP 	Stim_practice: image = 'TMTstop-A_1_practicegreenlinestimulus9.png'
18.5806 	EXP 	Stim_practice: autoDraw = True
18.7017 	DATA 	Keypress: 1
19.2780 	DATA 	Keypress: 2
19.2848 	EXP 	New trial (rep=0, index=12): {'NumberLetter': None, 'corrAns': None, 'StimFile': 'TMTstop-A_1_practicelinestimulus10.png', 'Correct_StimFile': 'TMTstop-A_1_practicegreenlinestimulus10.png', 'False_StimFile': 'TMTstop-A_1_practiceredlinestimulus10.png', 'DurationTrial': None}
19.3519 	EXP 	Stim_practice: autoDraw = False
19.3519 	EXP 	Stim_practice: image = 'TMTstop-A_1_practicegreenlinestimulus10.png'
19.3519 	EXP 	Stim_practice: image = 'TMTstop-A_1_practicegreenlinestimulus10.png'
19.3519 	EXP 	Stim_practice: autoDraw = True
19.4653 	DATA 	Keypress: 2
20.3492 	EXP 	Stim_practice: autoDraw = False
20.3492 	EXP 	text_5: autoDraw = True
21.3416 	DATA 	Keypress: x
21.3559 	EXP 	text_5: autoDraw = False
21.3559 	EXP 	polygon: autoDraw = True
21.5843 	DATA 	Keypress: x
24.3594 	EXP 	Imported TMTstop-A_1_1.xlsx as conditions, 26 conditions, 6 params
24.3597 	EXP 	Created sequence: sequential, trialTypes=26, nReps=1, seed=None
24.3600 	EXP 	New trial (rep=0, index=0): {'NumberLetter': 1, 'corrAns': ['2'], 'StimFile': 'TMTstop-A_1_1.png', 'Correct_StimFile': 'TMTstop-A_1_1.png', 'False_StimFile': 'TMTstop-A_1_1.png', 'DurationTrial': 10}
24.3998 	EXP 	polygon: autoDraw = False
24.3998 	EXP 	Stim: image = 'TMTstop-A_1_1.png'
24.3998 	EXP 	Stim: autoDraw = True
25.3193 	DATA 	Keypress: 1
25.3228 	EXP 	Stim: image = 'TMTstop-A_1_1.png'
25.3647 	EXP 	Stim: image = 'TMTstop-A_1_1.png'
25.4065 	EXP 	Stim: image = 'TMTstop-A_1_1.png'
25.4479 	EXP 	Stim: image = 'TMTstop-A_1_1.png'
25.4859 	DATA 	Keypress: 2
25.4895 	EXP 	Stim: image = 'TMTstop-A_1_1.png'
25.4949 	EXP 	New trial (rep=0, index=1): {'NumberLetter': 2, 'corrAns': ['1'], 'StimFile': 'TMTstop-A_1_1.png', 'Correct_StimFile': 'TMTstop-A_1_1firstgreen.png', 'False_StimFile': 'TMTstop-A_1_1firstred.png', 'DurationTrial': 10}
25.5623 	DATA 	Keypress: 1
25.5664 	EXP 	Stim: autoDraw = False
25.5664 	EXP 	Stim: image = 'TMTstop-A_1_1firstgreen.png'
25.5664 	EXP 	Stim: image = 'TMTstop-A_1_1firstgreen.png'
25.5664 	EXP 	Stim: autoDraw = True
25.6598 	DATA 	Keypress: 3
25.7055 	EXP 	Stim: image = 'TMTstop-A_1_1firstred.png'
25.7440 	DATA 	Keypress: 2
25.7468 	EXP 	Stim: image = 'TMTstop-A_1_1firstred.png'
25.7882 	EXP 	Stim: image = 'TMTstop-A_1_1firstred.png'
25.8302 	EXP 	Stim: image = 'TMTstop-A_1_1firstred.png'
25.8678 	DATA 	Keypress: 1
25.8715 	EXP 	Stim: image = 'TMTstop-A_1_1firstred.png'
25.8763 	EXP 	New trial (rep=0, index=2): {'NumberLetter': 3, 'corrAns': ['2'], 'StimFile': 'TMTstop-A_1_1linestimulus0.png', 'Correct_StimFile': 'TMTstop-A_1_1greenlinestimulus0.png', 'False_StimFile': 'TMTstop-A_1_1redlinestimulus0.png', 'DurationTrial': 10}
25.9372 	DATA 	Keypress: 3
25.9415 	EXP 	Stim: autoDraw = False
25.9415 	EXP 	Stim: image = 'TMTstop-A_1_1greenlinestimulus0.png'
25.9415 	EXP 	Stim: image = 'TMTstop-A_1_1greenlinestimulus0.png'
25.9415 	EXP 	Stim: autoDraw = True
25.9514 	DATA 	Keypress: 2
25.9586 	EXP 	New trial (rep=0, index=3): {'NumberLetter': 4, 'corrAns': ['3'], 'StimFile': 'TMTstop-A_1_1linestimulus1.png', 'Correct_StimFile': 'TMTstop-A_1_1greenlinestimulus1.png', 'False_StimFile': 'TMTstop-A_1_1redlinestimulus1.png', 'DurationTrial': 10}
26.0247 	EXP 	Stim: autoDraw = False
26.0247 	EXP 	Stim: image = 'TMTstop-A_1_1greenlinestimulus1.png'
26.0247 	EXP 	Stim: image = 'TMTstop-A_1_1greenlinestimulus1.png'
26.0247 	EXP 	Stim: autoDraw = True
26.0774 	EXP 	New trial (rep=0, index=4): {'NumberLetter': 5, 'corrAns': ['2'], 'StimFile': 'TMTstop-A_1_1linestimulus2.png', 'Correct_StimFile': 'TMTstop-A_1_1greenlinestimulus2.png', 'False_StimFile': 'TMTstop-A_1_1redlinestimulus2.png', 'DurationTrial': 10}
26.1389 	DATA 	Keypress: 3
26.1390 	DATA 	Keypress: 1
26.1433 	EXP 	Stim: autoDraw = False
26.1433 	EXP 	Stim: image = 'TMTstop-A_1_1greenlinestimulus2.png'
26.1433 	EXP 	Stim: image = 'TMTstop-A_1_1greenlinestimulus2.png'
26.1433 	EXP 	Stim: autoDraw = True
26.1604 	DATA 	Keypress: 2
26.2293 	DATA 	Keypress: 1
26.2745 	EXP 	Stim: image = 'TMTstop-A_1_1redlinestimulus2.png'
26.3126 	DATA 	Keypress: 3
26.3127 	DATA 	Keypress: 2
26.3162 	EXP 	Stim: image = 'TMTstop-A_1_1redlinestimulus2.png'
26.3200 	EXP 	New trial (rep=0, index=5): {'NumberLetter': 6, 'corrAns': ['3'], 'StimFile': 'TMTstop-A_1_1linestimulus3.png', 'Correct_StimFile': 'TMTstop-A_1_1greenlinestimulus3.png', 'False_StimFile': 'TMTstop-A_1_1redlinestimulus3.png', 'DurationTrial': 10}
26.3858 	EXP 	Stim: autoDraw = False
26.3858 	EXP 	Stim: image = 'TMTstop-A_1_1greenlinestimulus3.png'
26.3858 	EXP 	Stim: image = 'TMTstop-A_1_1greenlinestimulus3.png'
26.3858 	EXP 	Stim: autoDraw = True
26.4386 	DATA 	Keypress: 3
26.4436 	EXP 	New trial (rep=0, index=6): {'NumberLetter': 7, 'corrAns': ['2'], 'StimFile': 'TMTstop-A_1_1linestimulus4.png', 'Correct_StimFile': 'TMTstop-A_1_1greenlinestimulus4.png', 'False_StimFile': 'TMTstop-A_1_1redlinestimulus4.png', 'DurationTrial': 10}
26.5069 	DATA 	Keypress: 1
26.5108 	EXP 	Stim: autoDraw = False
26.5108 	EXP 	Stim: image = 'TMTstop-A_1_1greenlinestimulus4.png'
26.5108 	EXP 	Stim: image = 'TMTstop-A_1_1greenlinestimulus4.png'
26.5108 	EXP 	Stim: autoDraw = True
26.5483 	DATA 	Keypress: 2
26.5770 	DATA 	Keypress: 1
26.6215 	EXP 	Stim: image = 'TMTstop-A_1_1redlinestimulus4.png'
26.6595 	DATA 	Keypress: 3
26.6631 	EXP 	Stim: image = 'TMTstop-A_1_1redlinestimulus4.png'
26.7012 	DATA 	Keypress: 2
26.7048 	EXP 	Stim: image = 'TMTstop-A_1_1redlinestimulus4.png'
26.7085 	EXP 	New trial (rep=0, index=7): {'NumberLetter': 8, 'corrAns': ['1'], 'StimFile': 'TMTstop-A_1_1linestimulus5.png', 'Correct_StimFile': 'TMTstop-A_1_1greenlinestimulus5.png', 'False_StimFile': 'TMTstop-A_1_1redlinestimulus5.png', 'DurationTrial': 10}
26.7747 	EXP 	Stim: autoDraw = False
26.7747 	EXP 	Stim: image = 'TMTstop-A_1_1greenlinestimulus5.png'
26.7747 	EXP 	Stim: image = 'TMTstop-A_1_1greenlinestimulus5.png'
26.7747 	EXP 	Stim: autoDraw = True
26.7986 	DATA 	Keypress: 3
26.8403 	DATA 	Keypress: 1
26.8439 	EXP 	Stim: image = 'TMTstop-A_1_1redlinestimulus5.png'
26.8854 	EXP 	Stim: image = 'TMTstop-A_1_1redlinestimulus5.png'
26.9237 	DATA 	Keypress: 2
26.9273 	EXP 	Stim: image = 'TMTstop-A_1_1redlinestimulus5.png'
26.9650 	DATA 	Keypress: 1
26.9691 	EXP 	Stim: image = 'TMTstop-A_1_1redlinestimulus5.png'
26.9734 	EXP 	New trial (rep=0, index=8): {'NumberLetter': 9, 'corrAns': ['2'], 'StimFile': 'TMTstop-A_1_1linestimulus6.png', 'Correct_StimFile': 'TMTstop-A_1_1greenlinestimulus6.png', 'False_StimFile': 'TMTstop-A_1_1redlinestimulus6.png', 'DurationTrial': 10}
27.0345 	DATA 	Keypress: 3
27.0385 	EXP 	Stim: autoDraw = False
27.0385 	EXP 	Stim: image = 'TMTstop-A_1_1greenlinestimulus6.png'
27.0385 	EXP 	Stim: image = 'TMTstop-A_1_1greenlinestimulus6.png'
27.0385 	EXP 	Stim: autoDraw = True
27.0555 	EXP 	New trial (rep=0, index=9): {'NumberLetter': 10, 'corrAns': ['1'], 'StimFile': 'TMTstop-A_1_1linestimulus7.png', 'Correct_StimFile': 'TMTstop-A_1_1greenlinestimulus7.png', 'False_StimFile': 'TMTstop-A_1_1redlinestimulus7.png', 'DurationTrial': 10}
27.1180 	DATA 	Keypress: 2
27.1219 	EXP 	Stim: autoDraw = False
27.1219 	EXP 	Stim: image = 'TMTstop-A_1_1greenlinestimulus7.png'
27.1219 	EXP 	Stim: image = 'TMTstop-A_1_1greenlinestimulus7.png'
27.1219 	EXP 	Stim: autoDraw = True
27.1319 	DATA 	Keypress: 3
27.1736 	DATA 	Keypress: 1
27.1771 	EXP 	Stim: image = 'TMTstop-A_1_1redlinestimulus7.png'
27.2192 	EXP 	Stim: image = 'TMTstop-A_1_1redlinestimulus7.png'
27.2566 	DATA 	Keypress: 2
27.2602 	EXP 	Stim: image = 'TMTstop-A_1_1redlinestimulus7.png'
27.3021 	EXP 	Stim: image = 'TMTstop-A_1_1redlinestimulus7.png'
27.3401 	DATA 	Keypress: 3
27.3438 	EXP 	Stim: image = 'TMTstop-A_1_1redlinestimulus7.png'
27.3853 	EXP 	Stim: image = 'TMTstop-A_1_1redlinestimulus7.png'
27.4268 	EXP 	Stim: image = 'TMTstop-A_1_1redlinestimulus7.png'
27.4689 	EXP 	Stim: image = 'TMTstop-A_1_1redlinestimulus7.png'
27.5099 	EXP 	Stim: image = 'TMTstop-A_1_1redlinestimulus7.png'
27.5519 	EXP 	Stim: image = 'TMTstop-A_1_1redlinestimulus7.png'
27.5937 	EXP 	Stim: image = 'TMTstop-A_1_1redlinestimulus7.png'
27.6354 	EXP 	Stim: image = 'TMTstop-A_1_1redlinestimulus7.png'
27.6771 	EXP 	Stim: image = 'TMTstop-A_1_1redlinestimulus7.png'
27.7149 	DATA 	Keypress: esc
27.7185 	EXP 	Stim: image = 'TMTstop-A_1_1redlinestimulus7.png'
27.7603 	EXP 	Stim: image = 'TMTstop-A_1_1redlinestimulus7.png'
27.8021 	EXP 	Stim: image = 'TMTstop-A_1_1redlinestimulus7.png'
27.8437 	EXP 	Stim: image = 'TMTstop-A_1_1redlinestimulus7.png'
27.8982 	EXP 	window1: mouseVisible = True
