1.8316 	WARNING 	We strongly recommend you activate the PTB sound engine in PsychoPy prefs as the preferred audio engine. Its timing is vastly superior. Your prefs are currently set to use ['pyo'] (in that order).
6.0105 	EXP 	Created window1 = Window(allowGUI=False, allowStencil=False, autoLog=True, backendConf=UNKNOWN, bitsMode=UNKNOWN, blendMode='avg', bpc=(8, 8, 8), color=array([0, 0, 0]), colorSpace='rgb', depthBits=8, fullscr=<method-wrapper '__getattribute__' of attributeSetter object at 0x0000028B9AA8D9E8>, gamma=None, gammaErrorPolicy='raise', lms=UNKNOWN, monitor=<psychopy.monitors.calibTools.Monitor object at 0x0000028B9AA74CC0>, multiSample=False, name='window1', numSamples=2, pos=[0.0, 0.0], screen=0, size=array([3440, 1440]), stencilBits=0, stereo=False, units='height', useFBO=True, useRetina=False, viewOri=0.0, viewPos=None, viewScale=None, waitBlanking=True, winType='pyglet')
6.0108 	EXP 	window1: mouseVisible = True
6.0108 	EXP 	window1: recordFrameIntervals = False
6.1771 	EXP 	window1: recordFrameIntervals = True
6.3604 	EXP 	window1: recordFrameIntervals = False
6.6339 	EXP 	Created Instruct = ImageStim(__class__=<class 'psychopy.visual.image.ImageStim'>, autoLog=True, color=array([1., 1., 1.]), colorSpace='rgb', contrast=1.0, depth=0.0, flipHoriz=False, flipVert=False, image='InkedInstructBfinal_LI.jpg', interpolate=True, mask=None, maskParams=None, name='Instruct', opacity=1, ori=0.0, pos=array([0., 0.]), size=array([0.8, 0.8]), texRes=128.0, units='height', win=Window(...))
6.6946 	EXP 	Created text_2 = TextStim(__class__=<class 'psychopy.visual.text.TextStim'>, alignHoriz=method-wrapper(...), alignText='center', alignVert=method-wrapper(...), anchorHoriz='center', anchorVert='center', antialias=True, autoLog=True, bold=False, color=array([1., 1., 1.]), colorSpace='rgb', contrast=1.0, depth=-2.0, flipHoriz=False, flipVert=False, font='Open Sans', fontFiles=[], height=0.04, italic=False, languageStyle='LTR', name='text_2', opacity=1, ori=0.5, pos=array([ 0.  , -0.45]), rgb=UNKNOWN, text=str(...), units='height', win=Window(...), wrapWidth=2.0)
6.6983 	EXP 	Created Stim = ImageStim(__class__=<class 'psychopy.visual.image.ImageStim'>, autoLog=True, color=array([1., 1., 1.]), colorSpace='rgb', contrast=1.0, depth=0.0, flipHoriz=False, flipVert=False, image='sin', interpolate=True, mask=None, maskParams=None, name='Stim', opacity=1, ori=0.0, pos=array([0., 0.]), size=array([1.777, 1.   ]), texRes=128.0, units='height', win=Window(...))
6.7176 	EXP 	Created text_3 = TextStim(__class__=<class 'psychopy.visual.text.TextStim'>, alignHoriz=method-wrapper(...), alignText='center', alignVert=method-wrapper(...), anchorHoriz='center', anchorVert='center', antialias=True, autoLog=True, bold=False, color=array([1., 1., 1.]), colorSpace='rgb', contrast=1.0, depth=0.0, flipHoriz=False, flipVert=False, font='Open Sans', fontFiles=[], height=0.1, italic=False, languageStyle='LTR', name='text_3', opacity=1, ori=0.0, pos=array([0., 0.]), rgb=UNKNOWN, text=str(...), units='height', win=Window(...), wrapWidth=1)
6.7452 	EXP 	Created Instruct = ImageStim(__class__=<class 'psychopy.visual.image.ImageStim'>, autoLog=True, color=array([1., 1., 1.]), colorSpace='rgb', contrast=1.0, depth=0.0, flipHoriz=False, flipVert=False, image='InkedInstructBfinal_LI.jpg', interpolate=True, mask=None, maskParams=None, name='Instruct', opacity=1, ori=0.0, pos=array([0., 0.]), size=array([0.8, 0.8]), texRes=128.0, units='height', win=Window(...))
6.7492 	EXP 	Created text_2 = TextStim(__class__=<class 'psychopy.visual.text.TextStim'>, alignHoriz=method-wrapper(...), alignText='center', alignVert=method-wrapper(...), anchorHoriz='center', anchorVert='center', antialias=True, autoLog=True, bold=False, color=array([1., 1., 1.]), colorSpace='rgb', contrast=1.0, depth=-2.0, flipHoriz=False, flipVert=False, font='Open Sans', fontFiles=[], height=0.04, italic=False, languageStyle='LTR', name='text_2', opacity=1, ori=0.5, pos=array([ 0.  , -0.45]), rgb=UNKNOWN, text=str(...), units='height', win=Window(...), wrapWidth=2.0)
6.7596 	EXP 	Created Stim = ImageStim(__class__=<class 'psychopy.visual.image.ImageStim'>, autoLog=True, color=array([1., 1., 1.]), colorSpace='rgb', contrast=1.0, depth=0.0, flipHoriz=False, flipVert=False, image='sin', interpolate=True, mask=None, maskParams=None, name='Stim', opacity=1, ori=0.0, pos=array([0., 0.]), size=array([1.777, 1.   ]), texRes=128.0, units='height', win=Window(...))
6.7678 	EXP 	Created text = TextStim(__class__=<class 'psychopy.visual.text.TextStim'>, alignHoriz=method-wrapper(...), alignText='center', alignVert=method-wrapper(...), anchorHoriz='center', anchorVert='center', antialias=True, autoLog=True, bold=False, color=array([1., 1., 1.]), colorSpace='rgb', contrast=1.0, depth=0.0, flipHoriz=False, flipVert=False, font='Open Sans', fontFiles=[], height=0.1, italic=False, languageStyle='LTR', name='text', opacity=1, ori=0.0, pos=array([0., 0.]), rgb=UNKNOWN, text='Thank you!\n\nYou have finished the task!', units='height', win=Window(...), wrapWidth=1)
6.8109 	EXP 	Instruct: autoDraw = True
6.8109 	EXP 	text_2: autoDraw = True
7.4697 	EXP 	Imported TMTA-1.xlsx as conditions, 12 conditions, 5 params
7.4700 	EXP 	Created sequence: sequential, trialTypes=12, nReps=1, seed=None
7.4702 	EXP 	New trial (rep=0, index=0): {'NumberLetter': 1, 'corrAns': 2, 'StimFile': 'TMT-control.jpg', 'Correct_StimFile': 'TMT-control.jpg', 'False_StimFile': 'TMT-control.jpg'}
7.5820 	DATA 	Keypress: 3
7.5947 	EXP 	Instruct: autoDraw = False
7.5947 	EXP 	text_2: autoDraw = False
7.5947 	EXP 	Stim: image = 'TMT-control.jpg'
7.5947 	EXP 	Stim: image = 'TMT-control.jpg'
7.5947 	EXP 	Stim: autoDraw = True
8.5646 	EXP 	New trial (rep=0, index=1): {'NumberLetter': 'A', 'corrAns': 3, 'StimFile': 'TMT-control.jpg', 'Correct_StimFile': 'TMT-control.jpg', 'False_StimFile': 'TMT-control.jpg'}
8.6069 	DATA 	Keypress: 2
8.6280 	EXP 	Stim: autoDraw = False
8.6280 	EXP 	Stim: image = 'TMT-control.jpg'
8.6280 	EXP 	Stim: image = 'TMT-control.jpg'
8.6280 	EXP 	Stim: autoDraw = True
9.2644 	DATA 	Keypress: 3
9.2814 	EXP 	New trial (rep=0, index=2): {'NumberLetter': 2, 'corrAns': 1, 'StimFile': 'TMT-control_linestimulus0.png', 'Correct_StimFile': 'TMT-control_greenlinestimulus0.png', 'False_StimFile': 'TMT-control_redlinestimulus0.png'}
9.3617 	EXP 	Stim: autoDraw = False
9.3617 	EXP 	Stim: image = 'TMT-control_greenlinestimulus0.png'
9.3617 	EXP 	Stim: image = 'TMT-control_redlinestimulus0.png'
9.3617 	EXP 	Stim: autoDraw = True
10.6823 	EXP 	New trial (rep=0, index=3): {'NumberLetter': 'B', 'corrAns': 2, 'StimFile': 'TMT-control_linestimulus1.png', 'Correct_StimFile': 'TMT-control_greenlinestimulus1.png', 'False_StimFile': 'TMT-control_redlinestimulus1.png'}
10.7381 	DATA 	Keypress: 1
10.7622 	EXP 	Stim: autoDraw = False
10.7622 	EXP 	Stim: image = 'TMT-control_greenlinestimulus1.png'
10.7622 	EXP 	Stim: image = 'TMT-control_redlinestimulus1.png'
10.7622 	EXP 	Stim: autoDraw = True
11.5829 	EXP 	New trial (rep=0, index=4): {'NumberLetter': 3, 'corrAns': 3, 'StimFile': 'TMT-control_linestimulus2.png', 'Correct_StimFile': 'TMT-control_greenlinestimulus2.png', 'False_StimFile': 'TMT-control_redlinestimulus2.png'}
11.6371 	DATA 	Keypress: 2
11.6628 	EXP 	Stim: autoDraw = False
11.6628 	EXP 	Stim: image = 'TMT-control_greenlinestimulus2.png'
11.6628 	EXP 	Stim: image = 'TMT-control_redlinestimulus2.png'
11.6628 	EXP 	Stim: autoDraw = True
12.2161 	EXP 	New trial (rep=0, index=5): {'NumberLetter': 'C', 'corrAns': 2, 'StimFile': 'TMT-control_linestimulus3.png', 'Correct_StimFile': 'TMT-control_greenlinestimulus3.png', 'False_StimFile': 'TMT-control_redlinestimulus3.png'}
12.2706 	DATA 	Keypress: 3
12.2963 	EXP 	Stim: autoDraw = False
12.2963 	EXP 	Stim: image = 'TMT-control_greenlinestimulus3.png'
12.2963 	EXP 	Stim: image = 'TMT-control_redlinestimulus3.png'
12.2963 	EXP 	Stim: autoDraw = True
12.6828 	EXP 	New trial (rep=0, index=6): {'NumberLetter': 4, 'corrAns': 1, 'StimFile': 'TMT-control_linestimulus4.png', 'Correct_StimFile': 'TMT-control_greenlinestimulus4.png', 'False_StimFile': 'TMT-control_redlinestimulus4.png'}
12.7382 	DATA 	Keypress: 3
12.7632 	EXP 	Stim: autoDraw = False
12.7632 	EXP 	Stim: image = 'TMT-control_greenlinestimulus4.png'
12.7632 	EXP 	Stim: image = 'TMT-control_redlinestimulus4.png'
12.7632 	EXP 	Stim: autoDraw = True
12.7830 	EXP 	New trial (rep=0, index=7): {'NumberLetter': 'D', 'corrAns': 3, 'StimFile': 'TMT-control_linestimulus5.png', 'Correct_StimFile': 'TMT-control_greenlinestimulus5.png', 'False_StimFile': 'TMT-control_redlinestimulus5.png'}
12.8390 	DATA 	Keypress: 1
12.8633 	EXP 	Stim: autoDraw = False
12.8633 	EXP 	Stim: image = 'TMT-control_greenlinestimulus5.png'
12.8633 	EXP 	Stim: image = 'TMT-control_redlinestimulus5.png'
12.8633 	EXP 	Stim: autoDraw = True
12.9830 	EXP 	New trial (rep=0, index=8): {'NumberLetter': 5, 'corrAns': 1, 'StimFile': 'TMT-control_linestimulus6.png', 'Correct_StimFile': 'TMT-control_greenlinestimulus6.png', 'False_StimFile': 'TMT-control_redlinestimulus6.png'}
13.0391 	DATA 	Keypress: 2
13.0633 	EXP 	Stim: autoDraw = False
13.0633 	EXP 	Stim: image = 'TMT-control_greenlinestimulus6.png'
13.0633 	EXP 	Stim: image = 'TMT-control_redlinestimulus6.png'
13.0633 	EXP 	Stim: autoDraw = True
13.3997 	EXP 	New trial (rep=0, index=9): {'NumberLetter': 'E', 'corrAns': 2, 'StimFile': 'TMT-control_linestimulus7.png', 'Correct_StimFile': 'TMT-control_greenlinestimulus7.png', 'False_StimFile': 'TMT-control_redlinestimulus7.png'}
13.4569 	DATA 	Keypress: 2
13.4803 	EXP 	Stim: autoDraw = False
13.4803 	EXP 	Stim: image = 'TMT-control_greenlinestimulus7.png'
13.4803 	EXP 	Stim: image = 'TMT-control_redlinestimulus7.png'
13.4803 	EXP 	Stim: autoDraw = True
13.5996 	EXP 	New trial (rep=0, index=10): {'NumberLetter': 6, 'corrAns': 1, 'StimFile': 'TMT-control_linestimulus8.png', 'Correct_StimFile': 'TMT-control_greenlinestimulus8.png', 'False_StimFile': 'TMT-control_redlinestimulus8.png'}
13.6576 	DATA 	Keypress: 3
13.6578 	DATA 	Keypress: 1
13.6803 	EXP 	Stim: autoDraw = False
13.6803 	EXP 	Stim: image = 'TMT-control_greenlinestimulus8.png'
13.6803 	EXP 	Stim: image = 'TMT-control_redlinestimulus8.png'
13.6803 	EXP 	Stim: autoDraw = True
13.6831 	EXP 	New trial (rep=0, index=11): {'NumberLetter': 'F', 'corrAns': 2, 'StimFile': 'TMT-control_linestimulus9.png', 'Correct_StimFile': 'TMT-control_greenlinestimulus9.png', 'False_StimFile': 'TMT-control_redlinestimulus9.png'}
13.7637 	EXP 	Stim: autoDraw = False
13.7637 	EXP 	Stim: image = 'TMT-control_greenlinestimulus9.png'
13.7637 	EXP 	Stim: image = 'TMT-control_redlinestimulus9.png'
13.7637 	EXP 	Stim: autoDraw = True
13.8025 	DATA 	Keypress: 2
13.8138 	EXP 	Stim: autoDraw = False
13.8138 	EXP 	text_3: autoDraw = True
13.9517 	DATA 	Keypress: 3
13.9638 	EXP 	text_3: autoDraw = False
13.9638 	EXP 	Instruct: autoDraw = True
13.9638 	EXP 	text_2: autoDraw = True
14.1060 	EXP 	Imported TMTB-1.xlsx as conditions, 25 conditions, 3 params
14.1063 	EXP 	Created sequence: sequential, trialTypes=25, nReps=1, seed=None
14.1065 	EXP 	New trial (rep=0, index=0): {'NumberLetter': 1, 'corrAns': 3, 'StimFile': 'TMTBD1.bmp'}
14.1672 	DATA 	Keypress: 1
14.1805 	EXP 	Instruct: autoDraw = False
14.1805 	EXP 	text_2: autoDraw = False
14.1805 	EXP 	Stim: image = 'TMT-control_greenlinestimulus9.png'
14.1805 	EXP 	Stim: image = 'TMT-control_redlinestimulus9.png'
14.1805 	EXP 	Stim: autoDraw = True
17.0852 	DATA 	Keypress: escape
17.3827 	EXP 	window1: mouseVisible = True
