2.8723 	WARNING 	We strongly recommend you activate the PTB sound engine in PsychoPy prefs as the preferred audio engine. Its timing is vastly superior. Your prefs are currently set to use ['pyo'] (in that order).
8.1252 	WARNING 	The specified video mode is not supported by this display, using native mode ...
8.1253 	WARNING 	Overriding user video settings: size (3440, 1440) -> (1920, 1080), bpc (8, 8, 8) -> (8, 8, 8), refreshHz 60 -> 144
9.7715 	EXP 	Created window1 = Window(allowGUI=False, allowStencil=False, autoLog=True, backendConf=UNKNOWN, bitsMode=UNKNOWN, blendMode='avg', bpc=(8, 8, 8), color=array([1, 1, 1]), colorSpace='rgb', depthBits=8, fullscr=<method-wrapper '__getattribute__' of attributeSetter object at 0x00000221CBC584A8>, gamma=None, gammaErrorPolicy='raise', lms=UNKNOWN, monitor=<psychopy.monitors.calibTools.Monitor object at 0x00000221CBCEE780>, multiSample=False, name='window1', numSamples=2, pos=None, screen=0, size=array([1920, 1080]), stencilBits=0, stereo=False, units='height', useFBO=True, useRetina=False, viewOri=0.0, viewPos=None, viewScale=None, waitBlanking=True, winType='glfw')
9.7719 	EXP 	window1: mouseVisible = True
9.7719 	EXP 	window1: recordFrameIntervals = False
9.8412 	EXP 	window1: recordFrameIntervals = True
9.9168 	EXP 	window1: recordFrameIntervals = False
10.3936 	EXP 	Created image_2 = ImageStim(__class__=<class 'psychopy.visual.image.ImageStim'>, autoLog=True, color=array([1., 1., 1.]), colorSpace='rgb', contrast=1.0, depth=0.0, flipHoriz=False, flipVert=False, image='Instruktioner TMTstopA.png', interpolate=True, mask=None, maskParams=None, name='image_2', opacity=1, ori=0.0, pos=array([0., 0.]), size=array([1.28, 0.72]), texRes=128.0, units='height', win=Window(...))
10.3993 	EXP 	Created polygon = ShapeStim(__class__=<class 'psychopy.visual.shape.ShapeStim'>, autoDraw=False, autoLog=True, closeShape=True, color=method-wrapper(...), colorSpace='rgb', contrast=None, depth=0.0, fillColor=array([-1, -1, -1]), fillColorSpace='rgb', fillRGB=array([-1, -1, -1]), interpolate=True, lineColor=array([0., 0., 0.]), lineColorSpace='rgb', lineRGB=array([0, 0, 0]), lineWidth=0.1, name='polygon', opacity=0.5, ori=0.0, pos=array([0., 0.]), size=array([0.1, 0.1]), units='height', vertices=ndarray(...), win=Window(...), windingRule=None)
10.4061 	EXP 	Created Stim = ImageStim(__class__=<class 'psychopy.visual.image.ImageStim'>, autoLog=True, color=array([1., 1., 1.]), colorSpace='rgb', contrast=1.0, depth=0.0, flipHoriz=False, flipVert=False, image='sin', interpolate=True, mask=None, maskParams=None, name='Stim', opacity=1, ori=0.0, pos=array([0., 0.]), size=array([1.777, 1.   ]), texRes=128.0, units='height', win=Window(...))
10.5818 	EXP 	Created image_3 = ImageStim(__class__=<class 'psychopy.visual.image.ImageStim'>, autoLog=True, color=array([1., 1., 1.]), colorSpace='rgb', contrast=1.0, depth=0.0, flipHoriz=False, flipVert=False, image='Instruktioner TMTstopA.png', interpolate=True, mask=None, maskParams=None, name='image_3', opacity=1, ori=0.0, pos=array([0., 0.]), size=array([1.28, 0.72]), texRes=128.0, units='height', win=Window(...))
10.5851 	EXP 	Created polygon = ShapeStim(__class__=<class 'psychopy.visual.shape.ShapeStim'>, autoDraw=False, autoLog=True, closeShape=True, color=method-wrapper(...), colorSpace='rgb', contrast=None, depth=0.0, fillColor=array([-1, -1, -1]), fillColorSpace='rgb', fillRGB=array([-1, -1, -1]), interpolate=True, lineColor=array([0., 0., 0.]), lineColorSpace='rgb', lineRGB=array([0, 0, 0]), lineWidth=0.1, name='polygon', opacity=0.5, ori=0.0, pos=array([0., 0.]), size=array([0.1, 0.1]), units='height', vertices=ndarray(...), win=Window(...), windingRule=None)
10.5923 	EXP 	Created Stim = ImageStim(__class__=<class 'psychopy.visual.image.ImageStim'>, autoLog=True, color=array([1., 1., 1.]), colorSpace='rgb', contrast=1.0, depth=0.0, flipHoriz=False, flipVert=False, image='sin', interpolate=True, mask=None, maskParams=None, name='Stim', opacity=1, ori=0.0, pos=array([0., 0.]), size=array([1.777, 1.   ]), texRes=128.0, units='height', win=Window(...))
10.7599 	EXP 	Created image_4 = ImageStim(__class__=<class 'psychopy.visual.image.ImageStim'>, autoLog=True, color=array([1., 1., 1.]), colorSpace='rgb', contrast=1.0, depth=0.0, flipHoriz=False, flipVert=False, image='Instruktioner TMTstopB.png', interpolate=True, mask=None, maskParams=None, name='image_4', opacity=1, ori=0.0, pos=array([0., 0.]), size=array([1.28, 0.72]), texRes=128.0, units='height', win=Window(...))
10.7632 	EXP 	Created polygon = ShapeStim(__class__=<class 'psychopy.visual.shape.ShapeStim'>, autoDraw=False, autoLog=True, closeShape=True, color=method-wrapper(...), colorSpace='rgb', contrast=None, depth=0.0, fillColor=array([-1, -1, -1]), fillColorSpace='rgb', fillRGB=array([-1, -1, -1]), interpolate=True, lineColor=array([0., 0., 0.]), lineColorSpace='rgb', lineRGB=array([0, 0, 0]), lineWidth=0.1, name='polygon', opacity=0.5, ori=0.0, pos=array([0., 0.]), size=array([0.1, 0.1]), units='height', vertices=ndarray(...), win=Window(...), windingRule=None)
10.7704 	EXP 	Created Stim = ImageStim(__class__=<class 'psychopy.visual.image.ImageStim'>, autoLog=True, color=array([1., 1., 1.]), colorSpace='rgb', contrast=1.0, depth=0.0, flipHoriz=False, flipVert=False, image='sin', interpolate=True, mask=None, maskParams=None, name='Stim', opacity=1, ori=0.0, pos=array([0., 0.]), size=array([1.777, 1.   ]), texRes=128.0, units='height', win=Window(...))
10.9746 	EXP 	Created text = TextStim(__class__=<class 'psychopy.visual.text.TextStim'>, alignHoriz=method-wrapper(...), alignText='center', alignVert=method-wrapper(...), anchorHoriz='center', anchorVert='center', antialias=True, autoLog=True, bold=False, color=array([-1., -1., -1.]), colorSpace='rgb', contrast=1.0, depth=0.0, flipHoriz=False, flipVert=False, font='Open Sans', fontFiles=[], height=0.04, italic=False, languageStyle='LTR', name='text', opacity=1, ori=0.0, pos=array([0., 0.]), rgb=UNKNOWN, text=str(...), units='height', win=Window(...), wrapWidth=1)
11.0416 	EXP 	image_2: autoDraw = True
25.9422 	DATA 	Keypress: 1
25.9479 	EXP 	image_2: autoDraw = False
25.9479 	EXP 	polygon: autoDraw = True
26.0737 	DATA 	Keypress: 1
28.9611 	EXP 	Imported TMTstop-control_1_practice.xlsx as conditions, 26 conditions, 7 params
28.9617 	EXP 	Created sequence: sequential, trialTypes=26, nReps=1, seed=None
28.9620 	EXP 	New trial (rep=0, index=0): {'NumberLetter': 1, 'corrAns': ['2'], 'Correct': 2, 'StimFile': 'TMTstop-control_1_p.png', 'Correct_StimFile': 'TMTstop-control_1_p.png', 'False_StimFile': 'TMTstop-control_1_p.png', 'DurationTrial': 10}
28.9625 	WARNING 	Requested image 'TMTstop-control_1_p.png' not found but similar filename 'TMTstop-control_1_p.jpg' exists. This will be used instead but changing the filename is advised.
29.0454 	EXP 	polygon: autoDraw = False
29.0454 	EXP 	Stim: image = 'TMTstop-control_1_p.png'
29.0454 	EXP 	Stim: autoDraw = True
31.3451 	DATA 	Keypress: 2
31.3546 	EXP 	New trial (rep=0, index=1): {'NumberLetter': 2, 'corrAns': ['1'], 'Correct': 1, 'StimFile': 'TMTstop-control_1_p.png', 'Correct_StimFile': 'TMTstop-control_1_pfirstgreen.png', 'False_StimFile': 'TMTstop-control_1_pfirstred.png', 'DurationTrial': 10}
31.4928 	EXP 	Stim: autoDraw = False
31.4928 	EXP 	Stim: image = 'TMTstop-control_1_pfirstgreen.png'
31.4928 	EXP 	Stim: image = 'TMTstop-control_1_pfirstgreen.png'
31.4928 	EXP 	Stim: autoDraw = True
31.4974 	DATA 	Keypress: 2
32.1763 	EXP 	New trial (rep=0, index=2): {'NumberLetter': 3, 'corrAns': ['3'], 'Correct': 3, 'StimFile': 'TMTstop-control_1_plinestimulus0.png', 'Correct_StimFile': 'TMTstop-control_1_pgreenlinestimulus0.png', 'False_StimFile': 'TMTstop-control_1_predlinestimulus0.png', 'DurationTrial': 10}
32.2616 	DATA 	Keypress: 1
32.2676 	EXP 	Stim: autoDraw = False
32.2676 	EXP 	Stim: image = 'TMTstop-control_1_pgreenlinestimulus0.png'
32.2676 	EXP 	Stim: image = 'TMTstop-control_1_pgreenlinestimulus0.png'
32.2676 	EXP 	Stim: autoDraw = True
32.3633 	DATA 	Keypress: 1
32.9051 	EXP 	New trial (rep=0, index=3): {'NumberLetter': 4, 'corrAns': ['1'], 'Correct': 1, 'StimFile': 'TMTstop-control_1_plinestimulus1.png', 'Correct_StimFile': 'TMTstop-control_1_pgreenlinestimulus1.png', 'False_StimFile': 'TMTstop-control_1_predlinestimulus1.png', 'DurationTrial': 10}
33.0076 	DATA 	Keypress: 3
33.0124 	EXP 	Stim: autoDraw = False
33.0124 	EXP 	Stim: image = 'TMTstop-control_1_pgreenlinestimulus1.png'
33.0124 	EXP 	Stim: image = 'TMTstop-control_1_pgreenlinestimulus1.png'
33.0124 	EXP 	Stim: autoDraw = True
33.0874 	DATA 	Keypress: 3
33.4472 	EXP 	New trial (rep=0, index=4): {'NumberLetter': 5, 'corrAns': ['3'], 'Correct': 3, 'StimFile': 'TMTstop-control_1_plinestimulus2.png', 'Correct_StimFile': 'TMTstop-control_1_pgreenlinestimulus2.png', 'False_StimFile': 'TMTstop-control_1_predlinestimulus2.png', 'DurationTrial': 10}
33.5414 	DATA 	Keypress: 1
33.5481 	EXP 	Stim: autoDraw = False
33.5481 	EXP 	Stim: image = 'TMTstop-control_1_pgreenlinestimulus2.png'
33.5481 	EXP 	Stim: image = 'TMTstop-control_1_pgreenlinestimulus2.png'
33.5481 	EXP 	Stim: autoDraw = True
33.6575 	DATA 	Keypress: 1
33.8744 	EXP 	New trial (rep=0, index=5): {'NumberLetter': 6, 'corrAns': ['1'], 'Correct': 1, 'StimFile': 'TMTstop-control_1_plinestimulus3.png', 'Correct_StimFile': 'TMTstop-control_1_pgreenlinestimulus3.png', 'False_StimFile': 'TMTstop-control_1_predlinestimulus3.png', 'DurationTrial': 10}
33.9855 	DATA 	Keypress: 3
33.9923 	EXP 	Stim: autoDraw = False
33.9923 	EXP 	Stim: image = 'TMTstop-control_1_pgreenlinestimulus3.png'
33.9923 	EXP 	Stim: image = 'TMTstop-control_1_pgreenlinestimulus3.png'
33.9923 	EXP 	Stim: autoDraw = True
34.0335 	DATA 	Keypress: 3
34.3373 	DATA 	Keypress: 1
34.3471 	EXP 	New trial (rep=0, index=6): {'NumberLetter': 7, 'corrAns': ['3'], 'Correct': 3, 'StimFile': 'TMTstop-control_1_plinestimulus4.png', 'Correct_StimFile': 'TMTstop-control_1_pgreenlinestimulus4.png', 'False_StimFile': 'TMTstop-control_1_predlinestimulus4.png', 'DurationTrial': 10}
34.4451 	EXP 	Stim: autoDraw = False
34.4451 	EXP 	Stim: image = 'TMTstop-control_1_pgreenlinestimulus4.png'
34.4451 	EXP 	Stim: image = 'TMTstop-control_1_pgreenlinestimulus4.png'
34.4451 	EXP 	Stim: autoDraw = True
34.5384 	DATA 	Keypress: 1
34.7879 	EXP 	New trial (rep=0, index=7): {'NumberLetter': 8, 'corrAns': ['1'], 'Correct': 1, 'StimFile': 'TMTstop-control_1_plinestimulus4.png', 'Correct_StimFile': 'TMTstop-control_1_pgreenlinestimulus5.png', 'False_StimFile': 'TMTstop-control_1_predlinestimulus5.png', 'DurationTrial': 10}
34.8872 	DATA 	Keypress: 3
34.8926 	EXP 	Stim: autoDraw = False
34.8926 	EXP 	Stim: image = 'TMTstop-control_1_pgreenlinestimulus5.png'
34.8926 	EXP 	Stim: image = 'TMTstop-control_1_pgreenlinestimulus5.png'
34.8926 	EXP 	Stim: autoDraw = True
34.9693 	DATA 	Keypress: 3
35.2051 	DATA 	Keypress: 1
35.2146 	EXP 	New trial (rep=0, index=8): {'NumberLetter': 9, 'corrAns': ['2'], 'Correct': 2, 'StimFile': 'TMTstop-control_1_plinestimulus6.png', 'Correct_StimFile': 'TMTstop-control_1_pgreenlinestimulus6.png', 'False_StimFile': 'TMTstop-control_1_predlinestimulus6.png', 'DurationTrial': 10}
35.3123 	EXP 	Stim: autoDraw = False
35.3123 	EXP 	Stim: image = 'TMTstop-control_1_pgreenlinestimulus6.png'
35.3123 	EXP 	Stim: image = 'TMTstop-control_1_pgreenlinestimulus6.png'
35.3123 	EXP 	Stim: autoDraw = True
35.4301 	DATA 	Keypress: 1
35.8393 	DATA 	Keypress: 2
35.8480 	EXP 	New trial (rep=0, index=9): {'NumberLetter': 10, 'corrAns': ['3'], 'Correct': 3, 'StimFile': 'TMTstop-control_1_plinestimulus7.png', 'Correct_StimFile': 'TMTstop-control_1_pgreenlinestimulus7.png', 'False_StimFile': 'TMTstop-control_1_predlinestimulus7.png', 'DurationTrial': 10}
35.9398 	EXP 	Stim: autoDraw = False
35.9398 	EXP 	Stim: image = 'TMTstop-control_1_pgreenlinestimulus7.png'
35.9398 	EXP 	Stim: image = 'TMTstop-control_1_pgreenlinestimulus7.png'
35.9398 	EXP 	Stim: autoDraw = True
36.0246 	DATA 	Keypress: 2
36.1611 	DATA 	Keypress: 3
36.1710 	EXP 	New trial (rep=0, index=10): {'NumberLetter': 11, 'corrAns': ['2'], 'Correct': 2, 'StimFile': 'TMTstop-control_1_plinestimulus8.png', 'Correct_StimFile': 'TMTstop-control_1_pgreenlinestimulus8.png', 'False_StimFile': 'TMTstop-control_1_predlinestimulus8.png', 'DurationTrial': 10}
36.2654 	EXP 	Stim: autoDraw = False
36.2654 	EXP 	Stim: image = 'TMTstop-control_1_pgreenlinestimulus8.png'
36.2654 	EXP 	Stim: image = 'TMTstop-control_1_pgreenlinestimulus8.png'
36.2654 	EXP 	Stim: autoDraw = True
36.3471 	DATA 	Keypress: 3
36.6069 	EXP 	New trial (rep=0, index=11): {'NumberLetter': 12, 'corrAns': ['3'], 'Correct': 3, 'StimFile': 'TMTstop-control_1_plinestimulus9.png', 'Correct_StimFile': 'TMTstop-control_1_pgreenlinestimulus9.png', 'False_StimFile': 'TMTstop-control_1_predlinestimulus9.png', 'DurationTrial': 10}
36.7004 	DATA 	Keypress: 2
36.7053 	EXP 	Stim: autoDraw = False
36.7053 	EXP 	Stim: image = 'TMTstop-control_1_pgreenlinestimulus9.png'
36.7053 	EXP 	Stim: image = 'TMTstop-control_1_pgreenlinestimulus9.png'
36.7053 	EXP 	Stim: autoDraw = True
36.8341 	DATA 	Keypress: 2
37.0751 	EXP 	New trial (rep=0, index=12): {'NumberLetter': 13, 'corrAns': ['1'], 'Correct': 1, 'StimFile': 'TMTstop-control_1_plinestimulus10.png', 'Correct_StimFile': 'TMTstop-control_1_pgreenlinestimulus10.png', 'False_StimFile': 'TMTstop-control_1_predlinestimulus10.png', 'DurationTrial': 1}
37.1692 	DATA 	Keypress: 3
37.1752 	EXP 	Stim: autoDraw = False
37.1752 	EXP 	Stim: image = 'TMTstop-control_1_pgreenlinestimulus10.png'
37.1752 	EXP 	Stim: image = 'TMTstop-control_1_pgreenlinestimulus10.png'
37.1752 	EXP 	Stim: autoDraw = True
37.2651 	DATA 	Keypress: 3
37.5490 	EXP 	New trial (rep=0, index=13): {'NumberLetter': 14, 'corrAns': ['2'], 'Correct': 2, 'StimFile': 'TMTstop-control_1_plinestimulus11.png', 'Correct_StimFile': 'TMTstop-control_1_pgreenlinestimulus11.png', 'False_StimFile': 'TMTstop-control_1_predlinestimulus11.png', 'DurationTrial': None}
37.6519 	DATA 	Keypress: 1
37.6583 	EXP 	Stim: autoDraw = False
37.6583 	EXP 	Stim: image = 'TMTstop-control_1_pgreenlinestimulus11.png'
37.6583 	EXP 	Stim: image = 'TMTstop-control_1_pgreenlinestimulus11.png'
37.6583 	EXP 	Stim: autoDraw = True
37.7553 	DATA 	Keypress: 1
37.9290 	DATA 	Keypress: 2
37.9381 	EXP 	New trial (rep=0, index=14): {'NumberLetter': 15, 'corrAns': ['3'], 'Correct': 3, 'StimFile': 'TMTstop-control_1_plinestimulus12.png', 'Correct_StimFile': 'TMTstop-control_1_pgreenlinestimulus12.png', 'False_StimFile': 'TMTstop-control_1_predlinestimulus12.png', 'DurationTrial': None}
38.0401 	EXP 	Stim: autoDraw = False
38.0401 	EXP 	Stim: image = 'TMTstop-control_1_pgreenlinestimulus12.png'
38.0401 	EXP 	Stim: image = 'TMTstop-control_1_pgreenlinestimulus12.png'
38.0401 	EXP 	Stim: autoDraw = True
38.1276 	DATA 	Keypress: 2
38.3069 	EXP 	New trial (rep=0, index=15): {'NumberLetter': 16, 'corrAns': ['1'], 'Correct': 1, 'StimFile': 'TMTstop-control_1_plinestimulus13.png', 'Correct_StimFile': 'TMTstop-control_1_pgreenlinestimulus13.png', 'False_StimFile': 'TMTstop-control_1_predlinestimulus13.png', 'DurationTrial': None}
38.3963 	DATA 	Keypress: 3
38.4017 	EXP 	Stim: autoDraw = False
38.4017 	EXP 	Stim: image = 'TMTstop-control_1_pgreenlinestimulus13.png'
38.4017 	EXP 	Stim: image = 'TMTstop-control_1_pgreenlinestimulus13.png'
38.4017 	EXP 	Stim: autoDraw = True
38.5366 	DATA 	Keypress: 3
38.7796 	DATA 	Keypress: 1
38.7885 	EXP 	New trial (rep=0, index=16): {'NumberLetter': 17, 'corrAns': ['3'], 'Correct': 3, 'StimFile': 'TMTstop-control_1_plinestimulus14.png', 'Correct_StimFile': 'TMTstop-control_1_pgreenlinestimulus14.png', 'False_StimFile': 'TMTstop-control_1_predlinestimulus14.png', 'DurationTrial': None}
38.9061 	EXP 	Stim: autoDraw = False
38.9061 	EXP 	Stim: image = 'TMTstop-control_1_pgreenlinestimulus14.png'
38.9061 	EXP 	Stim: image = 'TMTstop-control_1_pgreenlinestimulus14.png'
38.9061 	EXP 	Stim: autoDraw = True
38.9978 	DATA 	Keypress: 1
39.1945 	EXP 	New trial (rep=0, index=17): {'NumberLetter': 18, 'corrAns': ['1'], 'Correct': 1, 'StimFile': 'TMTstop-control_1_plinestimulus15.png', 'Correct_StimFile': 'TMTstop-control_1_pgreenlinestimulus15.png', 'False_StimFile': 'TMTstop-control_1_predlinestimulus15.png', 'DurationTrial': None}
39.3118 	DATA 	Keypress: 3
39.3184 	EXP 	Stim: autoDraw = False
39.3184 	EXP 	Stim: image = 'TMTstop-control_1_pgreenlinestimulus15.png'
39.3184 	EXP 	Stim: image = 'TMTstop-control_1_pgreenlinestimulus15.png'
39.3184 	EXP 	Stim: autoDraw = True
39.3797 	DATA 	Keypress: 3
39.5063 	EXP 	New trial (rep=0, index=18): {'NumberLetter': 19, 'corrAns': ['3'], 'Correct': 3, 'StimFile': 'TMTstop-control_1_plinestimulus16.png', 'Correct_StimFile': 'TMTstop-control_1_pgreenlinestimulus16.png', 'False_StimFile': 'TMTstop-control_1_predlinestimulus16.png', 'DurationTrial': None}
39.6267 	DATA 	Keypress: 1
39.6327 	EXP 	Stim: autoDraw = False
39.6327 	EXP 	Stim: image = 'TMTstop-control_1_pgreenlinestimulus16.png'
39.6327 	EXP 	Stim: image = 'TMTstop-control_1_pgreenlinestimulus16.png'
39.6327 	EXP 	Stim: autoDraw = True
39.7223 	DATA 	Keypress: 1
39.8410 	EXP 	New trial (rep=0, index=19): {'NumberLetter': 20, 'corrAns': ['2'], 'Correct': 2, 'StimFile': 'TMTstop-control_1_plinestimulus17.png', 'Correct_StimFile': 'TMTstop-control_1_pgreenlinestimulus17.png', 'False_StimFile': 'TMTstop-control_1_predlinestimulus17.png', 'DurationTrial': None}
39.9652 	DATA 	Keypress: 3
39.9719 	EXP 	Stim: autoDraw = False
39.9719 	EXP 	Stim: image = 'TMTstop-control_1_pgreenlinestimulus17.png'
39.9719 	EXP 	Stim: image = 'TMTstop-control_1_pgreenlinestimulus17.png'
39.9719 	EXP 	Stim: autoDraw = True
40.1002 	DATA 	Keypress: 3
40.2843 	DATA 	Keypress: 2
40.2930 	EXP 	New trial (rep=0, index=20): {'NumberLetter': 21, 'corrAns': ['1'], 'Correct': 1, 'StimFile': 'TMTstop-control_1_plinestimulus18.png', 'Correct_StimFile': 'TMTstop-control_1_pgreenlinestimulus18.png', 'False_StimFile': 'TMTstop-control_1_predlinestimulus18.png', 'DurationTrial': None}
40.3892 	EXP 	Stim: autoDraw = False
40.3892 	EXP 	Stim: image = 'TMTstop-control_1_pgreenlinestimulus18.png'
40.3892 	EXP 	Stim: image = 'TMTstop-control_1_pgreenlinestimulus18.png'
40.3892 	EXP 	Stim: autoDraw = True
40.4944 	DATA 	Keypress: 2
40.6086 	DATA 	Keypress: 1
40.6186 	EXP 	New trial (rep=0, index=21): {'NumberLetter': 22, 'corrAns': ['3'], 'Correct': 3, 'StimFile': 'TMTstop-control_1_plinestimulus19.png', 'Correct_StimFile': 'TMTstop-control_1_pgreenlinestimulus19.png', 'False_StimFile': 'TMTstop-control_1_predlinestimulus19.png', 'DurationTrial': None}
40.7233 	EXP 	Stim: autoDraw = False
40.7233 	EXP 	Stim: image = 'TMTstop-control_1_pgreenlinestimulus19.png'
40.7233 	EXP 	Stim: image = 'TMTstop-control_1_pgreenlinestimulus19.png'
40.7233 	EXP 	Stim: autoDraw = True
40.8313 	DATA 	Keypress: 1
40.9890 	EXP 	New trial (rep=0, index=22): {'NumberLetter': 23, 'corrAns': ['2'], 'Correct': 2, 'StimFile': 'TMTstop-control_1_plinestimulus20.png', 'Correct_StimFile': 'TMTstop-control_1_pgreenlinestimulus20.png', 'False_StimFile': 'TMTstop-control_1_predlinestimulus20.png', 'DurationTrial': None}
41.0760 	DATA 	Keypress: 3
41.0828 	EXP 	Stim: autoDraw = False
41.0828 	EXP 	Stim: image = 'TMTstop-control_1_pgreenlinestimulus20.png'
41.0828 	EXP 	Stim: image = 'TMTstop-control_1_pgreenlinestimulus20.png'
41.0828 	EXP 	Stim: autoDraw = True
41.1944 	DATA 	Keypress: 3
41.3343 	DATA 	Keypress: 2
41.3430 	EXP 	New trial (rep=0, index=23): {'NumberLetter': 24, 'corrAns': ['1'], 'Correct': 1, 'StimFile': 'TMTstop-control_1_plinestimulus21.png', 'Correct_StimFile': 'TMTstop-control_1_pgreenlinestimulus21.png', 'False_StimFile': 'TMTstop-control_1_predlinestimulus21.png', 'DurationTrial': None}
41.4348 	EXP 	Stim: autoDraw = False
41.4348 	EXP 	Stim: image = 'TMTstop-control_1_pgreenlinestimulus21.png'
41.4348 	EXP 	Stim: image = 'TMTstop-control_1_pgreenlinestimulus21.png'
41.4348 	EXP 	Stim: autoDraw = True
41.5171 	DATA 	Keypress: 2
41.6315 	EXP 	New trial (rep=0, index=24): {'NumberLetter': 25, 'corrAns': ['3'], 'Correct': 3, 'StimFile': 'TMTstop-control_1_plinestimulus22.png', 'Correct_StimFile': 'TMTstop-control_1_pgreenlinestimulus22.png', 'False_StimFile': 'TMTstop-control_1_predlinestimulus22.png', 'DurationTrial': None}
41.7246 	DATA 	Keypress: 1
41.7300 	EXP 	Stim: autoDraw = False
41.7300 	EXP 	Stim: image = 'TMTstop-control_1_pgreenlinestimulus22.png'
41.7300 	EXP 	Stim: image = 'TMTstop-control_1_pgreenlinestimulus22.png'
41.7300 	EXP 	Stim: autoDraw = True
41.8337 	DATA 	Keypress: 1
42.3190 	DATA 	Keypress: 3
42.3282 	EXP 	New trial (rep=0, index=25): {'NumberLetter': None, 'corrAns': None, 'Correct': None, 'StimFile': 'TMTstop-control_1_plinestimulus23.png', 'Correct_StimFile': 'TMTstop-control_1_pgreenlinestimulus23.png', 'False_StimFile': 'TMTstop-control_1_predlinestimulus23.png', 'DurationTrial': None}
42.4200 	DATA 	Keypress: 3
42.4252 	EXP 	Stim: autoDraw = False
42.4252 	EXP 	Stim: image = 'TMTstop-control_1_pgreenlinestimulus23.png'
42.4252 	EXP 	Stim: image = 'TMTstop-control_1_pgreenlinestimulus23.png'
42.4252 	EXP 	Stim: autoDraw = True
43.4792 	EXP 	Stim: autoDraw = False
43.4792 	EXP 	image_3: autoDraw = True
56.0394 	DATA 	Keypress: 1
56.0410 	EXP 	image_3: autoDraw = False
56.0410 	EXP 	polygon: autoDraw = True
56.1655 	DATA 	Keypress: 1
59.0498 	EXP 	Imported TMTstop-A_1_practice.xlsx as conditions, 26 conditions, 7 params
59.0505 	EXP 	Created sequence: sequential, trialTypes=26, nReps=1, seed=None
59.0508 	EXP 	New trial (rep=0, index=0): {'NumberLetter': 1, 'corrAns': ['3'], 'Correct': 3, 'StimFile': 'TMTstop-A_1_p.png', 'Correct_StimFile': 'TMTstop-A_1_p.png', 'False_StimFile': 'TMTstop-A_1_p.png', 'DurationTrial': 10}
59.2369 	EXP 	polygon: autoDraw = False
59.2369 	EXP 	polygon: autoDraw = False
59.2369 	EXP 	Stim: image = 'TMTstop-A_1_p.png'
59.2369 	EXP 	Stim: image = 'TMTstop-A_1_p.png'
59.2369 	EXP 	Stim: autoDraw = True
62.3294 	EXP 	New trial (rep=0, index=1): {'NumberLetter': 2, 'corrAns': ['1'], 'Correct': 1, 'StimFile': 'TMTstop-A_1_p.png', 'Correct_StimFile': 'TMTstop-A_1_pfirstgreen.png', 'False_StimFile': 'TMTstop-A_1_pfirstred.png', 'DurationTrial': 10}
62.4348 	DATA 	Keypress: 3
62.4411 	EXP 	Stim: autoDraw = False
62.4411 	EXP 	Stim: image = 'TMTstop-A_1_pfirstgreen.png'
62.4411 	EXP 	Stim: image = 'TMTstop-A_1_pfirstgreen.png'
62.4411 	EXP 	Stim: autoDraw = True
62.4757 	DATA 	Keypress: 3
63.7028 	DATA 	Keypress: 1
63.7127 	EXP 	New trial (rep=0, index=2): {'NumberLetter': 3, 'corrAns': ['2'], 'Correct': 2, 'StimFile': 'TMTstop-A_1_plinestimulus0.png', 'Correct_StimFile': 'TMTstop-A_1_pgreenlinestimulus0.png', 'False_StimFile': 'TMTstop-A_1_predlinestimulus0.png', 'DurationTrial': 10}
63.8368 	EXP 	Stim: autoDraw = False
63.8368 	EXP 	Stim: image = 'TMTstop-A_1_pgreenlinestimulus0.png'
63.8368 	EXP 	Stim: image = 'TMTstop-A_1_pgreenlinestimulus0.png'
63.8368 	EXP 	Stim: autoDraw = True
63.8611 	DATA 	Keypress: 1
64.9102 	DATA 	Keypress: 2
64.9200 	EXP 	New trial (rep=0, index=3): {'NumberLetter': 4, 'corrAns': ['1'], 'Correct': 1, 'StimFile': 'TMTstop-A_1_plinestimulus1.png', 'Correct_StimFile': 'TMTstop-A_1_pgreenlinestimulus1.png', 'False_StimFile': 'TMTstop-A_1_predlinestimulus1.png', 'DurationTrial': 10}
65.0440 	EXP 	Stim: autoDraw = False
65.0440 	EXP 	Stim: image = 'TMTstop-A_1_pgreenlinestimulus1.png'
65.0440 	EXP 	Stim: image = 'TMTstop-A_1_pgreenlinestimulus1.png'
65.0440 	EXP 	Stim: autoDraw = True
65.0675 	DATA 	Keypress: 2
69.7451 	DATA 	Keypress: 1
69.7541 	EXP 	New trial (rep=0, index=4): {'NumberLetter': 5, 'corrAns': ['2'], 'Correct': 2, 'StimFile': 'TMTstop-A_1_plinestimulus2.png', 'Correct_StimFile': 'TMTstop-A_1_pgreenlinestimulus2.png', 'False_StimFile': 'TMTstop-A_1_predlinestimulus2.png', 'DurationTrial': 10}
69.8990 	DATA 	Keypress: 1
69.9055 	EXP 	Stim: autoDraw = False
69.9055 	EXP 	Stim: image = 'TMTstop-A_1_pgreenlinestimulus2.png'
69.9055 	EXP 	Stim: image = 'TMTstop-A_1_pgreenlinestimulus2.png'
69.9055 	EXP 	Stim: autoDraw = True
70.8715 	EXP 	New trial (rep=0, index=5): {'NumberLetter': 6, 'corrAns': ['1'], 'Correct': 1, 'StimFile': 'TMTstop-A_1_plinestimulus3.png', 'Correct_StimFile': 'TMTstop-A_1_pgreenlinestimulus3.png', 'False_StimFile': 'TMTstop-A_1_predlinestimulus3.png', 'DurationTrial': 10}
71.0156 	DATA 	Keypress: 2
71.0220 	EXP 	Stim: autoDraw = False
71.0220 	EXP 	Stim: image = 'TMTstop-A_1_pgreenlinestimulus3.png'
71.0220 	EXP 	Stim: image = 'TMTstop-A_1_pgreenlinestimulus3.png'
71.0220 	EXP 	Stim: autoDraw = True
71.0578 	DATA 	Keypress: 2
74.5471 	DATA 	Keypress: 1
74.5555 	EXP 	New trial (rep=0, index=6): {'NumberLetter': 7, 'corrAns': ['2'], 'Correct': 2, 'StimFile': 'TMTstop-A_1_plinestimulus4.png', 'Correct_StimFile': 'TMTstop-A_1_pgreenlinestimulus4.png', 'False_StimFile': 'TMTstop-A_1_predlinestimulus4.png', 'DurationTrial': 10}
74.6624 	EXP 	Stim: autoDraw = False
74.6624 	EXP 	Stim: image = 'TMTstop-A_1_pgreenlinestimulus4.png'
74.6624 	EXP 	Stim: image = 'TMTstop-A_1_pgreenlinestimulus4.png'
74.6624 	EXP 	Stim: autoDraw = True
74.6880 	DATA 	Keypress: 1
75.6680 	DATA 	Keypress: 2
75.6774 	EXP 	New trial (rep=0, index=7): {'NumberLetter': 8, 'corrAns': ['1'], 'Correct': 1, 'StimFile': 'TMTstop-A_1_plinestimulus5.png', 'Correct_StimFile': 'TMTstop-A_1_pgreenlinestimulus5.png', 'False_StimFile': 'TMTstop-A_1_predlinestimulus5.png', 'DurationTrial': 10}
75.7758 	EXP 	Stim: autoDraw = False
75.7758 	EXP 	Stim: image = 'TMTstop-A_1_pgreenlinestimulus5.png'
75.7758 	EXP 	Stim: image = 'TMTstop-A_1_pgreenlinestimulus5.png'
75.7758 	EXP 	Stim: autoDraw = True
75.8355 	DATA 	Keypress: 2
76.4281 	DATA 	Keypress: 1
76.4362 	EXP 	New trial (rep=0, index=8): {'NumberLetter': 9, 'corrAns': ['2'], 'Correct': 2, 'StimFile': 'TMTstop-A_1_plinestimulus6.png', 'Correct_StimFile': 'TMTstop-A_1_pgreenlinestimulus6.png', 'False_StimFile': 'TMTstop-A_1_predlinestimulus6.png', 'DurationTrial': 10}
76.5306 	EXP 	Stim: autoDraw = False
76.5306 	EXP 	Stim: image = 'TMTstop-A_1_pgreenlinestimulus6.png'
76.5306 	EXP 	Stim: image = 'TMTstop-A_1_pgreenlinestimulus6.png'
76.5306 	EXP 	Stim: autoDraw = True
76.6194 	DATA 	Keypress: 1
77.0930 	DATA 	Keypress: 2
77.1022 	EXP 	New trial (rep=0, index=9): {'NumberLetter': 10, 'corrAns': ['1'], 'Correct': 1, 'StimFile': 'TMTstop-A_1_plinestimulus7.png', 'Correct_StimFile': 'TMTstop-A_1_pgreenlinestimulus7.png', 'False_StimFile': 'TMTstop-A_1_predlinestimulus7.png', 'DurationTrial': 10}
77.2036 	EXP 	Stim: autoDraw = False
77.2036 	EXP 	Stim: image = 'TMTstop-A_1_pgreenlinestimulus7.png'
77.2036 	EXP 	Stim: image = 'TMTstop-A_1_pgreenlinestimulus7.png'
77.2036 	EXP 	Stim: autoDraw = True
77.2816 	DATA 	Keypress: 2
78.0282 	EXP 	New trial (rep=0, index=10): {'NumberLetter': 11, 'corrAns': ['2'], 'Correct': 2, 'StimFile': 'TMTstop-A_1_plinestimulus8.png', 'Correct_StimFile': 'TMTstop-A_1_pgreenlinestimulus8.png', 'False_StimFile': 'TMTstop-A_1_predlinestimulus8.png', 'DurationTrial': 10}
78.1245 	DATA 	Keypress: 1
78.1298 	EXP 	Stim: autoDraw = False
78.1298 	EXP 	Stim: image = 'TMTstop-A_1_pgreenlinestimulus8.png'
78.1298 	EXP 	Stim: image = 'TMTstop-A_1_pgreenlinestimulus8.png'
78.1298 	EXP 	Stim: autoDraw = True
78.2197 	DATA 	Keypress: 1
79.1848 	EXP 	New trial (rep=0, index=11): {'NumberLetter': 12, 'corrAns': ['1'], 'Correct': 1, 'StimFile': 'TMTstop-A_1_plinestimulus9.png', 'Correct_StimFile': 'TMTstop-A_1_pgreenlinestimulus9.png', 'False_StimFile': 'TMTstop-A_1_predlinestimulus9.png', 'DurationTrial': 10}
79.2876 	DATA 	Keypress: 2
79.2940 	EXP 	Stim: autoDraw = False
79.2940 	EXP 	Stim: image = 'TMTstop-A_1_pgreenlinestimulus9.png'
79.2940 	EXP 	Stim: image = 'TMTstop-A_1_pgreenlinestimulus9.png'
79.2940 	EXP 	Stim: autoDraw = True
79.3570 	DATA 	Keypress: 2
79.8105 	DATA 	Keypress: 1
79.8194 	EXP 	New trial (rep=0, index=12): {'NumberLetter': 13, 'corrAns': ['2'], 'Correct': 2, 'StimFile': 'TMTstop-A_1_plinestimulus10.png', 'Correct_StimFile': 'TMTstop-A_1_pgreenlinestimulus10.png', 'False_StimFile': 'TMTstop-A_1_predlinestimulus10.png', 'DurationTrial': 1}
79.9340 	EXP 	Stim: autoDraw = False
79.9340 	EXP 	Stim: image = 'TMTstop-A_1_pgreenlinestimulus10.png'
79.9340 	EXP 	Stim: image = 'TMTstop-A_1_pgreenlinestimulus10.png'
79.9340 	EXP 	Stim: autoDraw = True
79.9959 	DATA 	Keypress: 1
81.4564 	EXP 	New trial (rep=0, index=13): {'NumberLetter': 14, 'corrAns': ['3'], 'Correct': 3, 'StimFile': 'TMTstop-A_1_plinestimulus11.png', 'Correct_StimFile': 'TMTstop-A_1_pgreenlinestimulus11.png', 'False_StimFile': 'TMTstop-A_1_predlinestimulus11.png', 'DurationTrial': None}
81.5528 	DATA 	Keypress: 2
81.5593 	EXP 	Stim: autoDraw = False
81.5593 	EXP 	Stim: image = 'TMTstop-A_1_pgreenlinestimulus11.png'
81.5593 	EXP 	Stim: image = 'TMTstop-A_1_pgreenlinestimulus11.png'
81.5593 	EXP 	Stim: autoDraw = True
81.6091 	DATA 	Keypress: 2
82.0699 	DATA 	Keypress: 3
82.0800 	EXP 	New trial (rep=0, index=14): {'NumberLetter': 15, 'corrAns': ['1'], 'Correct': 1, 'StimFile': 'TMTstop-A_1_plinestimulus12.png', 'Correct_StimFile': 'TMTstop-A_1_pgreenlinestimulus12.png', 'False_StimFile': 'TMTstop-A_1_predlinestimulus12.png', 'DurationTrial': None}
82.2001 	DATA 	Keypress: 3
82.2070 	EXP 	Stim: autoDraw = False
82.2070 	EXP 	Stim: image = 'TMTstop-A_1_pgreenlinestimulus12.png'
82.2070 	EXP 	Stim: image = 'TMTstop-A_1_pgreenlinestimulus12.png'
82.2070 	EXP 	Stim: autoDraw = True
82.7760 	DATA 	Keypress: 1
82.7853 	EXP 	New trial (rep=0, index=15): {'NumberLetter': 16, 'corrAns': ['3'], 'Correct': 3, 'StimFile': 'TMTstop-A_1_plinestimulus13.png', 'Correct_StimFile': 'TMTstop-A_1_pgreenlinestimulus13.png', 'False_StimFile': 'TMTstop-A_1_predlinestimulus13.png', 'DurationTrial': None}
82.8866 	EXP 	Stim: autoDraw = False
82.8866 	EXP 	Stim: image = 'TMTstop-A_1_pgreenlinestimulus13.png'
82.8866 	EXP 	Stim: image = 'TMTstop-A_1_pgreenlinestimulus13.png'
82.8866 	EXP 	Stim: autoDraw = True
82.9711 	DATA 	Keypress: 1
84.1267 	EXP 	New trial (rep=0, index=16): {'NumberLetter': 17, 'corrAns': ['1'], 'Correct': 1, 'StimFile': 'TMTstop-A_1_plinestimulus14.png', 'Correct_StimFile': 'TMTstop-A_1_pgreenlinestimulus14.png', 'False_StimFile': 'TMTstop-A_1_predlinestimulus14.png', 'DurationTrial': None}
84.2219 	DATA 	Keypress: 3
84.2277 	EXP 	Stim: autoDraw = False
84.2277 	EXP 	Stim: image = 'TMTstop-A_1_pgreenlinestimulus14.png'
84.2277 	EXP 	Stim: image = 'TMTstop-A_1_pgreenlinestimulus14.png'
84.2277 	EXP 	Stim: autoDraw = True
84.3604 	DATA 	Keypress: 3
84.8494 	DATA 	Keypress: 1
84.8594 	EXP 	New trial (rep=0, index=17): {'NumberLetter': 18, 'corrAns': ['2'], 'Correct': 2, 'StimFile': 'TMTstop-A_1_plinestimulus15.png', 'Correct_StimFile': 'TMTstop-A_1_pgreenlinestimulus15.png', 'False_StimFile': 'TMTstop-A_1_predlinestimulus15.png', 'DurationTrial': None}
84.9649 	EXP 	Stim: autoDraw = False
84.9649 	EXP 	Stim: image = 'TMTstop-A_1_pgreenlinestimulus15.png'
84.9649 	EXP 	Stim: image = 'TMTstop-A_1_pgreenlinestimulus15.png'
84.9649 	EXP 	Stim: autoDraw = True
85.0412 	DATA 	Keypress: 1
85.5065 	EXP 	New trial (rep=0, index=18): {'NumberLetter': 19, 'corrAns': ['3'], 'Correct': 3, 'StimFile': 'TMTstop-A_1_plinestimulus16.png', 'Correct_StimFile': 'TMTstop-A_1_pgreenlinestimulus16.png', 'False_StimFile': 'TMTstop-A_1_predlinestimulus16.png', 'DurationTrial': None}
85.6169 	DATA 	Keypress: 2
85.6228 	EXP 	Stim: autoDraw = False
85.6228 	EXP 	Stim: image = 'TMTstop-A_1_pgreenlinestimulus16.png'
85.6228 	EXP 	Stim: image = 'TMTstop-A_1_pgreenlinestimulus16.png'
85.6228 	EXP 	Stim: autoDraw = True
85.6716 	DATA 	Keypress: 2
87.3018 	DATA 	Keypress: 2
87.3066 	EXP 	Stim: image = 'TMTstop-A_1_predlinestimulus16.png'
87.3685 	EXP 	Stim: image = 'TMTstop-A_1_predlinestimulus16.png'
87.4303 	EXP 	Stim: image = 'TMTstop-A_1_predlinestimulus16.png'
87.4809 	DATA 	Keypress: 2
87.4861 	EXP 	Stim: image = 'TMTstop-A_1_predlinestimulus16.png'
87.5520 	EXP 	Stim: image = 'TMTstop-A_1_predlinestimulus16.png'
87.6204 	EXP 	Stim: image = 'TMTstop-A_1_predlinestimulus16.png'
87.6831 	EXP 	Stim: image = 'TMTstop-A_1_predlinestimulus16.png'
87.7403 	EXP 	Stim: image = 'TMTstop-A_1_predlinestimulus16.png'
87.7875 	EXP 	Stim: image = 'TMTstop-A_1_predlinestimulus16.png'
87.8457 	EXP 	Stim: image = 'TMTstop-A_1_predlinestimulus16.png'
87.8994 	EXP 	Stim: image = 'TMTstop-A_1_predlinestimulus16.png'
87.9574 	EXP 	Stim: image = 'TMTstop-A_1_predlinestimulus16.png'
88.0162 	EXP 	Stim: image = 'TMTstop-A_1_predlinestimulus16.png'
88.0766 	EXP 	Stim: image = 'TMTstop-A_1_predlinestimulus16.png'
88.1343 	EXP 	Stim: image = 'TMTstop-A_1_predlinestimulus16.png'
88.1891 	EXP 	Stim: image = 'TMTstop-A_1_predlinestimulus16.png'
88.2417 	EXP 	Stim: image = 'TMTstop-A_1_predlinestimulus16.png'
88.2997 	EXP 	Stim: image = 'TMTstop-A_1_predlinestimulus16.png'
88.3619 	EXP 	Stim: image = 'TMTstop-A_1_predlinestimulus16.png'
88.4181 	EXP 	Stim: image = 'TMTstop-A_1_predlinestimulus16.png'
88.4775 	EXP 	Stim: image = 'TMTstop-A_1_predlinestimulus16.png'
88.5347 	EXP 	Stim: image = 'TMTstop-A_1_predlinestimulus16.png'
88.6027 	EXP 	Stim: image = 'TMTstop-A_1_predlinestimulus16.png'
88.6616 	EXP 	Stim: image = 'TMTstop-A_1_predlinestimulus16.png'
88.7197 	EXP 	Stim: image = 'TMTstop-A_1_predlinestimulus16.png'
88.7756 	EXP 	Stim: image = 'TMTstop-A_1_predlinestimulus16.png'
88.8362 	EXP 	Stim: image = 'TMTstop-A_1_predlinestimulus16.png'
88.8914 	EXP 	Stim: image = 'TMTstop-A_1_predlinestimulus16.png'
88.9437 	EXP 	Stim: image = 'TMTstop-A_1_predlinestimulus16.png'
89.0018 	EXP 	Stim: image = 'TMTstop-A_1_predlinestimulus16.png'
89.0633 	EXP 	Stim: image = 'TMTstop-A_1_predlinestimulus16.png'
89.1200 	EXP 	Stim: image = 'TMTstop-A_1_predlinestimulus16.png'
89.1880 	EXP 	Stim: image = 'TMTstop-A_1_predlinestimulus16.png'
89.2494 	EXP 	Stim: image = 'TMTstop-A_1_predlinestimulus16.png'
89.3137 	EXP 	Stim: image = 'TMTstop-A_1_predlinestimulus16.png'
89.3778 	EXP 	Stim: image = 'TMTstop-A_1_predlinestimulus16.png'
89.4498 	EXP 	Stim: image = 'TMTstop-A_1_predlinestimulus16.png'
89.5218 	EXP 	Stim: image = 'TMTstop-A_1_predlinestimulus16.png'
89.6012 	EXP 	Stim: image = 'TMTstop-A_1_predlinestimulus16.png'
89.6784 	EXP 	Stim: image = 'TMTstop-A_1_predlinestimulus16.png'
89.7684 	EXP 	Stim: image = 'TMTstop-A_1_predlinestimulus16.png'
89.8555 	EXP 	Stim: image = 'TMTstop-A_1_predlinestimulus16.png'
89.9321 	EXP 	Stim: image = 'TMTstop-A_1_predlinestimulus16.png'
89.9988 	EXP 	Stim: image = 'TMTstop-A_1_predlinestimulus16.png'
90.0566 	EXP 	Stim: image = 'TMTstop-A_1_predlinestimulus16.png'
90.1165 	DATA 	Keypress: 3
90.1217 	EXP 	Stim: image = 'TMTstop-A_1_predlinestimulus16.png'
90.1269 	EXP 	New trial (rep=0, index=19): {'NumberLetter': 20, 'corrAns': ['2'], 'Correct': 2, 'StimFile': 'TMTstop-A_1_plinestimulus17.png', 'Correct_StimFile': 'TMTstop-A_1_pgreenlinestimulus17.png', 'False_StimFile': 'TMTstop-A_1_predlinestimulus17.png', 'DurationTrial': None}
90.2785 	EXP 	Stim: autoDraw = False
90.2785 	EXP 	Stim: image = 'TMTstop-A_1_pgreenlinestimulus17.png'
90.2785 	EXP 	Stim: image = 'TMTstop-A_1_pgreenlinestimulus17.png'
90.2785 	EXP 	Stim: autoDraw = True
90.2834 	DATA 	Keypress: 3
90.6556 	DATA 	Keypress: 2
90.6654 	EXP 	New trial (rep=0, index=20): {'NumberLetter': 21, 'corrAns': ['3'], 'Correct': 3, 'StimFile': 'TMTstop-A_1_plinestimulus18.png', 'Correct_StimFile': 'TMTstop-A_1_pgreenlinestimulus18.png', 'False_StimFile': 'TMTstop-A_1_predlinestimulus18.png', 'DurationTrial': None}
90.7865 	EXP 	Stim: autoDraw = False
90.7865 	EXP 	Stim: image = 'TMTstop-A_1_pgreenlinestimulus18.png'
90.7865 	EXP 	Stim: image = 'TMTstop-A_1_pgreenlinestimulus18.png'
90.7865 	EXP 	Stim: autoDraw = True
90.8101 	DATA 	Keypress: 2
91.9021 	EXP 	New trial (rep=0, index=21): {'NumberLetter': 22, 'corrAns': ['1'], 'Correct': 1, 'StimFile': 'TMTstop-A_1_plinestimulus19.png', 'Correct_StimFile': 'TMTstop-A_1_pgreenlinestimulus19.png', 'False_StimFile': 'TMTstop-A_1_predlinestimulus19.png', 'DurationTrial': None}
92.0083 	DATA 	Keypress: 3
92.0140 	EXP 	Stim: autoDraw = False
92.0140 	EXP 	Stim: image = 'TMTstop-A_1_pgreenlinestimulus19.png'
92.0140 	EXP 	Stim: image = 'TMTstop-A_1_pgreenlinestimulus19.png'
92.0140 	EXP 	Stim: autoDraw = True
92.1026 	DATA 	Keypress: 3
92.7605 	EXP 	New trial (rep=0, index=22): {'NumberLetter': 23, 'corrAns': ['2'], 'Correct': 2, 'StimFile': 'TMTstop-A_1_plinestimulus20.png', 'Correct_StimFile': 'TMTstop-A_1_pgreenlinestimulus20.png', 'False_StimFile': 'TMTstop-A_1_predlinestimulus20.png', 'DurationTrial': None}
92.8765 	DATA 	Keypress: 1
92.8831 	EXP 	Stim: autoDraw = False
92.8831 	EXP 	Stim: image = 'TMTstop-A_1_pgreenlinestimulus20.png'
92.8831 	EXP 	Stim: image = 'TMTstop-A_1_pgreenlinestimulus20.png'
92.8831 	EXP 	Stim: autoDraw = True
92.9725 	DATA 	Keypress: 1
94.2131 	DATA 	Keypress: 2
94.2222 	EXP 	New trial (rep=0, index=23): {'NumberLetter': 24, 'corrAns': ['3'], 'Correct': 3, 'StimFile': 'TMTstop-A_1_plinestimulus21.png', 'Correct_StimFile': 'TMTstop-A_1_pgreenlinestimulus21.png', 'False_StimFile': 'TMTstop-A_1_predlinestimulus21.png', 'DurationTrial': None}
94.3243 	EXP 	Stim: autoDraw = False
94.3243 	EXP 	Stim: image = 'TMTstop-A_1_pgreenlinestimulus21.png'
94.3243 	EXP 	Stim: image = 'TMTstop-A_1_pgreenlinestimulus21.png'
94.3243 	EXP 	Stim: autoDraw = True
94.4234 	EXP 	New trial (rep=0, index=24): {'NumberLetter': 25, 'corrAns': ['2'], 'Correct': 2, 'StimFile': 'TMTstop-A_1_plinestimulus22.png', 'Correct_StimFile': 'TMTstop-A_1_pgreenlinestimulus22.png', 'False_StimFile': 'TMTstop-A_1_predlinestimulus22.png', 'DurationTrial': None}
94.5216 	DATA 	Keypress: 3
94.5282 	EXP 	Stim: autoDraw = False
94.5282 	EXP 	Stim: image = 'TMTstop-A_1_pgreenlinestimulus22.png'
94.5282 	EXP 	Stim: image = 'TMTstop-A_1_pgreenlinestimulus22.png'
94.5282 	EXP 	Stim: autoDraw = True
94.5326 	DATA 	Keypress: 2
94.7647 	DATA 	Keypress: 3
95.8446 	EXP 	New trial (rep=0, index=25): {'NumberLetter': None, 'corrAns': None, 'Correct': None, 'StimFile': 'TMTstop-A_1_plinestimulus23.png', 'Correct_StimFile': 'TMTstop-A_1_pgreenlinestimulus23.png', 'False_StimFile': 'TMTstop-A_1_predlinestimulus23.png', 'DurationTrial': None}
95.9405 	DATA 	Keypress: 2
95.9459 	EXP 	Stim: autoDraw = False
95.9459 	EXP 	Stim: image = 'TMTstop-A_1_pgreenlinestimulus23.png'
95.9459 	EXP 	Stim: image = 'TMTstop-A_1_pgreenlinestimulus23.png'
95.9459 	EXP 	Stim: autoDraw = True
95.9686 	DATA 	Keypress: 2
97.0161 	EXP 	Stim: autoDraw = False
97.0161 	EXP 	image_4: autoDraw = True
119.6322 	DATA 	Keypress: 1
119.6443 	EXP 	image_4: autoDraw = False
119.6443 	EXP 	polygon: autoDraw = True
119.7867 	DATA 	Keypress: 1
122.6567 	EXP 	Imported TMTstop-B_1_practice.xlsx as conditions, 26 conditions, 7 params
122.6573 	EXP 	Created sequence: sequential, trialTypes=26, nReps=1, seed=None
122.6577 	EXP 	New trial (rep=0, index=0): {'NumberLetter': 1, 'corrAns': ['3'], 'Correct': 3, 'StimFile': 'TMTstop-B_1_p.png', 'Correct_StimFile': 'TMTstop-B_1_p.png', 'False_StimFile': 'TMTstop-B_1_p.png', 'DurationTrial': 10}
122.8379 	EXP 	polygon: autoDraw = False
122.8379 	EXP 	polygon: autoDraw = False
122.8379 	EXP 	Stim: image = 'TMTstop-B_1_p.png'
122.8379 	EXP 	Stim: image = 'TMTstop-B_1_p.png'
122.8379 	EXP 	Stim: autoDraw = True
125.6341 	DATA 	Keypress: 1
125.6404 	EXP 	Stim: image = 'TMTstop-B_1_p.png'
125.7055 	EXP 	Stim: image = 'TMTstop-B_1_p.png'
125.7632 	DATA 	Keypress: 1
125.7691 	EXP 	Stim: image = 'TMTstop-B_1_p.png'
125.8269 	EXP 	Stim: image = 'TMTstop-B_1_p.png'
125.8874 	EXP 	Stim: image = 'TMTstop-B_1_p.png'
125.9456 	EXP 	Stim: image = 'TMTstop-B_1_p.png'
125.9948 	EXP 	Stim: image = 'TMTstop-B_1_p.png'
126.0446 	EXP 	Stim: image = 'TMTstop-B_1_p.png'
126.0958 	EXP 	Stim: image = 'TMTstop-B_1_p.png'
126.1458 	EXP 	Stim: image = 'TMTstop-B_1_p.png'
126.2027 	EXP 	Stim: image = 'TMTstop-B_1_p.png'
126.2542 	EXP 	Stim: image = 'TMTstop-B_1_p.png'
126.3071 	EXP 	Stim: image = 'TMTstop-B_1_p.png'
126.3616 	EXP 	Stim: image = 'TMTstop-B_1_p.png'
126.4202 	EXP 	Stim: image = 'TMTstop-B_1_p.png'
126.4734 	EXP 	Stim: image = 'TMTstop-B_1_p.png'
126.5235 	EXP 	Stim: image = 'TMTstop-B_1_p.png'
126.5738 	EXP 	Stim: image = 'TMTstop-B_1_p.png'
126.6263 	EXP 	Stim: image = 'TMTstop-B_1_p.png'
126.6827 	EXP 	Stim: image = 'TMTstop-B_1_p.png'
126.7424 	EXP 	Stim: image = 'TMTstop-B_1_p.png'
126.7984 	EXP 	Stim: image = 'TMTstop-B_1_p.png'
126.8552 	DATA 	Keypress: 3
126.8606 	EXP 	Stim: image = 'TMTstop-B_1_p.png'
126.8653 	EXP 	New trial (rep=0, index=1): {'NumberLetter': 'A', 'corrAns': ['1'], 'Correct': 1, 'StimFile': 'TMTstop-B_1_p.png', 'Correct_StimFile': 'TMTstop-B_1_pfirstgreen.png', 'False_StimFile': 'TMTstop-B_1_pfirstred.png', 'DurationTrial': 10}
127.0052 	DATA 	Keypress: 3
127.0117 	EXP 	Stim: autoDraw = False
127.0117 	EXP 	Stim: image = 'TMTstop-B_1_pfirstgreen.png'
127.0117 	EXP 	Stim: image = 'TMTstop-B_1_pfirstgreen.png'
127.0117 	EXP 	Stim: autoDraw = True
128.1548 	EXP 	New trial (rep=0, index=2): {'NumberLetter': 2, 'corrAns': ['2'], 'Correct': 2, 'StimFile': 'TMTstop-B_1_plinestimulus0.png', 'Correct_StimFile': 'TMTstop-B_1_pgreenlinestimulus0.png', 'False_StimFile': 'TMTstop-B_1_predlinestimulus0.png', 'DurationTrial': 10}
128.2383 	DATA 	Keypress: 1
128.2447 	EXP 	Stim: autoDraw = False
128.2447 	EXP 	Stim: image = 'TMTstop-B_1_pgreenlinestimulus0.png'
128.2447 	EXP 	Stim: image = 'TMTstop-B_1_pgreenlinestimulus0.png'
128.2447 	EXP 	Stim: autoDraw = True
128.3491 	DATA 	Keypress: 1
129.5911 	EXP 	New trial (rep=0, index=3): {'NumberLetter': 'B', 'corrAns': ['3'], 'Correct': 3, 'StimFile': 'TMTstop-B_1_plinestimulus1.png', 'Correct_StimFile': 'TMTstop-B_1_pgreenlinestimulus1.png', 'False_StimFile': 'TMTstop-B_1_predlinestimulus1.png', 'DurationTrial': 10}
129.7117 	DATA 	Keypress: 2
129.7191 	EXP 	Stim: autoDraw = False
129.7191 	EXP 	Stim: image = 'TMTstop-B_1_pgreenlinestimulus1.png'
129.7191 	EXP 	Stim: image = 'TMTstop-B_1_pgreenlinestimulus1.png'
129.7191 	EXP 	Stim: autoDraw = True
129.7988 	DATA 	Keypress: 2
130.3887 	DATA 	Keypress: 3
130.6120 	DATA 	Keypress: 3
133.9375 	EXP 	New trial (rep=0, index=4): {'NumberLetter': 3, 'corrAns': ['1'], 'Correct': 1, 'StimFile': 'TMTstop-B_1_plinestimulus2.png', 'Correct_StimFile': 'TMTstop-B_1_pgreenlinestimulus2.png', 'False_StimFile': 'TMTstop-B_1_predlinestimulus2.png', 'DurationTrial': 10}
134.0396 	DATA 	Keypress: 3
134.0457 	EXP 	Stim: autoDraw = False
134.0457 	EXP 	Stim: image = 'TMTstop-B_1_pgreenlinestimulus2.png'
134.0457 	EXP 	Stim: image = 'TMTstop-B_1_pgreenlinestimulus2.png'
134.0457 	EXP 	Stim: autoDraw = True
134.1295 	DATA 	Keypress: 3
136.1299 	DATA 	Keypress: 1
136.1397 	EXP 	New trial (rep=0, index=5): {'NumberLetter': 'C', 'corrAns': ['3'], 'Correct': 3, 'StimFile': 'TMTstop-B_1_plinestimulus3.png', 'Correct_StimFile': 'TMTstop-B_1_pgreenlinestimulus3.png', 'False_StimFile': 'TMTstop-B_1_predlinestimulus3.png', 'DurationTrial': 10}
136.2387 	EXP 	Stim: autoDraw = False
136.2387 	EXP 	Stim: image = 'TMTstop-B_1_pgreenlinestimulus3.png'
136.2387 	EXP 	Stim: image = 'TMTstop-B_1_pgreenlinestimulus3.png'
136.2387 	EXP 	Stim: autoDraw = True
136.3247 	DATA 	Keypress: 1
138.5812 	DATA 	Keypress: 3
138.5915 	EXP 	New trial (rep=0, index=6): {'NumberLetter': 4, 'corrAns': ['1'], 'Correct': 1, 'StimFile': 'TMTstop-B_1_plinestimulus4.png', 'Correct_StimFile': 'TMTstop-B_1_pgreenlinestimulus4.png', 'False_StimFile': 'TMTstop-B_1_predlinestimulus4.png', 'DurationTrial': 10}
138.6897 	EXP 	Stim: autoDraw = False
138.6897 	EXP 	Stim: image = 'TMTstop-B_1_pgreenlinestimulus4.png'
138.6897 	EXP 	Stim: image = 'TMTstop-B_1_pgreenlinestimulus4.png'
138.6897 	EXP 	Stim: autoDraw = True
138.7552 	DATA 	Keypress: 3
140.6152 	DATA 	Keypress: 1
140.6234 	EXP 	New trial (rep=0, index=7): {'NumberLetter': 'D', 'corrAns': ['3'], 'Correct': 3, 'StimFile': 'TMTstop-B_1_plinestimulus5.png', 'Correct_StimFile': 'TMTstop-B_1_pgreenlinestimulus5.png', 'False_StimFile': 'TMTstop-B_1_predlinestimulus5.png', 'DurationTrial': 10}
140.7259 	EXP 	Stim: autoDraw = False
140.7259 	EXP 	Stim: image = 'TMTstop-B_1_pgreenlinestimulus5.png'
140.7259 	EXP 	Stim: image = 'TMTstop-B_1_pgreenlinestimulus5.png'
140.7259 	EXP 	Stim: autoDraw = True
140.8131 	DATA 	Keypress: 1
143.6555 	DATA 	Keypress: 3
143.6646 	EXP 	New trial (rep=0, index=8): {'NumberLetter': 5, 'corrAns': ['2'], 'Correct': 2, 'StimFile': 'TMTstop-B_1_plinestimulus6.png', 'Correct_StimFile': 'TMTstop-B_1_pgreenlinestimulus6.png', 'False_StimFile': 'TMTstop-B_1_predlinestimulus6.png', 'DurationTrial': 10}
143.7722 	EXP 	Stim: autoDraw = False
143.7722 	EXP 	Stim: image = 'TMTstop-B_1_pgreenlinestimulus6.png'
143.7722 	EXP 	Stim: image = 'TMTstop-B_1_pgreenlinestimulus6.png'
143.7722 	EXP 	Stim: autoDraw = True
143.8685 	DATA 	Keypress: 3
146.3492 	DATA 	Keypress: 2
146.5291 	DATA 	Keypress: 2
147.4423 	DATA 	Keypress: 2
147.4514 	EXP 	New trial (rep=0, index=9): {'NumberLetter': 'E', 'corrAns': ['1'], 'Correct': 1, 'StimFile': 'TMTstop-B_1_plinestimulus7.png', 'Correct_StimFile': 'TMTstop-B_1_pgreenlinestimulus7.png', 'False_StimFile': 'TMTstop-B_1_predlinestimulus7.png', 'DurationTrial': 10}
147.5501 	EXP 	Stim: autoDraw = False
147.5501 	EXP 	Stim: image = 'TMTstop-B_1_pgreenlinestimulus7.png'
147.5501 	EXP 	Stim: image = 'TMTstop-B_1_pgreenlinestimulus7.png'
147.5501 	EXP 	Stim: autoDraw = True
147.6840 	DATA 	Keypress: 2
148.4167 	DATA 	Keypress: 1
148.4256 	EXP 	New trial (rep=0, index=10): {'NumberLetter': 6, 'corrAns': ['3'], 'Correct': 3, 'StimFile': 'TMTstop-B_1_plinestimulus8.png', 'Correct_StimFile': 'TMTstop-B_1_pgreenlinestimulus8.png', 'False_StimFile': 'TMTstop-B_1_predlinestimulus8.png', 'DurationTrial': 10}
148.5221 	EXP 	Stim: autoDraw = False
148.5221 	EXP 	Stim: image = 'TMTstop-B_1_pgreenlinestimulus8.png'
148.5221 	EXP 	Stim: image = 'TMTstop-B_1_pgreenlinestimulus8.png'
148.5221 	EXP 	Stim: autoDraw = True
148.6971 	DATA 	Keypress: 1
150.3658 	DATA 	Keypress: 3
150.3754 	EXP 	New trial (rep=0, index=11): {'NumberLetter': 'F', 'corrAns': ['1'], 'Correct': 1, 'StimFile': 'TMTstop-B_1_plinestimulus9.png', 'Correct_StimFile': 'TMTstop-B_1_pgreenlinestimulus9.png', 'False_StimFile': 'TMTstop-B_1_predlinestimulus9.png', 'DurationTrial': 10}
150.4989 	EXP 	Stim: autoDraw = False
150.4989 	EXP 	Stim: image = 'TMTstop-B_1_pgreenlinestimulus9.png'
150.4989 	EXP 	Stim: image = 'TMTstop-B_1_pgreenlinestimulus9.png'
150.4989 	EXP 	Stim: autoDraw = True
150.6461 	DATA 	Keypress: 3
151.3622 	EXP 	New trial (rep=0, index=12): {'NumberLetter': 7, 'corrAns': ['3'], 'Correct': 3, 'StimFile': 'TMTstop-B_1_plinestimulus10.png', 'Correct_StimFile': 'TMTstop-B_1_pgreenlinestimulus10.png', 'False_StimFile': 'TMTstop-B_1_predlinestimulus10.png', 'DurationTrial': 1}
151.4636 	DATA 	Keypress: 1
151.4702 	EXP 	Stim: autoDraw = False
151.4702 	EXP 	Stim: image = 'TMTstop-B_1_pgreenlinestimulus10.png'
151.4702 	EXP 	Stim: image = 'TMTstop-B_1_pgreenlinestimulus10.png'
151.4702 	EXP 	Stim: autoDraw = True
151.6749 	DATA 	Keypress: 1
153.6341 	EXP 	New trial (rep=0, index=13): {'NumberLetter': 'G', 'corrAns': ['1'], 'Correct': 1, 'StimFile': 'TMTstop-B_1_plinestimulus11.png', 'Correct_StimFile': 'TMTstop-B_1_pgreenlinestimulus11.png', 'False_StimFile': 'TMTstop-B_1_predlinestimulus11.png', 'DurationTrial': None}
153.7405 	DATA 	Keypress: 3
153.7468 	EXP 	Stim: autoDraw = False
153.7468 	EXP 	Stim: image = 'TMTstop-B_1_pgreenlinestimulus11.png'
153.7468 	EXP 	Stim: image = 'TMTstop-B_1_pgreenlinestimulus11.png'
153.7468 	EXP 	Stim: autoDraw = True
153.8996 	DATA 	Keypress: 3
154.5933 	EXP 	New trial (rep=0, index=14): {'NumberLetter': 8, 'corrAns': ['2'], 'Correct': 2, 'StimFile': 'TMTstop-B_1_plinestimulus12.png', 'Correct_StimFile': 'TMTstop-B_1_pgreenlinestimulus12.png', 'False_StimFile': 'TMTstop-B_1_predlinestimulus12.png', 'DurationTrial': None}
154.6879 	DATA 	Keypress: 1
154.6944 	EXP 	Stim: autoDraw = False
154.6944 	EXP 	Stim: image = 'TMTstop-B_1_pgreenlinestimulus12.png'
154.6944 	EXP 	Stim: image = 'TMTstop-B_1_pgreenlinestimulus12.png'
154.6944 	EXP 	Stim: autoDraw = True
154.8781 	DATA 	Keypress: 1
155.8383 	DATA 	Keypress: 2
155.8475 	EXP 	New trial (rep=0, index=15): {'NumberLetter': 'H', 'corrAns': ['3'], 'Correct': 3, 'StimFile': 'TMTstop-B_1_plinestimulus13.png', 'Correct_StimFile': 'TMTstop-B_1_pgreenlinestimulus13.png', 'False_StimFile': 'TMTstop-B_1_predlinestimulus13.png', 'DurationTrial': None}
155.9499 	EXP 	Stim: autoDraw = False
155.9499 	EXP 	Stim: image = 'TMTstop-B_1_pgreenlinestimulus13.png'
155.9499 	EXP 	Stim: image = 'TMTstop-B_1_pgreenlinestimulus13.png'
155.9499 	EXP 	Stim: autoDraw = True
156.1049 	DATA 	Keypress: 2
157.8289 	EXP 	New trial (rep=0, index=16): {'NumberLetter': 9, 'corrAns': ['2'], 'Correct': 2, 'StimFile': 'TMTstop-B_1_plinestimulus14.png', 'Correct_StimFile': 'TMTstop-B_1_pgreenlinestimulus14.png', 'False_StimFile': 'TMTstop-B_1_predlinestimulus14.png', 'DurationTrial': None}
157.9268 	DATA 	Keypress: 3
157.9349 	EXP 	Stim: autoDraw = False
157.9349 	EXP 	Stim: image = 'TMTstop-B_1_pgreenlinestimulus14.png'
157.9349 	EXP 	Stim: image = 'TMTstop-B_1_pgreenlinestimulus14.png'
157.9349 	EXP 	Stim: autoDraw = True
158.0610 	DATA 	Keypress: 3
159.5081 	DATA 	Keypress: 2
159.5167 	EXP 	New trial (rep=0, index=17): {'NumberLetter': 'I', 'corrAns': ['3'], 'Correct': 3, 'StimFile': 'TMTstop-B_1_plinestimulus15.png', 'Correct_StimFile': 'TMTstop-B_1_pgreenlinestimulus15.png', 'False_StimFile': 'TMTstop-B_1_predlinestimulus15.png', 'DurationTrial': None}
159.6301 	EXP 	Stim: autoDraw = False
159.6301 	EXP 	Stim: image = 'TMTstop-B_1_pgreenlinestimulus15.png'
159.6301 	EXP 	Stim: image = 'TMTstop-B_1_pgreenlinestimulus15.png'
159.6301 	EXP 	Stim: autoDraw = True
159.7757 	DATA 	Keypress: 2
162.4882 	DATA 	Keypress: 3
162.4965 	EXP 	New trial (rep=0, index=18): {'NumberLetter': 10, 'corrAns': ['1'], 'Correct': 1, 'StimFile': 'TMTstop-B_1_plinestimulus16.png', 'Correct_StimFile': 'TMTstop-B_1_pgreenlinestimulus16.png', 'False_StimFile': 'TMTstop-B_1_predlinestimulus16.png', 'DurationTrial': None}
162.6027 	EXP 	Stim: autoDraw = False
162.6027 	EXP 	Stim: image = 'TMTstop-B_1_pgreenlinestimulus16.png'
162.6027 	EXP 	Stim: image = 'TMTstop-B_1_pgreenlinestimulus16.png'
162.6027 	EXP 	Stim: autoDraw = True
162.7289 	DATA 	Keypress: 3
164.0789 	DATA 	Keypress: 3
164.1390 	EXP 	Stim: image = 'TMTstop-B_1_predlinestimulus16.png'
164.1955 	EXP 	Stim: image = 'TMTstop-B_1_predlinestimulus16.png'
164.2535 	EXP 	Stim: image = 'TMTstop-B_1_predlinestimulus16.png'
164.3076 	EXP 	Stim: image = 'TMTstop-B_1_predlinestimulus16.png'
164.3592 	DATA 	Keypress: 3
164.3644 	EXP 	Stim: image = 'TMTstop-B_1_predlinestimulus16.png'
164.4213 	EXP 	Stim: image = 'TMTstop-B_1_predlinestimulus16.png'
164.4813 	EXP 	Stim: image = 'TMTstop-B_1_predlinestimulus16.png'
164.5487 	EXP 	Stim: image = 'TMTstop-B_1_predlinestimulus16.png'
164.6053 	EXP 	Stim: image = 'TMTstop-B_1_predlinestimulus16.png'
164.6635 	EXP 	Stim: image = 'TMTstop-B_1_predlinestimulus16.png'
164.7245 	EXP 	Stim: image = 'TMTstop-B_1_predlinestimulus16.png'
164.7834 	EXP 	Stim: image = 'TMTstop-B_1_predlinestimulus16.png'
164.8414 	EXP 	Stim: image = 'TMTstop-B_1_predlinestimulus16.png'
164.9033 	EXP 	Stim: image = 'TMTstop-B_1_predlinestimulus16.png'
164.9603 	EXP 	Stim: image = 'TMTstop-B_1_predlinestimulus16.png'
165.0170 	EXP 	Stim: image = 'TMTstop-B_1_predlinestimulus16.png'
165.0726 	EXP 	Stim: image = 'TMTstop-B_1_predlinestimulus16.png'
165.1376 	EXP 	Stim: image = 'TMTstop-B_1_predlinestimulus16.png'
165.1954 	EXP 	Stim: image = 'TMTstop-B_1_predlinestimulus16.png'
165.2540 	EXP 	Stim: image = 'TMTstop-B_1_predlinestimulus16.png'
165.3094 	EXP 	Stim: image = 'TMTstop-B_1_predlinestimulus16.png'
165.3664 	EXP 	Stim: image = 'TMTstop-B_1_predlinestimulus16.png'
165.4291 	EXP 	Stim: image = 'TMTstop-B_1_predlinestimulus16.png'
165.4879 	EXP 	Stim: image = 'TMTstop-B_1_predlinestimulus16.png'
165.5537 	EXP 	Stim: image = 'TMTstop-B_1_predlinestimulus16.png'
165.6182 	EXP 	Stim: image = 'TMTstop-B_1_predlinestimulus16.png'
165.6864 	EXP 	Stim: image = 'TMTstop-B_1_predlinestimulus16.png'
165.7445 	EXP 	Stim: image = 'TMTstop-B_1_predlinestimulus16.png'
165.8016 	EXP 	Stim: image = 'TMTstop-B_1_predlinestimulus16.png'
165.8586 	EXP 	Stim: image = 'TMTstop-B_1_predlinestimulus16.png'
165.9264 	EXP 	Stim: image = 'TMTstop-B_1_predlinestimulus16.png'
165.9830 	EXP 	Stim: image = 'TMTstop-B_1_predlinestimulus16.png'
166.0379 	EXP 	Stim: image = 'TMTstop-B_1_predlinestimulus16.png'
166.0907 	EXP 	Stim: image = 'TMTstop-B_1_predlinestimulus16.png'
166.1467 	EXP 	Stim: image = 'TMTstop-B_1_predlinestimulus16.png'
166.1997 	EXP 	Stim: image = 'TMTstop-B_1_predlinestimulus16.png'
166.2551 	EXP 	Stim: image = 'TMTstop-B_1_predlinestimulus16.png'
166.3055 	EXP 	Stim: image = 'TMTstop-B_1_predlinestimulus16.png'
166.3599 	EXP 	Stim: image = 'TMTstop-B_1_predlinestimulus16.png'
166.4152 	EXP 	Stim: image = 'TMTstop-B_1_predlinestimulus16.png'
166.4738 	EXP 	Stim: image = 'TMTstop-B_1_predlinestimulus16.png'
166.5246 	EXP 	Stim: image = 'TMTstop-B_1_predlinestimulus16.png'
166.5798 	EXP 	Stim: image = 'TMTstop-B_1_predlinestimulus16.png'
166.6315 	EXP 	Stim: image = 'TMTstop-B_1_predlinestimulus16.png'
166.6853 	EXP 	Stim: image = 'TMTstop-B_1_predlinestimulus16.png'
166.7428 	EXP 	Stim: image = 'TMTstop-B_1_predlinestimulus16.png'
166.7983 	EXP 	Stim: image = 'TMTstop-B_1_predlinestimulus16.png'
166.8487 	EXP 	Stim: image = 'TMTstop-B_1_predlinestimulus16.png'
166.9059 	EXP 	Stim: image = 'TMTstop-B_1_predlinestimulus16.png'
166.9674 	EXP 	Stim: image = 'TMTstop-B_1_predlinestimulus16.png'
167.0241 	EXP 	Stim: image = 'TMTstop-B_1_predlinestimulus16.png'
167.0767 	EXP 	Stim: image = 'TMTstop-B_1_predlinestimulus16.png'
167.1296 	EXP 	Stim: image = 'TMTstop-B_1_predlinestimulus16.png'
167.1915 	EXP 	Stim: image = 'TMTstop-B_1_predlinestimulus16.png'
167.2483 	EXP 	Stim: image = 'TMTstop-B_1_predlinestimulus16.png'
167.3000 	EXP 	Stim: image = 'TMTstop-B_1_predlinestimulus16.png'
167.3525 	EXP 	Stim: image = 'TMTstop-B_1_predlinestimulus16.png'
167.4089 	EXP 	Stim: image = 'TMTstop-B_1_predlinestimulus16.png'
167.4695 	EXP 	Stim: image = 'TMTstop-B_1_predlinestimulus16.png'
167.5292 	EXP 	Stim: image = 'TMTstop-B_1_predlinestimulus16.png'
167.5337 	EXP 	New trial (rep=0, index=19): {'NumberLetter': 'J', 'corrAns': ['3'], 'Correct': 3, 'StimFile': 'TMTstop-B_1_plinestimulus17.png', 'Correct_StimFile': 'TMTstop-B_1_pgreenlinestimulus17.png', 'False_StimFile': 'TMTstop-B_1_predlinestimulus17.png', 'DurationTrial': None}
167.6840 	DATA 	Keypress: 1
167.6899 	EXP 	Stim: autoDraw = False
167.6899 	EXP 	Stim: image = 'TMTstop-B_1_pgreenlinestimulus17.png'
167.6899 	EXP 	Stim: image = 'TMTstop-B_1_pgreenlinestimulus17.png'
167.6899 	EXP 	Stim: autoDraw = True
167.7514 	DATA 	Keypress: 1
168.4794 	DATA 	Keypress: 3
168.4890 	EXP 	New trial (rep=0, index=20): {'NumberLetter': 11, 'corrAns': ['1'], 'Correct': 1, 'StimFile': 'TMTstop-B_1_plinestimulus18.png', 'Correct_StimFile': 'TMTstop-B_1_pgreenlinestimulus18.png', 'False_StimFile': 'TMTstop-B_1_predlinestimulus18.png', 'DurationTrial': None}
168.6018 	EXP 	Stim: autoDraw = False
168.6018 	EXP 	Stim: image = 'TMTstop-B_1_pgreenlinestimulus18.png'
168.6018 	EXP 	Stim: image = 'TMTstop-B_1_pgreenlinestimulus18.png'
168.6018 	EXP 	Stim: autoDraw = True
168.7151 	DATA 	Keypress: 3
170.5114 	EXP 	New trial (rep=0, index=21): {'NumberLetter': 'K', 'corrAns': ['3'], 'Correct': 3, 'StimFile': 'TMTstop-B_1_plinestimulus19.png', 'Correct_StimFile': 'TMTstop-B_1_pgreenlinestimulus19.png', 'False_StimFile': 'TMTstop-B_1_predlinestimulus19.png', 'DurationTrial': None}
170.6115 	DATA 	Keypress: 1
170.6173 	EXP 	Stim: autoDraw = False
170.6173 	EXP 	Stim: image = 'TMTstop-B_1_pgreenlinestimulus19.png'
170.6173 	EXP 	Stim: image = 'TMTstop-B_1_pgreenlinestimulus19.png'
170.6173 	EXP 	Stim: autoDraw = True
170.7646 	DATA 	Keypress: 1
171.6537 	EXP 	New trial (rep=0, index=22): {'NumberLetter': 12, 'corrAns': ['1'], 'Correct': 1, 'StimFile': 'TMTstop-B_1_plinestimulus20.png', 'Correct_StimFile': 'TMTstop-B_1_pgreenlinestimulus20.png', 'False_StimFile': 'TMTstop-B_1_predlinestimulus20.png', 'DurationTrial': None}
171.7529 	DATA 	Keypress: 3
171.7584 	EXP 	Stim: autoDraw = False
171.7584 	EXP 	Stim: image = 'TMTstop-B_1_pgreenlinestimulus20.png'
171.7584 	EXP 	Stim: image = 'TMTstop-B_1_pgreenlinestimulus20.png'
171.7584 	EXP 	Stim: autoDraw = True
171.8754 	DATA 	Keypress: 3
173.0793 	EXP 	New trial (rep=0, index=23): {'NumberLetter': 'L', 'corrAns': ['2'], 'Correct': 2, 'StimFile': 'TMTstop-B_1_plinestimulus21.png', 'Correct_StimFile': 'TMTstop-B_1_pgreenlinestimulus21.png', 'False_StimFile': 'TMTstop-B_1_predlinestimulus21.png', 'DurationTrial': None}
173.1846 	DATA 	Keypress: 1
173.1900 	EXP 	Stim: autoDraw = False
173.1900 	EXP 	Stim: image = 'TMTstop-B_1_pgreenlinestimulus21.png'
173.1900 	EXP 	Stim: image = 'TMTstop-B_1_pgreenlinestimulus21.png'
173.1900 	EXP 	Stim: autoDraw = True
173.3218 	DATA 	Keypress: 1
175.2272 	EXP 	New trial (rep=0, index=24): {'NumberLetter': 13, 'corrAns': ['3'], 'Correct': 3, 'StimFile': 'TMTstop-B_1_plinestimulus22.png', 'Correct_StimFile': 'TMTstop-B_1_pgreenlinestimulus22.png', 'False_StimFile': 'TMTstop-B_1_predlinestimulus22.png', 'DurationTrial': None}
175.3218 	DATA 	Keypress: 2
175.3280 	EXP 	Stim: autoDraw = False
175.3280 	EXP 	Stim: image = 'TMTstop-B_1_pgreenlinestimulus22.png'
175.3280 	EXP 	Stim: image = 'TMTstop-B_1_pgreenlinestimulus22.png'
175.3280 	EXP 	Stim: autoDraw = True
175.4247 	DATA 	Keypress: 2
176.9030 	DATA 	Keypress: 3
176.9122 	EXP 	New trial (rep=0, index=25): {'NumberLetter': None, 'corrAns': None, 'Correct': None, 'StimFile': 'TMTstop-B_1_plinestimulus23.png', 'Correct_StimFile': 'TMTstop-B_1_pgreenlinestimulus23.png', 'False_StimFile': 'TMTstop-B_1_predlinestimulus23.png', 'DurationTrial': None}
177.0132 	EXP 	Stim: autoDraw = False
177.0132 	EXP 	Stim: image = 'TMTstop-B_1_pgreenlinestimulus23.png'
177.0132 	EXP 	Stim: image = 'TMTstop-B_1_pgreenlinestimulus23.png'
177.0132 	EXP 	Stim: autoDraw = True
177.0179 	DATA 	Keypress: 3
178.1045 	EXP 	Stim: autoDraw = False
178.1045 	EXP 	text: autoDraw = True
184.0242 	EXP 	text: autoDraw = False
184.1724 	EXP 	window1: mouseVisible = True
