1.7110 	WARNING 	We strongly recommend you activate the PTB sound engine in PsychoPy prefs as the preferred audio engine. Its timing is vastly superior. Your prefs are currently set to use ['pyo'] (in that order).
5.7026 	EXP 	Created window1 = Window(allowGUI=True, allowStencil=False, autoLog=True, backendConf=UNKNOWN, bitsMode=UNKNOWN, blendMode='avg', bpc=(8, 8, 8), color=array([0, 0, 0]), colorSpace='rgb', depthBits=8, fullscr=<method-wrapper '__getattribute__' of attributeSetter object at 0x000001C04563A710>, gamma=None, gammaErrorPolicy='raise', lms=UNKNOWN, monitor=<psychopy.monitors.calibTools.Monitor object at 0x000001C0455559E8>, multiSample=False, name='window1', numSamples=2, pos=[0.0, 0.0], screen=0, size=array([1920, 1055]), stencilBits=0, stereo=False, units='height', useFBO=True, useRetina=False, viewOri=0.0, viewPos=None, viewScale=None, waitBlanking=True, winType='glfw')
5.7026 	EXP 	window1: mouseVisible = True
5.7026 	EXP 	window1: recordFrameIntervals = False
5.7713 	EXP 	window1: recordFrameIntervals = True
5.8486 	EXP 	window1: recordFrameIntervals = False
6.1923 	EXP 	Created Instruct = ImageStim(__class__=<class 'psychopy.visual.image.ImageStim'>, autoLog=True, color=array([1., 1., 1.]), colorSpace='rgb', contrast=1.0, depth=0.0, flipHoriz=False, flipVert=False, image=str(...), interpolate=True, mask=None, maskParams=None, name='Instruct', opacity=1, ori=0.0, pos=array([0., 0.]), size=array([1.28, 0.72]), texRes=128.0, units='height', win=Window(...))
6.2571 	EXP 	Created image_2 = ImageStim(__class__=<class 'psychopy.visual.image.ImageStim'>, autoLog=True, color=array([1., 1., 1.]), colorSpace='rgb', contrast=1.0, depth=0.0, flipHoriz=False, flipVert=False, image=str(...), interpolate=True, mask=None, maskParams=None, name='image_2', opacity=1, ori=0.0, pos=array([0., 0.]), size=array([1.28, 0.72]), texRes=128.0, units='height', win=Window(...))
6.2597 	EXP 	Created polygon = ShapeStim(__class__=<class 'psychopy.visual.shape.ShapeStim'>, autoDraw=False, autoLog=True, closeShape=True, color=method-wrapper(...), colorSpace='rgb', contrast=None, depth=0.0, fillColor=array([1, 1, 1]), fillColorSpace='rgb', fillRGB=array([1, 1, 1]), interpolate=True, lineColor=array([1., 1., 1.]), lineColorSpace='rgb', lineRGB=array([1, 1, 1]), lineWidth=1.0, name='polygon', opacity=1, ori=0.0, pos=array([0., 0.]), size=array([0.5, 0.5]), units='height', vertices=ndarray(...), win=Window(...), windingRule=None)
6.2632 	EXP 	Created Stim_practice = ImageStim(__class__=<class 'psychopy.visual.image.ImageStim'>, autoLog=True, color=array([1., 1., 1.]), colorSpace='rgb', contrast=1.0, depth=0.0, flipHoriz=False, flipVert=False, image='sin', interpolate=True, mask=None, maskParams=None, name='Stim_practice', opacity=1, ori=0.0, pos=array([0., 0.]), size=array([1.777, 1.   ]), texRes=128.0, units='height', win=Window(...))
6.3236 	EXP 	Created text_5 = TextStim(__class__=<class 'psychopy.visual.text.TextStim'>, alignHoriz=method-wrapper(...), alignText='center', alignVert=method-wrapper(...), anchorHoriz='center', anchorVert='center', antialias=True, autoLog=True, bold=False, color=array([1., 1., 1.]), colorSpace='rgb', contrast=1.0, depth=0.0, flipHoriz=False, flipVert=False, font='Open Sans', fontFiles=[], height=0.03, italic=False, languageStyle='LTR', name='text_5', opacity=1, ori=0.0, pos=array([0., 0.]), rgb=UNKNOWN, text='', units='height', win=Window(...), wrapWidth=1)
6.3254 	EXP 	Created polygon = ShapeStim(__class__=<class 'psychopy.visual.shape.ShapeStim'>, autoDraw=False, autoLog=True, closeShape=True, color=method-wrapper(...), colorSpace='rgb', contrast=None, depth=0.0, fillColor=array([1, 1, 1]), fillColorSpace='rgb', fillRGB=array([1, 1, 1]), interpolate=True, lineColor=array([1., 1., 1.]), lineColorSpace='rgb', lineRGB=array([1, 1, 1]), lineWidth=1.0, name='polygon', opacity=1, ori=0.0, pos=array([0., 0.]), size=array([0.5, 0.5]), units='height', vertices=ndarray(...), win=Window(...), windingRule=None)
6.3286 	EXP 	Created Stim = ImageStim(__class__=<class 'psychopy.visual.image.ImageStim'>, autoLog=True, color=array([1., 1., 1.]), colorSpace='rgb', contrast=1.0, depth=0.0, flipHoriz=False, flipVert=False, image='sin', interpolate=True, mask=None, maskParams=None, name='Stim', opacity=1, ori=0.0, pos=array([0., 0.]), size=array([1.777, 1.   ]), texRes=128.0, units='height', win=Window(...))
6.3304 	EXP 	Created polygon = ShapeStim(__class__=<class 'psychopy.visual.shape.ShapeStim'>, autoDraw=False, autoLog=True, closeShape=True, color=method-wrapper(...), colorSpace='rgb', contrast=None, depth=0.0, fillColor=array([1, 1, 1]), fillColorSpace='rgb', fillRGB=array([1, 1, 1]), interpolate=True, lineColor=array([1., 1., 1.]), lineColorSpace='rgb', lineRGB=array([1, 1, 1]), lineWidth=1.0, name='polygon', opacity=1, ori=0.0, pos=array([0., 0.]), size=array([0.5, 0.5]), units='height', vertices=ndarray(...), win=Window(...), windingRule=None)
6.3333 	EXP 	Created Stim = ImageStim(__class__=<class 'psychopy.visual.image.ImageStim'>, autoLog=True, color=array([1., 1., 1.]), colorSpace='rgb', contrast=1.0, depth=0.0, flipHoriz=False, flipVert=False, image='sin', interpolate=True, mask=None, maskParams=None, name='Stim', opacity=1, ori=0.0, pos=array([0., 0.]), size=array([1.777, 1.   ]), texRes=128.0, units='height', win=Window(...))
6.3352 	EXP 	Created polygon = ShapeStim(__class__=<class 'psychopy.visual.shape.ShapeStim'>, autoDraw=False, autoLog=True, closeShape=True, color=method-wrapper(...), colorSpace='rgb', contrast=None, depth=0.0, fillColor=array([1, 1, 1]), fillColorSpace='rgb', fillRGB=array([1, 1, 1]), interpolate=True, lineColor=array([1., 1., 1.]), lineColorSpace='rgb', lineRGB=array([1, 1, 1]), lineWidth=1.0, name='polygon', opacity=1, ori=0.0, pos=array([0., 0.]), size=array([0.5, 0.5]), units='height', vertices=ndarray(...), win=Window(...), windingRule=None)
6.3380 	EXP 	Created Stim = ImageStim(__class__=<class 'psychopy.visual.image.ImageStim'>, autoLog=True, color=array([1., 1., 1.]), colorSpace='rgb', contrast=1.0, depth=0.0, flipHoriz=False, flipVert=False, image='sin', interpolate=True, mask=None, maskParams=None, name='Stim', opacity=1, ori=0.0, pos=array([0., 0.]), size=array([1.777, 1.   ]), texRes=128.0, units='height', win=Window(...))
6.3398 	EXP 	Created polygon = ShapeStim(__class__=<class 'psychopy.visual.shape.ShapeStim'>, autoDraw=False, autoLog=True, closeShape=True, color=method-wrapper(...), colorSpace='rgb', contrast=None, depth=0.0, fillColor=array([1, 1, 1]), fillColorSpace='rgb', fillRGB=array([1, 1, 1]), interpolate=True, lineColor=array([1., 1., 1.]), lineColorSpace='rgb', lineRGB=array([1, 1, 1]), lineWidth=1.0, name='polygon', opacity=1, ori=0.0, pos=array([0., 0.]), size=array([0.5, 0.5]), units='height', vertices=ndarray(...), win=Window(...), windingRule=None)
6.3427 	EXP 	Created Stim = ImageStim(__class__=<class 'psychopy.visual.image.ImageStim'>, autoLog=True, color=array([1., 1., 1.]), colorSpace='rgb', contrast=1.0, depth=0.0, flipHoriz=False, flipVert=False, image='sin', interpolate=True, mask=None, maskParams=None, name='Stim', opacity=1, ori=0.0, pos=array([0., 0.]), size=array([1.777, 1.   ]), texRes=128.0, units='height', win=Window(...))
6.3445 	EXP 	Created polygon = ShapeStim(__class__=<class 'psychopy.visual.shape.ShapeStim'>, autoDraw=False, autoLog=True, closeShape=True, color=method-wrapper(...), colorSpace='rgb', contrast=None, depth=0.0, fillColor=array([1, 1, 1]), fillColorSpace='rgb', fillRGB=array([1, 1, 1]), interpolate=True, lineColor=array([1., 1., 1.]), lineColorSpace='rgb', lineRGB=array([1, 1, 1]), lineWidth=1.0, name='polygon', opacity=1, ori=0.0, pos=array([0., 0.]), size=array([0.5, 0.5]), units='height', vertices=ndarray(...), win=Window(...), windingRule=None)
6.3473 	EXP 	Created Stim = ImageStim(__class__=<class 'psychopy.visual.image.ImageStim'>, autoLog=True, color=array([1., 1., 1.]), colorSpace='rgb', contrast=1.0, depth=0.0, flipHoriz=False, flipVert=False, image='sin', interpolate=True, mask=None, maskParams=None, name='Stim', opacity=1, ori=0.0, pos=array([0., 0.]), size=array([1.777, 1.   ]), texRes=128.0, units='height', win=Window(...))
6.3491 	EXP 	Created polygon = ShapeStim(__class__=<class 'psychopy.visual.shape.ShapeStim'>, autoDraw=False, autoLog=True, closeShape=True, color=method-wrapper(...), colorSpace='rgb', contrast=None, depth=0.0, fillColor=array([1, 1, 1]), fillColorSpace='rgb', fillRGB=array([1, 1, 1]), interpolate=True, lineColor=array([1., 1., 1.]), lineColorSpace='rgb', lineRGB=array([1, 1, 1]), lineWidth=1.0, name='polygon', opacity=1, ori=0.0, pos=array([0., 0.]), size=array([0.5, 0.5]), units='height', vertices=ndarray(...), win=Window(...), windingRule=None)
6.3519 	EXP 	Created Stim = ImageStim(__class__=<class 'psychopy.visual.image.ImageStim'>, autoLog=True, color=array([1., 1., 1.]), colorSpace='rgb', contrast=1.0, depth=0.0, flipHoriz=False, flipVert=False, image='sin', interpolate=True, mask=None, maskParams=None, name='Stim', opacity=1, ori=0.0, pos=array([0., 0.]), size=array([1.777, 1.   ]), texRes=128.0, units='height', win=Window(...))
6.4087 	EXP 	Created text = TextStim(__class__=<class 'psychopy.visual.text.TextStim'>, alignHoriz=method-wrapper(...), alignText='center', alignVert=method-wrapper(...), anchorHoriz='center', anchorVert='center', antialias=True, autoLog=True, bold=False, color=array([1., 1., 1.]), colorSpace='rgb', contrast=1.0, depth=0.0, flipHoriz=False, flipVert=False, font='Open Sans', fontFiles=[], height=0.04, italic=False, languageStyle='LTR', name='text', opacity=1, ori=0.0, pos=array([0., 0.]), rgb=UNKNOWN, text=str(...), units='height', win=Window(...), wrapWidth=1)
6.4582 	EXP 	Instruct: autoDraw = True
6.9429 	DATA 	Keypress: 2
6.9450 	EXP 	Instruct: autoDraw = False
6.9450 	EXP 	image_2: autoDraw = True
7.1669 	DATA 	Keypress: 2
7.3531 	DATA 	Keypress: 2
7.3692 	EXP 	image_2: autoDraw = False
7.3692 	EXP 	polygon: autoDraw = True
7.5405 	DATA 	Keypress: 2
10.3620 	EXP 	Created sequence: sequential, trialTypes=1, nReps=100, seed=None
10.3624 	EXP 	New trial (rep=0, index=0): None
10.3702 	EXP 	Imported TMTstop-A_1_practice.xlsx as conditions, 13 conditions, 6 params
10.3705 	EXP 	Created sequence: sequential, trialTypes=13, nReps=1, seed=None
10.3707 	EXP 	New trial (rep=0, index=0): {'NumberLetter': 1, 'corrAns': ['1'], 'StimFile': 'TMTstop-A_1_practice.png', 'Correct_StimFile': 'TMTstop-A_1_practice.png', 'False_StimFile': 'TMTstop-A_1_practice.png', 'DurationTrial': 10}
10.4178 	EXP 	polygon: autoDraw = False
10.4178 	EXP 	Stim_practice: image = 'TMTstop-A_1_practice.png'
10.4178 	EXP 	Stim_practice: autoDraw = True
10.7755 	DATA 	Keypress: 1
10.7830 	EXP 	New trial (rep=0, index=1): {'NumberLetter': 2, 'corrAns': ['2'], 'StimFile': 'TMTstop-A_1_practice.png', 'Correct_StimFile': 'TMTstop-A_1_practicefirstgreen.png', 'False_StimFile': 'TMTstop-A_1_practicefirstred.png', 'DurationTrial': 10}
10.8486 	EXP 	Stim_practice: autoDraw = False
10.8486 	EXP 	Stim_practice: image = 'TMTstop-A_1_practicefirstgreen.png'
10.8486 	EXP 	Stim_practice: image = 'TMTstop-A_1_practicefirstgreen.png'
10.8486 	EXP 	Stim_practice: autoDraw = True
10.8726 	DATA 	Keypress: 2
10.8789 	EXP 	New trial (rep=0, index=2): {'NumberLetter': 3, 'corrAns': ['3'], 'StimFile': 'TMTstop-A_1_practicelinestimulus0.png', 'Correct_StimFile': 'TMTstop-A_1_practicegreenlinestimulus0.png', 'False_StimFile': 'TMTstop-A_1_practiceredlinestimulus0.png', 'DurationTrial': 10}
10.9465 	EXP 	Stim_practice: autoDraw = False
10.9465 	EXP 	Stim_practice: image = 'TMTstop-A_1_practicegreenlinestimulus0.png'
10.9465 	EXP 	Stim_practice: image = 'TMTstop-A_1_practicegreenlinestimulus0.png'
10.9465 	EXP 	Stim_practice: autoDraw = True
10.9698 	DATA 	Keypress: 3
10.9764 	EXP 	New trial (rep=0, index=3): {'NumberLetter': 4, 'corrAns': ['1'], 'StimFile': 'TMTstop-A_1_practicelinestimulus1.png', 'Correct_StimFile': 'TMTstop-A_1_practicegreenlinestimulus1.png', 'False_StimFile': 'TMTstop-A_1_practiceredlinestimulus1.png', 'DurationTrial': 10}
11.0400 	DATA 	Keypress: 1
11.0435 	EXP 	Stim_practice: autoDraw = False
11.0435 	EXP 	Stim_practice: image = 'TMTstop-A_1_practicegreenlinestimulus1.png'
11.0435 	EXP 	Stim_practice: image = 'TMTstop-A_1_practicegreenlinestimulus1.png'
11.0435 	EXP 	Stim_practice: autoDraw = True
11.0533 	DATA 	Keypress: 2
11.1019 	EXP 	New trial (rep=0, index=4): {'NumberLetter': 5, 'corrAns': ['2'], 'StimFile': 'TMTstop-A_1_practicelinestimulus2.png', 'Correct_StimFile': 'TMTstop-A_1_practicegreenlinestimulus2.png', 'False_StimFile': 'TMTstop-A_1_practiceredlinestimulus2.png', 'DurationTrial': 10}
11.1653 	DATA 	Keypress: 1
11.1655 	DATA 	Keypress: 2
11.1689 	EXP 	Stim_practice: autoDraw = False
11.1689 	EXP 	Stim_practice: image = 'TMTstop-A_1_practicegreenlinestimulus2.png'
11.1689 	EXP 	Stim_practice: image = 'TMTstop-A_1_practicegreenlinestimulus2.png'
11.1689 	EXP 	Stim_practice: autoDraw = True
11.1783 	DATA 	Keypress: 3
11.2476 	DATA 	Keypress: 3
11.2825 	DATA 	Keypress: 1
11.2862 	EXP 	Stim_practice: image = 'TMTstop-A_1_practiceredlinestimulus2.png'
11.3240 	DATA 	Keypress: 2
11.3275 	EXP 	Stim_practice: image = 'TMTstop-A_1_practiceredlinestimulus2.png'
11.3656 	DATA 	Keypress: 1
11.3691 	EXP 	Stim_practice: image = 'TMTstop-A_1_practiceredlinestimulus2.png'
11.4109 	EXP 	Stim_practice: image = 'TMTstop-A_1_practiceredlinestimulus2.png'
11.4492 	DATA 	Keypress: 3
11.4493 	DATA 	Keypress: 2
11.4529 	EXP 	Stim_practice: image = 'TMTstop-A_1_practiceredlinestimulus2.png'
11.4573 	EXP 	New trial (rep=0, index=5): {'NumberLetter': 6, 'corrAns': ['3'], 'StimFile': 'TMTstop-A_1_practicelinestimulus3.png', 'Correct_StimFile': 'TMTstop-A_1_practicegreenlinestimulus3.png', 'False_StimFile': 'TMTstop-A_1_practiceredlinestimulus3.png', 'DurationTrial': 10}
11.5184 	DATA 	Keypress: 3
11.5234 	EXP 	Stim_practice: autoDraw = False
11.5234 	EXP 	Stim_practice: image = 'TMTstop-A_1_practicegreenlinestimulus3.png'
11.5234 	EXP 	Stim_practice: image = 'TMTstop-A_1_practicegreenlinestimulus3.png'
11.5234 	EXP 	Stim_practice: autoDraw = True
11.5468 	DATA 	Keypress: 1
11.5742 	DATA 	Keypress: 2
11.6713 	DATA 	Keypress: 1
11.7135 	DATA 	Keypress: 3
11.7165 	EXP 	Stim_practice: image = 'TMTstop-A_1_practiceredlinestimulus3.png'
11.7544 	DATA 	Keypress: 2
11.7585 	EXP 	Stim_practice: image = 'TMTstop-A_1_practiceredlinestimulus3.png'
11.7996 	EXP 	Stim_practice: image = 'TMTstop-A_1_practiceredlinestimulus3.png'
11.8377 	DATA 	Keypress: 3
11.8380 	DATA 	Keypress: 1
11.8414 	EXP 	Stim_practice: image = 'TMTstop-A_1_practiceredlinestimulus3.png'
11.8459 	EXP 	New trial (rep=0, index=6): {'NumberLetter': 7, 'corrAns': ['1'], 'StimFile': 'TMTstop-A_1_practicelinestimulus4.png', 'Correct_StimFile': 'TMTstop-A_1_practicegreenlinestimulus4.png', 'False_StimFile': 'TMTstop-A_1_practiceredlinestimulus4.png', 'DurationTrial': 10}
11.9076 	DATA 	Keypress: 2
11.9115 	EXP 	Stim_practice: autoDraw = False
11.9115 	EXP 	Stim_practice: image = 'TMTstop-A_1_practicegreenlinestimulus4.png'
11.9115 	EXP 	Stim_practice: image = 'TMTstop-A_1_practicegreenlinestimulus4.png'
11.9115 	EXP 	Stim_practice: autoDraw = True
11.9489 	DATA 	Keypress: 1
11.9554 	EXP 	New trial (rep=0, index=7): {'NumberLetter': 8, 'corrAns': ['3'], 'StimFile': 'TMTstop-A_1_practicelinestimulus5.png', 'Correct_StimFile': 'TMTstop-A_1_practicegreenlinestimulus5.png', 'False_StimFile': 'TMTstop-A_1_practiceredlinestimulus5.png', 'DurationTrial': 10}
12.0184 	DATA 	Keypress: 3
12.0189 	DATA 	Keypress: 2
12.0225 	EXP 	Stim_practice: autoDraw = False
12.0225 	EXP 	Stim_practice: image = 'TMTstop-A_1_practicegreenlinestimulus5.png'
12.0225 	EXP 	Stim_practice: image = 'TMTstop-A_1_practicegreenlinestimulus5.png'
12.0225 	EXP 	Stim_practice: autoDraw = True
12.0943 	EXP 	New trial (rep=0, index=8): {'NumberLetter': 9, 'corrAns': ['2'], 'StimFile': 'TMTstop-A_1_practicelinestimulus6.png', 'Correct_StimFile': 'TMTstop-A_1_practicegreenlinestimulus6.png', 'False_StimFile': 'TMTstop-A_1_practiceredlinestimulus6.png', 'DurationTrial': 10}
12.1572 	DATA 	Keypress: 3
12.1575 	DATA 	Keypress: 1
12.1615 	EXP 	Stim_practice: autoDraw = False
12.1615 	EXP 	Stim_practice: image = 'TMTstop-A_1_practicegreenlinestimulus6.png'
12.1615 	EXP 	Stim_practice: image = 'TMTstop-A_1_practicegreenlinestimulus6.png'
12.1615 	EXP 	Stim_practice: autoDraw = True
12.1713 	DATA 	Keypress: 2
12.2267 	DATA 	Keypress: 1
12.2789 	EXP 	Stim_practice: image = 'TMTstop-A_1_practiceredlinestimulus6.png'
12.3170 	DATA 	Keypress: 3
12.3172 	DATA 	Keypress: 2
12.3205 	EXP 	Stim_practice: image = 'TMTstop-A_1_practiceredlinestimulus6.png'
12.3242 	EXP 	New trial (rep=0, index=9): {'NumberLetter': 10, 'corrAns': ['3'], 'StimFile': 'TMTstop-A_1_practicelinestimulus7.png', 'Correct_StimFile': 'TMTstop-A_1_practicegreenlinestimulus7.png', 'False_StimFile': 'TMTstop-A_1_practiceredlinestimulus7.png', 'DurationTrial': 10}
12.3906 	EXP 	Stim_practice: autoDraw = False
12.3906 	EXP 	Stim_practice: image = 'TMTstop-A_1_practicegreenlinestimulus7.png'
12.3906 	EXP 	Stim_practice: image = 'TMTstop-A_1_practicegreenlinestimulus7.png'
12.3906 	EXP 	Stim_practice: autoDraw = True
12.4004 	DATA 	Keypress: 3
12.4288 	DATA 	Keypress: 1
12.4560 	DATA 	Keypress: 2
12.5530 	DATA 	Keypress: 1
12.5569 	EXP 	Stim_practice: image = 'TMTstop-A_1_practiceredlinestimulus7.png'
12.5952 	DATA 	Keypress: 3
12.5983 	EXP 	Stim_practice: image = 'TMTstop-A_1_practiceredlinestimulus7.png'
12.6363 	DATA 	Keypress: 2
12.6415 	EXP 	Stim_practice: image = 'TMTstop-A_1_practiceredlinestimulus7.png'
12.6816 	EXP 	Stim_practice: image = 'TMTstop-A_1_practiceredlinestimulus7.png'
12.7197 	DATA 	Keypress: 3
12.7200 	DATA 	Keypress: 1
12.7234 	EXP 	Stim_practice: image = 'TMTstop-A_1_practiceredlinestimulus7.png'
12.7265 	EXP 	New trial (rep=0, index=10): {'NumberLetter': 11, 'corrAns': ['1'], 'StimFile': 'TMTstop-A_1_practicelinestimulus8.png', 'Correct_StimFile': 'TMTstop-A_1_practicegreenlinestimulus8.png', 'False_StimFile': 'TMTstop-A_1_practiceredlinestimulus8.png', 'DurationTrial': 10}
12.7893 	DATA 	Keypress: 2
12.7932 	EXP 	Stim_practice: autoDraw = False
12.7932 	EXP 	Stim_practice: image = 'TMTstop-A_1_practicegreenlinestimulus8.png'
12.7932 	EXP 	Stim_practice: image = 'TMTstop-A_1_practicegreenlinestimulus8.png'
12.7932 	EXP 	Stim_practice: autoDraw = True
12.8030 	DATA 	Keypress: 1
12.8096 	EXP 	New trial (rep=0, index=11): {'NumberLetter': 12, 'corrAns': ['2'], 'StimFile': 'TMTstop-A_1_practicelinestimulus9.png', 'Correct_StimFile': 'TMTstop-A_1_practicegreenlinestimulus9.png', 'False_StimFile': 'TMTstop-A_1_practiceredlinestimulus9.png', 'DurationTrial': 10}
12.8766 	EXP 	Stim_practice: autoDraw = False
12.8766 	EXP 	Stim_practice: image = 'TMTstop-A_1_practicegreenlinestimulus9.png'
12.8766 	EXP 	Stim_practice: image = 'TMTstop-A_1_practicegreenlinestimulus9.png'
12.8766 	EXP 	Stim_practice: autoDraw = True
12.8865 	DATA 	Keypress: 3
12.9142 	DATA 	Keypress: 2
12.9211 	EXP 	New trial (rep=0, index=12): {'NumberLetter': None, 'corrAns': None, 'StimFile': 'TMTstop-A_1_practicelinestimulus10.png', 'Correct_StimFile': 'TMTstop-A_1_practicegreenlinestimulus10.png', 'False_StimFile': 'TMTstop-A_1_practiceredlinestimulus10.png', 'DurationTrial': None}
12.9885 	EXP 	Stim_practice: autoDraw = False
12.9885 	EXP 	Stim_practice: image = 'TMTstop-A_1_practicegreenlinestimulus10.png'
12.9885 	EXP 	Stim_practice: image = 'TMTstop-A_1_practicegreenlinestimulus10.png'
12.9885 	EXP 	Stim_practice: autoDraw = True
12.9975 	DATA 	Keypress: 3
13.0254 	DATA 	Keypress: 1
13.0812 	DATA 	Keypress: 2
13.1363 	DATA 	Keypress: 1
13.1399 	EXP 	Stim_practice: image = 'TMTstop-A_1_practiceredlinestimulus10.png'
13.1781 	DATA 	Keypress: 3
13.1816 	EXP 	Stim_practice: image = 'TMTstop-A_1_practiceredlinestimulus10.png'
13.2210 	DATA 	Keypress: 2
13.2241 	EXP 	Stim_practice: image = 'TMTstop-A_1_practiceredlinestimulus10.png'
13.2652 	EXP 	Stim_practice: image = 'TMTstop-A_1_practiceredlinestimulus10.png'
13.3030 	DATA 	Keypress: 3
13.3065 	EXP 	Stim_practice: image = 'TMTstop-A_1_practiceredlinestimulus10.png'
13.3449 	DATA 	Keypress: 1
13.3486 	EXP 	Stim_practice: image = 'TMTstop-A_1_practiceredlinestimulus10.png'
13.3864 	DATA 	Keypress: 2
13.3899 	EXP 	Stim_practice: image = 'TMTstop-A_1_practiceredlinestimulus10.png'
13.4294 	DATA 	Keypress: 1
13.4322 	EXP 	Stim_practice: image = 'TMTstop-A_1_practiceredlinestimulus10.png'
13.4735 	EXP 	Stim_practice: image = 'TMTstop-A_1_practiceredlinestimulus10.png'
13.5118 	DATA 	Keypress: 3
13.5154 	EXP 	Stim_practice: image = 'TMTstop-A_1_practiceredlinestimulus10.png'
13.5539 	DATA 	Keypress: 1
13.5574 	EXP 	Stim_practice: image = 'TMTstop-A_1_practiceredlinestimulus10.png'
13.5984 	EXP 	Stim_practice: image = 'TMTstop-A_1_practiceredlinestimulus10.png'
13.6399 	EXP 	Stim_practice: image = 'TMTstop-A_1_practiceredlinestimulus10.png'
13.6747 	EXP 	Stim_practice: image = 'TMTstop-A_1_practiceredlinestimulus10.png'
13.7098 	EXP 	Stim_practice: image = 'TMTstop-A_1_practiceredlinestimulus10.png'
13.7444 	EXP 	Stim_practice: image = 'TMTstop-A_1_practiceredlinestimulus10.png'
13.7858 	EXP 	Stim_practice: image = 'TMTstop-A_1_practiceredlinestimulus10.png'
13.8207 	EXP 	Stim_practice: image = 'TMTstop-A_1_practiceredlinestimulus10.png'
13.8620 	EXP 	Stim_practice: image = 'TMTstop-A_1_practiceredlinestimulus10.png'
13.9037 	EXP 	Stim_practice: image = 'TMTstop-A_1_practiceredlinestimulus10.png'
13.9469 	EXP 	Stim_practice: image = 'TMTstop-A_1_practiceredlinestimulus10.png'
13.9870 	EXP 	Stim_practice: image = 'TMTstop-A_1_practiceredlinestimulus10.png'
14.0968 	EXP 	Stim_practice: image = 'TMTstop-A_1_practiceredlinestimulus10.png'
14.0968 	EXP 	Stim_practice: autoDraw = False
14.0968 	EXP 	text_5: text = 'You have finished the practice. If you understood the task correctly please read on, otherwise ask the experiment leader or press X to restart the practice.\n\nFrom here on there will be 25 circles instead of 12. If you finish all circles you will see a white cross for a few seconds then you will get 25 new circles and start again from 1. The experiments will end automatically after three minutes. \n\nPress 1, 2 or 3  to start the experiment.\n\n\n\nDu har slutfört provomgången. Om du förstod uppgiften rätt, läs vidare, annars fråga experimentledaren eller tryck på X för att starta om provomgången.\n\nHärifrån kommer det att finnas 25 circlar istället för 12. Om du slutför alla circlar kommer du att se ett vitt kors i några sekunder, sedan får du 25 nya circlar och börjar om från 1. Experimenten avslutas automatiskt efter tre minuter.\n\nTryck på 1, 2 eller 3 för att starta experimentet.\n\n\n'
14.0968 	EXP 	text_5: autoDraw = True
14.7197 	DATA 	Keypress: 2
14.7765 	EXP 	text_5: autoDraw = False
14.7765 	EXP 	polygon: autoDraw = True
14.8951 	DATA 	Keypress: 2
17.7355 	EXP 	Imported TMTstop-A_1_conditions.xlsx as conditions, 10 conditions, 1 params
17.7358 	EXP 	Created sequence: sequential, trialTypes=10, nReps=1, seed=None
17.7360 	EXP 	New trial (rep=0, index=0): {'Condition_rows': '0:26'}
17.7447 	EXP 	Imported TMTstop-A_1_1.xlsx as conditions, 26 conditions, 6 params
17.7450 	EXP 	Created sequence: sequential, trialTypes=26, nReps=1, seed=None
17.7452 	EXP 	New trial (rep=0, index=0): {'NumberLetter': 1, 'corrAns': ['2'], 'StimFile': 'TMTstop-A_1_1.png', 'Correct_StimFile': 'TMTstop-A_1_1.png', 'False_StimFile': 'TMTstop-A_1_1.png', 'DurationTrial': 10}
17.7790 	EXP 	polygon: autoDraw = False
17.7790 	EXP 	Stim: image = 'TMTstop-A_1_1.png'
17.7790 	EXP 	Stim: autoDraw = True
18.6016 	DATA 	Keypress: 2
18.6087 	EXP 	New trial (rep=0, index=1): {'NumberLetter': 2, 'corrAns': ['1'], 'StimFile': 'TMTstop-A_1_1.png', 'Correct_StimFile': 'TMTstop-A_1_1firstgreen.png', 'False_StimFile': 'TMTstop-A_1_1firstred.png', 'DurationTrial': 10}
18.6749 	EXP 	Stim: autoDraw = False
18.6749 	EXP 	Stim: image = 'TMTstop-A_1_1firstgreen.png'
18.6749 	EXP 	Stim: image = 'TMTstop-A_1_1firstgreen.png'
18.6749 	EXP 	Stim: autoDraw = True
18.7683 	DATA 	Keypress: 2
19.0184 	DATA 	Keypress: 2
19.0633 	EXP 	Stim: image = 'TMTstop-A_1_1firstred.png'
19.0986 	EXP 	Stim: image = 'TMTstop-A_1_1firstred.png'
19.1398 	EXP 	Stim: image = 'TMTstop-A_1_1firstred.png'
19.1748 	EXP 	Stim: image = 'TMTstop-A_1_1firstred.png'
19.2164 	EXP 	Stim: image = 'TMTstop-A_1_1firstred.png'
19.2550 	DATA 	Keypress: 2
19.2580 	EXP 	Stim: image = 'TMTstop-A_1_1firstred.png'
19.2998 	EXP 	Stim: image = 'TMTstop-A_1_1firstred.png'
19.3413 	EXP 	Stim: image = 'TMTstop-A_1_1firstred.png'
19.3827 	EXP 	Stim: image = 'TMTstop-A_1_1firstred.png'
19.4211 	DATA 	Keypress: 3
19.4250 	EXP 	Stim: image = 'TMTstop-A_1_1firstred.png'
19.4663 	EXP 	Stim: image = 'TMTstop-A_1_1firstred.png'
19.5079 	EXP 	Stim: image = 'TMTstop-A_1_1firstred.png'
19.5499 	EXP 	Stim: image = 'TMTstop-A_1_1firstred.png'
19.5878 	DATA 	Keypress: 3
19.5917 	EXP 	Stim: image = 'TMTstop-A_1_1firstred.png'
19.6333 	EXP 	Stim: image = 'TMTstop-A_1_1firstred.png'
19.6747 	EXP 	Stim: image = 'TMTstop-A_1_1firstred.png'
19.7161 	EXP 	Stim: image = 'TMTstop-A_1_1firstred.png'
19.7510 	EXP 	Stim: image = 'TMTstop-A_1_1firstred.png'
19.7859 	EXP 	Stim: image = 'TMTstop-A_1_1firstred.png'
19.7896 	EXP 	New trial (rep=0, index=2): {'NumberLetter': 3, 'corrAns': ['2'], 'StimFile': 'TMTstop-A_1_1linestimulus0.png', 'Correct_StimFile': 'TMTstop-A_1_1greenlinestimulus0.png', 'False_StimFile': 'TMTstop-A_1_1redlinestimulus0.png', 'DurationTrial': 10}
19.8515 	DATA 	Keypress: 1
19.8555 	EXP 	Stim: autoDraw = False
19.8555 	EXP 	Stim: image = 'TMTstop-A_1_1greenlinestimulus0.png'
19.8555 	EXP 	Stim: image = 'TMTstop-A_1_1greenlinestimulus0.png'
19.8555 	EXP 	Stim: autoDraw = True
19.9834 	DATA 	Keypress: 1
20.4695 	DATA 	Keypress: 2
20.4761 	EXP 	New trial (rep=0, index=3): {'NumberLetter': 4, 'corrAns': ['3'], 'StimFile': 'TMTstop-A_1_1linestimulus1.png', 'Correct_StimFile': 'TMTstop-A_1_1greenlinestimulus1.png', 'False_StimFile': 'TMTstop-A_1_1redlinestimulus1.png', 'DurationTrial': 10}
20.5361 	EXP 	Stim: autoDraw = False
20.5361 	EXP 	Stim: image = 'TMTstop-A_1_1greenlinestimulus1.png'
20.5361 	EXP 	Stim: image = 'TMTstop-A_1_1greenlinestimulus1.png'
20.5361 	EXP 	Stim: autoDraw = True
20.6573 	DATA 	Keypress: 2
20.9140 	DATA 	Keypress: 3
20.9205 	EXP 	New trial (rep=0, index=4): {'NumberLetter': 5, 'corrAns': ['2'], 'StimFile': 'TMTstop-A_1_1linestimulus2.png', 'Correct_StimFile': 'TMTstop-A_1_1greenlinestimulus2.png', 'False_StimFile': 'TMTstop-A_1_1redlinestimulus2.png', 'DurationTrial': 10}
20.9873 	EXP 	Stim: autoDraw = False
20.9873 	EXP 	Stim: image = 'TMTstop-A_1_1greenlinestimulus2.png'
20.9873 	EXP 	Stim: image = 'TMTstop-A_1_1greenlinestimulus2.png'
20.9873 	EXP 	Stim: autoDraw = True
21.1230 	DATA 	Keypress: 3
21.4346 	EXP 	New trial (rep=0, index=5): {'NumberLetter': 6, 'corrAns': ['3'], 'StimFile': 'TMTstop-A_1_1linestimulus3.png', 'Correct_StimFile': 'TMTstop-A_1_1greenlinestimulus3.png', 'False_StimFile': 'TMTstop-A_1_1redlinestimulus3.png', 'DurationTrial': 10}
21.4972 	DATA 	Keypress: 2
21.5013 	EXP 	Stim: autoDraw = False
21.5013 	EXP 	Stim: image = 'TMTstop-A_1_1greenlinestimulus3.png'
21.5013 	EXP 	Stim: image = 'TMTstop-A_1_1greenlinestimulus3.png'
21.5013 	EXP 	Stim: autoDraw = True
21.6227 	DATA 	Keypress: 2
21.7970 	DATA 	Keypress: 2
21.8411 	EXP 	Stim: image = 'TMTstop-A_1_1redlinestimulus3.png'
21.8827 	EXP 	Stim: image = 'TMTstop-A_1_1redlinestimulus3.png'
21.9244 	EXP 	Stim: image = 'TMTstop-A_1_1redlinestimulus3.png'
21.9661 	EXP 	Stim: image = 'TMTstop-A_1_1redlinestimulus3.png'
22.0085 	EXP 	Stim: image = 'TMTstop-A_1_1redlinestimulus3.png'
22.0497 	EXP 	Stim: image = 'TMTstop-A_1_1redlinestimulus3.png'
22.0877 	DATA 	Keypress: 2
22.0911 	EXP 	Stim: image = 'TMTstop-A_1_1redlinestimulus3.png'
22.1329 	EXP 	Stim: image = 'TMTstop-A_1_1redlinestimulus3.png'
22.1708 	DATA 	Keypress: 3
22.1744 	EXP 	Stim: image = 'TMTstop-A_1_1redlinestimulus3.png'
22.1784 	EXP 	New trial (rep=0, index=6): {'NumberLetter': 7, 'corrAns': ['2'], 'StimFile': 'TMTstop-A_1_1linestimulus4.png', 'Correct_StimFile': 'TMTstop-A_1_1greenlinestimulus4.png', 'False_StimFile': 'TMTstop-A_1_1redlinestimulus4.png', 'DurationTrial': 10}
22.2444 	EXP 	Stim: autoDraw = False
22.2444 	EXP 	Stim: image = 'TMTstop-A_1_1greenlinestimulus4.png'
22.2444 	EXP 	Stim: image = 'TMTstop-A_1_1greenlinestimulus4.png'
22.2444 	EXP 	Stim: autoDraw = True
22.3935 	DATA 	Keypress: 3
22.5181 	DATA 	Keypress: 1
22.5634 	EXP 	Stim: image = 'TMTstop-A_1_1redlinestimulus4.png'
22.6055 	EXP 	Stim: image = 'TMTstop-A_1_1redlinestimulus4.png'
22.6475 	EXP 	Stim: image = 'TMTstop-A_1_1redlinestimulus4.png'
22.6917 	DATA 	Keypress: 3
22.6957 	EXP 	Stim: image = 'TMTstop-A_1_1redlinestimulus4.png'
22.7373 	EXP 	Stim: image = 'TMTstop-A_1_1redlinestimulus4.png'
22.7753 	DATA 	Keypress: 1
22.7789 	EXP 	Stim: image = 'TMTstop-A_1_1redlinestimulus4.png'
22.8203 	EXP 	Stim: image = 'TMTstop-A_1_1redlinestimulus4.png'
22.8623 	EXP 	Stim: image = 'TMTstop-A_1_1redlinestimulus4.png'
22.9002 	DATA 	Keypress: 1
22.9041 	EXP 	Stim: image = 'TMTstop-A_1_1redlinestimulus4.png'
22.9424 	DATA 	Keypress: 3
22.9459 	EXP 	Stim: image = 'TMTstop-A_1_1redlinestimulus4.png'
22.9505 	EXP 	New trial (rep=0, index=7): {'NumberLetter': 8, 'corrAns': ['1'], 'StimFile': 'TMTstop-A_1_1linestimulus5.png', 'Correct_StimFile': 'TMTstop-A_1_1greenlinestimulus5.png', 'False_StimFile': 'TMTstop-A_1_1redlinestimulus5.png', 'DurationTrial': 10}
23.0183 	DATA 	Keypress: 2
23.0225 	EXP 	Stim: autoDraw = False
23.0225 	EXP 	Stim: image = 'TMTstop-A_1_1greenlinestimulus5.png'
23.0225 	EXP 	Stim: image = 'TMTstop-A_1_1greenlinestimulus5.png'
23.0225 	EXP 	Stim: autoDraw = True
23.0876 	DATA 	Keypress: 3
23.1298 	DATA 	Keypress: 1
23.1328 	EXP 	Stim: image = 'TMTstop-A_1_1redlinestimulus5.png'
23.1712 	DATA 	Keypress: 2
23.1748 	EXP 	Stim: image = 'TMTstop-A_1_1redlinestimulus5.png'
23.2161 	EXP 	Stim: image = 'TMTstop-A_1_1redlinestimulus5.png'
23.2577 	EXP 	Stim: image = 'TMTstop-A_1_1redlinestimulus5.png'
23.2959 	DATA 	Keypress: 1
23.2997 	EXP 	Stim: image = 'TMTstop-A_1_1redlinestimulus5.png'
23.3046 	EXP 	New trial (rep=0, index=8): {'NumberLetter': 9, 'corrAns': ['2'], 'StimFile': 'TMTstop-A_1_1linestimulus6.png', 'Correct_StimFile': 'TMTstop-A_1_1greenlinestimulus6.png', 'False_StimFile': 'TMTstop-A_1_1redlinestimulus6.png', 'DurationTrial': 10}
23.3727 	DATA 	Keypress: 3
23.3729 	DATA 	Keypress: 2
23.3769 	EXP 	Stim: autoDraw = False
23.3769 	EXP 	Stim: image = 'TMTstop-A_1_1greenlinestimulus6.png'
23.3769 	EXP 	Stim: image = 'TMTstop-A_1_1greenlinestimulus6.png'
23.3769 	EXP 	Stim: autoDraw = True
23.3808 	EXP 	New trial (rep=0, index=9): {'NumberLetter': 10, 'corrAns': ['1'], 'StimFile': 'TMTstop-A_1_1linestimulus7.png', 'Correct_StimFile': 'TMTstop-A_1_1greenlinestimulus7.png', 'False_StimFile': 'TMTstop-A_1_1redlinestimulus7.png', 'DurationTrial': 10}
23.4530 	EXP 	Stim: autoDraw = False
23.4530 	EXP 	Stim: image = 'TMTstop-A_1_1greenlinestimulus7.png'
23.4530 	EXP 	Stim: image = 'TMTstop-A_1_1greenlinestimulus7.png'
23.4530 	EXP 	Stim: autoDraw = True
23.5180 	DATA 	Keypress: 3
23.5183 	DATA 	Keypress: 1
23.5216 	EXP 	Stim: image = 'TMTstop-A_1_1redlinestimulus7.png'
23.5598 	DATA 	Keypress: 2
23.5635 	EXP 	Stim: image = 'TMTstop-A_1_1redlinestimulus7.png'
23.6049 	EXP 	Stim: image = 'TMTstop-A_1_1redlinestimulus7.png'
23.6474 	EXP 	Stim: image = 'TMTstop-A_1_1redlinestimulus7.png'
23.6848 	DATA 	Keypress: 1
23.6889 	EXP 	Stim: image = 'TMTstop-A_1_1redlinestimulus7.png'
23.6937 	EXP 	New trial (rep=0, index=10): {'NumberLetter': 11, 'corrAns': ['2'], 'StimFile': 'TMTstop-A_1_1linestimulus8.png', 'Correct_StimFile': 'TMTstop-A_1_1greenlinestimulus8.png', 'False_StimFile': 'TMTstop-A_1_1redlinestimulus8.png', 'DurationTrial': 10}
23.7549 	DATA 	Keypress: 3
23.7552 	DATA 	Keypress: 2
23.7584 	EXP 	Stim: autoDraw = False
23.7584 	EXP 	Stim: image = 'TMTstop-A_1_1greenlinestimulus8.png'
23.7584 	EXP 	Stim: image = 'TMTstop-A_1_1greenlinestimulus8.png'
23.7584 	EXP 	Stim: autoDraw = True
23.7630 	EXP 	New trial (rep=0, index=11): {'NumberLetter': 12, 'corrAns': ['3'], 'StimFile': 'TMTstop-A_1_1linestimulus9.png', 'Correct_StimFile': 'TMTstop-A_1_1greenlinestimulus9.png', 'False_StimFile': 'TMTstop-A_1_1redlinestimulus9.png', 'DurationTrial': 10}
23.8278 	EXP 	Stim: autoDraw = False
23.8278 	EXP 	Stim: image = 'TMTstop-A_1_1greenlinestimulus9.png'
23.8278 	EXP 	Stim: image = 'TMTstop-A_1_1greenlinestimulus9.png'
23.8278 	EXP 	Stim: autoDraw = True
23.8514 	DATA 	Keypress: 3
23.8579 	EXP 	New trial (rep=0, index=12): {'NumberLetter': 13, 'corrAns': ['2'], 'StimFile': 'TMTstop-A_1_1linestimulus10.png', 'Correct_StimFile': 'TMTstop-A_1_1greenlinestimulus10.png', 'False_StimFile': 'TMTstop-A_1_1redlinestimulus10.png', 'DurationTrial': 1}
23.9210 	DATA 	Keypress: 1
23.9251 	EXP 	Stim: autoDraw = False
23.9251 	EXP 	Stim: image = 'TMTstop-A_1_1greenlinestimulus10.png'
23.9251 	EXP 	Stim: image = 'TMTstop-A_1_1greenlinestimulus10.png'
23.9251 	EXP 	Stim: autoDraw = True
23.9353 	DATA 	Keypress: 2
24.1156 	DATA 	Keypress: 3
24.5041 	DATA 	Keypress: 1
24.5079 	EXP 	Stim: image = 'TMTstop-A_1_1redlinestimulus10.png'
24.5458 	DATA 	Keypress: 2
24.5494 	EXP 	Stim: image = 'TMTstop-A_1_1redlinestimulus10.png'
24.5536 	EXP 	New trial (rep=0, index=13): {'NumberLetter': 14, 'corrAns': ['3'], 'StimFile': 'TMTstop-A_1_1linestimulus11.png', 'Correct_StimFile': 'TMTstop-A_1_1greenlinestimulus11.png', 'False_StimFile': 'TMTstop-A_1_1redlinestimulus11.png', 'DurationTrial': None}
24.6196 	EXP 	Stim: autoDraw = False
24.6196 	EXP 	Stim: image = 'TMTstop-A_1_1greenlinestimulus11.png'
24.6196 	EXP 	Stim: image = 'TMTstop-A_1_1greenlinestimulus11.png'
24.6196 	EXP 	Stim: autoDraw = True
24.6457 	DATA 	Keypress: 2
24.6989 	DATA 	Keypress: 1
25.2681 	DATA 	Keypress: 1
25.2718 	EXP 	Stim: image = 'TMTstop-A_1_1redlinestimulus11.png'
25.3132 	EXP 	Stim: image = 'TMTstop-A_1_1redlinestimulus11.png'
25.3549 	EXP 	Stim: image = 'TMTstop-A_1_1redlinestimulus11.png'
25.3966 	EXP 	Stim: image = 'TMTstop-A_1_1redlinestimulus11.png'
25.4361 	DATA 	Keypress: 1
25.4390 	EXP 	Stim: image = 'TMTstop-A_1_1redlinestimulus11.png'
25.4799 	EXP 	Stim: image = 'TMTstop-A_1_1redlinestimulus11.png'
25.5217 	EXP 	Stim: image = 'TMTstop-A_1_1redlinestimulus11.png'
25.5634 	EXP 	Stim: image = 'TMTstop-A_1_1redlinestimulus11.png'
25.6049 	EXP 	Stim: image = 'TMTstop-A_1_1redlinestimulus11.png'
25.6467 	EXP 	Stim: image = 'TMTstop-A_1_1redlinestimulus11.png'
25.6889 	EXP 	Stim: image = 'TMTstop-A_1_1redlinestimulus11.png'
25.7299 	EXP 	Stim: image = 'TMTstop-A_1_1redlinestimulus11.png'
25.7680 	DATA 	Keypress: 1
25.7716 	EXP 	Stim: image = 'TMTstop-A_1_1redlinestimulus11.png'
25.8134 	EXP 	Stim: image = 'TMTstop-A_1_1redlinestimulus11.png'
25.8549 	EXP 	Stim: image = 'TMTstop-A_1_1redlinestimulus11.png'
25.8930 	DATA 	Keypress: 2
25.8965 	EXP 	Stim: image = 'TMTstop-A_1_1redlinestimulus11.png'
25.9382 	EXP 	Stim: image = 'TMTstop-A_1_1redlinestimulus11.png'
25.9765 	DATA 	Keypress: 1
25.9800 	EXP 	Stim: image = 'TMTstop-A_1_1redlinestimulus11.png'
26.0186 	DATA 	Keypress: 3
26.0222 	EXP 	Stim: image = 'TMTstop-A_1_1redlinestimulus11.png'
26.0268 	EXP 	New trial (rep=0, index=14): {'NumberLetter': 15, 'corrAns': ['1'], 'StimFile': 'TMTstop-A_1_1linestimulus12.png', 'Correct_StimFile': 'TMTstop-A_1_1greenlinestimulus12.png', 'False_StimFile': 'TMTstop-A_1_1redlinestimulus12.png', 'DurationTrial': None}
26.1025 	DATA 	Keypress: 2
26.1069 	EXP 	Stim: autoDraw = False
26.1069 	EXP 	Stim: image = 'TMTstop-A_1_1greenlinestimulus12.png'
26.1069 	EXP 	Stim: image = 'TMTstop-A_1_1greenlinestimulus12.png'
26.1069 	EXP 	Stim: autoDraw = True
26.2271 	DATA 	Keypress: 3
26.4647 	DATA 	Keypress: 3
26.5156 	EXP 	Stim: image = 'TMTstop-A_1_1redlinestimulus12.png'
26.6055 	EXP 	Stim: image = 'TMTstop-A_1_1redlinestimulus12.png'
26.6628 	EXP 	Stim: image = 'TMTstop-A_1_1redlinestimulus12.png'
26.6988 	DATA 	Keypress: 3
26.7028 	EXP 	Stim: image = 'TMTstop-A_1_1redlinestimulus12.png'
26.7441 	EXP 	Stim: image = 'TMTstop-A_1_1redlinestimulus12.png'
26.7854 	EXP 	Stim: image = 'TMTstop-A_1_1redlinestimulus12.png'
26.8271 	EXP 	Stim: image = 'TMTstop-A_1_1redlinestimulus12.png'
26.8690 	EXP 	Stim: image = 'TMTstop-A_1_1redlinestimulus12.png'
26.9104 	EXP 	Stim: image = 'TMTstop-A_1_1redlinestimulus12.png'
26.9521 	EXP 	Stim: image = 'TMTstop-A_1_1redlinestimulus12.png'
26.9938 	EXP 	Stim: image = 'TMTstop-A_1_1redlinestimulus12.png'
27.0354 	EXP 	Stim: image = 'TMTstop-A_1_1redlinestimulus12.png'
27.0735 	DATA 	Keypress: 3
27.0771 	EXP 	Stim: image = 'TMTstop-A_1_1redlinestimulus12.png'
27.1191 	EXP 	Stim: image = 'TMTstop-A_1_1redlinestimulus12.png'
27.1604 	EXP 	Stim: image = 'TMTstop-A_1_1redlinestimulus12.png'
27.2022 	EXP 	Stim: image = 'TMTstop-A_1_1redlinestimulus12.png'
27.2407 	DATA 	Keypress: 3
27.2440 	EXP 	Stim: image = 'TMTstop-A_1_1redlinestimulus12.png'
27.2855 	EXP 	Stim: image = 'TMTstop-A_1_1redlinestimulus12.png'
27.3276 	EXP 	Stim: image = 'TMTstop-A_1_1redlinestimulus12.png'
27.3688 	EXP 	Stim: image = 'TMTstop-A_1_1redlinestimulus12.png'
27.4069 	DATA 	Keypress: 1
27.4105 	EXP 	Stim: image = 'TMTstop-A_1_1redlinestimulus12.png'
27.4146 	EXP 	New trial (rep=0, index=15): {'NumberLetter': 16, 'corrAns': ['3'], 'StimFile': 'TMTstop-A_1_1linestimulus13.png', 'Correct_StimFile': 'TMTstop-A_1_1greenlinestimulus13.png', 'False_StimFile': 'TMTstop-A_1_1redlinestimulus13.png', 'DurationTrial': None}
27.4873 	EXP 	Stim: autoDraw = False
27.4873 	EXP 	Stim: image = 'TMTstop-A_1_1greenlinestimulus13.png'
27.4873 	EXP 	Stim: image = 'TMTstop-A_1_1greenlinestimulus13.png'
27.4873 	EXP 	Stim: autoDraw = True
27.6225 	DATA 	Keypress: 1
27.9625 	DATA 	Keypress: 2
28.0078 	EXP 	Stim: image = 'TMTstop-A_1_1redlinestimulus13.png'
28.0492 	EXP 	Stim: image = 'TMTstop-A_1_1redlinestimulus13.png'
28.0909 	EXP 	Stim: image = 'TMTstop-A_1_1redlinestimulus13.png'
28.1294 	DATA 	Keypress: 2
28.1328 	EXP 	Stim: image = 'TMTstop-A_1_1redlinestimulus13.png'
28.1742 	EXP 	Stim: image = 'TMTstop-A_1_1redlinestimulus13.png'
28.2160 	EXP 	Stim: image = 'TMTstop-A_1_1redlinestimulus13.png'
28.2586 	EXP 	Stim: image = 'TMTstop-A_1_1redlinestimulus13.png'
28.2957 	DATA 	Keypress: 3
28.2992 	EXP 	Stim: image = 'TMTstop-A_1_1redlinestimulus13.png'
28.3037 	EXP 	New trial (rep=0, index=16): {'NumberLetter': 17, 'corrAns': ['2'], 'StimFile': 'TMTstop-A_1_1linestimulus14.png', 'Correct_StimFile': 'TMTstop-A_1_1greenlinestimulus14.png', 'False_StimFile': 'TMTstop-A_1_1redlinestimulus14.png', 'DurationTrial': None}
28.3761 	EXP 	Stim: autoDraw = False
28.3761 	EXP 	Stim: image = 'TMTstop-A_1_1greenlinestimulus14.png'
28.3761 	EXP 	Stim: image = 'TMTstop-A_1_1greenlinestimulus14.png'
28.3761 	EXP 	Stim: autoDraw = True
28.4492 	DATA 	Keypress: 3
28.8721 	DATA 	Keypress: 1
28.8757 	EXP 	Stim: image = 'TMTstop-A_1_1redlinestimulus14.png'
28.9172 	EXP 	Stim: image = 'TMTstop-A_1_1redlinestimulus14.png'
28.9589 	EXP 	Stim: image = 'TMTstop-A_1_1redlinestimulus14.png'
29.0007 	EXP 	Stim: image = 'TMTstop-A_1_1redlinestimulus14.png'
29.0387 	DATA 	Keypress: 2
29.0423 	EXP 	Stim: image = 'TMTstop-A_1_1redlinestimulus14.png'
29.0469 	EXP 	New trial (rep=0, index=17): {'NumberLetter': 18, 'corrAns': ['3'], 'StimFile': 'TMTstop-A_1_1linestimulus15.png', 'Correct_StimFile': 'TMTstop-A_1_1greenlinestimulus15.png', 'False_StimFile': 'TMTstop-A_1_1redlinestimulus15.png', 'DurationTrial': None}
29.1089 	DATA 	Keypress: 1
29.1124 	EXP 	Stim: autoDraw = False
29.1124 	EXP 	Stim: image = 'TMTstop-A_1_1greenlinestimulus15.png'
29.1124 	EXP 	Stim: image = 'TMTstop-A_1_1greenlinestimulus15.png'
29.1124 	EXP 	Stim: autoDraw = True
29.2470 	DATA 	Keypress: 3
29.2539 	EXP 	New trial (rep=0, index=18): {'NumberLetter': 19, 'corrAns': ['1'], 'StimFile': 'TMTstop-A_1_1linestimulus16.png', 'Correct_StimFile': 'TMTstop-A_1_1greenlinestimulus16.png', 'False_StimFile': 'TMTstop-A_1_1redlinestimulus16.png', 'DurationTrial': None}
29.3173 	DATA 	Keypress: 2
29.3208 	EXP 	Stim: autoDraw = False
29.3208 	EXP 	Stim: image = 'TMTstop-A_1_1greenlinestimulus16.png'
29.3208 	EXP 	Stim: image = 'TMTstop-A_1_1greenlinestimulus16.png'
29.3208 	EXP 	Stim: autoDraw = True
29.4696 	DATA 	Keypress: 3
29.7197 	DATA 	Keypress: 1
29.7264 	EXP 	New trial (rep=0, index=19): {'NumberLetter': 20, 'corrAns': ['3'], 'StimFile': 'TMTstop-A_1_1linestimulus17.png', 'Correct_StimFile': 'TMTstop-A_1_1greenlinestimulus17.png', 'False_StimFile': 'TMTstop-A_1_1redlinestimulus17.png', 'DurationTrial': None}
29.7927 	EXP 	Stim: autoDraw = False
29.7927 	EXP 	Stim: image = 'TMTstop-A_1_1greenlinestimulus17.png'
29.7927 	EXP 	Stim: image = 'TMTstop-A_1_1greenlinestimulus17.png'
29.7927 	EXP 	Stim: autoDraw = True
29.8443 	DATA 	Keypress: 2
29.8482 	EXP 	Stim: image = 'TMTstop-A_1_1redlinestimulus17.png'
29.8895 	EXP 	Stim: image = 'TMTstop-A_1_1redlinestimulus17.png'
29.9314 	EXP 	Stim: image = 'TMTstop-A_1_1redlinestimulus17.png'
29.9699 	DATA 	Keypress: 1
29.9700 	DATA 	Keypress: 3
29.9731 	EXP 	Stim: image = 'TMTstop-A_1_1redlinestimulus17.png'
29.9773 	EXP 	New trial (rep=0, index=20): {'NumberLetter': 21, 'corrAns': ['1'], 'StimFile': 'TMTstop-A_1_1linestimulus18.png', 'Correct_StimFile': 'TMTstop-A_1_1greenlinestimulus18.png', 'False_StimFile': 'TMTstop-A_1_1redlinestimulus18.png', 'DurationTrial': None}
30.0389 	DATA 	Keypress: 2
30.0429 	EXP 	Stim: autoDraw = False
30.0429 	EXP 	Stim: image = 'TMTstop-A_1_1greenlinestimulus18.png'
30.0429 	EXP 	Stim: image = 'TMTstop-A_1_1greenlinestimulus18.png'
30.0429 	EXP 	Stim: autoDraw = True
30.1852 	DATA 	Keypress: 3
30.8651 	DATA 	Keypress: 3
30.9103 	EXP 	Stim: image = 'TMTstop-A_1_1redlinestimulus18.png'
30.9524 	EXP 	Stim: image = 'TMTstop-A_1_1redlinestimulus18.png'
30.9936 	EXP 	Stim: image = 'TMTstop-A_1_1redlinestimulus18.png'
31.0353 	EXP 	Stim: image = 'TMTstop-A_1_1redlinestimulus18.png'
31.0736 	DATA 	Keypress: 3
31.0774 	EXP 	Stim: image = 'TMTstop-A_1_1redlinestimulus18.png'
31.1186 	EXP 	Stim: image = 'TMTstop-A_1_1redlinestimulus18.png'
31.1602 	EXP 	Stim: image = 'TMTstop-A_1_1redlinestimulus18.png'
31.2020 	EXP 	Stim: image = 'TMTstop-A_1_1redlinestimulus18.png'
31.2437 	EXP 	Stim: image = 'TMTstop-A_1_1redlinestimulus18.png'
31.2854 	EXP 	Stim: image = 'TMTstop-A_1_1redlinestimulus18.png'
31.3272 	EXP 	Stim: image = 'TMTstop-A_1_1redlinestimulus18.png'
31.3686 	EXP 	Stim: image = 'TMTstop-A_1_1redlinestimulus18.png'
31.4102 	EXP 	Stim: image = 'TMTstop-A_1_1redlinestimulus18.png'
31.4520 	EXP 	Stim: image = 'TMTstop-A_1_1redlinestimulus18.png'
31.5043 	DATA 	Keypress: 1
31.5078 	EXP 	Stim: image = 'TMTstop-A_1_1redlinestimulus18.png'
31.5125 	EXP 	New trial (rep=0, index=21): {'NumberLetter': 22, 'corrAns': ['3'], 'StimFile': 'TMTstop-A_1_1linestimulus19.png', 'Correct_StimFile': 'TMTstop-A_1_1greenlinestimulus19.png', 'False_StimFile': 'TMTstop-A_1_1redlinestimulus19.png', 'DurationTrial': None}
31.5843 	EXP 	Stim: autoDraw = False
31.5843 	EXP 	Stim: image = 'TMTstop-A_1_1greenlinestimulus19.png'
31.5843 	EXP 	Stim: image = 'TMTstop-A_1_1greenlinestimulus19.png'
31.5843 	EXP 	Stim: autoDraw = True
31.7195 	DATA 	Keypress: 1
32.0671 	DATA 	Keypress: 2
32.1115 	EXP 	Stim: image = 'TMTstop-A_1_1redlinestimulus19.png'
32.1533 	EXP 	Stim: image = 'TMTstop-A_1_1redlinestimulus19.png'
32.1952 	EXP 	Stim: image = 'TMTstop-A_1_1redlinestimulus19.png'
32.2366 	EXP 	Stim: image = 'TMTstop-A_1_1redlinestimulus19.png'
32.2750 	DATA 	Keypress: 2
32.2785 	EXP 	Stim: image = 'TMTstop-A_1_1redlinestimulus19.png'
32.3204 	EXP 	Stim: image = 'TMTstop-A_1_1redlinestimulus19.png'
32.3620 	EXP 	Stim: image = 'TMTstop-A_1_1redlinestimulus19.png'
32.4038 	EXP 	Stim: image = 'TMTstop-A_1_1redlinestimulus19.png'
32.4460 	EXP 	Stim: image = 'TMTstop-A_1_1redlinestimulus19.png'
32.5125 	EXP 	Stim: image = 'TMTstop-A_1_1redlinestimulus19.png'
32.5653 	EXP 	Stim: image = 'TMTstop-A_1_1redlinestimulus19.png'
32.6080 	DATA 	Keypress: 3
32.6114 	EXP 	Stim: image = 'TMTstop-A_1_1redlinestimulus19.png'
32.6157 	EXP 	New trial (rep=0, index=22): {'NumberLetter': 23, 'corrAns': ['1'], 'StimFile': 'TMTstop-A_1_1linestimulus20.png', 'Correct_StimFile': 'TMTstop-A_1_1greenlinestimulus20.png', 'False_StimFile': 'TMTstop-A_1_1redlinestimulus20.png', 'DurationTrial': None}
32.6885 	EXP 	Stim: autoDraw = False
32.6885 	EXP 	Stim: image = 'TMTstop-A_1_1greenlinestimulus20.png'
32.6885 	EXP 	Stim: image = 'TMTstop-A_1_1greenlinestimulus20.png'
32.6885 	EXP 	Stim: autoDraw = True
32.7823 	DATA 	Keypress: 3
33.3302 	DATA 	Keypress: 2
33.3338 	EXP 	Stim: image = 'TMTstop-A_1_1redlinestimulus20.png'
33.3758 	EXP 	Stim: image = 'TMTstop-A_1_1redlinestimulus20.png'
33.4172 	EXP 	Stim: image = 'TMTstop-A_1_1redlinestimulus20.png'
33.4589 	EXP 	Stim: image = 'TMTstop-A_1_1redlinestimulus20.png'
33.5008 	EXP 	Stim: image = 'TMTstop-A_1_1redlinestimulus20.png'
33.5391 	DATA 	Keypress: 2
33.5426 	EXP 	Stim: image = 'TMTstop-A_1_1redlinestimulus20.png'
33.5844 	EXP 	Stim: image = 'TMTstop-A_1_1redlinestimulus20.png'
33.6257 	EXP 	Stim: image = 'TMTstop-A_1_1redlinestimulus20.png'
33.6637 	DATA 	Keypress: 3
33.6672 	EXP 	Stim: image = 'TMTstop-A_1_1redlinestimulus20.png'
33.7089 	EXP 	Stim: image = 'TMTstop-A_1_1redlinestimulus20.png'
33.7515 	EXP 	Stim: image = 'TMTstop-A_1_1redlinestimulus20.png'
33.7922 	EXP 	Stim: image = 'TMTstop-A_1_1redlinestimulus20.png'
33.8340 	EXP 	Stim: image = 'TMTstop-A_1_1redlinestimulus20.png'
33.8726 	DATA 	Keypress: 3
33.8757 	EXP 	Stim: image = 'TMTstop-A_1_1redlinestimulus20.png'
33.9172 	EXP 	Stim: image = 'TMTstop-A_1_1redlinestimulus20.png'
33.9590 	EXP 	Stim: image = 'TMTstop-A_1_1redlinestimulus20.png'
34.0006 	EXP 	Stim: image = 'TMTstop-A_1_1redlinestimulus20.png'
34.0422 	EXP 	Stim: image = 'TMTstop-A_1_1redlinestimulus20.png'
34.0840 	EXP 	Stim: image = 'TMTstop-A_1_1redlinestimulus20.png'
34.1256 	EXP 	Stim: image = 'TMTstop-A_1_1redlinestimulus20.png'
34.1672 	EXP 	Stim: image = 'TMTstop-A_1_1redlinestimulus20.png'
34.2089 	EXP 	Stim: image = 'TMTstop-A_1_1redlinestimulus20.png'
34.2470 	DATA 	Keypress: 1
34.2506 	EXP 	Stim: image = 'TMTstop-A_1_1redlinestimulus20.png'
34.2549 	EXP 	New trial (rep=0, index=23): {'NumberLetter': 24, 'corrAns': ['2'], 'StimFile': 'TMTstop-A_1_1linestimulus21.png', 'Correct_StimFile': 'TMTstop-A_1_1greenlinestimulus21.png', 'False_StimFile': 'TMTstop-A_1_1redlinestimulus21.png', 'DurationTrial': None}
34.3280 	EXP 	Stim: autoDraw = False
34.3280 	EXP 	Stim: image = 'TMTstop-A_1_1greenlinestimulus21.png'
34.3280 	EXP 	Stim: image = 'TMTstop-A_1_1greenlinestimulus21.png'
34.3280 	EXP 	Stim: autoDraw = True
34.4354 	DATA 	Keypress: 1
35.0733 	DATA 	Keypress: 2
35.0797 	EXP 	New trial (rep=0, index=24): {'NumberLetter': 25, 'corrAns': ['3'], 'StimFile': 'TMTstop-A_1_1linestimulus22.png', 'Correct_StimFile': 'TMTstop-A_1_1greenlinestimulus22.png', 'False_StimFile': 'TMTstop-A_1_1redlinestimulus22.png', 'DurationTrial': None}
35.1469 	EXP 	Stim: autoDraw = False
35.1469 	EXP 	Stim: image = 'TMTstop-A_1_1greenlinestimulus22.png'
35.1469 	EXP 	Stim: image = 'TMTstop-A_1_1greenlinestimulus22.png'
35.1469 	EXP 	Stim: autoDraw = True
35.2818 	DATA 	Keypress: 2
35.7570 	EXP 	New trial (rep=0, index=25): {'NumberLetter': None, 'corrAns': None, 'StimFile': 'TMTstop-A_1_1linestimulus23.png', 'Correct_StimFile': 'TMTstop-A_1_1greenlinestimulus23.png', 'False_StimFile': 'TMTstop-A_1_1redlinestimulus23.png', 'DurationTrial': None}
35.8234 	DATA 	Keypress: 3
35.8278 	EXP 	Stim: autoDraw = False
35.8278 	EXP 	Stim: image = 'TMTstop-A_1_1greenlinestimulus23.png'
35.8278 	EXP 	Stim: image = 'TMTstop-A_1_1greenlinestimulus23.png'
35.8278 	EXP 	Stim: autoDraw = True
35.9627 	DATA 	Keypress: 3
36.9455 	EXP 	New trial (rep=0, index=1): {'Condition_rows': '26:52'}
36.9547 	EXP 	Imported TMTstop-A_1_1.xlsx as conditions, 0 conditions, 6 params
36.9550 	EXP 	Created sequence: sequential, trialTypes=1, nReps=1, seed=None
36.9552 	EXP 	New trial (rep=0, index=0): None
37.0373 	EXP 	Stim: autoDraw = False
37.0373 	EXP 	Stim: image = 'TMTstop-A_1_1greenlinestimulus23.png'
37.0373 	EXP 	Stim: image = 'TMTstop-A_1_1greenlinestimulus23.png'
37.0373 	EXP 	Stim: autoDraw = True
47.8231 	DATA 	Keypress: 3
47.8764 	EXP 	Stim: image = 'TMTstop-A_1_1redlinestimulus23.png'
47.9305 	EXP 	Stim: image = 'TMTstop-A_1_1redlinestimulus23.png'
47.9728 	EXP 	Stim: image = 'TMTstop-A_1_1redlinestimulus23.png'
48.0140 	EXP 	Stim: image = 'TMTstop-A_1_1redlinestimulus23.png'
48.0561 	EXP 	Stim: image = 'TMTstop-A_1_1redlinestimulus23.png'
48.0967 	DATA 	Keypress: 3
48.0984 	EXP 	Stim: image = 'TMTstop-A_1_1redlinestimulus23.png'
48.1392 	EXP 	Stim: image = 'TMTstop-A_1_1redlinestimulus23.png'
48.1808 	EXP 	Stim: image = 'TMTstop-A_1_1redlinestimulus23.png'
48.2227 	EXP 	Stim: image = 'TMTstop-A_1_1redlinestimulus23.png'
48.2641 	EXP 	Stim: image = 'TMTstop-A_1_1redlinestimulus23.png'
48.3057 	EXP 	Stim: image = 'TMTstop-A_1_1redlinestimulus23.png'
48.3474 	EXP 	Stim: image = 'TMTstop-A_1_1redlinestimulus23.png'
48.3891 	EXP 	Stim: image = 'TMTstop-A_1_1redlinestimulus23.png'
48.4312 	EXP 	Stim: image = 'TMTstop-A_1_1redlinestimulus23.png'
48.4724 	EXP 	Stim: image = 'TMTstop-A_1_1redlinestimulus23.png'
48.5145 	EXP 	Stim: image = 'TMTstop-A_1_1redlinestimulus23.png'
48.5625 	EXP 	Stim: image = 'TMTstop-A_1_1redlinestimulus23.png'
48.6047 	EXP 	Stim: image = 'TMTstop-A_1_1redlinestimulus23.png'
48.6461 	EXP 	Stim: image = 'TMTstop-A_1_1redlinestimulus23.png'
48.6877 	EXP 	Stim: image = 'TMTstop-A_1_1redlinestimulus23.png'
48.7298 	EXP 	Stim: image = 'TMTstop-A_1_1redlinestimulus23.png'
48.7711 	EXP 	Stim: image = 'TMTstop-A_1_1redlinestimulus23.png'
48.8126 	EXP 	Stim: image = 'TMTstop-A_1_1redlinestimulus23.png'
48.8548 	EXP 	Stim: image = 'TMTstop-A_1_1redlinestimulus23.png'
48.8966 	EXP 	Stim: image = 'TMTstop-A_1_1redlinestimulus23.png'
48.9386 	EXP 	Stim: image = 'TMTstop-A_1_1redlinestimulus23.png'
48.9798 	EXP 	Stim: image = 'TMTstop-A_1_1redlinestimulus23.png'
49.0209 	EXP 	Stim: image = 'TMTstop-A_1_1redlinestimulus23.png'
49.0627 	EXP 	Stim: image = 'TMTstop-A_1_1redlinestimulus23.png'
49.1044 	EXP 	Stim: image = 'TMTstop-A_1_1redlinestimulus23.png'
49.1461 	EXP 	Stim: image = 'TMTstop-A_1_1redlinestimulus23.png'
49.1876 	EXP 	Stim: image = 'TMTstop-A_1_1redlinestimulus23.png'
49.2293 	EXP 	Stim: image = 'TMTstop-A_1_1redlinestimulus23.png'
49.2710 	EXP 	Stim: image = 'TMTstop-A_1_1redlinestimulus23.png'
49.3126 	EXP 	Stim: image = 'TMTstop-A_1_1redlinestimulus23.png'
49.3543 	EXP 	Stim: image = 'TMTstop-A_1_1redlinestimulus23.png'
49.3960 	EXP 	Stim: image = 'TMTstop-A_1_1redlinestimulus23.png'
49.4380 	EXP 	Stim: image = 'TMTstop-A_1_1redlinestimulus23.png'
49.4794 	EXP 	Stim: image = 'TMTstop-A_1_1redlinestimulus23.png'
49.5210 	EXP 	Stim: image = 'TMTstop-A_1_1redlinestimulus23.png'
49.5630 	EXP 	Stim: image = 'TMTstop-A_1_1redlinestimulus23.png'
49.6008 	DATA 	Keypress: 1
49.6045 	EXP 	Stim: image = 'TMTstop-A_1_1redlinestimulus23.png'
49.6464 	EXP 	Stim: image = 'TMTstop-A_1_1redlinestimulus23.png'
49.6877 	EXP 	Stim: image = 'TMTstop-A_1_1redlinestimulus23.png'
49.7293 	EXP 	Stim: image = 'TMTstop-A_1_1redlinestimulus23.png'
49.7714 	EXP 	Stim: image = 'TMTstop-A_1_1redlinestimulus23.png'
49.8129 	EXP 	Stim: image = 'TMTstop-A_1_1redlinestimulus23.png'
49.8544 	EXP 	Stim: image = 'TMTstop-A_1_1redlinestimulus23.png'
49.9032 	EXP 	Stim: image = 'TMTstop-A_1_1redlinestimulus23.png'
49.9449 	EXP 	Stim: image = 'TMTstop-A_1_1redlinestimulus23.png'
49.9827 	DATA 	Keypress: 1
49.9866 	EXP 	Stim: image = 'TMTstop-A_1_1redlinestimulus23.png'
50.0279 	EXP 	Stim: image = 'TMTstop-A_1_1redlinestimulus23.png'
50.0694 	EXP 	Stim: image = 'TMTstop-A_1_1redlinestimulus23.png'
50.1112 	EXP 	Stim: image = 'TMTstop-A_1_1redlinestimulus23.png'
50.1530 	EXP 	Stim: image = 'TMTstop-A_1_1redlinestimulus23.png'
50.1910 	DATA 	Keypress: 2
50.1946 	EXP 	Stim: image = 'TMTstop-A_1_1redlinestimulus23.png'
50.2362 	EXP 	Stim: image = 'TMTstop-A_1_1redlinestimulus23.png'
50.2779 	EXP 	Stim: image = 'TMTstop-A_1_1redlinestimulus23.png'
50.3198 	EXP 	Stim: image = 'TMTstop-A_1_1redlinestimulus23.png'
50.3611 	EXP 	Stim: image = 'TMTstop-A_1_1redlinestimulus23.png'
50.3994 	DATA 	Keypress: 2
50.4028 	EXP 	Stim: image = 'TMTstop-A_1_1redlinestimulus23.png'
50.4451 	EXP 	Stim: image = 'TMTstop-A_1_1redlinestimulus23.png'
50.4864 	EXP 	Stim: image = 'TMTstop-A_1_1redlinestimulus23.png'
50.5282 	EXP 	Stim: image = 'TMTstop-A_1_1redlinestimulus23.png'
50.5695 	EXP 	Stim: image = 'TMTstop-A_1_1redlinestimulus23.png'
50.6117 	EXP 	Stim: image = 'TMTstop-A_1_1redlinestimulus23.png'
50.6538 	EXP 	Stim: image = 'TMTstop-A_1_1redlinestimulus23.png'
50.6946 	EXP 	Stim: image = 'TMTstop-A_1_1redlinestimulus23.png'
50.7363 	EXP 	Stim: image = 'TMTstop-A_1_1redlinestimulus23.png'
50.7779 	EXP 	Stim: image = 'TMTstop-A_1_1redlinestimulus23.png'
50.8160 	DATA 	Keypress: esc
50.8196 	EXP 	Stim: image = 'TMTstop-A_1_1redlinestimulus23.png'
50.8612 	EXP 	Stim: image = 'TMTstop-A_1_1redlinestimulus23.png'
50.9037 	EXP 	Stim: image = 'TMTstop-A_1_1redlinestimulus23.png'
50.9514 	EXP 	Stim: image = 'TMTstop-A_1_1redlinestimulus23.png'
50.9932 	EXP 	Stim: image = 'TMTstop-A_1_1redlinestimulus23.png'
51.0543 	EXP 	window1: mouseVisible = True
