1.6305 	WARNING 	We strongly recommend you activate the PTB sound engine in PsychoPy prefs as the preferred audio engine. Its timing is vastly superior. Your prefs are currently set to use ['pyo'] (in that order).
6.3514 	EXP 	Created window1 = Window(allowGUI=True, allowStencil=False, autoLog=True, backendConf=UNKNOWN, bitsMode=UNKNOWN, blendMode='avg', bpc=(8, 8, 8), color=array([0, 0, 0]), colorSpace='rgb', depthBits=8, fullscr=<method-wrapper '__getattribute__' of attributeSetter object at 0x00000268204FDC50>, gamma=None, gammaErrorPolicy='raise', lms=UNKNOWN, monitor=<psychopy.monitors.calibTools.Monitor object at 0x000002682041DEF0>, multiSample=False, name='window1', numSamples=2, pos=[760.0, 180.0], screen=0, size=array([1920, 1080]), stencilBits=0, stereo=False, units='height', useFBO=True, useRetina=False, viewOri=0.0, viewPos=None, viewScale=None, waitBlanking=True, winType='glfw')
6.3515 	EXP 	window1: mouseVisible = True
6.3515 	EXP 	window1: recordFrameIntervals = False
6.5180 	EXP 	window1: recordFrameIntervals = True
6.7017 	EXP 	window1: recordFrameIntervals = False
7.0601 	EXP 	Created Instruct = ImageStim(__class__=<class 'psychopy.visual.image.ImageStim'>, autoLog=True, color=array([1., 1., 1.]), colorSpace='rgb', contrast=1.0, depth=0.0, flipHoriz=False, flipVert=False, image=str(...), interpolate=True, mask=None, maskParams=None, name='Instruct', opacity=1, ori=0.0, pos=array([0., 0.]), size=array([1.28, 0.72]), texRes=128.0, units='height', win=Window(...))
7.1467 	EXP 	Created image_2 = ImageStim(__class__=<class 'psychopy.visual.image.ImageStim'>, autoLog=True, color=array([1., 1., 1.]), colorSpace='rgb', contrast=1.0, depth=0.0, flipHoriz=False, flipVert=False, image=str(...), interpolate=True, mask=None, maskParams=None, name='image_2', opacity=1, ori=0.0, pos=array([0., 0.]), size=array([1.28, 0.72]), texRes=128.0, units='height', win=Window(...))
7.1496 	EXP 	Created polygon = ShapeStim(__class__=<class 'psychopy.visual.shape.ShapeStim'>, autoDraw=False, autoLog=True, closeShape=True, color=method-wrapper(...), colorSpace='rgb', contrast=None, depth=0.0, fillColor=array([1, 1, 1]), fillColorSpace='rgb', fillRGB=array([1, 1, 1]), interpolate=True, lineColor=array([1., 1., 1.]), lineColorSpace='rgb', lineRGB=array([1, 1, 1]), lineWidth=1.0, name='polygon', opacity=1, ori=0.0, pos=array([0., 0.]), size=array([0.5, 0.5]), units='height', vertices=ndarray(...), win=Window(...), windingRule=None)
7.1558 	EXP 	Created Stim_practice = ImageStim(__class__=<class 'psychopy.visual.image.ImageStim'>, autoLog=True, color=array([1., 1., 1.]), colorSpace='rgb', contrast=1.0, depth=0.0, flipHoriz=False, flipVert=False, image='sin', interpolate=True, mask=None, maskParams=None, name='Stim_practice', opacity=1, ori=0.0, pos=array([0., 0.]), size=array([1.777, 1.   ]), texRes=128.0, units='height', win=Window(...))
7.2159 	EXP 	Created text_5 = TextStim(__class__=<class 'psychopy.visual.text.TextStim'>, alignHoriz=method-wrapper(...), alignText='center', alignVert=method-wrapper(...), anchorHoriz='center', anchorVert='center', antialias=True, autoLog=True, bold=False, color=array([1., 1., 1.]), colorSpace='rgb', contrast=1.0, depth=0.0, flipHoriz=False, flipVert=False, font='Open Sans', fontFiles=[], height=0.03, italic=False, languageStyle='LTR', name='text_5', opacity=1, ori=0.0, pos=array([0., 0.]), rgb=UNKNOWN, text='', units='height', win=Window(...), wrapWidth=1)
7.2183 	EXP 	Created polygon = ShapeStim(__class__=<class 'psychopy.visual.shape.ShapeStim'>, autoDraw=False, autoLog=True, closeShape=True, color=method-wrapper(...), colorSpace='rgb', contrast=None, depth=0.0, fillColor=array([1, 1, 1]), fillColorSpace='rgb', fillRGB=array([1, 1, 1]), interpolate=True, lineColor=array([1., 1., 1.]), lineColorSpace='rgb', lineRGB=array([1, 1, 1]), lineWidth=1.0, name='polygon', opacity=1, ori=0.0, pos=array([0., 0.]), size=array([0.5, 0.5]), units='height', vertices=ndarray(...), win=Window(...), windingRule=None)
7.2237 	EXP 	Created Stim = ImageStim(__class__=<class 'psychopy.visual.image.ImageStim'>, autoLog=True, color=array([1., 1., 1.]), colorSpace='rgb', contrast=1.0, depth=0.0, flipHoriz=False, flipVert=False, image='sin', interpolate=True, mask=None, maskParams=None, name='Stim', opacity=1, ori=0.0, pos=array([0., 0.]), size=array([1.777, 1.   ]), texRes=128.0, units='height', win=Window(...))
7.2257 	EXP 	Created polygon = ShapeStim(__class__=<class 'psychopy.visual.shape.ShapeStim'>, autoDraw=False, autoLog=True, closeShape=True, color=method-wrapper(...), colorSpace='rgb', contrast=None, depth=0.0, fillColor=array([1, 1, 1]), fillColorSpace='rgb', fillRGB=array([1, 1, 1]), interpolate=True, lineColor=array([1., 1., 1.]), lineColorSpace='rgb', lineRGB=array([1, 1, 1]), lineWidth=1.0, name='polygon', opacity=1, ori=0.0, pos=array([0., 0.]), size=array([0.5, 0.5]), units='height', vertices=ndarray(...), win=Window(...), windingRule=None)
7.2855 	EXP 	Created text = TextStim(__class__=<class 'psychopy.visual.text.TextStim'>, alignHoriz=method-wrapper(...), alignText='center', alignVert=method-wrapper(...), anchorHoriz='center', anchorVert='center', antialias=True, autoLog=True, bold=False, color=array([1., 1., 1.]), colorSpace='rgb', contrast=1.0, depth=0.0, flipHoriz=False, flipVert=False, font='Open Sans', fontFiles=[], height=0.04, italic=False, languageStyle='LTR', name='text', opacity=1, ori=0.0, pos=array([0., 0.]), rgb=UNKNOWN, text=str(...), units='height', win=Window(...), wrapWidth=1)
7.3823 	EXP 	Instruct: autoDraw = True
8.7660 	DATA 	Keypress: 2
8.7864 	EXP 	Instruct: autoDraw = False
8.7864 	EXP 	image_2: autoDraw = True
8.9824 	DATA 	Keypress: 2
9.2326 	DATA 	Keypress: 3
9.2356 	EXP 	image_2: autoDraw = False
9.2356 	EXP 	polygon: autoDraw = True
9.4659 	DATA 	Keypress: 3
12.2221 	EXP 	Created sequence: sequential, trialTypes=1, nReps=100, seed=None
12.2226 	EXP 	New trial (rep=0, index=0): None
12.2296 	EXP 	Imported TMTstop-A_1_practice.xlsx as conditions, 13 conditions, 6 params
12.2298 	EXP 	Created sequence: sequential, trialTypes=13, nReps=1, seed=None
12.2301 	EXP 	New trial (rep=0, index=0): {'NumberLetter': 1, 'corrAns': ['1'], 'StimFile': 'TMTstop-A_1_practice.png', 'Correct_StimFile': 'TMTstop-A_1_practice.png', 'False_StimFile': 'TMTstop-A_1_practice.png', 'DurationTrial': 10}
12.3379 	EXP 	polygon: autoDraw = False
12.3379 	EXP 	polygon: autoDraw = False
12.3379 	EXP 	Stim_practice: image = 'TMTstop-A_1_practice.png'
12.3379 	EXP 	Stim_practice: autoDraw = True
12.8342 	DATA 	Keypress: 2
12.8888 	EXP 	Stim_practice: image = 'TMTstop-A_1_practice.png'
12.9389 	EXP 	Stim_practice: image = 'TMTstop-A_1_practice.png'
12.9910 	EXP 	Stim_practice: image = 'TMTstop-A_1_practice.png'
13.0336 	DATA 	Keypress: 1
13.0336 	DATA 	Keypress: 3
13.0389 	EXP 	Stim_practice: image = 'TMTstop-A_1_practice.png'
13.0836 	DATA 	Keypress: 2
13.0887 	EXP 	Stim_practice: image = 'TMTstop-A_1_practice.png'
13.1389 	EXP 	Stim_practice: image = 'TMTstop-A_1_practice.png'
13.1836 	DATA 	Keypress: 1
13.1889 	EXP 	Stim_practice: image = 'TMTstop-A_1_practice.png'
13.2391 	EXP 	Stim_practice: image = 'TMTstop-A_1_practice.png'
13.2837 	DATA 	Keypress: 1
13.2838 	DATA 	Keypress: 3
13.2889 	EXP 	Stim_practice: image = 'TMTstop-A_1_practice.png'
13.2925 	EXP 	New trial (rep=0, index=1): {'NumberLetter': 2, 'corrAns': ['2'], 'StimFile': 'TMTstop-A_1_practice.png', 'Correct_StimFile': 'TMTstop-A_1_practicefirstgreen.png', 'False_StimFile': 'TMTstop-A_1_practicefirstred.png', 'DurationTrial': 10}
13.3552 	EXP 	Stim_practice: autoDraw = False
13.3552 	EXP 	Stim_practice: image = 'TMTstop-A_1_practicefirstgreen.png'
13.3552 	EXP 	Stim_practice: image = 'TMTstop-A_1_practicefirstgreen.png'
13.3552 	EXP 	Stim_practice: autoDraw = True
13.3678 	DATA 	Keypress: 2
13.3763 	EXP 	New trial (rep=0, index=2): {'NumberLetter': 3, 'corrAns': ['3'], 'StimFile': 'TMTstop-A_1_practicelinestimulus0.png', 'Correct_StimFile': 'TMTstop-A_1_practicegreenlinestimulus0.png', 'False_StimFile': 'TMTstop-A_1_practiceredlinestimulus0.png', 'DurationTrial': 10}
13.4505 	DATA 	Keypress: 3
13.4559 	EXP 	Stim_practice: autoDraw = False
13.4559 	EXP 	Stim_practice: image = 'TMTstop-A_1_practicegreenlinestimulus0.png'
13.4559 	EXP 	Stim_practice: image = 'TMTstop-A_1_practicegreenlinestimulus0.png'
13.4559 	EXP 	Stim_practice: autoDraw = True
13.4680 	DATA 	Keypress: 1
13.5350 	DATA 	Keypress: 2
13.6014 	DATA 	Keypress: 1
13.6506 	DATA 	Keypress: 3
13.6559 	EXP 	Stim_practice: image = 'TMTstop-A_1_practiceredlinestimulus0.png'
13.7006 	DATA 	Keypress: 2
13.7058 	EXP 	Stim_practice: image = 'TMTstop-A_1_practiceredlinestimulus0.png'
13.7561 	EXP 	Stim_practice: image = 'TMTstop-A_1_practiceredlinestimulus0.png'
13.8006 	DATA 	Keypress: 3
13.8059 	EXP 	Stim_practice: image = 'TMTstop-A_1_practiceredlinestimulus0.png'
13.8093 	EXP 	New trial (rep=0, index=3): {'NumberLetter': 4, 'corrAns': ['1'], 'StimFile': 'TMTstop-A_1_practicelinestimulus1.png', 'Correct_StimFile': 'TMTstop-A_1_practicegreenlinestimulus1.png', 'False_StimFile': 'TMTstop-A_1_practiceredlinestimulus1.png', 'DurationTrial': 10}
13.8845 	DATA 	Keypress: 1
13.8848 	DATA 	Keypress: 2
13.8898 	EXP 	Stim_practice: autoDraw = False
13.8898 	EXP 	Stim_practice: image = 'TMTstop-A_1_practicegreenlinestimulus1.png'
13.8898 	EXP 	Stim_practice: image = 'TMTstop-A_1_practicegreenlinestimulus1.png'
13.8898 	EXP 	Stim_practice: autoDraw = True
13.9015 	DATA 	Keypress: 1
13.9105 	EXP 	New trial (rep=0, index=4): {'NumberLetter': 5, 'corrAns': ['2'], 'StimFile': 'TMTstop-A_1_practicelinestimulus2.png', 'Correct_StimFile': 'TMTstop-A_1_practicegreenlinestimulus2.png', 'False_StimFile': 'TMTstop-A_1_practiceredlinestimulus2.png', 'DurationTrial': 10}
13.9841 	DATA 	Keypress: 3
13.9842 	DATA 	Keypress: 2
13.9894 	EXP 	Stim_practice: autoDraw = False
13.9894 	EXP 	Stim_practice: image = 'TMTstop-A_1_practicegreenlinestimulus2.png'
13.9894 	EXP 	Stim_practice: image = 'TMTstop-A_1_practicegreenlinestimulus2.png'
13.9894 	EXP 	Stim_practice: autoDraw = True
14.1175 	DATA 	Keypress: 3
14.1176 	DATA 	Keypress: 1
14.1233 	EXP 	Stim_practice: image = 'TMTstop-A_1_practiceredlinestimulus2.png'
14.1674 	DATA 	Keypress: 2
14.1727 	EXP 	Stim_practice: image = 'TMTstop-A_1_practiceredlinestimulus2.png'
14.2174 	DATA 	Keypress: 1
14.2227 	EXP 	Stim_practice: image = 'TMTstop-A_1_practiceredlinestimulus2.png'
14.2675 	DATA 	Keypress: 3
14.2728 	EXP 	Stim_practice: image = 'TMTstop-A_1_practiceredlinestimulus2.png'
14.2762 	EXP 	New trial (rep=0, index=5): {'NumberLetter': 6, 'corrAns': ['3'], 'StimFile': 'TMTstop-A_1_practicelinestimulus3.png', 'Correct_StimFile': 'TMTstop-A_1_practicegreenlinestimulus3.png', 'False_StimFile': 'TMTstop-A_1_practiceredlinestimulus3.png', 'DurationTrial': 10}
14.3510 	DATA 	Keypress: 2
14.3562 	EXP 	Stim_practice: autoDraw = False
14.3562 	EXP 	Stim_practice: image = 'TMTstop-A_1_practicegreenlinestimulus3.png'
14.3562 	EXP 	Stim_practice: image = 'TMTstop-A_1_practicegreenlinestimulus3.png'
14.3562 	EXP 	Stim_practice: autoDraw = True
14.3683 	DATA 	Keypress: 3
14.3766 	EXP 	New trial (rep=0, index=6): {'NumberLetter': 7, 'corrAns': ['1'], 'StimFile': 'TMTstop-A_1_practicelinestimulus4.png', 'Correct_StimFile': 'TMTstop-A_1_practicegreenlinestimulus4.png', 'False_StimFile': 'TMTstop-A_1_practiceredlinestimulus4.png', 'DurationTrial': 10}
14.4510 	DATA 	Keypress: 1
14.4510 	DATA 	Keypress: 2
14.4561 	EXP 	Stim_practice: autoDraw = False
14.4561 	EXP 	Stim_practice: image = 'TMTstop-A_1_practicegreenlinestimulus4.png'
14.4561 	EXP 	Stim_practice: image = 'TMTstop-A_1_practicegreenlinestimulus4.png'
14.4561 	EXP 	Stim_practice: autoDraw = True
14.4944 	EXP 	New trial (rep=0, index=7): {'NumberLetter': 8, 'corrAns': ['3'], 'StimFile': 'TMTstop-A_1_practicelinestimulus5.png', 'Correct_StimFile': 'TMTstop-A_1_practicegreenlinestimulus5.png', 'False_StimFile': 'TMTstop-A_1_practiceredlinestimulus5.png', 'DurationTrial': 10}
14.5678 	DATA 	Keypress: 1
14.5680 	DATA 	Keypress: 3
14.5680 	DATA 	Keypress: 2
14.5730 	EXP 	Stim_practice: autoDraw = False
14.5730 	EXP 	Stim_practice: image = 'TMTstop-A_1_practicegreenlinestimulus5.png'
14.5730 	EXP 	Stim_practice: image = 'TMTstop-A_1_practicegreenlinestimulus5.png'
14.5730 	EXP 	Stim_practice: autoDraw = True
14.6690 	DATA 	Keypress: 3
14.6768 	EXP 	New trial (rep=0, index=8): {'NumberLetter': 9, 'corrAns': ['2'], 'StimFile': 'TMTstop-A_1_practicelinestimulus6.png', 'Correct_StimFile': 'TMTstop-A_1_practicegreenlinestimulus6.png', 'False_StimFile': 'TMTstop-A_1_practiceredlinestimulus6.png', 'DurationTrial': 10}
14.7514 	DATA 	Keypress: 1
14.7515 	DATA 	Keypress: 2
14.7564 	EXP 	Stim_practice: autoDraw = False
14.7564 	EXP 	Stim_practice: image = 'TMTstop-A_1_practicegreenlinestimulus6.png'
14.7564 	EXP 	Stim_practice: image = 'TMTstop-A_1_practicegreenlinestimulus6.png'
14.7564 	EXP 	Stim_practice: autoDraw = True
14.8344 	DATA 	Keypress: 1
14.8399 	EXP 	Stim_practice: image = 'TMTstop-A_1_practiceredlinestimulus6.png'
14.8845 	DATA 	Keypress: 3
14.8846 	DATA 	Keypress: 2
14.8897 	EXP 	Stim_practice: image = 'TMTstop-A_1_practiceredlinestimulus6.png'
14.8928 	EXP 	New trial (rep=0, index=9): {'NumberLetter': 10, 'corrAns': ['3'], 'StimFile': 'TMTstop-A_1_practicelinestimulus7.png', 'Correct_StimFile': 'TMTstop-A_1_practicegreenlinestimulus7.png', 'False_StimFile': 'TMTstop-A_1_practiceredlinestimulus7.png', 'DurationTrial': 10}
14.9731 	EXP 	Stim_practice: autoDraw = False
14.9731 	EXP 	Stim_practice: image = 'TMTstop-A_1_practicegreenlinestimulus7.png'
14.9731 	EXP 	Stim_practice: image = 'TMTstop-A_1_practicegreenlinestimulus7.png'
14.9731 	EXP 	Stim_practice: autoDraw = True
14.9854 	DATA 	Keypress: 3
15.0022 	DATA 	Keypress: 1
15.0689 	DATA 	Keypress: 2
15.1356 	DATA 	Keypress: 1
15.1846 	DATA 	Keypress: 3
15.1902 	EXP 	Stim_practice: image = 'TMTstop-A_1_practiceredlinestimulus7.png'
15.2346 	DATA 	Keypress: 2
15.2399 	EXP 	Stim_practice: image = 'TMTstop-A_1_practiceredlinestimulus7.png'
15.2900 	EXP 	Stim_practice: image = 'TMTstop-A_1_practiceredlinestimulus7.png'
15.3347 	DATA 	Keypress: 3
15.3399 	EXP 	Stim_practice: image = 'TMTstop-A_1_practiceredlinestimulus7.png'
15.3432 	EXP 	New trial (rep=0, index=10): {'NumberLetter': 11, 'corrAns': ['1'], 'StimFile': 'TMTstop-A_1_practicelinestimulus8.png', 'Correct_StimFile': 'TMTstop-A_1_practicegreenlinestimulus8.png', 'False_StimFile': 'TMTstop-A_1_practiceredlinestimulus8.png', 'DurationTrial': 10}
15.4180 	DATA 	Keypress: 1
15.4181 	DATA 	Keypress: 2
15.4233 	EXP 	Stim_practice: autoDraw = False
15.4233 	EXP 	Stim_practice: image = 'TMTstop-A_1_practicegreenlinestimulus8.png'
15.4233 	EXP 	Stim_practice: image = 'TMTstop-A_1_practicegreenlinestimulus8.png'
15.4233 	EXP 	Stim_practice: autoDraw = True
15.4688 	DATA 	Keypress: 1
15.4770 	EXP 	New trial (rep=0, index=11): {'NumberLetter': 12, 'corrAns': ['2'], 'StimFile': 'TMTstop-A_1_practicelinestimulus9.png', 'Correct_StimFile': 'TMTstop-A_1_practicegreenlinestimulus9.png', 'False_StimFile': 'TMTstop-A_1_practiceredlinestimulus9.png', 'DurationTrial': 10}
15.5514 	DATA 	Keypress: 3
15.5515 	DATA 	Keypress: 2
15.5566 	EXP 	Stim_practice: autoDraw = False
15.5566 	EXP 	Stim_practice: image = 'TMTstop-A_1_practicegreenlinestimulus9.png'
15.5566 	EXP 	Stim_practice: image = 'TMTstop-A_1_practicegreenlinestimulus9.png'
15.5566 	EXP 	Stim_practice: autoDraw = True
15.7016 	DATA 	Keypress: 3
15.7017 	DATA 	Keypress: 1
15.7071 	EXP 	Stim_practice: image = 'TMTstop-A_1_practiceredlinestimulus9.png'
15.7516 	DATA 	Keypress: 2
15.7570 	EXP 	Stim_practice: image = 'TMTstop-A_1_practiceredlinestimulus9.png'
15.8016 	DATA 	Keypress: 1
15.8069 	EXP 	Stim_practice: image = 'TMTstop-A_1_practiceredlinestimulus9.png'
15.8526 	DATA 	Keypress: 3
15.8527 	DATA 	Keypress: 2
15.8569 	EXP 	Stim_practice: image = 'TMTstop-A_1_practiceredlinestimulus9.png'
15.8602 	EXP 	New trial (rep=0, index=12): {'NumberLetter': None, 'corrAns': None, 'StimFile': 'TMTstop-A_1_practicelinestimulus10.png', 'Correct_StimFile': 'TMTstop-A_1_practicegreenlinestimulus10.png', 'False_StimFile': 'TMTstop-A_1_practiceredlinestimulus10.png', 'DurationTrial': None}
15.9401 	EXP 	Stim_practice: autoDraw = False
15.9401 	EXP 	Stim_practice: image = 'TMTstop-A_1_practicegreenlinestimulus10.png'
15.9401 	EXP 	Stim_practice: image = 'TMTstop-A_1_practicegreenlinestimulus10.png'
15.9401 	EXP 	Stim_practice: autoDraw = True
15.9691 	DATA 	Keypress: 3
16.0183 	DATA 	Keypress: 1
16.0238 	EXP 	Stim_practice: image = 'TMTstop-A_1_practiceredlinestimulus10.png'
16.0686 	DATA 	Keypress: 2
16.0739 	EXP 	Stim_practice: image = 'TMTstop-A_1_practiceredlinestimulus10.png'
16.1236 	EXP 	Stim_practice: image = 'TMTstop-A_1_practiceredlinestimulus10.png'
16.1683 	DATA 	Keypress: 3
16.1735 	EXP 	Stim_practice: image = 'TMTstop-A_1_practiceredlinestimulus10.png'
16.2236 	EXP 	Stim_practice: image = 'TMTstop-A_1_practiceredlinestimulus10.png'
16.2738 	EXP 	Stim_practice: image = 'TMTstop-A_1_practiceredlinestimulus10.png'
16.3237 	EXP 	Stim_practice: image = 'TMTstop-A_1_practiceredlinestimulus10.png'
16.3738 	EXP 	Stim_practice: image = 'TMTstop-A_1_practiceredlinestimulus10.png'
16.4238 	EXP 	Stim_practice: image = 'TMTstop-A_1_practiceredlinestimulus10.png'
16.4736 	EXP 	Stim_practice: image = 'TMTstop-A_1_practiceredlinestimulus10.png'
16.5238 	EXP 	Stim_practice: image = 'TMTstop-A_1_practiceredlinestimulus10.png'
16.5739 	EXP 	Stim_practice: image = 'TMTstop-A_1_practiceredlinestimulus10.png'
16.6239 	EXP 	Stim_practice: image = 'TMTstop-A_1_practiceredlinestimulus10.png'
16.6738 	EXP 	Stim_practice: image = 'TMTstop-A_1_practiceredlinestimulus10.png'
16.7243 	EXP 	Stim_practice: image = 'TMTstop-A_1_practiceredlinestimulus10.png'
16.7740 	EXP 	Stim_practice: image = 'TMTstop-A_1_practiceredlinestimulus10.png'
16.8239 	EXP 	Stim_practice: image = 'TMTstop-A_1_practiceredlinestimulus10.png'
16.8739 	EXP 	Stim_practice: image = 'TMTstop-A_1_practiceredlinestimulus10.png'
16.9240 	EXP 	Stim_practice: image = 'TMTstop-A_1_practiceredlinestimulus10.png'
17.0210 	EXP 	Stim_practice: image = 'TMTstop-A_1_practiceredlinestimulus10.png'
17.0210 	EXP 	Stim_practice: autoDraw = False
17.0210 	EXP 	text_5: text = 'You have finished the practice. If you understood the task correctly please read on, otherwise ask the experiment leader or press X to restart the practice.\n\nFrom here on there will be 25 circles instead of 12. If you finish all circles you will see a white cross for a few seconds then you will get 25 new circles and start again from 1. The experiments will end automatically after three minutes. \n\nPress 1, 2 or 3  to start the experiment.\n\n\n\nDu har slutfört provomgången. Om du förstod uppgiften rätt, läs vidare, annars fråga experimentledaren eller tryck på X för att starta om provomgången.\n\nHärifrån kommer det att finnas 25 circlar istället för 12. Om du slutför alla circlar kommer du att se ett vitt kors i några sekunder, sedan får du 25 nya circlar och börjar om från 1. Experimenten avslutas automatiskt efter tre minuter.\n\nTryck på 1, 2 eller 3 för att starta experimentet.\n\n\n'
17.0210 	EXP 	text_5: autoDraw = True
17.5367 	DATA 	Keypress: 2
17.6043 	EXP 	text_5: autoDraw = False
17.6043 	EXP 	polygon: autoDraw = True
17.7368 	DATA 	Keypress: 2
20.5617 	EXP 	Imported TMTstop-A_1_conditions.xlsx as conditions, 6 conditions, 2 params
20.5620 	EXP 	Created sequence: sequential, trialTypes=6, nReps=1, seed=None
20.5622 	EXP 	New trial (rep=0, index=0): {'Block_file': 'TMTstop-A_1_1.xlsx', 'Condition_rows': '0:26'}
20.5706 	EXP 	Imported TMTstop-A_1_1.xlsx as conditions, 26 conditions, 6 params
20.5710 	EXP 	Created sequence: sequential, trialTypes=26, nReps=1, seed=None
20.5714 	EXP 	New trial (rep=0, index=0): {'NumberLetter': 1, 'corrAns': ['2'], 'StimFile': 'TMTstop-A_1_1.png', 'Correct_StimFile': 'TMTstop-A_1_1.png', 'False_StimFile': 'TMTstop-A_1_1.png', 'DurationTrial': 10}
20.6751 	EXP 	polygon: autoDraw = False
20.6751 	EXP 	Stim: image = 'TMTstop-A_1_1.png'
20.6751 	EXP 	Stim: autoDraw = True
21.1716 	DATA 	Keypress: 1
21.2260 	EXP 	Stim: image = 'TMTstop-A_1_1.png'
21.2708 	DATA 	Keypress: 2
21.2767 	EXP 	Stim: image = 'TMTstop-A_1_1.png'
21.2801 	EXP 	New trial (rep=0, index=1): {'NumberLetter': 2, 'corrAns': ['1'], 'StimFile': 'TMTstop-A_1_1.png', 'Correct_StimFile': 'TMTstop-A_1_1firstgreen.png', 'False_StimFile': 'TMTstop-A_1_1firstred.png', 'DurationTrial': 10}
21.3593 	EXP 	Stim: autoDraw = False
21.3593 	EXP 	Stim: image = 'TMTstop-A_1_1firstgreen.png'
21.3593 	EXP 	Stim: image = 'TMTstop-A_1_1firstgreen.png'
21.3593 	EXP 	Stim: autoDraw = True
21.3886 	DATA 	Keypress: 3
21.4375 	DATA 	Keypress: 1
21.4430 	EXP 	Stim: image = 'TMTstop-A_1_1firstred.png'
21.4875 	DATA 	Keypress: 2
21.4927 	EXP 	Stim: image = 'TMTstop-A_1_1firstred.png'
21.5376 	DATA 	Keypress: 1
21.5429 	EXP 	Stim: image = 'TMTstop-A_1_1firstred.png'
21.5466 	EXP 	New trial (rep=0, index=2): {'NumberLetter': 3, 'corrAns': ['2'], 'StimFile': 'TMTstop-A_1_1linestimulus0.png', 'Correct_StimFile': 'TMTstop-A_1_1greenlinestimulus0.png', 'False_StimFile': 'TMTstop-A_1_1redlinestimulus0.png', 'DurationTrial': 10}
21.6209 	DATA 	Keypress: 3
21.6210 	DATA 	Keypress: 2
21.6261 	EXP 	Stim: autoDraw = False
21.6261 	EXP 	Stim: image = 'TMTstop-A_1_1greenlinestimulus0.png'
21.6261 	EXP 	Stim: image = 'TMTstop-A_1_1greenlinestimulus0.png'
21.6261 	EXP 	Stim: autoDraw = True
21.6293 	EXP 	New trial (rep=0, index=3): {'NumberLetter': 4, 'corrAns': ['3'], 'StimFile': 'TMTstop-A_1_1linestimulus1.png', 'Correct_StimFile': 'TMTstop-A_1_1greenlinestimulus1.png', 'False_StimFile': 'TMTstop-A_1_1redlinestimulus1.png', 'DurationTrial': 10}
21.7096 	EXP 	Stim: autoDraw = False
21.7096 	EXP 	Stim: image = 'TMTstop-A_1_1greenlinestimulus1.png'
21.7096 	EXP 	Stim: image = 'TMTstop-A_1_1greenlinestimulus1.png'
21.7096 	EXP 	Stim: autoDraw = True
21.7218 	DATA 	Keypress: 3
21.7301 	EXP 	New trial (rep=0, index=4): {'NumberLetter': 5, 'corrAns': ['2'], 'StimFile': 'TMTstop-A_1_1linestimulus2.png', 'Correct_StimFile': 'TMTstop-A_1_1greenlinestimulus2.png', 'False_StimFile': 'TMTstop-A_1_1redlinestimulus2.png', 'DurationTrial': 10}
21.8043 	DATA 	Keypress: 1
21.8096 	EXP 	Stim: autoDraw = False
21.8096 	EXP 	Stim: image = 'TMTstop-A_1_1greenlinestimulus2.png'
21.8096 	EXP 	Stim: image = 'TMTstop-A_1_1greenlinestimulus2.png'
21.8096 	EXP 	Stim: autoDraw = True
21.8385 	DATA 	Keypress: 2
21.8387 	DATA 	Keypress: 1
21.8931 	EXP 	Stim: image = 'TMTstop-A_1_1redlinestimulus2.png'
21.9378 	DATA 	Keypress: 3
21.9431 	EXP 	Stim: image = 'TMTstop-A_1_1redlinestimulus2.png'
21.9877 	DATA 	Keypress: 1
21.9930 	EXP 	Stim: image = 'TMTstop-A_1_1redlinestimulus2.png'
22.0429 	EXP 	Stim: image = 'TMTstop-A_1_1redlinestimulus2.png'
22.0931 	EXP 	Stim: image = 'TMTstop-A_1_1redlinestimulus2.png'
22.1430 	EXP 	Stim: image = 'TMTstop-A_1_1redlinestimulus2.png'
22.1930 	EXP 	Stim: image = 'TMTstop-A_1_1redlinestimulus2.png'
22.2431 	EXP 	Stim: image = 'TMTstop-A_1_1redlinestimulus2.png'
22.2937 	EXP 	Stim: image = 'TMTstop-A_1_1redlinestimulus2.png'
22.3430 	EXP 	Stim: image = 'TMTstop-A_1_1redlinestimulus2.png'
22.3947 	EXP 	Stim: image = 'TMTstop-A_1_1redlinestimulus2.png'
22.4432 	EXP 	Stim: image = 'TMTstop-A_1_1redlinestimulus2.png'
22.4931 	EXP 	Stim: image = 'TMTstop-A_1_1redlinestimulus2.png'
22.5432 	EXP 	Stim: image = 'TMTstop-A_1_1redlinestimulus2.png'
22.5933 	EXP 	Stim: image = 'TMTstop-A_1_1redlinestimulus2.png'
22.6435 	EXP 	Stim: image = 'TMTstop-A_1_1redlinestimulus2.png'
22.6935 	EXP 	Stim: image = 'TMTstop-A_1_1redlinestimulus2.png'
22.7434 	EXP 	Stim: image = 'TMTstop-A_1_1redlinestimulus2.png'
22.7933 	EXP 	Stim: image = 'TMTstop-A_1_1redlinestimulus2.png'
22.8434 	EXP 	Stim: image = 'TMTstop-A_1_1redlinestimulus2.png'
22.8934 	EXP 	Stim: image = 'TMTstop-A_1_1redlinestimulus2.png'
22.9434 	EXP 	Stim: image = 'TMTstop-A_1_1redlinestimulus2.png'
22.9935 	EXP 	Stim: image = 'TMTstop-A_1_1redlinestimulus2.png'
23.0435 	EXP 	Stim: image = 'TMTstop-A_1_1redlinestimulus2.png'
23.0935 	EXP 	Stim: image = 'TMTstop-A_1_1redlinestimulus2.png'
23.1434 	EXP 	Stim: image = 'TMTstop-A_1_1redlinestimulus2.png'
23.1936 	EXP 	Stim: image = 'TMTstop-A_1_1redlinestimulus2.png'
23.2435 	EXP 	Stim: image = 'TMTstop-A_1_1redlinestimulus2.png'
23.2936 	EXP 	Stim: image = 'TMTstop-A_1_1redlinestimulus2.png'
23.3457 	EXP 	Stim: image = 'TMTstop-A_1_1redlinestimulus2.png'
23.3935 	EXP 	Stim: image = 'TMTstop-A_1_1redlinestimulus2.png'
23.4438 	EXP 	Stim: image = 'TMTstop-A_1_1redlinestimulus2.png'
23.4938 	EXP 	Stim: image = 'TMTstop-A_1_1redlinestimulus2.png'
23.5437 	EXP 	Stim: image = 'TMTstop-A_1_1redlinestimulus2.png'
23.5937 	EXP 	Stim: image = 'TMTstop-A_1_1redlinestimulus2.png'
23.6438 	EXP 	Stim: image = 'TMTstop-A_1_1redlinestimulus2.png'
23.6936 	EXP 	Stim: image = 'TMTstop-A_1_1redlinestimulus2.png'
23.7439 	EXP 	Stim: image = 'TMTstop-A_1_1redlinestimulus2.png'
23.7937 	EXP 	Stim: image = 'TMTstop-A_1_1redlinestimulus2.png'
23.8442 	EXP 	Stim: image = 'TMTstop-A_1_1redlinestimulus2.png'
23.8946 	EXP 	Stim: image = 'TMTstop-A_1_1redlinestimulus2.png'
23.9440 	EXP 	Stim: image = 'TMTstop-A_1_1redlinestimulus2.png'
23.9938 	EXP 	Stim: image = 'TMTstop-A_1_1redlinestimulus2.png'
24.0439 	EXP 	Stim: image = 'TMTstop-A_1_1redlinestimulus2.png'
24.0939 	EXP 	Stim: image = 'TMTstop-A_1_1redlinestimulus2.png'
24.1441 	EXP 	Stim: image = 'TMTstop-A_1_1redlinestimulus2.png'
24.1939 	EXP 	Stim: image = 'TMTstop-A_1_1redlinestimulus2.png'
24.2444 	EXP 	Stim: image = 'TMTstop-A_1_1redlinestimulus2.png'
24.2940 	EXP 	Stim: image = 'TMTstop-A_1_1redlinestimulus2.png'
24.3442 	EXP 	Stim: image = 'TMTstop-A_1_1redlinestimulus2.png'
24.3942 	EXP 	Stim: image = 'TMTstop-A_1_1redlinestimulus2.png'
24.4441 	EXP 	Stim: image = 'TMTstop-A_1_1redlinestimulus2.png'
24.4941 	EXP 	Stim: image = 'TMTstop-A_1_1redlinestimulus2.png'
24.5442 	EXP 	Stim: image = 'TMTstop-A_1_1redlinestimulus2.png'
24.5944 	EXP 	Stim: image = 'TMTstop-A_1_1redlinestimulus2.png'
24.6441 	EXP 	Stim: image = 'TMTstop-A_1_1redlinestimulus2.png'
24.6943 	EXP 	Stim: image = 'TMTstop-A_1_1redlinestimulus2.png'
24.7442 	EXP 	Stim: image = 'TMTstop-A_1_1redlinestimulus2.png'
24.7946 	EXP 	Stim: image = 'TMTstop-A_1_1redlinestimulus2.png'
24.8446 	EXP 	Stim: image = 'TMTstop-A_1_1redlinestimulus2.png'
24.8946 	EXP 	Stim: image = 'TMTstop-A_1_1redlinestimulus2.png'
24.9445 	EXP 	Stim: image = 'TMTstop-A_1_1redlinestimulus2.png'
24.9945 	EXP 	Stim: image = 'TMTstop-A_1_1redlinestimulus2.png'
25.0443 	EXP 	Stim: image = 'TMTstop-A_1_1redlinestimulus2.png'
25.0944 	EXP 	Stim: image = 'TMTstop-A_1_1redlinestimulus2.png'
25.1444 	EXP 	Stim: image = 'TMTstop-A_1_1redlinestimulus2.png'
25.1944 	EXP 	Stim: image = 'TMTstop-A_1_1redlinestimulus2.png'
25.2445 	EXP 	Stim: image = 'TMTstop-A_1_1redlinestimulus2.png'
25.2948 	EXP 	Stim: image = 'TMTstop-A_1_1redlinestimulus2.png'
25.3446 	EXP 	Stim: image = 'TMTstop-A_1_1redlinestimulus2.png'
25.3950 	EXP 	Stim: image = 'TMTstop-A_1_1redlinestimulus2.png'
25.4446 	EXP 	Stim: image = 'TMTstop-A_1_1redlinestimulus2.png'
25.4946 	EXP 	Stim: image = 'TMTstop-A_1_1redlinestimulus2.png'
25.5446 	EXP 	Stim: image = 'TMTstop-A_1_1redlinestimulus2.png'
25.5948 	EXP 	Stim: image = 'TMTstop-A_1_1redlinestimulus2.png'
25.6447 	EXP 	Stim: image = 'TMTstop-A_1_1redlinestimulus2.png'
25.6946 	EXP 	Stim: image = 'TMTstop-A_1_1redlinestimulus2.png'
25.7448 	EXP 	Stim: image = 'TMTstop-A_1_1redlinestimulus2.png'
25.7947 	EXP 	Stim: image = 'TMTstop-A_1_1redlinestimulus2.png'
25.8448 	EXP 	Stim: image = 'TMTstop-A_1_1redlinestimulus2.png'
25.8948 	EXP 	Stim: image = 'TMTstop-A_1_1redlinestimulus2.png'
25.9453 	EXP 	Stim: image = 'TMTstop-A_1_1redlinestimulus2.png'
25.9948 	EXP 	Stim: image = 'TMTstop-A_1_1redlinestimulus2.png'
26.0448 	EXP 	Stim: image = 'TMTstop-A_1_1redlinestimulus2.png'
26.0949 	EXP 	Stim: image = 'TMTstop-A_1_1redlinestimulus2.png'
26.1449 	EXP 	Stim: image = 'TMTstop-A_1_1redlinestimulus2.png'
26.1949 	EXP 	Stim: image = 'TMTstop-A_1_1redlinestimulus2.png'
26.2448 	EXP 	Stim: image = 'TMTstop-A_1_1redlinestimulus2.png'
26.2950 	EXP 	Stim: image = 'TMTstop-A_1_1redlinestimulus2.png'
26.3450 	EXP 	Stim: image = 'TMTstop-A_1_1redlinestimulus2.png'
26.3950 	EXP 	Stim: image = 'TMTstop-A_1_1redlinestimulus2.png'
26.4450 	EXP 	Stim: image = 'TMTstop-A_1_1redlinestimulus2.png'
26.4950 	EXP 	Stim: image = 'TMTstop-A_1_1redlinestimulus2.png'
26.5451 	EXP 	Stim: image = 'TMTstop-A_1_1redlinestimulus2.png'
26.5951 	EXP 	Stim: image = 'TMTstop-A_1_1redlinestimulus2.png'
26.6451 	EXP 	Stim: image = 'TMTstop-A_1_1redlinestimulus2.png'
26.6952 	EXP 	Stim: image = 'TMTstop-A_1_1redlinestimulus2.png'
26.7452 	EXP 	Stim: image = 'TMTstop-A_1_1redlinestimulus2.png'
26.7951 	EXP 	Stim: image = 'TMTstop-A_1_1redlinestimulus2.png'
26.8452 	EXP 	Stim: image = 'TMTstop-A_1_1redlinestimulus2.png'
26.8953 	EXP 	Stim: image = 'TMTstop-A_1_1redlinestimulus2.png'
26.9453 	EXP 	Stim: image = 'TMTstop-A_1_1redlinestimulus2.png'
26.9951 	EXP 	Stim: image = 'TMTstop-A_1_1redlinestimulus2.png'
27.0453 	EXP 	Stim: image = 'TMTstop-A_1_1redlinestimulus2.png'
27.0954 	EXP 	Stim: image = 'TMTstop-A_1_1redlinestimulus2.png'
27.1455 	EXP 	Stim: image = 'TMTstop-A_1_1redlinestimulus2.png'
27.1954 	EXP 	Stim: image = 'TMTstop-A_1_1redlinestimulus2.png'
27.2454 	EXP 	Stim: image = 'TMTstop-A_1_1redlinestimulus2.png'
27.2957 	EXP 	Stim: image = 'TMTstop-A_1_1redlinestimulus2.png'
27.3455 	EXP 	Stim: image = 'TMTstop-A_1_1redlinestimulus2.png'
27.3954 	EXP 	Stim: image = 'TMTstop-A_1_1redlinestimulus2.png'
27.4460 	EXP 	Stim: image = 'TMTstop-A_1_1redlinestimulus2.png'
27.4958 	EXP 	Stim: image = 'TMTstop-A_1_1redlinestimulus2.png'
27.5455 	EXP 	Stim: image = 'TMTstop-A_1_1redlinestimulus2.png'
27.5954 	EXP 	Stim: image = 'TMTstop-A_1_1redlinestimulus2.png'
27.6456 	EXP 	Stim: image = 'TMTstop-A_1_1redlinestimulus2.png'
27.6956 	EXP 	Stim: image = 'TMTstop-A_1_1redlinestimulus2.png'
27.7455 	EXP 	Stim: image = 'TMTstop-A_1_1redlinestimulus2.png'
27.7957 	EXP 	Stim: image = 'TMTstop-A_1_1redlinestimulus2.png'
27.8457 	EXP 	Stim: image = 'TMTstop-A_1_1redlinestimulus2.png'
27.8957 	EXP 	Stim: image = 'TMTstop-A_1_1redlinestimulus2.png'
27.9458 	EXP 	Stim: image = 'TMTstop-A_1_1redlinestimulus2.png'
27.9958 	EXP 	Stim: image = 'TMTstop-A_1_1redlinestimulus2.png'
28.0457 	EXP 	Stim: image = 'TMTstop-A_1_1redlinestimulus2.png'
28.0958 	EXP 	Stim: image = 'TMTstop-A_1_1redlinestimulus2.png'
28.1458 	EXP 	Stim: image = 'TMTstop-A_1_1redlinestimulus2.png'
28.1960 	EXP 	Stim: image = 'TMTstop-A_1_1redlinestimulus2.png'
28.2458 	EXP 	Stim: image = 'TMTstop-A_1_1redlinestimulus2.png'
28.2957 	EXP 	Stim: image = 'TMTstop-A_1_1redlinestimulus2.png'
28.3459 	EXP 	Stim: image = 'TMTstop-A_1_1redlinestimulus2.png'
28.3961 	EXP 	Stim: image = 'TMTstop-A_1_1redlinestimulus2.png'
28.4462 	EXP 	Stim: image = 'TMTstop-A_1_1redlinestimulus2.png'
28.4982 	EXP 	Stim: image = 'TMTstop-A_1_1redlinestimulus2.png'
28.5463 	EXP 	Stim: image = 'TMTstop-A_1_1redlinestimulus2.png'
28.5962 	EXP 	Stim: image = 'TMTstop-A_1_1redlinestimulus2.png'
28.6462 	EXP 	Stim: image = 'TMTstop-A_1_1redlinestimulus2.png'
28.6963 	EXP 	Stim: image = 'TMTstop-A_1_1redlinestimulus2.png'
28.7461 	EXP 	Stim: image = 'TMTstop-A_1_1redlinestimulus2.png'
28.7962 	EXP 	Stim: image = 'TMTstop-A_1_1redlinestimulus2.png'
28.8462 	EXP 	Stim: image = 'TMTstop-A_1_1redlinestimulus2.png'
28.9014 	EXP 	Stim: image = 'TMTstop-A_1_1redlinestimulus2.png'
28.9472 	EXP 	Stim: image = 'TMTstop-A_1_1redlinestimulus2.png'
28.9961 	EXP 	Stim: image = 'TMTstop-A_1_1redlinestimulus2.png'
29.0463 	EXP 	Stim: image = 'TMTstop-A_1_1redlinestimulus2.png'
29.0962 	EXP 	Stim: image = 'TMTstop-A_1_1redlinestimulus2.png'
29.1465 	EXP 	Stim: image = 'TMTstop-A_1_1redlinestimulus2.png'
29.1965 	EXP 	Stim: image = 'TMTstop-A_1_1redlinestimulus2.png'
29.2465 	EXP 	Stim: image = 'TMTstop-A_1_1redlinestimulus2.png'
29.2964 	EXP 	Stim: image = 'TMTstop-A_1_1redlinestimulus2.png'
29.3465 	EXP 	Stim: image = 'TMTstop-A_1_1redlinestimulus2.png'
29.3964 	EXP 	Stim: image = 'TMTstop-A_1_1redlinestimulus2.png'
29.4479 	EXP 	Stim: image = 'TMTstop-A_1_1redlinestimulus2.png'
29.4967 	EXP 	Stim: image = 'TMTstop-A_1_1redlinestimulus2.png'
29.5486 	EXP 	Stim: image = 'TMTstop-A_1_1redlinestimulus2.png'
29.5965 	EXP 	Stim: image = 'TMTstop-A_1_1redlinestimulus2.png'
29.6466 	EXP 	Stim: image = 'TMTstop-A_1_1redlinestimulus2.png'
29.6965 	EXP 	Stim: image = 'TMTstop-A_1_1redlinestimulus2.png'
29.7464 	EXP 	Stim: image = 'TMTstop-A_1_1redlinestimulus2.png'
29.7966 	EXP 	Stim: image = 'TMTstop-A_1_1redlinestimulus2.png'
29.8468 	EXP 	Stim: image = 'TMTstop-A_1_1redlinestimulus2.png'
29.8969 	EXP 	Stim: image = 'TMTstop-A_1_1redlinestimulus2.png'
29.9468 	EXP 	Stim: image = 'TMTstop-A_1_1redlinestimulus2.png'
29.9968 	EXP 	Stim: image = 'TMTstop-A_1_1redlinestimulus2.png'
30.0469 	EXP 	Stim: image = 'TMTstop-A_1_1redlinestimulus2.png'
30.0968 	EXP 	Stim: image = 'TMTstop-A_1_1redlinestimulus2.png'
30.1468 	EXP 	Stim: image = 'TMTstop-A_1_1redlinestimulus2.png'
30.1968 	EXP 	Stim: image = 'TMTstop-A_1_1redlinestimulus2.png'
30.2470 	EXP 	Stim: image = 'TMTstop-A_1_1redlinestimulus2.png'
30.2969 	EXP 	Stim: image = 'TMTstop-A_1_1redlinestimulus2.png'
30.3469 	EXP 	Stim: image = 'TMTstop-A_1_1redlinestimulus2.png'
30.3969 	EXP 	Stim: image = 'TMTstop-A_1_1redlinestimulus2.png'
30.4473 	EXP 	Stim: image = 'TMTstop-A_1_1redlinestimulus2.png'
30.4970 	EXP 	Stim: image = 'TMTstop-A_1_1redlinestimulus2.png'
30.5471 	EXP 	Stim: image = 'TMTstop-A_1_1redlinestimulus2.png'
30.5972 	EXP 	Stim: image = 'TMTstop-A_1_1redlinestimulus2.png'
30.6472 	EXP 	Stim: image = 'TMTstop-A_1_1redlinestimulus2.png'
30.6972 	EXP 	Stim: image = 'TMTstop-A_1_1redlinestimulus2.png'
30.7472 	EXP 	Stim: image = 'TMTstop-A_1_1redlinestimulus2.png'
30.7972 	EXP 	Stim: image = 'TMTstop-A_1_1redlinestimulus2.png'
30.8474 	EXP 	Stim: image = 'TMTstop-A_1_1redlinestimulus2.png'
30.8972 	EXP 	Stim: image = 'TMTstop-A_1_1redlinestimulus2.png'
30.9473 	EXP 	Stim: image = 'TMTstop-A_1_1redlinestimulus2.png'
30.9973 	EXP 	Stim: image = 'TMTstop-A_1_1redlinestimulus2.png'
31.0472 	EXP 	Stim: image = 'TMTstop-A_1_1redlinestimulus2.png'
31.0975 	EXP 	Stim: image = 'TMTstop-A_1_1redlinestimulus2.png'
31.1472 	EXP 	Stim: image = 'TMTstop-A_1_1redlinestimulus2.png'
31.1974 	EXP 	Stim: image = 'TMTstop-A_1_1redlinestimulus2.png'
31.2478 	EXP 	Stim: image = 'TMTstop-A_1_1redlinestimulus2.png'
31.2975 	EXP 	Stim: image = 'TMTstop-A_1_1redlinestimulus2.png'
31.3475 	EXP 	Stim: image = 'TMTstop-A_1_1redlinestimulus2.png'
31.3975 	EXP 	Stim: image = 'TMTstop-A_1_1redlinestimulus2.png'
31.4477 	EXP 	Stim: image = 'TMTstop-A_1_1redlinestimulus2.png'
31.4976 	EXP 	Stim: image = 'TMTstop-A_1_1redlinestimulus2.png'
31.5475 	EXP 	Stim: image = 'TMTstop-A_1_1redlinestimulus2.png'
31.5996 	EXP 	Stim: image = 'TMTstop-A_1_1redlinestimulus2.png'
31.6476 	EXP 	Stim: image = 'TMTstop-A_1_1redlinestimulus2.png'
31.6973 	EXP 	Stim: image = 'TMTstop-A_1_1redlinestimulus2.png'
31.7477 	EXP 	Stim: image = 'TMTstop-A_1_1redlinestimulus2.png'
31.7976 	EXP 	Stim: image = 'TMTstop-A_1_1redlinestimulus2.png'
31.8474 	EXP 	Stim: image = 'TMTstop-A_1_1redlinestimulus2.png'
31.8976 	EXP 	Stim: image = 'TMTstop-A_1_1redlinestimulus2.png'
31.9476 	EXP 	Stim: image = 'TMTstop-A_1_1redlinestimulus2.png'
31.9978 	EXP 	Stim: image = 'TMTstop-A_1_1redlinestimulus2.png'
32.0480 	EXP 	Stim: image = 'TMTstop-A_1_1redlinestimulus2.png'
32.0977 	EXP 	Stim: image = 'TMTstop-A_1_1redlinestimulus2.png'
32.1476 	EXP 	Stim: image = 'TMTstop-A_1_1redlinestimulus2.png'
32.1976 	EXP 	Stim: image = 'TMTstop-A_1_1redlinestimulus2.png'
32.2479 	EXP 	Stim: image = 'TMTstop-A_1_1redlinestimulus2.png'
32.2978 	EXP 	Stim: image = 'TMTstop-A_1_1redlinestimulus2.png'
32.3476 	EXP 	Stim: image = 'TMTstop-A_1_1redlinestimulus2.png'
32.3978 	EXP 	Stim: image = 'TMTstop-A_1_1redlinestimulus2.png'
32.4480 	EXP 	Stim: image = 'TMTstop-A_1_1redlinestimulus2.png'
32.4977 	EXP 	Stim: image = 'TMTstop-A_1_1redlinestimulus2.png'
32.5479 	EXP 	Stim: image = 'TMTstop-A_1_1redlinestimulus2.png'
32.5980 	EXP 	Stim: image = 'TMTstop-A_1_1redlinestimulus2.png'
32.6481 	EXP 	Stim: image = 'TMTstop-A_1_1redlinestimulus2.png'
32.6978 	EXP 	Stim: image = 'TMTstop-A_1_1redlinestimulus2.png'
32.7479 	EXP 	Stim: image = 'TMTstop-A_1_1redlinestimulus2.png'
32.7979 	EXP 	Stim: image = 'TMTstop-A_1_1redlinestimulus2.png'
32.8482 	EXP 	Stim: image = 'TMTstop-A_1_1redlinestimulus2.png'
32.8980 	EXP 	Stim: image = 'TMTstop-A_1_1redlinestimulus2.png'
32.9480 	EXP 	Stim: image = 'TMTstop-A_1_1redlinestimulus2.png'
32.9981 	EXP 	Stim: image = 'TMTstop-A_1_1redlinestimulus2.png'
33.0481 	EXP 	Stim: image = 'TMTstop-A_1_1redlinestimulus2.png'
33.0980 	EXP 	Stim: image = 'TMTstop-A_1_1redlinestimulus2.png'
33.1481 	EXP 	Stim: image = 'TMTstop-A_1_1redlinestimulus2.png'
33.1982 	EXP 	Stim: image = 'TMTstop-A_1_1redlinestimulus2.png'
33.2482 	EXP 	Stim: image = 'TMTstop-A_1_1redlinestimulus2.png'
33.2982 	EXP 	Stim: image = 'TMTstop-A_1_1redlinestimulus2.png'
33.3483 	EXP 	Stim: image = 'TMTstop-A_1_1redlinestimulus2.png'
33.3984 	EXP 	Stim: image = 'TMTstop-A_1_1redlinestimulus2.png'
33.4485 	EXP 	Stim: image = 'TMTstop-A_1_1redlinestimulus2.png'
33.4983 	EXP 	Stim: image = 'TMTstop-A_1_1redlinestimulus2.png'
33.5482 	EXP 	Stim: image = 'TMTstop-A_1_1redlinestimulus2.png'
33.5984 	EXP 	Stim: image = 'TMTstop-A_1_1redlinestimulus2.png'
33.6487 	EXP 	Stim: image = 'TMTstop-A_1_1redlinestimulus2.png'
33.6985 	EXP 	Stim: image = 'TMTstop-A_1_1redlinestimulus2.png'
33.7483 	EXP 	Stim: image = 'TMTstop-A_1_1redlinestimulus2.png'
33.7985 	EXP 	Stim: image = 'TMTstop-A_1_1redlinestimulus2.png'
33.8485 	EXP 	Stim: image = 'TMTstop-A_1_1redlinestimulus2.png'
33.8984 	EXP 	Stim: image = 'TMTstop-A_1_1redlinestimulus2.png'
33.9504 	EXP 	Stim: image = 'TMTstop-A_1_1redlinestimulus2.png'
33.9984 	EXP 	Stim: image = 'TMTstop-A_1_1redlinestimulus2.png'
34.0486 	EXP 	Stim: image = 'TMTstop-A_1_1redlinestimulus2.png'
34.0985 	EXP 	Stim: image = 'TMTstop-A_1_1redlinestimulus2.png'
34.1487 	EXP 	Stim: image = 'TMTstop-A_1_1redlinestimulus2.png'
34.1987 	EXP 	Stim: image = 'TMTstop-A_1_1redlinestimulus2.png'
34.2488 	EXP 	Stim: image = 'TMTstop-A_1_1redlinestimulus2.png'
34.2987 	EXP 	Stim: image = 'TMTstop-A_1_1redlinestimulus2.png'
34.3487 	EXP 	Stim: image = 'TMTstop-A_1_1redlinestimulus2.png'
34.4001 	EXP 	Stim: image = 'TMTstop-A_1_1redlinestimulus2.png'
34.4489 	EXP 	Stim: image = 'TMTstop-A_1_1redlinestimulus2.png'
34.4986 	EXP 	Stim: image = 'TMTstop-A_1_1redlinestimulus2.png'
34.5488 	EXP 	Stim: image = 'TMTstop-A_1_1redlinestimulus2.png'
34.5989 	EXP 	Stim: image = 'TMTstop-A_1_1redlinestimulus2.png'
34.6489 	EXP 	Stim: image = 'TMTstop-A_1_1redlinestimulus2.png'
34.6993 	EXP 	Stim: image = 'TMTstop-A_1_1redlinestimulus2.png'
34.7490 	EXP 	Stim: image = 'TMTstop-A_1_1redlinestimulus2.png'
34.7989 	EXP 	Stim: image = 'TMTstop-A_1_1redlinestimulus2.png'
34.8491 	EXP 	Stim: image = 'TMTstop-A_1_1redlinestimulus2.png'
34.8990 	EXP 	Stim: image = 'TMTstop-A_1_1redlinestimulus2.png'
34.9489 	EXP 	Stim: image = 'TMTstop-A_1_1redlinestimulus2.png'
35.0008 	EXP 	Stim: image = 'TMTstop-A_1_1redlinestimulus2.png'
35.0493 	EXP 	Stim: image = 'TMTstop-A_1_1redlinestimulus2.png'
35.0991 	EXP 	Stim: image = 'TMTstop-A_1_1redlinestimulus2.png'
35.1492 	EXP 	Stim: image = 'TMTstop-A_1_1redlinestimulus2.png'
35.1991 	EXP 	Stim: image = 'TMTstop-A_1_1redlinestimulus2.png'
35.2491 	EXP 	Stim: image = 'TMTstop-A_1_1redlinestimulus2.png'
35.2990 	EXP 	Stim: image = 'TMTstop-A_1_1redlinestimulus2.png'
35.3492 	EXP 	Stim: image = 'TMTstop-A_1_1redlinestimulus2.png'
35.3992 	EXP 	Stim: image = 'TMTstop-A_1_1redlinestimulus2.png'
35.4491 	EXP 	Stim: image = 'TMTstop-A_1_1redlinestimulus2.png'
35.4992 	EXP 	Stim: image = 'TMTstop-A_1_1redlinestimulus2.png'
35.5492 	EXP 	Stim: image = 'TMTstop-A_1_1redlinestimulus2.png'
35.5992 	EXP 	Stim: image = 'TMTstop-A_1_1redlinestimulus2.png'
35.6494 	EXP 	Stim: image = 'TMTstop-A_1_1redlinestimulus2.png'
35.6994 	EXP 	Stim: image = 'TMTstop-A_1_1redlinestimulus2.png'
35.7493 	EXP 	Stim: image = 'TMTstop-A_1_1redlinestimulus2.png'
35.7994 	EXP 	Stim: image = 'TMTstop-A_1_1redlinestimulus2.png'
35.8494 	EXP 	Stim: image = 'TMTstop-A_1_1redlinestimulus2.png'
35.8993 	EXP 	Stim: image = 'TMTstop-A_1_1redlinestimulus2.png'
35.9495 	EXP 	Stim: image = 'TMTstop-A_1_1redlinestimulus2.png'
35.9996 	EXP 	Stim: image = 'TMTstop-A_1_1redlinestimulus2.png'
36.0495 	EXP 	Stim: image = 'TMTstop-A_1_1redlinestimulus2.png'
36.0994 	EXP 	Stim: image = 'TMTstop-A_1_1redlinestimulus2.png'
36.1496 	EXP 	Stim: image = 'TMTstop-A_1_1redlinestimulus2.png'
36.1996 	EXP 	Stim: image = 'TMTstop-A_1_1redlinestimulus2.png'
36.2498 	EXP 	Stim: image = 'TMTstop-A_1_1redlinestimulus2.png'
36.2995 	EXP 	Stim: image = 'TMTstop-A_1_1redlinestimulus2.png'
36.3499 	EXP 	Stim: image = 'TMTstop-A_1_1redlinestimulus2.png'
36.3998 	EXP 	Stim: image = 'TMTstop-A_1_1redlinestimulus2.png'
36.4498 	EXP 	Stim: image = 'TMTstop-A_1_1redlinestimulus2.png'
36.4997 	EXP 	Stim: image = 'TMTstop-A_1_1redlinestimulus2.png'
36.5498 	EXP 	Stim: image = 'TMTstop-A_1_1redlinestimulus2.png'
36.5998 	EXP 	Stim: image = 'TMTstop-A_1_1redlinestimulus2.png'
36.6498 	EXP 	Stim: image = 'TMTstop-A_1_1redlinestimulus2.png'
36.6998 	EXP 	Stim: image = 'TMTstop-A_1_1redlinestimulus2.png'
36.7499 	EXP 	Stim: image = 'TMTstop-A_1_1redlinestimulus2.png'
36.7997 	EXP 	Stim: image = 'TMTstop-A_1_1redlinestimulus2.png'
36.8498 	EXP 	Stim: image = 'TMTstop-A_1_1redlinestimulus2.png'
36.9000 	EXP 	Stim: image = 'TMTstop-A_1_1redlinestimulus2.png'
36.9503 	EXP 	Stim: image = 'TMTstop-A_1_1redlinestimulus2.png'
37.0012 	EXP 	Stim: image = 'TMTstop-A_1_1redlinestimulus2.png'
37.0499 	EXP 	Stim: image = 'TMTstop-A_1_1redlinestimulus2.png'
37.1000 	EXP 	Stim: image = 'TMTstop-A_1_1redlinestimulus2.png'
37.1504 	EXP 	Stim: image = 'TMTstop-A_1_1redlinestimulus2.png'
37.2000 	EXP 	Stim: image = 'TMTstop-A_1_1redlinestimulus2.png'
37.2501 	EXP 	Stim: image = 'TMTstop-A_1_1redlinestimulus2.png'
37.2999 	EXP 	Stim: image = 'TMTstop-A_1_1redlinestimulus2.png'
37.3502 	EXP 	Stim: image = 'TMTstop-A_1_1redlinestimulus2.png'
37.4002 	EXP 	Stim: image = 'TMTstop-A_1_1redlinestimulus2.png'
37.4501 	EXP 	Stim: image = 'TMTstop-A_1_1redlinestimulus2.png'
37.5001 	EXP 	Stim: image = 'TMTstop-A_1_1redlinestimulus2.png'
37.5502 	EXP 	Stim: image = 'TMTstop-A_1_1redlinestimulus2.png'
37.6001 	EXP 	Stim: image = 'TMTstop-A_1_1redlinestimulus2.png'
37.6502 	EXP 	Stim: image = 'TMTstop-A_1_1redlinestimulus2.png'
37.7002 	EXP 	Stim: image = 'TMTstop-A_1_1redlinestimulus2.png'
37.7506 	EXP 	Stim: image = 'TMTstop-A_1_1redlinestimulus2.png'
37.8008 	EXP 	Stim: image = 'TMTstop-A_1_1redlinestimulus2.png'
37.8503 	EXP 	Stim: image = 'TMTstop-A_1_1redlinestimulus2.png'
37.9004 	EXP 	Stim: image = 'TMTstop-A_1_1redlinestimulus2.png'
37.9508 	EXP 	Stim: image = 'TMTstop-A_1_1redlinestimulus2.png'
38.0004 	EXP 	Stim: image = 'TMTstop-A_1_1redlinestimulus2.png'
38.0504 	EXP 	Stim: image = 'TMTstop-A_1_1redlinestimulus2.png'
38.1021 	EXP 	Stim: image = 'TMTstop-A_1_1redlinestimulus2.png'
38.1506 	EXP 	Stim: image = 'TMTstop-A_1_1redlinestimulus2.png'
38.2005 	EXP 	Stim: image = 'TMTstop-A_1_1redlinestimulus2.png'
38.2504 	EXP 	Stim: image = 'TMTstop-A_1_1redlinestimulus2.png'
38.3005 	EXP 	Stim: image = 'TMTstop-A_1_1redlinestimulus2.png'
38.3505 	EXP 	Stim: image = 'TMTstop-A_1_1redlinestimulus2.png'
38.4004 	EXP 	Stim: image = 'TMTstop-A_1_1redlinestimulus2.png'
38.4506 	EXP 	Stim: image = 'TMTstop-A_1_1redlinestimulus2.png'
38.4954 	DATA 	Keypress: 2
38.5006 	EXP 	Stim: image = 'TMTstop-A_1_1redlinestimulus2.png'
38.5039 	EXP 	New trial (rep=0, index=5): {'NumberLetter': 6, 'corrAns': ['3'], 'StimFile': 'TMTstop-A_1_1linestimulus3.png', 'Correct_StimFile': 'TMTstop-A_1_1greenlinestimulus3.png', 'False_StimFile': 'TMTstop-A_1_1redlinestimulus3.png', 'DurationTrial': 10}
38.5840 	EXP 	Stim: autoDraw = False
38.5840 	EXP 	Stim: image = 'TMTstop-A_1_1greenlinestimulus3.png'
38.5840 	EXP 	Stim: image = 'TMTstop-A_1_1greenlinestimulus3.png'
38.5840 	EXP 	Stim: autoDraw = True
38.6797 	DATA 	Keypress: 2
41.1476 	DATA 	Keypress: 3
41.1556 	EXP 	New trial (rep=0, index=6): {'NumberLetter': 7, 'corrAns': ['2'], 'StimFile': 'TMTstop-A_1_1linestimulus4.png', 'Correct_StimFile': 'TMTstop-A_1_1greenlinestimulus4.png', 'False_StimFile': 'TMTstop-A_1_1redlinestimulus4.png', 'DurationTrial': 10}
41.2354 	EXP 	Stim: autoDraw = False
41.2354 	EXP 	Stim: image = 'TMTstop-A_1_1greenlinestimulus4.png'
41.2354 	EXP 	Stim: image = 'TMTstop-A_1_1greenlinestimulus4.png'
41.2354 	EXP 	Stim: autoDraw = True
41.3483 	DATA 	Keypress: 3
43.9821 	DATA 	Keypress: 1
44.0367 	EXP 	Stim: image = 'TMTstop-A_1_1redlinestimulus4.png'
44.0869 	EXP 	Stim: image = 'TMTstop-A_1_1redlinestimulus4.png'
44.1366 	EXP 	Stim: image = 'TMTstop-A_1_1redlinestimulus4.png'
44.1865 	EXP 	Stim: image = 'TMTstop-A_1_1redlinestimulus4.png'
44.2325 	DATA 	Keypress: 1
44.2373 	EXP 	Stim: image = 'TMTstop-A_1_1redlinestimulus4.png'
44.2868 	EXP 	Stim: image = 'TMTstop-A_1_1redlinestimulus4.png'
44.3366 	EXP 	Stim: image = 'TMTstop-A_1_1redlinestimulus4.png'
44.3868 	EXP 	Stim: image = 'TMTstop-A_1_1redlinestimulus4.png'
44.4368 	EXP 	Stim: image = 'TMTstop-A_1_1redlinestimulus4.png'
44.4873 	EXP 	Stim: image = 'TMTstop-A_1_1redlinestimulus4.png'
44.5368 	EXP 	Stim: image = 'TMTstop-A_1_1redlinestimulus4.png'
44.5869 	EXP 	Stim: image = 'TMTstop-A_1_1redlinestimulus4.png'
44.6368 	EXP 	Stim: image = 'TMTstop-A_1_1redlinestimulus4.png'
44.6867 	EXP 	Stim: image = 'TMTstop-A_1_1redlinestimulus4.png'
44.7368 	EXP 	Stim: image = 'TMTstop-A_1_1redlinestimulus4.png'
44.7867 	EXP 	Stim: image = 'TMTstop-A_1_1redlinestimulus4.png'
44.8369 	EXP 	Stim: image = 'TMTstop-A_1_1redlinestimulus4.png'
44.8869 	EXP 	Stim: image = 'TMTstop-A_1_1redlinestimulus4.png'
44.9370 	EXP 	Stim: image = 'TMTstop-A_1_1redlinestimulus4.png'
44.9872 	EXP 	Stim: image = 'TMTstop-A_1_1redlinestimulus4.png'
45.0391 	EXP 	Stim: image = 'TMTstop-A_1_1redlinestimulus4.png'
45.0869 	EXP 	Stim: image = 'TMTstop-A_1_1redlinestimulus4.png'
45.1371 	EXP 	Stim: image = 'TMTstop-A_1_1redlinestimulus4.png'
45.1871 	EXP 	Stim: image = 'TMTstop-A_1_1redlinestimulus4.png'
45.2372 	EXP 	Stim: image = 'TMTstop-A_1_1redlinestimulus4.png'
45.2873 	EXP 	Stim: image = 'TMTstop-A_1_1redlinestimulus4.png'
45.3374 	EXP 	Stim: image = 'TMTstop-A_1_1redlinestimulus4.png'
45.3873 	EXP 	Stim: image = 'TMTstop-A_1_1redlinestimulus4.png'
45.4372 	EXP 	Stim: image = 'TMTstop-A_1_1redlinestimulus4.png'
45.4872 	EXP 	Stim: image = 'TMTstop-A_1_1redlinestimulus4.png'
45.5372 	EXP 	Stim: image = 'TMTstop-A_1_1redlinestimulus4.png'
45.5874 	EXP 	Stim: image = 'TMTstop-A_1_1redlinestimulus4.png'
45.6373 	EXP 	Stim: image = 'TMTstop-A_1_1redlinestimulus4.png'
45.6872 	EXP 	Stim: image = 'TMTstop-A_1_1redlinestimulus4.png'
45.7374 	EXP 	Stim: image = 'TMTstop-A_1_1redlinestimulus4.png'
45.7874 	EXP 	Stim: image = 'TMTstop-A_1_1redlinestimulus4.png'
45.8373 	EXP 	Stim: image = 'TMTstop-A_1_1redlinestimulus4.png'
45.8874 	EXP 	Stim: image = 'TMTstop-A_1_1redlinestimulus4.png'
45.9374 	EXP 	Stim: image = 'TMTstop-A_1_1redlinestimulus4.png'
45.9876 	EXP 	Stim: image = 'TMTstop-A_1_1redlinestimulus4.png'
46.0373 	EXP 	Stim: image = 'TMTstop-A_1_1redlinestimulus4.png'
46.0876 	EXP 	Stim: image = 'TMTstop-A_1_1redlinestimulus4.png'
46.1375 	EXP 	Stim: image = 'TMTstop-A_1_1redlinestimulus4.png'
46.1874 	EXP 	Stim: image = 'TMTstop-A_1_1redlinestimulus4.png'
46.2375 	EXP 	Stim: image = 'TMTstop-A_1_1redlinestimulus4.png'
46.2875 	EXP 	Stim: image = 'TMTstop-A_1_1redlinestimulus4.png'
46.3379 	EXP 	Stim: image = 'TMTstop-A_1_1redlinestimulus4.png'
46.3877 	EXP 	Stim: image = 'TMTstop-A_1_1redlinestimulus4.png'
46.4377 	EXP 	Stim: image = 'TMTstop-A_1_1redlinestimulus4.png'
46.4876 	EXP 	Stim: image = 'TMTstop-A_1_1redlinestimulus4.png'
46.5376 	EXP 	Stim: image = 'TMTstop-A_1_1redlinestimulus4.png'
46.5877 	EXP 	Stim: image = 'TMTstop-A_1_1redlinestimulus4.png'
46.6377 	EXP 	Stim: image = 'TMTstop-A_1_1redlinestimulus4.png'
46.6879 	EXP 	Stim: image = 'TMTstop-A_1_1redlinestimulus4.png'
46.7379 	EXP 	Stim: image = 'TMTstop-A_1_1redlinestimulus4.png'
46.7878 	EXP 	Stim: image = 'TMTstop-A_1_1redlinestimulus4.png'
46.8379 	EXP 	Stim: image = 'TMTstop-A_1_1redlinestimulus4.png'
46.8879 	EXP 	Stim: image = 'TMTstop-A_1_1redlinestimulus4.png'
46.9378 	EXP 	Stim: image = 'TMTstop-A_1_1redlinestimulus4.png'
46.9878 	EXP 	Stim: image = 'TMTstop-A_1_1redlinestimulus4.png'
47.0379 	EXP 	Stim: image = 'TMTstop-A_1_1redlinestimulus4.png'
47.0901 	EXP 	Stim: image = 'TMTstop-A_1_1redlinestimulus4.png'
47.1381 	EXP 	Stim: image = 'TMTstop-A_1_1redlinestimulus4.png'
47.1886 	EXP 	Stim: image = 'TMTstop-A_1_1redlinestimulus4.png'
47.2379 	EXP 	Stim: image = 'TMTstop-A_1_1redlinestimulus4.png'
47.2881 	EXP 	Stim: image = 'TMTstop-A_1_1redlinestimulus4.png'
47.3380 	EXP 	Stim: image = 'TMTstop-A_1_1redlinestimulus4.png'
47.3881 	EXP 	Stim: image = 'TMTstop-A_1_1redlinestimulus4.png'
47.4381 	EXP 	Stim: image = 'TMTstop-A_1_1redlinestimulus4.png'
47.4881 	EXP 	Stim: image = 'TMTstop-A_1_1redlinestimulus4.png'
47.5382 	EXP 	Stim: image = 'TMTstop-A_1_1redlinestimulus4.png'
47.5880 	EXP 	Stim: image = 'TMTstop-A_1_1redlinestimulus4.png'
47.6382 	EXP 	Stim: image = 'TMTstop-A_1_1redlinestimulus4.png'
47.6883 	EXP 	Stim: image = 'TMTstop-A_1_1redlinestimulus4.png'
47.7381 	EXP 	Stim: image = 'TMTstop-A_1_1redlinestimulus4.png'
47.7883 	EXP 	Stim: image = 'TMTstop-A_1_1redlinestimulus4.png'
47.8383 	EXP 	Stim: image = 'TMTstop-A_1_1redlinestimulus4.png'
47.8882 	EXP 	Stim: image = 'TMTstop-A_1_1redlinestimulus4.png'
47.9384 	EXP 	Stim: image = 'TMTstop-A_1_1redlinestimulus4.png'
47.9884 	EXP 	Stim: image = 'TMTstop-A_1_1redlinestimulus4.png'
48.0383 	EXP 	Stim: image = 'TMTstop-A_1_1redlinestimulus4.png'
48.0885 	EXP 	Stim: image = 'TMTstop-A_1_1redlinestimulus4.png'
48.1384 	EXP 	Stim: image = 'TMTstop-A_1_1redlinestimulus4.png'
48.1886 	EXP 	Stim: image = 'TMTstop-A_1_1redlinestimulus4.png'
48.2385 	EXP 	Stim: image = 'TMTstop-A_1_1redlinestimulus4.png'
48.2885 	EXP 	Stim: image = 'TMTstop-A_1_1redlinestimulus4.png'
48.3386 	EXP 	Stim: image = 'TMTstop-A_1_1redlinestimulus4.png'
48.3885 	EXP 	Stim: image = 'TMTstop-A_1_1redlinestimulus4.png'
48.4385 	EXP 	Stim: image = 'TMTstop-A_1_1redlinestimulus4.png'
48.4884 	EXP 	Stim: image = 'TMTstop-A_1_1redlinestimulus4.png'
48.5387 	EXP 	Stim: image = 'TMTstop-A_1_1redlinestimulus4.png'
48.5886 	EXP 	Stim: image = 'TMTstop-A_1_1redlinestimulus4.png'
48.6386 	EXP 	Stim: image = 'TMTstop-A_1_1redlinestimulus4.png'
48.6887 	EXP 	Stim: image = 'TMTstop-A_1_1redlinestimulus4.png'
48.7387 	EXP 	Stim: image = 'TMTstop-A_1_1redlinestimulus4.png'
48.7886 	EXP 	Stim: image = 'TMTstop-A_1_1redlinestimulus4.png'
48.8387 	EXP 	Stim: image = 'TMTstop-A_1_1redlinestimulus4.png'
48.8893 	EXP 	Stim: image = 'TMTstop-A_1_1redlinestimulus4.png'
48.9389 	EXP 	Stim: image = 'TMTstop-A_1_1redlinestimulus4.png'
48.9909 	EXP 	Stim: image = 'TMTstop-A_1_1redlinestimulus4.png'
49.0388 	EXP 	Stim: image = 'TMTstop-A_1_1redlinestimulus4.png'
49.0889 	EXP 	Stim: image = 'TMTstop-A_1_1redlinestimulus4.png'
49.1394 	EXP 	Stim: image = 'TMTstop-A_1_1redlinestimulus4.png'
49.1889 	EXP 	Stim: image = 'TMTstop-A_1_1redlinestimulus4.png'
49.2389 	EXP 	Stim: image = 'TMTstop-A_1_1redlinestimulus4.png'
49.2892 	EXP 	Stim: image = 'TMTstop-A_1_1redlinestimulus4.png'
49.3390 	EXP 	Stim: image = 'TMTstop-A_1_1redlinestimulus4.png'
49.3891 	EXP 	Stim: image = 'TMTstop-A_1_1redlinestimulus4.png'
49.4389 	EXP 	Stim: image = 'TMTstop-A_1_1redlinestimulus4.png'
49.4890 	EXP 	Stim: image = 'TMTstop-A_1_1redlinestimulus4.png'
49.5391 	EXP 	Stim: image = 'TMTstop-A_1_1redlinestimulus4.png'
49.5890 	EXP 	Stim: image = 'TMTstop-A_1_1redlinestimulus4.png'
49.6391 	EXP 	Stim: image = 'TMTstop-A_1_1redlinestimulus4.png'
49.6891 	EXP 	Stim: image = 'TMTstop-A_1_1redlinestimulus4.png'
49.7391 	EXP 	Stim: image = 'TMTstop-A_1_1redlinestimulus4.png'
49.7892 	EXP 	Stim: image = 'TMTstop-A_1_1redlinestimulus4.png'
49.8392 	EXP 	Stim: image = 'TMTstop-A_1_1redlinestimulus4.png'
49.8893 	EXP 	Stim: image = 'TMTstop-A_1_1redlinestimulus4.png'
49.9392 	EXP 	Stim: image = 'TMTstop-A_1_1redlinestimulus4.png'
49.9893 	EXP 	Stim: image = 'TMTstop-A_1_1redlinestimulus4.png'
50.0392 	EXP 	Stim: image = 'TMTstop-A_1_1redlinestimulus4.png'
50.0894 	EXP 	Stim: image = 'TMTstop-A_1_1redlinestimulus4.png'
50.1395 	EXP 	Stim: image = 'TMTstop-A_1_1redlinestimulus4.png'
50.1915 	EXP 	Stim: image = 'TMTstop-A_1_1redlinestimulus4.png'
50.2393 	EXP 	Stim: image = 'TMTstop-A_1_1redlinestimulus4.png'
50.2894 	EXP 	Stim: image = 'TMTstop-A_1_1redlinestimulus4.png'
50.3395 	EXP 	Stim: image = 'TMTstop-A_1_1redlinestimulus4.png'
50.3894 	EXP 	Stim: image = 'TMTstop-A_1_1redlinestimulus4.png'
50.4396 	EXP 	Stim: image = 'TMTstop-A_1_1redlinestimulus4.png'
50.4895 	EXP 	Stim: image = 'TMTstop-A_1_1redlinestimulus4.png'
50.5396 	EXP 	Stim: image = 'TMTstop-A_1_1redlinestimulus4.png'
50.5895 	EXP 	Stim: image = 'TMTstop-A_1_1redlinestimulus4.png'
50.6396 	EXP 	Stim: image = 'TMTstop-A_1_1redlinestimulus4.png'
50.6895 	EXP 	Stim: image = 'TMTstop-A_1_1redlinestimulus4.png'
50.7397 	EXP 	Stim: image = 'TMTstop-A_1_1redlinestimulus4.png'
50.7897 	EXP 	Stim: image = 'TMTstop-A_1_1redlinestimulus4.png'
50.8396 	EXP 	Stim: image = 'TMTstop-A_1_1redlinestimulus4.png'
50.8898 	EXP 	Stim: image = 'TMTstop-A_1_1redlinestimulus4.png'
50.9399 	EXP 	Stim: image = 'TMTstop-A_1_1redlinestimulus4.png'
50.9897 	EXP 	Stim: image = 'TMTstop-A_1_1redlinestimulus4.png'
51.0397 	EXP 	Stim: image = 'TMTstop-A_1_1redlinestimulus4.png'
51.0898 	EXP 	Stim: image = 'TMTstop-A_1_1redlinestimulus4.png'
51.1398 	EXP 	Stim: image = 'TMTstop-A_1_1redlinestimulus4.png'
51.1899 	EXP 	Stim: image = 'TMTstop-A_1_1redlinestimulus4.png'
51.2399 	EXP 	Stim: image = 'TMTstop-A_1_1redlinestimulus4.png'
51.2900 	EXP 	Stim: image = 'TMTstop-A_1_1redlinestimulus4.png'
51.3402 	EXP 	Stim: image = 'TMTstop-A_1_1redlinestimulus4.png'
51.3902 	EXP 	Stim: image = 'TMTstop-A_1_1redlinestimulus4.png'
51.4400 	EXP 	Stim: image = 'TMTstop-A_1_1redlinestimulus4.png'
51.4899 	EXP 	Stim: image = 'TMTstop-A_1_1redlinestimulus4.png'
51.5399 	EXP 	Stim: image = 'TMTstop-A_1_1redlinestimulus4.png'
51.5900 	EXP 	Stim: image = 'TMTstop-A_1_1redlinestimulus4.png'
51.6401 	EXP 	Stim: image = 'TMTstop-A_1_1redlinestimulus4.png'
51.6902 	EXP 	Stim: image = 'TMTstop-A_1_1redlinestimulus4.png'
51.7400 	EXP 	Stim: image = 'TMTstop-A_1_1redlinestimulus4.png'
51.7902 	EXP 	Stim: image = 'TMTstop-A_1_1redlinestimulus4.png'
51.8402 	EXP 	Stim: image = 'TMTstop-A_1_1redlinestimulus4.png'
51.8901 	EXP 	Stim: image = 'TMTstop-A_1_1redlinestimulus4.png'
51.9402 	EXP 	Stim: image = 'TMTstop-A_1_1redlinestimulus4.png'
51.9902 	EXP 	Stim: image = 'TMTstop-A_1_1redlinestimulus4.png'
52.0402 	EXP 	Stim: image = 'TMTstop-A_1_1redlinestimulus4.png'
52.0903 	EXP 	Stim: image = 'TMTstop-A_1_1redlinestimulus4.png'
52.1403 	EXP 	Stim: image = 'TMTstop-A_1_1redlinestimulus4.png'
52.1903 	EXP 	Stim: image = 'TMTstop-A_1_1redlinestimulus4.png'
52.2424 	EXP 	Stim: image = 'TMTstop-A_1_1redlinestimulus4.png'
52.2903 	EXP 	Stim: image = 'TMTstop-A_1_1redlinestimulus4.png'
52.3404 	EXP 	Stim: image = 'TMTstop-A_1_1redlinestimulus4.png'
52.3904 	EXP 	Stim: image = 'TMTstop-A_1_1redlinestimulus4.png'
52.4403 	EXP 	Stim: image = 'TMTstop-A_1_1redlinestimulus4.png'
52.4904 	EXP 	Stim: image = 'TMTstop-A_1_1redlinestimulus4.png'
52.5405 	EXP 	Stim: image = 'TMTstop-A_1_1redlinestimulus4.png'
52.5905 	EXP 	Stim: image = 'TMTstop-A_1_1redlinestimulus4.png'
52.6405 	EXP 	Stim: image = 'TMTstop-A_1_1redlinestimulus4.png'
52.6905 	EXP 	Stim: image = 'TMTstop-A_1_1redlinestimulus4.png'
52.7406 	EXP 	Stim: image = 'TMTstop-A_1_1redlinestimulus4.png'
52.7905 	EXP 	Stim: image = 'TMTstop-A_1_1redlinestimulus4.png'
52.8405 	EXP 	Stim: image = 'TMTstop-A_1_1redlinestimulus4.png'
52.8907 	EXP 	Stim: image = 'TMTstop-A_1_1redlinestimulus4.png'
52.9406 	EXP 	Stim: image = 'TMTstop-A_1_1redlinestimulus4.png'
52.9909 	EXP 	Stim: image = 'TMTstop-A_1_1redlinestimulus4.png'
53.0407 	EXP 	Stim: image = 'TMTstop-A_1_1redlinestimulus4.png'
53.0908 	EXP 	Stim: image = 'TMTstop-A_1_1redlinestimulus4.png'
53.1407 	EXP 	Stim: image = 'TMTstop-A_1_1redlinestimulus4.png'
53.1925 	EXP 	Stim: image = 'TMTstop-A_1_1redlinestimulus4.png'
53.2407 	EXP 	Stim: image = 'TMTstop-A_1_1redlinestimulus4.png'
53.2907 	EXP 	Stim: image = 'TMTstop-A_1_1redlinestimulus4.png'
53.3408 	EXP 	Stim: image = 'TMTstop-A_1_1redlinestimulus4.png'
53.3909 	EXP 	Stim: image = 'TMTstop-A_1_1redlinestimulus4.png'
53.4408 	EXP 	Stim: image = 'TMTstop-A_1_1redlinestimulus4.png'
53.4909 	EXP 	Stim: image = 'TMTstop-A_1_1redlinestimulus4.png'
53.5409 	EXP 	Stim: image = 'TMTstop-A_1_1redlinestimulus4.png'
53.5909 	EXP 	Stim: image = 'TMTstop-A_1_1redlinestimulus4.png'
53.6409 	EXP 	Stim: image = 'TMTstop-A_1_1redlinestimulus4.png'
53.6910 	EXP 	Stim: image = 'TMTstop-A_1_1redlinestimulus4.png'
53.7410 	EXP 	Stim: image = 'TMTstop-A_1_1redlinestimulus4.png'
53.7910 	EXP 	Stim: image = 'TMTstop-A_1_1redlinestimulus4.png'
53.8358 	DATA 	Keypress: 2
53.8412 	EXP 	Stim: image = 'TMTstop-A_1_1redlinestimulus4.png'
53.8443 	EXP 	New trial (rep=0, index=7): {'NumberLetter': 8, 'corrAns': ['1'], 'StimFile': 'TMTstop-A_1_1linestimulus5.png', 'Correct_StimFile': 'TMTstop-A_1_1greenlinestimulus5.png', 'False_StimFile': 'TMTstop-A_1_1redlinestimulus5.png', 'DurationTrial': 10}
53.9244 	EXP 	Stim: autoDraw = False
53.9244 	EXP 	Stim: image = 'TMTstop-A_1_1greenlinestimulus5.png'
53.9244 	EXP 	Stim: image = 'TMTstop-A_1_1greenlinestimulus5.png'
53.9244 	EXP 	Stim: autoDraw = True
54.0866 	DATA 	Keypress: 2
54.8204 	DATA 	Keypress: 3
54.8751 	EXP 	Stim: image = 'TMTstop-A_1_1redlinestimulus5.png'
54.9249 	EXP 	Stim: image = 'TMTstop-A_1_1redlinestimulus5.png'
54.9753 	EXP 	Stim: image = 'TMTstop-A_1_1redlinestimulus5.png'
55.0197 	DATA 	Keypress: 3
55.0249 	EXP 	Stim: image = 'TMTstop-A_1_1redlinestimulus5.png'
55.0749 	EXP 	Stim: image = 'TMTstop-A_1_1redlinestimulus5.png'
55.1272 	EXP 	Stim: image = 'TMTstop-A_1_1redlinestimulus5.png'
55.1751 	EXP 	Stim: image = 'TMTstop-A_1_1redlinestimulus5.png'
55.2251 	EXP 	Stim: image = 'TMTstop-A_1_1redlinestimulus5.png'
55.2750 	EXP 	Stim: image = 'TMTstop-A_1_1redlinestimulus5.png'
55.3251 	EXP 	Stim: image = 'TMTstop-A_1_1redlinestimulus5.png'
55.3751 	EXP 	Stim: image = 'TMTstop-A_1_1redlinestimulus5.png'
55.4253 	EXP 	Stim: image = 'TMTstop-A_1_1redlinestimulus5.png'
55.4754 	EXP 	Stim: image = 'TMTstop-A_1_1redlinestimulus5.png'
55.5253 	EXP 	Stim: image = 'TMTstop-A_1_1redlinestimulus5.png'
55.5756 	EXP 	Stim: image = 'TMTstop-A_1_1redlinestimulus5.png'
55.6252 	EXP 	Stim: image = 'TMTstop-A_1_1redlinestimulus5.png'
55.6753 	EXP 	Stim: image = 'TMTstop-A_1_1redlinestimulus5.png'
55.7252 	EXP 	Stim: image = 'TMTstop-A_1_1redlinestimulus5.png'
55.7753 	EXP 	Stim: image = 'TMTstop-A_1_1redlinestimulus5.png'
55.8254 	EXP 	Stim: image = 'TMTstop-A_1_1redlinestimulus5.png'
55.8753 	EXP 	Stim: image = 'TMTstop-A_1_1redlinestimulus5.png'
55.9254 	EXP 	Stim: image = 'TMTstop-A_1_1redlinestimulus5.png'
55.9753 	EXP 	Stim: image = 'TMTstop-A_1_1redlinestimulus5.png'
56.0253 	EXP 	Stim: image = 'TMTstop-A_1_1redlinestimulus5.png'
56.0755 	EXP 	Stim: image = 'TMTstop-A_1_1redlinestimulus5.png'
56.1255 	EXP 	Stim: image = 'TMTstop-A_1_1redlinestimulus5.png'
56.1756 	EXP 	Stim: image = 'TMTstop-A_1_1redlinestimulus5.png'
56.2254 	EXP 	Stim: image = 'TMTstop-A_1_1redlinestimulus5.png'
56.2756 	EXP 	Stim: image = 'TMTstop-A_1_1redlinestimulus5.png'
56.3254 	EXP 	Stim: image = 'TMTstop-A_1_1redlinestimulus5.png'
56.3777 	EXP 	Stim: image = 'TMTstop-A_1_1redlinestimulus5.png'
56.4256 	EXP 	Stim: image = 'TMTstop-A_1_1redlinestimulus5.png'
56.4755 	EXP 	Stim: image = 'TMTstop-A_1_1redlinestimulus5.png'
56.5257 	EXP 	Stim: image = 'TMTstop-A_1_1redlinestimulus5.png'
56.5757 	EXP 	Stim: image = 'TMTstop-A_1_1redlinestimulus5.png'
56.6257 	EXP 	Stim: image = 'TMTstop-A_1_1redlinestimulus5.png'
56.6758 	EXP 	Stim: image = 'TMTstop-A_1_1redlinestimulus5.png'
56.7257 	EXP 	Stim: image = 'TMTstop-A_1_1redlinestimulus5.png'
56.7757 	EXP 	Stim: image = 'TMTstop-A_1_1redlinestimulus5.png'
56.8257 	EXP 	Stim: image = 'TMTstop-A_1_1redlinestimulus5.png'
56.8757 	EXP 	Stim: image = 'TMTstop-A_1_1redlinestimulus5.png'
56.9259 	EXP 	Stim: image = 'TMTstop-A_1_1redlinestimulus5.png'
56.9759 	EXP 	Stim: image = 'TMTstop-A_1_1redlinestimulus5.png'
57.0259 	EXP 	Stim: image = 'TMTstop-A_1_1redlinestimulus5.png'
57.0773 	EXP 	Stim: image = 'TMTstop-A_1_1redlinestimulus5.png'
57.1259 	EXP 	Stim: image = 'TMTstop-A_1_1redlinestimulus5.png'
57.1759 	EXP 	Stim: image = 'TMTstop-A_1_1redlinestimulus5.png'
57.2262 	EXP 	Stim: image = 'TMTstop-A_1_1redlinestimulus5.png'
57.2760 	EXP 	Stim: image = 'TMTstop-A_1_1redlinestimulus5.png'
57.3260 	EXP 	Stim: image = 'TMTstop-A_1_1redlinestimulus5.png'
57.3761 	EXP 	Stim: image = 'TMTstop-A_1_1redlinestimulus5.png'
57.4282 	EXP 	Stim: image = 'TMTstop-A_1_1redlinestimulus5.png'
57.4763 	EXP 	Stim: image = 'TMTstop-A_1_1redlinestimulus5.png'
57.5263 	EXP 	Stim: image = 'TMTstop-A_1_1redlinestimulus5.png'
57.5761 	EXP 	Stim: image = 'TMTstop-A_1_1redlinestimulus5.png'
57.6263 	EXP 	Stim: image = 'TMTstop-A_1_1redlinestimulus5.png'
57.6762 	EXP 	Stim: image = 'TMTstop-A_1_1redlinestimulus5.png'
57.7261 	EXP 	Stim: image = 'TMTstop-A_1_1redlinestimulus5.png'
57.7762 	EXP 	Stim: image = 'TMTstop-A_1_1redlinestimulus5.png'
57.8264 	EXP 	Stim: image = 'TMTstop-A_1_1redlinestimulus5.png'
57.8762 	EXP 	Stim: image = 'TMTstop-A_1_1redlinestimulus5.png'
57.9263 	EXP 	Stim: image = 'TMTstop-A_1_1redlinestimulus5.png'
57.9762 	EXP 	Stim: image = 'TMTstop-A_1_1redlinestimulus5.png'
58.0263 	EXP 	Stim: image = 'TMTstop-A_1_1redlinestimulus5.png'
58.0763 	EXP 	Stim: image = 'TMTstop-A_1_1redlinestimulus5.png'
58.1263 	EXP 	Stim: image = 'TMTstop-A_1_1redlinestimulus5.png'
58.1763 	EXP 	Stim: image = 'TMTstop-A_1_1redlinestimulus5.png'
58.2264 	EXP 	Stim: image = 'TMTstop-A_1_1redlinestimulus5.png'
58.2764 	EXP 	Stim: image = 'TMTstop-A_1_1redlinestimulus5.png'
58.3264 	EXP 	Stim: image = 'TMTstop-A_1_1redlinestimulus5.png'
58.3766 	EXP 	Stim: image = 'TMTstop-A_1_1redlinestimulus5.png'
58.4265 	EXP 	Stim: image = 'TMTstop-A_1_1redlinestimulus5.png'
58.4764 	EXP 	Stim: image = 'TMTstop-A_1_1redlinestimulus5.png'
58.5265 	EXP 	Stim: image = 'TMTstop-A_1_1redlinestimulus5.png'
58.5769 	EXP 	Stim: image = 'TMTstop-A_1_1redlinestimulus5.png'
58.6265 	EXP 	Stim: image = 'TMTstop-A_1_1redlinestimulus5.png'
58.6768 	EXP 	Stim: image = 'TMTstop-A_1_1redlinestimulus5.png'
58.7268 	EXP 	Stim: image = 'TMTstop-A_1_1redlinestimulus5.png'
58.7769 	EXP 	Stim: image = 'TMTstop-A_1_1redlinestimulus5.png'
58.8267 	EXP 	Stim: image = 'TMTstop-A_1_1redlinestimulus5.png'
58.8771 	EXP 	Stim: image = 'TMTstop-A_1_1redlinestimulus5.png'
58.9268 	EXP 	Stim: image = 'TMTstop-A_1_1redlinestimulus5.png'
58.9771 	EXP 	Stim: image = 'TMTstop-A_1_1redlinestimulus5.png'
59.0269 	EXP 	Stim: image = 'TMTstop-A_1_1redlinestimulus5.png'
59.0767 	EXP 	Stim: image = 'TMTstop-A_1_1redlinestimulus5.png'
59.1272 	EXP 	Stim: image = 'TMTstop-A_1_1redlinestimulus5.png'
59.1769 	EXP 	Stim: image = 'TMTstop-A_1_1redlinestimulus5.png'
59.2268 	EXP 	Stim: image = 'TMTstop-A_1_1redlinestimulus5.png'
59.2773 	EXP 	Stim: image = 'TMTstop-A_1_1redlinestimulus5.png'
59.3269 	EXP 	Stim: image = 'TMTstop-A_1_1redlinestimulus5.png'
59.3768 	EXP 	Stim: image = 'TMTstop-A_1_1redlinestimulus5.png'
59.4274 	EXP 	Stim: image = 'TMTstop-A_1_1redlinestimulus5.png'
59.4776 	EXP 	Stim: image = 'TMTstop-A_1_1redlinestimulus5.png'
59.5269 	EXP 	Stim: image = 'TMTstop-A_1_1redlinestimulus5.png'
59.5770 	EXP 	Stim: image = 'TMTstop-A_1_1redlinestimulus5.png'
59.6271 	EXP 	Stim: image = 'TMTstop-A_1_1redlinestimulus5.png'
59.6770 	EXP 	Stim: image = 'TMTstop-A_1_1redlinestimulus5.png'
59.7275 	EXP 	Stim: image = 'TMTstop-A_1_1redlinestimulus5.png'
59.7772 	EXP 	Stim: image = 'TMTstop-A_1_1redlinestimulus5.png'
59.8270 	EXP 	Stim: image = 'TMTstop-A_1_1redlinestimulus5.png'
59.8771 	EXP 	Stim: image = 'TMTstop-A_1_1redlinestimulus5.png'
59.9272 	EXP 	Stim: image = 'TMTstop-A_1_1redlinestimulus5.png'
59.9777 	EXP 	Stim: image = 'TMTstop-A_1_1redlinestimulus5.png'
60.0272 	EXP 	Stim: image = 'TMTstop-A_1_1redlinestimulus5.png'
60.0773 	EXP 	Stim: image = 'TMTstop-A_1_1redlinestimulus5.png'
60.1274 	EXP 	Stim: image = 'TMTstop-A_1_1redlinestimulus5.png'
60.1730 	DATA 	Keypress: 1
60.1778 	EXP 	Stim: image = 'TMTstop-A_1_1redlinestimulus5.png'
60.1813 	EXP 	New trial (rep=0, index=8): {'NumberLetter': 9, 'corrAns': ['2'], 'StimFile': 'TMTstop-A_1_1linestimulus6.png', 'Correct_StimFile': 'TMTstop-A_1_1greenlinestimulus6.png', 'False_StimFile': 'TMTstop-A_1_1redlinestimulus6.png', 'DurationTrial': 10}
60.2608 	EXP 	Stim: autoDraw = False
60.2608 	EXP 	Stim: image = 'TMTstop-A_1_1greenlinestimulus6.png'
60.2608 	EXP 	Stim: image = 'TMTstop-A_1_1greenlinestimulus6.png'
60.2608 	EXP 	Stim: autoDraw = True
60.3579 	DATA 	Keypress: 1
63.0235 	DATA 	Keypress: 3
63.0288 	EXP 	Stim: image = 'TMTstop-A_1_1redlinestimulus6.png'
63.0787 	EXP 	Stim: image = 'TMTstop-A_1_1redlinestimulus6.png'
63.1292 	EXP 	Stim: image = 'TMTstop-A_1_1redlinestimulus6.png'
63.1735 	DATA 	Keypress: 3
63.1787 	EXP 	Stim: image = 'TMTstop-A_1_1redlinestimulus6.png'
63.2287 	EXP 	Stim: image = 'TMTstop-A_1_1redlinestimulus6.png'
63.2788 	EXP 	Stim: image = 'TMTstop-A_1_1redlinestimulus6.png'
63.3288 	EXP 	Stim: image = 'TMTstop-A_1_1redlinestimulus6.png'
63.3788 	EXP 	Stim: image = 'TMTstop-A_1_1redlinestimulus6.png'
63.4291 	EXP 	Stim: image = 'TMTstop-A_1_1redlinestimulus6.png'
63.4790 	EXP 	Stim: image = 'TMTstop-A_1_1redlinestimulus6.png'
63.5293 	EXP 	Stim: image = 'TMTstop-A_1_1redlinestimulus6.png'
63.5790 	EXP 	Stim: image = 'TMTstop-A_1_1redlinestimulus6.png'
63.6289 	EXP 	Stim: image = 'TMTstop-A_1_1redlinestimulus6.png'
63.6790 	EXP 	Stim: image = 'TMTstop-A_1_1redlinestimulus6.png'
63.7288 	EXP 	Stim: image = 'TMTstop-A_1_1redlinestimulus6.png'
63.7791 	EXP 	Stim: image = 'TMTstop-A_1_1redlinestimulus6.png'
63.8290 	EXP 	Stim: image = 'TMTstop-A_1_1redlinestimulus6.png'
63.8738 	DATA 	Keypress: 2
63.8791 	EXP 	Stim: image = 'TMTstop-A_1_1redlinestimulus6.png'
63.8826 	EXP 	New trial (rep=0, index=9): {'NumberLetter': 10, 'corrAns': ['1'], 'StimFile': 'TMTstop-A_1_1linestimulus7.png', 'Correct_StimFile': 'TMTstop-A_1_1greenlinestimulus7.png', 'False_StimFile': 'TMTstop-A_1_1redlinestimulus7.png', 'DurationTrial': 10}
63.9624 	EXP 	Stim: autoDraw = False
63.9624 	EXP 	Stim: image = 'TMTstop-A_1_1greenlinestimulus7.png'
63.9624 	EXP 	Stim: image = 'TMTstop-A_1_1greenlinestimulus7.png'
63.9624 	EXP 	Stim: autoDraw = True
64.0423 	DATA 	Keypress: 2
64.9751 	DATA 	Keypress: esc
65.1420 	DATA 	Keypress: esc
65.2517 	EXP 	window1: mouseVisible = True
