1.6341 	WARNING 	We strongly recommend you activate the PTB sound engine in PsychoPy prefs as the preferred audio engine. Its timing is vastly superior. Your prefs are currently set to use ['pyo'] (in that order).
5.1550 	EXP 	Created window1 = Window(allowGUI=True, allowStencil=False, autoLog=True, backendConf=UNKNOWN, bitsMode=UNKNOWN, blendMode='avg', bpc=(8, 8, 8), color=array([0, 0, 0]), colorSpace='rgb', depthBits=8, fullscr=<method-wrapper '__getattribute__' of attributeSetter object at 0x00000289FC53C7F0>, gamma=None, gammaErrorPolicy='raise', lms=UNKNOWN, monitor=<psychopy.monitors.calibTools.Monitor object at 0x00000289FC55DAC8>, multiSample=False, name='window1', numSamples=2, pos=[0.0, 0.0], screen=0, size=array([1920, 1055]), stencilBits=0, stereo=False, units='height', useFBO=True, useRetina=False, viewOri=0.0, viewPos=None, viewScale=None, waitBlanking=True, winType='glfw')
5.1551 	EXP 	window1: mouseVisible = True
5.1551 	EXP 	window1: recordFrameIntervals = False
5.2234 	EXP 	window1: recordFrameIntervals = True
5.2999 	EXP 	window1: recordFrameIntervals = False
5.5758 	EXP 	Created Instruct = ImageStim(__class__=<class 'psychopy.visual.image.ImageStim'>, autoLog=True, color=array([1., 1., 1.]), colorSpace='rgb', contrast=1.0, depth=0.0, flipHoriz=False, flipVert=False, image='InkedInstructBfinal_LI.jpg', interpolate=True, mask=None, maskParams=None, name='Instruct', opacity=1, ori=0.0, pos=array([0., 0.]), size=array([0.8, 0.8]), texRes=128.0, units='height', win=Window(...))
5.6850 	EXP 	Created text_2 = TextStim(__class__=<class 'psychopy.visual.text.TextStim'>, alignHoriz=method-wrapper(...), alignText='center', alignVert=method-wrapper(...), anchorHoriz='center', anchorVert='center', antialias=True, autoLog=True, bold=False, color=array([1., 1., 1.]), colorSpace='rgb', contrast=1.0, depth=-2.0, flipHoriz=False, flipVert=False, font='Open Sans', fontFiles=[], height=0.04, italic=False, languageStyle='LTR', name='text_2', opacity=1, ori=0.5, pos=array([ 0.  , -0.45]), rgb=UNKNOWN, text=str(...), units='height', win=Window(...), wrapWidth=2.0)
5.6874 	EXP 	Created polygon = ShapeStim(__class__=<class 'psychopy.visual.shape.ShapeStim'>, autoDraw=False, autoLog=True, closeShape=True, color=method-wrapper(...), colorSpace='rgb', contrast=None, depth=0.0, fillColor=array([1, 1, 1]), fillColorSpace='rgb', fillRGB=array([1, 1, 1]), interpolate=True, lineColor=array([1., 1., 1.]), lineColorSpace='rgb', lineRGB=array([1, 1, 1]), lineWidth=1.0, name='polygon', opacity=1, ori=0.0, pos=array([0., 0.]), size=array([0.5, 0.5]), units='height', vertices=ndarray(...), win=Window(...), windingRule=None)
5.6904 	EXP 	Created Stim_practice = ImageStim(__class__=<class 'psychopy.visual.image.ImageStim'>, autoLog=True, color=array([1., 1., 1.]), colorSpace='rgb', contrast=1.0, depth=0.0, flipHoriz=False, flipVert=False, image='sin', interpolate=True, mask=None, maskParams=None, name='Stim_practice', opacity=1, ori=0.0, pos=array([0., 0.]), size=array([1.777, 1.   ]), texRes=128.0, units='height', win=Window(...))
5.7431 	EXP 	Created text_5 = TextStim(__class__=<class 'psychopy.visual.text.TextStim'>, alignHoriz=method-wrapper(...), alignText='center', alignVert=method-wrapper(...), anchorHoriz='center', anchorVert='center', antialias=True, autoLog=True, bold=False, color=array([1., 1., 1.]), colorSpace='rgb', contrast=1.0, depth=0.0, flipHoriz=False, flipVert=False, font='Open Sans', fontFiles=[], height=0.1, italic=False, languageStyle='LTR', name='text_5', opacity=1, ori=0.0, pos=array([0., 0.]), rgb=UNKNOWN, text=str(...), units='height', win=Window(...), wrapWidth=1)
5.7448 	EXP 	Created polygon = ShapeStim(__class__=<class 'psychopy.visual.shape.ShapeStim'>, autoDraw=False, autoLog=True, closeShape=True, color=method-wrapper(...), colorSpace='rgb', contrast=None, depth=0.0, fillColor=array([1, 1, 1]), fillColorSpace='rgb', fillRGB=array([1, 1, 1]), interpolate=True, lineColor=array([1., 1., 1.]), lineColorSpace='rgb', lineRGB=array([1, 1, 1]), lineWidth=1.0, name='polygon', opacity=1, ori=0.0, pos=array([0., 0.]), size=array([0.5, 0.5]), units='height', vertices=ndarray(...), win=Window(...), windingRule=None)
5.7471 	EXP 	Created Stim = ImageStim(__class__=<class 'psychopy.visual.image.ImageStim'>, autoLog=True, color=array([1., 1., 1.]), colorSpace='rgb', contrast=1.0, depth=0.0, flipHoriz=False, flipVert=False, image='sin', interpolate=True, mask=None, maskParams=None, name='Stim', opacity=1, ori=0.0, pos=array([0., 0.]), size=array([1.777, 1.   ]), texRes=128.0, units='height', win=Window(...))
5.7487 	EXP 	Created polygon = ShapeStim(__class__=<class 'psychopy.visual.shape.ShapeStim'>, autoDraw=False, autoLog=True, closeShape=True, color=method-wrapper(...), colorSpace='rgb', contrast=None, depth=0.0, fillColor=array([1, 1, 1]), fillColorSpace='rgb', fillRGB=array([1, 1, 1]), interpolate=True, lineColor=array([1., 1., 1.]), lineColorSpace='rgb', lineRGB=array([1, 1, 1]), lineWidth=1.0, name='polygon', opacity=1, ori=0.0, pos=array([0., 0.]), size=array([0.5, 0.5]), units='height', vertices=ndarray(...), win=Window(...), windingRule=None)
5.7513 	EXP 	Created Stim = ImageStim(__class__=<class 'psychopy.visual.image.ImageStim'>, autoLog=True, color=array([1., 1., 1.]), colorSpace='rgb', contrast=1.0, depth=0.0, flipHoriz=False, flipVert=False, image='sin', interpolate=True, mask=None, maskParams=None, name='Stim', opacity=1, ori=0.0, pos=array([0., 0.]), size=array([1.777, 1.   ]), texRes=128.0, units='height', win=Window(...))
5.7531 	EXP 	Created polygon = ShapeStim(__class__=<class 'psychopy.visual.shape.ShapeStim'>, autoDraw=False, autoLog=True, closeShape=True, color=method-wrapper(...), colorSpace='rgb', contrast=None, depth=0.0, fillColor=array([1, 1, 1]), fillColorSpace='rgb', fillRGB=array([1, 1, 1]), interpolate=True, lineColor=array([1., 1., 1.]), lineColorSpace='rgb', lineRGB=array([1, 1, 1]), lineWidth=1.0, name='polygon', opacity=1, ori=0.0, pos=array([0., 0.]), size=array([0.5, 0.5]), units='height', vertices=ndarray(...), win=Window(...), windingRule=None)
5.7557 	EXP 	Created Stim = ImageStim(__class__=<class 'psychopy.visual.image.ImageStim'>, autoLog=True, color=array([1., 1., 1.]), colorSpace='rgb', contrast=1.0, depth=0.0, flipHoriz=False, flipVert=False, image='sin', interpolate=True, mask=None, maskParams=None, name='Stim', opacity=1, ori=0.0, pos=array([0., 0.]), size=array([1.777, 1.   ]), texRes=128.0, units='height', win=Window(...))
5.7574 	EXP 	Created polygon = ShapeStim(__class__=<class 'psychopy.visual.shape.ShapeStim'>, autoDraw=False, autoLog=True, closeShape=True, color=method-wrapper(...), colorSpace='rgb', contrast=None, depth=0.0, fillColor=array([1, 1, 1]), fillColorSpace='rgb', fillRGB=array([1, 1, 1]), interpolate=True, lineColor=array([1., 1., 1.]), lineColorSpace='rgb', lineRGB=array([1, 1, 1]), lineWidth=1.0, name='polygon', opacity=1, ori=0.0, pos=array([0., 0.]), size=array([0.5, 0.5]), units='height', vertices=ndarray(...), win=Window(...), windingRule=None)
5.7598 	EXP 	Created Stim = ImageStim(__class__=<class 'psychopy.visual.image.ImageStim'>, autoLog=True, color=array([1., 1., 1.]), colorSpace='rgb', contrast=1.0, depth=0.0, flipHoriz=False, flipVert=False, image='sin', interpolate=True, mask=None, maskParams=None, name='Stim', opacity=1, ori=0.0, pos=array([0., 0.]), size=array([1.777, 1.   ]), texRes=128.0, units='height', win=Window(...))
5.7684 	EXP 	Created text = TextStim(__class__=<class 'psychopy.visual.text.TextStim'>, alignHoriz=method-wrapper(...), alignText='center', alignVert=method-wrapper(...), anchorHoriz='center', anchorVert='center', antialias=True, autoLog=True, bold=False, color=array([1., 1., 1.]), colorSpace='rgb', contrast=1.0, depth=0.0, flipHoriz=False, flipVert=False, font='Open Sans', fontFiles=[], height=0.1, italic=False, languageStyle='LTR', name='text', opacity=1, ori=0.0, pos=array([0., 0.]), rgb=UNKNOWN, text=str(...), units='height', win=Window(...), wrapWidth=1)
5.8216 	EXP 	Instruct: autoDraw = True
5.8216 	EXP 	text_2: autoDraw = True
6.5615 	DATA 	Keypress: 2
6.5769 	EXP 	Instruct: autoDraw = False
6.5769 	EXP 	text_2: autoDraw = False
6.5769 	EXP 	polygon: autoDraw = True
6.7843 	DATA 	Keypress: 2
9.5716 	EXP 	Created sequence: sequential, trialTypes=1, nReps=5, seed=None
9.5718 	EXP 	New trial (rep=0, index=0): None
9.5793 	EXP 	Imported TMTstop-A_1_practice.xlsx as conditions, 13 conditions, 6 params
9.5796 	EXP 	Created sequence: sequential, trialTypes=13, nReps=1, seed=None
9.5798 	EXP 	New trial (rep=0, index=0): {'NumberLetter': 1, 'corrAns': ['1'], 'StimFile': 'TMTstop-A_1_practice.png', 'Correct_StimFile': 'TMTstop-A_1_practice.png', 'False_StimFile': 'TMTstop-A_1_practice.png', 'DurationTrial': 10}
9.6272 	EXP 	polygon: autoDraw = False
9.6272 	EXP 	Stim_practice: image = 'TMTstop-A_1_practice.png'
9.6272 	EXP 	Stim_practice: autoDraw = True
10.0197 	DATA 	Keypress: 1
10.0281 	EXP 	New trial (rep=0, index=1): {'NumberLetter': 2, 'corrAns': ['2'], 'StimFile': 'TMTstop-A_1_practice.png', 'Correct_StimFile': 'TMTstop-A_1_practicefirstgreen.png', 'False_StimFile': 'TMTstop-A_1_practicefirstred.png', 'DurationTrial': 10}
10.1000 	EXP 	Stim_practice: autoDraw = False
10.1000 	EXP 	Stim_practice: image = 'TMTstop-A_1_practicefirstgreen.png'
10.1000 	EXP 	Stim_practice: image = 'TMTstop-A_1_practicefirstgreen.png'
10.1000 	EXP 	Stim_practice: autoDraw = True
10.1171 	EXP 	New trial (rep=0, index=2): {'NumberLetter': 3, 'corrAns': ['3'], 'StimFile': 'TMTstop-A_1_practicelinestimulus0.png', 'Correct_StimFile': 'TMTstop-A_1_practicegreenlinestimulus0.png', 'False_StimFile': 'TMTstop-A_1_practiceredlinestimulus0.png', 'DurationTrial': 10}
10.1793 	DATA 	Keypress: 2
10.1832 	EXP 	Stim_practice: autoDraw = False
10.1832 	EXP 	Stim_practice: image = 'TMTstop-A_1_practicegreenlinestimulus0.png'
10.1832 	EXP 	Stim_practice: image = 'TMTstop-A_1_practicegreenlinestimulus0.png'
10.1832 	EXP 	Stim_practice: autoDraw = True
10.2218 	EXP 	New trial (rep=0, index=3): {'NumberLetter': 4, 'corrAns': ['1'], 'StimFile': 'TMTstop-A_1_practicelinestimulus1.png', 'Correct_StimFile': 'TMTstop-A_1_practicegreenlinestimulus1.png', 'False_StimFile': 'TMTstop-A_1_practiceredlinestimulus1.png', 'DurationTrial': 10}
10.2835 	DATA 	Keypress: 3
10.2836 	DATA 	Keypress: 1
10.2876 	EXP 	Stim_practice: autoDraw = False
10.2876 	EXP 	Stim_practice: image = 'TMTstop-A_1_practicegreenlinestimulus1.png'
10.2876 	EXP 	Stim_practice: image = 'TMTstop-A_1_practicegreenlinestimulus1.png'
10.2876 	EXP 	Stim_practice: autoDraw = True
10.3250 	DATA 	Keypress: 2
10.3528 	DATA 	Keypress: 1
10.3596 	EXP 	New trial (rep=0, index=4): {'NumberLetter': 5, 'corrAns': ['2'], 'StimFile': 'TMTstop-A_1_practicelinestimulus2.png', 'Correct_StimFile': 'TMTstop-A_1_practicegreenlinestimulus2.png', 'False_StimFile': 'TMTstop-A_1_practiceredlinestimulus2.png', 'DurationTrial': 10}
10.4224 	DATA 	Keypress: 3
10.4225 	DATA 	Keypress: 2
10.4262 	EXP 	Stim_practice: autoDraw = False
10.4262 	EXP 	Stim_practice: image = 'TMTstop-A_1_practicegreenlinestimulus2.png'
10.4262 	EXP 	Stim_practice: image = 'TMTstop-A_1_practicegreenlinestimulus2.png'
10.4262 	EXP 	Stim_practice: autoDraw = True
10.5199 	DATA 	Keypress: 3
10.5611 	DATA 	Keypress: 1
10.5648 	EXP 	Stim_practice: image = 'TMTstop-A_1_practiceredlinestimulus2.png'
10.6029 	DATA 	Keypress: 2
10.6065 	EXP 	Stim_practice: image = 'TMTstop-A_1_practiceredlinestimulus2.png'
10.6446 	DATA 	Keypress: 1
10.6483 	EXP 	Stim_practice: image = 'TMTstop-A_1_practiceredlinestimulus2.png'
10.6860 	DATA 	Keypress: 2
10.6896 	EXP 	Stim_practice: image = 'TMTstop-A_1_practiceredlinestimulus2.png'
10.6943 	EXP 	New trial (rep=0, index=5): {'NumberLetter': 6, 'corrAns': ['3'], 'StimFile': 'TMTstop-A_1_practicelinestimulus3.png', 'Correct_StimFile': 'TMTstop-A_1_practicegreenlinestimulus3.png', 'False_StimFile': 'TMTstop-A_1_practiceredlinestimulus3.png', 'DurationTrial': 10}
10.7694 	DATA 	Keypress: 3
10.7733 	EXP 	Stim_practice: autoDraw = False
10.7733 	EXP 	Stim_practice: image = 'TMTstop-A_1_practicegreenlinestimulus3.png'
10.7733 	EXP 	Stim_practice: image = 'TMTstop-A_1_practicegreenlinestimulus3.png'
10.7733 	EXP 	Stim_practice: autoDraw = True
10.8180 	DATA 	Keypress: 3
10.8258 	EXP 	New trial (rep=0, index=6): {'NumberLetter': 7, 'corrAns': ['1'], 'StimFile': 'TMTstop-A_1_practicelinestimulus4.png', 'Correct_StimFile': 'TMTstop-A_1_practicegreenlinestimulus4.png', 'False_StimFile': 'TMTstop-A_1_practiceredlinestimulus4.png', 'DurationTrial': 10}
10.8876 	DATA 	Keypress: 1
10.8877 	DATA 	Keypress: 2
10.8916 	EXP 	Stim_practice: autoDraw = False
10.8916 	EXP 	Stim_practice: image = 'TMTstop-A_1_practicegreenlinestimulus4.png'
10.8916 	EXP 	Stim_practice: image = 'TMTstop-A_1_practicegreenlinestimulus4.png'
10.8916 	EXP 	Stim_practice: autoDraw = True
10.9579 	DATA 	Keypress: 1
10.9654 	EXP 	New trial (rep=0, index=7): {'NumberLetter': 8, 'corrAns': ['3'], 'StimFile': 'TMTstop-A_1_practicelinestimulus5.png', 'Correct_StimFile': 'TMTstop-A_1_practicegreenlinestimulus5.png', 'False_StimFile': 'TMTstop-A_1_practiceredlinestimulus5.png', 'DurationTrial': 10}
11.0265 	DATA 	Keypress: 3
11.0305 	EXP 	Stim_practice: autoDraw = False
11.0305 	EXP 	Stim_practice: image = 'TMTstop-A_1_practicegreenlinestimulus5.png'
11.0305 	EXP 	Stim_practice: image = 'TMTstop-A_1_practicegreenlinestimulus5.png'
11.0305 	EXP 	Stim_practice: autoDraw = True
11.0543 	DATA 	Keypress: 2
11.0996 	EXP 	Stim_practice: image = 'TMTstop-A_1_practiceredlinestimulus5.png'
11.1411 	EXP 	Stim_practice: image = 'TMTstop-A_1_practiceredlinestimulus5.png'
11.1790 	DATA 	Keypress: 3
11.1792 	DATA 	Keypress: 1
11.1826 	EXP 	Stim_practice: image = 'TMTstop-A_1_practiceredlinestimulus5.png'
11.1874 	EXP 	New trial (rep=0, index=8): {'NumberLetter': 9, 'corrAns': ['2'], 'StimFile': 'TMTstop-A_1_practicelinestimulus6.png', 'Correct_StimFile': 'TMTstop-A_1_practicegreenlinestimulus6.png', 'False_StimFile': 'TMTstop-A_1_practiceredlinestimulus6.png', 'DurationTrial': 10}
11.2487 	DATA 	Keypress: 2
11.2526 	EXP 	Stim_practice: autoDraw = False
11.2526 	EXP 	Stim_practice: image = 'TMTstop-A_1_practicegreenlinestimulus6.png'
11.2526 	EXP 	Stim_practice: image = 'TMTstop-A_1_practicegreenlinestimulus6.png'
11.2526 	EXP 	Stim_practice: autoDraw = True
11.3044 	DATA 	Keypress: 1
11.3498 	EXP 	Stim_practice: image = 'TMTstop-A_1_practiceredlinestimulus6.png'
11.3878 	DATA 	Keypress: 3
11.3878 	DATA 	Keypress: 2
11.3914 	EXP 	Stim_practice: image = 'TMTstop-A_1_practiceredlinestimulus6.png'
11.3960 	EXP 	New trial (rep=0, index=9): {'NumberLetter': 10, 'corrAns': ['3'], 'StimFile': 'TMTstop-A_1_practicelinestimulus7.png', 'Correct_StimFile': 'TMTstop-A_1_practicegreenlinestimulus7.png', 'False_StimFile': 'TMTstop-A_1_practiceredlinestimulus7.png', 'DurationTrial': 10}
11.4612 	EXP 	Stim_practice: autoDraw = False
11.4612 	EXP 	Stim_practice: image = 'TMTstop-A_1_practicegreenlinestimulus7.png'
11.4612 	EXP 	Stim_practice: image = 'TMTstop-A_1_practicegreenlinestimulus7.png'
11.4612 	EXP 	Stim_practice: autoDraw = True
11.4847 	DATA 	Keypress: 3
11.4925 	EXP 	New trial (rep=0, index=10): {'NumberLetter': 11, 'corrAns': ['1'], 'StimFile': 'TMTstop-A_1_practicelinestimulus8.png', 'Correct_StimFile': 'TMTstop-A_1_practicegreenlinestimulus8.png', 'False_StimFile': 'TMTstop-A_1_practiceredlinestimulus8.png', 'DurationTrial': 10}
11.5545 	DATA 	Keypress: 1
11.5581 	EXP 	Stim_practice: autoDraw = False
11.5581 	EXP 	Stim_practice: image = 'TMTstop-A_1_practicegreenlinestimulus8.png'
11.5581 	EXP 	Stim_practice: image = 'TMTstop-A_1_practicegreenlinestimulus8.png'
11.5581 	EXP 	Stim_practice: autoDraw = True
11.5682 	DATA 	Keypress: 2
11.6455 	DATA 	Keypress: 3
11.9638 	DATA 	Keypress: 1
11.9707 	EXP 	New trial (rep=0, index=11): {'NumberLetter': 12, 'corrAns': ['2'], 'StimFile': 'TMTstop-A_1_practicelinestimulus9.png', 'Correct_StimFile': 'TMTstop-A_1_practicegreenlinestimulus9.png', 'False_StimFile': 'TMTstop-A_1_practiceredlinestimulus9.png', 'DurationTrial': 10}
12.0376 	EXP 	Stim_practice: autoDraw = False
12.0376 	EXP 	Stim_practice: image = 'TMTstop-A_1_practicegreenlinestimulus9.png'
12.0376 	EXP 	Stim_practice: image = 'TMTstop-A_1_practicegreenlinestimulus9.png'
12.0376 	EXP 	Stim_practice: autoDraw = True
12.1721 	DATA 	Keypress: 1
13.0956 	DATA 	Keypress: 2
13.1037 	EXP 	New trial (rep=0, index=12): {'NumberLetter': None, 'corrAns': None, 'StimFile': 'TMTstop-A_1_practicelinestimulus10.png', 'Correct_StimFile': 'TMTstop-A_1_practicegreenlinestimulus10.png', 'False_StimFile': 'TMTstop-A_1_practiceredlinestimulus10.png', 'DurationTrial': None}
13.1694 	EXP 	Stim_practice: autoDraw = False
13.1694 	EXP 	Stim_practice: image = 'TMTstop-A_1_practicegreenlinestimulus10.png'
13.1694 	EXP 	Stim_practice: image = 'TMTstop-A_1_practicegreenlinestimulus10.png'
13.1694 	EXP 	Stim_practice: autoDraw = True
13.2765 	DATA 	Keypress: 2
14.1810 	EXP 	Stim_practice: autoDraw = False
14.1810 	EXP 	text_5: autoDraw = True
18.6245 	DATA 	Keypress: 1
18.8455 	DATA 	Keypress: 1
19.4778 	DATA 	Keypress: 2
19.6858 	DATA 	Keypress: 2
20.1791 	DATA 	Keypress: 3
20.4150 	DATA 	Keypress: 3
21.7416 	DATA 	Keypress: esc
21.9219 	DATA 	Keypress: esc
21.9460 	EXP 	window1: mouseVisible = True
1.6391 	WARNING 	We strongly recommend you activate the PTB sound engine in PsychoPy prefs as the preferred audio engine. Its timing is vastly superior. Your prefs are currently set to use ['pyo'] (in that order).
4.8517 	EXP 	Created window1 = Window(allowGUI=True, allowStencil=False, autoLog=True, backendConf=UNKNOWN, bitsMode=UNKNOWN, blendMode='avg', bpc=(8, 8, 8), color=array([0, 0, 0]), colorSpace='rgb', depthBits=8, fullscr=<method-wrapper '__getattribute__' of attributeSetter object at 0x00000248E1C9C7F0>, gamma=None, gammaErrorPolicy='raise', lms=UNKNOWN, monitor=<psychopy.monitors.calibTools.Monitor object at 0x00000248E1C3FA90>, multiSample=False, name='window1', numSamples=2, pos=[0.0, 0.0], screen=0, size=array([1920, 1055]), stencilBits=0, stereo=False, units='height', useFBO=True, useRetina=False, viewOri=0.0, viewPos=None, viewScale=None, waitBlanking=True, winType='glfw')
4.8518 	EXP 	window1: mouseVisible = True
4.8518 	EXP 	window1: recordFrameIntervals = False
4.9203 	EXP 	window1: recordFrameIntervals = True
4.9971 	EXP 	window1: recordFrameIntervals = False
5.2771 	EXP 	Created Instruct = ImageStim(__class__=<class 'psychopy.visual.image.ImageStim'>, autoLog=True, color=array([1., 1., 1.]), colorSpace='rgb', contrast=1.0, depth=0.0, flipHoriz=False, flipVert=False, image='InkedInstructBfinal_LI.jpg', interpolate=True, mask=None, maskParams=None, name='Instruct', opacity=1, ori=0.0, pos=array([0., 0.]), size=array([0.8, 0.8]), texRes=128.0, units='height', win=Window(...))
5.3847 	EXP 	Created text_2 = TextStim(__class__=<class 'psychopy.visual.text.TextStim'>, alignHoriz=method-wrapper(...), alignText='center', alignVert=method-wrapper(...), anchorHoriz='center', anchorVert='center', antialias=True, autoLog=True, bold=False, color=array([1., 1., 1.]), colorSpace='rgb', contrast=1.0, depth=-2.0, flipHoriz=False, flipVert=False, font='Open Sans', fontFiles=[], height=0.04, italic=False, languageStyle='LTR', name='text_2', opacity=1, ori=0.5, pos=array([ 0.  , -0.45]), rgb=UNKNOWN, text=str(...), units='height', win=Window(...), wrapWidth=2.0)
5.3870 	EXP 	Created polygon = ShapeStim(__class__=<class 'psychopy.visual.shape.ShapeStim'>, autoDraw=False, autoLog=True, closeShape=True, color=method-wrapper(...), colorSpace='rgb', contrast=None, depth=0.0, fillColor=array([1, 1, 1]), fillColorSpace='rgb', fillRGB=array([1, 1, 1]), interpolate=True, lineColor=array([1., 1., 1.]), lineColorSpace='rgb', lineRGB=array([1, 1, 1]), lineWidth=1.0, name='polygon', opacity=1, ori=0.0, pos=array([0., 0.]), size=array([0.5, 0.5]), units='height', vertices=ndarray(...), win=Window(...), windingRule=None)
5.3900 	EXP 	Created Stim_practice = ImageStim(__class__=<class 'psychopy.visual.image.ImageStim'>, autoLog=True, color=array([1., 1., 1.]), colorSpace='rgb', contrast=1.0, depth=0.0, flipHoriz=False, flipVert=False, image='sin', interpolate=True, mask=None, maskParams=None, name='Stim_practice', opacity=1, ori=0.0, pos=array([0., 0.]), size=array([1.777, 1.   ]), texRes=128.0, units='height', win=Window(...))
5.4431 	EXP 	Created text_5 = TextStim(__class__=<class 'psychopy.visual.text.TextStim'>, alignHoriz=method-wrapper(...), alignText='center', alignVert=method-wrapper(...), anchorHoriz='center', anchorVert='center', antialias=True, autoLog=True, bold=False, color=array([1., 1., 1.]), colorSpace='rgb', contrast=1.0, depth=0.0, flipHoriz=False, flipVert=False, font='Open Sans', fontFiles=[], height=0.1, italic=False, languageStyle='LTR', name='text_5', opacity=1, ori=0.0, pos=array([0., 0.]), rgb=UNKNOWN, text=str(...), units='height', win=Window(...), wrapWidth=1)
5.4449 	EXP 	Created polygon = ShapeStim(__class__=<class 'psychopy.visual.shape.ShapeStim'>, autoDraw=False, autoLog=True, closeShape=True, color=method-wrapper(...), colorSpace='rgb', contrast=None, depth=0.0, fillColor=array([1, 1, 1]), fillColorSpace='rgb', fillRGB=array([1, 1, 1]), interpolate=True, lineColor=array([1., 1., 1.]), lineColorSpace='rgb', lineRGB=array([1, 1, 1]), lineWidth=1.0, name='polygon', opacity=1, ori=0.0, pos=array([0., 0.]), size=array([0.5, 0.5]), units='height', vertices=ndarray(...), win=Window(...), windingRule=None)
5.4473 	EXP 	Created Stim = ImageStim(__class__=<class 'psychopy.visual.image.ImageStim'>, autoLog=True, color=array([1., 1., 1.]), colorSpace='rgb', contrast=1.0, depth=0.0, flipHoriz=False, flipVert=False, image='sin', interpolate=True, mask=None, maskParams=None, name='Stim', opacity=1, ori=0.0, pos=array([0., 0.]), size=array([1.777, 1.   ]), texRes=128.0, units='height', win=Window(...))
5.4490 	EXP 	Created polygon = ShapeStim(__class__=<class 'psychopy.visual.shape.ShapeStim'>, autoDraw=False, autoLog=True, closeShape=True, color=method-wrapper(...), colorSpace='rgb', contrast=None, depth=0.0, fillColor=array([1, 1, 1]), fillColorSpace='rgb', fillRGB=array([1, 1, 1]), interpolate=True, lineColor=array([1., 1., 1.]), lineColorSpace='rgb', lineRGB=array([1, 1, 1]), lineWidth=1.0, name='polygon', opacity=1, ori=0.0, pos=array([0., 0.]), size=array([0.5, 0.5]), units='height', vertices=ndarray(...), win=Window(...), windingRule=None)
5.4529 	EXP 	Created Stim = ImageStim(__class__=<class 'psychopy.visual.image.ImageStim'>, autoLog=True, color=array([1., 1., 1.]), colorSpace='rgb', contrast=1.0, depth=0.0, flipHoriz=False, flipVert=False, image='sin', interpolate=True, mask=None, maskParams=None, name='Stim', opacity=1, ori=0.0, pos=array([0., 0.]), size=array([1.777, 1.   ]), texRes=128.0, units='height', win=Window(...))
5.4547 	EXP 	Created polygon = ShapeStim(__class__=<class 'psychopy.visual.shape.ShapeStim'>, autoDraw=False, autoLog=True, closeShape=True, color=method-wrapper(...), colorSpace='rgb', contrast=None, depth=0.0, fillColor=array([1, 1, 1]), fillColorSpace='rgb', fillRGB=array([1, 1, 1]), interpolate=True, lineColor=array([1., 1., 1.]), lineColorSpace='rgb', lineRGB=array([1, 1, 1]), lineWidth=1.0, name='polygon', opacity=1, ori=0.0, pos=array([0., 0.]), size=array([0.5, 0.5]), units='height', vertices=ndarray(...), win=Window(...), windingRule=None)
5.4577 	EXP 	Created Stim = ImageStim(__class__=<class 'psychopy.visual.image.ImageStim'>, autoLog=True, color=array([1., 1., 1.]), colorSpace='rgb', contrast=1.0, depth=0.0, flipHoriz=False, flipVert=False, image='sin', interpolate=True, mask=None, maskParams=None, name='Stim', opacity=1, ori=0.0, pos=array([0., 0.]), size=array([1.777, 1.   ]), texRes=128.0, units='height', win=Window(...))
5.4595 	EXP 	Created polygon = ShapeStim(__class__=<class 'psychopy.visual.shape.ShapeStim'>, autoDraw=False, autoLog=True, closeShape=True, color=method-wrapper(...), colorSpace='rgb', contrast=None, depth=0.0, fillColor=array([1, 1, 1]), fillColorSpace='rgb', fillRGB=array([1, 1, 1]), interpolate=True, lineColor=array([1., 1., 1.]), lineColorSpace='rgb', lineRGB=array([1, 1, 1]), lineWidth=1.0, name='polygon', opacity=1, ori=0.0, pos=array([0., 0.]), size=array([0.5, 0.5]), units='height', vertices=ndarray(...), win=Window(...), windingRule=None)
5.4623 	EXP 	Created Stim = ImageStim(__class__=<class 'psychopy.visual.image.ImageStim'>, autoLog=True, color=array([1., 1., 1.]), colorSpace='rgb', contrast=1.0, depth=0.0, flipHoriz=False, flipVert=False, image='sin', interpolate=True, mask=None, maskParams=None, name='Stim', opacity=1, ori=0.0, pos=array([0., 0.]), size=array([1.777, 1.   ]), texRes=128.0, units='height', win=Window(...))
5.4706 	EXP 	Created text = TextStim(__class__=<class 'psychopy.visual.text.TextStim'>, alignHoriz=method-wrapper(...), alignText='center', alignVert=method-wrapper(...), anchorHoriz='center', anchorVert='center', antialias=True, autoLog=True, bold=False, color=array([1., 1., 1.]), colorSpace='rgb', contrast=1.0, depth=0.0, flipHoriz=False, flipVert=False, font='Open Sans', fontFiles=[], height=0.1, italic=False, languageStyle='LTR', name='text', opacity=1, ori=0.0, pos=array([0., 0.]), rgb=UNKNOWN, text=str(...), units='height', win=Window(...), wrapWidth=1)
5.5252 	EXP 	Instruct: autoDraw = True
5.5252 	EXP 	text_2: autoDraw = True
8.2232 	DATA 	Keypress: 1
8.2246 	EXP 	Instruct: autoDraw = False
8.2246 	EXP 	text_2: autoDraw = False
8.2246 	EXP 	polygon: autoDraw = True
8.3828 	DATA 	Keypress: 1
11.2194 	EXP 	Created sequence: sequential, trialTypes=1, nReps=5, seed=None
11.2195 	EXP 	New trial (rep=0, index=0): None
11.2270 	EXP 	Imported TMTstop-A_1_practice.xlsx as conditions, 13 conditions, 6 params
11.2272 	EXP 	Created sequence: sequential, trialTypes=13, nReps=1, seed=None
11.2275 	EXP 	New trial (rep=0, index=0): {'NumberLetter': 1, 'corrAns': ['1'], 'StimFile': 'TMTstop-A_1_practice.png', 'Correct_StimFile': 'TMTstop-A_1_practice.png', 'False_StimFile': 'TMTstop-A_1_practice.png', 'DurationTrial': 10}
11.2755 	EXP 	polygon: autoDraw = False
11.2755 	EXP 	Stim_practice: image = 'TMTstop-A_1_practice.png'
11.2755 	EXP 	Stim_practice: autoDraw = True
68.5899 	DATA 	Keypress: 1
68.5983 	EXP 	New trial (rep=0, index=1): {'NumberLetter': 2, 'corrAns': ['2'], 'StimFile': 'TMTstop-A_1_practice.png', 'Correct_StimFile': 'TMTstop-A_1_practicefirstgreen.png', 'False_StimFile': 'TMTstop-A_1_practicefirstred.png', 'DurationTrial': 10}
68.6839 	EXP 	Stim_practice: autoDraw = False
68.6839 	EXP 	Stim_practice: image = 'TMTstop-A_1_practicefirstgreen.png'
68.6839 	EXP 	Stim_practice: image = 'TMTstop-A_1_practicefirstgreen.png'
68.6839 	EXP 	Stim_practice: autoDraw = True
68.7356 	DATA 	Keypress: 1
74.5274 	DATA 	Keypress: 2
74.5343 	EXP 	New trial (rep=0, index=2): {'NumberLetter': 3, 'corrAns': ['3'], 'StimFile': 'TMTstop-A_1_practicelinestimulus0.png', 'Correct_StimFile': 'TMTstop-A_1_practicegreenlinestimulus0.png', 'False_StimFile': 'TMTstop-A_1_practiceredlinestimulus0.png', 'DurationTrial': 10}
74.6004 	EXP 	Stim_practice: autoDraw = False
74.6004 	EXP 	Stim_practice: image = 'TMTstop-A_1_practicegreenlinestimulus0.png'
74.6004 	EXP 	Stim_practice: image = 'TMTstop-A_1_practicegreenlinestimulus0.png'
74.6004 	EXP 	Stim_practice: autoDraw = True
74.6799 	DATA 	Keypress: 2
76.4101 	EXP 	New trial (rep=0, index=3): {'NumberLetter': 4, 'corrAns': ['1'], 'StimFile': 'TMTstop-A_1_practicelinestimulus1.png', 'Correct_StimFile': 'TMTstop-A_1_practicegreenlinestimulus1.png', 'False_StimFile': 'TMTstop-A_1_practiceredlinestimulus1.png', 'DurationTrial': 10}
76.4730 	DATA 	Keypress: 3
76.4767 	EXP 	Stim_practice: autoDraw = False
76.4767 	EXP 	Stim_practice: image = 'TMTstop-A_1_practicegreenlinestimulus1.png'
76.4767 	EXP 	Stim_practice: image = 'TMTstop-A_1_practicegreenlinestimulus1.png'
76.4767 	EXP 	Stim_practice: autoDraw = True
76.5972 	DATA 	Keypress: 3
119.4706 	DATA 	Keypress: esc
119.6099 	DATA 	Keypress: esc
119.6343 	EXP 	window1: mouseVisible = True
