1.8587 	WARNING 	We strongly recommend you activate the PTB sound engine in PsychoPy prefs as the preferred audio engine. Its timing is vastly superior. Your prefs are currently set to use ['pyo'] (in that order).
5.7769 	EXP 	Created window1 = Window(allowGUI=False, allowStencil=False, autoLog=True, backendConf=UNKNOWN, bitsMode=UNKNOWN, blendMode='avg', bpc=(8, 8, 8), color=array([0, 0, 0]), colorSpace='rgb', depthBits=8, fullscr=<method-wrapper '__getattribute__' of attributeSetter object at 0x000001F15471D9E8>, gamma=None, gammaErrorPolicy='raise', lms=UNKNOWN, monitor=<psychopy.monitors.calibTools.Monitor object at 0x000001F154704CC0>, multiSample=False, name='window1', numSamples=2, pos=[0.0, 0.0], screen=0, size=array([3440, 1440]), stencilBits=0, stereo=False, units='height', useFBO=True, useRetina=False, viewOri=0.0, viewPos=None, viewScale=None, waitBlanking=True, winType='pyglet')
5.7772 	EXP 	window1: mouseVisible = True
5.7772 	EXP 	window1: recordFrameIntervals = False
5.9934 	EXP 	window1: recordFrameIntervals = True
6.1771 	EXP 	window1: recordFrameIntervals = False
6.4580 	EXP 	Created Instruct = ImageStim(__class__=<class 'psychopy.visual.image.ImageStim'>, autoLog=True, color=array([1., 1., 1.]), colorSpace='rgb', contrast=1.0, depth=0.0, flipHoriz=False, flipVert=False, image='InkedInstructBfinal_LI.jpg', interpolate=True, mask=None, maskParams=None, name='Instruct', opacity=1, ori=0.0, pos=array([0., 0.]), size=array([0.8, 0.8]), texRes=128.0, units='height', win=Window(...))
6.5208 	EXP 	Created text_2 = TextStim(__class__=<class 'psychopy.visual.text.TextStim'>, alignHoriz=method-wrapper(...), alignText='center', alignVert=method-wrapper(...), anchorHoriz='center', anchorVert='center', antialias=True, autoLog=True, bold=False, color=array([1., 1., 1.]), colorSpace='rgb', contrast=1.0, depth=-2.0, flipHoriz=False, flipVert=False, font='Open Sans', fontFiles=[], height=0.04, italic=False, languageStyle='LTR', name='text_2', opacity=1, ori=0.5, pos=array([ 0.  , -0.45]), rgb=UNKNOWN, text=str(...), units='height', win=Window(...), wrapWidth=2.0)
6.5264 	EXP 	Created Stim = ImageStim(__class__=<class 'psychopy.visual.image.ImageStim'>, autoLog=True, color=array([1., 1., 1.]), colorSpace='rgb', contrast=1.0, depth=0.0, flipHoriz=False, flipVert=False, image='sin', interpolate=True, mask=None, maskParams=None, name='Stim', opacity=1, ori=0.0, pos=array([0., 0.]), size=array([1.777, 1.   ]), texRes=128.0, units='height', win=Window(...))
6.5479 	EXP 	Created text_3 = TextStim(__class__=<class 'psychopy.visual.text.TextStim'>, alignHoriz=method-wrapper(...), alignText='center', alignVert=method-wrapper(...), anchorHoriz='center', anchorVert='center', antialias=True, autoLog=True, bold=False, color=array([1., 1., 1.]), colorSpace='rgb', contrast=1.0, depth=0.0, flipHoriz=False, flipVert=False, font='Open Sans', fontFiles=[], height=0.1, italic=False, languageStyle='LTR', name='text_3', opacity=1, ori=0.0, pos=array([0., 0.]), rgb=UNKNOWN, text=str(...), units='height', win=Window(...), wrapWidth=1)
6.5764 	EXP 	Created Instruct = ImageStim(__class__=<class 'psychopy.visual.image.ImageStim'>, autoLog=True, color=array([1., 1., 1.]), colorSpace='rgb', contrast=1.0, depth=0.0, flipHoriz=False, flipVert=False, image='InkedInstructBfinal_LI.jpg', interpolate=True, mask=None, maskParams=None, name='Instruct', opacity=1, ori=0.0, pos=array([0., 0.]), size=array([0.8, 0.8]), texRes=128.0, units='height', win=Window(...))
6.5808 	EXP 	Created text_2 = TextStim(__class__=<class 'psychopy.visual.text.TextStim'>, alignHoriz=method-wrapper(...), alignText='center', alignVert=method-wrapper(...), anchorHoriz='center', anchorVert='center', antialias=True, autoLog=True, bold=False, color=array([1., 1., 1.]), colorSpace='rgb', contrast=1.0, depth=-2.0, flipHoriz=False, flipVert=False, font='Open Sans', fontFiles=[], height=0.04, italic=False, languageStyle='LTR', name='text_2', opacity=1, ori=0.5, pos=array([ 0.  , -0.45]), rgb=UNKNOWN, text=str(...), units='height', win=Window(...), wrapWidth=2.0)
6.5874 	EXP 	Created Stim = ImageStim(__class__=<class 'psychopy.visual.image.ImageStim'>, autoLog=True, color=array([1., 1., 1.]), colorSpace='rgb', contrast=1.0, depth=0.0, flipHoriz=False, flipVert=False, image='sin', interpolate=True, mask=None, maskParams=None, name='Stim', opacity=1, ori=0.0, pos=array([0., 0.]), size=array([1.777, 1.   ]), texRes=128.0, units='height', win=Window(...))
6.5970 	EXP 	Created text = TextStim(__class__=<class 'psychopy.visual.text.TextStim'>, alignHoriz=method-wrapper(...), alignText='center', alignVert=method-wrapper(...), anchorHoriz='center', anchorVert='center', antialias=True, autoLog=True, bold=False, color=array([1., 1., 1.]), colorSpace='rgb', contrast=1.0, depth=0.0, flipHoriz=False, flipVert=False, font='Open Sans', fontFiles=[], height=0.1, italic=False, languageStyle='LTR', name='text', opacity=1, ori=0.0, pos=array([0., 0.]), rgb=UNKNOWN, text='Thank you!\n\nYou have finished the task!', units='height', win=Window(...), wrapWidth=1)
6.6721 	EXP 	Instruct: autoDraw = True
6.6721 	EXP 	text_2: autoDraw = True
7.4530 	EXP 	Imported TMTA-1.xlsx as conditions, 12 conditions, 5 params
7.4533 	EXP 	Created sequence: sequential, trialTypes=12, nReps=1, seed=None
7.4535 	EXP 	New trial (rep=0, index=0): {'NumberLetter': 1, 'corrAns': 2, 'StimFile': 'TMT-control.jpg', 'Correct_StimFile': 'TMT-control.jpg', 'False_StimFile': 'TMT-control.jpg'}
7.5351 	DATA 	Keypress: 2
7.5445 	EXP 	Instruct: autoDraw = False
7.5445 	EXP 	text_2: autoDraw = False
7.5445 	EXP 	Stim: image = 'TMT-control.jpg'
7.5445 	EXP 	Stim: autoDraw = True
8.6813 	EXP 	New trial (rep=0, index=1): {'NumberLetter': 'A', 'corrAns': 3, 'StimFile': 'TMT-control.jpg', 'Correct_StimFile': 'TMT-control.jpg', 'False_StimFile': 'TMT-control.jpg'}
8.7017 	DATA 	Keypress: 2
8.7112 	EXP 	Stim: autoDraw = False
8.7112 	EXP 	Stim: image = 'TMT-control.jpg'
8.7112 	EXP 	Stim: autoDraw = True
9.4482 	EXP 	New trial (rep=0, index=2): {'NumberLetter': 2, 'corrAns': 1, 'StimFile': 'TMT-control_linestimulus0.png', 'Correct_StimFile': 'TMT-control_greenlinestimulus0.png', 'False_StimFile': 'TMT-control_redlinestimulus0.png'}
9.4759 	DATA 	Keypress: 3
9.4949 	EXP 	Stim: autoDraw = False
9.4949 	EXP 	Stim: image = 'TMT-control_greenlinestimulus0.png'
9.4949 	EXP 	Stim: autoDraw = True
10.5820 	EXP 	New trial (rep=0, index=3): {'NumberLetter': 'B', 'corrAns': 2, 'StimFile': 'TMT-control_linestimulus1.png', 'Correct_StimFile': 'TMT-control_greenlinestimulus1.png', 'False_StimFile': 'TMT-control_redlinestimulus1.png'}
10.6093 	DATA 	Keypress: 1
10.6290 	EXP 	Stim: autoDraw = False
10.6290 	EXP 	Stim: image = 'TMT-control_greenlinestimulus1.png'
10.6290 	EXP 	Stim: autoDraw = True
11.5993 	EXP 	New trial (rep=0, index=4): {'NumberLetter': 3, 'corrAns': 3, 'StimFile': 'TMT-control_linestimulus2.png', 'Correct_StimFile': 'TMT-control_greenlinestimulus2.png', 'False_StimFile': 'TMT-control_redlinestimulus2.png'}
11.6271 	DATA 	Keypress: 3
11.6460 	EXP 	Stim: autoDraw = False
11.6460 	EXP 	Stim: image = 'TMT-control_greenlinestimulus2.png'
11.6460 	EXP 	Stim: autoDraw = True
12.2826 	EXP 	New trial (rep=0, index=5): {'NumberLetter': 'C', 'corrAns': 2, 'StimFile': 'TMT-control_linestimulus3.png', 'Correct_StimFile': 'TMT-control_greenlinestimulus3.png', 'False_StimFile': 'TMT-control_redlinestimulus3.png'}
12.3121 	DATA 	Keypress: 1
12.3297 	EXP 	Stim: autoDraw = False
12.3297 	EXP 	Stim: image = 'TMT-control_greenlinestimulus3.png'
12.3297 	EXP 	Stim: autoDraw = True
12.7500 	EXP 	New trial (rep=0, index=6): {'NumberLetter': 4, 'corrAns': 1, 'StimFile': 'TMT-control_linestimulus4.png', 'Correct_StimFile': 'TMT-control_greenlinestimulus4.png', 'False_StimFile': 'TMT-control_redlinestimulus4.png'}
12.7774 	DATA 	Keypress: 2
12.7965 	EXP 	Stim: autoDraw = False
12.7965 	EXP 	Stim: image = 'TMT-control_greenlinestimulus4.png'
12.7965 	EXP 	Stim: autoDraw = True
12.9998 	EXP 	New trial (rep=0, index=7): {'NumberLetter': 'D', 'corrAns': 3, 'StimFile': 'TMT-control_linestimulus5.png', 'Correct_StimFile': 'TMT-control_greenlinestimulus5.png', 'False_StimFile': 'TMT-control_redlinestimulus5.png'}
13.0331 	DATA 	Keypress: 3
13.0466 	EXP 	Stim: autoDraw = False
13.0466 	EXP 	Stim: image = 'TMT-control_greenlinestimulus5.png'
13.0466 	EXP 	Stim: autoDraw = True
13.1501 	EXP 	New trial (rep=0, index=8): {'NumberLetter': 5, 'corrAns': 1, 'StimFile': 'TMT-control_linestimulus6.png', 'Correct_StimFile': 'TMT-control_greenlinestimulus6.png', 'False_StimFile': 'TMT-control_redlinestimulus6.png'}
13.1862 	DATA 	Keypress: 1
13.1966 	EXP 	Stim: autoDraw = False
13.1966 	EXP 	Stim: image = 'TMT-control_greenlinestimulus6.png'
13.1966 	EXP 	Stim: autoDraw = True
13.2664 	EXP 	New trial (rep=0, index=9): {'NumberLetter': 'E', 'corrAns': 2, 'StimFile': 'TMT-control_linestimulus7.png', 'Correct_StimFile': 'TMT-control_greenlinestimulus7.png', 'False_StimFile': 'TMT-control_redlinestimulus7.png'}
13.2972 	DATA 	Keypress: 2
13.3133 	EXP 	Stim: autoDraw = False
13.3133 	EXP 	Stim: image = 'TMT-control_greenlinestimulus7.png'
13.3133 	EXP 	Stim: autoDraw = True
13.3830 	EXP 	New trial (rep=0, index=10): {'NumberLetter': 6, 'corrAns': 1, 'StimFile': 'TMT-control_linestimulus8.png', 'Correct_StimFile': 'TMT-control_greenlinestimulus8.png', 'False_StimFile': 'TMT-control_redlinestimulus8.png'}
13.4139 	DATA 	Keypress: 3
13.4301 	EXP 	Stim: autoDraw = False
13.4301 	EXP 	Stim: image = 'TMT-control_greenlinestimulus8.png'
13.4301 	EXP 	Stim: autoDraw = True
13.5499 	EXP 	New trial (rep=0, index=11): {'NumberLetter': 'F', 'corrAns': 2, 'StimFile': 'TMT-control_linestimulus9.png', 'Correct_StimFile': 'TMT-control_greenlinestimulus9.png', 'False_StimFile': 'TMT-control_redlinestimulus9.png'}
13.5795 	DATA 	Keypress: 1
13.5969 	EXP 	Stim: autoDraw = False
13.5969 	EXP 	Stim: image = 'TMT-control_greenlinestimulus9.png'
13.5969 	EXP 	Stim: autoDraw = True
13.6354 	DATA 	Keypress: 2
13.6468 	EXP 	Stim: autoDraw = False
13.6468 	EXP 	text_3: autoDraw = True
13.7018 	DATA 	Keypress: 3
13.7135 	EXP 	text_3: autoDraw = False
13.7135 	EXP 	Instruct: autoDraw = True
13.7135 	EXP 	text_2: autoDraw = True
14.6839 	DATA 	Keypress: escape
14.7061 	EXP 	Imported TMTB-1.xlsx as conditions, 25 conditions, 3 params
14.7063 	EXP 	Created sequence: sequential, trialTypes=25, nReps=1, seed=None
14.7066 	EXP 	New trial (rep=0, index=0): {'NumberLetter': 1, 'corrAns': 3, 'StimFile': 'TMTBD1.bmp'}
14.7474 	EXP 	Instruct: autoDraw = False
14.7474 	EXP 	text_2: autoDraw = False
14.7474 	EXP 	Stim: image = 'TMT-control_greenlinestimulus9.png'
14.7474 	EXP 	Stim: autoDraw = True
15.4338 	DATA 	Keypress: escape
15.6820 	EXP 	window1: mouseVisible = True
