1.6126 	WARNING 	We strongly recommend you activate the PTB sound engine in PsychoPy prefs as the preferred audio engine. Its timing is vastly superior. Your prefs are currently set to use ['pyo'] (in that order).
5.2556 	EXP 	Created window1 = Window(allowGUI=True, allowStencil=False, autoLog=True, backendConf=UNKNOWN, bitsMode=UNKNOWN, blendMode='avg', bpc=(8, 8, 8), color=array([0, 0, 0]), colorSpace='rgb', depthBits=8, fullscr=<method-wrapper '__getattribute__' of attributeSetter object at 0x000001C2F206A278>, gamma=None, gammaErrorPolicy='raise', lms=UNKNOWN, monitor=<psychopy.monitors.calibTools.Monitor object at 0x000001C2F2079550>, multiSample=False, name='window1', numSamples=2, pos=[0.0, 0.0], screen=0, size=array([1920, 1055]), stencilBits=0, stereo=False, units='height', useFBO=True, useRetina=False, viewOri=0.0, viewPos=None, viewScale=None, waitBlanking=True, winType='glfw')
5.2556 	EXP 	window1: mouseVisible = True
5.2557 	EXP 	window1: recordFrameIntervals = False
5.3243 	EXP 	window1: recordFrameIntervals = True
5.4007 	EXP 	window1: recordFrameIntervals = False
5.7206 	EXP 	Created image_2 = ImageStim(__class__=<class 'psychopy.visual.image.ImageStim'>, autoLog=True, color=array([1., 1., 1.]), colorSpace='rgb', contrast=1.0, depth=0.0, flipHoriz=False, flipVert=False, image='Instruktioner TMTstopControl.png', interpolate=True, mask=None, maskParams=None, name='image_2', opacity=1, ori=0.0, pos=array([0., 0.]), size=array([1.28, 0.72]), texRes=128.0, units='height', win=Window(...))
5.7235 	EXP 	Created polygon = ShapeStim(__class__=<class 'psychopy.visual.shape.ShapeStim'>, autoDraw=False, autoLog=True, closeShape=True, color=method-wrapper(...), colorSpace='rgb', contrast=None, depth=0.0, fillColor=array([1, 1, 1]), fillColorSpace='rgb', fillRGB=array([1, 1, 1]), interpolate=True, lineColor=array([1., 1., 1.]), lineColorSpace='rgb', lineRGB=array([1, 1, 1]), lineWidth=1.0, name='polygon', opacity=1, ori=0.0, pos=array([0., 0.]), size=array([0.5, 0.5]), units='height', vertices=ndarray(...), win=Window(...), windingRule=None)
5.7268 	EXP 	Created Stim = ImageStim(__class__=<class 'psychopy.visual.image.ImageStim'>, autoLog=True, color=array([1., 1., 1.]), colorSpace='rgb', contrast=1.0, depth=0.0, flipHoriz=False, flipVert=False, image='sin', interpolate=True, mask=None, maskParams=None, name='Stim', opacity=1, ori=0.0, pos=array([0., 0.]), size=array([1.777, 1.   ]), texRes=128.0, units='height', win=Window(...))
5.7962 	EXP 	Created image_3 = ImageStim(__class__=<class 'psychopy.visual.image.ImageStim'>, autoLog=True, color=array([1., 1., 1.]), colorSpace='rgb', contrast=1.0, depth=0.0, flipHoriz=False, flipVert=False, image='Instruktioner TMTstopA.png', interpolate=True, mask=None, maskParams=None, name='image_3', opacity=1, ori=0.0, pos=array([0., 0.]), size=array([1.28, 0.72]), texRes=128.0, units='height', win=Window(...))
5.7981 	EXP 	Created polygon = ShapeStim(__class__=<class 'psychopy.visual.shape.ShapeStim'>, autoDraw=False, autoLog=True, closeShape=True, color=method-wrapper(...), colorSpace='rgb', contrast=None, depth=0.0, fillColor=array([1, 1, 1]), fillColorSpace='rgb', fillRGB=array([1, 1, 1]), interpolate=True, lineColor=array([1., 1., 1.]), lineColorSpace='rgb', lineRGB=array([1, 1, 1]), lineWidth=1.0, name='polygon', opacity=1, ori=0.0, pos=array([0., 0.]), size=array([0.5, 0.5]), units='height', vertices=ndarray(...), win=Window(...), windingRule=None)
5.8011 	EXP 	Created Stim = ImageStim(__class__=<class 'psychopy.visual.image.ImageStim'>, autoLog=True, color=array([1., 1., 1.]), colorSpace='rgb', contrast=1.0, depth=0.0, flipHoriz=False, flipVert=False, image='sin', interpolate=True, mask=None, maskParams=None, name='Stim', opacity=1, ori=0.0, pos=array([0., 0.]), size=array([1.777, 1.   ]), texRes=128.0, units='height', win=Window(...))
5.8031 	EXP 	Created polygon = ShapeStim(__class__=<class 'psychopy.visual.shape.ShapeStim'>, autoDraw=False, autoLog=True, closeShape=True, color=method-wrapper(...), colorSpace='rgb', contrast=None, depth=0.0, fillColor=array([1, 1, 1]), fillColorSpace='rgb', fillRGB=array([1, 1, 1]), interpolate=True, lineColor=array([1., 1., 1.]), lineColorSpace='rgb', lineRGB=array([1, 1, 1]), lineWidth=1.0, name='polygon', opacity=1, ori=0.0, pos=array([0., 0.]), size=array([0.5, 0.5]), units='height', vertices=ndarray(...), win=Window(...), windingRule=None)
5.8691 	EXP 	Created image_4 = ImageStim(__class__=<class 'psychopy.visual.image.ImageStim'>, autoLog=True, color=array([1., 1., 1.]), colorSpace='rgb', contrast=1.0, depth=0.0, flipHoriz=False, flipVert=False, image='Instruktioner TMTstopB.png', interpolate=True, mask=None, maskParams=None, name='image_4', opacity=1, ori=0.0, pos=array([0., 0.]), size=array([1.28, 0.72]), texRes=128.0, units='height', win=Window(...))
5.8720 	EXP 	Created Stim = ImageStim(__class__=<class 'psychopy.visual.image.ImageStim'>, autoLog=True, color=array([1., 1., 1.]), colorSpace='rgb', contrast=1.0, depth=0.0, flipHoriz=False, flipVert=False, image='sin', interpolate=True, mask=None, maskParams=None, name='Stim', opacity=1, ori=0.0, pos=array([0., 0.]), size=array([1.777, 1.   ]), texRes=128.0, units='height', win=Window(...))
5.8739 	EXP 	Created polygon = ShapeStim(__class__=<class 'psychopy.visual.shape.ShapeStim'>, autoDraw=False, autoLog=True, closeShape=True, color=method-wrapper(...), colorSpace='rgb', contrast=None, depth=0.0, fillColor=array([1, 1, 1]), fillColorSpace='rgb', fillRGB=array([1, 1, 1]), interpolate=True, lineColor=array([1., 1., 1.]), lineColorSpace='rgb', lineRGB=array([1, 1, 1]), lineWidth=1.0, name='polygon', opacity=1, ori=0.0, pos=array([0., 0.]), size=array([0.5, 0.5]), units='height', vertices=ndarray(...), win=Window(...), windingRule=None)
5.9904 	EXP 	Created text = TextStim(__class__=<class 'psychopy.visual.text.TextStim'>, alignHoriz=method-wrapper(...), alignText='center', alignVert=method-wrapper(...), anchorHoriz='center', anchorVert='center', antialias=True, autoLog=True, bold=False, color=array([1., 1., 1.]), colorSpace='rgb', contrast=1.0, depth=0.0, flipHoriz=False, flipVert=False, font='Open Sans', fontFiles=[], height=0.04, italic=False, languageStyle='LTR', name='text', opacity=1, ori=0.0, pos=array([0., 0.]), rgb=UNKNOWN, text=str(...), units='height', win=Window(...), wrapWidth=1)
6.0462 	EXP 	image_2: autoDraw = True
7.3508 	DATA 	Keypress: s
7.3669 	EXP 	image_2: autoDraw = False
7.3669 	EXP 	polygon: autoDraw = True
7.5379 	DATA 	Keypress: s
10.3690 	EXP 	Imported TMTstop-control_1_1.xlsx as conditions, 26 conditions, 6 params
10.3694 	EXP 	Created sequence: sequential, trialTypes=26, nReps=1, seed=None
10.3696 	EXP 	New trial (rep=0, index=0): {'NumberLetter': 1, 'corrAns': ['2'], 'StimFile': 'TMTstop-control_1_1.png', 'Correct_StimFile': 'TMTstop-control_1_1.png', 'False_StimFile': 'TMTstop-control_1_1.png', 'DurationTrial': 10}
10.3699 	WARNING 	Requested image 'TMTstop-control_1_1.png' not found but similar filename 'TMTstop-control_1_1.jpg' exists. This will be used instead but changing the filename is advised.
10.4117 	EXP 	window1: mouseVisible = True
1.6128 	WARNING 	We strongly recommend you activate the PTB sound engine in PsychoPy prefs as the preferred audio engine. Its timing is vastly superior. Your prefs are currently set to use ['pyo'] (in that order).
5.4330 	EXP 	Created window1 = Window(allowGUI=True, allowStencil=False, autoLog=True, backendConf=UNKNOWN, bitsMode=UNKNOWN, blendMode='avg', bpc=(8, 8, 8), color=array([0, 0, 0]), colorSpace='rgb', depthBits=8, fullscr=<method-wrapper '__getattribute__' of attributeSetter object at 0x000001F289F69278>, gamma=None, gammaErrorPolicy='raise', lms=UNKNOWN, monitor=<psychopy.monitors.calibTools.Monitor object at 0x000001F289FBC550>, multiSample=False, name='window1', numSamples=2, pos=[0.0, 0.0], screen=0, size=array([1920, 1055]), stencilBits=0, stereo=False, units='height', useFBO=True, useRetina=False, viewOri=0.0, viewPos=None, viewScale=None, waitBlanking=True, winType='glfw')
5.4331 	EXP 	window1: mouseVisible = True
5.4331 	EXP 	window1: recordFrameIntervals = False
5.5017 	EXP 	window1: recordFrameIntervals = True
5.5781 	EXP 	window1: recordFrameIntervals = False
5.8820 	EXP 	Created image_2 = ImageStim(__class__=<class 'psychopy.visual.image.ImageStim'>, autoLog=True, color=array([1., 1., 1.]), colorSpace='rgb', contrast=1.0, depth=0.0, flipHoriz=False, flipVert=False, image='Instruktioner TMTstopControl.png', interpolate=True, mask=None, maskParams=None, name='image_2', opacity=1, ori=0.0, pos=array([0., 0.]), size=array([1.28, 0.72]), texRes=128.0, units='height', win=Window(...))
5.8847 	EXP 	Created polygon = ShapeStim(__class__=<class 'psychopy.visual.shape.ShapeStim'>, autoDraw=False, autoLog=True, closeShape=True, color=method-wrapper(...), colorSpace='rgb', contrast=None, depth=0.0, fillColor=array([1, 1, 1]), fillColorSpace='rgb', fillRGB=array([1, 1, 1]), interpolate=True, lineColor=array([1., 1., 1.]), lineColorSpace='rgb', lineRGB=array([1, 1, 1]), lineWidth=1.0, name='polygon', opacity=1, ori=0.0, pos=array([0., 0.]), size=array([0.5, 0.5]), units='height', vertices=ndarray(...), win=Window(...), windingRule=None)
5.8877 	EXP 	Created Stim = ImageStim(__class__=<class 'psychopy.visual.image.ImageStim'>, autoLog=True, color=array([1., 1., 1.]), colorSpace='rgb', contrast=1.0, depth=0.0, flipHoriz=False, flipVert=False, image='sin', interpolate=True, mask=None, maskParams=None, name='Stim', opacity=1, ori=0.0, pos=array([0., 0.]), size=array([1.777, 1.   ]), texRes=128.0, units='height', win=Window(...))
5.9452 	EXP 	Created image_3 = ImageStim(__class__=<class 'psychopy.visual.image.ImageStim'>, autoLog=True, color=array([1., 1., 1.]), colorSpace='rgb', contrast=1.0, depth=0.0, flipHoriz=False, flipVert=False, image='Instruktioner TMTstopA.png', interpolate=True, mask=None, maskParams=None, name='image_3', opacity=1, ori=0.0, pos=array([0., 0.]), size=array([1.28, 0.72]), texRes=128.0, units='height', win=Window(...))
5.9471 	EXP 	Created polygon = ShapeStim(__class__=<class 'psychopy.visual.shape.ShapeStim'>, autoDraw=False, autoLog=True, closeShape=True, color=method-wrapper(...), colorSpace='rgb', contrast=None, depth=0.0, fillColor=array([1, 1, 1]), fillColorSpace='rgb', fillRGB=array([1, 1, 1]), interpolate=True, lineColor=array([1., 1., 1.]), lineColorSpace='rgb', lineRGB=array([1, 1, 1]), lineWidth=1.0, name='polygon', opacity=1, ori=0.0, pos=array([0., 0.]), size=array([0.5, 0.5]), units='height', vertices=ndarray(...), win=Window(...), windingRule=None)
5.9501 	EXP 	Created Stim = ImageStim(__class__=<class 'psychopy.visual.image.ImageStim'>, autoLog=True, color=array([1., 1., 1.]), colorSpace='rgb', contrast=1.0, depth=0.0, flipHoriz=False, flipVert=False, image='sin', interpolate=True, mask=None, maskParams=None, name='Stim', opacity=1, ori=0.0, pos=array([0., 0.]), size=array([1.777, 1.   ]), texRes=128.0, units='height', win=Window(...))
5.9520 	EXP 	Created polygon = ShapeStim(__class__=<class 'psychopy.visual.shape.ShapeStim'>, autoDraw=False, autoLog=True, closeShape=True, color=method-wrapper(...), colorSpace='rgb', contrast=None, depth=0.0, fillColor=array([1, 1, 1]), fillColorSpace='rgb', fillRGB=array([1, 1, 1]), interpolate=True, lineColor=array([1., 1., 1.]), lineColorSpace='rgb', lineRGB=array([1, 1, 1]), lineWidth=1.0, name='polygon', opacity=1, ori=0.0, pos=array([0., 0.]), size=array([0.5, 0.5]), units='height', vertices=ndarray(...), win=Window(...), windingRule=None)
6.0157 	EXP 	Created image_4 = ImageStim(__class__=<class 'psychopy.visual.image.ImageStim'>, autoLog=True, color=array([1., 1., 1.]), colorSpace='rgb', contrast=1.0, depth=0.0, flipHoriz=False, flipVert=False, image='Instruktioner TMTstopB.png', interpolate=True, mask=None, maskParams=None, name='image_4', opacity=1, ori=0.0, pos=array([0., 0.]), size=array([1.28, 0.72]), texRes=128.0, units='height', win=Window(...))
6.0188 	EXP 	Created Stim = ImageStim(__class__=<class 'psychopy.visual.image.ImageStim'>, autoLog=True, color=array([1., 1., 1.]), colorSpace='rgb', contrast=1.0, depth=0.0, flipHoriz=False, flipVert=False, image='sin', interpolate=True, mask=None, maskParams=None, name='Stim', opacity=1, ori=0.0, pos=array([0., 0.]), size=array([1.777, 1.   ]), texRes=128.0, units='height', win=Window(...))
6.0207 	EXP 	Created polygon = ShapeStim(__class__=<class 'psychopy.visual.shape.ShapeStim'>, autoDraw=False, autoLog=True, closeShape=True, color=method-wrapper(...), colorSpace='rgb', contrast=None, depth=0.0, fillColor=array([1, 1, 1]), fillColorSpace='rgb', fillRGB=array([1, 1, 1]), interpolate=True, lineColor=array([1., 1., 1.]), lineColorSpace='rgb', lineRGB=array([1, 1, 1]), lineWidth=1.0, name='polygon', opacity=1, ori=0.0, pos=array([0., 0.]), size=array([0.5, 0.5]), units='height', vertices=ndarray(...), win=Window(...), windingRule=None)
6.1330 	EXP 	Created text = TextStim(__class__=<class 'psychopy.visual.text.TextStim'>, alignHoriz=method-wrapper(...), alignText='center', alignVert=method-wrapper(...), anchorHoriz='center', anchorVert='center', antialias=True, autoLog=True, bold=False, color=array([1., 1., 1.]), colorSpace='rgb', contrast=1.0, depth=0.0, flipHoriz=False, flipVert=False, font='Open Sans', fontFiles=[], height=0.04, italic=False, languageStyle='LTR', name='text', opacity=1, ori=0.0, pos=array([0., 0.]), rgb=UNKNOWN, text=str(...), units='height', win=Window(...), wrapWidth=1)
6.1887 	EXP 	image_2: autoDraw = True
6.6661 	DATA 	Keypress: 2
6.6838 	EXP 	image_2: autoDraw = False
6.6838 	EXP 	polygon: autoDraw = True
6.8472 	DATA 	Keypress: 2
9.6852 	EXP 	Imported TMTstop-control_1_1.xlsx as conditions, 26 conditions, 6 params
9.6855 	EXP 	Created sequence: sequential, trialTypes=26, nReps=1, seed=None
9.6857 	EXP 	New trial (rep=0, index=0): {'NumberLetter': 1, 'corrAns': ['2'], 'StimFile': 'TMTstop-control_1_1.png', 'Correct_StimFile': 'TMTstop-control_1_1.png', 'False_StimFile': 'TMTstop-control_1_1.png', 'DurationTrial': 10}
9.6860 	WARNING 	Requested image 'TMTstop-control_1_1.png' not found but similar filename 'TMTstop-control_1_1.jpg' exists. This will be used instead but changing the filename is advised.
9.7246 	EXP 	polygon: autoDraw = False
9.7246 	EXP 	Stim: image = 'TMTstop-control_1_1.png'
9.7246 	EXP 	Stim: autoDraw = True
10.3473 	DATA 	Keypress: 2
10.3556 	EXP 	New trial (rep=0, index=1): {'NumberLetter': 2, 'corrAns': ['1'], 'StimFile': 'TMTstop-control_1_1.png', 'Correct_StimFile': 'TMTstop-control_1_1firstgreen.png', 'False_StimFile': 'TMTstop-control_1_1firstred.png', 'DurationTrial': 10}
10.4265 	EXP 	Stim: autoDraw = False
10.4265 	EXP 	Stim: image = 'TMTstop-control_1_1firstgreen.png'
10.4265 	EXP 	Stim: image = 'TMTstop-control_1_1firstgreen.png'
10.4265 	EXP 	Stim: autoDraw = True
10.5752 	DATA 	Keypress: 2
10.7209 	DATA 	Keypress: 3
10.7662 	EXP 	Stim: image = 'TMTstop-control_1_1firstred.png'
10.8079 	EXP 	Stim: image = 'TMTstop-control_1_1firstred.png'
10.8497 	EXP 	Stim: image = 'TMTstop-control_1_1firstred.png'
10.8911 	EXP 	Stim: image = 'TMTstop-control_1_1firstred.png'
10.9224 	DATA 	Keypress: 1
10.9259 	EXP 	Stim: image = 'TMTstop-control_1_1firstred.png'
10.9301 	EXP 	New trial (rep=0, index=2): {'NumberLetter': 3, 'corrAns': ['2'], 'StimFile': 'TMTstop-control_1_1linestimulus0.png', 'Correct_StimFile': 'TMTstop-control_1_1greenlinestimulus0.png', 'False_StimFile': 'TMTstop-control_1_1redlinestimulus0.png', 'DurationTrial': 10}
10.9919 	DATA 	Keypress: 2
10.9929 	DATA 	Keypress: 3
10.9962 	EXP 	Stim: autoDraw = False
10.9962 	EXP 	Stim: image = 'TMTstop-control_1_1greenlinestimulus0.png'
10.9962 	EXP 	Stim: image = 'TMTstop-control_1_1greenlinestimulus0.png'
10.9962 	EXP 	Stim: autoDraw = True
11.0007 	EXP 	New trial (rep=0, index=3): {'NumberLetter': 4, 'corrAns': ['3'], 'StimFile': 'TMTstop-control_1_1linestimulus1.png', 'Correct_StimFile': 'TMTstop-control_1_1greenlinestimulus1.png', 'False_StimFile': 'TMTstop-control_1_1redlinestimulus1.png', 'DurationTrial': 10}
11.0721 	EXP 	Stim: autoDraw = False
11.0721 	EXP 	Stim: image = 'TMTstop-control_1_1greenlinestimulus1.png'
11.0721 	EXP 	Stim: image = 'TMTstop-control_1_1greenlinestimulus1.png'
11.0721 	EXP 	Stim: autoDraw = True
11.0959 	DATA 	Keypress: 1
11.0961 	DATA 	Keypress: 3
11.1033 	EXP 	New trial (rep=0, index=4): {'NumberLetter': 5, 'corrAns': ['2'], 'StimFile': 'TMTstop-control_1_1linestimulus2.png', 'Correct_StimFile': 'TMTstop-control_1_1greenlinestimulus2.png', 'False_StimFile': 'TMTstop-control_1_1redlinestimulus2.png', 'DurationTrial': 10}
11.1694 	EXP 	Stim: autoDraw = False
11.1694 	EXP 	Stim: image = 'TMTstop-control_1_1greenlinestimulus2.png'
11.1694 	EXP 	Stim: image = 'TMTstop-control_1_1greenlinestimulus2.png'
11.1694 	EXP 	Stim: autoDraw = True
11.1793 	DATA 	Keypress: 2
11.3265 	DATA 	Keypress: 3
11.6037 	EXP 	New trial (rep=0, index=5): {'NumberLetter': 6, 'corrAns': ['1'], 'StimFile': 'TMTstop-control_1_1linestimulus3.png', 'Correct_StimFile': 'TMTstop-control_1_1greenlinestimulus3.png', 'False_StimFile': 'TMTstop-control_1_1redlinestimulus3.png', 'DurationTrial': 10}
11.6723 	DATA 	Keypress: 2
11.6724 	DATA 	Keypress: 1
11.6763 	EXP 	Stim: autoDraw = False
11.6763 	EXP 	Stim: image = 'TMTstop-control_1_1greenlinestimulus3.png'
11.6763 	EXP 	Stim: image = 'TMTstop-control_1_1greenlinestimulus3.png'
11.6763 	EXP 	Stim: autoDraw = True
11.6807 	EXP 	New trial (rep=0, index=6): {'NumberLetter': 7, 'corrAns': ['3'], 'StimFile': 'TMTstop-control_1_1linestimulus4.png', 'Correct_StimFile': 'TMTstop-control_1_1greenlinestimulus4.png', 'False_StimFile': 'TMTstop-control_1_1redlinestimulus4.png', 'DurationTrial': 10}
11.7458 	EXP 	Stim: autoDraw = False
11.7458 	EXP 	Stim: image = 'TMTstop-control_1_1greenlinestimulus4.png'
11.7458 	EXP 	Stim: image = 'TMTstop-control_1_1greenlinestimulus4.png'
11.7458 	EXP 	Stim: autoDraw = True
11.8043 	DATA 	Keypress: 3
11.8109 	EXP 	New trial (rep=0, index=7): {'NumberLetter': 8, 'corrAns': ['2'], 'StimFile': 'TMTstop-control_1_1linestimulus4.png', 'Correct_StimFile': 'TMTstop-control_1_1greenlinestimulus5.png', 'False_StimFile': 'TMTstop-control_1_1redlinestimulus5.png', 'DurationTrial': 10}
11.8744 	DATA 	Keypress: 1
11.8747 	DATA 	Keypress: 2
11.8778 	EXP 	Stim: autoDraw = False
11.8778 	EXP 	Stim: image = 'TMTstop-control_1_1greenlinestimulus5.png'
11.8778 	EXP 	Stim: image = 'TMTstop-control_1_1greenlinestimulus5.png'
11.8778 	EXP 	Stim: autoDraw = True
11.9918 	DATA 	Keypress: 1
11.9956 	EXP 	Stim: image = 'TMTstop-control_1_1redlinestimulus5.png'
12.0334 	DATA 	Keypress: 2
12.0336 	DATA 	Keypress: 3
12.0370 	EXP 	Stim: image = 'TMTstop-control_1_1redlinestimulus5.png'
12.0421 	EXP 	New trial (rep=0, index=8): {'NumberLetter': 9, 'corrAns': ['3'], 'StimFile': 'TMTstop-control_1_1linestimulus6.png', 'Correct_StimFile': 'TMTstop-control_1_1greenlinestimulus6.png', 'False_StimFile': 'TMTstop-control_1_1redlinestimulus6.png', 'DurationTrial': 10}
12.1071 	EXP 	Stim: autoDraw = False
12.1071 	EXP 	Stim: image = 'TMTstop-control_1_1greenlinestimulus6.png'
12.1071 	EXP 	Stim: image = 'TMTstop-control_1_1greenlinestimulus6.png'
12.1071 	EXP 	Stim: autoDraw = True
12.1514 	DATA 	Keypress: 3
12.1584 	EXP 	New trial (rep=0, index=9): {'NumberLetter': 10, 'corrAns': ['2'], 'StimFile': 'TMTstop-control_1_1linestimulus7.png', 'Correct_StimFile': 'TMTstop-control_1_1greenlinestimulus7.png', 'False_StimFile': 'TMTstop-control_1_1redlinestimulus7.png', 'DurationTrial': 10}
12.2210 	DATA 	Keypress: 1
12.2249 	EXP 	Stim: autoDraw = False
12.2249 	EXP 	Stim: image = 'TMTstop-control_1_1greenlinestimulus7.png'
12.2249 	EXP 	Stim: image = 'TMTstop-control_1_1greenlinestimulus7.png'
12.2249 	EXP 	Stim: autoDraw = True
12.2350 	DATA 	Keypress: 2
12.3187 	DATA 	Keypress: 1
12.3598 	DATA 	Keypress: 2
12.3634 	EXP 	Stim: image = 'TMTstop-control_1_1redlinestimulus7.png'
12.3682 	EXP 	New trial (rep=0, index=10): {'NumberLetter': 11, 'corrAns': ['3'], 'StimFile': 'TMTstop-control_1_1linestimulus8.png', 'Correct_StimFile': 'TMTstop-control_1_1greenlinestimulus8.png', 'False_StimFile': 'TMTstop-control_1_1redlinestimulus8.png', 'DurationTrial': 10}
12.4364 	DATA 	Keypress: 3
12.4402 	EXP 	Stim: autoDraw = False
12.4402 	EXP 	Stim: image = 'TMTstop-control_1_1greenlinestimulus8.png'
12.4402 	EXP 	Stim: image = 'TMTstop-control_1_1greenlinestimulus8.png'
12.4402 	EXP 	Stim: autoDraw = True
12.4778 	DATA 	Keypress: 3
12.4846 	EXP 	New trial (rep=0, index=11): {'NumberLetter': 12, 'corrAns': ['1'], 'StimFile': 'TMTstop-control_1_1linestimulus9.png', 'Correct_StimFile': 'TMTstop-control_1_1greenlinestimulus9.png', 'False_StimFile': 'TMTstop-control_1_1redlinestimulus9.png', 'DurationTrial': 10}
12.5473 	DATA 	Keypress: 1
12.5520 	EXP 	Stim: autoDraw = False
12.5520 	EXP 	Stim: image = 'TMTstop-control_1_1greenlinestimulus9.png'
12.5520 	EXP 	Stim: image = 'TMTstop-control_1_1greenlinestimulus9.png'
12.5520 	EXP 	Stim: autoDraw = True
12.5890 	DATA 	Keypress: 2
12.7071 	DATA 	Keypress: 1
12.7138 	EXP 	New trial (rep=0, index=12): {'NumberLetter': 13, 'corrAns': ['3'], 'StimFile': 'TMTstop-control_1_1linestimulus10.png', 'Correct_StimFile': 'TMTstop-control_1_1greenlinestimulus10.png', 'False_StimFile': 'TMTstop-control_1_1redlinestimulus10.png', 'DurationTrial': 1}
12.7765 	DATA 	Keypress: 2
12.7767 	DATA 	Keypress: 3
12.7805 	EXP 	Stim: autoDraw = False
12.7805 	EXP 	Stim: image = 'TMTstop-control_1_1greenlinestimulus10.png'
12.7805 	EXP 	Stim: image = 'TMTstop-control_1_1greenlinestimulus10.png'
12.7805 	EXP 	Stim: autoDraw = True
12.8219 	EXP 	Stim: image = 'TMTstop-control_1_1redlinestimulus10.png'
12.8632 	EXP 	Stim: image = 'TMTstop-control_1_1redlinestimulus10.png'
12.9014 	DATA 	Keypress: 3
12.9051 	EXP 	Stim: image = 'TMTstop-control_1_1redlinestimulus10.png'
12.9098 	EXP 	New trial (rep=0, index=13): {'NumberLetter': 14, 'corrAns': ['1'], 'StimFile': 'TMTstop-control_1_1linestimulus11.png', 'Correct_StimFile': 'TMTstop-control_1_1greenlinestimulus11.png', 'False_StimFile': 'TMTstop-control_1_1redlinestimulus11.png', 'DurationTrial': None}
12.9709 	DATA 	Keypress: 1
12.9710 	DATA 	Keypress: 2
12.9749 	EXP 	Stim: autoDraw = False
12.9749 	EXP 	Stim: image = 'TMTstop-control_1_1greenlinestimulus11.png'
12.9749 	EXP 	Stim: image = 'TMTstop-control_1_1greenlinestimulus11.png'
12.9749 	EXP 	Stim: autoDraw = True
13.0543 	DATA 	Keypress: 1
13.0623 	EXP 	New trial (rep=0, index=14): {'NumberLetter': 15, 'corrAns': ['3'], 'StimFile': 'TMTstop-control_1_1linestimulus12.png', 'Correct_StimFile': 'TMTstop-control_1_1greenlinestimulus12.png', 'False_StimFile': 'TMTstop-control_1_1redlinestimulus12.png', 'DurationTrial': None}
13.1306 	DATA 	Keypress: 2
13.1308 	DATA 	Keypress: 3
13.1347 	EXP 	Stim: autoDraw = False
13.1347 	EXP 	Stim: image = 'TMTstop-control_1_1greenlinestimulus12.png'
13.1347 	EXP 	Stim: image = 'TMTstop-control_1_1greenlinestimulus12.png'
13.1347 	EXP 	Stim: autoDraw = True
13.1758 	EXP 	Stim: image = 'TMTstop-control_1_1redlinestimulus12.png'
13.2175 	EXP 	Stim: image = 'TMTstop-control_1_1redlinestimulus12.png'
13.2556 	DATA 	Keypress: 3
13.2592 	EXP 	Stim: image = 'TMTstop-control_1_1redlinestimulus12.png'
13.2640 	EXP 	New trial (rep=0, index=15): {'NumberLetter': 16, 'corrAns': ['1'], 'StimFile': 'TMTstop-control_1_1linestimulus13.png', 'Correct_StimFile': 'TMTstop-control_1_1greenlinestimulus13.png', 'False_StimFile': 'TMTstop-control_1_1redlinestimulus13.png', 'DurationTrial': None}
13.3252 	DATA 	Keypress: 1
13.3253 	DATA 	Keypress: 2
13.3292 	EXP 	Stim: autoDraw = False
13.3292 	EXP 	Stim: image = 'TMTstop-control_1_1greenlinestimulus13.png'
13.3292 	EXP 	Stim: image = 'TMTstop-control_1_1greenlinestimulus13.png'
13.3292 	EXP 	Stim: autoDraw = True
13.3947 	DATA 	Keypress: 1
13.4023 	EXP 	New trial (rep=0, index=16): {'NumberLetter': 17, 'corrAns': ['2'], 'StimFile': 'TMTstop-control_1_1linestimulus14.png', 'Correct_StimFile': 'TMTstop-control_1_1greenlinestimulus14.png', 'False_StimFile': 'TMTstop-control_1_1redlinestimulus14.png', 'DurationTrial': None}
13.4640 	DATA 	Keypress: 2
13.4641 	DATA 	Keypress: 3
13.4689 	EXP 	Stim: autoDraw = False
13.4689 	EXP 	Stim: image = 'TMTstop-control_1_1greenlinestimulus14.png'
13.4689 	EXP 	Stim: image = 'TMTstop-control_1_1greenlinestimulus14.png'
13.4689 	EXP 	Stim: autoDraw = True
13.4729 	EXP 	New trial (rep=0, index=17): {'NumberLetter': 18, 'corrAns': ['1'], 'StimFile': 'TMTstop-control_1_1linestimulus15.png', 'Correct_StimFile': 'TMTstop-control_1_1greenlinestimulus15.png', 'False_StimFile': 'TMTstop-control_1_1redlinestimulus15.png', 'DurationTrial': None}
13.5375 	EXP 	Stim: autoDraw = False
13.5375 	EXP 	Stim: image = 'TMTstop-control_1_1greenlinestimulus15.png'
13.5375 	EXP 	Stim: image = 'TMTstop-control_1_1greenlinestimulus15.png'
13.5375 	EXP 	Stim: autoDraw = True
13.5890 	DATA 	Keypress: 3
13.6306 	DATA 	Keypress: 1
13.6341 	EXP 	Stim: image = 'TMTstop-control_1_1redlinestimulus15.png'
13.6723 	DATA 	Keypress: 2
13.6774 	EXP 	Stim: image = 'TMTstop-control_1_1redlinestimulus15.png'
13.7174 	EXP 	Stim: image = 'TMTstop-control_1_1redlinestimulus15.png'
13.7556 	DATA 	Keypress: 1
13.7591 	EXP 	Stim: image = 'TMTstop-control_1_1redlinestimulus15.png'
13.7634 	EXP 	New trial (rep=0, index=18): {'NumberLetter': 19, 'corrAns': ['3'], 'StimFile': 'TMTstop-control_1_1linestimulus16.png', 'Correct_StimFile': 'TMTstop-control_1_1greenlinestimulus16.png', 'False_StimFile': 'TMTstop-control_1_1redlinestimulus16.png', 'DurationTrial': None}
13.8250 	DATA 	Keypress: 2
13.8252 	DATA 	Keypress: 3
13.8290 	EXP 	Stim: autoDraw = False
13.8290 	EXP 	Stim: image = 'TMTstop-control_1_1greenlinestimulus16.png'
13.8290 	EXP 	Stim: image = 'TMTstop-control_1_1greenlinestimulus16.png'
13.8290 	EXP 	Stim: autoDraw = True
13.8702 	EXP 	Stim: image = 'TMTstop-control_1_1redlinestimulus16.png'
13.9119 	EXP 	Stim: image = 'TMTstop-control_1_1redlinestimulus16.png'
13.9500 	DATA 	Keypress: 3
13.9536 	EXP 	Stim: image = 'TMTstop-control_1_1redlinestimulus16.png'
13.9584 	EXP 	New trial (rep=0, index=19): {'NumberLetter': 20, 'corrAns': ['1'], 'StimFile': 'TMTstop-control_1_1linestimulus17.png', 'Correct_StimFile': 'TMTstop-control_1_1greenlinestimulus17.png', 'False_StimFile': 'TMTstop-control_1_1redlinestimulus17.png', 'DurationTrial': None}
14.0196 	DATA 	Keypress: 1
14.0197 	DATA 	Keypress: 2
14.0236 	EXP 	Stim: autoDraw = False
14.0236 	EXP 	Stim: image = 'TMTstop-control_1_1greenlinestimulus17.png'
14.0236 	EXP 	Stim: image = 'TMTstop-control_1_1greenlinestimulus17.png'
14.0236 	EXP 	Stim: autoDraw = True
14.0901 	EXP 	New trial (rep=0, index=20): {'NumberLetter': 21, 'corrAns': ['3'], 'StimFile': 'TMTstop-control_1_1linestimulus18.png', 'Correct_StimFile': 'TMTstop-control_1_1greenlinestimulus18.png', 'False_StimFile': 'TMTstop-control_1_1redlinestimulus18.png', 'DurationTrial': None}
14.1515 	DATA 	Keypress: 1
14.1516 	DATA 	Keypress: 2
14.1555 	EXP 	Stim: autoDraw = False
14.1555 	EXP 	Stim: image = 'TMTstop-control_1_1greenlinestimulus18.png'
14.1555 	EXP 	Stim: image = 'TMTstop-control_1_1greenlinestimulus18.png'
14.1555 	EXP 	Stim: autoDraw = True
14.1931 	DATA 	Keypress: 3
14.1967 	EXP 	Stim: image = 'TMTstop-control_1_1redlinestimulus18.png'
14.2383 	EXP 	Stim: image = 'TMTstop-control_1_1redlinestimulus18.png'
14.2764 	DATA 	Keypress: 3
14.2802 	EXP 	Stim: image = 'TMTstop-control_1_1redlinestimulus18.png'
14.2845 	EXP 	New trial (rep=0, index=21): {'NumberLetter': 22, 'corrAns': ['1'], 'StimFile': 'TMTstop-control_1_1linestimulus19.png', 'Correct_StimFile': 'TMTstop-control_1_1greenlinestimulus19.png', 'False_StimFile': 'TMTstop-control_1_1redlinestimulus19.png', 'DurationTrial': None}
14.3459 	DATA 	Keypress: 1
14.3499 	EXP 	Stim: autoDraw = False
14.3499 	EXP 	Stim: image = 'TMTstop-control_1_1greenlinestimulus19.png'
14.3499 	EXP 	Stim: image = 'TMTstop-control_1_1greenlinestimulus19.png'
14.3499 	EXP 	Stim: autoDraw = True
14.3598 	DATA 	Keypress: 2
14.4293 	DATA 	Keypress: 1
14.4372 	EXP 	New trial (rep=0, index=22): {'NumberLetter': 23, 'corrAns': ['3'], 'StimFile': 'TMTstop-control_1_1linestimulus20.png', 'Correct_StimFile': 'TMTstop-control_1_1greenlinestimulus20.png', 'False_StimFile': 'TMTstop-control_1_1redlinestimulus20.png', 'DurationTrial': None}
14.4987 	DATA 	Keypress: 2
14.4990 	DATA 	Keypress: 3
14.5028 	EXP 	Stim: autoDraw = False
14.5028 	EXP 	Stim: image = 'TMTstop-control_1_1greenlinestimulus20.png'
14.5028 	EXP 	Stim: image = 'TMTstop-control_1_1greenlinestimulus20.png'
14.5028 	EXP 	Stim: autoDraw = True
14.5438 	EXP 	Stim: image = 'TMTstop-control_1_1redlinestimulus20.png'
14.5856 	EXP 	Stim: image = 'TMTstop-control_1_1redlinestimulus20.png'
14.6237 	DATA 	Keypress: 3
14.6275 	EXP 	Stim: image = 'TMTstop-control_1_1redlinestimulus20.png'
14.6315 	EXP 	New trial (rep=0, index=23): {'NumberLetter': 24, 'corrAns': ['1'], 'StimFile': 'TMTstop-control_1_1linestimulus21.png', 'Correct_StimFile': 'TMTstop-control_1_1greenlinestimulus21.png', 'False_StimFile': 'TMTstop-control_1_1redlinestimulus21.png', 'DurationTrial': None}
14.6931 	DATA 	Keypress: 1
14.6932 	DATA 	Keypress: 2
14.6971 	EXP 	Stim: autoDraw = False
14.6971 	EXP 	Stim: image = 'TMTstop-control_1_1greenlinestimulus21.png'
14.6971 	EXP 	Stim: image = 'TMTstop-control_1_1greenlinestimulus21.png'
14.6971 	EXP 	Stim: autoDraw = True
14.7626 	DATA 	Keypress: 1
14.7702 	EXP 	New trial (rep=0, index=24): {'NumberLetter': 25, 'corrAns': ['3'], 'StimFile': 'TMTstop-control_1_1linestimulus22.png', 'Correct_StimFile': 'TMTstop-control_1_1greenlinestimulus22.png', 'False_StimFile': 'TMTstop-control_1_1redlinestimulus22.png', 'DurationTrial': None}
14.8320 	DATA 	Keypress: 2
14.8322 	DATA 	Keypress: 3
14.8360 	EXP 	Stim: autoDraw = False
14.8360 	EXP 	Stim: image = 'TMTstop-control_1_1greenlinestimulus22.png'
14.8360 	EXP 	Stim: image = 'TMTstop-control_1_1greenlinestimulus22.png'
14.8360 	EXP 	Stim: autoDraw = True
14.8772 	EXP 	Stim: image = 'TMTstop-control_1_1redlinestimulus22.png'
14.9189 	EXP 	Stim: image = 'TMTstop-control_1_1redlinestimulus22.png'
14.9571 	DATA 	Keypress: 3
14.9606 	EXP 	Stim: image = 'TMTstop-control_1_1redlinestimulus22.png'
14.9645 	EXP 	New trial (rep=0, index=25): {'NumberLetter': None, 'corrAns': None, 'StimFile': 'TMTstop-control_1_1linestimulus23.png', 'Correct_StimFile': 'TMTstop-control_1_1greenlinestimulus23.png', 'False_StimFile': 'TMTstop-control_1_1redlinestimulus23.png', 'DurationTrial': None}
15.0265 	DATA 	Keypress: 1
15.0305 	EXP 	Stim: autoDraw = False
15.0305 	EXP 	Stim: image = 'TMTstop-control_1_1greenlinestimulus23.png'
15.0305 	EXP 	Stim: image = 'TMTstop-control_1_1greenlinestimulus23.png'
15.0305 	EXP 	Stim: autoDraw = True
15.0550 	DATA 	Keypress: 2
15.1237 	DATA 	Keypress: 3
16.0703 	EXP 	Stim: autoDraw = False
16.0703 	EXP 	image_3: autoDraw = True
17.3957 	DATA 	Keypress: 2
17.4097 	EXP 	image_3: autoDraw = False
17.4097 	EXP 	polygon: autoDraw = True
17.6593 	DATA 	Keypress: 2
20.4085 	EXP 	Imported TMTstop-A_1_conditions.xlsx as conditions, 6 conditions, 2 params
20.4091 	EXP 	Created sequence: sequential, trialTypes=6, nReps=1, seed=None
20.4094 	EXP 	New trial (rep=0, index=0): {'Block_file': 'TMTstop-A_1_1.xlsx', 'Condition_rows': '0:26'}
20.5000 	EXP 	Imported TMTstop-A_1_merged.xlsx as conditions, 26 conditions, 9 params
20.5004 	EXP 	Created sequence: sequential, trialTypes=26, nReps=1, seed=None
20.5006 	EXP 	New trial (rep=0, index=0): {'NumberLetter': 1, 'corrAns': ['2'], 'Correct': 2, 'StimFile': 'TMTstop-A_1_1.png', 'Correct_StimFile': 'TMTstop-A_1_1.png', 'False_StimFile': 'TMTstop-A_1_1.png', 'Version': 'TMT_A', 'Block': 1, 'TrialNumber_session': 1}
20.5650 	EXP 	polygon: autoDraw = False
20.5650 	EXP 	Stim: image = 'TMTstop-A_1_1.png'
20.5650 	EXP 	Stim: image = 'TMTstop-A_1_1.png'
20.5650 	EXP 	Stim: autoDraw = True
20.8249 	DATA 	Keypress: esc
21.0604 	EXP 	window1: mouseVisible = True
