1.6586 	WARNING 	We strongly recommend you activate the PTB sound engine in PsychoPy prefs as the preferred audio engine. Its timing is vastly superior. Your prefs are currently set to use ['pyo'] (in that order).
5.6812 	EXP 	Created window1 = Window(allowGUI=True, allowStencil=False, autoLog=True, backendConf=UNKNOWN, bitsMode=UNKNOWN, blendMode='avg', bpc=(8, 8, 8), color=array([0, 0, 0]), colorSpace='rgb', depthBits=8, fullscr=<method-wrapper '__getattribute__' of attributeSetter object at 0x00000247B16E6AC8>, gamma=None, gammaErrorPolicy='raise', lms=UNKNOWN, monitor=<psychopy.monitors.calibTools.Monitor object at 0x00000247B1644DA0>, multiSample=False, name='window1', numSamples=2, pos=[0.0, 0.0], screen=0, size=array([1920, 1055]), stencilBits=0, stereo=False, units='height', useFBO=True, useRetina=False, viewOri=0.0, viewPos=None, viewScale=None, waitBlanking=True, winType='glfw')
5.6813 	EXP 	window1: mouseVisible = True
5.6813 	EXP 	window1: recordFrameIntervals = False
5.7498 	EXP 	window1: recordFrameIntervals = True
5.7650 	WARNING 	t of last frame was 8.70ms (=1/114)
5.8259 	EXP 	window1: recordFrameIntervals = False
6.1618 	EXP 	Created Instruct = ImageStim(__class__=<class 'psychopy.visual.image.ImageStim'>, autoLog=True, color=array([1., 1., 1.]), colorSpace='rgb', contrast=1.0, depth=0.0, flipHoriz=False, flipVert=False, image=str(...), interpolate=True, mask=None, maskParams=None, name='Instruct', opacity=1, ori=0.0, pos=array([0., 0.]), size=array([1.28, 0.72]), texRes=128.0, units='height', win=Window(...))
6.2304 	EXP 	Created image_2 = ImageStim(__class__=<class 'psychopy.visual.image.ImageStim'>, autoLog=True, color=array([1., 1., 1.]), colorSpace='rgb', contrast=1.0, depth=0.0, flipHoriz=False, flipVert=False, image=str(...), interpolate=True, mask=None, maskParams=None, name='image_2', opacity=1, ori=0.0, pos=array([0., 0.]), size=array([1.28, 0.72]), texRes=128.0, units='height', win=Window(...))
6.2330 	EXP 	Created polygon = ShapeStim(__class__=<class 'psychopy.visual.shape.ShapeStim'>, autoDraw=False, autoLog=True, closeShape=True, color=method-wrapper(...), colorSpace='rgb', contrast=None, depth=0.0, fillColor=array([1, 1, 1]), fillColorSpace='rgb', fillRGB=array([1, 1, 1]), interpolate=True, lineColor=array([1., 1., 1.]), lineColorSpace='rgb', lineRGB=array([1, 1, 1]), lineWidth=1.0, name='polygon', opacity=1, ori=0.0, pos=array([0., 0.]), size=array([0.5, 0.5]), units='height', vertices=ndarray(...), win=Window(...), windingRule=None)
6.2362 	EXP 	Created Stim_practice = ImageStim(__class__=<class 'psychopy.visual.image.ImageStim'>, autoLog=True, color=array([1., 1., 1.]), colorSpace='rgb', contrast=1.0, depth=0.0, flipHoriz=False, flipVert=False, image='sin', interpolate=True, mask=None, maskParams=None, name='Stim_practice', opacity=1, ori=0.0, pos=array([0., 0.]), size=array([1.777, 1.   ]), texRes=128.0, units='height', win=Window(...))
6.2957 	EXP 	Created text_5 = TextStim(__class__=<class 'psychopy.visual.text.TextStim'>, alignHoriz=method-wrapper(...), alignText='center', alignVert=method-wrapper(...), anchorHoriz='center', anchorVert='center', antialias=True, autoLog=True, bold=False, color=array([1., 1., 1.]), colorSpace='rgb', contrast=1.0, depth=0.0, flipHoriz=False, flipVert=False, font='Open Sans', fontFiles=[], height=0.03, italic=False, languageStyle='LTR', name='text_5', opacity=1, ori=0.0, pos=array([0., 0.]), rgb=UNKNOWN, text='', units='height', win=Window(...), wrapWidth=1)
6.2976 	EXP 	Created polygon = ShapeStim(__class__=<class 'psychopy.visual.shape.ShapeStim'>, autoDraw=False, autoLog=True, closeShape=True, color=method-wrapper(...), colorSpace='rgb', contrast=None, depth=0.0, fillColor=array([1, 1, 1]), fillColorSpace='rgb', fillRGB=array([1, 1, 1]), interpolate=True, lineColor=array([1., 1., 1.]), lineColorSpace='rgb', lineRGB=array([1, 1, 1]), lineWidth=1.0, name='polygon', opacity=1, ori=0.0, pos=array([0., 0.]), size=array([0.5, 0.5]), units='height', vertices=ndarray(...), win=Window(...), windingRule=None)
6.3014 	EXP 	Created Stim = ImageStim(__class__=<class 'psychopy.visual.image.ImageStim'>, autoLog=True, color=array([1., 1., 1.]), colorSpace='rgb', contrast=1.0, depth=0.0, flipHoriz=False, flipVert=False, image='sin', interpolate=True, mask=None, maskParams=None, name='Stim', opacity=1, ori=0.0, pos=array([0., 0.]), size=array([1.777, 1.   ]), texRes=128.0, units='height', win=Window(...))
6.3032 	EXP 	Created polygon = ShapeStim(__class__=<class 'psychopy.visual.shape.ShapeStim'>, autoDraw=False, autoLog=True, closeShape=True, color=method-wrapper(...), colorSpace='rgb', contrast=None, depth=0.0, fillColor=array([1, 1, 1]), fillColorSpace='rgb', fillRGB=array([1, 1, 1]), interpolate=True, lineColor=array([1., 1., 1.]), lineColorSpace='rgb', lineRGB=array([1, 1, 1]), lineWidth=1.0, name='polygon', opacity=1, ori=0.0, pos=array([0., 0.]), size=array([0.5, 0.5]), units='height', vertices=ndarray(...), win=Window(...), windingRule=None)
6.3624 	EXP 	Created text = TextStim(__class__=<class 'psychopy.visual.text.TextStim'>, alignHoriz=method-wrapper(...), alignText='center', alignVert=method-wrapper(...), anchorHoriz='center', anchorVert='center', antialias=True, autoLog=True, bold=False, color=array([1., 1., 1.]), colorSpace='rgb', contrast=1.0, depth=0.0, flipHoriz=False, flipVert=False, font='Open Sans', fontFiles=[], height=0.04, italic=False, languageStyle='LTR', name='text', opacity=1, ori=0.0, pos=array([0., 0.]), rgb=UNKNOWN, text=str(...), units='height', win=Window(...), wrapWidth=1)
6.4156 	EXP 	Instruct: autoDraw = True
6.9561 	DATA 	Keypress: 2
6.9581 	EXP 	Instruct: autoDraw = False
6.9581 	EXP 	image_2: autoDraw = True
6.9712 	DATA 	Keypress: 1
6.9875 	EXP 	image_2: autoDraw = False
6.9875 	EXP 	polygon: autoDraw = True
7.1226 	DATA 	Keypress: 1
7.2124 	DATA 	Keypress: 2
9.9775 	EXP 	Created sequence: sequential, trialTypes=1, nReps=100, seed=None
9.9781 	EXP 	New trial (rep=0, index=0): None
9.9856 	EXP 	Imported TMTstop-A_1_practice.xlsx as conditions, 13 conditions, 6 params
9.9859 	EXP 	Created sequence: sequential, trialTypes=13, nReps=1, seed=None
9.9861 	EXP 	New trial (rep=0, index=0): {'NumberLetter': 1, 'corrAns': ['1'], 'StimFile': 'TMTstop-A_1_practice.png', 'Correct_StimFile': 'TMTstop-A_1_practice.png', 'False_StimFile': 'TMTstop-A_1_practice.png', 'DurationTrial': 10}
10.0350 	EXP 	polygon: autoDraw = False
10.0350 	EXP 	Stim_practice: image = 'TMTstop-A_1_practice.png'
10.0350 	EXP 	Stim_practice: autoDraw = True
10.3997 	EXP 	New trial (rep=0, index=1): {'NumberLetter': 2, 'corrAns': ['2'], 'StimFile': 'TMTstop-A_1_practice.png', 'Correct_StimFile': 'TMTstop-A_1_practicefirstgreen.png', 'False_StimFile': 'TMTstop-A_1_practicefirstred.png', 'DurationTrial': 10}
10.4756 	DATA 	Keypress: 1
10.4796 	EXP 	Stim_practice: autoDraw = False
10.4796 	EXP 	Stim_practice: image = 'TMTstop-A_1_practicefirstgreen.png'
10.4796 	EXP 	Stim_practice: image = 'TMTstop-A_1_practicefirstgreen.png'
10.4796 	EXP 	Stim_practice: autoDraw = True
10.5659 	DATA 	Keypress: 3
10.5695 	EXP 	Stim_practice: image = 'TMTstop-A_1_practicefirstred.png'
10.6113 	EXP 	Stim_practice: image = 'TMTstop-A_1_practicefirstred.png'
10.6500 	DATA 	Keypress: 1
10.6534 	EXP 	Stim_practice: image = 'TMTstop-A_1_practicefirstred.png'
10.6944 	EXP 	Stim_practice: image = 'TMTstop-A_1_practicefirstred.png'
10.7327 	DATA 	Keypress: 1
10.7363 	EXP 	Stim_practice: image = 'TMTstop-A_1_practicefirstred.png'
10.7779 	EXP 	Stim_practice: image = 'TMTstop-A_1_practicefirstred.png'
10.8158 	DATA 	Keypress: 2
10.8160 	DATA 	Keypress: 3
10.8193 	EXP 	Stim_practice: image = 'TMTstop-A_1_practicefirstred.png'
10.8221 	EXP 	New trial (rep=0, index=2): {'NumberLetter': 3, 'corrAns': ['3'], 'StimFile': 'TMTstop-A_1_practicelinestimulus0.png', 'Correct_StimFile': 'TMTstop-A_1_practicegreenlinestimulus0.png', 'False_StimFile': 'TMTstop-A_1_practiceredlinestimulus0.png', 'DurationTrial': 10}
10.8922 	DATA 	Keypress: 3
10.8961 	EXP 	Stim_practice: autoDraw = False
10.8961 	EXP 	Stim_practice: image = 'TMTstop-A_1_practicegreenlinestimulus0.png'
10.8961 	EXP 	Stim_practice: image = 'TMTstop-A_1_practicegreenlinestimulus0.png'
10.8961 	EXP 	Stim_practice: autoDraw = True
10.9270 	DATA 	Keypress: 1
10.9622 	DATA 	Keypress: 2
11.0323 	DATA 	Keypress: 1
11.0832 	EXP 	Stim_practice: image = 'TMTstop-A_1_practiceredlinestimulus0.png'
11.1214 	DATA 	Keypress: 3
11.1215 	DATA 	Keypress: 2
11.1250 	EXP 	Stim_practice: image = 'TMTstop-A_1_practiceredlinestimulus0.png'
11.1675 	EXP 	Stim_practice: image = 'TMTstop-A_1_practiceredlinestimulus0.png'
11.2056 	DATA 	Keypress: 3
11.2088 	EXP 	Stim_practice: image = 'TMTstop-A_1_practiceredlinestimulus0.png'
11.2118 	EXP 	New trial (rep=0, index=3): {'NumberLetter': 4, 'corrAns': ['1'], 'StimFile': 'TMTstop-A_1_practicelinestimulus1.png', 'Correct_StimFile': 'TMTstop-A_1_practicegreenlinestimulus1.png', 'False_StimFile': 'TMTstop-A_1_practiceredlinestimulus1.png', 'DurationTrial': 10}
11.2743 	DATA 	Keypress: 1
11.2784 	EXP 	Stim_practice: autoDraw = False
11.2784 	EXP 	Stim_practice: image = 'TMTstop-A_1_practicegreenlinestimulus1.png'
11.2784 	EXP 	Stim_practice: image = 'TMTstop-A_1_practicegreenlinestimulus1.png'
11.2784 	EXP 	Stim_practice: autoDraw = True
11.2881 	DATA 	Keypress: 2
11.3370 	DATA 	Keypress: 1
11.3464 	EXP 	New trial (rep=0, index=4): {'NumberLetter': 5, 'corrAns': ['2'], 'StimFile': 'TMTstop-A_1_practicelinestimulus2.png', 'Correct_StimFile': 'TMTstop-A_1_practicegreenlinestimulus2.png', 'False_StimFile': 'TMTstop-A_1_practiceredlinestimulus2.png', 'DurationTrial': 10}
11.4132 	DATA 	Keypress: 3
11.4133 	DATA 	Keypress: 2
11.4205 	EXP 	Stim_practice: autoDraw = False
11.4205 	EXP 	Stim_practice: image = 'TMTstop-A_1_practicegreenlinestimulus2.png'
11.4205 	EXP 	Stim_practice: image = 'TMTstop-A_1_practicegreenlinestimulus2.png'
11.4205 	EXP 	Stim_practice: autoDraw = True
11.5173 	DATA 	Keypress: 3
11.5589 	DATA 	Keypress: 1
11.5631 	EXP 	Stim_practice: image = 'TMTstop-A_1_practiceredlinestimulus2.png'
11.6006 	DATA 	Keypress: 2
11.6041 	EXP 	Stim_practice: image = 'TMTstop-A_1_practiceredlinestimulus2.png'
11.6487 	EXP 	Stim_practice: image = 'TMTstop-A_1_practiceredlinestimulus2.png'
11.6858 	DATA 	Keypress: 1
11.6884 	EXP 	Stim_practice: image = 'TMTstop-A_1_practiceredlinestimulus2.png'
11.7257 	DATA 	Keypress: 3
11.7258 	DATA 	Keypress: 2
11.7293 	EXP 	Stim_practice: image = 'TMTstop-A_1_practiceredlinestimulus2.png'
11.7323 	EXP 	New trial (rep=0, index=5): {'NumberLetter': 6, 'corrAns': ['3'], 'StimFile': 'TMTstop-A_1_practicelinestimulus3.png', 'Correct_StimFile': 'TMTstop-A_1_practicegreenlinestimulus3.png', 'False_StimFile': 'TMTstop-A_1_practiceredlinestimulus3.png', 'DurationTrial': 10}
11.8024 	EXP 	Stim_practice: autoDraw = False
11.8024 	EXP 	Stim_practice: image = 'TMTstop-A_1_practicegreenlinestimulus3.png'
11.8024 	EXP 	Stim_practice: image = 'TMTstop-A_1_practicegreenlinestimulus3.png'
11.8024 	EXP 	Stim_practice: autoDraw = True
11.8103 	DATA 	Keypress: 3
11.8171 	EXP 	New trial (rep=0, index=6): {'NumberLetter': 7, 'corrAns': ['1'], 'StimFile': 'TMTstop-A_1_practicelinestimulus4.png', 'Correct_StimFile': 'TMTstop-A_1_practicegreenlinestimulus4.png', 'False_StimFile': 'TMTstop-A_1_practiceredlinestimulus4.png', 'DurationTrial': 10}
11.8853 	DATA 	Keypress: 1
11.8855 	DATA 	Keypress: 2
11.8893 	EXP 	Stim_practice: autoDraw = False
11.8893 	EXP 	Stim_practice: image = 'TMTstop-A_1_practicegreenlinestimulus4.png'
11.8893 	EXP 	Stim_practice: image = 'TMTstop-A_1_practicegreenlinestimulus4.png'
11.8893 	EXP 	Stim_practice: autoDraw = True
11.9480 	DATA 	Keypress: 1
11.9569 	EXP 	New trial (rep=0, index=7): {'NumberLetter': 8, 'corrAns': ['3'], 'StimFile': 'TMTstop-A_1_practicelinestimulus5.png', 'Correct_StimFile': 'TMTstop-A_1_practicegreenlinestimulus5.png', 'False_StimFile': 'TMTstop-A_1_practiceredlinestimulus5.png', 'DurationTrial': 10}
12.0243 	DATA 	Keypress: 3
12.0313 	EXP 	Stim_practice: autoDraw = False
12.0313 	EXP 	Stim_practice: image = 'TMTstop-A_1_practicegreenlinestimulus5.png'
12.0313 	EXP 	Stim_practice: image = 'TMTstop-A_1_practicegreenlinestimulus5.png'
12.0313 	EXP 	Stim_practice: autoDraw = True
12.0392 	DATA 	Keypress: 2
12.0838 	EXP 	Stim_practice: image = 'TMTstop-A_1_practiceredlinestimulus5.png'
12.1214 	DATA 	Keypress: 3
12.1250 	EXP 	Stim_practice: image = 'TMTstop-A_1_practiceredlinestimulus5.png'
12.1278 	EXP 	New trial (rep=0, index=8): {'NumberLetter': 9, 'corrAns': ['2'], 'StimFile': 'TMTstop-A_1_practicelinestimulus6.png', 'Correct_StimFile': 'TMTstop-A_1_practicegreenlinestimulus6.png', 'False_StimFile': 'TMTstop-A_1_practiceredlinestimulus6.png', 'DurationTrial': 10}
12.1932 	DATA 	Keypress: 1
12.1968 	EXP 	Stim_practice: autoDraw = False
12.1968 	EXP 	Stim_practice: image = 'TMTstop-A_1_practicegreenlinestimulus6.png'
12.1968 	EXP 	Stim_practice: image = 'TMTstop-A_1_practicegreenlinestimulus6.png'
12.1968 	EXP 	Stim_practice: autoDraw = True
12.2187 	DATA 	Keypress: 2
12.2950 	DATA 	Keypress: 1
12.2990 	EXP 	Stim_practice: image = 'TMTstop-A_1_practiceredlinestimulus6.png'
12.3383 	DATA 	Keypress: 3
12.3384 	DATA 	Keypress: 2
12.3413 	EXP 	Stim_practice: image = 'TMTstop-A_1_practiceredlinestimulus6.png'
12.3450 	EXP 	New trial (rep=0, index=9): {'NumberLetter': 10, 'corrAns': ['3'], 'StimFile': 'TMTstop-A_1_practicelinestimulus7.png', 'Correct_StimFile': 'TMTstop-A_1_practicegreenlinestimulus7.png', 'False_StimFile': 'TMTstop-A_1_practiceredlinestimulus7.png', 'DurationTrial': 10}
12.4123 	EXP 	Stim_practice: autoDraw = False
12.4123 	EXP 	Stim_practice: image = 'TMTstop-A_1_practicegreenlinestimulus7.png'
12.4123 	EXP 	Stim_practice: image = 'TMTstop-A_1_practicegreenlinestimulus7.png'
12.4123 	EXP 	Stim_practice: autoDraw = True
12.4264 	EXP 	New trial (rep=0, index=10): {'NumberLetter': 11, 'corrAns': ['1'], 'StimFile': 'TMTstop-A_1_practicelinestimulus8.png', 'Correct_StimFile': 'TMTstop-A_1_practicegreenlinestimulus8.png', 'False_StimFile': 'TMTstop-A_1_practiceredlinestimulus8.png', 'DurationTrial': 10}
12.4895 	DATA 	Keypress: 3
12.4896 	DATA 	Keypress: 1
12.4935 	EXP 	Stim_practice: autoDraw = False
12.4935 	EXP 	Stim_practice: image = 'TMTstop-A_1_practicegreenlinestimulus8.png'
12.4935 	EXP 	Stim_practice: image = 'TMTstop-A_1_practicegreenlinestimulus8.png'
12.4935 	EXP 	Stim_practice: autoDraw = True
12.5382 	DATA 	Keypress: 2
12.5536 	DATA 	Keypress: 1
12.5587 	EXP 	New trial (rep=0, index=11): {'NumberLetter': 12, 'corrAns': ['2'], 'StimFile': 'TMTstop-A_1_practicelinestimulus9.png', 'Correct_StimFile': 'TMTstop-A_1_practicegreenlinestimulus9.png', 'False_StimFile': 'TMTstop-A_1_practiceredlinestimulus9.png', 'DurationTrial': 10}
12.6265 	EXP 	Stim_practice: autoDraw = False
12.6265 	EXP 	Stim_practice: image = 'TMTstop-A_1_practicegreenlinestimulus9.png'
12.6265 	EXP 	Stim_practice: image = 'TMTstop-A_1_practicegreenlinestimulus9.png'
12.6265 	EXP 	Stim_practice: autoDraw = True
12.6494 	DATA 	Keypress: 3
12.6687 	EXP 	New trial (rep=0, index=12): {'NumberLetter': None, 'corrAns': None, 'StimFile': 'TMTstop-A_1_practicelinestimulus10.png', 'Correct_StimFile': 'TMTstop-A_1_practicegreenlinestimulus10.png', 'False_StimFile': 'TMTstop-A_1_practiceredlinestimulus10.png', 'DurationTrial': None}
12.7324 	DATA 	Keypress: 2
12.7364 	EXP 	Stim_practice: autoDraw = False
12.7364 	EXP 	Stim_practice: image = 'TMTstop-A_1_practicegreenlinestimulus10.png'
12.7364 	EXP 	Stim_practice: image = 'TMTstop-A_1_practicegreenlinestimulus10.png'
12.7364 	EXP 	Stim_practice: autoDraw = True
12.7464 	DATA 	Keypress: 3
12.7882 	DATA 	Keypress: 1
12.7939 	EXP 	Stim_practice: image = 'TMTstop-A_1_practiceredlinestimulus10.png'
12.8332 	EXP 	Stim_practice: image = 'TMTstop-A_1_practiceredlinestimulus10.png'
12.8714 	DATA 	Keypress: 2
12.8750 	EXP 	Stim_practice: image = 'TMTstop-A_1_practiceredlinestimulus10.png'
12.9130 	DATA 	Keypress: 1
12.9170 	EXP 	Stim_practice: image = 'TMTstop-A_1_practiceredlinestimulus10.png'
12.9585 	EXP 	Stim_practice: image = 'TMTstop-A_1_practiceredlinestimulus10.png'
12.9963 	DATA 	Keypress: 2
12.9965 	DATA 	Keypress: 3
12.9999 	EXP 	Stim_practice: image = 'TMTstop-A_1_practiceredlinestimulus10.png'
13.0417 	EXP 	Stim_practice: image = 'TMTstop-A_1_practiceredlinestimulus10.png'
13.0797 	DATA 	Keypress: 3
13.0836 	EXP 	Stim_practice: image = 'TMTstop-A_1_practiceredlinestimulus10.png'
13.1213 	DATA 	Keypress: 1
13.1249 	EXP 	Stim_practice: image = 'TMTstop-A_1_practiceredlinestimulus10.png'
13.1667 	EXP 	Stim_practice: image = 'TMTstop-A_1_practiceredlinestimulus10.png'
13.2048 	DATA 	Keypress: 2
13.2094 	EXP 	Stim_practice: image = 'TMTstop-A_1_practiceredlinestimulus10.png'
13.2536 	EXP 	Stim_practice: image = 'TMTstop-A_1_practiceredlinestimulus10.png'
13.2880 	DATA 	Keypress: 3
13.2915 	EXP 	Stim_practice: image = 'TMTstop-A_1_practiceredlinestimulus10.png'
13.3334 	EXP 	Stim_practice: image = 'TMTstop-A_1_practiceredlinestimulus10.png'
13.3748 	EXP 	Stim_practice: image = 'TMTstop-A_1_practiceredlinestimulus10.png'
13.4166 	EXP 	Stim_practice: image = 'TMTstop-A_1_practiceredlinestimulus10.png'
13.4582 	EXP 	Stim_practice: image = 'TMTstop-A_1_practiceredlinestimulus10.png'
13.5009 	EXP 	Stim_practice: image = 'TMTstop-A_1_practiceredlinestimulus10.png'
13.5415 	EXP 	Stim_practice: image = 'TMTstop-A_1_practiceredlinestimulus10.png'
13.5834 	EXP 	Stim_practice: image = 'TMTstop-A_1_practiceredlinestimulus10.png'
13.6259 	EXP 	Stim_practice: image = 'TMTstop-A_1_practiceredlinestimulus10.png'
13.6666 	EXP 	Stim_practice: image = 'TMTstop-A_1_practiceredlinestimulus10.png'
13.7111 	EXP 	Stim_practice: image = 'TMTstop-A_1_practiceredlinestimulus10.png'
13.7499 	EXP 	Stim_practice: image = 'TMTstop-A_1_practiceredlinestimulus10.png'
13.8312 	EXP 	Stim_practice: image = 'TMTstop-A_1_practiceredlinestimulus10.png'
13.8312 	EXP 	Stim_practice: autoDraw = False
13.8312 	EXP 	text_5: text = 'You have finished the practice. If you understood the task correctly please read on, otherwise ask the experiment leader or press X to restart the practice.\n\nFrom here on there will be 25 circles instead of 12. If you finish all circles you will see a white cross for a few seconds then you will get 25 new circles and start again from 1. The experiments will end automatically after three minutes. \n\nPress 1, 2 or 3  to start the experiment.\n\n\n\nDu har slutfört provomgången. Om du förstod uppgiften rätt, läs vidare, annars fråga experimentledaren eller tryck på X för att starta om provomgången.\n\nHärifrån kommer det att finnas 25 circlar istället för 12. Om du slutför alla circlar kommer du att se ett vitt kors i några sekunder, sedan får du 25 nya circlar och börjar om från 1. Experimenten avslutas automatiskt efter tre minuter.\n\nTryck på 1, 2 eller 3 för att starta experimentet.\n\n\n'
13.8312 	EXP 	text_5: autoDraw = True
14.2540 	DATA 	Keypress: 2
14.2694 	EXP 	text_5: autoDraw = False
14.2694 	EXP 	polygon: autoDraw = True
14.4557 	DATA 	Keypress: 2
17.2678 	EXP 	Imported TMTstop-A_1_conditions.xlsx as conditions, 6 conditions, 2 params
17.2683 	EXP 	Created sequence: sequential, trialTypes=6, nReps=1, seed=None
17.2685 	EXP 	New trial (rep=0, index=0): {'Block_file': 'TMTstop-A_1_1.xlsx', 'Condition_rows': '0:26'}
17.3462 	EXP 	Imported TMTstop-A_1_merged.xlsx as conditions, 26 conditions, 8 params
17.3465 	EXP 	Created sequence: sequential, trialTypes=26, nReps=1, seed=None
17.3467 	EXP 	New trial (rep=0, index=0): {'NumberLetter': 1, 'corrAns': ['2'], 'Correct': 2, 'StimFile': 'TMTstop-A_1_1.png', 'Correct_StimFile': 'TMTstop-A_1_1.png', 'False_StimFile': 'TMTstop-A_1_1.png', 'Block': 1, 'TrialNumber_session': 1}
17.3891 	EXP 	polygon: autoDraw = False
17.3891 	EXP 	Stim: image = 'TMTstop-A_1_1.png'
17.3891 	EXP 	Stim: autoDraw = True
17.7537 	DATA 	Keypress: 1
17.8068 	EXP 	Stim: image = 'TMTstop-A_1_1.png'
17.8507 	DATA 	Keypress: 2
17.8547 	EXP 	Stim: image = 'TMTstop-A_1_1.png'
17.8593 	EXP 	New trial (rep=0, index=1): {'NumberLetter': 2, 'corrAns': ['1'], 'Correct': 1, 'StimFile': 'TMTstop-A_1_1.png', 'Correct_StimFile': 'TMTstop-A_1_1firstgreen.png', 'False_StimFile': 'TMTstop-A_1_1firstred.png', 'Block': 1, 'TrialNumber_session': 2}
17.9343 	DATA 	Keypress: 3
17.9395 	EXP 	Stim: autoDraw = False
17.9395 	EXP 	Stim: image = 'TMTstop-A_1_1firstgreen.png'
17.9395 	EXP 	Stim: image = 'TMTstop-A_1_1firstgreen.png'
17.9395 	EXP 	Stim: autoDraw = True
17.9828 	DATA 	Keypress: 1
17.9893 	EXP 	Stim: image = 'TMTstop-A_1_1firstred.png'
18.0313 	DATA 	Keypress: 2
18.0363 	EXP 	Stim: image = 'TMTstop-A_1_1firstred.png'
18.0799 	DATA 	Keypress: 1
18.0853 	EXP 	Stim: image = 'TMTstop-A_1_1firstred.png'
18.0893 	EXP 	New trial (rep=0, index=2): {'NumberLetter': 3, 'corrAns': ['2'], 'Correct': 2, 'StimFile': 'TMTstop-A_1_1linestimulus0.png', 'Correct_StimFile': 'TMTstop-A_1_1greenlinestimulus0.png', 'False_StimFile': 'TMTstop-A_1_1redlinestimulus0.png', 'Block': 1, 'TrialNumber_session': 3}
18.1633 	DATA 	Keypress: 3
18.1635 	DATA 	Keypress: 2
18.1682 	EXP 	Stim: autoDraw = False
18.1682 	EXP 	Stim: image = 'TMTstop-A_1_1greenlinestimulus0.png'
18.1682 	EXP 	Stim: image = 'TMTstop-A_1_1greenlinestimulus0.png'
18.1682 	EXP 	Stim: autoDraw = True
18.1723 	EXP 	New trial (rep=0, index=3): {'NumberLetter': 4, 'corrAns': ['3'], 'Correct': 3, 'StimFile': 'TMTstop-A_1_1linestimulus1.png', 'Correct_StimFile': 'TMTstop-A_1_1greenlinestimulus1.png', 'False_StimFile': 'TMTstop-A_1_1redlinestimulus1.png', 'Block': 1, 'TrialNumber_session': 4}
18.2465 	DATA 	Keypress: 3
18.2468 	DATA 	Keypress: 1
18.2512 	EXP 	Stim: autoDraw = False
18.2512 	EXP 	Stim: image = 'TMTstop-A_1_1greenlinestimulus1.png'
18.2512 	EXP 	Stim: image = 'TMTstop-A_1_1greenlinestimulus1.png'
18.2512 	EXP 	Stim: autoDraw = True
18.2549 	EXP 	New trial (rep=0, index=4): {'NumberLetter': 5, 'corrAns': ['2'], 'Correct': 2, 'StimFile': 'TMTstop-A_1_1linestimulus2.png', 'Correct_StimFile': 'TMTstop-A_1_1greenlinestimulus2.png', 'False_StimFile': 'TMTstop-A_1_1redlinestimulus2.png', 'Block': 1, 'TrialNumber_session': 5}
18.3226 	DATA 	Keypress: 2
18.3227 	DATA 	Keypress: 1
18.3267 	EXP 	Stim: autoDraw = False
18.3267 	EXP 	Stim: image = 'TMTstop-A_1_1greenlinestimulus2.png'
18.3267 	EXP 	Stim: image = 'TMTstop-A_1_1greenlinestimulus2.png'
18.3267 	EXP 	Stim: autoDraw = True
18.3644 	DATA 	Keypress: 2
18.3699 	EXP 	Stim: image = 'TMTstop-A_1_1redlinestimulus2.png'
18.3734 	EXP 	New trial (rep=0, index=5): {'NumberLetter': 6, 'corrAns': ['3'], 'Correct': 3, 'StimFile': 'TMTstop-A_1_1linestimulus3.png', 'Correct_StimFile': 'TMTstop-A_1_1greenlinestimulus3.png', 'False_StimFile': 'TMTstop-A_1_1redlinestimulus3.png', 'Block': 1, 'TrialNumber_session': 6}
18.4411 	DATA 	Keypress: 3
18.4472 	EXP 	Stim: autoDraw = False
18.4472 	EXP 	Stim: image = 'TMTstop-A_1_1greenlinestimulus3.png'
18.4472 	EXP 	Stim: image = 'TMTstop-A_1_1greenlinestimulus3.png'
18.4472 	EXP 	Stim: autoDraw = True
18.4558 	DATA 	Keypress: 3
18.4629 	EXP 	New trial (rep=0, index=6): {'NumberLetter': 7, 'corrAns': ['2'], 'Correct': 2, 'StimFile': 'TMTstop-A_1_1linestimulus4.png', 'Correct_StimFile': 'TMTstop-A_1_1greenlinestimulus4.png', 'False_StimFile': 'TMTstop-A_1_1redlinestimulus4.png', 'Block': 1, 'TrialNumber_session': 7}
18.5242 	DATA 	Keypress: 1
18.5244 	DATA 	Keypress: 2
18.5294 	EXP 	Stim: autoDraw = False
18.5294 	EXP 	Stim: image = 'TMTstop-A_1_1greenlinestimulus4.png'
18.5294 	EXP 	Stim: image = 'TMTstop-A_1_1greenlinestimulus4.png'
18.5294 	EXP 	Stim: autoDraw = True
18.5797 	DATA 	Keypress: 1
18.6250 	EXP 	Stim: image = 'TMTstop-A_1_1redlinestimulus4.png'
18.6629 	DATA 	Keypress: 3
18.6631 	DATA 	Keypress: 2
18.6677 	EXP 	Stim: image = 'TMTstop-A_1_1redlinestimulus4.png'
18.6712 	EXP 	New trial (rep=0, index=7): {'NumberLetter': 8, 'corrAns': ['1'], 'Correct': 1, 'StimFile': 'TMTstop-A_1_1linestimulus5.png', 'Correct_StimFile': 'TMTstop-A_1_1greenlinestimulus5.png', 'False_StimFile': 'TMTstop-A_1_1redlinestimulus5.png', 'Block': 1, 'TrialNumber_session': 8}
18.7393 	DATA 	Keypress: 3
18.7445 	EXP 	Stim: autoDraw = False
18.7445 	EXP 	Stim: image = 'TMTstop-A_1_1greenlinestimulus5.png'
18.7445 	EXP 	Stim: image = 'TMTstop-A_1_1greenlinestimulus5.png'
18.7445 	EXP 	Stim: autoDraw = True
18.7810 	DATA 	Keypress: 1
18.7847 	EXP 	Stim: image = 'TMTstop-A_1_1redlinestimulus5.png'
18.8230 	DATA 	Keypress: 2
18.8319 	EXP 	Stim: image = 'TMTstop-A_1_1redlinestimulus5.png'
18.8712 	DATA 	Keypress: 1
18.8748 	EXP 	Stim: image = 'TMTstop-A_1_1redlinestimulus5.png'
18.8779 	EXP 	New trial (rep=0, index=8): {'NumberLetter': 9, 'corrAns': ['2'], 'Correct': 2, 'StimFile': 'TMTstop-A_1_1linestimulus6.png', 'Correct_StimFile': 'TMTstop-A_1_1greenlinestimulus6.png', 'False_StimFile': 'TMTstop-A_1_1redlinestimulus6.png', 'Block': 1, 'TrialNumber_session': 9}
18.9409 	DATA 	Keypress: 3
18.9439 	DATA 	Keypress: 2
18.9468 	EXP 	Stim: autoDraw = False
18.9468 	EXP 	Stim: image = 'TMTstop-A_1_1greenlinestimulus6.png'
18.9468 	EXP 	Stim: image = 'TMTstop-A_1_1greenlinestimulus6.png'
18.9468 	EXP 	Stim: autoDraw = True
18.9504 	EXP 	New trial (rep=0, index=9): {'NumberLetter': 10, 'corrAns': ['1'], 'Correct': 1, 'StimFile': 'TMTstop-A_1_1linestimulus7.png', 'Correct_StimFile': 'TMTstop-A_1_1greenlinestimulus7.png', 'False_StimFile': 'TMTstop-A_1_1redlinestimulus7.png', 'Block': 1, 'TrialNumber_session': 10}
19.0215 	EXP 	Stim: autoDraw = False
19.0215 	EXP 	Stim: image = 'TMTstop-A_1_1greenlinestimulus7.png'
19.0215 	EXP 	Stim: image = 'TMTstop-A_1_1greenlinestimulus7.png'
19.0215 	EXP 	Stim: autoDraw = True
19.0814 	DATA 	Keypress: 3
19.0818 	DATA 	Keypress: 1
19.0848 	EXP 	Stim: image = 'TMTstop-A_1_1redlinestimulus7.png'
19.1214 	DATA 	Keypress: 2
19.1251 	EXP 	Stim: image = 'TMTstop-A_1_1redlinestimulus7.png'
19.1629 	DATA 	Keypress: 1
19.1664 	EXP 	Stim: image = 'TMTstop-A_1_1redlinestimulus7.png'
19.1694 	EXP 	New trial (rep=0, index=10): {'NumberLetter': 11, 'corrAns': ['2'], 'Correct': 2, 'StimFile': 'TMTstop-A_1_1linestimulus8.png', 'Correct_StimFile': 'TMTstop-A_1_1greenlinestimulus8.png', 'False_StimFile': 'TMTstop-A_1_1redlinestimulus8.png', 'Block': 1, 'TrialNumber_session': 11}
19.2394 	DATA 	Keypress: 3
19.2395 	DATA 	Keypress: 2
19.2434 	EXP 	Stim: autoDraw = False
19.2434 	EXP 	Stim: image = 'TMTstop-A_1_1greenlinestimulus8.png'
19.2434 	EXP 	Stim: image = 'TMTstop-A_1_1greenlinestimulus8.png'
19.2434 	EXP 	Stim: autoDraw = True
19.2474 	EXP 	New trial (rep=0, index=11): {'NumberLetter': 12, 'corrAns': ['3'], 'Correct': 3, 'StimFile': 'TMTstop-A_1_1linestimulus9.png', 'Correct_StimFile': 'TMTstop-A_1_1greenlinestimulus9.png', 'False_StimFile': 'TMTstop-A_1_1redlinestimulus9.png', 'Block': 1, 'TrialNumber_session': 12}
19.3196 	EXP 	Stim: autoDraw = False
19.3196 	EXP 	Stim: image = 'TMTstop-A_1_1greenlinestimulus9.png'
19.3196 	EXP 	Stim: image = 'TMTstop-A_1_1greenlinestimulus9.png'
19.3196 	EXP 	Stim: autoDraw = True
19.3296 	DATA 	Keypress: 3
19.3359 	EXP 	New trial (rep=0, index=12): {'NumberLetter': 13, 'corrAns': ['2'], 'Correct': 2, 'StimFile': 'TMTstop-A_1_1linestimulus10.png', 'Correct_StimFile': 'TMTstop-A_1_1greenlinestimulus10.png', 'False_StimFile': 'TMTstop-A_1_1redlinestimulus10.png', 'Block': 1, 'TrialNumber_session': 13}
19.4061 	DATA 	Keypress: 1
19.4100 	EXP 	Stim: autoDraw = False
19.4100 	EXP 	Stim: image = 'TMTstop-A_1_1greenlinestimulus10.png'
19.4100 	EXP 	Stim: image = 'TMTstop-A_1_1greenlinestimulus10.png'
19.4100 	EXP 	Stim: autoDraw = True
19.4279 	DATA 	Keypress: 2
19.4626 	DATA 	Keypress: 1
19.5068 	EXP 	Stim: image = 'TMTstop-A_1_1redlinestimulus10.png'
19.5449 	DATA 	Keypress: 3
19.5496 	EXP 	Stim: image = 'TMTstop-A_1_1redlinestimulus10.png'
19.5536 	EXP 	New trial (rep=0, index=13): {'NumberLetter': 14, 'corrAns': ['3'], 'Correct': 3, 'StimFile': 'TMTstop-A_1_1linestimulus11.png', 'Correct_StimFile': 'TMTstop-A_1_1greenlinestimulus11.png', 'False_StimFile': 'TMTstop-A_1_1redlinestimulus11.png', 'Block': 1, 'TrialNumber_session': 14}
19.6212 	DATA 	Keypress: 2
19.6253 	EXP 	Stim: autoDraw = False
19.6253 	EXP 	Stim: image = 'TMTstop-A_1_1greenlinestimulus11.png'
19.6253 	EXP 	Stim: image = 'TMTstop-A_1_1greenlinestimulus11.png'
19.6253 	EXP 	Stim: autoDraw = True
19.6292 	EXP 	New trial (rep=0, index=14): {'NumberLetter': 15, 'corrAns': ['1'], 'Correct': 1, 'StimFile': 'TMTstop-A_1_1linestimulus12.png', 'Correct_StimFile': 'TMTstop-A_1_1greenlinestimulus12.png', 'False_StimFile': 'TMTstop-A_1_1redlinestimulus12.png', 'Block': 1, 'TrialNumber_session': 15}
19.6977 	DATA 	Keypress: 3
19.6979 	DATA 	Keypress: 1
19.7017 	EXP 	Stim: autoDraw = False
19.7017 	EXP 	Stim: image = 'TMTstop-A_1_1greenlinestimulus12.png'
19.7017 	EXP 	Stim: image = 'TMTstop-A_1_1greenlinestimulus12.png'
19.7017 	EXP 	Stim: autoDraw = True
19.7195 	DATA 	Keypress: 2
19.7539 	EXP 	New trial (rep=0, index=15): {'NumberLetter': 16, 'corrAns': ['3'], 'Correct': 3, 'StimFile': 'TMTstop-A_1_1linestimulus13.png', 'Correct_StimFile': 'TMTstop-A_1_1greenlinestimulus13.png', 'False_StimFile': 'TMTstop-A_1_1redlinestimulus13.png', 'Block': 1, 'TrialNumber_session': 16}
19.8227 	DATA 	Keypress: 1
19.8229 	DATA 	Keypress: 3
19.8273 	EXP 	Stim: autoDraw = False
19.8273 	EXP 	Stim: image = 'TMTstop-A_1_1greenlinestimulus13.png'
19.8273 	EXP 	Stim: image = 'TMTstop-A_1_1greenlinestimulus13.png'
19.8273 	EXP 	Stim: autoDraw = True
19.8851 	DATA 	Keypress: 2
19.8887 	EXP 	Stim: image = 'TMTstop-A_1_1redlinestimulus13.png'
19.9282 	DATA 	Keypress: 3
19.9317 	EXP 	Stim: image = 'TMTstop-A_1_1redlinestimulus13.png'
19.9359 	EXP 	New trial (rep=0, index=16): {'NumberLetter': 17, 'corrAns': ['2'], 'Correct': 2, 'StimFile': 'TMTstop-A_1_1linestimulus14.png', 'Correct_StimFile': 'TMTstop-A_1_1greenlinestimulus14.png', 'False_StimFile': 'TMTstop-A_1_1redlinestimulus14.png', 'Block': 1, 'TrialNumber_session': 17}
20.0033 	DATA 	Keypress: 1
20.0073 	EXP 	Stim: autoDraw = False
20.0073 	EXP 	Stim: image = 'TMTstop-A_1_1greenlinestimulus14.png'
20.0073 	EXP 	Stim: image = 'TMTstop-A_1_1greenlinestimulus14.png'
20.0073 	EXP 	Stim: autoDraw = True
20.0171 	DATA 	Keypress: 2
20.1004 	DATA 	Keypress: 1
20.1040 	EXP 	Stim: image = 'TMTstop-A_1_1redlinestimulus14.png'
20.1422 	DATA 	Keypress: 3
20.1424 	DATA 	Keypress: 2
20.1458 	EXP 	Stim: image = 'TMTstop-A_1_1redlinestimulus14.png'
20.1493 	EXP 	New trial (rep=0, index=17): {'NumberLetter': 18, 'corrAns': ['3'], 'Correct': 3, 'StimFile': 'TMTstop-A_1_1linestimulus15.png', 'Correct_StimFile': 'TMTstop-A_1_1greenlinestimulus15.png', 'False_StimFile': 'TMTstop-A_1_1redlinestimulus15.png', 'Block': 1, 'TrialNumber_session': 18}
20.2229 	EXP 	Stim: autoDraw = False
20.2229 	EXP 	Stim: image = 'TMTstop-A_1_1greenlinestimulus15.png'
20.2229 	EXP 	Stim: image = 'TMTstop-A_1_1greenlinestimulus15.png'
20.2229 	EXP 	Stim: autoDraw = True
20.2323 	DATA 	Keypress: 3
20.2391 	EXP 	New trial (rep=0, index=18): {'NumberLetter': 19, 'corrAns': ['1'], 'Correct': 1, 'StimFile': 'TMTstop-A_1_1linestimulus16.png', 'Correct_StimFile': 'TMTstop-A_1_1greenlinestimulus16.png', 'False_StimFile': 'TMTstop-A_1_1redlinestimulus16.png', 'Block': 1, 'TrialNumber_session': 19}
20.3088 	DATA 	Keypress: 1
20.3138 	EXP 	Stim: autoDraw = False
20.3138 	EXP 	Stim: image = 'TMTstop-A_1_1greenlinestimulus16.png'
20.3138 	EXP 	Stim: image = 'TMTstop-A_1_1greenlinestimulus16.png'
20.3138 	EXP 	Stim: autoDraw = True
20.3227 	DATA 	Keypress: 2
20.3575 	DATA 	Keypress: 1
20.3635 	EXP 	New trial (rep=0, index=19): {'NumberLetter': 20, 'corrAns': ['3'], 'Correct': 3, 'StimFile': 'TMTstop-A_1_1linestimulus17.png', 'Correct_StimFile': 'TMTstop-A_1_1greenlinestimulus17.png', 'False_StimFile': 'TMTstop-A_1_1redlinestimulus17.png', 'Block': 1, 'TrialNumber_session': 20}
20.4343 	DATA 	Keypress: 2
20.4346 	DATA 	Keypress: 3
20.4385 	EXP 	Stim: autoDraw = False
20.4385 	EXP 	Stim: image = 'TMTstop-A_1_1greenlinestimulus17.png'
20.4385 	EXP 	Stim: image = 'TMTstop-A_1_1greenlinestimulus17.png'
20.4385 	EXP 	Stim: autoDraw = True
20.4859 	EXP 	Stim: image = 'TMTstop-A_1_1redlinestimulus17.png'
20.5309 	DATA 	Keypress: 3
20.5347 	EXP 	Stim: image = 'TMTstop-A_1_1redlinestimulus17.png'
20.5380 	EXP 	New trial (rep=0, index=20): {'NumberLetter': 21, 'corrAns': ['1'], 'Correct': 1, 'StimFile': 'TMTstop-A_1_1linestimulus18.png', 'Correct_StimFile': 'TMTstop-A_1_1greenlinestimulus18.png', 'False_StimFile': 'TMTstop-A_1_1redlinestimulus18.png', 'Block': 1, 'TrialNumber_session': 21}
20.6143 	DATA 	Keypress: 1
20.6145 	DATA 	Keypress: 2
20.6187 	EXP 	Stim: autoDraw = False
20.6187 	EXP 	Stim: image = 'TMTstop-A_1_1greenlinestimulus18.png'
20.6187 	EXP 	Stim: image = 'TMTstop-A_1_1greenlinestimulus18.png'
20.6187 	EXP 	Stim: autoDraw = True
20.6346 	EXP 	New trial (rep=0, index=21): {'NumberLetter': 22, 'corrAns': ['3'], 'Correct': 3, 'StimFile': 'TMTstop-A_1_1linestimulus19.png', 'Correct_StimFile': 'TMTstop-A_1_1greenlinestimulus19.png', 'False_StimFile': 'TMTstop-A_1_1redlinestimulus19.png', 'Block': 1, 'TrialNumber_session': 22}
20.7115 	DATA 	Keypress: 1
20.7118 	DATA 	Keypress: 3
20.7119 	DATA 	Keypress: 2
20.7157 	EXP 	Stim: autoDraw = False
20.7157 	EXP 	Stim: image = 'TMTstop-A_1_1greenlinestimulus19.png'
20.7157 	EXP 	Stim: image = 'TMTstop-A_1_1greenlinestimulus19.png'
20.7157 	EXP 	Stim: autoDraw = True
20.7636 	EXP 	Stim: image = 'TMTstop-A_1_1redlinestimulus19.png'
20.8025 	DATA 	Keypress: 3
20.8065 	EXP 	Stim: image = 'TMTstop-A_1_1redlinestimulus19.png'
20.8103 	EXP 	New trial (rep=0, index=22): {'NumberLetter': 23, 'corrAns': ['1'], 'Correct': 1, 'StimFile': 'TMTstop-A_1_1linestimulus20.png', 'Correct_StimFile': 'TMTstop-A_1_1greenlinestimulus20.png', 'False_StimFile': 'TMTstop-A_1_1redlinestimulus20.png', 'Block': 1, 'TrialNumber_session': 23}
20.8782 	DATA 	Keypress: 1
20.8837 	EXP 	Stim: autoDraw = False
20.8837 	EXP 	Stim: image = 'TMTstop-A_1_1greenlinestimulus20.png'
20.8837 	EXP 	Stim: image = 'TMTstop-A_1_1greenlinestimulus20.png'
20.8837 	EXP 	Stim: autoDraw = True
20.8922 	DATA 	Keypress: 2
20.9268 	DATA 	Keypress: 1
20.9332 	EXP 	New trial (rep=0, index=23): {'NumberLetter': 24, 'corrAns': ['2'], 'Correct': 2, 'StimFile': 'TMTstop-A_1_1linestimulus21.png', 'Correct_StimFile': 'TMTstop-A_1_1greenlinestimulus21.png', 'False_StimFile': 'TMTstop-A_1_1redlinestimulus21.png', 'Block': 1, 'TrialNumber_session': 24}
21.0101 	DATA 	Keypress: 3
21.0102 	DATA 	Keypress: 2
21.0141 	EXP 	Stim: autoDraw = False
21.0141 	EXP 	Stim: image = 'TMTstop-A_1_1greenlinestimulus21.png'
21.0141 	EXP 	Stim: image = 'TMTstop-A_1_1greenlinestimulus21.png'
21.0141 	EXP 	Stim: autoDraw = True
21.0180 	EXP 	New trial (rep=0, index=24): {'NumberLetter': 25, 'corrAns': ['3'], 'Correct': 3, 'StimFile': 'TMTstop-A_1_1linestimulus22.png', 'Correct_StimFile': 'TMTstop-A_1_1greenlinestimulus22.png', 'False_StimFile': 'TMTstop-A_1_1redlinestimulus22.png', 'Block': 1, 'TrialNumber_session': 25}
21.0933 	DATA 	Keypress: 3
21.0979 	EXP 	Stim: autoDraw = False
21.0979 	EXP 	Stim: image = 'TMTstop-A_1_1greenlinestimulus22.png'
21.0979 	EXP 	Stim: image = 'TMTstop-A_1_1greenlinestimulus22.png'
21.0979 	EXP 	Stim: autoDraw = True
21.1019 	EXP 	New trial (rep=0, index=25): {'NumberLetter': None, 'corrAns': None, 'Correct': None, 'StimFile': 'TMTstop-A_1_1linestimulus23.png', 'Correct_StimFile': 'TMTstop-A_1_1greenlinestimulus23.png', 'False_StimFile': 'TMTstop-A_1_1redlinestimulus23.png', 'Block': 1, 'TrialNumber_session': None}
21.1698 	DATA 	Keypress: 1
21.1742 	EXP 	Stim: autoDraw = False
21.1742 	EXP 	Stim: image = 'TMTstop-A_1_1greenlinestimulus23.png'
21.1742 	EXP 	Stim: image = 'TMTstop-A_1_1greenlinestimulus23.png'
21.1742 	EXP 	Stim: autoDraw = True
21.1837 	DATA 	Keypress: 2
21.2323 	DATA 	Keypress: 1
21.2366 	EXP 	Stim: image = 'TMTstop-A_1_1redlinestimulus23.png'
21.2845 	EXP 	Stim: image = 'TMTstop-A_1_1redlinestimulus23.png'
21.3295 	DATA 	Keypress: 3
21.3296 	DATA 	Keypress: 2
21.3330 	EXP 	Stim: image = 'TMTstop-A_1_1redlinestimulus23.png'
21.3748 	EXP 	Stim: image = 'TMTstop-A_1_1redlinestimulus23.png'
21.4200 	DATA 	Keypress: 3
21.4238 	EXP 	Stim: image = 'TMTstop-A_1_1redlinestimulus23.png'
21.4684 	DATA 	Keypress: 1
21.4718 	EXP 	Stim: image = 'TMTstop-A_1_1redlinestimulus23.png'
21.5170 	DATA 	Keypress: 2
21.5172 	DATA 	Keypress: 3
21.5205 	EXP 	Stim: image = 'TMTstop-A_1_1redlinestimulus23.png'
21.5622 	EXP 	Stim: image = 'TMTstop-A_1_1redlinestimulus23.png'
21.6043 	EXP 	Stim: image = 'TMTstop-A_1_1redlinestimulus23.png'
21.6455 	EXP 	Stim: image = 'TMTstop-A_1_1redlinestimulus23.png'
21.6875 	EXP 	Stim: image = 'TMTstop-A_1_1redlinestimulus23.png'
21.7323 	EXP 	Stim: image = 'TMTstop-A_1_1redlinestimulus23.png'
21.7781 	EXP 	Stim: image = 'TMTstop-A_1_1redlinestimulus23.png'
21.8196 	EXP 	Stim: image = 'TMTstop-A_1_1redlinestimulus23.png'
21.8608 	EXP 	Stim: image = 'TMTstop-A_1_1redlinestimulus23.png'
21.9025 	EXP 	Stim: image = 'TMTstop-A_1_1redlinestimulus23.png'
21.9448 	EXP 	Stim: image = 'TMTstop-A_1_1redlinestimulus23.png'
21.9860 	EXP 	Stim: image = 'TMTstop-A_1_1redlinestimulus23.png'
22.0277 	EXP 	Stim: image = 'TMTstop-A_1_1redlinestimulus23.png'
22.0698 	EXP 	Stim: image = 'TMTstop-A_1_1redlinestimulus23.png'
22.1136 	EXP 	Stim: image = 'TMTstop-A_1_1redlinestimulus23.png'
22.1525 	EXP 	Stim: image = 'TMTstop-A_1_1redlinestimulus23.png'
22.1942 	EXP 	Stim: image = 'TMTstop-A_1_1redlinestimulus23.png'
22.2689 	EXP 	Stim: image = 'TMTstop-A_1_1redlinestimulus23.png'
22.2689 	EXP 	Stim: autoDraw = False
22.2689 	EXP 	polygon: autoDraw = True
25.2380 	EXP 	New trial (rep=0, index=1): {'Block_file': 'TMTstop-A_1_2.xlsx', 'Condition_rows': '26:52'}
25.2786 	EXP 	Imported TMTstop-A_1_merged.xlsx as conditions, 26 conditions, 8 params
25.2796 	EXP 	Created sequence: sequential, trialTypes=26, nReps=1, seed=None
25.2798 	EXP 	New trial (rep=0, index=0): {'NumberLetter': 1, 'corrAns': ['3'], 'Correct': 3, 'StimFile': 'TMTstop-A_1_2.png', 'Correct_StimFile': 'TMTstop-A_1_2.png', 'False_StimFile': 'TMTstop-A_1_2.png', 'Block': 2, 'TrialNumber_session': 26}
25.3212 	EXP 	polygon: autoDraw = False
25.3212 	EXP 	Stim: image = 'TMTstop-A_1_2.png'
25.3212 	EXP 	Stim: autoDraw = True
26.1352 	DATA 	Keypress: 2
26.1802 	EXP 	Stim: image = 'TMTstop-A_1_2.png'
26.2218 	EXP 	Stim: image = 'TMTstop-A_1_2.png'
26.2637 	EXP 	Stim: image = 'TMTstop-A_1_2.png'
26.3056 	EXP 	Stim: image = 'TMTstop-A_1_2.png'
26.3467 	EXP 	Stim: image = 'TMTstop-A_1_2.png'
26.3780 	DATA 	Keypress: 2
26.3816 	EXP 	Stim: image = 'TMTstop-A_1_2.png'
26.4231 	EXP 	Stim: image = 'TMTstop-A_1_2.png'
26.4691 	EXP 	Stim: image = 'TMTstop-A_1_2.png'
26.5068 	EXP 	Stim: image = 'TMTstop-A_1_2.png'
26.5487 	EXP 	Stim: image = 'TMTstop-A_1_2.png'
26.5898 	EXP 	Stim: image = 'TMTstop-A_1_2.png'
26.6280 	DATA 	Keypress: 1
26.6321 	EXP 	Stim: image = 'TMTstop-A_1_2.png'
26.6664 	EXP 	Stim: image = 'TMTstop-A_1_2.png'
26.7082 	EXP 	Stim: image = 'TMTstop-A_1_2.png'
26.7495 	EXP 	Stim: image = 'TMTstop-A_1_2.png'
26.7911 	EXP 	Stim: image = 'TMTstop-A_1_2.png'
26.8332 	EXP 	Stim: image = 'TMTstop-A_1_2.png'
26.8710 	DATA 	Keypress: 1
26.8745 	EXP 	Stim: image = 'TMTstop-A_1_2.png'
26.9161 	EXP 	Stim: image = 'TMTstop-A_1_2.png'
26.9578 	EXP 	Stim: image = 'TMTstop-A_1_2.png'
27.0033 	EXP 	Stim: image = 'TMTstop-A_1_2.png'
27.0413 	EXP 	Stim: image = 'TMTstop-A_1_2.png'
27.0794 	DATA 	Keypress: 3
27.0830 	EXP 	Stim: image = 'TMTstop-A_1_2.png'
27.0871 	EXP 	New trial (rep=0, index=1): {'NumberLetter': 2, 'corrAns': ['2'], 'Correct': 2, 'StimFile': 'TMTstop-A_1_2.png', 'Correct_StimFile': 'TMTstop-A_1_2firstgreen.png', 'False_StimFile': 'TMTstop-A_1_2firstred.png', 'Block': 2, 'TrialNumber_session': 27}
27.1557 	EXP 	Stim: autoDraw = False
27.1557 	EXP 	Stim: image = 'TMTstop-A_1_2firstgreen.png'
27.1557 	EXP 	Stim: image = 'TMTstop-A_1_2firstgreen.png'
27.1557 	EXP 	Stim: autoDraw = True
27.2958 	DATA 	Keypress: 3
27.4280 	EXP 	Stim: autoDraw = False
27.4280 	EXP 	polygon: autoDraw = True
27.4974 	DATA 	Keypress: 2
27.6569 	DATA 	Keypress: 2
30.3819 	EXP 	New trial (rep=0, index=2): {'Block_file': 'TMTstop-A_1_3.xlsx', 'Condition_rows': '52:78'}
30.4226 	EXP 	Imported TMTstop-A_1_merged.xlsx as conditions, 26 conditions, 8 params
30.4229 	EXP 	Created sequence: sequential, trialTypes=26, nReps=1, seed=None
30.4232 	EXP 	New trial (rep=0, index=0): {'NumberLetter': 1, 'corrAns': ['2'], 'Correct': 2, 'StimFile': 'TMTstop-A_1_3.png', 'Correct_StimFile': 'TMTstop-A_1_3.png', 'False_StimFile': 'TMTstop-A_1_3.png', 'Block': 3, 'TrialNumber_session': 51}
30.5047 	EXP 	polygon: autoDraw = False
30.5047 	EXP 	Stim: image = 'TMTstop-A_1_3.png'
30.5047 	EXP 	Stim: autoDraw = True
30.5047 	EXP 	Stim: autoDraw = False
30.5047 	EXP 	polygon: autoDraw = True
33.4575 	EXP 	New trial (rep=0, index=3): {'Block_file': 'TMTstop-A_1_4.xlsx', 'Condition_rows': '78:104'}
33.4984 	EXP 	Imported TMTstop-A_1_merged.xlsx as conditions, 26 conditions, 8 params
33.4987 	EXP 	Created sequence: sequential, trialTypes=26, nReps=1, seed=None
33.4990 	EXP 	New trial (rep=0, index=0): {'NumberLetter': 1, 'corrAns': ['3'], 'Correct': 3, 'StimFile': 'TMTstop-A_1_4.png', 'Correct_StimFile': 'TMTstop-A_1_4.png', 'False_StimFile': 'TMTstop-A_1_4.png', 'Block': 4, 'TrialNumber_session': 76}
33.5878 	EXP 	polygon: autoDraw = False
33.5878 	EXP 	Stim: image = 'TMTstop-A_1_4.png'
33.5878 	EXP 	Stim: autoDraw = True
33.5878 	EXP 	Stim: autoDraw = False
33.5878 	EXP 	polygon: autoDraw = True
36.5269 	EXP 	New trial (rep=0, index=4): {'Block_file': 'TMTstop-A_1_5.xlsx', 'Condition_rows': '104:130'}
36.5676 	EXP 	Imported TMTstop-A_1_merged.xlsx as conditions, 26 conditions, 8 params
36.5679 	EXP 	Created sequence: sequential, trialTypes=26, nReps=1, seed=None
36.5681 	EXP 	New trial (rep=0, index=0): {'NumberLetter': 1, 'corrAns': ['2'], 'Correct': 2, 'StimFile': 'TMTstop-A_1_5.png', 'Correct_StimFile': 'TMTstop-A_1_5.png', 'False_StimFile': 'TMTstop-A_1_5.png', 'Block': 5, 'TrialNumber_session': 101}
36.6575 	EXP 	polygon: autoDraw = False
36.6575 	EXP 	Stim: image = 'TMTstop-A_1_5.png'
36.6575 	EXP 	Stim: autoDraw = True
36.6575 	EXP 	Stim: autoDraw = False
36.6575 	EXP 	polygon: autoDraw = True
38.0319 	DATA 	Keypress: esc
38.2850 	EXP 	window1: mouseVisible = True
