1.6695 	WARNING 	We strongly recommend you activate the PTB sound engine in PsychoPy prefs as the preferred audio engine. Its timing is vastly superior. Your prefs are currently set to use ['pyo'] (in that order).
25.9130 	EXP 	Created window1 = Window(allowGUI=True, allowStencil=False, autoLog=True, backendConf=UNKNOWN, bitsMode=UNKNOWN, blendMode='avg', bpc=(8, 8, 8), color=array([0, 0, 0]), colorSpace='rgb', depthBits=8, fullscr=<method-wrapper '__getattribute__' of attributeSetter object at 0x000001D983724E48>, gamma=None, gammaErrorPolicy='raise', lms=UNKNOWN, monitor=<psychopy.monitors.calibTools.Monitor object at 0x000001D98370B160>, multiSample=False, name='window1', numSamples=2, pos=[0.0, 0.0], screen=0, size=array([1920, 1055]), stencilBits=0, stereo=False, units='height', useFBO=True, useRetina=False, viewOri=0.0, viewPos=None, viewScale=None, waitBlanking=True, winType='glfw')
25.9131 	EXP 	window1: mouseVisible = True
25.9131 	EXP 	window1: recordFrameIntervals = False
25.9817 	EXP 	window1: recordFrameIntervals = True
26.0584 	EXP 	window1: recordFrameIntervals = False
26.4025 	EXP 	Created image_2 = ImageStim(__class__=<class 'psychopy.visual.image.ImageStim'>, autoLog=True, color=array([1., 1., 1.]), colorSpace='rgb', contrast=1.0, depth=0.0, flipHoriz=False, flipVert=False, image='Instruktioner TMTstopA.png', interpolate=True, mask=None, maskParams=None, name='image_2', opacity=1, ori=0.0, pos=array([0., 0.]), size=array([1.28, 0.72]), texRes=128.0, units='height', win=Window(...))
26.4054 	EXP 	Created polygon = ShapeStim(__class__=<class 'psychopy.visual.shape.ShapeStim'>, autoDraw=False, autoLog=True, closeShape=True, color=method-wrapper(...), colorSpace='rgb', contrast=None, depth=0.0, fillColor=array([1, 1, 1]), fillColorSpace='rgb', fillRGB=array([1, 1, 1]), interpolate=True, lineColor=array([1., 1., 1.]), lineColorSpace='rgb', lineRGB=array([1, 1, 1]), lineWidth=1.0, name='polygon', opacity=1, ori=0.0, pos=array([0., 0.]), size=array([0.5, 0.5]), units='height', vertices=ndarray(...), win=Window(...), windingRule=None)
26.4089 	EXP 	Created Stim = ImageStim(__class__=<class 'psychopy.visual.image.ImageStim'>, autoLog=True, color=array([1., 1., 1.]), colorSpace='rgb', contrast=1.0, depth=0.0, flipHoriz=False, flipVert=False, image='sin', interpolate=True, mask=None, maskParams=None, name='Stim', opacity=1, ori=0.0, pos=array([0., 0.]), size=array([1.777, 1.   ]), texRes=128.0, units='height', win=Window(...))
26.4852 	EXP 	Created image_3 = ImageStim(__class__=<class 'psychopy.visual.image.ImageStim'>, autoLog=True, color=array([1., 1., 1.]), colorSpace='rgb', contrast=1.0, depth=0.0, flipHoriz=False, flipVert=False, image='Instruktioner TMTstopA.png', interpolate=True, mask=None, maskParams=None, name='image_3', opacity=1, ori=0.0, pos=array([0., 0.]), size=array([1.28, 0.72]), texRes=128.0, units='height', win=Window(...))
26.4871 	EXP 	Created polygon = ShapeStim(__class__=<class 'psychopy.visual.shape.ShapeStim'>, autoDraw=False, autoLog=True, closeShape=True, color=method-wrapper(...), colorSpace='rgb', contrast=None, depth=0.0, fillColor=array([1, 1, 1]), fillColorSpace='rgb', fillRGB=array([1, 1, 1]), interpolate=True, lineColor=array([1., 1., 1.]), lineColorSpace='rgb', lineRGB=array([1, 1, 1]), lineWidth=1.0, name='polygon', opacity=1, ori=0.0, pos=array([0., 0.]), size=array([0.5, 0.5]), units='height', vertices=ndarray(...), win=Window(...), windingRule=None)
26.4905 	EXP 	Created Stim = ImageStim(__class__=<class 'psychopy.visual.image.ImageStim'>, autoLog=True, color=array([1., 1., 1.]), colorSpace='rgb', contrast=1.0, depth=0.0, flipHoriz=False, flipVert=False, image='sin', interpolate=True, mask=None, maskParams=None, name='Stim', opacity=1, ori=0.0, pos=array([0., 0.]), size=array([1.777, 1.   ]), texRes=128.0, units='height', win=Window(...))
26.5703 	EXP 	Created image_4 = ImageStim(__class__=<class 'psychopy.visual.image.ImageStim'>, autoLog=True, color=array([1., 1., 1.]), colorSpace='rgb', contrast=1.0, depth=0.0, flipHoriz=False, flipVert=False, image='Instruktioner TMTstopB.png', interpolate=True, mask=None, maskParams=None, name='image_4', opacity=1, ori=0.0, pos=array([0., 0.]), size=array([1.28, 0.72]), texRes=128.0, units='height', win=Window(...))
26.5721 	EXP 	Created polygon = ShapeStim(__class__=<class 'psychopy.visual.shape.ShapeStim'>, autoDraw=False, autoLog=True, closeShape=True, color=method-wrapper(...), colorSpace='rgb', contrast=None, depth=0.0, fillColor=array([1, 1, 1]), fillColorSpace='rgb', fillRGB=array([1, 1, 1]), interpolate=True, lineColor=array([1., 1., 1.]), lineColorSpace='rgb', lineRGB=array([1, 1, 1]), lineWidth=1.0, name='polygon', opacity=1, ori=0.0, pos=array([0., 0.]), size=array([0.5, 0.5]), units='height', vertices=ndarray(...), win=Window(...), windingRule=None)
26.5755 	EXP 	Created Stim = ImageStim(__class__=<class 'psychopy.visual.image.ImageStim'>, autoLog=True, color=array([1., 1., 1.]), colorSpace='rgb', contrast=1.0, depth=0.0, flipHoriz=False, flipVert=False, image='sin', interpolate=True, mask=None, maskParams=None, name='Stim', opacity=1, ori=0.0, pos=array([0., 0.]), size=array([1.777, 1.   ]), texRes=128.0, units='height', win=Window(...))
26.6877 	EXP 	Created text = TextStim(__class__=<class 'psychopy.visual.text.TextStim'>, alignHoriz=method-wrapper(...), alignText='center', alignVert=method-wrapper(...), anchorHoriz='center', anchorVert='center', antialias=True, autoLog=True, bold=False, color=array([1., 1., 1.]), colorSpace='rgb', contrast=1.0, depth=0.0, flipHoriz=False, flipVert=False, font='Open Sans', fontFiles=[], height=0.04, italic=False, languageStyle='LTR', name='text', opacity=1, ori=0.0, pos=array([0., 0.]), rgb=UNKNOWN, text=str(...), units='height', win=Window(...), wrapWidth=1)
26.7457 	EXP 	image_2: autoDraw = True
38.5968 	DATA 	Keypress: 2
38.6143 	EXP 	image_2: autoDraw = False
38.6143 	EXP 	polygon: autoDraw = True
38.7704 	DATA 	Keypress: 2
41.6176 	EXP 	Imported TMTstop-control_1_practice.xlsx as conditions, 26 conditions, 7 params
41.6180 	EXP 	Created sequence: sequential, trialTypes=26, nReps=1, seed=None
41.6182 	EXP 	New trial (rep=0, index=0): {'NumberLetter': 1, 'corrAns': ['2'], 'Correct': 2, 'StimFile': 'TMTstop-control_1_p.png', 'Correct_StimFile': 'TMTstop-control_1_p.png', 'False_StimFile': 'TMTstop-control_1_p.png', 'DurationTrial': 10}
41.6185 	WARNING 	Requested image 'TMTstop-control_1_p.png' not found but similar filename 'TMTstop-control_1_p.jpg' exists. This will be used instead but changing the filename is advised.
41.6700 	EXP 	polygon: autoDraw = False
41.6700 	EXP 	Stim: image = 'TMTstop-control_1_p.png'
41.6700 	EXP 	Stim: autoDraw = True
42.9108 	EXP 	New trial (rep=0, index=1): {'NumberLetter': 2, 'corrAns': ['1'], 'Correct': 1, 'StimFile': 'TMTstop-control_1_p.png', 'Correct_StimFile': 'TMTstop-control_1_pfirstgreen.png', 'False_StimFile': 'TMTstop-control_1_pfirstred.png', 'DurationTrial': 10}
42.9922 	DATA 	Keypress: 2
42.9965 	EXP 	Stim: autoDraw = False
42.9965 	EXP 	Stim: image = 'TMTstop-control_1_pfirstgreen.png'
42.9965 	EXP 	Stim: image = 'TMTstop-control_1_pfirstgreen.png'
42.9965 	EXP 	Stim: autoDraw = True
43.1175 	DATA 	Keypress: 2
43.7705 	DATA 	Keypress: 3
43.7742 	EXP 	Stim: image = 'TMTstop-control_1_pfirstred.png'
43.8159 	EXP 	Stim: image = 'TMTstop-control_1_pfirstred.png'
43.8575 	EXP 	Stim: image = 'TMTstop-control_1_pfirstred.png'
43.8990 	EXP 	Stim: image = 'TMTstop-control_1_pfirstred.png'
43.9367 	DATA 	Keypress: 3
43.9406 	EXP 	Stim: image = 'TMTstop-control_1_pfirstred.png'
43.9824 	EXP 	Stim: image = 'TMTstop-control_1_pfirstred.png'
44.0242 	EXP 	Stim: image = 'TMTstop-control_1_pfirstred.png'
44.0656 	EXP 	Stim: image = 'TMTstop-control_1_pfirstred.png'
44.1074 	EXP 	Stim: image = 'TMTstop-control_1_pfirstred.png'
44.1491 	EXP 	Stim: image = 'TMTstop-control_1_pfirstred.png'
44.1906 	EXP 	Stim: image = 'TMTstop-control_1_pfirstred.png'
44.2324 	EXP 	Stim: image = 'TMTstop-control_1_pfirstred.png'
44.2739 	EXP 	Stim: image = 'TMTstop-control_1_pfirstred.png'
44.3155 	EXP 	Stim: image = 'TMTstop-control_1_pfirstred.png'
44.3575 	EXP 	Stim: image = 'TMTstop-control_1_pfirstred.png'
44.3990 	EXP 	Stim: image = 'TMTstop-control_1_pfirstred.png'
44.4406 	EXP 	Stim: image = 'TMTstop-control_1_pfirstred.png'
44.4824 	EXP 	Stim: image = 'TMTstop-control_1_pfirstred.png'
44.5240 	EXP 	Stim: image = 'TMTstop-control_1_pfirstred.png'
44.5287 	EXP 	New trial (rep=0, index=2): {'NumberLetter': 3, 'corrAns': ['3'], 'Correct': 3, 'StimFile': 'TMTstop-control_1_plinestimulus0.png', 'Correct_StimFile': 'TMTstop-control_1_pgreenlinestimulus0.png', 'False_StimFile': 'TMTstop-control_1_predlinestimulus0.png', 'DurationTrial': 10}
44.6105 	DATA 	Keypress: 1
44.6107 	DATA 	Keypress: 2
44.6145 	EXP 	Stim: autoDraw = False
44.6145 	EXP 	Stim: image = 'TMTstop-control_1_pgreenlinestimulus0.png'
44.6145 	EXP 	Stim: image = 'TMTstop-control_1_pgreenlinestimulus0.png'
44.6145 	EXP 	Stim: autoDraw = True
44.6559 	EXP 	Stim: image = 'TMTstop-control_1_predlinestimulus0.png'
44.6936 	DATA 	Keypress: 2
44.6973 	EXP 	Stim: image = 'TMTstop-control_1_predlinestimulus0.png'
44.7394 	EXP 	Stim: image = 'TMTstop-control_1_predlinestimulus0.png'
44.7769 	DATA 	Keypress: 1
44.7805 	EXP 	Stim: image = 'TMTstop-control_1_predlinestimulus0.png'
44.8224 	EXP 	Stim: image = 'TMTstop-control_1_predlinestimulus0.png'
44.8643 	EXP 	Stim: image = 'TMTstop-control_1_predlinestimulus0.png'
44.9060 	EXP 	Stim: image = 'TMTstop-control_1_predlinestimulus0.png'
44.9474 	EXP 	Stim: image = 'TMTstop-control_1_predlinestimulus0.png'
44.9893 	EXP 	Stim: image = 'TMTstop-control_1_predlinestimulus0.png'
45.0310 	EXP 	Stim: image = 'TMTstop-control_1_predlinestimulus0.png'
45.0729 	EXP 	Stim: image = 'TMTstop-control_1_predlinestimulus0.png'
45.1142 	EXP 	Stim: image = 'TMTstop-control_1_predlinestimulus0.png'
45.1558 	EXP 	Stim: image = 'TMTstop-control_1_predlinestimulus0.png'
45.1975 	EXP 	Stim: image = 'TMTstop-control_1_predlinestimulus0.png'
45.2392 	EXP 	Stim: image = 'TMTstop-control_1_predlinestimulus0.png'
45.2808 	EXP 	Stim: image = 'TMTstop-control_1_predlinestimulus0.png'
45.3186 	DATA 	Keypress: 1
45.3225 	EXP 	Stim: image = 'TMTstop-control_1_predlinestimulus0.png'
45.3604 	DATA 	Keypress: 2
45.3641 	EXP 	Stim: image = 'TMTstop-control_1_predlinestimulus0.png'
45.4058 	EXP 	Stim: image = 'TMTstop-control_1_predlinestimulus0.png'
45.4474 	EXP 	Stim: image = 'TMTstop-control_1_predlinestimulus0.png'
45.4856 	DATA 	Keypress: 3
45.4895 	EXP 	Stim: image = 'TMTstop-control_1_predlinestimulus0.png'
45.4943 	EXP 	New trial (rep=0, index=3): {'NumberLetter': 4, 'corrAns': ['1'], 'Correct': 1, 'StimFile': 'TMTstop-control_1_plinestimulus1.png', 'Correct_StimFile': 'TMTstop-control_1_pgreenlinestimulus1.png', 'False_StimFile': 'TMTstop-control_1_predlinestimulus1.png', 'DurationTrial': 10}
45.5548 	DATA 	Keypress: 1
45.5549 	DATA 	Keypress: 2
45.5590 	EXP 	Stim: autoDraw = False
45.5590 	EXP 	Stim: image = 'TMTstop-control_1_pgreenlinestimulus1.png'
45.5590 	EXP 	Stim: image = 'TMTstop-control_1_pgreenlinestimulus1.png'
45.5590 	EXP 	Stim: autoDraw = True
45.6799 	DATA 	Keypress: 3
45.9789 	DATA 	Keypress: 2
45.9790 	DATA 	Keypress: 1
45.9825 	EXP 	Stim: image = 'TMTstop-control_1_predlinestimulus1.png'
45.9873 	EXP 	New trial (rep=0, index=4): {'NumberLetter': 5, 'corrAns': ['3'], 'Correct': 3, 'StimFile': 'TMTstop-control_1_plinestimulus2.png', 'Correct_StimFile': 'TMTstop-control_1_pgreenlinestimulus2.png', 'False_StimFile': 'TMTstop-control_1_predlinestimulus2.png', 'DurationTrial': 10}
46.0593 	EXP 	Stim: autoDraw = False
46.0593 	EXP 	Stim: image = 'TMTstop-control_1_pgreenlinestimulus2.png'
46.0593 	EXP 	Stim: image = 'TMTstop-control_1_pgreenlinestimulus2.png'
46.0593 	EXP 	Stim: autoDraw = True
46.1385 	DATA 	Keypress: 1
46.1521 	DATA 	Keypress: 3
46.1608 	EXP 	New trial (rep=0, index=5): {'NumberLetter': 6, 'corrAns': ['1'], 'Correct': 1, 'StimFile': 'TMTstop-control_1_plinestimulus3.png', 'Correct_StimFile': 'TMTstop-control_1_pgreenlinestimulus3.png', 'False_StimFile': 'TMTstop-control_1_predlinestimulus3.png', 'DurationTrial': 10}
46.2218 	DATA 	Keypress: 2
46.2259 	EXP 	Stim: autoDraw = False
46.2259 	EXP 	Stim: image = 'TMTstop-control_1_pgreenlinestimulus3.png'
46.2259 	EXP 	Stim: image = 'TMTstop-control_1_pgreenlinestimulus3.png'
46.2259 	EXP 	Stim: autoDraw = True
46.4021 	DATA 	Keypress: 3
46.5063 	DATA 	Keypress: 3
46.5519 	EXP 	Stim: image = 'TMTstop-control_1_predlinestimulus3.png'
46.5937 	EXP 	Stim: image = 'TMTstop-control_1_predlinestimulus3.png'
46.6353 	EXP 	Stim: image = 'TMTstop-control_1_predlinestimulus3.png'
46.6768 	EXP 	Stim: image = 'TMTstop-control_1_predlinestimulus3.png'
46.7148 	DATA 	Keypress: 1
46.7187 	EXP 	Stim: image = 'TMTstop-control_1_predlinestimulus3.png'
46.7229 	EXP 	New trial (rep=0, index=6): {'NumberLetter': 7, 'corrAns': ['3'], 'Correct': 3, 'StimFile': 'TMTstop-control_1_plinestimulus4.png', 'Correct_StimFile': 'TMTstop-control_1_pgreenlinestimulus4.png', 'False_StimFile': 'TMTstop-control_1_predlinestimulus4.png', 'DurationTrial': 10}
46.7841 	DATA 	Keypress: 3
46.7842 	DATA 	Keypress: 2
46.7883 	EXP 	Stim: autoDraw = False
46.7883 	EXP 	Stim: image = 'TMTstop-control_1_pgreenlinestimulus4.png'
46.7883 	EXP 	Stim: image = 'TMTstop-control_1_pgreenlinestimulus4.png'
46.7883 	EXP 	Stim: autoDraw = True
46.8299 	EXP 	Stim: image = 'TMTstop-control_1_predlinestimulus4.png'
46.8716 	EXP 	Stim: image = 'TMTstop-control_1_predlinestimulus4.png'
46.8762 	EXP 	New trial (rep=0, index=7): {'NumberLetter': 8, 'corrAns': ['1'], 'Correct': 1, 'StimFile': 'TMTstop-control_1_plinestimulus4.png', 'Correct_StimFile': 'TMTstop-control_1_pgreenlinestimulus5.png', 'False_StimFile': 'TMTstop-control_1_predlinestimulus5.png', 'DurationTrial': 10}
46.9368 	DATA 	Keypress: 3
46.9370 	DATA 	Keypress: 1
46.9414 	EXP 	Stim: autoDraw = False
46.9414 	EXP 	Stim: image = 'TMTstop-control_1_pgreenlinestimulus5.png'
46.9414 	EXP 	Stim: image = 'TMTstop-control_1_pgreenlinestimulus5.png'
46.9414 	EXP 	Stim: autoDraw = True
46.9508 	DATA 	Keypress: 2
47.0063 	DATA 	Keypress: 1
47.0133 	EXP 	New trial (rep=0, index=8): {'NumberLetter': 9, 'corrAns': ['2'], 'Correct': 2, 'StimFile': 'TMTstop-control_1_plinestimulus6.png', 'Correct_StimFile': 'TMTstop-control_1_pgreenlinestimulus6.png', 'False_StimFile': 'TMTstop-control_1_predlinestimulus6.png', 'DurationTrial': 10}
47.0759 	DATA 	Keypress: 2
47.0760 	DATA 	Keypress: 3
47.0801 	EXP 	Stim: autoDraw = False
47.0801 	EXP 	Stim: image = 'TMTstop-control_1_pgreenlinestimulus6.png'
47.0801 	EXP 	Stim: image = 'TMTstop-control_1_pgreenlinestimulus6.png'
47.0801 	EXP 	Stim: autoDraw = True
47.0848 	EXP 	New trial (rep=0, index=9): {'NumberLetter': 10, 'corrAns': ['3'], 'Correct': 3, 'StimFile': 'TMTstop-control_1_plinestimulus7.png', 'Correct_StimFile': 'TMTstop-control_1_pgreenlinestimulus7.png', 'False_StimFile': 'TMTstop-control_1_predlinestimulus7.png', 'DurationTrial': 10}
47.1450 	DATA 	Keypress: 3
47.1492 	EXP 	Stim: autoDraw = False
47.1492 	EXP 	Stim: image = 'TMTstop-control_1_pgreenlinestimulus7.png'
47.1492 	EXP 	Stim: image = 'TMTstop-control_1_pgreenlinestimulus7.png'
47.1492 	EXP 	Stim: autoDraw = True
47.1541 	EXP 	New trial (rep=0, index=10): {'NumberLetter': 11, 'corrAns': ['2'], 'Correct': 2, 'StimFile': 'TMTstop-control_1_plinestimulus8.png', 'Correct_StimFile': 'TMTstop-control_1_pgreenlinestimulus8.png', 'False_StimFile': 'TMTstop-control_1_predlinestimulus8.png', 'DurationTrial': 10}
47.2214 	DATA 	Keypress: 1
47.2216 	DATA 	Keypress: 2
47.2258 	EXP 	Stim: autoDraw = False
47.2258 	EXP 	Stim: image = 'TMTstop-control_1_pgreenlinestimulus8.png'
47.2258 	EXP 	Stim: image = 'TMTstop-control_1_pgreenlinestimulus8.png'
47.2258 	EXP 	Stim: autoDraw = True
47.2492 	DATA 	Keypress: 3
47.6591 	DATA 	Keypress: esc
47.8374 	EXP 	window1: mouseVisible = True
