1.6700 	WARNING 	We strongly recommend you activate the PTB sound engine in PsychoPy prefs as the preferred audio engine. Its timing is vastly superior. Your prefs are currently set to use ['pyo'] (in that order).
5.7803 	EXP 	Created window1 = Window(allowGUI=True, allowStencil=False, autoLog=True, backendConf=UNKNOWN, bitsMode=UNKNOWN, blendMode='avg', bpc=(8, 8, 8), color=array([0, 0, 0]), colorSpace='rgb', depthBits=8, fullscr=<method-wrapper '__getattribute__' of attributeSetter object at 0x000001A7F1EFA748>, gamma=None, gammaErrorPolicy='raise', lms=UNKNOWN, monitor=<psychopy.monitors.calibTools.Monitor object at 0x000001A7F1E15A20>, multiSample=False, name='window1', numSamples=2, pos=[0.0, 0.0], screen=0, size=array([1920, 1055]), stencilBits=0, stereo=False, units='height', useFBO=True, useRetina=False, viewOri=0.0, viewPos=None, viewScale=None, waitBlanking=True, winType='glfw')
5.7803 	EXP 	window1: mouseVisible = True
5.7803 	EXP 	window1: recordFrameIntervals = False
5.8492 	EXP 	window1: recordFrameIntervals = True
5.9256 	EXP 	window1: recordFrameIntervals = False
6.2361 	EXP 	Created Instruct = ImageStim(__class__=<class 'psychopy.visual.image.ImageStim'>, autoLog=True, color=array([1., 1., 1.]), colorSpace='rgb', contrast=1.0, depth=0.0, flipHoriz=False, flipVert=False, image=str(...), interpolate=True, mask=None, maskParams=None, name='Instruct', opacity=1, ori=0.0, pos=array([0., 0.]), size=array([1.28, 0.72]), texRes=128.0, units='height', win=Window(...))
6.2936 	EXP 	Created image_2 = ImageStim(__class__=<class 'psychopy.visual.image.ImageStim'>, autoLog=True, color=array([1., 1., 1.]), colorSpace='rgb', contrast=1.0, depth=0.0, flipHoriz=False, flipVert=False, image=str(...), interpolate=True, mask=None, maskParams=None, name='image_2', opacity=1, ori=0.0, pos=array([0., 0.]), size=array([1.28, 0.72]), texRes=128.0, units='height', win=Window(...))
6.2962 	EXP 	Created polygon = ShapeStim(__class__=<class 'psychopy.visual.shape.ShapeStim'>, autoDraw=False, autoLog=True, closeShape=True, color=method-wrapper(...), colorSpace='rgb', contrast=None, depth=0.0, fillColor=array([1, 1, 1]), fillColorSpace='rgb', fillRGB=array([1, 1, 1]), interpolate=True, lineColor=array([1., 1., 1.]), lineColorSpace='rgb', lineRGB=array([1, 1, 1]), lineWidth=1.0, name='polygon', opacity=1, ori=0.0, pos=array([0., 0.]), size=array([0.5, 0.5]), units='height', vertices=ndarray(...), win=Window(...), windingRule=None)
6.2993 	EXP 	Created Stim_practice = ImageStim(__class__=<class 'psychopy.visual.image.ImageStim'>, autoLog=True, color=array([1., 1., 1.]), colorSpace='rgb', contrast=1.0, depth=0.0, flipHoriz=False, flipVert=False, image='sin', interpolate=True, mask=None, maskParams=None, name='Stim_practice', opacity=1, ori=0.0, pos=array([0., 0.]), size=array([1.777, 1.   ]), texRes=128.0, units='height', win=Window(...))
6.3644 	EXP 	Created text_5 = TextStim(__class__=<class 'psychopy.visual.text.TextStim'>, alignHoriz=method-wrapper(...), alignText='center', alignVert=method-wrapper(...), anchorHoriz='center', anchorVert='center', antialias=True, autoLog=True, bold=False, color=array([1., 1., 1.]), colorSpace='rgb', contrast=1.0, depth=0.0, flipHoriz=False, flipVert=False, font='Open Sans', fontFiles=[], height=0.03, italic=False, languageStyle='LTR', name='text_5', opacity=1, ori=0.0, pos=array([0., 0.]), rgb=UNKNOWN, text='', units='height', win=Window(...), wrapWidth=1)
6.3663 	EXP 	Created polygon = ShapeStim(__class__=<class 'psychopy.visual.shape.ShapeStim'>, autoDraw=False, autoLog=True, closeShape=True, color=method-wrapper(...), colorSpace='rgb', contrast=None, depth=0.0, fillColor=array([1, 1, 1]), fillColorSpace='rgb', fillRGB=array([1, 1, 1]), interpolate=True, lineColor=array([1., 1., 1.]), lineColorSpace='rgb', lineRGB=array([1, 1, 1]), lineWidth=1.0, name='polygon', opacity=1, ori=0.0, pos=array([0., 0.]), size=array([0.5, 0.5]), units='height', vertices=ndarray(...), win=Window(...), windingRule=None)
6.3701 	EXP 	Created Stim = ImageStim(__class__=<class 'psychopy.visual.image.ImageStim'>, autoLog=True, color=array([1., 1., 1.]), colorSpace='rgb', contrast=1.0, depth=0.0, flipHoriz=False, flipVert=False, image='sin', interpolate=True, mask=None, maskParams=None, name='Stim', opacity=1, ori=0.0, pos=array([0., 0.]), size=array([1.777, 1.   ]), texRes=128.0, units='height', win=Window(...))
6.3719 	EXP 	Created polygon = ShapeStim(__class__=<class 'psychopy.visual.shape.ShapeStim'>, autoDraw=False, autoLog=True, closeShape=True, color=method-wrapper(...), colorSpace='rgb', contrast=None, depth=0.0, fillColor=array([1, 1, 1]), fillColorSpace='rgb', fillRGB=array([1, 1, 1]), interpolate=True, lineColor=array([1., 1., 1.]), lineColorSpace='rgb', lineRGB=array([1, 1, 1]), lineWidth=1.0, name='polygon', opacity=1, ori=0.0, pos=array([0., 0.]), size=array([0.5, 0.5]), units='height', vertices=ndarray(...), win=Window(...), windingRule=None)
6.3749 	EXP 	Created Stim = ImageStim(__class__=<class 'psychopy.visual.image.ImageStim'>, autoLog=True, color=array([1., 1., 1.]), colorSpace='rgb', contrast=1.0, depth=0.0, flipHoriz=False, flipVert=False, image='sin', interpolate=True, mask=None, maskParams=None, name='Stim', opacity=1, ori=0.0, pos=array([0., 0.]), size=array([1.777, 1.   ]), texRes=128.0, units='height', win=Window(...))
6.3768 	EXP 	Created polygon = ShapeStim(__class__=<class 'psychopy.visual.shape.ShapeStim'>, autoDraw=False, autoLog=True, closeShape=True, color=method-wrapper(...), colorSpace='rgb', contrast=None, depth=0.0, fillColor=array([1, 1, 1]), fillColorSpace='rgb', fillRGB=array([1, 1, 1]), interpolate=True, lineColor=array([1., 1., 1.]), lineColorSpace='rgb', lineRGB=array([1, 1, 1]), lineWidth=1.0, name='polygon', opacity=1, ori=0.0, pos=array([0., 0.]), size=array([0.5, 0.5]), units='height', vertices=ndarray(...), win=Window(...), windingRule=None)
6.3798 	EXP 	Created Stim = ImageStim(__class__=<class 'psychopy.visual.image.ImageStim'>, autoLog=True, color=array([1., 1., 1.]), colorSpace='rgb', contrast=1.0, depth=0.0, flipHoriz=False, flipVert=False, image='sin', interpolate=True, mask=None, maskParams=None, name='Stim', opacity=1, ori=0.0, pos=array([0., 0.]), size=array([1.777, 1.   ]), texRes=128.0, units='height', win=Window(...))
6.3816 	EXP 	Created polygon = ShapeStim(__class__=<class 'psychopy.visual.shape.ShapeStim'>, autoDraw=False, autoLog=True, closeShape=True, color=method-wrapper(...), colorSpace='rgb', contrast=None, depth=0.0, fillColor=array([1, 1, 1]), fillColorSpace='rgb', fillRGB=array([1, 1, 1]), interpolate=True, lineColor=array([1., 1., 1.]), lineColorSpace='rgb', lineRGB=array([1, 1, 1]), lineWidth=1.0, name='polygon', opacity=1, ori=0.0, pos=array([0., 0.]), size=array([0.5, 0.5]), units='height', vertices=ndarray(...), win=Window(...), windingRule=None)
6.3846 	EXP 	Created Stim = ImageStim(__class__=<class 'psychopy.visual.image.ImageStim'>, autoLog=True, color=array([1., 1., 1.]), colorSpace='rgb', contrast=1.0, depth=0.0, flipHoriz=False, flipVert=False, image='sin', interpolate=True, mask=None, maskParams=None, name='Stim', opacity=1, ori=0.0, pos=array([0., 0.]), size=array([1.777, 1.   ]), texRes=128.0, units='height', win=Window(...))
6.3865 	EXP 	Created polygon = ShapeStim(__class__=<class 'psychopy.visual.shape.ShapeStim'>, autoDraw=False, autoLog=True, closeShape=True, color=method-wrapper(...), colorSpace='rgb', contrast=None, depth=0.0, fillColor=array([1, 1, 1]), fillColorSpace='rgb', fillRGB=array([1, 1, 1]), interpolate=True, lineColor=array([1., 1., 1.]), lineColorSpace='rgb', lineRGB=array([1, 1, 1]), lineWidth=1.0, name='polygon', opacity=1, ori=0.0, pos=array([0., 0.]), size=array([0.5, 0.5]), units='height', vertices=ndarray(...), win=Window(...), windingRule=None)
6.3897 	EXP 	Created Stim = ImageStim(__class__=<class 'psychopy.visual.image.ImageStim'>, autoLog=True, color=array([1., 1., 1.]), colorSpace='rgb', contrast=1.0, depth=0.0, flipHoriz=False, flipVert=False, image='sin', interpolate=True, mask=None, maskParams=None, name='Stim', opacity=1, ori=0.0, pos=array([0., 0.]), size=array([1.777, 1.   ]), texRes=128.0, units='height', win=Window(...))
6.3915 	EXP 	Created polygon = ShapeStim(__class__=<class 'psychopy.visual.shape.ShapeStim'>, autoDraw=False, autoLog=True, closeShape=True, color=method-wrapper(...), colorSpace='rgb', contrast=None, depth=0.0, fillColor=array([1, 1, 1]), fillColorSpace='rgb', fillRGB=array([1, 1, 1]), interpolate=True, lineColor=array([1., 1., 1.]), lineColorSpace='rgb', lineRGB=array([1, 1, 1]), lineWidth=1.0, name='polygon', opacity=1, ori=0.0, pos=array([0., 0.]), size=array([0.5, 0.5]), units='height', vertices=ndarray(...), win=Window(...), windingRule=None)
6.3948 	EXP 	Created Stim = ImageStim(__class__=<class 'psychopy.visual.image.ImageStim'>, autoLog=True, color=array([1., 1., 1.]), colorSpace='rgb', contrast=1.0, depth=0.0, flipHoriz=False, flipVert=False, image='sin', interpolate=True, mask=None, maskParams=None, name='Stim', opacity=1, ori=0.0, pos=array([0., 0.]), size=array([1.777, 1.   ]), texRes=128.0, units='height', win=Window(...))
6.4647 	EXP 	Created text = TextStim(__class__=<class 'psychopy.visual.text.TextStim'>, alignHoriz=method-wrapper(...), alignText='center', alignVert=method-wrapper(...), anchorHoriz='center', anchorVert='center', antialias=True, autoLog=True, bold=False, color=array([1., 1., 1.]), colorSpace='rgb', contrast=1.0, depth=0.0, flipHoriz=False, flipVert=False, font='Open Sans', fontFiles=[], height=0.04, italic=False, languageStyle='LTR', name='text', opacity=1, ori=0.0, pos=array([0., 0.]), rgb=UNKNOWN, text=str(...), units='height', win=Window(...), wrapWidth=1)
6.5153 	EXP 	Instruct: autoDraw = True
6.9994 	DATA 	Keypress: 1
7.0151 	EXP 	Instruct: autoDraw = False
7.0151 	EXP 	image_2: autoDraw = True
7.0692 	DATA 	Keypress: 2
7.0860 	EXP 	image_2: autoDraw = False
7.0860 	EXP 	polygon: autoDraw = True
7.2224 	DATA 	Keypress: 1
7.2504 	DATA 	Keypress: 2
10.0790 	EXP 	Created sequence: sequential, trialTypes=1, nReps=100, seed=None
10.0795 	EXP 	New trial (rep=0, index=0): None
10.0874 	EXP 	Imported TMTstop-A_1_practice.xlsx as conditions, 13 conditions, 6 params
10.0877 	EXP 	Created sequence: sequential, trialTypes=13, nReps=1, seed=None
10.0879 	EXP 	New trial (rep=0, index=0): {'NumberLetter': 1, 'corrAns': ['1'], 'StimFile': 'TMTstop-A_1_practice.png', 'Correct_StimFile': 'TMTstop-A_1_practice.png', 'False_StimFile': 'TMTstop-A_1_practice.png', 'DurationTrial': 10}
10.1343 	EXP 	polygon: autoDraw = False
10.1343 	EXP 	Stim_practice: image = 'TMTstop-A_1_practice.png'
10.1343 	EXP 	Stim_practice: autoDraw = True
10.5187 	DATA 	Keypress: 1
10.5278 	EXP 	New trial (rep=0, index=1): {'NumberLetter': 2, 'corrAns': ['2'], 'StimFile': 'TMTstop-A_1_practice.png', 'Correct_StimFile': 'TMTstop-A_1_practicefirstgreen.png', 'False_StimFile': 'TMTstop-A_1_practicefirstred.png', 'DurationTrial': 10}
10.5997 	EXP 	Stim_practice: autoDraw = False
10.5997 	EXP 	Stim_practice: image = 'TMTstop-A_1_practicefirstgreen.png'
10.5997 	EXP 	Stim_practice: image = 'TMTstop-A_1_practicefirstgreen.png'
10.5997 	EXP 	Stim_practice: autoDraw = True
10.6519 	DATA 	Keypress: 2
10.6593 	EXP 	New trial (rep=0, index=2): {'NumberLetter': 3, 'corrAns': ['3'], 'StimFile': 'TMTstop-A_1_practicelinestimulus0.png', 'Correct_StimFile': 'TMTstop-A_1_practicegreenlinestimulus0.png', 'False_StimFile': 'TMTstop-A_1_practiceredlinestimulus0.png', 'DurationTrial': 10}
10.7211 	DATA 	Keypress: 3
10.7250 	EXP 	Stim_practice: autoDraw = False
10.7250 	EXP 	Stim_practice: image = 'TMTstop-A_1_practicegreenlinestimulus0.png'
10.7250 	EXP 	Stim_practice: image = 'TMTstop-A_1_practicegreenlinestimulus0.png'
10.7250 	EXP 	Stim_practice: autoDraw = True
10.7351 	DATA 	Keypress: 1
10.7977 	DATA 	Keypress: 2
10.9155 	DATA 	Keypress: 1
10.9190 	EXP 	Stim_practice: image = 'TMTstop-A_1_practiceredlinestimulus0.png'
10.9571 	DATA 	Keypress: 3
10.9575 	DATA 	Keypress: 2
10.9606 	EXP 	Stim_practice: image = 'TMTstop-A_1_practiceredlinestimulus0.png'
11.0026 	EXP 	Stim_practice: image = 'TMTstop-A_1_practiceredlinestimulus0.png'
11.0378 	EXP 	Stim_practice: image = 'TMTstop-A_1_practiceredlinestimulus0.png'
11.0752 	DATA 	Keypress: 3
11.0787 	EXP 	Stim_practice: image = 'TMTstop-A_1_practiceredlinestimulus0.png'
11.0825 	EXP 	New trial (rep=0, index=3): {'NumberLetter': 4, 'corrAns': ['1'], 'StimFile': 'TMTstop-A_1_practicelinestimulus1.png', 'Correct_StimFile': 'TMTstop-A_1_practicegreenlinestimulus1.png', 'False_StimFile': 'TMTstop-A_1_practiceredlinestimulus1.png', 'DurationTrial': 10}
11.1488 	DATA 	Keypress: 1
11.1492 	DATA 	Keypress: 2
11.1502 	EXP 	Stim_practice: autoDraw = False
11.1502 	EXP 	Stim_practice: image = 'TMTstop-A_1_practicegreenlinestimulus1.png'
11.1502 	EXP 	Stim_practice: image = 'TMTstop-A_1_practicegreenlinestimulus1.png'
11.1502 	EXP 	Stim_practice: autoDraw = True
11.2002 	DATA 	Keypress: 1
11.2064 	EXP 	New trial (rep=0, index=4): {'NumberLetter': 5, 'corrAns': ['2'], 'StimFile': 'TMTstop-A_1_practicelinestimulus2.png', 'Correct_StimFile': 'TMTstop-A_1_practicegreenlinestimulus2.png', 'False_StimFile': 'TMTstop-A_1_practiceredlinestimulus2.png', 'DurationTrial': 10}
11.2697 	DATA 	Keypress: 2
11.2700 	DATA 	Keypress: 3
11.2739 	EXP 	Stim_practice: autoDraw = False
11.2739 	EXP 	Stim_practice: image = 'TMTstop-A_1_practicegreenlinestimulus2.png'
11.2739 	EXP 	Stim_practice: image = 'TMTstop-A_1_practicegreenlinestimulus2.png'
11.2739 	EXP 	Stim_practice: autoDraw = True
11.3532 	DATA 	Keypress: 3
11.3958 	DATA 	Keypress: 1
11.3998 	EXP 	Stim_practice: image = 'TMTstop-A_1_practiceredlinestimulus2.png'
11.4435 	DATA 	Keypress: 2
11.4472 	EXP 	Stim_practice: image = 'TMTstop-A_1_practiceredlinestimulus2.png'
11.4886 	EXP 	Stim_practice: image = 'TMTstop-A_1_practiceredlinestimulus2.png'
11.5266 	DATA 	Keypress: 1
11.5302 	EXP 	Stim_practice: image = 'TMTstop-A_1_practiceredlinestimulus2.png'
11.5690 	DATA 	Keypress: 3
11.5692 	DATA 	Keypress: 2
11.5723 	EXP 	Stim_practice: image = 'TMTstop-A_1_practiceredlinestimulus2.png'
11.5765 	EXP 	New trial (rep=0, index=5): {'NumberLetter': 6, 'corrAns': ['3'], 'StimFile': 'TMTstop-A_1_practicelinestimulus3.png', 'Correct_StimFile': 'TMTstop-A_1_practicegreenlinestimulus3.png', 'False_StimFile': 'TMTstop-A_1_practiceredlinestimulus3.png', 'DurationTrial': 10}
11.6492 	EXP 	Stim_practice: autoDraw = False
11.6492 	EXP 	Stim_practice: image = 'TMTstop-A_1_practicegreenlinestimulus3.png'
11.6492 	EXP 	Stim_practice: image = 'TMTstop-A_1_practicegreenlinestimulus3.png'
11.6492 	EXP 	Stim_practice: autoDraw = True
11.6586 	DATA 	Keypress: 3
11.6871 	DATA 	Keypress: 1
11.7287 	DATA 	Keypress: 2
11.8671 	DATA 	Keypress: 1
11.8715 	EXP 	Stim_practice: image = 'TMTstop-A_1_practiceredlinestimulus3.png'
11.9085 	DATA 	Keypress: 2
11.9090 	DATA 	Keypress: 3
11.9122 	EXP 	Stim_practice: image = 'TMTstop-A_1_practiceredlinestimulus3.png'
11.9537 	EXP 	Stim_practice: image = 'TMTstop-A_1_practiceredlinestimulus3.png'
11.9953 	EXP 	Stim_practice: image = 'TMTstop-A_1_practiceredlinestimulus3.png'
12.0335 	DATA 	Keypress: 3
12.0337 	DATA 	Keypress: 1
12.0371 	EXP 	Stim_practice: image = 'TMTstop-A_1_practiceredlinestimulus3.png'
12.0413 	EXP 	New trial (rep=0, index=6): {'NumberLetter': 7, 'corrAns': ['1'], 'StimFile': 'TMTstop-A_1_practicelinestimulus4.png', 'Correct_StimFile': 'TMTstop-A_1_practicegreenlinestimulus4.png', 'False_StimFile': 'TMTstop-A_1_practiceredlinestimulus4.png', 'DurationTrial': 10}
12.1034 	DATA 	Keypress: 2
12.1072 	EXP 	Stim_practice: autoDraw = False
12.1072 	EXP 	Stim_practice: image = 'TMTstop-A_1_practicegreenlinestimulus4.png'
12.1072 	EXP 	Stim_practice: image = 'TMTstop-A_1_practicegreenlinestimulus4.png'
12.1072 	EXP 	Stim_practice: autoDraw = True
12.1602 	EXP 	New trial (rep=0, index=7): {'NumberLetter': 8, 'corrAns': ['3'], 'StimFile': 'TMTstop-A_1_practicelinestimulus5.png', 'Correct_StimFile': 'TMTstop-A_1_practicegreenlinestimulus5.png', 'False_StimFile': 'TMTstop-A_1_practiceredlinestimulus5.png', 'DurationTrial': 10}
12.2210 	DATA 	Keypress: 1
12.2212 	DATA 	Keypress: 2
12.2250 	EXP 	Stim_practice: autoDraw = False
12.2250 	EXP 	Stim_practice: image = 'TMTstop-A_1_practicegreenlinestimulus5.png'
12.2250 	EXP 	Stim_practice: image = 'TMTstop-A_1_practicegreenlinestimulus5.png'
12.2250 	EXP 	Stim_practice: autoDraw = True
12.2350 	DATA 	Keypress: 3
12.3668 	DATA 	Keypress: 3
12.3738 	EXP 	New trial (rep=0, index=8): {'NumberLetter': 9, 'corrAns': ['2'], 'StimFile': 'TMTstop-A_1_practicelinestimulus6.png', 'Correct_StimFile': 'TMTstop-A_1_practicegreenlinestimulus6.png', 'False_StimFile': 'TMTstop-A_1_practiceredlinestimulus6.png', 'DurationTrial': 10}
12.4385 	DATA 	Keypress: 1
12.4390 	DATA 	Keypress: 2
12.4421 	EXP 	Stim_practice: autoDraw = False
12.4421 	EXP 	Stim_practice: image = 'TMTstop-A_1_practicegreenlinestimulus6.png'
12.4421 	EXP 	Stim_practice: image = 'TMTstop-A_1_practicegreenlinestimulus6.png'
12.4421 	EXP 	Stim_practice: autoDraw = True
12.5058 	DATA 	Keypress: 1
12.5510 	EXP 	Stim_practice: image = 'TMTstop-A_1_practiceredlinestimulus6.png'
12.5891 	DATA 	Keypress: 2
12.5894 	DATA 	Keypress: 3
12.5929 	EXP 	Stim_practice: image = 'TMTstop-A_1_practiceredlinestimulus6.png'
12.5973 	EXP 	New trial (rep=0, index=9): {'NumberLetter': 10, 'corrAns': ['3'], 'StimFile': 'TMTstop-A_1_practicelinestimulus7.png', 'Correct_StimFile': 'TMTstop-A_1_practicegreenlinestimulus7.png', 'False_StimFile': 'TMTstop-A_1_practiceredlinestimulus7.png', 'DurationTrial': 10}
12.6625 	EXP 	Stim_practice: autoDraw = False
12.6625 	EXP 	Stim_practice: image = 'TMTstop-A_1_practicegreenlinestimulus7.png'
12.6625 	EXP 	Stim_practice: image = 'TMTstop-A_1_practicegreenlinestimulus7.png'
12.6625 	EXP 	Stim_practice: autoDraw = True
12.6865 	DATA 	Keypress: 3
12.6933 	EXP 	New trial (rep=0, index=10): {'NumberLetter': 11, 'corrAns': ['1'], 'StimFile': 'TMTstop-A_1_practicelinestimulus8.png', 'Correct_StimFile': 'TMTstop-A_1_practicegreenlinestimulus8.png', 'False_StimFile': 'TMTstop-A_1_practiceredlinestimulus8.png', 'DurationTrial': 10}
12.7565 	DATA 	Keypress: 1
12.7615 	EXP 	Stim_practice: autoDraw = False
12.7615 	EXP 	Stim_practice: image = 'TMTstop-A_1_practicegreenlinestimulus8.png'
12.7615 	EXP 	Stim_practice: image = 'TMTstop-A_1_practicegreenlinestimulus8.png'
12.7615 	EXP 	Stim_practice: autoDraw = True
12.7700 	DATA 	Keypress: 2
12.8114 	DATA 	Keypress: 1
12.8181 	EXP 	New trial (rep=0, index=11): {'NumberLetter': 12, 'corrAns': ['2'], 'StimFile': 'TMTstop-A_1_practicelinestimulus9.png', 'Correct_StimFile': 'TMTstop-A_1_practicegreenlinestimulus9.png', 'False_StimFile': 'TMTstop-A_1_practiceredlinestimulus9.png', 'DurationTrial': 10}
12.8847 	EXP 	Stim_practice: autoDraw = False
12.8847 	EXP 	Stim_practice: image = 'TMTstop-A_1_practicegreenlinestimulus9.png'
12.8847 	EXP 	Stim_practice: image = 'TMTstop-A_1_practicegreenlinestimulus9.png'
12.8847 	EXP 	Stim_practice: autoDraw = True
12.9098 	DATA 	Keypress: 2
12.9101 	DATA 	Keypress: 3
12.9168 	EXP 	New trial (rep=0, index=12): {'NumberLetter': None, 'corrAns': None, 'StimFile': 'TMTstop-A_1_practicelinestimulus10.png', 'Correct_StimFile': 'TMTstop-A_1_practicegreenlinestimulus10.png', 'False_StimFile': 'TMTstop-A_1_practiceredlinestimulus10.png', 'DurationTrial': None}
12.9819 	EXP 	Stim_practice: autoDraw = False
12.9819 	EXP 	Stim_practice: image = 'TMTstop-A_1_practicegreenlinestimulus10.png'
12.9819 	EXP 	Stim_practice: image = 'TMTstop-A_1_practicegreenlinestimulus10.png'
12.9819 	EXP 	Stim_practice: autoDraw = True
13.0197 	DATA 	Keypress: 3
13.0545 	DATA 	Keypress: 1
13.0581 	EXP 	Stim_practice: image = 'TMTstop-A_1_practiceredlinestimulus10.png'
13.1010 	EXP 	Stim_practice: image = 'TMTstop-A_1_practiceredlinestimulus10.png'
13.1378 	DATA 	Keypress: 2
13.1413 	EXP 	Stim_practice: image = 'TMTstop-A_1_practiceredlinestimulus10.png'
13.1797 	DATA 	Keypress: 3
13.1828 	EXP 	Stim_practice: image = 'TMTstop-A_1_practiceredlinestimulus10.png'
13.2246 	EXP 	Stim_practice: image = 'TMTstop-A_1_practiceredlinestimulus10.png'
13.2661 	EXP 	Stim_practice: image = 'TMTstop-A_1_practiceredlinestimulus10.png'
13.3078 	EXP 	Stim_practice: image = 'TMTstop-A_1_practiceredlinestimulus10.png'
13.3498 	EXP 	Stim_practice: image = 'TMTstop-A_1_practiceredlinestimulus10.png'
13.3912 	EXP 	Stim_practice: image = 'TMTstop-A_1_practiceredlinestimulus10.png'
13.4329 	EXP 	Stim_practice: image = 'TMTstop-A_1_practiceredlinestimulus10.png'
13.4746 	EXP 	Stim_practice: image = 'TMTstop-A_1_practiceredlinestimulus10.png'
13.5161 	EXP 	Stim_practice: image = 'TMTstop-A_1_practiceredlinestimulus10.png'
13.5579 	EXP 	Stim_practice: image = 'TMTstop-A_1_practiceredlinestimulus10.png'
13.5998 	EXP 	Stim_practice: image = 'TMTstop-A_1_practiceredlinestimulus10.png'
13.6412 	EXP 	Stim_practice: image = 'TMTstop-A_1_practiceredlinestimulus10.png'
13.6828 	EXP 	Stim_practice: image = 'TMTstop-A_1_practiceredlinestimulus10.png'
13.7244 	EXP 	Stim_practice: image = 'TMTstop-A_1_practiceredlinestimulus10.png'
13.7662 	EXP 	Stim_practice: image = 'TMTstop-A_1_practiceredlinestimulus10.png'
13.8082 	EXP 	Stim_practice: image = 'TMTstop-A_1_practiceredlinestimulus10.png'
13.8494 	EXP 	Stim_practice: image = 'TMTstop-A_1_practiceredlinestimulus10.png'
13.8911 	EXP 	Stim_practice: image = 'TMTstop-A_1_practiceredlinestimulus10.png'
13.9328 	EXP 	Stim_practice: image = 'TMTstop-A_1_practiceredlinestimulus10.png'
13.9744 	EXP 	Stim_practice: image = 'TMTstop-A_1_practiceredlinestimulus10.png'
14.0838 	EXP 	Stim_practice: image = 'TMTstop-A_1_practiceredlinestimulus10.png'
14.0838 	EXP 	Stim_practice: autoDraw = False
14.0838 	EXP 	text_5: text = 'You have finished the practice. If you understood the task correctly please read on, otherwise ask the experiment leader or press X to restart the practice.\n\nFrom here on there will be 25 circles instead of 12. If you finish all circles you will see a white cross for a few seconds then you will get 25 new circles and start again from 1. The experiments will end automatically after three minutes. \n\nPress 1, 2 or 3  to start the experiment.\n\n\n\nDu har slutfört provomgången. Om du förstod uppgiften rätt, läs vidare, annars fråga experimentledaren eller tryck på X för att starta om provomgången.\n\nHärifrån kommer det att finnas 25 circlar istället för 12. Om du slutför alla circlar kommer du att se ett vitt kors i några sekunder, sedan får du 25 nya circlar och börjar om från 1. Experimenten avslutas automatiskt efter tre minuter.\n\nTryck på 1, 2 eller 3 för att starta experimentet.\n\n\n'
14.0838 	EXP 	text_5: autoDraw = True
15.8463 	DATA 	Keypress: x
15.8541 	EXP 	New trial (rep=1, index=0): None
15.8618 	EXP 	Imported TMTstop-A_1_practice.xlsx as conditions, 13 conditions, 6 params
15.8621 	EXP 	Created sequence: sequential, trialTypes=13, nReps=1, seed=None
15.8623 	EXP 	New trial (rep=0, index=0): {'NumberLetter': 1, 'corrAns': ['1'], 'StimFile': 'TMTstop-A_1_practice.png', 'Correct_StimFile': 'TMTstop-A_1_practice.png', 'False_StimFile': 'TMTstop-A_1_practice.png', 'DurationTrial': 10}
15.8982 	EXP 	text_5: autoDraw = False
15.8982 	EXP 	Stim_practice: image = 'TMTstop-A_1_practice.png'
15.8982 	EXP 	Stim_practice: autoDraw = True
16.0616 	DATA 	Keypress: x
17.1862 	DATA 	Keypress: 1
17.1936 	EXP 	New trial (rep=0, index=1): {'NumberLetter': 2, 'corrAns': ['2'], 'StimFile': 'TMTstop-A_1_practice.png', 'Correct_StimFile': 'TMTstop-A_1_practicefirstgreen.png', 'False_StimFile': 'TMTstop-A_1_practicefirstred.png', 'DurationTrial': 10}
17.2536 	EXP 	Stim_practice: autoDraw = False
17.2536 	EXP 	Stim_practice: image = 'TMTstop-A_1_practicefirstgreen.png'
17.2536 	EXP 	Stim_practice: image = 'TMTstop-A_1_practicefirstgreen.png'
17.2536 	EXP 	Stim_practice: autoDraw = True
17.4228 	DATA 	Keypress: 1
17.4362 	DATA 	Keypress: 2
17.4428 	EXP 	New trial (rep=0, index=2): {'NumberLetter': 3, 'corrAns': ['3'], 'StimFile': 'TMTstop-A_1_practicelinestimulus0.png', 'Correct_StimFile': 'TMTstop-A_1_practicegreenlinestimulus0.png', 'False_StimFile': 'TMTstop-A_1_practiceredlinestimulus0.png', 'DurationTrial': 10}
17.5164 	EXP 	Stim_practice: autoDraw = False
17.5164 	EXP 	Stim_practice: image = 'TMTstop-A_1_practicegreenlinestimulus0.png'
17.5164 	EXP 	Stim_practice: image = 'TMTstop-A_1_practicegreenlinestimulus0.png'
17.5164 	EXP 	Stim_practice: autoDraw = True
17.6447 	DATA 	Keypress: 2
17.9225 	DATA 	Keypress: 1
17.9227 	DATA 	Keypress: 2
17.9675 	EXP 	Stim_practice: image = 'TMTstop-A_1_practiceredlinestimulus0.png'
18.0091 	EXP 	Stim_practice: image = 'TMTstop-A_1_practiceredlinestimulus0.png'
18.0507 	EXP 	Stim_practice: image = 'TMTstop-A_1_practiceredlinestimulus0.png'
18.0832 	DATA 	Keypress: 3
18.0868 	EXP 	Stim_practice: image = 'TMTstop-A_1_practiceredlinestimulus0.png'
18.0911 	EXP 	New trial (rep=0, index=3): {'NumberLetter': 4, 'corrAns': ['1'], 'StimFile': 'TMTstop-A_1_practicelinestimulus1.png', 'Correct_StimFile': 'TMTstop-A_1_practicegreenlinestimulus1.png', 'False_StimFile': 'TMTstop-A_1_practiceredlinestimulus1.png', 'DurationTrial': 10}
18.1584 	DATA 	Keypress: 1
18.1626 	EXP 	Stim_practice: autoDraw = False
18.1626 	EXP 	Stim_practice: image = 'TMTstop-A_1_practicegreenlinestimulus1.png'
18.1626 	EXP 	Stim_practice: image = 'TMTstop-A_1_practicegreenlinestimulus1.png'
18.1626 	EXP 	Stim_practice: autoDraw = True
18.1725 	DATA 	Keypress: 2
18.2771 	EXP 	New trial (rep=0, index=4): {'NumberLetter': 5, 'corrAns': ['2'], 'StimFile': 'TMTstop-A_1_practicelinestimulus2.png', 'Correct_StimFile': 'TMTstop-A_1_practicegreenlinestimulus2.png', 'False_StimFile': 'TMTstop-A_1_practiceredlinestimulus2.png', 'DurationTrial': 10}
18.3390 	DATA 	Keypress: 1
18.3392 	DATA 	Keypress: 3
18.3431 	EXP 	Stim_practice: autoDraw = False
18.3431 	EXP 	Stim_practice: image = 'TMTstop-A_1_practicegreenlinestimulus2.png'
18.3431 	EXP 	Stim_practice: image = 'TMTstop-A_1_practicegreenlinestimulus2.png'
18.3431 	EXP 	Stim_practice: autoDraw = True
18.3528 	DATA 	Keypress: 2
18.3592 	EXP 	New trial (rep=0, index=5): {'NumberLetter': 6, 'corrAns': ['3'], 'StimFile': 'TMTstop-A_1_practicelinestimulus3.png', 'Correct_StimFile': 'TMTstop-A_1_practicegreenlinestimulus3.png', 'False_StimFile': 'TMTstop-A_1_practiceredlinestimulus3.png', 'DurationTrial': 10}
18.4262 	EXP 	Stim_practice: autoDraw = False
18.4262 	EXP 	Stim_practice: image = 'TMTstop-A_1_practicegreenlinestimulus3.png'
18.4262 	EXP 	Stim_practice: image = 'TMTstop-A_1_practicegreenlinestimulus3.png'
18.4262 	EXP 	Stim_practice: autoDraw = True
18.4505 	DATA 	Keypress: 3
18.4574 	EXP 	New trial (rep=0, index=6): {'NumberLetter': 7, 'corrAns': ['1'], 'StimFile': 'TMTstop-A_1_practicelinestimulus4.png', 'Correct_StimFile': 'TMTstop-A_1_practicegreenlinestimulus4.png', 'False_StimFile': 'TMTstop-A_1_practiceredlinestimulus4.png', 'DurationTrial': 10}
18.5266 	DATA 	Keypress: 1
18.5269 	DATA 	Keypress: 2
18.5306 	EXP 	Stim_practice: autoDraw = False
18.5306 	EXP 	Stim_practice: image = 'TMTstop-A_1_practicegreenlinestimulus4.png'
18.5306 	EXP 	Stim_practice: image = 'TMTstop-A_1_practicegreenlinestimulus4.png'
18.5306 	EXP 	Stim_practice: autoDraw = True
18.6031 	EXP 	New trial (rep=0, index=7): {'NumberLetter': 8, 'corrAns': ['3'], 'StimFile': 'TMTstop-A_1_practicelinestimulus5.png', 'Correct_StimFile': 'TMTstop-A_1_practicegreenlinestimulus5.png', 'False_StimFile': 'TMTstop-A_1_practiceredlinestimulus5.png', 'DurationTrial': 10}
18.6654 	DATA 	Keypress: 1
18.6656 	DATA 	Keypress: 2
18.6701 	EXP 	Stim_practice: autoDraw = False
18.6701 	EXP 	Stim_practice: image = 'TMTstop-A_1_practicegreenlinestimulus5.png'
18.6701 	EXP 	Stim_practice: image = 'TMTstop-A_1_practicegreenlinestimulus5.png'
18.6701 	EXP 	Stim_practice: autoDraw = True
18.6797 	DATA 	Keypress: 3
18.7834 	EXP 	New trial (rep=0, index=8): {'NumberLetter': 9, 'corrAns': ['2'], 'StimFile': 'TMTstop-A_1_practicelinestimulus6.png', 'Correct_StimFile': 'TMTstop-A_1_practicegreenlinestimulus6.png', 'False_StimFile': 'TMTstop-A_1_practiceredlinestimulus6.png', 'DurationTrial': 10}
18.8458 	DATA 	Keypress: 3
18.8461 	DATA 	Keypress: 1
18.8500 	EXP 	Stim_practice: autoDraw = False
18.8500 	EXP 	Stim_practice: image = 'TMTstop-A_1_practicegreenlinestimulus6.png'
18.8500 	EXP 	Stim_practice: image = 'TMTstop-A_1_practicegreenlinestimulus6.png'
18.8500 	EXP 	Stim_practice: autoDraw = True
18.8605 	DATA 	Keypress: 2
19.0055 	DATA 	Keypress: 1
19.0091 	EXP 	Stim_practice: image = 'TMTstop-A_1_practiceredlinestimulus6.png'
19.0479 	DATA 	Keypress: 3
19.0510 	EXP 	Stim_practice: image = 'TMTstop-A_1_practiceredlinestimulus6.png'
19.1002 	EXP 	Stim_practice: image = 'TMTstop-A_1_practiceredlinestimulus6.png'
19.1638 	EXP 	Stim_practice: image = 'TMTstop-A_1_practiceredlinestimulus6.png'
19.2077 	DATA 	Keypress: 1
19.2111 	EXP 	Stim_practice: image = 'TMTstop-A_1_practiceredlinestimulus6.png'
19.2519 	EXP 	Stim_practice: image = 'TMTstop-A_1_practiceredlinestimulus6.png'
19.2944 	EXP 	Stim_practice: image = 'TMTstop-A_1_practiceredlinestimulus6.png'
19.3354 	EXP 	Stim_practice: image = 'TMTstop-A_1_practiceredlinestimulus6.png'
19.3778 	EXP 	Stim_practice: image = 'TMTstop-A_1_practiceredlinestimulus6.png'
19.4187 	EXP 	Stim_practice: image = 'TMTstop-A_1_practiceredlinestimulus6.png'
19.4604 	EXP 	Stim_practice: image = 'TMTstop-A_1_practiceredlinestimulus6.png'
19.5025 	EXP 	Stim_practice: image = 'TMTstop-A_1_practiceredlinestimulus6.png'
19.5402 	DATA 	Keypress: 1
19.5438 	EXP 	Stim_practice: image = 'TMTstop-A_1_practiceredlinestimulus6.png'
19.5857 	EXP 	Stim_practice: image = 'TMTstop-A_1_practiceredlinestimulus6.png'
19.6272 	EXP 	Stim_practice: image = 'TMTstop-A_1_practiceredlinestimulus6.png'
19.6688 	EXP 	Stim_practice: image = 'TMTstop-A_1_practiceredlinestimulus6.png'
19.7103 	EXP 	Stim_practice: image = 'TMTstop-A_1_practiceredlinestimulus6.png'
19.7491 	DATA 	Keypress: 1
19.7529 	EXP 	Stim_practice: image = 'TMTstop-A_1_practiceredlinestimulus6.png'
19.7940 	EXP 	Stim_practice: image = 'TMTstop-A_1_practiceredlinestimulus6.png'
19.8354 	EXP 	Stim_practice: image = 'TMTstop-A_1_practiceredlinestimulus6.png'
19.8773 	EXP 	Stim_practice: image = 'TMTstop-A_1_practiceredlinestimulus6.png'
19.9188 	EXP 	Stim_practice: image = 'TMTstop-A_1_practiceredlinestimulus6.png'
19.9604 	EXP 	Stim_practice: image = 'TMTstop-A_1_practiceredlinestimulus6.png'
19.9986 	DATA 	Keypress: 2
20.0023 	EXP 	Stim_practice: image = 'TMTstop-A_1_practiceredlinestimulus6.png'
20.0067 	EXP 	New trial (rep=0, index=9): {'NumberLetter': 10, 'corrAns': ['3'], 'StimFile': 'TMTstop-A_1_practicelinestimulus7.png', 'Correct_StimFile': 'TMTstop-A_1_practicegreenlinestimulus7.png', 'False_StimFile': 'TMTstop-A_1_practiceredlinestimulus7.png', 'DurationTrial': 10}
20.0721 	EXP 	Stim_practice: autoDraw = False
20.0721 	EXP 	Stim_practice: image = 'TMTstop-A_1_practicegreenlinestimulus7.png'
20.0721 	EXP 	Stim_practice: image = 'TMTstop-A_1_practicegreenlinestimulus7.png'
20.0721 	EXP 	Stim_practice: autoDraw = True
20.1861 	EXP 	New trial (rep=0, index=10): {'NumberLetter': 11, 'corrAns': ['1'], 'StimFile': 'TMTstop-A_1_practicelinestimulus8.png', 'Correct_StimFile': 'TMTstop-A_1_practicegreenlinestimulus8.png', 'False_StimFile': 'TMTstop-A_1_practiceredlinestimulus8.png', 'DurationTrial': 10}
20.2485 	DATA 	Keypress: 3
20.2488 	DATA 	Keypress: 2
20.2528 	EXP 	Stim_practice: autoDraw = False
20.2528 	EXP 	Stim_practice: image = 'TMTstop-A_1_practicegreenlinestimulus8.png'
20.2528 	EXP 	Stim_practice: image = 'TMTstop-A_1_practicegreenlinestimulus8.png'
20.2528 	EXP 	Stim_practice: autoDraw = True
20.3877 	DATA 	Keypress: 3
20.5891 	EXP 	New trial (rep=0, index=11): {'NumberLetter': 12, 'corrAns': ['2'], 'StimFile': 'TMTstop-A_1_practicelinestimulus9.png', 'Correct_StimFile': 'TMTstop-A_1_practicegreenlinestimulus9.png', 'False_StimFile': 'TMTstop-A_1_practiceredlinestimulus9.png', 'DurationTrial': 10}
20.6513 	DATA 	Keypress: 1
20.6553 	EXP 	Stim_practice: autoDraw = False
20.6553 	EXP 	Stim_practice: image = 'TMTstop-A_1_practicegreenlinestimulus9.png'
20.6553 	EXP 	Stim_practice: image = 'TMTstop-A_1_practicegreenlinestimulus9.png'
20.6553 	EXP 	Stim_practice: autoDraw = True
20.8041 	DATA 	Keypress: 2
20.8104 	EXP 	New trial (rep=0, index=12): {'NumberLetter': None, 'corrAns': None, 'StimFile': 'TMTstop-A_1_practicelinestimulus10.png', 'Correct_StimFile': 'TMTstop-A_1_practicegreenlinestimulus10.png', 'False_StimFile': 'TMTstop-A_1_practiceredlinestimulus10.png', 'DurationTrial': None}
20.8737 	DATA 	Keypress: 1
20.8776 	EXP 	Stim_practice: autoDraw = False
20.8776 	EXP 	Stim_practice: image = 'TMTstop-A_1_practicegreenlinestimulus10.png'
20.8776 	EXP 	Stim_practice: image = 'TMTstop-A_1_practicegreenlinestimulus10.png'
20.8776 	EXP 	Stim_practice: autoDraw = True
20.9431 	DATA 	Keypress: 3
20.9847 	DATA 	Keypress: 2
20.9883 	EXP 	Stim_practice: image = 'TMTstop-A_1_practiceredlinestimulus10.png'
21.0301 	EXP 	Stim_practice: image = 'TMTstop-A_1_practiceredlinestimulus10.png'
21.0717 	EXP 	Stim_practice: image = 'TMTstop-A_1_practiceredlinestimulus10.png'
21.1097 	DATA 	Keypress: 3
21.1133 	EXP 	Stim_practice: image = 'TMTstop-A_1_practiceredlinestimulus10.png'
21.1555 	EXP 	Stim_practice: image = 'TMTstop-A_1_practiceredlinestimulus10.png'
21.1965 	EXP 	Stim_practice: image = 'TMTstop-A_1_practiceredlinestimulus10.png'
21.2381 	EXP 	Stim_practice: image = 'TMTstop-A_1_practiceredlinestimulus10.png'
21.2799 	EXP 	Stim_practice: image = 'TMTstop-A_1_practiceredlinestimulus10.png'
21.3215 	EXP 	Stim_practice: image = 'TMTstop-A_1_practiceredlinestimulus10.png'
21.3635 	EXP 	Stim_practice: image = 'TMTstop-A_1_practiceredlinestimulus10.png'
21.4050 	EXP 	Stim_practice: image = 'TMTstop-A_1_practiceredlinestimulus10.png'
21.4464 	EXP 	Stim_practice: image = 'TMTstop-A_1_practiceredlinestimulus10.png'
21.4883 	EXP 	Stim_practice: image = 'TMTstop-A_1_practiceredlinestimulus10.png'
21.5302 	EXP 	Stim_practice: image = 'TMTstop-A_1_practiceredlinestimulus10.png'
21.5715 	EXP 	Stim_practice: image = 'TMTstop-A_1_practiceredlinestimulus10.png'
21.6132 	EXP 	Stim_practice: image = 'TMTstop-A_1_practiceredlinestimulus10.png'
21.6554 	EXP 	Stim_practice: image = 'TMTstop-A_1_practiceredlinestimulus10.png'
21.6965 	EXP 	Stim_practice: image = 'TMTstop-A_1_practiceredlinestimulus10.png'
21.7381 	EXP 	Stim_practice: image = 'TMTstop-A_1_practiceredlinestimulus10.png'
21.7797 	EXP 	Stim_practice: image = 'TMTstop-A_1_practiceredlinestimulus10.png'
21.8213 	EXP 	Stim_practice: image = 'TMTstop-A_1_practiceredlinestimulus10.png'
21.8633 	EXP 	Stim_practice: image = 'TMTstop-A_1_practiceredlinestimulus10.png'
21.9047 	EXP 	Stim_practice: image = 'TMTstop-A_1_practiceredlinestimulus10.png'
21.9729 	EXP 	Stim_practice: image = 'TMTstop-A_1_practiceredlinestimulus10.png'
21.9729 	EXP 	Stim_practice: autoDraw = False
21.9729 	EXP 	text_5: text = 'You have finished the practice. If you understood the task correctly please read on, otherwise ask the experiment leader or press X to restart the practice.\n\nFrom here on there will be 25 circles instead of 12. If you finish all circles you will see a white cross for a few seconds then you will get 25 new circles and start again from 1. The experiments will end automatically after three minutes. \n\nPress 1, 2 or 3  to start the experiment.\n\n\n\nDu har slutfört provomgången. Om du förstod uppgiften rätt, läs vidare, annars fråga experimentledaren eller tryck på X för att starta om provomgången.\n\nHärifrån kommer det att finnas 25 circlar istället för 12. Om du slutför alla circlar kommer du att se ett vitt kors i några sekunder, sedan får du 25 nya circlar och börjar om från 1. Experimenten avslutas automatiskt efter tre minuter.\n\nTryck på 1, 2 eller 3 för att starta experimentet.\n\n\n'
21.9729 	EXP 	text_5: autoDraw = True
23.8943 	DATA 	Keypress: 2
23.8957 	EXP 	text_5: autoDraw = False
23.8957 	EXP 	polygon: autoDraw = True
24.0127 	DATA 	Keypress: 2
26.8151 	EXP 	Imported TMTstop-A_1_1.xlsx as conditions, 26 conditions, 6 params
26.8155 	EXP 	Created sequence: sequential, trialTypes=26, nReps=3, seed=None
26.8157 	EXP 	New trial (rep=0, index=0): {'NumberLetter': 1, 'corrAns': ['2'], 'StimFile': 'TMTstop-A_1_1.png', 'Correct_StimFile': 'TMTstop-A_1_1.png', 'False_StimFile': 'TMTstop-A_1_1.png', 'DurationTrial': 10}
26.8564 	EXP 	polygon: autoDraw = False
26.8564 	EXP 	Stim: image = 'TMTstop-A_1_1.png'
26.8564 	EXP 	Stim: autoDraw = True
27.2415 	DATA 	Keypress: 1
27.2798 	EXP 	Stim: image = 'TMTstop-A_1_1.png'
27.3281 	EXP 	Stim: image = 'TMTstop-A_1_1.png'
27.3631 	EXP 	Stim: image = 'TMTstop-A_1_1.png'
27.4012 	DATA 	Keypress: 2
27.4059 	EXP 	Stim: image = 'TMTstop-A_1_1.png'
27.4111 	EXP 	New trial (rep=0, index=1): {'NumberLetter': 2, 'corrAns': ['1'], 'StimFile': 'TMTstop-A_1_1.png', 'Correct_StimFile': 'TMTstop-A_1_1firstgreen.png', 'False_StimFile': 'TMTstop-A_1_1firstred.png', 'DurationTrial': 10}
27.4848 	DATA 	Keypress: 3
27.4854 	DATA 	Keypress: 1
27.4890 	EXP 	Stim: autoDraw = False
27.4890 	EXP 	Stim: image = 'TMTstop-A_1_1firstgreen.png'
27.4890 	EXP 	Stim: image = 'TMTstop-A_1_1firstgreen.png'
27.4890 	EXP 	Stim: autoDraw = True
27.5301 	EXP 	Stim: image = 'TMTstop-A_1_1firstred.png'
27.5696 	DATA 	Keypress: 2
27.5730 	EXP 	Stim: image = 'TMTstop-A_1_1firstred.png'
27.6133 	EXP 	Stim: image = 'TMTstop-A_1_1firstred.png'
27.6513 	DATA 	Keypress: 1
27.6551 	EXP 	Stim: image = 'TMTstop-A_1_1firstred.png'
27.6596 	EXP 	New trial (rep=0, index=2): {'NumberLetter': 3, 'corrAns': ['2'], 'StimFile': 'TMTstop-A_1_1linestimulus0.png', 'Correct_StimFile': 'TMTstop-A_1_1greenlinestimulus0.png', 'False_StimFile': 'TMTstop-A_1_1redlinestimulus0.png', 'DurationTrial': 10}
27.7208 	DATA 	Keypress: 3
27.7210 	DATA 	Keypress: 2
27.7249 	EXP 	Stim: autoDraw = False
27.7249 	EXP 	Stim: image = 'TMTstop-A_1_1greenlinestimulus0.png'
27.7249 	EXP 	Stim: image = 'TMTstop-A_1_1greenlinestimulus0.png'
27.7249 	EXP 	Stim: autoDraw = True
27.7293 	EXP 	New trial (rep=0, index=3): {'NumberLetter': 4, 'corrAns': ['3'], 'StimFile': 'TMTstop-A_1_1linestimulus1.png', 'Correct_StimFile': 'TMTstop-A_1_1greenlinestimulus1.png', 'False_StimFile': 'TMTstop-A_1_1redlinestimulus1.png', 'DurationTrial': 10}
27.8040 	DATA 	Keypress: 3
27.8081 	EXP 	Stim: autoDraw = False
27.8081 	EXP 	Stim: image = 'TMTstop-A_1_1greenlinestimulus1.png'
27.8081 	EXP 	Stim: image = 'TMTstop-A_1_1greenlinestimulus1.png'
27.8081 	EXP 	Stim: autoDraw = True
27.8125 	EXP 	New trial (rep=0, index=4): {'NumberLetter': 5, 'corrAns': ['2'], 'StimFile': 'TMTstop-A_1_1linestimulus2.png', 'Correct_StimFile': 'TMTstop-A_1_1greenlinestimulus2.png', 'False_StimFile': 'TMTstop-A_1_1redlinestimulus2.png', 'DurationTrial': 10}
27.8811 	DATA 	Keypress: 1
27.8816 	DATA 	Keypress: 2
27.8850 	EXP 	Stim: autoDraw = False
27.8850 	EXP 	Stim: image = 'TMTstop-A_1_1greenlinestimulus2.png'
27.8850 	EXP 	Stim: image = 'TMTstop-A_1_1greenlinestimulus2.png'
27.8850 	EXP 	Stim: autoDraw = True
27.9498 	DATA 	Keypress: 1
27.9914 	DATA 	Keypress: 2
27.9950 	EXP 	Stim: image = 'TMTstop-A_1_1redlinestimulus2.png'
27.9985 	EXP 	New trial (rep=0, index=5): {'NumberLetter': 6, 'corrAns': ['3'], 'StimFile': 'TMTstop-A_1_1linestimulus3.png', 'Correct_StimFile': 'TMTstop-A_1_1greenlinestimulus3.png', 'False_StimFile': 'TMTstop-A_1_1redlinestimulus3.png', 'DurationTrial': 10}
28.0618 	DATA 	Keypress: 3
28.0657 	EXP 	Stim: autoDraw = False
28.0657 	EXP 	Stim: image = 'TMTstop-A_1_1greenlinestimulus3.png'
28.0657 	EXP 	Stim: image = 'TMTstop-A_1_1greenlinestimulus3.png'
28.0657 	EXP 	Stim: autoDraw = True
28.1514 	DATA 	Keypress: 1
28.1515 	DATA 	Keypress: 3
28.1582 	EXP 	New trial (rep=0, index=6): {'NumberLetter': 7, 'corrAns': ['2'], 'StimFile': 'TMTstop-A_1_1linestimulus4.png', 'Correct_StimFile': 'TMTstop-A_1_1greenlinestimulus4.png', 'False_StimFile': 'TMTstop-A_1_1redlinestimulus4.png', 'DurationTrial': 10}
28.2216 	DATA 	Keypress: 2
28.2253 	EXP 	Stim: autoDraw = False
28.2253 	EXP 	Stim: image = 'TMTstop-A_1_1greenlinestimulus4.png'
28.2253 	EXP 	Stim: image = 'TMTstop-A_1_1greenlinestimulus4.png'
28.2253 	EXP 	Stim: autoDraw = True
28.2970 	DATA 	Keypress: 1
28.3422 	EXP 	Stim: image = 'TMTstop-A_1_1redlinestimulus4.png'
28.3804 	DATA 	Keypress: 3
28.3805 	DATA 	Keypress: 2
28.3839 	EXP 	Stim: image = 'TMTstop-A_1_1redlinestimulus4.png'
28.3880 	EXP 	New trial (rep=0, index=7): {'NumberLetter': 8, 'corrAns': ['1'], 'StimFile': 'TMTstop-A_1_1linestimulus5.png', 'Correct_StimFile': 'TMTstop-A_1_1greenlinestimulus5.png', 'False_StimFile': 'TMTstop-A_1_1redlinestimulus5.png', 'DurationTrial': 10}
28.4610 	EXP 	Stim: autoDraw = False
28.4610 	EXP 	Stim: image = 'TMTstop-A_1_1greenlinestimulus5.png'
28.4610 	EXP 	Stim: image = 'TMTstop-A_1_1greenlinestimulus5.png'
28.4610 	EXP 	Stim: autoDraw = True
28.5122 	DATA 	Keypress: 3
28.5130 	DATA 	Keypress: 1
28.5159 	EXP 	Stim: image = 'TMTstop-A_1_1redlinestimulus5.png'
28.5541 	DATA 	Keypress: 2
28.5575 	EXP 	Stim: image = 'TMTstop-A_1_1redlinestimulus5.png'
28.5996 	EXP 	Stim: image = 'TMTstop-A_1_1redlinestimulus5.png'
28.6372 	DATA 	Keypress: 1
28.6407 	EXP 	Stim: image = 'TMTstop-A_1_1redlinestimulus5.png'
28.6442 	EXP 	New trial (rep=0, index=8): {'NumberLetter': 9, 'corrAns': ['2'], 'StimFile': 'TMTstop-A_1_1linestimulus6.png', 'Correct_StimFile': 'TMTstop-A_1_1greenlinestimulus6.png', 'False_StimFile': 'TMTstop-A_1_1redlinestimulus6.png', 'DurationTrial': 10}
28.7067 	DATA 	Keypress: 2
28.7069 	DATA 	Keypress: 3
28.7111 	EXP 	Stim: autoDraw = False
28.7111 	EXP 	Stim: image = 'TMTstop-A_1_1greenlinestimulus6.png'
28.7111 	EXP 	Stim: image = 'TMTstop-A_1_1greenlinestimulus6.png'
28.7111 	EXP 	Stim: autoDraw = True
28.7153 	EXP 	New trial (rep=0, index=9): {'NumberLetter': 10, 'corrAns': ['1'], 'StimFile': 'TMTstop-A_1_1linestimulus7.png', 'Correct_StimFile': 'TMTstop-A_1_1greenlinestimulus7.png', 'False_StimFile': 'TMTstop-A_1_1redlinestimulus7.png', 'DurationTrial': 10}
28.7831 	DATA 	Keypress: 3
28.7871 	EXP 	Stim: autoDraw = False
28.7871 	EXP 	Stim: image = 'TMTstop-A_1_1greenlinestimulus7.png'
28.7871 	EXP 	Stim: image = 'TMTstop-A_1_1greenlinestimulus7.png'
28.7871 	EXP 	Stim: autoDraw = True
28.8251 	DATA 	Keypress: 1
28.8287 	EXP 	Stim: image = 'TMTstop-A_1_1redlinestimulus7.png'
28.8672 	DATA 	Keypress: 2
28.8708 	EXP 	Stim: image = 'TMTstop-A_1_1redlinestimulus7.png'
28.9117 	EXP 	Stim: image = 'TMTstop-A_1_1redlinestimulus7.png'
28.9512 	DATA 	Keypress: 1
28.9545 	EXP 	Stim: image = 'TMTstop-A_1_1redlinestimulus7.png'
28.9595 	EXP 	New trial (rep=0, index=10): {'NumberLetter': 11, 'corrAns': ['2'], 'StimFile': 'TMTstop-A_1_1linestimulus8.png', 'Correct_StimFile': 'TMTstop-A_1_1greenlinestimulus8.png', 'False_StimFile': 'TMTstop-A_1_1redlinestimulus8.png', 'DurationTrial': 10}
29.0556 	DATA 	Keypress: 3
29.0581 	DATA 	Keypress: 2
29.0595 	EXP 	Stim: autoDraw = False
29.0595 	EXP 	Stim: image = 'TMTstop-A_1_1greenlinestimulus8.png'
29.0595 	EXP 	Stim: image = 'TMTstop-A_1_1greenlinestimulus8.png'
29.0595 	EXP 	Stim: autoDraw = True
29.0635 	EXP 	New trial (rep=0, index=11): {'NumberLetter': 12, 'corrAns': ['3'], 'StimFile': 'TMTstop-A_1_1linestimulus9.png', 'Correct_StimFile': 'TMTstop-A_1_1greenlinestimulus9.png', 'False_StimFile': 'TMTstop-A_1_1redlinestimulus9.png', 'DurationTrial': 10}
29.1303 	DATA 	Keypress: 3
29.1308 	DATA 	Keypress: 1
29.1347 	EXP 	Stim: autoDraw = False
29.1347 	EXP 	Stim: image = 'TMTstop-A_1_1greenlinestimulus9.png'
29.1347 	EXP 	Stim: image = 'TMTstop-A_1_1greenlinestimulus9.png'
29.1347 	EXP 	Stim: autoDraw = True
29.1393 	EXP 	New trial (rep=0, index=12): {'NumberLetter': 13, 'corrAns': ['2'], 'StimFile': 'TMTstop-A_1_1linestimulus10.png', 'Correct_StimFile': 'TMTstop-A_1_1greenlinestimulus10.png', 'False_StimFile': 'TMTstop-A_1_1redlinestimulus10.png', 'DurationTrial': 1}
29.2068 	DATA 	Keypress: 2
29.2107 	EXP 	Stim: autoDraw = False
29.2107 	EXP 	Stim: image = 'TMTstop-A_1_1greenlinestimulus10.png'
29.2107 	EXP 	Stim: image = 'TMTstop-A_1_1greenlinestimulus10.png'
29.2107 	EXP 	Stim: autoDraw = True
29.2622 	DATA 	Keypress: 1
29.2657 	EXP 	Stim: image = 'TMTstop-A_1_1redlinestimulus10.png'
29.3040 	DATA 	Keypress: 3
29.3079 	EXP 	Stim: image = 'TMTstop-A_1_1redlinestimulus10.png'
29.3455 	DATA 	Keypress: 2
29.3491 	EXP 	Stim: image = 'TMTstop-A_1_1redlinestimulus10.png'
29.3535 	EXP 	New trial (rep=0, index=13): {'NumberLetter': 14, 'corrAns': ['3'], 'StimFile': 'TMTstop-A_1_1linestimulus11.png', 'Correct_StimFile': 'TMTstop-A_1_1greenlinestimulus11.png', 'False_StimFile': 'TMTstop-A_1_1redlinestimulus11.png', 'DurationTrial': None}
29.4150 	DATA 	Keypress: 3
29.4195 	EXP 	Stim: autoDraw = False
29.4195 	EXP 	Stim: image = 'TMTstop-A_1_1greenlinestimulus11.png'
29.4195 	EXP 	Stim: image = 'TMTstop-A_1_1greenlinestimulus11.png'
29.4195 	EXP 	Stim: autoDraw = True
29.4235 	EXP 	New trial (rep=0, index=14): {'NumberLetter': 15, 'corrAns': ['1'], 'StimFile': 'TMTstop-A_1_1linestimulus12.png', 'Correct_StimFile': 'TMTstop-A_1_1greenlinestimulus12.png', 'False_StimFile': 'TMTstop-A_1_1redlinestimulus12.png', 'DurationTrial': None}
29.4916 	DATA 	Keypress: 1
29.4923 	DATA 	Keypress: 2
29.4958 	EXP 	Stim: autoDraw = False
29.4958 	EXP 	Stim: image = 'TMTstop-A_1_1greenlinestimulus12.png'
29.4958 	EXP 	Stim: image = 'TMTstop-A_1_1greenlinestimulus12.png'
29.4958 	EXP 	Stim: autoDraw = True
29.5192 	DATA 	Keypress: 1
29.5261 	EXP 	New trial (rep=0, index=15): {'NumberLetter': 16, 'corrAns': ['3'], 'StimFile': 'TMTstop-A_1_1linestimulus13.png', 'Correct_StimFile': 'TMTstop-A_1_1greenlinestimulus13.png', 'False_StimFile': 'TMTstop-A_1_1redlinestimulus13.png', 'DurationTrial': None}
29.5963 	DATA 	Keypress: 3
29.5966 	DATA 	Keypress: 2
29.5998 	EXP 	Stim: autoDraw = False
29.5998 	EXP 	Stim: image = 'TMTstop-A_1_1greenlinestimulus13.png'
29.5998 	EXP 	Stim: image = 'TMTstop-A_1_1greenlinestimulus13.png'
29.5998 	EXP 	Stim: autoDraw = True
29.6416 	EXP 	Stim: image = 'TMTstop-A_1_1redlinestimulus13.png'
29.6826 	EXP 	Stim: image = 'TMTstop-A_1_1redlinestimulus13.png'
29.7208 	DATA 	Keypress: 1
29.7243 	EXP 	Stim: image = 'TMTstop-A_1_1redlinestimulus13.png'
29.7662 	EXP 	Stim: image = 'TMTstop-A_1_1redlinestimulus13.png'
29.8074 	EXP 	Stim: image = 'TMTstop-A_1_1redlinestimulus13.png'
29.8462 	DATA 	Keypress: 2
29.8465 	DATA 	Keypress: 3
29.8495 	EXP 	Stim: image = 'TMTstop-A_1_1redlinestimulus13.png'
29.8534 	EXP 	New trial (rep=0, index=16): {'NumberLetter': 17, 'corrAns': ['2'], 'StimFile': 'TMTstop-A_1_1linestimulus14.png', 'Correct_StimFile': 'TMTstop-A_1_1greenlinestimulus14.png', 'False_StimFile': 'TMTstop-A_1_1redlinestimulus14.png', 'DurationTrial': None}
29.9263 	EXP 	Stim: autoDraw = False
29.9263 	EXP 	Stim: image = 'TMTstop-A_1_1greenlinestimulus14.png'
29.9263 	EXP 	Stim: image = 'TMTstop-A_1_1greenlinestimulus14.png'
29.9263 	EXP 	Stim: autoDraw = True
30.0053 	DATA 	Keypress: 1
30.0090 	EXP 	Stim: image = 'TMTstop-A_1_1redlinestimulus14.png'
30.0472 	DATA 	Keypress: 3
30.0506 	EXP 	Stim: image = 'TMTstop-A_1_1redlinestimulus14.png'
30.0887 	DATA 	Keypress: 2
30.0927 	EXP 	Stim: image = 'TMTstop-A_1_1redlinestimulus14.png'
30.0976 	EXP 	New trial (rep=0, index=17): {'NumberLetter': 18, 'corrAns': ['3'], 'StimFile': 'TMTstop-A_1_1linestimulus15.png', 'Correct_StimFile': 'TMTstop-A_1_1greenlinestimulus15.png', 'False_StimFile': 'TMTstop-A_1_1redlinestimulus15.png', 'DurationTrial': None}
30.1620 	EXP 	Stim: autoDraw = False
30.1620 	EXP 	Stim: image = 'TMTstop-A_1_1greenlinestimulus15.png'
30.1620 	EXP 	Stim: image = 'TMTstop-A_1_1greenlinestimulus15.png'
30.1620 	EXP 	Stim: autoDraw = True
30.1795 	EXP 	New trial (rep=0, index=18): {'NumberLetter': 19, 'corrAns': ['1'], 'StimFile': 'TMTstop-A_1_1linestimulus16.png', 'Correct_StimFile': 'TMTstop-A_1_1greenlinestimulus16.png', 'False_StimFile': 'TMTstop-A_1_1redlinestimulus16.png', 'DurationTrial': None}
30.2414 	DATA 	Keypress: 3
30.2442 	DATA 	Keypress: 1
30.2445 	DATA 	Keypress: 2
30.2461 	EXP 	Stim: autoDraw = False
30.2461 	EXP 	Stim: image = 'TMTstop-A_1_1greenlinestimulus16.png'
30.2461 	EXP 	Stim: image = 'TMTstop-A_1_1greenlinestimulus16.png'
30.2461 	EXP 	Stim: autoDraw = True
30.3248 	DATA 	Keypress: 1
30.3315 	EXP 	New trial (rep=0, index=19): {'NumberLetter': 20, 'corrAns': ['3'], 'StimFile': 'TMTstop-A_1_1linestimulus17.png', 'Correct_StimFile': 'TMTstop-A_1_1greenlinestimulus17.png', 'False_StimFile': 'TMTstop-A_1_1redlinestimulus17.png', 'DurationTrial': None}
30.4014 	DATA 	Keypress: 3
30.4015 	DATA 	Keypress: 2
30.4052 	EXP 	Stim: autoDraw = False
30.4052 	EXP 	Stim: image = 'TMTstop-A_1_1greenlinestimulus17.png'
30.4052 	EXP 	Stim: image = 'TMTstop-A_1_1greenlinestimulus17.png'
30.4052 	EXP 	Stim: autoDraw = True
30.4467 	EXP 	Stim: image = 'TMTstop-A_1_1redlinestimulus17.png'
30.4888 	EXP 	Stim: image = 'TMTstop-A_1_1redlinestimulus17.png'
30.5262 	DATA 	Keypress: 3
30.5300 	EXP 	Stim: image = 'TMTstop-A_1_1redlinestimulus17.png'
30.5341 	EXP 	New trial (rep=0, index=20): {'NumberLetter': 21, 'corrAns': ['1'], 'StimFile': 'TMTstop-A_1_1linestimulus18.png', 'Correct_StimFile': 'TMTstop-A_1_1greenlinestimulus18.png', 'False_StimFile': 'TMTstop-A_1_1redlinestimulus18.png', 'DurationTrial': None}
30.6026 	DATA 	Keypress: 1
30.6028 	DATA 	Keypress: 2
30.6067 	EXP 	Stim: autoDraw = False
30.6067 	EXP 	Stim: image = 'TMTstop-A_1_1greenlinestimulus18.png'
30.6067 	EXP 	Stim: image = 'TMTstop-A_1_1greenlinestimulus18.png'
30.6067 	EXP 	Stim: autoDraw = True
30.6446 	DATA 	Keypress: 1
30.6511 	EXP 	New trial (rep=0, index=21): {'NumberLetter': 22, 'corrAns': ['3'], 'StimFile': 'TMTstop-A_1_1linestimulus19.png', 'Correct_StimFile': 'TMTstop-A_1_1greenlinestimulus19.png', 'False_StimFile': 'TMTstop-A_1_1redlinestimulus19.png', 'DurationTrial': None}
30.7137 	DATA 	Keypress: 2
30.7140 	DATA 	Keypress: 3
30.7179 	EXP 	Stim: autoDraw = False
30.7179 	EXP 	Stim: image = 'TMTstop-A_1_1greenlinestimulus19.png'
30.7179 	EXP 	Stim: image = 'TMTstop-A_1_1greenlinestimulus19.png'
30.7179 	EXP 	Stim: autoDraw = True
30.7598 	EXP 	Stim: image = 'TMTstop-A_1_1redlinestimulus19.png'
30.8007 	EXP 	Stim: image = 'TMTstop-A_1_1redlinestimulus19.png'
30.8386 	DATA 	Keypress: 3
30.8422 	EXP 	Stim: image = 'TMTstop-A_1_1redlinestimulus19.png'
30.8457 	EXP 	New trial (rep=0, index=22): {'NumberLetter': 23, 'corrAns': ['1'], 'StimFile': 'TMTstop-A_1_1linestimulus20.png', 'Correct_StimFile': 'TMTstop-A_1_1greenlinestimulus20.png', 'False_StimFile': 'TMTstop-A_1_1redlinestimulus20.png', 'DurationTrial': None}
30.9151 	DATA 	Keypress: 1
30.9153 	DATA 	Keypress: 2
30.9191 	EXP 	Stim: autoDraw = False
30.9191 	EXP 	Stim: image = 'TMTstop-A_1_1greenlinestimulus20.png'
30.9191 	EXP 	Stim: image = 'TMTstop-A_1_1greenlinestimulus20.png'
30.9191 	EXP 	Stim: autoDraw = True
30.9567 	DATA 	Keypress: 1
30.9638 	EXP 	New trial (rep=0, index=23): {'NumberLetter': 24, 'corrAns': ['2'], 'StimFile': 'TMTstop-A_1_1linestimulus21.png', 'Correct_StimFile': 'TMTstop-A_1_1greenlinestimulus21.png', 'False_StimFile': 'TMTstop-A_1_1redlinestimulus21.png', 'DurationTrial': None}
31.0331 	DATA 	Keypress: 3
31.0332 	DATA 	Keypress: 2
31.0372 	EXP 	Stim: autoDraw = False
31.0372 	EXP 	Stim: image = 'TMTstop-A_1_1greenlinestimulus21.png'
31.0372 	EXP 	Stim: image = 'TMTstop-A_1_1greenlinestimulus21.png'
31.0372 	EXP 	Stim: autoDraw = True
31.0409 	EXP 	New trial (rep=0, index=24): {'NumberLetter': 25, 'corrAns': ['3'], 'StimFile': 'TMTstop-A_1_1linestimulus22.png', 'Correct_StimFile': 'TMTstop-A_1_1greenlinestimulus22.png', 'False_StimFile': 'TMTstop-A_1_1redlinestimulus22.png', 'DurationTrial': None}
31.1140 	EXP 	Stim: autoDraw = False
31.1140 	EXP 	Stim: image = 'TMTstop-A_1_1greenlinestimulus22.png'
31.1140 	EXP 	Stim: image = 'TMTstop-A_1_1greenlinestimulus22.png'
31.1140 	EXP 	Stim: autoDraw = True
31.1594 	DATA 	Keypress: 1
31.2141 	DATA 	Keypress: 2
31.7414 	DATA 	Keypress: 3
31.7491 	EXP 	New trial (rep=0, index=25): {'NumberLetter': None, 'corrAns': None, 'StimFile': 'TMTstop-A_1_1linestimulus23.png', 'Correct_StimFile': 'TMTstop-A_1_1greenlinestimulus23.png', 'False_StimFile': 'TMTstop-A_1_1redlinestimulus23.png', 'DurationTrial': None}
31.8150 	EXP 	Stim: autoDraw = False
31.8150 	EXP 	Stim: image = 'TMTstop-A_1_1greenlinestimulus23.png'
31.8150 	EXP 	Stim: image = 'TMTstop-A_1_1greenlinestimulus23.png'
31.8150 	EXP 	Stim: autoDraw = True
31.9086 	DATA 	Keypress: 3
32.8170 	EXP 	New trial (rep=1, index=0): {'NumberLetter': 1, 'corrAns': ['2'], 'StimFile': 'TMTstop-A_1_1.png', 'Correct_StimFile': 'TMTstop-A_1_1.png', 'False_StimFile': 'TMTstop-A_1_1.png', 'DurationTrial': 10}
32.8773 	EXP 	Stim: autoDraw = False
32.8773 	EXP 	Stim: image = 'TMTstop-A_1_1.png'
32.8773 	EXP 	Stim: image = 'TMTstop-A_1_1.png'
32.8773 	EXP 	Stim: autoDraw = True
33.4291 	DATA 	Keypress: 3
33.4671 	EXP 	Stim: image = 'TMTstop-A_1_1.png'
33.5018 	EXP 	Stim: image = 'TMTstop-A_1_1.png'
33.5437 	EXP 	Stim: image = 'TMTstop-A_1_1.png'
33.5747 	DATA 	Keypress: 1
33.5783 	EXP 	Stim: image = 'TMTstop-A_1_1.png'
33.6130 	EXP 	Stim: image = 'TMTstop-A_1_1.png'
33.6517 	DATA 	Keypress: 3
33.6547 	EXP 	Stim: image = 'TMTstop-A_1_1.png'
33.6926 	DATA 	Keypress: 2
33.6962 	EXP 	Stim: image = 'TMTstop-A_1_1.png'
33.6997 	EXP 	New trial (rep=1, index=1): {'NumberLetter': 2, 'corrAns': ['1'], 'StimFile': 'TMTstop-A_1_1.png', 'Correct_StimFile': 'TMTstop-A_1_1firstgreen.png', 'False_StimFile': 'TMTstop-A_1_1firstred.png', 'DurationTrial': 10}
33.7661 	EXP 	Stim: autoDraw = False
33.7661 	EXP 	Stim: image = 'TMTstop-A_1_1firstgreen.png'
33.7661 	EXP 	Stim: image = 'TMTstop-A_1_1firstgreen.png'
33.7661 	EXP 	Stim: autoDraw = True
33.7901 	DATA 	Keypress: 3
33.8319 	DATA 	Keypress: 1
33.8352 	EXP 	Stim: image = 'TMTstop-A_1_1firstred.png'
33.8665 	DATA 	Keypress: 2
33.8702 	EXP 	Stim: image = 'TMTstop-A_1_1firstred.png'
33.9115 	EXP 	Stim: image = 'TMTstop-A_1_1firstred.png'
33.9497 	DATA 	Keypress: 1
33.9535 	EXP 	Stim: image = 'TMTstop-A_1_1firstred.png'
33.9575 	EXP 	New trial (rep=1, index=2): {'NumberLetter': 3, 'corrAns': ['2'], 'StimFile': 'TMTstop-A_1_1linestimulus0.png', 'Correct_StimFile': 'TMTstop-A_1_1greenlinestimulus0.png', 'False_StimFile': 'TMTstop-A_1_1redlinestimulus0.png', 'DurationTrial': 10}
34.0191 	DATA 	Keypress: 2
34.0194 	DATA 	Keypress: 3
34.0232 	EXP 	Stim: autoDraw = False
34.0232 	EXP 	Stim: image = 'TMTstop-A_1_1greenlinestimulus0.png'
34.0232 	EXP 	Stim: image = 'TMTstop-A_1_1greenlinestimulus0.png'
34.0232 	EXP 	Stim: autoDraw = True
34.0278 	EXP 	New trial (rep=1, index=3): {'NumberLetter': 4, 'corrAns': ['3'], 'StimFile': 'TMTstop-A_1_1linestimulus1.png', 'Correct_StimFile': 'TMTstop-A_1_1greenlinestimulus1.png', 'False_StimFile': 'TMTstop-A_1_1redlinestimulus1.png', 'DurationTrial': 10}
34.0926 	EXP 	Stim: autoDraw = False
34.0926 	EXP 	Stim: image = 'TMTstop-A_1_1greenlinestimulus1.png'
34.0926 	EXP 	Stim: image = 'TMTstop-A_1_1greenlinestimulus1.png'
34.0926 	EXP 	Stim: autoDraw = True
34.1228 	EXP 	New trial (rep=1, index=4): {'NumberLetter': 5, 'corrAns': ['2'], 'StimFile': 'TMTstop-A_1_1linestimulus2.png', 'Correct_StimFile': 'TMTstop-A_1_1greenlinestimulus2.png', 'False_StimFile': 'TMTstop-A_1_1redlinestimulus2.png', 'DurationTrial': 10}
34.1858 	DATA 	Keypress: 3
34.1860 	DATA 	Keypress: 1
34.1867 	DATA 	Keypress: 2
34.1901 	EXP 	Stim: autoDraw = False
34.1901 	EXP 	Stim: image = 'TMTstop-A_1_1greenlinestimulus2.png'
34.1901 	EXP 	Stim: image = 'TMTstop-A_1_1greenlinestimulus2.png'
34.1901 	EXP 	Stim: autoDraw = True
34.2830 	DATA 	Keypress: 1
34.3177 	DATA 	Keypress: 2
34.3213 	EXP 	Stim: image = 'TMTstop-A_1_1redlinestimulus2.png'
34.3253 	EXP 	New trial (rep=1, index=5): {'NumberLetter': 6, 'corrAns': ['3'], 'StimFile': 'TMTstop-A_1_1linestimulus3.png', 'Correct_StimFile': 'TMTstop-A_1_1greenlinestimulus3.png', 'False_StimFile': 'TMTstop-A_1_1redlinestimulus3.png', 'DurationTrial': 10}
34.3877 	DATA 	Keypress: 3
34.3915 	EXP 	Stim: autoDraw = False
34.3915 	EXP 	Stim: image = 'TMTstop-A_1_1greenlinestimulus3.png'
34.3915 	EXP 	Stim: image = 'TMTstop-A_1_1greenlinestimulus3.png'
34.3915 	EXP 	Stim: autoDraw = True
34.4567 	DATA 	Keypress: 3
34.4633 	EXP 	New trial (rep=1, index=6): {'NumberLetter': 7, 'corrAns': ['2'], 'StimFile': 'TMTstop-A_1_1linestimulus4.png', 'Correct_StimFile': 'TMTstop-A_1_1greenlinestimulus4.png', 'False_StimFile': 'TMTstop-A_1_1redlinestimulus4.png', 'DurationTrial': 10}
34.5265 	DATA 	Keypress: 1
34.5272 	DATA 	Keypress: 2
34.5303 	EXP 	Stim: autoDraw = False
34.5303 	EXP 	Stim: image = 'TMTstop-A_1_1greenlinestimulus4.png'
34.5303 	EXP 	Stim: image = 'TMTstop-A_1_1greenlinestimulus4.png'
34.5303 	EXP 	Stim: autoDraw = True
34.6651 	DATA 	Keypress: 3
34.6652 	DATA 	Keypress: 1
34.7065 	DATA 	Keypress: 2
34.7101 	EXP 	Stim: image = 'TMTstop-A_1_1redlinestimulus4.png'
34.7137 	EXP 	New trial (rep=1, index=7): {'NumberLetter': 8, 'corrAns': ['1'], 'StimFile': 'TMTstop-A_1_1linestimulus5.png', 'Correct_StimFile': 'TMTstop-A_1_1greenlinestimulus5.png', 'False_StimFile': 'TMTstop-A_1_1redlinestimulus5.png', 'DurationTrial': 10}
34.7802 	EXP 	Stim: autoDraw = False
34.7802 	EXP 	Stim: image = 'TMTstop-A_1_1greenlinestimulus5.png'
34.7802 	EXP 	Stim: image = 'TMTstop-A_1_1greenlinestimulus5.png'
34.7802 	EXP 	Stim: autoDraw = True
34.8177 	DATA 	Keypress: 3
34.8594 	DATA 	Keypress: 1
34.8636 	EXP 	Stim: image = 'TMTstop-A_1_1redlinestimulus5.png'
34.9013 	DATA 	Keypress: 2
34.9045 	EXP 	Stim: image = 'TMTstop-A_1_1redlinestimulus5.png'
34.9462 	EXP 	Stim: image = 'TMTstop-A_1_1redlinestimulus5.png'
34.9880 	EXP 	Stim: image = 'TMTstop-A_1_1redlinestimulus5.png'
35.0260 	DATA 	Keypress: 1
35.0296 	EXP 	Stim: image = 'TMTstop-A_1_1redlinestimulus5.png'
35.0336 	EXP 	New trial (rep=1, index=8): {'NumberLetter': 9, 'corrAns': ['2'], 'StimFile': 'TMTstop-A_1_1linestimulus6.png', 'Correct_StimFile': 'TMTstop-A_1_1greenlinestimulus6.png', 'False_StimFile': 'TMTstop-A_1_1redlinestimulus6.png', 'DurationTrial': 10}
35.0960 	DATA 	Keypress: 3
35.0965 	DATA 	Keypress: 2
35.0998 	EXP 	Stim: autoDraw = False
35.0998 	EXP 	Stim: image = 'TMTstop-A_1_1greenlinestimulus6.png'
35.0998 	EXP 	Stim: image = 'TMTstop-A_1_1greenlinestimulus6.png'
35.0998 	EXP 	Stim: autoDraw = True
35.1037 	EXP 	New trial (rep=1, index=9): {'NumberLetter': 10, 'corrAns': ['1'], 'StimFile': 'TMTstop-A_1_1linestimulus7.png', 'Correct_StimFile': 'TMTstop-A_1_1greenlinestimulus7.png', 'False_StimFile': 'TMTstop-A_1_1redlinestimulus7.png', 'DurationTrial': 10}
35.1650 	DATA 	Keypress: 3
35.1699 	EXP 	Stim: autoDraw = False
35.1699 	EXP 	Stim: image = 'TMTstop-A_1_1greenlinestimulus7.png'
35.1699 	EXP 	Stim: image = 'TMTstop-A_1_1greenlinestimulus7.png'
35.1699 	EXP 	Stim: autoDraw = True
35.2072 	DATA 	Keypress: 1
35.2105 	EXP 	Stim: image = 'TMTstop-A_1_1redlinestimulus7.png'
35.2484 	DATA 	Keypress: 2
35.2518 	EXP 	Stim: image = 'TMTstop-A_1_1redlinestimulus7.png'
35.2867 	EXP 	Stim: image = 'TMTstop-A_1_1redlinestimulus7.png'
35.3258 	DATA 	Keypress: 3
35.3285 	EXP 	Stim: image = 'TMTstop-A_1_1redlinestimulus7.png'
35.3697 	EXP 	Stim: image = 'TMTstop-A_1_1redlinestimulus7.png'
35.4117 	EXP 	Stim: image = 'TMTstop-A_1_1redlinestimulus7.png'
35.4499 	DATA 	Keypress: 3
35.4535 	EXP 	Stim: image = 'TMTstop-A_1_1redlinestimulus7.png'
35.5018 	EXP 	Stim: image = 'TMTstop-A_1_1redlinestimulus7.png'
35.5435 	EXP 	Stim: image = 'TMTstop-A_1_1redlinestimulus7.png'
35.5854 	EXP 	Stim: image = 'TMTstop-A_1_1redlinestimulus7.png'
35.6233 	DATA 	Keypress: 3
35.6267 	EXP 	Stim: image = 'TMTstop-A_1_1redlinestimulus7.png'
35.6652 	DATA 	Keypress: 3
35.6693 	EXP 	Stim: image = 'TMTstop-A_1_1redlinestimulus7.png'
35.7174 	EXP 	Stim: image = 'TMTstop-A_1_1redlinestimulus7.png'
35.7603 	EXP 	Stim: image = 'TMTstop-A_1_1redlinestimulus7.png'
35.8003 	EXP 	Stim: image = 'TMTstop-A_1_1redlinestimulus7.png'
35.8387 	DATA 	Keypress: 1
35.8392 	DATA 	Keypress: 3
35.8425 	EXP 	Stim: image = 'TMTstop-A_1_1redlinestimulus7.png'
35.8474 	EXP 	New trial (rep=1, index=10): {'NumberLetter': 11, 'corrAns': ['2'], 'StimFile': 'TMTstop-A_1_1linestimulus8.png', 'Correct_StimFile': 'TMTstop-A_1_1greenlinestimulus8.png', 'False_StimFile': 'TMTstop-A_1_1redlinestimulus8.png', 'DurationTrial': 10}
35.9190 	EXP 	Stim: autoDraw = False
35.9190 	EXP 	Stim: image = 'TMTstop-A_1_1greenlinestimulus8.png'
35.9190 	EXP 	Stim: image = 'TMTstop-A_1_1greenlinestimulus8.png'
35.9190 	EXP 	Stim: autoDraw = True
36.0124 	DATA 	Keypress: 1
36.1093 	DATA 	Keypress: 1
36.1129 	EXP 	Stim: image = 'TMTstop-A_1_1redlinestimulus8.png'
36.1552 	EXP 	Stim: image = 'TMTstop-A_1_1redlinestimulus8.png'
36.1961 	EXP 	Stim: image = 'TMTstop-A_1_1redlinestimulus8.png'
36.2313 	EXP 	Stim: image = 'TMTstop-A_1_1redlinestimulus8.png'
36.2690 	DATA 	Keypress: 1
36.2727 	EXP 	Stim: image = 'TMTstop-A_1_1redlinestimulus8.png'
36.3075 	EXP 	Stim: image = 'TMTstop-A_1_1redlinestimulus8.png'
36.3454 	DATA 	Keypress: 1
36.3490 	EXP 	Stim: image = 'TMTstop-A_1_1redlinestimulus8.png'
36.3912 	EXP 	Stim: image = 'TMTstop-A_1_1redlinestimulus8.png'
36.4419 	EXP 	Stim: image = 'TMTstop-A_1_1redlinestimulus8.png'
36.4848 	DATA 	Keypress: 1
36.4890 	EXP 	Stim: image = 'TMTstop-A_1_1redlinestimulus8.png'
36.4937 	EXP 	New trial (rep=1, index=11): {'NumberLetter': 12, 'corrAns': ['3'], 'StimFile': 'TMTstop-A_1_1linestimulus9.png', 'Correct_StimFile': 'TMTstop-A_1_1greenlinestimulus9.png', 'False_StimFile': 'TMTstop-A_1_1redlinestimulus9.png', 'DurationTrial': 10}
36.5680 	DATA 	Keypress: 2
36.5727 	EXP 	Stim: autoDraw = False
36.5727 	EXP 	Stim: image = 'TMTstop-A_1_1greenlinestimulus9.png'
36.5727 	EXP 	Stim: image = 'TMTstop-A_1_1greenlinestimulus9.png'
36.5727 	EXP 	Stim: autoDraw = True
36.6520 	DATA 	Keypress: 2
36.7348 	DATA 	Keypress: 2
36.7876 	EXP 	Stim: image = 'TMTstop-A_1_1redlinestimulus9.png'
36.8358 	EXP 	Stim: image = 'TMTstop-A_1_1redlinestimulus9.png'
36.8813 	DATA 	Keypress: 2
36.8851 	EXP 	Stim: image = 'TMTstop-A_1_1redlinestimulus9.png'
36.9219 	DATA 	Keypress: 2
36.9256 	EXP 	Stim: image = 'TMTstop-A_1_1redlinestimulus9.png'
36.9670 	EXP 	Stim: image = 'TMTstop-A_1_1redlinestimulus9.png'
37.0088 	EXP 	Stim: image = 'TMTstop-A_1_1redlinestimulus9.png'
37.0504 	EXP 	Stim: image = 'TMTstop-A_1_1redlinestimulus9.png'
37.0888 	DATA 	Keypress: 2
37.0921 	EXP 	Stim: image = 'TMTstop-A_1_1redlinestimulus9.png'
37.1301 	DATA 	Keypress: 2
37.1338 	EXP 	Stim: image = 'TMTstop-A_1_1redlinestimulus9.png'
37.1825 	EXP 	Stim: image = 'TMTstop-A_1_1redlinestimulus9.png'
37.2240 	EXP 	Stim: image = 'TMTstop-A_1_1redlinestimulus9.png'
37.2656 	EXP 	Stim: image = 'TMTstop-A_1_1redlinestimulus9.png'
37.3039 	DATA 	Keypress: 2
37.3075 	EXP 	Stim: image = 'TMTstop-A_1_1redlinestimulus9.png'
37.3421 	EXP 	Stim: image = 'TMTstop-A_1_1redlinestimulus9.png'
37.3801 	DATA 	Keypress: 3
37.3841 	EXP 	Stim: image = 'TMTstop-A_1_1redlinestimulus9.png'
37.3876 	EXP 	New trial (rep=1, index=12): {'NumberLetter': 13, 'corrAns': ['2'], 'StimFile': 'TMTstop-A_1_1linestimulus10.png', 'Correct_StimFile': 'TMTstop-A_1_1greenlinestimulus10.png', 'False_StimFile': 'TMTstop-A_1_1redlinestimulus10.png', 'DurationTrial': 1}
37.4605 	EXP 	Stim: autoDraw = False
37.4605 	EXP 	Stim: image = 'TMTstop-A_1_1greenlinestimulus10.png'
37.4605 	EXP 	Stim: image = 'TMTstop-A_1_1greenlinestimulus10.png'
37.4605 	EXP 	Stim: autoDraw = True
37.5677 	DATA 	Keypress: 1
37.6093 	DATA 	Keypress: 3
37.6129 	EXP 	Stim: image = 'TMTstop-A_1_1redlinestimulus10.png'
37.6511 	DATA 	Keypress: 2
37.6547 	EXP 	Stim: image = 'TMTstop-A_1_1redlinestimulus10.png'
37.6592 	EXP 	New trial (rep=1, index=13): {'NumberLetter': 14, 'corrAns': ['3'], 'StimFile': 'TMTstop-A_1_1linestimulus11.png', 'Correct_StimFile': 'TMTstop-A_1_1greenlinestimulus11.png', 'False_StimFile': 'TMTstop-A_1_1redlinestimulus11.png', 'DurationTrial': None}
37.7245 	EXP 	Stim: autoDraw = False
37.7245 	EXP 	Stim: image = 'TMTstop-A_1_1greenlinestimulus11.png'
37.7245 	EXP 	Stim: image = 'TMTstop-A_1_1greenlinestimulus11.png'
37.7245 	EXP 	Stim: autoDraw = True
37.7621 	DATA 	Keypress: 3
37.7685 	EXP 	New trial (rep=1, index=14): {'NumberLetter': 15, 'corrAns': ['1'], 'StimFile': 'TMTstop-A_1_1linestimulus12.png', 'Correct_StimFile': 'TMTstop-A_1_1greenlinestimulus12.png', 'False_StimFile': 'TMTstop-A_1_1redlinestimulus12.png', 'DurationTrial': None}
37.8392 	DATA 	Keypress: 1
37.8406 	DATA 	Keypress: 2
37.8434 	EXP 	Stim: autoDraw = False
37.8434 	EXP 	Stim: image = 'TMTstop-A_1_1greenlinestimulus12.png'
37.8434 	EXP 	Stim: image = 'TMTstop-A_1_1greenlinestimulus12.png'
37.8434 	EXP 	Stim: autoDraw = True
37.9153 	EXP 	New trial (rep=1, index=15): {'NumberLetter': 16, 'corrAns': ['3'], 'StimFile': 'TMTstop-A_1_1linestimulus13.png', 'Correct_StimFile': 'TMTstop-A_1_1greenlinestimulus13.png', 'False_StimFile': 'TMTstop-A_1_1redlinestimulus13.png', 'DurationTrial': None}
37.9843 	DATA 	Keypress: 1
37.9845 	DATA 	Keypress: 3
37.9846 	DATA 	Keypress: 2
37.9886 	EXP 	Stim: autoDraw = False
37.9886 	EXP 	Stim: image = 'TMTstop-A_1_1greenlinestimulus13.png'
37.9886 	EXP 	Stim: image = 'TMTstop-A_1_1greenlinestimulus13.png'
37.9886 	EXP 	Stim: autoDraw = True
38.0299 	EXP 	Stim: image = 'TMTstop-A_1_1redlinestimulus13.png'
38.0677 	DATA 	Keypress: 3
38.0713 	EXP 	Stim: image = 'TMTstop-A_1_1redlinestimulus13.png'
38.0748 	EXP 	New trial (rep=1, index=16): {'NumberLetter': 17, 'corrAns': ['2'], 'StimFile': 'TMTstop-A_1_1linestimulus14.png', 'Correct_StimFile': 'TMTstop-A_1_1greenlinestimulus14.png', 'False_StimFile': 'TMTstop-A_1_1redlinestimulus14.png', 'DurationTrial': None}
38.1377 	DATA 	Keypress: 1
38.1384 	DATA 	Keypress: 2
38.1417 	EXP 	Stim: autoDraw = False
38.1417 	EXP 	Stim: image = 'TMTstop-A_1_1greenlinestimulus14.png'
38.1417 	EXP 	Stim: image = 'TMTstop-A_1_1greenlinestimulus14.png'
38.1417 	EXP 	Stim: autoDraw = True
38.2204 	DATA 	Keypress: 1
38.2657 	EXP 	Stim: image = 'TMTstop-A_1_1redlinestimulus14.png'
38.3039 	DATA 	Keypress: 3
38.3074 	EXP 	Stim: image = 'TMTstop-A_1_1redlinestimulus14.png'
38.3454 	DATA 	Keypress: 2
38.3490 	EXP 	Stim: image = 'TMTstop-A_1_1redlinestimulus14.png'
38.3527 	EXP 	New trial (rep=1, index=17): {'NumberLetter': 18, 'corrAns': ['3'], 'StimFile': 'TMTstop-A_1_1linestimulus15.png', 'Correct_StimFile': 'TMTstop-A_1_1greenlinestimulus15.png', 'False_StimFile': 'TMTstop-A_1_1redlinestimulus15.png', 'DurationTrial': None}
38.4147 	DATA 	Keypress: 3
38.4187 	EXP 	Stim: autoDraw = False
38.4187 	EXP 	Stim: image = 'TMTstop-A_1_1greenlinestimulus15.png'
38.4187 	EXP 	Stim: image = 'TMTstop-A_1_1greenlinestimulus15.png'
38.4187 	EXP 	Stim: autoDraw = True
38.4230 	EXP 	New trial (rep=1, index=18): {'NumberLetter': 19, 'corrAns': ['1'], 'StimFile': 'TMTstop-A_1_1linestimulus16.png', 'Correct_StimFile': 'TMTstop-A_1_1greenlinestimulus16.png', 'False_StimFile': 'TMTstop-A_1_1redlinestimulus16.png', 'DurationTrial': None}
38.4914 	DATA 	Keypress: 1
38.4918 	DATA 	Keypress: 2
38.4954 	EXP 	Stim: autoDraw = False
38.4954 	EXP 	Stim: image = 'TMTstop-A_1_1greenlinestimulus16.png'
38.4954 	EXP 	Stim: image = 'TMTstop-A_1_1greenlinestimulus16.png'
38.4954 	EXP 	Stim: autoDraw = True
38.5606 	DATA 	Keypress: 1
38.5674 	EXP 	New trial (rep=1, index=19): {'NumberLetter': 20, 'corrAns': ['3'], 'StimFile': 'TMTstop-A_1_1linestimulus17.png', 'Correct_StimFile': 'TMTstop-A_1_1greenlinestimulus17.png', 'False_StimFile': 'TMTstop-A_1_1redlinestimulus17.png', 'DurationTrial': None}
38.6310 	DATA 	Keypress: 3
38.6345 	EXP 	Stim: autoDraw = False
38.6345 	EXP 	Stim: image = 'TMTstop-A_1_1greenlinestimulus17.png'
38.6345 	EXP 	Stim: image = 'TMTstop-A_1_1greenlinestimulus17.png'
38.6345 	EXP 	Stim: autoDraw = True
38.6995 	DATA 	Keypress: 2
38.7031 	EXP 	Stim: image = 'TMTstop-A_1_1redlinestimulus17.png'
38.7412 	DATA 	Keypress: 3
38.7449 	EXP 	Stim: image = 'TMTstop-A_1_1redlinestimulus17.png'
38.7490 	EXP 	New trial (rep=1, index=20): {'NumberLetter': 21, 'corrAns': ['1'], 'StimFile': 'TMTstop-A_1_1linestimulus18.png', 'Correct_StimFile': 'TMTstop-A_1_1greenlinestimulus18.png', 'False_StimFile': 'TMTstop-A_1_1redlinestimulus18.png', 'DurationTrial': None}
38.8177 	DATA 	Keypress: 1
38.8180 	DATA 	Keypress: 2
38.8218 	EXP 	Stim: autoDraw = False
38.8218 	EXP 	Stim: image = 'TMTstop-A_1_1greenlinestimulus18.png'
38.8218 	EXP 	Stim: image = 'TMTstop-A_1_1greenlinestimulus18.png'
38.8218 	EXP 	Stim: autoDraw = True
38.9185 	EXP 	New trial (rep=1, index=21): {'NumberLetter': 22, 'corrAns': ['3'], 'StimFile': 'TMTstop-A_1_1linestimulus19.png', 'Correct_StimFile': 'TMTstop-A_1_1greenlinestimulus19.png', 'False_StimFile': 'TMTstop-A_1_1redlinestimulus19.png', 'DurationTrial': None}
38.9842 	DATA 	Keypress: 1
38.9844 	DATA 	Keypress: 3
38.9846 	DATA 	Keypress: 2
38.9885 	EXP 	Stim: autoDraw = False
38.9885 	EXP 	Stim: image = 'TMTstop-A_1_1greenlinestimulus19.png'
38.9885 	EXP 	Stim: image = 'TMTstop-A_1_1greenlinestimulus19.png'
38.9885 	EXP 	Stim: autoDraw = True
39.0295 	EXP 	Stim: image = 'TMTstop-A_1_1redlinestimulus19.png'
39.0712 	EXP 	Stim: image = 'TMTstop-A_1_1redlinestimulus19.png'
39.1092 	DATA 	Keypress: 3
39.1132 	EXP 	Stim: image = 'TMTstop-A_1_1redlinestimulus19.png'
39.1166 	EXP 	New trial (rep=1, index=22): {'NumberLetter': 23, 'corrAns': ['1'], 'StimFile': 'TMTstop-A_1_1linestimulus20.png', 'Correct_StimFile': 'TMTstop-A_1_1greenlinestimulus20.png', 'False_StimFile': 'TMTstop-A_1_1redlinestimulus20.png', 'DurationTrial': None}
39.1864 	DATA 	Keypress: 1
39.1872 	DATA 	Keypress: 2
39.1912 	EXP 	Stim: autoDraw = False
39.1912 	EXP 	Stim: image = 'TMTstop-A_1_1greenlinestimulus20.png'
39.1912 	EXP 	Stim: image = 'TMTstop-A_1_1greenlinestimulus20.png'
39.1912 	EXP 	Stim: autoDraw = True
39.2274 	DATA 	Keypress: 1
39.2339 	EXP 	New trial (rep=1, index=23): {'NumberLetter': 24, 'corrAns': ['2'], 'StimFile': 'TMTstop-A_1_1linestimulus21.png', 'Correct_StimFile': 'TMTstop-A_1_1greenlinestimulus21.png', 'False_StimFile': 'TMTstop-A_1_1redlinestimulus21.png', 'DurationTrial': None}
39.2971 	DATA 	Keypress: 3
39.3013 	EXP 	Stim: autoDraw = False
39.3013 	EXP 	Stim: image = 'TMTstop-A_1_1greenlinestimulus21.png'
39.3013 	EXP 	Stim: image = 'TMTstop-A_1_1greenlinestimulus21.png'
39.3013 	EXP 	Stim: autoDraw = True
39.3246 	DATA 	Keypress: 2
39.3312 	EXP 	New trial (rep=1, index=24): {'NumberLetter': 25, 'corrAns': ['3'], 'StimFile': 'TMTstop-A_1_1linestimulus22.png', 'Correct_StimFile': 'TMTstop-A_1_1greenlinestimulus22.png', 'False_StimFile': 'TMTstop-A_1_1redlinestimulus22.png', 'DurationTrial': None}
39.3983 	EXP 	Stim: autoDraw = False
39.3983 	EXP 	Stim: image = 'TMTstop-A_1_1greenlinestimulus22.png'
39.3983 	EXP 	Stim: image = 'TMTstop-A_1_1greenlinestimulus22.png'
39.3983 	EXP 	Stim: autoDraw = True
39.4222 	DATA 	Keypress: 1
39.4636 	DATA 	Keypress: 2
40.0465 	EXP 	New trial (rep=1, index=25): {'NumberLetter': None, 'corrAns': None, 'StimFile': 'TMTstop-A_1_1linestimulus23.png', 'Correct_StimFile': 'TMTstop-A_1_1greenlinestimulus23.png', 'False_StimFile': 'TMTstop-A_1_1redlinestimulus23.png', 'DurationTrial': None}
40.1092 	DATA 	Keypress: 3
40.1133 	EXP 	Stim: autoDraw = False
40.1133 	EXP 	Stim: image = 'TMTstop-A_1_1greenlinestimulus23.png'
40.1133 	EXP 	Stim: image = 'TMTstop-A_1_1greenlinestimulus23.png'
40.1133 	EXP 	Stim: autoDraw = True
40.2205 	DATA 	Keypress: 3
44.5190 	DATA 	Keypress: 3
44.5710 	EXP 	Stim: image = 'TMTstop-A_1_1redlinestimulus23.png'
44.6127 	EXP 	Stim: image = 'TMTstop-A_1_1redlinestimulus23.png'
44.6545 	EXP 	Stim: image = 'TMTstop-A_1_1redlinestimulus23.png'
44.6960 	EXP 	Stim: image = 'TMTstop-A_1_1redlinestimulus23.png'
44.7376 	EXP 	Stim: image = 'TMTstop-A_1_1redlinestimulus23.png'
44.7764 	DATA 	Keypress: 3
44.7798 	EXP 	Stim: image = 'TMTstop-A_1_1redlinestimulus23.png'
44.8210 	EXP 	Stim: image = 'TMTstop-A_1_1redlinestimulus23.png'
44.8628 	EXP 	Stim: image = 'TMTstop-A_1_1redlinestimulus23.png'
44.9043 	EXP 	Stim: image = 'TMTstop-A_1_1redlinestimulus23.png'
44.9460 	EXP 	Stim: image = 'TMTstop-A_1_1redlinestimulus23.png'
44.9878 	EXP 	Stim: image = 'TMTstop-A_1_1redlinestimulus23.png'
45.0294 	EXP 	Stim: image = 'TMTstop-A_1_1redlinestimulus23.png'
45.0711 	EXP 	Stim: image = 'TMTstop-A_1_1redlinestimulus23.png'
45.1134 	EXP 	Stim: image = 'TMTstop-A_1_1redlinestimulus23.png'
45.1544 	EXP 	Stim: image = 'TMTstop-A_1_1redlinestimulus23.png'
45.1965 	EXP 	Stim: image = 'TMTstop-A_1_1redlinestimulus23.png'
45.2378 	EXP 	Stim: image = 'TMTstop-A_1_1redlinestimulus23.png'
45.2793 	EXP 	Stim: image = 'TMTstop-A_1_1redlinestimulus23.png'
45.3213 	EXP 	Stim: image = 'TMTstop-A_1_1redlinestimulus23.png'
45.3629 	EXP 	Stim: image = 'TMTstop-A_1_1redlinestimulus23.png'
45.4044 	EXP 	Stim: image = 'TMTstop-A_1_1redlinestimulus23.png'
45.4460 	EXP 	Stim: image = 'TMTstop-A_1_1redlinestimulus23.png'
45.4877 	EXP 	Stim: image = 'TMTstop-A_1_1redlinestimulus23.png'
45.5295 	EXP 	Stim: image = 'TMTstop-A_1_1redlinestimulus23.png'
45.5711 	EXP 	Stim: image = 'TMTstop-A_1_1redlinestimulus23.png'
45.6126 	EXP 	Stim: image = 'TMTstop-A_1_1redlinestimulus23.png'
45.6544 	EXP 	Stim: image = 'TMTstop-A_1_1redlinestimulus23.png'
45.6960 	EXP 	Stim: image = 'TMTstop-A_1_1redlinestimulus23.png'
45.7376 	EXP 	Stim: image = 'TMTstop-A_1_1redlinestimulus23.png'
45.7793 	EXP 	Stim: image = 'TMTstop-A_1_1redlinestimulus23.png'
45.8210 	EXP 	Stim: image = 'TMTstop-A_1_1redlinestimulus23.png'
45.8627 	EXP 	Stim: image = 'TMTstop-A_1_1redlinestimulus23.png'
45.9043 	EXP 	Stim: image = 'TMTstop-A_1_1redlinestimulus23.png'
45.9464 	EXP 	Stim: image = 'TMTstop-A_1_1redlinestimulus23.png'
45.9877 	EXP 	Stim: image = 'TMTstop-A_1_1redlinestimulus23.png'
46.0293 	EXP 	Stim: image = 'TMTstop-A_1_1redlinestimulus23.png'
46.0712 	EXP 	Stim: image = 'TMTstop-A_1_1redlinestimulus23.png'
46.1129 	EXP 	Stim: image = 'TMTstop-A_1_1redlinestimulus23.png'
46.1544 	EXP 	Stim: image = 'TMTstop-A_1_1redlinestimulus23.png'
46.1969 	EXP 	Stim: image = 'TMTstop-A_1_1redlinestimulus23.png'
46.2340 	DATA 	Keypress: 3
46.2376 	EXP 	Stim: image = 'TMTstop-A_1_1redlinestimulus23.png'
46.2794 	EXP 	Stim: image = 'TMTstop-A_1_1redlinestimulus23.png'
46.3211 	EXP 	Stim: image = 'TMTstop-A_1_1redlinestimulus23.png'
46.3627 	EXP 	Stim: image = 'TMTstop-A_1_1redlinestimulus23.png'
46.4045 	EXP 	Stim: image = 'TMTstop-A_1_1redlinestimulus23.png'
46.4464 	EXP 	Stim: image = 'TMTstop-A_1_1redlinestimulus23.png'
46.4842 	DATA 	Keypress: 3
46.4878 	EXP 	Stim: image = 'TMTstop-A_1_1redlinestimulus23.png'
46.5295 	EXP 	Stim: image = 'TMTstop-A_1_1redlinestimulus23.png'
46.5710 	EXP 	Stim: image = 'TMTstop-A_1_1redlinestimulus23.png'
46.6127 	EXP 	Stim: image = 'TMTstop-A_1_1redlinestimulus23.png'
46.6542 	EXP 	Stim: image = 'TMTstop-A_1_1redlinestimulus23.png'
46.6960 	EXP 	Stim: image = 'TMTstop-A_1_1redlinestimulus23.png'
46.7376 	EXP 	Stim: image = 'TMTstop-A_1_1redlinestimulus23.png'
46.7757 	DATA 	Keypress: 1
46.7793 	EXP 	Stim: image = 'TMTstop-A_1_1redlinestimulus23.png'
46.8211 	EXP 	Stim: image = 'TMTstop-A_1_1redlinestimulus23.png'
46.8626 	EXP 	Stim: image = 'TMTstop-A_1_1redlinestimulus23.png'
46.9050 	EXP 	Stim: image = 'TMTstop-A_1_1redlinestimulus23.png'
46.9539 	EXP 	Stim: image = 'TMTstop-A_1_1redlinestimulus23.png'
47.0024 	EXP 	Stim: image = 'TMTstop-A_1_1redlinestimulus23.png'
47.0477 	DATA 	Keypress: 1
47.0516 	EXP 	Stim: image = 'TMTstop-A_1_1redlinestimulus23.png'
47.0996 	EXP 	Stim: image = 'TMTstop-A_1_1redlinestimulus23.png'
47.1482 	EXP 	Stim: image = 'TMTstop-A_1_1redlinestimulus23.png'
47.1982 	EXP 	Stim: image = 'TMTstop-A_1_1redlinestimulus23.png'
47.2414 	DATA 	Keypress: 2
47.2458 	EXP 	Stim: image = 'TMTstop-A_1_1redlinestimulus23.png'
47.2944 	EXP 	Stim: image = 'TMTstop-A_1_1redlinestimulus23.png'
47.3434 	EXP 	Stim: image = 'TMTstop-A_1_1redlinestimulus23.png'
47.3912 	EXP 	Stim: image = 'TMTstop-A_1_1redlinestimulus23.png'
47.4321 	EXP 	Stim: image = 'TMTstop-A_1_1redlinestimulus23.png'
47.4737 	EXP 	Stim: image = 'TMTstop-A_1_1redlinestimulus23.png'
47.5123 	DATA 	Keypress: 2
47.5125 	DATA 	Keypress: 3
47.5155 	EXP 	Stim: image = 'TMTstop-A_1_1redlinestimulus23.png'
47.5570 	EXP 	Stim: image = 'TMTstop-A_1_1redlinestimulus23.png'
47.5987 	EXP 	Stim: image = 'TMTstop-A_1_1redlinestimulus23.png'
47.6405 	EXP 	Stim: image = 'TMTstop-A_1_1redlinestimulus23.png'
47.6820 	EXP 	Stim: image = 'TMTstop-A_1_1redlinestimulus23.png'
47.7238 	EXP 	Stim: image = 'TMTstop-A_1_1redlinestimulus23.png'
47.7618 	DATA 	Keypress: 1
47.7657 	EXP 	Stim: image = 'TMTstop-A_1_1redlinestimulus23.png'
47.8037 	DATA 	Keypress: 3
47.8072 	EXP 	Stim: image = 'TMTstop-A_1_1redlinestimulus23.png'
47.8462 	DATA 	Keypress: 2
47.8490 	EXP 	Stim: image = 'TMTstop-A_1_1redlinestimulus23.png'
47.8907 	EXP 	Stim: image = 'TMTstop-A_1_1redlinestimulus23.png'
47.9320 	EXP 	Stim: image = 'TMTstop-A_1_1redlinestimulus23.png'
47.9702 	DATA 	Keypress: 3
47.9738 	EXP 	Stim: image = 'TMTstop-A_1_1redlinestimulus23.png'
48.0119 	DATA 	Keypress: 1
48.0154 	EXP 	Stim: image = 'TMTstop-A_1_1redlinestimulus23.png'
48.0541 	DATA 	Keypress: 2
48.0572 	EXP 	Stim: image = 'TMTstop-A_1_1redlinestimulus23.png'
48.0988 	EXP 	Stim: image = 'TMTstop-A_1_1redlinestimulus23.png'
48.1403 	EXP 	Stim: image = 'TMTstop-A_1_1redlinestimulus23.png'
48.1786 	DATA 	Keypress: 1
48.1823 	EXP 	Stim: image = 'TMTstop-A_1_1redlinestimulus23.png'
48.2202 	DATA 	Keypress: 2
48.2242 	EXP 	Stim: image = 'TMTstop-A_1_1redlinestimulus23.png'
48.2623 	DATA 	Keypress: 3
48.2656 	EXP 	Stim: image = 'TMTstop-A_1_1redlinestimulus23.png'
48.3070 	EXP 	Stim: image = 'TMTstop-A_1_1redlinestimulus23.png'
48.3451 	DATA 	Keypress: 3
48.3490 	EXP 	Stim: image = 'TMTstop-A_1_1redlinestimulus23.png'
48.3868 	DATA 	Keypress: 1
48.3875 	DATA 	Keypress: 2
48.3905 	EXP 	Stim: image = 'TMTstop-A_1_1redlinestimulus23.png'
48.4320 	EXP 	Stim: image = 'TMTstop-A_1_1redlinestimulus23.png'
48.4702 	DATA 	Keypress: 3
48.4739 	EXP 	Stim: image = 'TMTstop-A_1_1redlinestimulus23.png'
48.5154 	EXP 	Stim: image = 'TMTstop-A_1_1redlinestimulus23.png'
48.5571 	EXP 	Stim: image = 'TMTstop-A_1_1redlinestimulus23.png'
48.5987 	EXP 	Stim: image = 'TMTstop-A_1_1redlinestimulus23.png'
48.6404 	EXP 	Stim: image = 'TMTstop-A_1_1redlinestimulus23.png'
48.6826 	EXP 	Stim: image = 'TMTstop-A_1_1redlinestimulus23.png'
48.7236 	EXP 	Stim: image = 'TMTstop-A_1_1redlinestimulus23.png'
48.7726 	EXP 	Stim: image = 'TMTstop-A_1_1redlinestimulus23.png'
48.8212 	EXP 	Stim: image = 'TMTstop-A_1_1redlinestimulus23.png'
48.8637 	EXP 	Stim: image = 'TMTstop-A_1_1redlinestimulus23.png'
48.9051 	EXP 	Stim: image = 'TMTstop-A_1_1redlinestimulus23.png'
48.9528 	EXP 	Stim: image = 'TMTstop-A_1_1redlinestimulus23.png'
48.9950 	EXP 	Stim: image = 'TMTstop-A_1_1redlinestimulus23.png'
49.0363 	EXP 	Stim: image = 'TMTstop-A_1_1redlinestimulus23.png'
49.0790 	EXP 	Stim: image = 'TMTstop-A_1_1redlinestimulus23.png'
49.1198 	EXP 	Stim: image = 'TMTstop-A_1_1redlinestimulus23.png'
49.1618 	EXP 	Stim: image = 'TMTstop-A_1_1redlinestimulus23.png'
49.2037 	EXP 	Stim: image = 'TMTstop-A_1_1redlinestimulus23.png'
49.2457 	EXP 	Stim: image = 'TMTstop-A_1_1redlinestimulus23.png'
49.2862 	EXP 	Stim: image = 'TMTstop-A_1_1redlinestimulus23.png'
49.3291 	EXP 	Stim: image = 'TMTstop-A_1_1redlinestimulus23.png'
49.3696 	EXP 	Stim: image = 'TMTstop-A_1_1redlinestimulus23.png'
49.4118 	EXP 	Stim: image = 'TMTstop-A_1_1redlinestimulus23.png'
49.4604 	EXP 	Stim: image = 'TMTstop-A_1_1redlinestimulus23.png'
49.5084 	EXP 	Stim: image = 'TMTstop-A_1_1redlinestimulus23.png'
49.5505 	EXP 	Stim: image = 'TMTstop-A_1_1redlinestimulus23.png'
49.5988 	EXP 	Stim: image = 'TMTstop-A_1_1redlinestimulus23.png'
49.6407 	EXP 	Stim: image = 'TMTstop-A_1_1redlinestimulus23.png'
49.6822 	EXP 	Stim: image = 'TMTstop-A_1_1redlinestimulus23.png'
49.7241 	EXP 	Stim: image = 'TMTstop-A_1_1redlinestimulus23.png'
49.7656 	EXP 	Stim: image = 'TMTstop-A_1_1redlinestimulus23.png'
49.8070 	EXP 	Stim: image = 'TMTstop-A_1_1redlinestimulus23.png'
49.8486 	EXP 	Stim: image = 'TMTstop-A_1_1redlinestimulus23.png'
49.8907 	EXP 	Stim: image = 'TMTstop-A_1_1redlinestimulus23.png'
49.9320 	EXP 	Stim: image = 'TMTstop-A_1_1redlinestimulus23.png'
49.9738 	EXP 	Stim: image = 'TMTstop-A_1_1redlinestimulus23.png'
50.0155 	EXP 	Stim: image = 'TMTstop-A_1_1redlinestimulus23.png'
50.0580 	EXP 	Stim: image = 'TMTstop-A_1_1redlinestimulus23.png'
50.0987 	EXP 	Stim: image = 'TMTstop-A_1_1redlinestimulus23.png'
50.1403 	EXP 	Stim: image = 'TMTstop-A_1_1redlinestimulus23.png'
50.1819 	EXP 	Stim: image = 'TMTstop-A_1_1redlinestimulus23.png'
50.2317 	EXP 	Stim: image = 'TMTstop-A_1_1redlinestimulus23.png'
50.2883 	EXP 	Stim: image = 'TMTstop-A_1_1redlinestimulus23.png'
50.3487 	EXP 	Stim: image = 'TMTstop-A_1_1redlinestimulus23.png'
50.4008 	EXP 	Stim: image = 'TMTstop-A_1_1redlinestimulus23.png'
50.4467 	EXP 	Stim: image = 'TMTstop-A_1_1redlinestimulus23.png'
50.5022 	EXP 	Stim: image = 'TMTstop-A_1_1redlinestimulus23.png'
50.5552 	EXP 	Stim: image = 'TMTstop-A_1_1redlinestimulus23.png'
50.5986 	EXP 	Stim: image = 'TMTstop-A_1_1redlinestimulus23.png'
50.6406 	EXP 	Stim: image = 'TMTstop-A_1_1redlinestimulus23.png'
50.6819 	EXP 	Stim: image = 'TMTstop-A_1_1redlinestimulus23.png'
50.7236 	EXP 	Stim: image = 'TMTstop-A_1_1redlinestimulus23.png'
50.7658 	EXP 	Stim: image = 'TMTstop-A_1_1redlinestimulus23.png'
50.8069 	EXP 	Stim: image = 'TMTstop-A_1_1redlinestimulus23.png'
50.8487 	EXP 	Stim: image = 'TMTstop-A_1_1redlinestimulus23.png'
50.8970 	EXP 	Stim: image = 'TMTstop-A_1_1redlinestimulus23.png'
50.9391 	EXP 	Stim: image = 'TMTstop-A_1_1redlinestimulus23.png'
50.9805 	EXP 	Stim: image = 'TMTstop-A_1_1redlinestimulus23.png'
51.0250 	EXP 	Stim: image = 'TMTstop-A_1_1redlinestimulus23.png'
51.0738 	EXP 	Stim: image = 'TMTstop-A_1_1redlinestimulus23.png'
51.1227 	EXP 	Stim: image = 'TMTstop-A_1_1redlinestimulus23.png'
51.1702 	EXP 	Stim: image = 'TMTstop-A_1_1redlinestimulus23.png'
51.2249 	EXP 	Stim: image = 'TMTstop-A_1_1redlinestimulus23.png'
51.2657 	EXP 	Stim: image = 'TMTstop-A_1_1redlinestimulus23.png'
51.3150 	EXP 	Stim: image = 'TMTstop-A_1_1redlinestimulus23.png'
51.3707 	EXP 	Stim: image = 'TMTstop-A_1_1redlinestimulus23.png'
51.4186 	EXP 	Stim: image = 'TMTstop-A_1_1redlinestimulus23.png'
51.4672 	EXP 	Stim: image = 'TMTstop-A_1_1redlinestimulus23.png'
51.5084 	EXP 	Stim: image = 'TMTstop-A_1_1redlinestimulus23.png'
51.5506 	EXP 	Stim: image = 'TMTstop-A_1_1redlinestimulus23.png'
51.5918 	EXP 	Stim: image = 'TMTstop-A_1_1redlinestimulus23.png'
51.6333 	EXP 	Stim: image = 'TMTstop-A_1_1redlinestimulus23.png'
51.6751 	EXP 	Stim: image = 'TMTstop-A_1_1redlinestimulus23.png'
51.7322 	EXP 	window1: mouseVisible = True
