1.6278 	WARNING 	We strongly recommend you activate the PTB sound engine in PsychoPy prefs as the preferred audio engine. Its timing is vastly superior. Your prefs are currently set to use ['pyo'] (in that order).
5.1782 	EXP 	Created window1 = Window(allowGUI=True, allowStencil=False, autoLog=True, backendConf=UNKNOWN, bitsMode=UNKNOWN, blendMode='avg', bpc=(8, 8, 8), color=array([0, 0, 0]), colorSpace='rgb', depthBits=8, fullscr=<method-wrapper '__getattribute__' of attributeSetter object at 0x00000146F0E692E8>, gamma=None, gammaErrorPolicy='raise', lms=UNKNOWN, monitor=<psychopy.monitors.calibTools.Monitor object at 0x00000146F0EBC588>, multiSample=False, name='window1', numSamples=2, pos=[0.0, 0.0], screen=0, size=array([1920, 1055]), stencilBits=0, stereo=False, units='height', useFBO=True, useRetina=False, viewOri=0.0, viewPos=None, viewScale=None, waitBlanking=True, winType='glfw')
5.1783 	EXP 	window1: mouseVisible = True
5.1783 	EXP 	window1: recordFrameIntervals = False
5.2469 	EXP 	window1: recordFrameIntervals = True
5.3234 	EXP 	window1: recordFrameIntervals = False
5.6395 	EXP 	Created image_2 = ImageStim(__class__=<class 'psychopy.visual.image.ImageStim'>, autoLog=True, color=array([1., 1., 1.]), colorSpace='rgb', contrast=1.0, depth=0.0, flipHoriz=False, flipVert=False, image='Instruktioner TMTstopControl.png', interpolate=True, mask=None, maskParams=None, name='image_2', opacity=1, ori=0.0, pos=array([0., 0.]), size=array([1.28, 0.72]), texRes=128.0, units='height', win=Window(...))
5.6423 	EXP 	Created polygon = ShapeStim(__class__=<class 'psychopy.visual.shape.ShapeStim'>, autoDraw=False, autoLog=True, closeShape=True, color=method-wrapper(...), colorSpace='rgb', contrast=None, depth=0.0, fillColor=array([1, 1, 1]), fillColorSpace='rgb', fillRGB=array([1, 1, 1]), interpolate=True, lineColor=array([1., 1., 1.]), lineColorSpace='rgb', lineRGB=array([1, 1, 1]), lineWidth=1.0, name='polygon', opacity=1, ori=0.0, pos=array([0., 0.]), size=array([0.5, 0.5]), units='height', vertices=ndarray(...), win=Window(...), windingRule=None)
5.6453 	EXP 	Created Stim = ImageStim(__class__=<class 'psychopy.visual.image.ImageStim'>, autoLog=True, color=array([1., 1., 1.]), colorSpace='rgb', contrast=1.0, depth=0.0, flipHoriz=False, flipVert=False, image='sin', interpolate=True, mask=None, maskParams=None, name='Stim', opacity=1, ori=0.0, pos=array([0., 0.]), size=array([1.777, 1.   ]), texRes=128.0, units='height', win=Window(...))
5.6471 	EXP 	Created polygon = ShapeStim(__class__=<class 'psychopy.visual.shape.ShapeStim'>, autoDraw=False, autoLog=True, closeShape=True, color=method-wrapper(...), colorSpace='rgb', contrast=None, depth=0.0, fillColor=array([1, 1, 1]), fillColorSpace='rgb', fillRGB=array([1, 1, 1]), interpolate=True, lineColor=array([1., 1., 1.]), lineColorSpace='rgb', lineRGB=array([1, 1, 1]), lineWidth=1.0, name='polygon', opacity=1, ori=0.0, pos=array([0., 0.]), size=array([0.5, 0.5]), units='height', vertices=ndarray(...), win=Window(...), windingRule=None)
5.7091 	EXP 	Created image_3 = ImageStim(__class__=<class 'psychopy.visual.image.ImageStim'>, autoLog=True, color=array([1., 1., 1.]), colorSpace='rgb', contrast=1.0, depth=0.0, flipHoriz=False, flipVert=False, image='Instruktioner TMTstopA.png', interpolate=True, mask=None, maskParams=None, name='image_3', opacity=1, ori=0.0, pos=array([0., 0.]), size=array([1.28, 0.72]), texRes=128.0, units='height', win=Window(...))
5.7120 	EXP 	Created Stim = ImageStim(__class__=<class 'psychopy.visual.image.ImageStim'>, autoLog=True, color=array([1., 1., 1.]), colorSpace='rgb', contrast=1.0, depth=0.0, flipHoriz=False, flipVert=False, image='sin', interpolate=True, mask=None, maskParams=None, name='Stim', opacity=1, ori=0.0, pos=array([0., 0.]), size=array([1.777, 1.   ]), texRes=128.0, units='height', win=Window(...))
5.7138 	EXP 	Created polygon = ShapeStim(__class__=<class 'psychopy.visual.shape.ShapeStim'>, autoDraw=False, autoLog=True, closeShape=True, color=method-wrapper(...), colorSpace='rgb', contrast=None, depth=0.0, fillColor=array([1, 1, 1]), fillColorSpace='rgb', fillRGB=array([1, 1, 1]), interpolate=True, lineColor=array([1., 1., 1.]), lineColorSpace='rgb', lineRGB=array([1, 1, 1]), lineWidth=1.0, name='polygon', opacity=1, ori=0.0, pos=array([0., 0.]), size=array([0.5, 0.5]), units='height', vertices=ndarray(...), win=Window(...), windingRule=None)
5.7761 	EXP 	Created image_4 = ImageStim(__class__=<class 'psychopy.visual.image.ImageStim'>, autoLog=True, color=array([1., 1., 1.]), colorSpace='rgb', contrast=1.0, depth=0.0, flipHoriz=False, flipVert=False, image='Instruktioner TMTstopB.png', interpolate=True, mask=None, maskParams=None, name='image_4', opacity=1, ori=0.0, pos=array([0., 0.]), size=array([1.28, 0.72]), texRes=128.0, units='height', win=Window(...))
5.7790 	EXP 	Created Stim = ImageStim(__class__=<class 'psychopy.visual.image.ImageStim'>, autoLog=True, color=array([1., 1., 1.]), colorSpace='rgb', contrast=1.0, depth=0.0, flipHoriz=False, flipVert=False, image='sin', interpolate=True, mask=None, maskParams=None, name='Stim', opacity=1, ori=0.0, pos=array([0., 0.]), size=array([1.777, 1.   ]), texRes=128.0, units='height', win=Window(...))
5.7809 	EXP 	Created polygon = ShapeStim(__class__=<class 'psychopy.visual.shape.ShapeStim'>, autoDraw=False, autoLog=True, closeShape=True, color=method-wrapper(...), colorSpace='rgb', contrast=None, depth=0.0, fillColor=array([1, 1, 1]), fillColorSpace='rgb', fillRGB=array([1, 1, 1]), interpolate=True, lineColor=array([1., 1., 1.]), lineColorSpace='rgb', lineRGB=array([1, 1, 1]), lineWidth=1.0, name='polygon', opacity=1, ori=0.0, pos=array([0., 0.]), size=array([0.5, 0.5]), units='height', vertices=ndarray(...), win=Window(...), windingRule=None)
5.8914 	EXP 	Created text = TextStim(__class__=<class 'psychopy.visual.text.TextStim'>, alignHoriz=method-wrapper(...), alignText='center', alignVert=method-wrapper(...), anchorHoriz='center', anchorVert='center', antialias=True, autoLog=True, bold=False, color=array([1., 1., 1.]), colorSpace='rgb', contrast=1.0, depth=0.0, flipHoriz=False, flipVert=False, font='Open Sans', fontFiles=[], height=0.04, italic=False, languageStyle='LTR', name='text', opacity=1, ori=0.0, pos=array([0., 0.]), rgb=UNKNOWN, text=str(...), units='height', win=Window(...), wrapWidth=1)
5.9410 	EXP 	image_2: autoDraw = True
7.2308 	DATA 	Keypress: 2
7.2481 	EXP 	image_2: autoDraw = False
7.2481 	EXP 	polygon: autoDraw = True
7.3897 	DATA 	Keypress: 2
10.2453 	EXP 	Imported TMTstop-Control_1_conditions.xlsx as conditions, 8 conditions, 2 params
10.2456 	EXP 	Created sequence: sequential, trialTypes=8, nReps=1, seed=None
10.2458 	EXP 	New trial (rep=0, index=0): {'Block_file': 'TMTstop-Control_1_1.xlsx', 'Condition_rows': '0:26'}
10.3035 	EXP 	Imported TMTstop-control_1_merged.xlsx as conditions, 26 conditions, 9 params
10.3039 	EXP 	Created sequence: sequential, trialTypes=26, nReps=1, seed=None
10.3041 	EXP 	New trial (rep=0, index=0): {'NumberLetter': 1, 'corrAns': ['2'], 'Correct': 2, 'StimFile': 'TMTstop-control_1_1.png', 'Correct_StimFile': 'TMTstop-control_1_1.png', 'False_StimFile': 'TMTstop-control_1_1.png', 'Version': 'TMT_Control', 'Block': 1, 'TrialNumber_session': 1}
10.3044 	WARNING 	Requested image 'TMTstop-control_1_1.png' not found but similar filename 'TMTstop-control_1_1.jpg' exists. This will be used instead but changing the filename is advised.
10.3381 	EXP 	polygon: autoDraw = False
10.3381 	EXP 	Stim: image = 'TMTstop-control_1_1.png'
10.3381 	EXP 	Stim: autoDraw = True
11.0961 	WARNING 	Requested image 'TMTstop-control_1_1.png' not found but similar filename 'TMTstop-control_1_1.jpg' exists. This will be used instead but changing the filename is advised.
11.1261 	DATA 	Keypress: 1
11.1297 	EXP 	Stim: image = 'TMTstop-control_1_1.png'
11.1312 	WARNING 	Requested image 'TMTstop-control_1_1.png' not found but similar filename 'TMTstop-control_1_1.jpg' exists. This will be used instead but changing the filename is advised.
11.1642 	EXP 	Stim: image = 'TMTstop-control_1_1.png'
11.1657 	WARNING 	Requested image 'TMTstop-control_1_1.png' not found but similar filename 'TMTstop-control_1_1.jpg' exists. This will be used instead but changing the filename is advised.
11.1988 	EXP 	Stim: image = 'TMTstop-control_1_1.png'
11.2003 	WARNING 	Requested image 'TMTstop-control_1_1.png' not found but similar filename 'TMTstop-control_1_1.jpg' exists. This will be used instead but changing the filename is advised.
11.2271 	EXP 	Stim: image = 'TMTstop-control_1_1.png'
11.2287 	WARNING 	Requested image 'TMTstop-control_1_1.png' not found but similar filename 'TMTstop-control_1_1.jpg' exists. This will be used instead but changing the filename is advised.
11.2614 	EXP 	Stim: image = 'TMTstop-control_1_1.png'
11.2636 	WARNING 	Requested image 'TMTstop-control_1_1.png' not found but similar filename 'TMTstop-control_1_1.jpg' exists. This will be used instead but changing the filename is advised.
11.2924 	DATA 	Keypress: 1
11.2960 	EXP 	Stim: image = 'TMTstop-control_1_1.png'
11.2983 	WARNING 	Requested image 'TMTstop-control_1_1.png' not found but similar filename 'TMTstop-control_1_1.jpg' exists. This will be used instead but changing the filename is advised.
11.3308 	EXP 	Stim: image = 'TMTstop-control_1_1.png'
11.3326 	WARNING 	Requested image 'TMTstop-control_1_1.png' not found but similar filename 'TMTstop-control_1_1.jpg' exists. This will be used instead but changing the filename is advised.
11.3655 	EXP 	Stim: image = 'TMTstop-control_1_1.png'
11.3678 	WARNING 	Requested image 'TMTstop-control_1_1.png' not found but similar filename 'TMTstop-control_1_1.jpg' exists. This will be used instead but changing the filename is advised.
11.4002 	EXP 	Stim: image = 'TMTstop-control_1_1.png'
11.4025 	WARNING 	Requested image 'TMTstop-control_1_1.png' not found but similar filename 'TMTstop-control_1_1.jpg' exists. This will be used instead but changing the filename is advised.
11.4312 	DATA 	Keypress: 2
11.4349 	EXP 	Stim: image = 'TMTstop-control_1_1.png'
11.4395 	EXP 	New trial (rep=0, index=1): {'NumberLetter': 2, 'corrAns': ['1'], 'Correct': 1, 'StimFile': 'TMTstop-control_1_1.png', 'Correct_StimFile': 'TMTstop-control_1_1firstgreen.png', 'False_StimFile': 'TMTstop-control_1_1firstred.png', 'Version': 'TMT_Control', 'Block': 1, 'TrialNumber_session': 2}
11.5048 	EXP 	Stim: autoDraw = False
11.5048 	EXP 	Stim: image = 'TMTstop-control_1_1firstgreen.png'
11.5048 	EXP 	Stim: image = 'TMTstop-control_1_1firstgreen.png'
11.5048 	EXP 	Stim: autoDraw = True
11.6398 	DATA 	Keypress: 2
11.7510 	DATA 	Keypress: 3
11.7926 	DATA 	Keypress: 2
11.7962 	EXP 	Stim: image = 'TMTstop-control_1_1firstred.png'
11.8378 	EXP 	Stim: image = 'TMTstop-control_1_1firstred.png'
11.8794 	EXP 	Stim: image = 'TMTstop-control_1_1firstred.png'
11.9211 	EXP 	Stim: image = 'TMTstop-control_1_1firstred.png'
11.9628 	EXP 	Stim: image = 'TMTstop-control_1_1firstred.png'
12.0006 	DATA 	Keypress: 1
12.0043 	EXP 	Stim: image = 'TMTstop-control_1_1firstred.png'
12.0092 	EXP 	New trial (rep=0, index=2): {'NumberLetter': 3, 'corrAns': ['2'], 'Correct': 2, 'StimFile': 'TMTstop-control_1_1linestimulus0.png', 'Correct_StimFile': 'TMTstop-control_1_1greenlinestimulus0.png', 'False_StimFile': 'TMTstop-control_1_1redlinestimulus0.png', 'Version': 'TMT_Control', 'Block': 1, 'TrialNumber_session': 3}
12.0703 	DATA 	Keypress: 2
12.0704 	DATA 	Keypress: 3
12.0743 	EXP 	Stim: autoDraw = False
12.0743 	EXP 	Stim: image = 'TMTstop-control_1_1greenlinestimulus0.png'
12.0743 	EXP 	Stim: image = 'TMTstop-control_1_1greenlinestimulus0.png'
12.0743 	EXP 	Stim: autoDraw = True
12.1540 	DATA 	Keypress: 2
12.1606 	EXP 	New trial (rep=0, index=3): {'NumberLetter': 4, 'corrAns': ['3'], 'Correct': 3, 'StimFile': 'TMTstop-control_1_1linestimulus1.png', 'Correct_StimFile': 'TMTstop-control_1_1greenlinestimulus1.png', 'False_StimFile': 'TMTstop-control_1_1redlinestimulus1.png', 'Version': 'TMT_Control', 'Block': 1, 'TrialNumber_session': 4}
12.2232 	DATA 	Keypress: 1
12.2272 	EXP 	Stim: autoDraw = False
12.2272 	EXP 	Stim: image = 'TMTstop-control_1_1greenlinestimulus1.png'
12.2272 	EXP 	Stim: image = 'TMTstop-control_1_1greenlinestimulus1.png'
12.2272 	EXP 	Stim: autoDraw = True
12.2510 	DATA 	Keypress: 3
12.2579 	EXP 	New trial (rep=0, index=4): {'NumberLetter': 5, 'corrAns': ['2'], 'Correct': 2, 'StimFile': 'TMTstop-control_1_1linestimulus2.png', 'Correct_StimFile': 'TMTstop-control_1_1greenlinestimulus2.png', 'False_StimFile': 'TMTstop-control_1_1redlinestimulus2.png', 'Version': 'TMT_Control', 'Block': 1, 'TrialNumber_session': 5}
12.3201 	DATA 	Keypress: 1
12.3203 	DATA 	Keypress: 3
12.3242 	EXP 	Stim: autoDraw = False
12.3242 	EXP 	Stim: image = 'TMTstop-control_1_1greenlinestimulus2.png'
12.3242 	EXP 	Stim: image = 'TMTstop-control_1_1greenlinestimulus2.png'
12.3242 	EXP 	Stim: autoDraw = True
12.3620 	DATA 	Keypress: 2
12.3655 	EXP 	Stim: image = 'TMTstop-control_1_1redlinestimulus2.png'
12.4073 	EXP 	Stim: image = 'TMTstop-control_1_1redlinestimulus2.png'
12.4451 	DATA 	Keypress: 3
12.4487 	EXP 	Stim: image = 'TMTstop-control_1_1redlinestimulus2.png'
12.4866 	DATA 	Keypress: 2
12.4904 	EXP 	Stim: image = 'TMTstop-control_1_1redlinestimulus2.png'
12.4953 	EXP 	New trial (rep=0, index=5): {'NumberLetter': 6, 'corrAns': ['1'], 'Correct': 1, 'StimFile': 'TMTstop-control_1_1linestimulus3.png', 'Correct_StimFile': 'TMTstop-control_1_1greenlinestimulus3.png', 'False_StimFile': 'TMTstop-control_1_1redlinestimulus3.png', 'Version': 'TMT_Control', 'Block': 1, 'TrialNumber_session': 6}
12.5564 	DATA 	Keypress: 1
12.5603 	EXP 	Stim: autoDraw = False
12.5603 	EXP 	Stim: image = 'TMTstop-control_1_1greenlinestimulus3.png'
12.5603 	EXP 	Stim: image = 'TMTstop-control_1_1greenlinestimulus3.png'
12.5603 	EXP 	Stim: autoDraw = True
12.6121 	DATA 	Keypress: 1
12.6190 	EXP 	New trial (rep=0, index=6): {'NumberLetter': 7, 'corrAns': ['3'], 'Correct': 3, 'StimFile': 'TMTstop-control_1_1linestimulus4.png', 'Correct_StimFile': 'TMTstop-control_1_1greenlinestimulus4.png', 'False_StimFile': 'TMTstop-control_1_1redlinestimulus4.png', 'Version': 'TMT_Control', 'Block': 1, 'TrialNumber_session': 7}
12.6814 	DATA 	Keypress: 2
12.6815 	DATA 	Keypress: 3
12.6853 	EXP 	Stim: autoDraw = False
12.6853 	EXP 	Stim: image = 'TMTstop-control_1_1greenlinestimulus4.png'
12.6853 	EXP 	Stim: image = 'TMTstop-control_1_1greenlinestimulus4.png'
12.6853 	EXP 	Stim: autoDraw = True
12.7510 	DATA 	Keypress: 3
12.7580 	EXP 	New trial (rep=0, index=7): {'NumberLetter': 8, 'corrAns': ['2'], 'Correct': 2, 'StimFile': 'TMTstop-control_1_1linestimulus4.png', 'Correct_StimFile': 'TMTstop-control_1_1greenlinestimulus5.png', 'False_StimFile': 'TMTstop-control_1_1redlinestimulus5.png', 'Version': 'TMT_Control', 'Block': 1, 'TrialNumber_session': 8}
12.8203 	DATA 	Keypress: 2
12.8204 	DATA 	Keypress: 1
12.8242 	EXP 	Stim: autoDraw = False
12.8242 	EXP 	Stim: image = 'TMTstop-control_1_1greenlinestimulus5.png'
12.8242 	EXP 	Stim: image = 'TMTstop-control_1_1greenlinestimulus5.png'
12.8242 	EXP 	Stim: autoDraw = True
12.8281 	EXP 	New trial (rep=0, index=8): {'NumberLetter': 9, 'corrAns': ['3'], 'Correct': 3, 'StimFile': 'TMTstop-control_1_1linestimulus6.png', 'Correct_StimFile': 'TMTstop-control_1_1greenlinestimulus6.png', 'False_StimFile': 'TMTstop-control_1_1redlinestimulus6.png', 'Version': 'TMT_Control', 'Block': 1, 'TrialNumber_session': 9}
12.8935 	EXP 	Stim: autoDraw = False
12.8935 	EXP 	Stim: image = 'TMTstop-control_1_1greenlinestimulus6.png'
12.8935 	EXP 	Stim: image = 'TMTstop-control_1_1greenlinestimulus6.png'
12.8935 	EXP 	Stim: autoDraw = True
12.9175 	DATA 	Keypress: 1
12.9520 	DATA 	Keypress: q
12.9522 	DATA 	Keypress: 3
12.9556 	EXP 	Stim: image = 'TMTstop-control_1_1redlinestimulus6.png'
12.9939 	DATA 	Keypress: 2
12.9975 	EXP 	Stim: image = 'TMTstop-control_1_1redlinestimulus6.png'
13.0391 	EXP 	Stim: image = 'TMTstop-control_1_1redlinestimulus6.png'
13.0772 	DATA 	Keypress: q
13.0773 	DATA 	Keypress: 1
13.0809 	EXP 	Stim: image = 'TMTstop-control_1_1redlinestimulus6.png'
13.1225 	EXP 	Stim: image = 'TMTstop-control_1_1redlinestimulus6.png'
13.1642 	EXP 	Stim: image = 'TMTstop-control_1_1redlinestimulus6.png'
13.2059 	EXP 	Stim: image = 'TMTstop-control_1_1redlinestimulus6.png'
13.2474 	EXP 	Stim: image = 'TMTstop-control_1_1redlinestimulus6.png'
13.2891 	EXP 	Stim: image = 'TMTstop-control_1_1redlinestimulus6.png'
13.3309 	EXP 	Stim: image = 'TMTstop-control_1_1redlinestimulus6.png'
13.3724 	EXP 	Stim: image = 'TMTstop-control_1_1redlinestimulus6.png'
13.4141 	EXP 	Stim: image = 'TMTstop-control_1_1redlinestimulus6.png'
13.4559 	EXP 	Stim: image = 'TMTstop-control_1_1redlinestimulus6.png'
13.4973 	EXP 	Stim: image = 'TMTstop-control_1_1redlinestimulus6.png'
13.5391 	EXP 	Stim: image = 'TMTstop-control_1_1redlinestimulus6.png'
13.5809 	EXP 	Stim: image = 'TMTstop-control_1_1redlinestimulus6.png'
13.6225 	EXP 	Stim: image = 'TMTstop-control_1_1redlinestimulus6.png'
13.6640 	EXP 	Stim: image = 'TMTstop-control_1_1redlinestimulus6.png'
13.7059 	EXP 	Stim: image = 'TMTstop-control_1_1redlinestimulus6.png'
13.7474 	EXP 	Stim: image = 'TMTstop-control_1_1redlinestimulus6.png'
13.7890 	EXP 	Stim: image = 'TMTstop-control_1_1redlinestimulus6.png'
13.8308 	EXP 	Stim: image = 'TMTstop-control_1_1redlinestimulus6.png'
13.8725 	EXP 	Stim: image = 'TMTstop-control_1_1redlinestimulus6.png'
13.9141 	EXP 	Stim: image = 'TMTstop-control_1_1redlinestimulus6.png'
13.9557 	EXP 	Stim: image = 'TMTstop-control_1_1redlinestimulus6.png'
13.9973 	EXP 	Stim: image = 'TMTstop-control_1_1redlinestimulus6.png'
14.0391 	EXP 	Stim: image = 'TMTstop-control_1_1redlinestimulus6.png'
14.0810 	EXP 	Stim: image = 'TMTstop-control_1_1redlinestimulus6.png'
14.1224 	EXP 	Stim: image = 'TMTstop-control_1_1redlinestimulus6.png'
14.1641 	EXP 	Stim: image = 'TMTstop-control_1_1redlinestimulus6.png'
14.2059 	EXP 	Stim: image = 'TMTstop-control_1_1redlinestimulus6.png'
14.2473 	EXP 	Stim: image = 'TMTstop-control_1_1redlinestimulus6.png'
14.2890 	EXP 	Stim: image = 'TMTstop-control_1_1redlinestimulus6.png'
14.3308 	EXP 	Stim: image = 'TMTstop-control_1_1redlinestimulus6.png'
14.3723 	EXP 	Stim: image = 'TMTstop-control_1_1redlinestimulus6.png'
14.4140 	EXP 	Stim: image = 'TMTstop-control_1_1redlinestimulus6.png'
14.4557 	EXP 	Stim: image = 'TMTstop-control_1_1redlinestimulus6.png'
14.4973 	EXP 	Stim: image = 'TMTstop-control_1_1redlinestimulus6.png'
14.5388 	EXP 	Stim: image = 'TMTstop-control_1_1redlinestimulus6.png'
14.5807 	EXP 	Stim: image = 'TMTstop-control_1_1redlinestimulus6.png'
14.6223 	EXP 	Stim: image = 'TMTstop-control_1_1redlinestimulus6.png'
14.6603 	DATA 	Keypress: 4
14.6639 	EXP 	Stim: image = 'TMTstop-control_1_1redlinestimulus6.png'
14.7058 	EXP 	Stim: image = 'TMTstop-control_1_1redlinestimulus6.png'
14.7473 	EXP 	Stim: image = 'TMTstop-control_1_1redlinestimulus6.png'
14.7890 	EXP 	Stim: image = 'TMTstop-control_1_1redlinestimulus6.png'
14.8270 	DATA 	Keypress: 1
14.8272 	DATA 	Keypress: 4
14.8308 	EXP 	Stim: image = 'TMTstop-control_1_1redlinestimulus6.png'
14.8723 	EXP 	Stim: image = 'TMTstop-control_1_1redlinestimulus6.png'
14.9137 	EXP 	Stim: image = 'TMTstop-control_1_1redlinestimulus6.png'
14.9187 	EXP 	New trial (rep=0, index=9): {'NumberLetter': 10, 'corrAns': ['2'], 'Correct': 2, 'StimFile': 'TMTstop-control_1_1linestimulus7.png', 'Correct_StimFile': 'TMTstop-control_1_1greenlinestimulus7.png', 'False_StimFile': 'TMTstop-control_1_1redlinestimulus7.png', 'Version': 'TMT_Control', 'Block': 1, 'TrialNumber_session': 10}
14.9798 	DATA 	Keypress: 3
14.9799 	DATA 	Keypress: 2
14.9801 	DATA 	Keypress: 1
14.9841 	EXP 	Stim: autoDraw = False
14.9841 	EXP 	Stim: image = 'TMTstop-control_1_1greenlinestimulus7.png'
14.9841 	EXP 	Stim: image = 'TMTstop-control_1_1greenlinestimulus7.png'
14.9841 	EXP 	Stim: autoDraw = True
14.9888 	EXP 	New trial (rep=0, index=10): {'NumberLetter': 11, 'corrAns': ['3'], 'Correct': 3, 'StimFile': 'TMTstop-control_1_1linestimulus8.png', 'Correct_StimFile': 'TMTstop-control_1_1greenlinestimulus8.png', 'False_StimFile': 'TMTstop-control_1_1redlinestimulus8.png', 'Version': 'TMT_Control', 'Block': 1, 'TrialNumber_session': 11}
15.0533 	EXP 	Stim: autoDraw = False
15.0533 	EXP 	Stim: image = 'TMTstop-control_1_1greenlinestimulus8.png'
15.0533 	EXP 	Stim: image = 'TMTstop-control_1_1greenlinestimulus8.png'
15.0533 	EXP 	Stim: autoDraw = True
15.0907 	DATA 	Keypress: 1
15.1327 	DATA 	Keypress: 3
15.1328 	DATA 	Keypress: 2
15.1363 	EXP 	Stim: image = 'TMTstop-control_1_1redlinestimulus8.png'
15.1780 	EXP 	Stim: image = 'TMTstop-control_1_1redlinestimulus8.png'
15.2159 	DATA 	Keypress: 3
15.2160 	DATA 	Keypress: 2
15.2161 	DATA 	Keypress: 1
15.2196 	EXP 	Stim: image = 'TMTstop-control_1_1redlinestimulus8.png'
15.2613 	EXP 	Stim: image = 'TMTstop-control_1_1redlinestimulus8.png'
15.3029 	EXP 	Stim: image = 'TMTstop-control_1_1redlinestimulus8.png'
15.3409 	DATA 	Keypress: 1
15.3446 	EXP 	Stim: image = 'TMTstop-control_1_1redlinestimulus8.png'
15.3826 	DATA 	Keypress: 3
15.3827 	DATA 	Keypress: 2
15.3863 	EXP 	Stim: image = 'TMTstop-control_1_1redlinestimulus8.png'
15.4280 	EXP 	Stim: image = 'TMTstop-control_1_1redlinestimulus8.png'
15.4328 	EXP 	New trial (rep=0, index=11): {'NumberLetter': 12, 'corrAns': ['1'], 'Correct': 1, 'StimFile': 'TMTstop-control_1_1linestimulus9.png', 'Correct_StimFile': 'TMTstop-control_1_1greenlinestimulus9.png', 'False_StimFile': 'TMTstop-control_1_1redlinestimulus9.png', 'Version': 'TMT_Control', 'Block': 1, 'TrialNumber_session': 12}
15.4937 	DATA 	Keypress: 3
15.4939 	DATA 	Keypress: 1
15.4940 	DATA 	Keypress: 2
15.4981 	EXP 	Stim: autoDraw = False
15.4981 	EXP 	Stim: image = 'TMTstop-control_1_1greenlinestimulus9.png'
15.4981 	EXP 	Stim: image = 'TMTstop-control_1_1greenlinestimulus9.png'
15.4981 	EXP 	Stim: autoDraw = True
15.5390 	EXP 	Stim: image = 'TMTstop-control_1_1redlinestimulus9.png'
15.5769 	DATA 	Keypress: 1
15.5806 	EXP 	Stim: image = 'TMTstop-control_1_1redlinestimulus9.png'
15.5854 	EXP 	New trial (rep=0, index=12): {'NumberLetter': 13, 'corrAns': ['3'], 'Correct': 3, 'StimFile': 'TMTstop-control_1_1linestimulus10.png', 'Correct_StimFile': 'TMTstop-control_1_1greenlinestimulus10.png', 'False_StimFile': 'TMTstop-control_1_1redlinestimulus10.png', 'Version': 'TMT_Control', 'Block': 1, 'TrialNumber_session': 13}
15.6467 	DATA 	Keypress: 3
15.6469 	DATA 	Keypress: 2
15.6506 	EXP 	Stim: autoDraw = False
15.6506 	EXP 	Stim: image = 'TMTstop-control_1_1greenlinestimulus10.png'
15.6506 	EXP 	Stim: image = 'TMTstop-control_1_1greenlinestimulus10.png'
15.6506 	EXP 	Stim: autoDraw = True
15.6881 	DATA 	Keypress: 3
15.7319 	EXP 	New trial (rep=0, index=13): {'NumberLetter': 14, 'corrAns': ['1'], 'Correct': 1, 'StimFile': 'TMTstop-control_1_1linestimulus11.png', 'Correct_StimFile': 'TMTstop-control_1_1greenlinestimulus11.png', 'False_StimFile': 'TMTstop-control_1_1redlinestimulus11.png', 'Version': 'TMT_Control', 'Block': 1, 'TrialNumber_session': 14}
15.7922 	DATA 	Keypress: 2
15.7924 	DATA 	Keypress: 1
15.7962 	EXP 	Stim: autoDraw = False
15.7962 	EXP 	Stim: image = 'TMTstop-control_1_1greenlinestimulus11.png'
15.7962 	EXP 	Stim: image = 'TMTstop-control_1_1greenlinestimulus11.png'
15.7962 	EXP 	Stim: autoDraw = True
15.8343 	DATA 	Keypress: 1
15.8344 	DATA 	Keypress: 3
15.8378 	EXP 	Stim: image = 'TMTstop-control_1_1redlinestimulus11.png'
15.8423 	EXP 	New trial (rep=0, index=14): {'NumberLetter': 15, 'corrAns': ['3'], 'Correct': 3, 'StimFile': 'TMTstop-control_1_1linestimulus12.png', 'Correct_StimFile': 'TMTstop-control_1_1greenlinestimulus12.png', 'False_StimFile': 'TMTstop-control_1_1redlinestimulus12.png', 'Version': 'TMT_Control', 'Block': 1, 'TrialNumber_session': 15}
15.9036 	DATA 	Keypress: 2
15.9074 	EXP 	Stim: autoDraw = False
15.9074 	EXP 	Stim: image = 'TMTstop-control_1_1greenlinestimulus12.png'
15.9074 	EXP 	Stim: image = 'TMTstop-control_1_1greenlinestimulus12.png'
15.9074 	EXP 	Stim: autoDraw = True
15.9383 	EXP 	New trial (rep=0, index=15): {'NumberLetter': 16, 'corrAns': ['1'], 'Correct': 1, 'StimFile': 'TMTstop-control_1_1linestimulus13.png', 'Correct_StimFile': 'TMTstop-control_1_1greenlinestimulus13.png', 'False_StimFile': 'TMTstop-control_1_1redlinestimulus13.png', 'Version': 'TMT_Control', 'Block': 1, 'TrialNumber_session': 16}
16.0007 	DATA 	Keypress: 3
16.0009 	DATA 	Keypress: 1
16.0010 	DATA 	Keypress: 2
16.0048 	EXP 	Stim: autoDraw = False
16.0048 	EXP 	Stim: image = 'TMTstop-control_1_1greenlinestimulus13.png'
16.0048 	EXP 	Stim: image = 'TMTstop-control_1_1greenlinestimulus13.png'
16.0048 	EXP 	Stim: autoDraw = True
16.0461 	EXP 	Stim: image = 'TMTstop-control_1_1redlinestimulus13.png'
16.0838 	DATA 	Keypress: 1
16.0874 	EXP 	Stim: image = 'TMTstop-control_1_1redlinestimulus13.png'
16.0918 	EXP 	New trial (rep=0, index=16): {'NumberLetter': 17, 'corrAns': ['2'], 'Correct': 2, 'StimFile': 'TMTstop-control_1_1linestimulus14.png', 'Correct_StimFile': 'TMTstop-control_1_1greenlinestimulus14.png', 'False_StimFile': 'TMTstop-control_1_1redlinestimulus14.png', 'Version': 'TMT_Control', 'Block': 1, 'TrialNumber_session': 17}
16.1535 	DATA 	Keypress: 3
16.1536 	DATA 	Keypress: 2
16.1575 	EXP 	Stim: autoDraw = False
16.1575 	EXP 	Stim: image = 'TMTstop-control_1_1greenlinestimulus14.png'
16.1575 	EXP 	Stim: image = 'TMTstop-control_1_1greenlinestimulus14.png'
16.1575 	EXP 	Stim: autoDraw = True
16.1951 	DATA 	Keypress: 3
16.2367 	DATA 	Keypress: 2
16.2369 	DATA 	Keypress: 1
16.2402 	EXP 	Stim: image = 'TMTstop-control_1_1redlinestimulus14.png'
16.2446 	EXP 	New trial (rep=0, index=17): {'NumberLetter': 18, 'corrAns': ['1'], 'Correct': 1, 'StimFile': 'TMTstop-control_1_1linestimulus15.png', 'Correct_StimFile': 'TMTstop-control_1_1greenlinestimulus15.png', 'False_StimFile': 'TMTstop-control_1_1redlinestimulus15.png', 'Version': 'TMT_Control', 'Block': 1, 'TrialNumber_session': 18}
16.3169 	EXP 	Stim: autoDraw = False
16.3169 	EXP 	Stim: image = 'TMTstop-control_1_1greenlinestimulus15.png'
16.3169 	EXP 	Stim: image = 'TMTstop-control_1_1greenlinestimulus15.png'
16.3169 	EXP 	Stim: autoDraw = True
16.3268 	DATA 	Keypress: 1
16.3342 	EXP 	New trial (rep=0, index=18): {'NumberLetter': 19, 'corrAns': ['3'], 'Correct': 3, 'StimFile': 'TMTstop-control_1_1linestimulus16.png', 'Correct_StimFile': 'TMTstop-control_1_1greenlinestimulus16.png', 'False_StimFile': 'TMTstop-control_1_1redlinestimulus16.png', 'Version': 'TMT_Control', 'Block': 1, 'TrialNumber_session': 19}
16.4035 	DATA 	Keypress: 3
16.4036 	DATA 	Keypress: 2
16.4075 	EXP 	Stim: autoDraw = False
16.4075 	EXP 	Stim: image = 'TMTstop-control_1_1greenlinestimulus16.png'
16.4075 	EXP 	Stim: image = 'TMTstop-control_1_1greenlinestimulus16.png'
16.4075 	EXP 	Stim: autoDraw = True
16.4462 	DATA 	Keypress: 3
16.4533 	EXP 	New trial (rep=0, index=19): {'NumberLetter': 20, 'corrAns': ['1'], 'Correct': 1, 'StimFile': 'TMTstop-control_1_1linestimulus17.png', 'Correct_StimFile': 'TMTstop-control_1_1greenlinestimulus17.png', 'False_StimFile': 'TMTstop-control_1_1redlinestimulus17.png', 'Version': 'TMT_Control', 'Block': 1, 'TrialNumber_session': 20}
16.5214 	DATA 	Keypress: 2
16.5216 	DATA 	Keypress: 1
16.5255 	EXP 	Stim: autoDraw = False
16.5255 	EXP 	Stim: image = 'TMTstop-control_1_1greenlinestimulus17.png'
16.5255 	EXP 	Stim: image = 'TMTstop-control_1_1greenlinestimulus17.png'
16.5255 	EXP 	Stim: autoDraw = True
16.5667 	EXP 	Stim: image = 'TMTstop-control_1_1redlinestimulus17.png'
16.6085 	EXP 	Stim: image = 'TMTstop-control_1_1redlinestimulus17.png'
16.6464 	DATA 	Keypress: 1
16.6502 	EXP 	Stim: image = 'TMTstop-control_1_1redlinestimulus17.png'
16.6550 	EXP 	New trial (rep=0, index=20): {'NumberLetter': 21, 'corrAns': ['3'], 'Correct': 3, 'StimFile': 'TMTstop-control_1_1linestimulus18.png', 'Correct_StimFile': 'TMTstop-control_1_1greenlinestimulus18.png', 'False_StimFile': 'TMTstop-control_1_1redlinestimulus18.png', 'Version': 'TMT_Control', 'Block': 1, 'TrialNumber_session': 21}
16.7159 	DATA 	Keypress: 2
16.7160 	DATA 	Keypress: 3
16.7199 	EXP 	Stim: autoDraw = False
16.7199 	EXP 	Stim: image = 'TMTstop-control_1_1greenlinestimulus18.png'
16.7199 	EXP 	Stim: image = 'TMTstop-control_1_1greenlinestimulus18.png'
16.7199 	EXP 	Stim: autoDraw = True
16.7437 	DATA 	Keypress: 3
16.7513 	EXP 	New trial (rep=0, index=21): {'NumberLetter': 22, 'corrAns': ['1'], 'Correct': 1, 'StimFile': 'TMTstop-control_1_1linestimulus19.png', 'Correct_StimFile': 'TMTstop-control_1_1greenlinestimulus19.png', 'False_StimFile': 'TMTstop-control_1_1redlinestimulus19.png', 'Version': 'TMT_Control', 'Block': 1, 'TrialNumber_session': 22}
16.8133 	DATA 	Keypress: 1
16.8133 	DATA 	Keypress: 2
16.8172 	EXP 	Stim: autoDraw = False
16.8172 	EXP 	Stim: image = 'TMTstop-control_1_1greenlinestimulus19.png'
16.8172 	EXP 	Stim: image = 'TMTstop-control_1_1greenlinestimulus19.png'
16.8172 	EXP 	Stim: autoDraw = True
16.8586 	EXP 	Stim: image = 'TMTstop-control_1_1redlinestimulus19.png'
16.9003 	EXP 	Stim: image = 'TMTstop-control_1_1redlinestimulus19.png'
16.9383 	DATA 	Keypress: 1
16.9418 	EXP 	Stim: image = 'TMTstop-control_1_1redlinestimulus19.png'
16.9457 	EXP 	New trial (rep=0, index=22): {'NumberLetter': 23, 'corrAns': ['3'], 'Correct': 3, 'StimFile': 'TMTstop-control_1_1linestimulus20.png', 'Correct_StimFile': 'TMTstop-control_1_1greenlinestimulus20.png', 'False_StimFile': 'TMTstop-control_1_1redlinestimulus20.png', 'Version': 'TMT_Control', 'Block': 1, 'TrialNumber_session': 23}
17.0079 	DATA 	Keypress: 2
17.0080 	DATA 	Keypress: 3
17.0118 	EXP 	Stim: autoDraw = False
17.0118 	EXP 	Stim: image = 'TMTstop-control_1_1greenlinestimulus20.png'
17.0118 	EXP 	Stim: image = 'TMTstop-control_1_1greenlinestimulus20.png'
17.0118 	EXP 	Stim: autoDraw = True
17.0560 	DATA 	Keypress: 3
17.0630 	EXP 	New trial (rep=0, index=23): {'NumberLetter': 24, 'corrAns': ['1'], 'Correct': 1, 'StimFile': 'TMTstop-control_1_1linestimulus21.png', 'Correct_StimFile': 'TMTstop-control_1_1greenlinestimulus21.png', 'False_StimFile': 'TMTstop-control_1_1redlinestimulus21.png', 'Version': 'TMT_Control', 'Block': 1, 'TrialNumber_session': 24}
17.1255 	DATA 	Keypress: 2
17.1258 	DATA 	Keypress: 1
17.1298 	EXP 	Stim: autoDraw = False
17.1298 	EXP 	Stim: image = 'TMTstop-control_1_1greenlinestimulus21.png'
17.1298 	EXP 	Stim: image = 'TMTstop-control_1_1greenlinestimulus21.png'
17.1298 	EXP 	Stim: autoDraw = True
17.1710 	EXP 	Stim: image = 'TMTstop-control_1_1redlinestimulus21.png'
17.2126 	EXP 	Stim: image = 'TMTstop-control_1_1redlinestimulus21.png'
17.2506 	DATA 	Keypress: 1
17.2541 	EXP 	Stim: image = 'TMTstop-control_1_1redlinestimulus21.png'
17.2582 	EXP 	New trial (rep=0, index=24): {'NumberLetter': 25, 'corrAns': ['3'], 'Correct': 3, 'StimFile': 'TMTstop-control_1_1linestimulus22.png', 'Correct_StimFile': 'TMTstop-control_1_1greenlinestimulus22.png', 'False_StimFile': 'TMTstop-control_1_1redlinestimulus22.png', 'Version': 'TMT_Control', 'Block': 1, 'TrialNumber_session': 25}
17.3269 	DATA 	Keypress: 3
17.3271 	DATA 	Keypress: 2
17.3316 	EXP 	Stim: autoDraw = False
17.3316 	EXP 	Stim: image = 'TMTstop-control_1_1greenlinestimulus22.png'
17.3316 	EXP 	Stim: image = 'TMTstop-control_1_1greenlinestimulus22.png'
17.3316 	EXP 	Stim: autoDraw = True
17.3634 	EXP 	New trial (rep=0, index=25): {'NumberLetter': None, 'corrAns': None, 'Correct': None, 'StimFile': 'TMTstop-control_1_1linestimulus23.png', 'Correct_StimFile': 'TMTstop-control_1_1greenlinestimulus23.png', 'False_StimFile': 'TMTstop-control_1_1redlinestimulus23.png', 'Version': 'TMT_Control', 'Block': 1, 'TrialNumber_session': 'Feedback_last'}
17.4310 	DATA 	Keypress: 3
17.4312 	DATA 	Keypress: 2
17.4314 	DATA 	Keypress: 1
17.4354 	EXP 	Stim: autoDraw = False
17.4354 	EXP 	Stim: image = 'TMTstop-control_1_1greenlinestimulus23.png'
17.4354 	EXP 	Stim: image = 'TMTstop-control_1_1greenlinestimulus23.png'
17.4354 	EXP 	Stim: autoDraw = True
17.4764 	EXP 	Stim: image = 'TMTstop-control_1_1redlinestimulus23.png'
17.5179 	EXP 	Stim: image = 'TMTstop-control_1_1redlinestimulus23.png'
17.5561 	DATA 	Keypress: 1
17.5599 	EXP 	Stim: image = 'TMTstop-control_1_1redlinestimulus23.png'
17.5907 	DATA 	Keypress: 3
17.5908 	DATA 	Keypress: 2
17.5944 	EXP 	Stim: image = 'TMTstop-control_1_1redlinestimulus23.png'
17.6364 	EXP 	Stim: image = 'TMTstop-control_1_1redlinestimulus23.png'
17.6779 	EXP 	Stim: image = 'TMTstop-control_1_1redlinestimulus23.png'
17.7158 	DATA 	Keypress: 1
17.7195 	EXP 	Stim: image = 'TMTstop-control_1_1redlinestimulus23.png'
17.7613 	EXP 	Stim: image = 'TMTstop-control_1_1redlinestimulus23.png'
17.8029 	EXP 	Stim: image = 'TMTstop-control_1_1redlinestimulus23.png'
17.8446 	EXP 	Stim: image = 'TMTstop-control_1_1redlinestimulus23.png'
17.8792 	EXP 	Stim: image = 'TMTstop-control_1_1redlinestimulus23.png'
17.9140 	EXP 	Stim: image = 'TMTstop-control_1_1redlinestimulus23.png'
17.9489 	EXP 	Stim: image = 'TMTstop-control_1_1redlinestimulus23.png'
17.9903 	EXP 	Stim: image = 'TMTstop-control_1_1redlinestimulus23.png'
18.0251 	EXP 	Stim: image = 'TMTstop-control_1_1redlinestimulus23.png'
18.0667 	EXP 	Stim: image = 'TMTstop-control_1_1redlinestimulus23.png'
18.1084 	EXP 	Stim: image = 'TMTstop-control_1_1redlinestimulus23.png'
18.1500 	EXP 	Stim: image = 'TMTstop-control_1_1redlinestimulus23.png'
18.1918 	EXP 	Stim: image = 'TMTstop-control_1_1redlinestimulus23.png'
18.2335 	EXP 	Stim: image = 'TMTstop-control_1_1redlinestimulus23.png'
18.2749 	EXP 	Stim: image = 'TMTstop-control_1_1redlinestimulus23.png'
18.3102 	EXP 	Stim: image = 'TMTstop-control_1_1redlinestimulus23.png'
18.3514 	EXP 	Stim: image = 'TMTstop-control_1_1redlinestimulus23.png'
18.3863 	EXP 	Stim: image = 'TMTstop-control_1_1redlinestimulus23.png'
18.4278 	EXP 	Stim: image = 'TMTstop-control_1_1redlinestimulus23.png'
18.4951 	EXP 	Stim: image = 'TMTstop-control_1_1redlinestimulus23.png'
18.4951 	EXP 	Stim: autoDraw = False
18.4951 	EXP 	polygon: autoDraw = True
21.4619 	EXP 	New trial (rep=0, index=1): {'Block_file': 'TMTstop-Control_1_2.xlsx', 'Condition_rows': '26:52'}
21.5200 	EXP 	Imported TMTstop-control_1_merged.xlsx as conditions, 26 conditions, 9 params
21.5204 	EXP 	Created sequence: sequential, trialTypes=26, nReps=1, seed=None
21.5206 	EXP 	New trial (rep=0, index=0): {'NumberLetter': 1, 'corrAns': ['1'], 'Correct': 1, 'StimFile': 'TMTstop-control_1_2.png', 'Correct_StimFile': 'TMTstop-control_1_2.png', 'False_StimFile': 'TMTstop-control_1_2.png', 'Version': 'TMT_Control', 'Block': 2, 'TrialNumber_session': 26}
21.5209 	WARNING 	Requested image 'TMTstop-control_1_2.png' not found but similar filename 'TMTstop-control_1_2.jpg' exists. This will be used instead but changing the filename is advised.
21.5458 	EXP 	polygon: autoDraw = False
21.5458 	EXP 	Stim: image = 'TMTstop-control_1_2.png'
21.5458 	EXP 	Stim: autoDraw = True
21.9162 	WARNING 	Requested image 'TMTstop-control_1_2.png' not found but similar filename 'TMTstop-control_1_2.jpg' exists. This will be used instead but changing the filename is advised.
21.9382 	DATA 	Keypress: 2
21.9418 	EXP 	Stim: image = 'TMTstop-control_1_2.png'
21.9433 	WARNING 	Requested image 'TMTstop-control_1_2.png' not found but similar filename 'TMTstop-control_1_2.jpg' exists. This will be used instead but changing the filename is advised.
21.9773 	EXP 	Stim: image = 'TMTstop-control_1_2.png'
21.9788 	WARNING 	Requested image 'TMTstop-control_1_2.png' not found but similar filename 'TMTstop-control_1_2.jpg' exists. This will be used instead but changing the filename is advised.
22.0112 	EXP 	Stim: image = 'TMTstop-control_1_2.png'
22.0127 	WARNING 	Requested image 'TMTstop-control_1_2.png' not found but similar filename 'TMTstop-control_1_2.jpg' exists. This will be used instead but changing the filename is advised.
22.0455 	EXP 	Stim: image = 'TMTstop-control_1_2.png'
22.0478 	WARNING 	Requested image 'TMTstop-control_1_2.png' not found but similar filename 'TMTstop-control_1_2.jpg' exists. This will be used instead but changing the filename is advised.
22.0804 	EXP 	Stim: image = 'TMTstop-control_1_2.png'
22.0827 	WARNING 	Requested image 'TMTstop-control_1_2.png' not found but similar filename 'TMTstop-control_1_2.jpg' exists. This will be used instead but changing the filename is advised.
22.1153 	EXP 	Stim: image = 'TMTstop-control_1_2.png'
22.1170 	WARNING 	Requested image 'TMTstop-control_1_2.png' not found but similar filename 'TMTstop-control_1_2.jpg' exists. This will be used instead but changing the filename is advised.
22.1393 	DATA 	Keypress: 3
22.1430 	EXP 	Stim: image = 'TMTstop-control_1_2.png'
22.1453 	WARNING 	Requested image 'TMTstop-control_1_2.png' not found but similar filename 'TMTstop-control_1_2.jpg' exists. This will be used instead but changing the filename is advised.
22.1707 	EXP 	Stim: image = 'TMTstop-control_1_2.png'
22.1730 	WARNING 	Requested image 'TMTstop-control_1_2.png' not found but similar filename 'TMTstop-control_1_2.jpg' exists. This will be used instead but changing the filename is advised.
22.1985 	EXP 	Stim: image = 'TMTstop-control_1_2.png'
22.2008 	WARNING 	Requested image 'TMTstop-control_1_2.png' not found but similar filename 'TMTstop-control_1_2.jpg' exists. This will be used instead but changing the filename is advised.
22.2296 	DATA 	Keypress: 2
22.2333 	EXP 	Stim: image = 'TMTstop-control_1_2.png'
22.2356 	WARNING 	Requested image 'TMTstop-control_1_2.png' not found but similar filename 'TMTstop-control_1_2.jpg' exists. This will be used instead but changing the filename is advised.
22.2681 	EXP 	Stim: image = 'TMTstop-control_1_2.png'
22.2703 	WARNING 	Requested image 'TMTstop-control_1_2.png' not found but similar filename 'TMTstop-control_1_2.jpg' exists. This will be used instead but changing the filename is advised.
22.2990 	DATA 	Keypress: 1
22.3027 	EXP 	Stim: image = 'TMTstop-control_1_2.png'
22.3074 	EXP 	New trial (rep=0, index=1): {'NumberLetter': 2, 'corrAns': ['3'], 'Correct': 3, 'StimFile': 'TMTstop-control_1_2.png', 'Correct_StimFile': 'TMTstop-control_1_2firstgreen.png', 'False_StimFile': 'TMTstop-control_1_2firstred.png', 'Version': 'TMT_Control', 'Block': 2, 'TrialNumber_session': 27}
22.3687 	DATA 	Keypress: 1
22.3727 	EXP 	Stim: autoDraw = False
22.3727 	EXP 	Stim: image = 'TMTstop-control_1_2firstgreen.png'
22.3727 	EXP 	Stim: image = 'TMTstop-control_1_2firstgreen.png'
22.3727 	EXP 	Stim: autoDraw = True
22.4034 	DATA 	Keypress: 2
22.4069 	EXP 	Stim: image = 'TMTstop-control_1_2firstred.png'
22.4381 	DATA 	Keypress: 3
22.4417 	EXP 	Stim: image = 'TMTstop-control_1_2firstred.png'
22.4765 	EXP 	Stim: image = 'TMTstop-control_1_2firstred.png'
22.5143 	DATA 	Keypress: 1
22.5179 	EXP 	Stim: image = 'TMTstop-control_1_2firstred.png'
22.5560 	DATA 	Keypress: 2
22.5596 	EXP 	Stim: image = 'TMTstop-control_1_2firstred.png'
22.6014 	EXP 	Stim: image = 'TMTstop-control_1_2firstred.png'
22.6393 	DATA 	Keypress: 1
22.6429 	EXP 	Stim: image = 'TMTstop-control_1_2firstred.png'
22.6846 	EXP 	Stim: image = 'TMTstop-control_1_2firstred.png'
22.7193 	EXP 	Stim: image = 'TMTstop-control_1_2firstred.png'
22.7541 	EXP 	Stim: image = 'TMTstop-control_1_2firstred.png'
22.7888 	EXP 	Stim: image = 'TMTstop-control_1_2firstred.png'
22.7935 	EXP 	New trial (rep=0, index=2): {'NumberLetter': 3, 'corrAns': ['2'], 'Correct': 2, 'StimFile': 'TMTstop-control_1_2linestimulus0.png', 'Correct_StimFile': 'TMTstop-control_1_2greenlinestimulus0.png', 'False_StimFile': 'TMTstop-control_1_2redlinestimulus0.png', 'Version': 'TMT_Control', 'Block': 2, 'TrialNumber_session': 28}
22.8548 	DATA 	Keypress: 3
22.8587 	EXP 	Stim: autoDraw = False
22.8587 	EXP 	Stim: image = 'TMTstop-control_1_2greenlinestimulus0.png'
22.8587 	EXP 	Stim: image = 'TMTstop-control_1_2greenlinestimulus0.png'
22.8587 	EXP 	Stim: autoDraw = True
22.9601 	EXP 	New trial (rep=0, index=3): {'NumberLetter': 4, 'corrAns': ['3'], 'Correct': 3, 'StimFile': 'TMTstop-control_1_2linestimulus1.png', 'Correct_StimFile': 'TMTstop-control_1_2greenlinestimulus1.png', 'False_StimFile': 'TMTstop-control_1_2redlinestimulus1.png', 'Version': 'TMT_Control', 'Block': 2, 'TrialNumber_session': 29}
23.0214 	DATA 	Keypress: 2
23.0215 	DATA 	Keypress: 3
23.0253 	EXP 	Stim: autoDraw = False
23.0253 	EXP 	Stim: image = 'TMTstop-control_1_2greenlinestimulus1.png'
23.0253 	EXP 	Stim: image = 'TMTstop-control_1_2greenlinestimulus1.png'
23.0253 	EXP 	Stim: autoDraw = True
23.0771 	DATA 	Keypress: 2
25.3841 	EXP 	Stim: autoDraw = False
25.3841 	EXP 	polygon: autoDraw = True
28.3445 	EXP 	polygon: autoDraw = False
28.3445 	EXP 	image_3: autoDraw = True
30.1582 	EXP 	Imported TMTstop-A_1_conditions.xlsx as conditions, 6 conditions, 2 params
30.1585 	EXP 	Created sequence: sequential, trialTypes=6, nReps=1, seed=None
30.1587 	EXP 	New trial (rep=0, index=0): {'Block_file': 'TMTstop-A_1_1.xlsx', 'Condition_rows': '0:26'}
30.2024 	EXP 	Imported TMTstop-A_1_merged.xlsx as conditions, 26 conditions, 9 params
30.2027 	EXP 	Created sequence: sequential, trialTypes=26, nReps=1, seed=None
30.2030 	EXP 	New trial (rep=0, index=0): {'NumberLetter': 1, 'corrAns': ['2'], 'Correct': 2, 'StimFile': 'TMTstop-A_1_1.png', 'Correct_StimFile': 'TMTstop-A_1_1.png', 'False_StimFile': 'TMTstop-A_1_1.png', 'Version': 'TMT_A', 'Block': 1, 'TrialNumber_session': 1}
30.2365 	DATA 	Keypress: 2
30.2401 	EXP 	image_3: autoDraw = False
30.2401 	EXP 	Stim: image = 'TMTstop-A_1_1.png'
30.2401 	EXP 	Stim: autoDraw = True
30.3267 	DATA 	Keypress: 2
31.3780 	EXP 	New trial (rep=0, index=1): {'NumberLetter': 2, 'corrAns': ['1'], 'Correct': 1, 'StimFile': 'TMTstop-A_1_1.png', 'Correct_StimFile': 'TMTstop-A_1_1firstgreen.png', 'False_StimFile': 'TMTstop-A_1_1firstred.png', 'Version': 'TMT_A', 'Block': 1, 'TrialNumber_session': 2}
31.4379 	DATA 	Keypress: 2
31.4419 	EXP 	Stim: autoDraw = False
31.4419 	EXP 	Stim: image = 'TMTstop-A_1_1firstgreen.png'
31.4419 	EXP 	Stim: image = 'TMTstop-A_1_1firstgreen.png'
31.4419 	EXP 	Stim: autoDraw = True
31.5353 	DATA 	Keypress: 1
31.5435 	EXP 	New trial (rep=0, index=2): {'NumberLetter': 3, 'corrAns': ['2'], 'Correct': 2, 'StimFile': 'TMTstop-A_1_1linestimulus0.png', 'Correct_StimFile': 'TMTstop-A_1_1greenlinestimulus0.png', 'False_StimFile': 'TMTstop-A_1_1redlinestimulus0.png', 'Version': 'TMT_A', 'Block': 1, 'TrialNumber_session': 3}
31.6044 	DATA 	Keypress: 2
31.6085 	EXP 	Stim: autoDraw = False
31.6085 	EXP 	Stim: image = 'TMTstop-A_1_1greenlinestimulus0.png'
31.6085 	EXP 	Stim: image = 'TMTstop-A_1_1greenlinestimulus0.png'
31.6085 	EXP 	Stim: autoDraw = True
31.7448 	EXP 	New trial (rep=0, index=3): {'NumberLetter': 4, 'corrAns': ['3'], 'Correct': 3, 'StimFile': 'TMTstop-A_1_1linestimulus1.png', 'Correct_StimFile': 'TMTstop-A_1_1greenlinestimulus1.png', 'False_StimFile': 'TMTstop-A_1_1redlinestimulus1.png', 'Version': 'TMT_A', 'Block': 1, 'TrialNumber_session': 4}
31.8061 	DATA 	Keypress: 2
31.8062 	DATA 	Keypress: 3
31.8063 	DATA 	Keypress: 1
31.8101 	EXP 	Stim: autoDraw = False
31.8101 	EXP 	Stim: image = 'TMTstop-A_1_1greenlinestimulus1.png'
31.8101 	EXP 	Stim: image = 'TMTstop-A_1_1greenlinestimulus1.png'
31.8101 	EXP 	Stim: autoDraw = True
31.8155 	EXP 	New trial (rep=0, index=4): {'NumberLetter': 5, 'corrAns': ['2'], 'Correct': 2, 'StimFile': 'TMTstop-A_1_1linestimulus2.png', 'Correct_StimFile': 'TMTstop-A_1_1greenlinestimulus2.png', 'False_StimFile': 'TMTstop-A_1_1redlinestimulus2.png', 'Version': 'TMT_A', 'Block': 1, 'TrialNumber_session': 5}
31.8929 	EXP 	Stim: autoDraw = False
31.8929 	EXP 	Stim: image = 'TMTstop-A_1_1greenlinestimulus2.png'
31.8929 	EXP 	Stim: image = 'TMTstop-A_1_1greenlinestimulus2.png'
31.8929 	EXP 	Stim: autoDraw = True
31.9450 	DATA 	Keypress: 1
31.9867 	DATA 	Keypress: 3
31.9867 	DATA 	Keypress: 2
31.9903 	EXP 	Stim: image = 'TMTstop-A_1_1redlinestimulus2.png'
32.0318 	EXP 	Stim: image = 'TMTstop-A_1_1redlinestimulus2.png'
32.0733 	EXP 	Stim: image = 'TMTstop-A_1_1redlinestimulus2.png'
32.1150 	EXP 	Stim: image = 'TMTstop-A_1_1redlinestimulus2.png'
32.1529 	DATA 	Keypress: 2
32.1530 	DATA 	Keypress: 3
32.1566 	EXP 	Stim: image = 'TMTstop-A_1_1redlinestimulus2.png'
32.1946 	DATA 	Keypress: 1
32.1982 	EXP 	Stim: image = 'TMTstop-A_1_1redlinestimulus2.png'
32.2400 	EXP 	Stim: image = 'TMTstop-A_1_1redlinestimulus2.png'
32.2818 	EXP 	Stim: image = 'TMTstop-A_1_1redlinestimulus2.png'
32.3234 	EXP 	Stim: image = 'TMTstop-A_1_1redlinestimulus2.png'
32.3613 	DATA 	Keypress: 1
32.3649 	EXP 	Stim: image = 'TMTstop-A_1_1redlinestimulus2.png'
32.4029 	DATA 	Keypress: 3
32.4031 	DATA 	Keypress: 2
32.4066 	EXP 	Stim: image = 'TMTstop-A_1_1redlinestimulus2.png'
32.4481 	EXP 	Stim: image = 'TMTstop-A_1_1redlinestimulus2.png'
32.4901 	EXP 	Stim: image = 'TMTstop-A_1_1redlinestimulus2.png'
32.5279 	DATA 	Keypress: 3
32.5280 	DATA 	Keypress: 2
32.5316 	EXP 	Stim: image = 'TMTstop-A_1_1redlinestimulus2.png'
32.5376 	EXP 	New trial (rep=0, index=5): {'NumberLetter': 6, 'corrAns': ['3'], 'Correct': 3, 'StimFile': 'TMTstop-A_1_1linestimulus3.png', 'Correct_StimFile': 'TMTstop-A_1_1greenlinestimulus3.png', 'False_StimFile': 'TMTstop-A_1_1redlinestimulus3.png', 'Version': 'TMT_A', 'Block': 1, 'TrialNumber_session': 6}
32.5977 	DATA 	Keypress: 1
32.6015 	EXP 	Stim: autoDraw = False
32.6015 	EXP 	Stim: image = 'TMTstop-A_1_1greenlinestimulus3.png'
32.6015 	EXP 	Stim: image = 'TMTstop-A_1_1greenlinestimulus3.png'
32.6015 	EXP 	Stim: autoDraw = True
32.7087 	DATA 	Keypress: 1
32.7505 	DATA 	Keypress: 3
32.7506 	DATA 	Keypress: 2
32.7543 	EXP 	Stim: image = 'TMTstop-A_1_1redlinestimulus3.png'
32.7957 	EXP 	Stim: image = 'TMTstop-A_1_1redlinestimulus3.png'
32.8372 	EXP 	Stim: image = 'TMTstop-A_1_1redlinestimulus3.png'
32.8790 	EXP 	Stim: image = 'TMTstop-A_1_1redlinestimulus3.png'
32.9170 	DATA 	Keypress: 3
32.9171 	DATA 	Keypress: 2
32.9206 	EXP 	Stim: image = 'TMTstop-A_1_1redlinestimulus3.png'
32.9585 	DATA 	Keypress: 1
32.9621 	EXP 	Stim: image = 'TMTstop-A_1_1redlinestimulus3.png'
33.0040 	EXP 	Stim: image = 'TMTstop-A_1_1redlinestimulus3.png'
33.0456 	EXP 	Stim: image = 'TMTstop-A_1_1redlinestimulus3.png'
33.0834 	DATA 	Keypress: 1
33.0869 	EXP 	Stim: image = 'TMTstop-A_1_1redlinestimulus3.png'
33.1252 	DATA 	Keypress: 3
33.1291 	EXP 	Stim: image = 'TMTstop-A_1_1redlinestimulus3.png'
33.1668 	DATA 	Keypress: 2
33.1705 	EXP 	Stim: image = 'TMTstop-A_1_1redlinestimulus3.png'
33.2122 	EXP 	Stim: image = 'TMTstop-A_1_1redlinestimulus3.png'
33.2539 	EXP 	Stim: image = 'TMTstop-A_1_1redlinestimulus3.png'
33.2918 	DATA 	Keypress: 3
33.2919 	DATA 	Keypress: 2
33.2954 	EXP 	Stim: image = 'TMTstop-A_1_1redlinestimulus3.png'
33.3336 	DATA 	Keypress: 1
33.3372 	EXP 	Stim: image = 'TMTstop-A_1_1redlinestimulus3.png'
33.3787 	EXP 	Stim: image = 'TMTstop-A_1_1redlinestimulus3.png'
33.4205 	EXP 	Stim: image = 'TMTstop-A_1_1redlinestimulus3.png'
33.4584 	DATA 	Keypress: 1
33.4621 	EXP 	Stim: image = 'TMTstop-A_1_1redlinestimulus3.png'
33.5002 	DATA 	Keypress: 3
33.5039 	EXP 	Stim: image = 'TMTstop-A_1_1redlinestimulus3.png'
33.5419 	DATA 	Keypress: 2
33.5457 	EXP 	Stim: image = 'TMTstop-A_1_1redlinestimulus3.png'
33.5871 	EXP 	Stim: image = 'TMTstop-A_1_1redlinestimulus3.png'
33.6288 	EXP 	Stim: image = 'TMTstop-A_1_1redlinestimulus3.png'
33.6668 	DATA 	Keypress: 2
33.6706 	EXP 	Stim: image = 'TMTstop-A_1_1redlinestimulus3.png'
33.6768 	EXP 	New trial (rep=0, index=6): {'NumberLetter': 7, 'corrAns': ['2'], 'Correct': 2, 'StimFile': 'TMTstop-A_1_1linestimulus4.png', 'Correct_StimFile': 'TMTstop-A_1_1greenlinestimulus4.png', 'False_StimFile': 'TMTstop-A_1_1redlinestimulus4.png', 'Version': 'TMT_A', 'Block': 1, 'TrialNumber_session': 7}
33.7362 	DATA 	Keypress: 3
33.7365 	DATA 	Keypress: 1
33.7404 	EXP 	Stim: autoDraw = False
33.7404 	EXP 	Stim: image = 'TMTstop-A_1_1greenlinestimulus4.png'
33.7404 	EXP 	Stim: image = 'TMTstop-A_1_1greenlinestimulus4.png'
33.7404 	EXP 	Stim: autoDraw = True
33.8754 	DATA 	Keypress: 1
33.9172 	DATA 	Keypress: 3
33.9209 	EXP 	Stim: image = 'TMTstop-A_1_1redlinestimulus4.png'
33.9588 	DATA 	Keypress: 2
33.9624 	EXP 	Stim: image = 'TMTstop-A_1_1redlinestimulus4.png'
34.0040 	EXP 	Stim: image = 'TMTstop-A_1_1redlinestimulus4.png'
34.0457 	EXP 	Stim: image = 'TMTstop-A_1_1redlinestimulus4.png'
34.0872 	EXP 	Stim: image = 'TMTstop-A_1_1redlinestimulus4.png'
34.1289 	EXP 	Stim: image = 'TMTstop-A_1_1redlinestimulus4.png'
34.1670 	DATA 	Keypress: 2
34.1671 	DATA 	Keypress: 3
34.1705 	EXP 	Stim: image = 'TMTstop-A_1_1redlinestimulus4.png'
34.2085 	DATA 	Keypress: 1
34.2120 	EXP 	Stim: image = 'TMTstop-A_1_1redlinestimulus4.png'
34.2538 	EXP 	Stim: image = 'TMTstop-A_1_1redlinestimulus4.png'
34.2955 	EXP 	Stim: image = 'TMTstop-A_1_1redlinestimulus4.png'
34.3370 	EXP 	Stim: image = 'TMTstop-A_1_1redlinestimulus4.png'
34.3760 	DATA 	Keypress: 1
34.3761 	DATA 	Keypress: 3
34.3789 	EXP 	Stim: image = 'TMTstop-A_1_1redlinestimulus4.png'
34.4168 	DATA 	Keypress: 2
34.4205 	EXP 	Stim: image = 'TMTstop-A_1_1redlinestimulus4.png'
34.4623 	EXP 	Stim: image = 'TMTstop-A_1_1redlinestimulus4.png'
34.5039 	EXP 	Stim: image = 'TMTstop-A_1_1redlinestimulus4.png'
34.5454 	EXP 	Stim: image = 'TMTstop-A_1_1redlinestimulus4.png'
34.5834 	DATA 	Keypress: 3
34.5836 	DATA 	Keypress: 2
34.5874 	EXP 	Stim: image = 'TMTstop-A_1_1redlinestimulus4.png'
34.5936 	EXP 	New trial (rep=0, index=7): {'NumberLetter': 8, 'corrAns': ['1'], 'Correct': 1, 'StimFile': 'TMTstop-A_1_1linestimulus5.png', 'Correct_StimFile': 'TMTstop-A_1_1greenlinestimulus5.png', 'False_StimFile': 'TMTstop-A_1_1redlinestimulus5.png', 'Version': 'TMT_A', 'Block': 1, 'TrialNumber_session': 8}
34.6529 	DATA 	Keypress: 1
34.6570 	EXP 	Stim: autoDraw = False
34.6570 	EXP 	Stim: image = 'TMTstop-A_1_1greenlinestimulus5.png'
34.6570 	EXP 	Stim: image = 'TMTstop-A_1_1greenlinestimulus5.png'
34.6570 	EXP 	Stim: autoDraw = True
34.7655 	EXP 	New trial (rep=0, index=8): {'NumberLetter': 9, 'corrAns': ['2'], 'Correct': 2, 'StimFile': 'TMTstop-A_1_1linestimulus6.png', 'Correct_StimFile': 'TMTstop-A_1_1greenlinestimulus6.png', 'False_StimFile': 'TMTstop-A_1_1redlinestimulus6.png', 'Version': 'TMT_A', 'Block': 1, 'TrialNumber_session': 9}
34.8267 	DATA 	Keypress: 1
34.8269 	DATA 	Keypress: 3
34.8269 	DATA 	Keypress: 2
34.8307 	EXP 	Stim: autoDraw = False
34.8307 	EXP 	Stim: image = 'TMTstop-A_1_1greenlinestimulus6.png'
34.8307 	EXP 	Stim: image = 'TMTstop-A_1_1greenlinestimulus6.png'
34.8307 	EXP 	Stim: autoDraw = True
34.9887 	EXP 	New trial (rep=0, index=9): {'NumberLetter': 10, 'corrAns': ['1'], 'Correct': 1, 'StimFile': 'TMTstop-A_1_1linestimulus7.png', 'Correct_StimFile': 'TMTstop-A_1_1greenlinestimulus7.png', 'False_StimFile': 'TMTstop-A_1_1redlinestimulus7.png', 'Version': 'TMT_A', 'Block': 1, 'TrialNumber_session': 10}
35.0559 	DATA 	Keypress: 2
35.0560 	DATA 	Keypress: 3
35.0561 	DATA 	Keypress: 1
35.0598 	EXP 	Stim: autoDraw = False
35.0598 	EXP 	Stim: image = 'TMTstop-A_1_1greenlinestimulus7.png'
35.0598 	EXP 	Stim: image = 'TMTstop-A_1_1greenlinestimulus7.png'
35.0598 	EXP 	Stim: autoDraw = True
35.1012 	EXP 	Stim: image = 'TMTstop-A_1_1redlinestimulus7.png'
35.1427 	EXP 	Stim: image = 'TMTstop-A_1_1redlinestimulus7.png'
35.1807 	DATA 	Keypress: 1
35.1843 	EXP 	Stim: image = 'TMTstop-A_1_1redlinestimulus7.png'
35.1905 	EXP 	New trial (rep=0, index=10): {'NumberLetter': 11, 'corrAns': ['2'], 'Correct': 2, 'StimFile': 'TMTstop-A_1_1linestimulus8.png', 'Correct_StimFile': 'TMTstop-A_1_1greenlinestimulus8.png', 'False_StimFile': 'TMTstop-A_1_1redlinestimulus8.png', 'Version': 'TMT_A', 'Block': 1, 'TrialNumber_session': 11}
35.2501 	DATA 	Keypress: 3
35.2502 	DATA 	Keypress: 2
35.2541 	EXP 	Stim: autoDraw = False
35.2541 	EXP 	Stim: image = 'TMTstop-A_1_1greenlinestimulus8.png'
35.2541 	EXP 	Stim: image = 'TMTstop-A_1_1greenlinestimulus8.png'
35.2541 	EXP 	Stim: autoDraw = True
35.3614 	DATA 	Keypress: 3
35.3616 	DATA 	Keypress: 2
35.3697 	EXP 	New trial (rep=0, index=11): {'NumberLetter': 12, 'corrAns': ['3'], 'Correct': 3, 'StimFile': 'TMTstop-A_1_1linestimulus9.png', 'Correct_StimFile': 'TMTstop-A_1_1greenlinestimulus9.png', 'False_StimFile': 'TMTstop-A_1_1redlinestimulus9.png', 'Version': 'TMT_A', 'Block': 1, 'TrialNumber_session': 12}
35.4307 	DATA 	Keypress: 1
35.4346 	EXP 	Stim: autoDraw = False
35.4346 	EXP 	Stim: image = 'TMTstop-A_1_1greenlinestimulus9.png'
35.4346 	EXP 	Stim: image = 'TMTstop-A_1_1greenlinestimulus9.png'
35.4346 	EXP 	Stim: autoDraw = True
35.5280 	DATA 	Keypress: 1
35.5699 	DATA 	Keypress: 3
35.5700 	DATA 	Keypress: 2
35.5733 	EXP 	Stim: image = 'TMTstop-A_1_1redlinestimulus9.png'
35.6150 	EXP 	Stim: image = 'TMTstop-A_1_1redlinestimulus9.png'
35.6565 	EXP 	Stim: image = 'TMTstop-A_1_1redlinestimulus9.png'
35.6945 	DATA 	Keypress: 3
35.6985 	EXP 	Stim: image = 'TMTstop-A_1_1redlinestimulus9.png'
35.7041 	EXP 	New trial (rep=0, index=12): {'NumberLetter': 13, 'corrAns': ['2'], 'Correct': 2, 'StimFile': 'TMTstop-A_1_1linestimulus10.png', 'Correct_StimFile': 'TMTstop-A_1_1greenlinestimulus10.png', 'False_StimFile': 'TMTstop-A_1_1redlinestimulus10.png', 'Version': 'TMT_A', 'Block': 1, 'TrialNumber_session': 13}
35.7640 	DATA 	Keypress: 2
35.7642 	DATA 	Keypress: 1
35.7680 	EXP 	Stim: autoDraw = False
35.7680 	EXP 	Stim: image = 'TMTstop-A_1_1greenlinestimulus10.png'
35.7680 	EXP 	Stim: image = 'TMTstop-A_1_1greenlinestimulus10.png'
35.7680 	EXP 	Stim: autoDraw = True
35.7743 	EXP 	New trial (rep=0, index=13): {'NumberLetter': 14, 'corrAns': ['3'], 'Correct': 3, 'StimFile': 'TMTstop-A_1_1linestimulus11.png', 'Correct_StimFile': 'TMTstop-A_1_1greenlinestimulus11.png', 'False_StimFile': 'TMTstop-A_1_1redlinestimulus11.png', 'Version': 'TMT_A', 'Block': 1, 'TrialNumber_session': 14}
35.8376 	EXP 	Stim: autoDraw = False
35.8376 	EXP 	Stim: image = 'TMTstop-A_1_1greenlinestimulus11.png'
35.8376 	EXP 	Stim: image = 'TMTstop-A_1_1greenlinestimulus11.png'
35.8376 	EXP 	Stim: autoDraw = True
35.8614 	DATA 	Keypress: 1
35.9032 	DATA 	Keypress: 3
35.9033 	DATA 	Keypress: 2
35.9068 	EXP 	Stim: image = 'TMTstop-A_1_1redlinestimulus11.png'
35.9485 	EXP 	Stim: image = 'TMTstop-A_1_1redlinestimulus11.png'
35.9900 	EXP 	Stim: image = 'TMTstop-A_1_1redlinestimulus11.png'
36.0279 	DATA 	Keypress: 3
36.0315 	EXP 	Stim: image = 'TMTstop-A_1_1redlinestimulus11.png'
36.0377 	EXP 	New trial (rep=0, index=14): {'NumberLetter': 15, 'corrAns': ['1'], 'Correct': 1, 'StimFile': 'TMTstop-A_1_1linestimulus12.png', 'Correct_StimFile': 'TMTstop-A_1_1greenlinestimulus12.png', 'False_StimFile': 'TMTstop-A_1_1redlinestimulus12.png', 'Version': 'TMT_A', 'Block': 1, 'TrialNumber_session': 15}
36.0973 	DATA 	Keypress: 2
36.0975 	DATA 	Keypress: 1
36.1014 	EXP 	Stim: autoDraw = False
36.1014 	EXP 	Stim: image = 'TMTstop-A_1_1greenlinestimulus12.png'
36.1014 	EXP 	Stim: image = 'TMTstop-A_1_1greenlinestimulus12.png'
36.1014 	EXP 	Stim: autoDraw = True
36.1427 	EXP 	Stim: image = 'TMTstop-A_1_1redlinestimulus12.png'
36.1848 	EXP 	Stim: image = 'TMTstop-A_1_1redlinestimulus12.png'
36.2223 	DATA 	Keypress: 1
36.2261 	EXP 	Stim: image = 'TMTstop-A_1_1redlinestimulus12.png'
36.2317 	EXP 	New trial (rep=0, index=15): {'NumberLetter': 16, 'corrAns': ['3'], 'Correct': 3, 'StimFile': 'TMTstop-A_1_1linestimulus13.png', 'Correct_StimFile': 'TMTstop-A_1_1greenlinestimulus13.png', 'False_StimFile': 'TMTstop-A_1_1redlinestimulus13.png', 'Version': 'TMT_A', 'Block': 1, 'TrialNumber_session': 16}
36.2989 	DATA 	Keypress: 3
36.2990 	DATA 	Keypress: 2
36.3029 	EXP 	Stim: autoDraw = False
36.3029 	EXP 	Stim: image = 'TMTstop-A_1_1greenlinestimulus13.png'
36.3029 	EXP 	Stim: image = 'TMTstop-A_1_1greenlinestimulus13.png'
36.3029 	EXP 	Stim: autoDraw = True
36.3544 	DATA 	Keypress: 3
36.3634 	EXP 	New trial (rep=0, index=16): {'NumberLetter': 17, 'corrAns': ['2'], 'Correct': 2, 'StimFile': 'TMTstop-A_1_1linestimulus14.png', 'Correct_StimFile': 'TMTstop-A_1_1greenlinestimulus14.png', 'False_StimFile': 'TMTstop-A_1_1redlinestimulus14.png', 'Version': 'TMT_A', 'Block': 1, 'TrialNumber_session': 17}
36.4307 	DATA 	Keypress: 2
36.4309 	DATA 	Keypress: 1
36.4348 	EXP 	Stim: autoDraw = False
36.4348 	EXP 	Stim: image = 'TMTstop-A_1_1greenlinestimulus14.png'
36.4348 	EXP 	Stim: image = 'TMTstop-A_1_1greenlinestimulus14.png'
36.4348 	EXP 	Stim: autoDraw = True
36.4411 	EXP 	New trial (rep=0, index=17): {'NumberLetter': 18, 'corrAns': ['3'], 'Correct': 3, 'StimFile': 'TMTstop-A_1_1linestimulus15.png', 'Correct_StimFile': 'TMTstop-A_1_1greenlinestimulus15.png', 'False_StimFile': 'TMTstop-A_1_1redlinestimulus15.png', 'Version': 'TMT_A', 'Block': 1, 'TrialNumber_session': 18}
36.5112 	EXP 	Stim: autoDraw = False
36.5112 	EXP 	Stim: image = 'TMTstop-A_1_1greenlinestimulus15.png'
36.5112 	EXP 	Stim: image = 'TMTstop-A_1_1greenlinestimulus15.png'
36.5112 	EXP 	Stim: autoDraw = True
36.5350 	DATA 	Keypress: 1
36.5767 	DATA 	Keypress: 3
36.5804 	EXP 	Stim: image = 'TMTstop-A_1_1redlinestimulus15.png'
36.6183 	DATA 	Keypress: 2
36.6219 	EXP 	Stim: image = 'TMTstop-A_1_1redlinestimulus15.png'
36.6635 	EXP 	Stim: image = 'TMTstop-A_1_1redlinestimulus15.png'
36.7017 	DATA 	Keypress: 3
36.7052 	EXP 	Stim: image = 'TMTstop-A_1_1redlinestimulus15.png'
36.7122 	EXP 	New trial (rep=0, index=18): {'NumberLetter': 19, 'corrAns': ['1'], 'Correct': 1, 'StimFile': 'TMTstop-A_1_1linestimulus16.png', 'Correct_StimFile': 'TMTstop-A_1_1greenlinestimulus16.png', 'False_StimFile': 'TMTstop-A_1_1redlinestimulus16.png', 'Version': 'TMT_A', 'Block': 1, 'TrialNumber_session': 19}
36.7781 	DATA 	Keypress: 2
36.7782 	DATA 	Keypress: 1
36.7820 	EXP 	Stim: autoDraw = False
36.7820 	EXP 	Stim: image = 'TMTstop-A_1_1greenlinestimulus16.png'
36.7820 	EXP 	Stim: image = 'TMTstop-A_1_1greenlinestimulus16.png'
36.7820 	EXP 	Stim: autoDraw = True
36.8235 	EXP 	Stim: image = 'TMTstop-A_1_1redlinestimulus16.png'
36.8649 	EXP 	Stim: image = 'TMTstop-A_1_1redlinestimulus16.png'
36.9031 	DATA 	Keypress: 1
36.9066 	EXP 	Stim: image = 'TMTstop-A_1_1redlinestimulus16.png'
36.9112 	EXP 	New trial (rep=0, index=19): {'NumberLetter': 20, 'corrAns': ['3'], 'Correct': 3, 'StimFile': 'TMTstop-A_1_1linestimulus17.png', 'Correct_StimFile': 'TMTstop-A_1_1greenlinestimulus17.png', 'False_StimFile': 'TMTstop-A_1_1redlinestimulus17.png', 'Version': 'TMT_A', 'Block': 1, 'TrialNumber_session': 20}
36.9723 	DATA 	Keypress: 3
36.9724 	DATA 	Keypress: 2
36.9764 	EXP 	Stim: autoDraw = False
36.9764 	EXP 	Stim: image = 'TMTstop-A_1_1greenlinestimulus17.png'
36.9764 	EXP 	Stim: image = 'TMTstop-A_1_1greenlinestimulus17.png'
36.9764 	EXP 	Stim: autoDraw = True
37.0657 	EXP 	New trial (rep=0, index=20): {'NumberLetter': 21, 'corrAns': ['1'], 'Correct': 1, 'StimFile': 'TMTstop-A_1_1linestimulus18.png', 'Correct_StimFile': 'TMTstop-A_1_1greenlinestimulus18.png', 'False_StimFile': 'TMTstop-A_1_1redlinestimulus18.png', 'Version': 'TMT_A', 'Block': 1, 'TrialNumber_session': 21}
37.1320 	DATA 	Keypress: 3
37.1321 	DATA 	Keypress: 2
37.1323 	DATA 	Keypress: 1
37.1362 	EXP 	Stim: autoDraw = False
37.1362 	EXP 	Stim: image = 'TMTstop-A_1_1greenlinestimulus18.png'
37.1362 	EXP 	Stim: image = 'TMTstop-A_1_1greenlinestimulus18.png'
37.1362 	EXP 	Stim: autoDraw = True
37.1774 	EXP 	Stim: image = 'TMTstop-A_1_1redlinestimulus18.png'
37.2191 	EXP 	Stim: image = 'TMTstop-A_1_1redlinestimulus18.png'
37.2570 	DATA 	Keypress: 1
37.2610 	EXP 	Stim: image = 'TMTstop-A_1_1redlinestimulus18.png'
37.2671 	EXP 	New trial (rep=0, index=21): {'NumberLetter': 22, 'corrAns': ['3'], 'Correct': 3, 'StimFile': 'TMTstop-A_1_1linestimulus19.png', 'Correct_StimFile': 'TMTstop-A_1_1greenlinestimulus19.png', 'False_StimFile': 'TMTstop-A_1_1redlinestimulus19.png', 'Version': 'TMT_A', 'Block': 1, 'TrialNumber_session': 22}
37.3336 	DATA 	Keypress: 3
37.3337 	DATA 	Keypress: 2
37.3376 	EXP 	Stim: autoDraw = False
37.3376 	EXP 	Stim: image = 'TMTstop-A_1_1greenlinestimulus19.png'
37.3376 	EXP 	Stim: image = 'TMTstop-A_1_1greenlinestimulus19.png'
37.3376 	EXP 	Stim: autoDraw = True
37.4374 	DATA 	Keypress: 3
37.4375 	DATA 	Keypress: 2
37.4793 	DATA 	Keypress: 1
37.4835 	EXP 	Stim: image = 'TMTstop-A_1_1redlinestimulus19.png'
37.5321 	EXP 	Stim: image = 'TMTstop-A_1_1redlinestimulus19.png'
37.5732 	EXP 	Stim: image = 'TMTstop-A_1_1redlinestimulus19.png'
37.6115 	DATA 	Keypress: 1
37.6151 	EXP 	Stim: image = 'TMTstop-A_1_1redlinestimulus19.png'
37.6529 	DATA 	Keypress: 3
37.6529 	DATA 	Keypress: 2
37.6566 	EXP 	Stim: image = 'TMTstop-A_1_1redlinestimulus19.png'
37.6983 	EXP 	Stim: image = 'TMTstop-A_1_1redlinestimulus19.png'
37.7396 	EXP 	Stim: image = 'TMTstop-A_1_1redlinestimulus19.png'
37.7816 	EXP 	Stim: image = 'TMTstop-A_1_1redlinestimulus19.png'
37.8195 	DATA 	Keypress: 2
37.8196 	DATA 	Keypress: 3
37.8231 	EXP 	Stim: image = 'TMTstop-A_1_1redlinestimulus19.png'
37.8293 	EXP 	New trial (rep=0, index=22): {'NumberLetter': 23, 'corrAns': ['1'], 'Correct': 1, 'StimFile': 'TMTstop-A_1_1linestimulus20.png', 'Correct_StimFile': 'TMTstop-A_1_1greenlinestimulus20.png', 'False_StimFile': 'TMTstop-A_1_1redlinestimulus20.png', 'Version': 'TMT_A', 'Block': 1, 'TrialNumber_session': 23}
37.8890 	DATA 	Keypress: 1
37.8931 	EXP 	Stim: autoDraw = False
37.8931 	EXP 	Stim: image = 'TMTstop-A_1_1greenlinestimulus20.png'
37.8931 	EXP 	Stim: image = 'TMTstop-A_1_1greenlinestimulus20.png'
37.8931 	EXP 	Stim: autoDraw = True
37.9724 	DATA 	Keypress: 1
37.9807 	EXP 	New trial (rep=0, index=23): {'NumberLetter': 24, 'corrAns': ['2'], 'Correct': 2, 'StimFile': 'TMTstop-A_1_1linestimulus21.png', 'Correct_StimFile': 'TMTstop-A_1_1greenlinestimulus21.png', 'False_StimFile': 'TMTstop-A_1_1redlinestimulus21.png', 'Version': 'TMT_A', 'Block': 1, 'TrialNumber_session': 24}
38.0489 	DATA 	Keypress: 3
38.0490 	DATA 	Keypress: 2
38.0528 	EXP 	Stim: autoDraw = False
38.0528 	EXP 	Stim: image = 'TMTstop-A_1_1greenlinestimulus21.png'
38.0528 	EXP 	Stim: image = 'TMTstop-A_1_1greenlinestimulus21.png'
38.0528 	EXP 	Stim: autoDraw = True
38.1469 	DATA 	Keypress: 2
38.1548 	EXP 	New trial (rep=0, index=24): {'NumberLetter': 25, 'corrAns': ['3'], 'Correct': 3, 'StimFile': 'TMTstop-A_1_1linestimulus22.png', 'Correct_StimFile': 'TMTstop-A_1_1greenlinestimulus22.png', 'False_StimFile': 'TMTstop-A_1_1redlinestimulus22.png', 'Version': 'TMT_A', 'Block': 1, 'TrialNumber_session': 25}
38.2223 	DATA 	Keypress: 3
38.2224 	DATA 	Keypress: 1
38.2263 	EXP 	Stim: autoDraw = False
38.2263 	EXP 	Stim: image = 'TMTstop-A_1_1greenlinestimulus22.png'
38.2263 	EXP 	Stim: image = 'TMTstop-A_1_1greenlinestimulus22.png'
38.2263 	EXP 	Stim: autoDraw = True
38.2315 	EXP 	New trial (rep=0, index=25): {'NumberLetter': None, 'corrAns': None, 'Correct': None, 'StimFile': 'TMTstop-A_1_1linestimulus23.png', 'Correct_StimFile': 'TMTstop-A_1_1greenlinestimulus23.png', 'False_StimFile': 'TMTstop-A_1_1redlinestimulus23.png', 'Version': 'TMT_A', 'Block': 1, 'TrialNumber_session': 'Feedback_last'}
38.3028 	EXP 	Stim: autoDraw = False
38.3028 	EXP 	Stim: image = 'TMTstop-A_1_1greenlinestimulus23.png'
38.3028 	EXP 	Stim: image = 'TMTstop-A_1_1greenlinestimulus23.png'
38.3028 	EXP 	Stim: autoDraw = True
38.3406 	DATA 	Keypress: 1
38.3820 	DATA 	Keypress: 3
38.3858 	EXP 	Stim: image = 'TMTstop-A_1_1redlinestimulus23.png'
38.4239 	DATA 	Keypress: 2
38.4274 	EXP 	Stim: image = 'TMTstop-A_1_1redlinestimulus23.png'
38.4692 	EXP 	Stim: image = 'TMTstop-A_1_1redlinestimulus23.png'
38.5072 	DATA 	Keypress: 3
38.5108 	EXP 	Stim: image = 'TMTstop-A_1_1redlinestimulus23.png'
38.5487 	DATA 	Keypress: 2
38.5489 	DATA 	Keypress: 1
38.5525 	EXP 	Stim: image = 'TMTstop-A_1_1redlinestimulus23.png'
38.5941 	EXP 	Stim: image = 'TMTstop-A_1_1redlinestimulus23.png'
38.6358 	EXP 	Stim: image = 'TMTstop-A_1_1redlinestimulus23.png'
38.6844 	EXP 	Stim: image = 'TMTstop-A_1_1redlinestimulus23.png'
38.7222 	DATA 	Keypress: 1
38.7224 	DATA 	Keypress: 3
38.7259 	EXP 	Stim: image = 'TMTstop-A_1_1redlinestimulus23.png'
38.7677 	EXP 	Stim: image = 'TMTstop-A_1_1redlinestimulus23.png'
38.8056 	DATA 	Keypress: 2
38.8058 	DATA 	Keypress: 1
38.8097 	EXP 	Stim: image = 'TMTstop-A_1_1redlinestimulus23.png'
38.8510 	EXP 	Stim: image = 'TMTstop-A_1_1redlinestimulus23.png'
38.8927 	EXP 	Stim: image = 'TMTstop-A_1_1redlinestimulus23.png'
38.9346 	EXP 	Stim: image = 'TMTstop-A_1_1redlinestimulus23.png'
38.9760 	EXP 	Stim: image = 'TMTstop-A_1_1redlinestimulus23.png'
39.0179 	EXP 	Stim: image = 'TMTstop-A_1_1redlinestimulus23.png'
39.0596 	EXP 	Stim: image = 'TMTstop-A_1_1redlinestimulus23.png'
39.1010 	EXP 	Stim: image = 'TMTstop-A_1_1redlinestimulus23.png'
39.1426 	EXP 	Stim: image = 'TMTstop-A_1_1redlinestimulus23.png'
39.1846 	EXP 	Stim: image = 'TMTstop-A_1_1redlinestimulus23.png'
39.2260 	EXP 	Stim: image = 'TMTstop-A_1_1redlinestimulus23.png'
39.2674 	EXP 	Stim: image = 'TMTstop-A_1_1redlinestimulus23.png'
39.3095 	EXP 	Stim: image = 'TMTstop-A_1_1redlinestimulus23.png'
39.4043 	EXP 	Stim: image = 'TMTstop-A_1_1redlinestimulus23.png'
39.4043 	EXP 	Stim: autoDraw = False
39.4043 	EXP 	polygon: autoDraw = True
42.3504 	EXP 	New trial (rep=0, index=1): {'Block_file': 'TMTstop-A_1_2.xlsx', 'Condition_rows': '26:52'}
42.3955 	EXP 	Imported TMTstop-A_1_merged.xlsx as conditions, 26 conditions, 9 params
42.3958 	EXP 	Created sequence: sequential, trialTypes=26, nReps=1, seed=None
42.3960 	EXP 	New trial (rep=0, index=0): {'NumberLetter': 1, 'corrAns': ['3'], 'Correct': 3, 'StimFile': 'TMTstop-A_1_2.png', 'Correct_StimFile': 'TMTstop-A_1_2.png', 'False_StimFile': 'TMTstop-A_1_2.png', 'Version': 'TMT_A', 'Block': 2, 'TrialNumber_session': 26}
42.4307 	DATA 	Keypress: esc
42.4343 	EXP 	polygon: autoDraw = False
42.4343 	EXP 	Stim: image = 'TMTstop-A_1_2.png'
42.4343 	EXP 	Stim: autoDraw = True
42.5749 	EXP 	window1: mouseVisible = True
