1.8723 	WARNING 	We strongly recommend you activate the PTB sound engine in PsychoPy prefs as the preferred audio engine. Its timing is vastly superior. Your prefs are currently set to use ['pyo'] (in that order).
6.4603 	EXP 	Created window1 = Window(allowGUI=False, allowStencil=False, autoLog=True, backendConf=UNKNOWN, bitsMode=UNKNOWN, blendMode='avg', bpc=(8, 8, 8), color=array([0, 0, 0]), colorSpace='rgb', depthBits=8, fullscr=<method-wrapper '__getattribute__' of attributeSetter object at 0x00000173DC9AD7F0>, gamma=None, gammaErrorPolicy='raise', lms=UNKNOWN, monitor=<psychopy.monitors.calibTools.Monitor object at 0x00000173DC994A90>, multiSample=False, name='window1', numSamples=2, pos=[0.0, 0.0], screen=0, size=array([3440, 1440]), stencilBits=0, stereo=False, units='height', useFBO=True, useRetina=False, viewOri=0.0, viewPos=None, viewScale=None, waitBlanking=True, winType='pyglet')
6.4606 	EXP 	window1: mouseVisible = True
6.4606 	EXP 	window1: recordFrameIntervals = False
6.6268 	EXP 	window1: recordFrameIntervals = True
6.8104 	EXP 	window1: recordFrameIntervals = False
7.0837 	EXP 	Created Instruct = ImageStim(__class__=<class 'psychopy.visual.image.ImageStim'>, autoLog=True, color=array([1., 1., 1.]), colorSpace='rgb', contrast=1.0, depth=0.0, flipHoriz=False, flipVert=False, image='InkedInstructBfinal_LI.jpg', interpolate=True, mask=None, maskParams=None, name='Instruct', opacity=1, ori=0.0, pos=array([0., 0.]), size=array([0.8, 0.8]), texRes=128.0, units='height', win=Window(...))
7.1439 	EXP 	Created text_2 = TextStim(__class__=<class 'psychopy.visual.text.TextStim'>, alignHoriz=method-wrapper(...), alignText='center', alignVert=method-wrapper(...), anchorHoriz='center', anchorVert='center', antialias=True, autoLog=True, bold=False, color=array([1., 1., 1.]), colorSpace='rgb', contrast=1.0, depth=-2.0, flipHoriz=False, flipVert=False, font='Open Sans', fontFiles=[], height=0.04, italic=False, languageStyle='LTR', name='text_2', opacity=1, ori=0.5, pos=array([ 0.  , -0.45]), rgb=UNKNOWN, text=str(...), units='height', win=Window(...), wrapWidth=2.0)
7.1476 	EXP 	Created Stim = ImageStim(__class__=<class 'psychopy.visual.image.ImageStim'>, autoLog=True, color=array([1., 1., 1.]), colorSpace='rgb', contrast=1.0, depth=0.0, flipHoriz=False, flipVert=False, image='sin', interpolate=True, mask=None, maskParams=None, name='Stim', opacity=1, ori=0.0, pos=array([0., 0.]), size=array([1.777, 1.   ]), texRes=128.0, units='height', win=Window(...))
7.1519 	EXP 	Created Stim = ImageStim(__class__=<class 'psychopy.visual.image.ImageStim'>, autoLog=True, color=array([1., 1., 1.]), colorSpace='rgb', contrast=1.0, depth=0.0, flipHoriz=False, flipVert=False, image='sin', interpolate=True, mask=None, maskParams=None, name='Stim', opacity=1, ori=0.0, pos=array([0., 0.]), size=array([1.777, 1.   ]), texRes=128.0, units='height', win=Window(...))
7.1718 	EXP 	Created text_3 = TextStim(__class__=<class 'psychopy.visual.text.TextStim'>, alignHoriz=method-wrapper(...), alignText='center', alignVert=method-wrapper(...), anchorHoriz='center', anchorVert='center', antialias=True, autoLog=True, bold=False, color=array([1., 1., 1.]), colorSpace='rgb', contrast=1.0, depth=0.0, flipHoriz=False, flipVert=False, font='Open Sans', fontFiles=[], height=0.1, italic=False, languageStyle='LTR', name='text_3', opacity=1, ori=0.0, pos=array([0., 0.]), rgb=UNKNOWN, text=str(...), units='height', win=Window(...), wrapWidth=1)
7.1797 	EXP 	Created text = TextStim(__class__=<class 'psychopy.visual.text.TextStim'>, alignHoriz=method-wrapper(...), alignText='center', alignVert=method-wrapper(...), anchorHoriz='center', anchorVert='center', antialias=True, autoLog=True, bold=False, color=array([1., 1., 1.]), colorSpace='rgb', contrast=1.0, depth=0.0, flipHoriz=False, flipVert=False, font='Open Sans', fontFiles=[], height=0.1, italic=False, languageStyle='LTR', name='text', opacity=1, ori=0.0, pos=array([0., 0.]), rgb=UNKNOWN, text='Thank you!\n\nYou have finished the task!', units='height', win=Window(...), wrapWidth=1)
7.2104 	EXP 	Instruct: autoDraw = True
7.2104 	EXP 	text_2: autoDraw = True
8.4698 	EXP 	Imported TMT-control.xlsx as conditions, 12 conditions, 5 params
8.4701 	EXP 	Created sequence: sequential, trialTypes=12, nReps=1, seed=None
8.4703 	EXP 	New trial (rep=0, index=0): {'NumberLetter': 1, 'corrAns': 2, 'StimFile': 'TMT-control.jpg', 'Correct_StimFile': 'TMT-control.jpg', 'False_StimFile': 'TMT-control.jpg'}
8.5723 	DATA 	Keypress: 1
8.5943 	EXP 	Instruct: autoDraw = False
8.5943 	EXP 	text_2: autoDraw = False
8.5943 	EXP 	Stim: image = 'TMT-control.jpg'
8.5943 	EXP 	Stim: image = 'TMT-control.jpg'
8.5943 	EXP 	Stim: autoDraw = True
11.2321 	EXP 	New trial (rep=0, index=1): {'NumberLetter': 'A', 'corrAns': 3, 'StimFile': 'TMT-control.jpg', 'Correct_StimFile': 'TMT-control.jpg', 'False_StimFile': 'TMT-control.jpg'}
11.2749 	DATA 	Keypress: 2
11.2956 	EXP 	Stim: autoDraw = False
11.2956 	EXP 	Stim: image = 'TMT-control.jpg'
11.2956 	EXP 	Stim: image = 'TMT-control.jpg'
11.2956 	EXP 	Stim: autoDraw = True
12.2323 	EXP 	New trial (rep=0, index=2): {'NumberLetter': 2, 'corrAns': 1, 'StimFile': 'TMT-control_linestimulus0.png', 'Correct_StimFile': 'TMT-control_greenlinestimulus0.png', 'False_StimFile': 'TMT-control_redlinestimulus0.png'}
12.2854 	DATA 	Keypress: 3
12.2960 	EXP 	Stim: autoDraw = False
12.2960 	EXP 	Stim: image = 'TMT-control_greenlinestimulus0.png'
12.2960 	EXP 	Stim: image = 'TMT-control_greenlinestimulus0.png'
12.2960 	EXP 	Stim: autoDraw = True
14.9337 	EXP 	New trial (rep=0, index=3): {'NumberLetter': 'B', 'corrAns': 2, 'StimFile': 'TMT-control_linestimulus1.png', 'Correct_StimFile': 'TMT-control_greenlinestimulus1.png', 'False_StimFile': 'TMT-control_redlinestimulus1.png'}
14.9902 	DATA 	Keypress: 1
15.0139 	EXP 	Stim: autoDraw = False
15.0139 	EXP 	Stim: image = 'TMT-control_greenlinestimulus1.png'
15.0139 	EXP 	Stim: image = 'TMT-control_greenlinestimulus1.png'
15.0139 	EXP 	Stim: autoDraw = True
16.7007 	DATA 	Keypress: 3
16.7186 	EXP 	New trial (rep=0, index=4): {'NumberLetter': 3, 'corrAns': 3, 'StimFile': 'TMT-control_linestimulus2.png', 'Correct_StimFile': 'TMT-control_greenlinestimulus2.png', 'False_StimFile': 'TMT-control_redlinestimulus2.png'}
16.7981 	EXP 	Stim: autoDraw = False
16.7981 	EXP 	Stim: image = 'TMT-control_greenlinestimulus2.png'
16.7981 	EXP 	Stim: image = 'TMT-control_redlinestimulus2.png'
16.7981 	EXP 	Stim: autoDraw = True
18.3350 	EXP 	New trial (rep=0, index=5): {'NumberLetter': 'C', 'corrAns': 2, 'StimFile': 'TMT-control_linestimulus3.png', 'Correct_StimFile': 'TMT-control_greenlinestimulus3.png', 'False_StimFile': 'TMT-control_redlinestimulus3.png'}
18.3899 	DATA 	Keypress: 1
18.4155 	EXP 	Stim: autoDraw = False
18.4155 	EXP 	Stim: image = 'TMT-control_greenlinestimulus3.png'
18.4155 	EXP 	Stim: image = 'TMT-control_redlinestimulus3.png'
18.4155 	EXP 	Stim: autoDraw = True
19.2861 	EXP 	New trial (rep=0, index=6): {'NumberLetter': 4, 'corrAns': 1, 'StimFile': 'TMT-control_linestimulus4.png', 'Correct_StimFile': 'TMT-control_greenlinestimulus4.png', 'False_StimFile': 'TMT-control_redlinestimulus4.png'}
19.3391 	DATA 	Keypress: 2
19.3494 	EXP 	Stim: autoDraw = False
19.3494 	EXP 	Stim: image = 'TMT-control_greenlinestimulus4.png'
19.3494 	EXP 	Stim: image = 'TMT-control_greenlinestimulus4.png'
19.3494 	EXP 	Stim: autoDraw = True
20.5028 	EXP 	New trial (rep=0, index=7): {'NumberLetter': 'D', 'corrAns': 3, 'StimFile': 'TMT-control_linestimulus5.png', 'Correct_StimFile': 'TMT-control_greenlinestimulus5.png', 'False_StimFile': 'TMT-control_redlinestimulus5.png'}
20.5554 	DATA 	Keypress: 1
20.5664 	EXP 	Stim: autoDraw = False
20.5664 	EXP 	Stim: image = 'TMT-control_greenlinestimulus5.png'
20.5664 	EXP 	Stim: image = 'TMT-control_greenlinestimulus5.png'
20.5664 	EXP 	Stim: autoDraw = True
21.5868 	EXP 	New trial (rep=0, index=8): {'NumberLetter': 5, 'corrAns': 1, 'StimFile': 'TMT-control_linestimulus6.png', 'Correct_StimFile': 'TMT-control_greenlinestimulus6.png', 'False_StimFile': 'TMT-control_redlinestimulus6.png'}
21.6405 	DATA 	Keypress: 3
21.6671 	EXP 	Stim: autoDraw = False
21.6671 	EXP 	Stim: image = 'TMT-control_greenlinestimulus6.png'
21.6671 	EXP 	Stim: image = 'TMT-control_greenlinestimulus6.png'
21.6671 	EXP 	Stim: autoDraw = True
22.6871 	EXP 	New trial (rep=0, index=9): {'NumberLetter': 'E', 'corrAns': 2, 'StimFile': 'TMT-control_linestimulus7.png', 'Correct_StimFile': 'TMT-control_greenlinestimulus7.png', 'False_StimFile': 'TMT-control_redlinestimulus7.png'}
22.7425 	DATA 	Keypress: 1
22.7675 	EXP 	Stim: autoDraw = False
22.7675 	EXP 	Stim: image = 'TMT-control_greenlinestimulus7.png'
22.7675 	EXP 	Stim: image = 'TMT-control_greenlinestimulus7.png'
22.7675 	EXP 	Stim: autoDraw = True
23.5710 	EXP 	New trial (rep=0, index=10): {'NumberLetter': 6, 'corrAns': 1, 'StimFile': 'TMT-control_linestimulus8.png', 'Correct_StimFile': 'TMT-control_greenlinestimulus8.png', 'False_StimFile': 'TMT-control_redlinestimulus8.png'}
23.6253 	DATA 	Keypress: 2
23.6513 	EXP 	Stim: autoDraw = False
23.6513 	EXP 	Stim: image = 'TMT-control_greenlinestimulus8.png'
23.6513 	EXP 	Stim: image = 'TMT-control_greenlinestimulus8.png'
23.6513 	EXP 	Stim: autoDraw = True
24.4879 	EXP 	New trial (rep=0, index=11): {'NumberLetter': 'F', 'corrAns': 2, 'StimFile': 'TMT-control_linestimulus9.png', 'Correct_StimFile': 'TMT-control_greenlinestimulus9.png', 'False_StimFile': 'TMT-control_redlinestimulus9.png'}
24.5413 	DATA 	Keypress: 1
24.5516 	EXP 	Stim: autoDraw = False
24.5516 	EXP 	Stim: image = 'TMT-control_greenlinestimulus9.png'
24.5516 	EXP 	Stim: image = 'TMT-control_greenlinestimulus9.png'
24.5516 	EXP 	Stim: autoDraw = True
25.5275 	EXP 	Imported TMT-control2.xlsx as conditions, 12 conditions, 5 params
25.5277 	EXP 	Created sequence: sequential, trialTypes=12, nReps=1, seed=None
25.5279 	EXP 	New trial (rep=0, index=0): {'NumberLetter': 1, 'corrAns': 3, 'StimFile': 'TMT-control2.jpg', 'Correct_StimFile': 'TMT-control2.jpg', 'False_StimFile': 'TMT-control2.jpg'}
25.5662 	DATA 	Keypress: 2
25.5854 	EXP 	Stim: autoDraw = False
25.5854 	EXP 	Stim: image = 'TMT-control2.jpg'
25.5854 	EXP 	Stim: image = 'TMT-control2.jpg'
25.5854 	EXP 	Stim: autoDraw = True
31.4082 	EXP 	New trial (rep=0, index=1): {'NumberLetter': 'A', 'corrAns': 1, 'StimFile': 'TMT-control2.jpg', 'Correct_StimFile': 'TMT-control2.jpg', 'False_StimFile': 'TMT-control2.jpg'}
31.4480 	DATA 	Keypress: 3
31.4715 	EXP 	Stim: autoDraw = False
31.4715 	EXP 	Stim: image = 'TMT-control2.jpg'
31.4715 	EXP 	Stim: image = 'TMT-control2.jpg'
31.4715 	EXP 	Stim: autoDraw = True
32.7251 	EXP 	New trial (rep=0, index=2): {'NumberLetter': 2, 'corrAns': 3, 'StimFile': 'TMT-control2_linestimulus0.png', 'Correct_StimFile': 'TMT-control2_greenlinestimulus0.png', 'False_StimFile': 'TMT-control2_redlinestimulus0.png'}
32.7780 	DATA 	Keypress: 1
32.7887 	EXP 	Stim: autoDraw = False
32.7887 	EXP 	Stim: image = 'TMT-control2_greenlinestimulus0.png'
32.7887 	EXP 	Stim: image = 'TMT-control2_greenlinestimulus0.png'
32.7887 	EXP 	Stim: autoDraw = True
34.7931 	EXP 	New trial (rep=0, index=3): {'NumberLetter': 'B', 'corrAns': 1, 'StimFile': 'TMT-control2_linestimulus1.png', 'Correct_StimFile': 'TMT-control2_greenlinestimulus1.png', 'False_StimFile': 'TMT-control2_redlinestimulus1.png'}
34.8505 	DATA 	Keypress: 2
34.8732 	EXP 	Stim: autoDraw = False
34.8732 	EXP 	Stim: image = 'TMT-control2_greenlinestimulus1.png'
34.8732 	EXP 	Stim: image = 'TMT-control2_redlinestimulus1.png'
34.8732 	EXP 	Stim: autoDraw = True
36.4273 	EXP 	New trial (rep=0, index=4): {'NumberLetter': 3, 'corrAns': 2, 'StimFile': 'TMT-control2_linestimulus2.png', 'Correct_StimFile': 'TMT-control2_greenlinestimulus2.png', 'False_StimFile': 'TMT-control2_redlinestimulus2.png'}
36.4806 	DATA 	Keypress: 2
36.4905 	EXP 	Stim: autoDraw = False
36.4905 	EXP 	Stim: image = 'TMT-control2_greenlinestimulus2.png'
36.4905 	EXP 	Stim: image = 'TMT-control2_redlinestimulus2.png'
36.4905 	EXP 	Stim: autoDraw = True
37.0934 	DATA 	Keypress: 3
37.1105 	EXP 	New trial (rep=0, index=5): {'NumberLetter': 'C', 'corrAns': 3, 'StimFile': 'TMT-control2_linestimulus3.png', 'Correct_StimFile': 'TMT-control2_greenlinestimulus3.png', 'False_StimFile': 'TMT-control2_redlinestimulus3.png'}
37.1742 	EXP 	Stim: autoDraw = False
37.1742 	EXP 	Stim: image = 'TMT-control2_greenlinestimulus3.png'
37.1742 	EXP 	Stim: image = 'TMT-control2_redlinestimulus3.png'
37.1742 	EXP 	Stim: autoDraw = True
37.6941 	EXP 	New trial (rep=0, index=6): {'NumberLetter': 4, 'corrAns': 2, 'StimFile': 'TMT-control2_linestimulus4.png', 'Correct_StimFile': 'TMT-control2_greenlinestimulus4.png', 'False_StimFile': 'TMT-control2_redlinestimulus4.png'}
37.7457 	DATA 	Keypress: 2
37.7577 	EXP 	Stim: autoDraw = False
37.7577 	EXP 	Stim: image = 'TMT-control2_greenlinestimulus4.png'
37.7577 	EXP 	Stim: image = 'TMT-control2_redlinestimulus4.png'
37.7577 	EXP 	Stim: autoDraw = True
38.8445 	EXP 	New trial (rep=0, index=7): {'NumberLetter': 'D', 'corrAns': 1, 'StimFile': 'TMT-control2_linestimulus5.png', 'Correct_StimFile': 'TMT-control2_greenlinestimulus5.png', 'False_StimFile': 'TMT-control2_redlinestimulus5.png'}
38.8964 	DATA 	Keypress: 3
38.9083 	EXP 	Stim: autoDraw = False
38.9083 	EXP 	Stim: image = 'TMT-control2_greenlinestimulus5.png'
38.9083 	EXP 	Stim: image = 'TMT-control2_redlinestimulus5.png'
38.9083 	EXP 	Stim: autoDraw = True
39.4119 	DATA 	Keypress: 2
39.4284 	EXP 	New trial (rep=0, index=8): {'NumberLetter': 5, 'corrAns': 3, 'StimFile': 'TMT-control2_linestimulus6.png', 'Correct_StimFile': 'TMT-control2_greenlinestimulus6.png', 'False_StimFile': 'TMT-control2_redlinestimulus6.png'}
39.5087 	EXP 	Stim: autoDraw = False
39.5087 	EXP 	Stim: image = 'TMT-control2_greenlinestimulus6.png'
39.5087 	EXP 	Stim: image = 'TMT-control2_redlinestimulus6.png'
39.5087 	EXP 	Stim: autoDraw = True
40.1288 	EXP 	New trial (rep=0, index=9): {'NumberLetter': 'E', 'corrAns': 2, 'StimFile': 'TMT-control2_linestimulus7.png', 'Correct_StimFile': 'TMT-control2_greenlinestimulus7.png', 'False_StimFile': 'TMT-control2_redlinestimulus7.png'}
40.1857 	DATA 	Keypress: 3
40.2090 	EXP 	Stim: autoDraw = False
40.2090 	EXP 	Stim: image = 'TMT-control2_greenlinestimulus7.png'
40.2090 	EXP 	Stim: image = 'TMT-control2_greenlinestimulus7.png'
40.2090 	EXP 	Stim: autoDraw = True
40.5460 	EXP 	New trial (rep=0, index=10): {'NumberLetter': 6, 'corrAns': 1, 'StimFile': 'TMT-control2_linestimulus8.png', 'Correct_StimFile': 'TMT-control2_greenlinestimulus8.png', 'False_StimFile': 'TMT-control2_redlinestimulus8.png'}
40.6002 	DATA 	Keypress: 2
40.6258 	EXP 	Stim: autoDraw = False
40.6258 	EXP 	Stim: image = 'TMT-control2_greenlinestimulus8.png'
40.6258 	EXP 	Stim: image = 'TMT-control2_greenlinestimulus8.png'
40.6258 	EXP 	Stim: autoDraw = True
42.0962 	EXP 	New trial (rep=0, index=11): {'NumberLetter': 'F', 'corrAns': 2, 'StimFile': 'TMT-control2_linestimulus9.png', 'Correct_StimFile': 'TMT-control2_greenlinestimulus9.png', 'False_StimFile': 'TMT-control2_redlinestimulus9.png'}
42.1477 	DATA 	Keypress: 1
42.1598 	EXP 	Stim: autoDraw = False
42.1598 	EXP 	Stim: image = 'TMT-control2_greenlinestimulus9.png'
42.1598 	EXP 	Stim: image = 'TMT-control2_greenlinestimulus9.png'
42.1598 	EXP 	Stim: autoDraw = True
42.7823 	DATA 	Keypress: 2
42.7935 	EXP 	Stim: autoDraw = False
42.7935 	EXP 	text_3: autoDraw = True
44.4159 	DATA 	Keypress: escape
44.4276 	EXP 	text_3: autoDraw = False
44.4276 	EXP 	text: autoDraw = True
44.9634 	DATA 	Keypress: escape
45.2151 	EXP 	window1: mouseVisible = True
1.7039 	WARNING 	We strongly recommend you activate the PTB sound engine in PsychoPy prefs as the preferred audio engine. Its timing is vastly superior. Your prefs are currently set to use ['pyo'] (in that order).
5.8493 	EXP 	Created window1 = Window(allowGUI=False, allowStencil=False, autoLog=True, backendConf=UNKNOWN, bitsMode=UNKNOWN, blendMode='avg', bpc=(8, 8, 8), color=array([0, 0, 0]), colorSpace='rgb', depthBits=8, fullscr=<method-wrapper '__getattribute__' of attributeSetter object at 0x0000019326F5F7F0>, gamma=None, gammaErrorPolicy='raise', lms=UNKNOWN, monitor=<psychopy.monitors.calibTools.Monitor object at 0x0000019326F44AC8>, multiSample=False, name='window1', numSamples=2, pos=[0.0, 0.0], screen=0, size=array([3440, 1440]), stencilBits=0, stereo=False, units='height', useFBO=True, useRetina=False, viewOri=0.0, viewPos=None, viewScale=None, waitBlanking=True, winType='pyglet')
5.8496 	EXP 	window1: mouseVisible = True
5.8496 	EXP 	window1: recordFrameIntervals = False
6.0157 	EXP 	window1: recordFrameIntervals = True
6.1993 	EXP 	window1: recordFrameIntervals = False
6.4787 	EXP 	Created Instruct = ImageStim(__class__=<class 'psychopy.visual.image.ImageStim'>, autoLog=True, color=array([1., 1., 1.]), colorSpace='rgb', contrast=1.0, depth=0.0, flipHoriz=False, flipVert=False, image='InkedInstructBfinal_LI.jpg', interpolate=True, mask=None, maskParams=None, name='Instruct', opacity=1, ori=0.0, pos=array([0., 0.]), size=array([0.8, 0.8]), texRes=128.0, units='height', win=Window(...))
6.5405 	EXP 	Created text_2 = TextStim(__class__=<class 'psychopy.visual.text.TextStim'>, alignHoriz=method-wrapper(...), alignText='center', alignVert=method-wrapper(...), anchorHoriz='center', anchorVert='center', antialias=True, autoLog=True, bold=False, color=array([1., 1., 1.]), colorSpace='rgb', contrast=1.0, depth=-2.0, flipHoriz=False, flipVert=False, font='Open Sans', fontFiles=[], height=0.04, italic=False, languageStyle='LTR', name='text_2', opacity=1, ori=0.5, pos=array([ 0.  , -0.45]), rgb=UNKNOWN, text=str(...), units='height', win=Window(...), wrapWidth=2.0)
6.5447 	EXP 	Created Stim = ImageStim(__class__=<class 'psychopy.visual.image.ImageStim'>, autoLog=True, color=array([1., 1., 1.]), colorSpace='rgb', contrast=1.0, depth=0.0, flipHoriz=False, flipVert=False, image='sin', interpolate=True, mask=None, maskParams=None, name='Stim', opacity=1, ori=0.0, pos=array([0., 0.]), size=array([1.777, 1.   ]), texRes=128.0, units='height', win=Window(...))
6.5494 	EXP 	Created Stim = ImageStim(__class__=<class 'psychopy.visual.image.ImageStim'>, autoLog=True, color=array([1., 1., 1.]), colorSpace='rgb', contrast=1.0, depth=0.0, flipHoriz=False, flipVert=False, image='sin', interpolate=True, mask=None, maskParams=None, name='Stim', opacity=1, ori=0.0, pos=array([0., 0.]), size=array([1.777, 1.   ]), texRes=128.0, units='height', win=Window(...))
6.5722 	EXP 	Created text_3 = TextStim(__class__=<class 'psychopy.visual.text.TextStim'>, alignHoriz=method-wrapper(...), alignText='center', alignVert=method-wrapper(...), anchorHoriz='center', anchorVert='center', antialias=True, autoLog=True, bold=False, color=array([1., 1., 1.]), colorSpace='rgb', contrast=1.0, depth=0.0, flipHoriz=False, flipVert=False, font='Open Sans', fontFiles=[], height=0.1, italic=False, languageStyle='LTR', name='text_3', opacity=1, ori=0.0, pos=array([0., 0.]), rgb=UNKNOWN, text=str(...), units='height', win=Window(...), wrapWidth=1)
6.5810 	EXP 	Created text = TextStim(__class__=<class 'psychopy.visual.text.TextStim'>, alignHoriz=method-wrapper(...), alignText='center', alignVert=method-wrapper(...), anchorHoriz='center', anchorVert='center', antialias=True, autoLog=True, bold=False, color=array([1., 1., 1.]), colorSpace='rgb', contrast=1.0, depth=0.0, flipHoriz=False, flipVert=False, font='Open Sans', fontFiles=[], height=0.1, italic=False, languageStyle='LTR', name='text', opacity=1, ori=0.0, pos=array([0., 0.]), rgb=UNKNOWN, text='Thank you!\n\nYou have finished the task!', units='height', win=Window(...), wrapWidth=1)
6.6557 	EXP 	Instruct: autoDraw = True
6.6557 	EXP 	text_2: autoDraw = True
7.3922 	EXP 	Imported TMT-control.xlsx as conditions, 12 conditions, 5 params
7.3925 	EXP 	Created sequence: sequential, trialTypes=12, nReps=1, seed=None
7.3927 	EXP 	New trial (rep=0, index=0): {'NumberLetter': 1, 'corrAns': 2, 'StimFile': 'TMT-control.jpg', 'Correct_StimFile': 'TMT-control.jpg', 'False_StimFile': 'TMT-control.jpg'}
7.4941 	DATA 	Keypress: 2
7.5165 	EXP 	Instruct: autoDraw = False
7.5165 	EXP 	text_2: autoDraw = False
7.5165 	EXP 	Stim: image = 'TMT-control.jpg'
7.5165 	EXP 	Stim: image = 'TMT-control.jpg'
7.5165 	EXP 	Stim: autoDraw = True
10.4878 	EXP 	New trial (rep=0, index=1): {'NumberLetter': 'A', 'corrAns': 3, 'StimFile': 'TMT-control.jpg', 'Correct_StimFile': 'TMT-control.jpg', 'False_StimFile': 'TMT-control.jpg'}
10.5261 	DATA 	Keypress: 3
10.5509 	EXP 	Stim: autoDraw = False
10.5509 	EXP 	Stim: image = 'TMT-control.jpg'
10.5509 	EXP 	Stim: image = 'TMT-control.jpg'
10.5509 	EXP 	Stim: autoDraw = True
12.5221 	EXP 	New trial (rep=0, index=2): {'NumberLetter': 2, 'corrAns': 1, 'StimFile': 'TMT-control_linestimulus0.png', 'Correct_StimFile': 'TMT-control_greenlinestimulus0.png', 'False_StimFile': 'TMT-control_redlinestimulus0.png'}
12.5757 	DATA 	Keypress: 3
12.6021 	EXP 	Stim: autoDraw = False
12.6021 	EXP 	Stim: image = 'TMT-control_greenlinestimulus0.png'
12.6021 	EXP 	Stim: image = 'TMT-control_greenlinestimulus0.png'
12.6021 	EXP 	Stim: autoDraw = True
15.0228 	EXP 	New trial (rep=0, index=3): {'NumberLetter': 'B', 'corrAns': 2, 'StimFile': 'TMT-control_linestimulus1.png', 'Correct_StimFile': 'TMT-control_greenlinestimulus1.png', 'False_StimFile': 'TMT-control_redlinestimulus1.png'}
15.0811 	DATA 	Keypress: 1
15.1032 	EXP 	Stim: autoDraw = False
15.1032 	EXP 	Stim: image = 'TMT-control_greenlinestimulus1.png'
15.1032 	EXP 	Stim: image = 'TMT-control_greenlinestimulus1.png'
15.1032 	EXP 	Stim: autoDraw = True
15.4062 	EXP 	New trial (rep=0, index=4): {'NumberLetter': 3, 'corrAns': 3, 'StimFile': 'TMT-control_linestimulus2.png', 'Correct_StimFile': 'TMT-control_greenlinestimulus2.png', 'False_StimFile': 'TMT-control_redlinestimulus2.png'}
15.4624 	DATA 	Keypress: 2
15.4866 	EXP 	Stim: autoDraw = False
15.4866 	EXP 	Stim: image = 'TMT-control_greenlinestimulus2.png'
15.4866 	EXP 	Stim: image = 'TMT-control_greenlinestimulus2.png'
15.4866 	EXP 	Stim: autoDraw = True
16.4237 	DATA 	Keypress: escape
16.6922 	EXP 	window1: mouseVisible = True
