1.6698 	WARNING 	We strongly recommend you activate the PTB sound engine in PsychoPy prefs as the preferred audio engine. Its timing is vastly superior. Your prefs are currently set to use ['pyo'] (in that order).
5.5450 	EXP 	Created window1 = Window(allowGUI=True, allowStencil=False, autoLog=True, backendConf=UNKNOWN, bitsMode=UNKNOWN, blendMode='avg', bpc=(8, 8, 8), color=array([0, 0, 0]), colorSpace='rgb', depthBits=8, fullscr=<method-wrapper '__getattribute__' of attributeSetter object at 0x00000233F5608EB8>, gamma=None, gammaErrorPolicy='raise', lms=UNKNOWN, monitor=<psychopy.monitors.calibTools.Monitor object at 0x00000233F55F01D0>, multiSample=False, name='window1', numSamples=2, pos=[0.0, 0.0], screen=0, size=array([1920, 1055]), stencilBits=0, stereo=False, units='height', useFBO=True, useRetina=False, viewOri=0.0, viewPos=None, viewScale=None, waitBlanking=True, winType='glfw')
5.5451 	EXP 	window1: mouseVisible = True
5.5451 	EXP 	window1: recordFrameIntervals = False
5.6139 	EXP 	window1: recordFrameIntervals = True
5.6905 	EXP 	window1: recordFrameIntervals = False
5.9721 	EXP 	Created Instruct = ImageStim(__class__=<class 'psychopy.visual.image.ImageStim'>, autoLog=True, color=array([1., 1., 1.]), colorSpace='rgb', contrast=1.0, depth=0.0, flipHoriz=False, flipVert=False, image='InkedInstructBfinal_LI.jpg', interpolate=True, mask=None, maskParams=None, name='Instruct', opacity=1, ori=0.0, pos=array([0., 0.]), size=array([0.8, 0.8]), texRes=128.0, units='height', win=Window(...))
6.0773 	EXP 	Created text_2 = TextStim(__class__=<class 'psychopy.visual.text.TextStim'>, alignHoriz=method-wrapper(...), alignText='center', alignVert=method-wrapper(...), anchorHoriz='center', anchorVert='center', antialias=True, autoLog=True, bold=False, color=array([1., 1., 1.]), colorSpace='rgb', contrast=1.0, depth=-2.0, flipHoriz=False, flipVert=False, font='Open Sans', fontFiles=[], height=0.04, italic=False, languageStyle='LTR', name='text_2', opacity=1, ori=0.5, pos=array([ 0.  , -0.45]), rgb=UNKNOWN, text=str(...), units='height', win=Window(...), wrapWidth=2.0)
6.0801 	EXP 	Created Stim = ImageStim(__class__=<class 'psychopy.visual.image.ImageStim'>, autoLog=True, color=array([1., 1., 1.]), colorSpace='rgb', contrast=1.0, depth=0.0, flipHoriz=False, flipVert=False, image='sin', interpolate=True, mask=None, maskParams=None, name='Stim', opacity=1, ori=0.0, pos=array([0., 0.]), size=array([1.777, 1.   ]), texRes=128.0, units='height', win=Window(...))
6.0824 	EXP 	Created polygon = ShapeStim(__class__=<class 'psychopy.visual.shape.ShapeStim'>, autoDraw=False, autoLog=True, closeShape=True, color=method-wrapper(...), colorSpace='rgb', contrast=None, depth=0.0, fillColor=array([1, 1, 1]), fillColorSpace='rgb', fillRGB=array([1, 1, 1]), interpolate=True, lineColor=array([1., 1., 1.]), lineColorSpace='rgb', lineRGB=array([1, 1, 1]), lineWidth=1.0, name='polygon', opacity=1, ori=0.0, pos=array([0., 0.]), size=array([0.5, 0.5]), units='height', vertices=ndarray(...), win=Window(...), windingRule=None)
6.1005 	EXP 	Created text = TextStim(__class__=<class 'psychopy.visual.text.TextStim'>, alignHoriz=method-wrapper(...), alignText='center', alignVert=method-wrapper(...), anchorHoriz='center', anchorVert='center', antialias=True, autoLog=True, bold=False, color=array([1., 1., 1.]), colorSpace='rgb', contrast=1.0, depth=0.0, flipHoriz=False, flipVert=False, font='Open Sans', fontFiles=[], height=0.1, italic=False, languageStyle='LTR', name='text', opacity=1, ori=0.0, pos=array([0., 0.]), rgb=UNKNOWN, text=str(...), units='height', win=Window(...), wrapWidth=1)
6.1567 	EXP 	Instruct: autoDraw = True
6.1567 	EXP 	text_2: autoDraw = True
6.8144 	EXP 	Imported TMTstop-B_1_1.xlsx as conditions, 26 conditions, 6 params
6.8147 	EXP 	Created sequence: sequential, trialTypes=26, nReps=1, seed=None
6.8149 	EXP 	New trial (rep=0, index=0): {'NumberLetter': 1, 'corrAns': ['2'], 'StimFile': 'TMTstop-B_1_1.png', 'Correct_StimFile': 'TMTstop-B_1_1.png', 'False_StimFile': 'TMTstop-B_1_1.png', 'DurationTrial': 10}
6.8891 	DATA 	Keypress: 1
6.8939 	EXP 	Instruct: autoDraw = False
6.8939 	EXP 	text_2: autoDraw = False
6.8939 	EXP 	Stim: image = 'TMTstop-B_1_1.png'
6.8939 	EXP 	Stim: image = 'TMTstop-B_1_1.png'
6.8939 	EXP 	Stim: autoDraw = True
6.9938 	DATA 	Keypress: 1
7.6530 	DATA 	Keypress: 2
7.6598 	EXP 	New trial (rep=0, index=1): {'NumberLetter': 'A', 'corrAns': ['1'], 'StimFile': 'TMTstop-B_1_1.png', 'Correct_StimFile': 'TMTstop-B_1_1firstgreen.png', 'False_StimFile': 'TMTstop-B_1_1firstred.png', 'DurationTrial': 10}
7.7185 	EXP 	New trial (rep=0, index=2): {'NumberLetter': 2, 'corrAns': ['3'], 'StimFile': 'TMTstop-B_1_1linestimulus0.png', 'Correct_StimFile': 'TMTstop-B_1_1greenlinestimulus0.png', 'False_StimFile': 'TMTstop-B_1_1redlinestimulus0.png', 'DurationTrial': 10}
7.8032 	EXP 	Stim: autoDraw = False
7.8032 	EXP 	Stim: image = 'TMTstop-B_1_1firstgreen.png'
7.8032 	EXP 	Stim: image = 'TMTstop-B_1_1firstgreen.png'
7.8032 	EXP 	Stim: autoDraw = True
7.8032 	EXP 	Stim: autoDraw = False
7.8032 	EXP 	Stim: image = 'TMTstop-B_1_1greenlinestimulus0.png'
7.8032 	EXP 	Stim: image = 'TMTstop-B_1_1redlinestimulus0.png'
7.8032 	EXP 	Stim: autoDraw = True
7.8406 	DATA 	Keypress: 2
8.5835 	DATA 	Keypress: 2
8.8062 	DATA 	Keypress: 2
9.1112 	DATA 	Keypress: 2
9.1667 	DATA 	Keypress: 3
9.2781 	DATA 	Keypress: 2
9.4446 	DATA 	Keypress: 3
9.4447 	DATA 	Keypress: 1
9.5280 	DATA 	Keypress: 2
9.6666 	DATA 	Keypress: 3
9.6950 	DATA 	Keypress: 1
9.7502 	DATA 	Keypress: 2
9.8334 	DATA 	Keypress: 1
9.9034 	DATA 	Keypress: 3
9.9174 	DATA 	Keypress: 2
10.0279 	DATA 	Keypress: 3
10.0700 	DATA 	Keypress: 1
10.1184 	DATA 	Keypress: 2
10.2012 	DATA 	Keypress: 1
10.2644 	DATA 	Keypress: 2
10.2646 	DATA 	Keypress: 3
10.3888 	DATA 	Keypress: 3
10.4168 	DATA 	Keypress: 1
10.4864 	DATA 	Keypress: 2
10.5696 	DATA 	Keypress: 1
10.6110 	DATA 	Keypress: 2
10.6390 	DATA 	Keypress: 3
10.7917 	DATA 	Keypress: 1
10.8893 	DATA 	Keypress: 2
10.9722 	DATA 	Keypress: 2
11.2088 	DATA 	Keypress: 2
11.2915 	DATA 	Keypress: 2
11.5139 	DATA 	Keypress: 3
11.5562 	DATA 	Keypress: 2
11.7776 	DATA 	Keypress: 1
11.8194 	DATA 	Keypress: 3
12.0137 	DATA 	Keypress: 2
12.0832 	DATA 	Keypress: 1
12.1807 	DATA 	Keypress: 3
12.2567 	DATA 	Keypress: 2
12.4864 	DATA 	Keypress: 3
12.9373 	DATA 	Keypress: 2
13.2097 	DATA 	Keypress: 2
13.3262 	DATA 	Keypress: 1
13.5697 	DATA 	Keypress: 1
13.5834 	DATA 	Keypress: 2
13.7150 	DATA 	Keypress: 3
13.8129 	DATA 	Keypress: 2
13.8956 	DATA 	Keypress: 3
14.1387 	DATA 	Keypress: esc
14.2916 	DATA 	Keypress: esc
14.3175 	EXP 	window1: mouseVisible = True
