1.7798 	WARNING 	We strongly recommend you activate the PTB sound engine in PsychoPy prefs as the preferred audio engine. Its timing is vastly superior. Your prefs are currently set to use ['pyo'] (in that order).
6.1474 	EXP 	Created window1 = Window(allowGUI=False, allowStencil=False, autoLog=True, backendConf=UNKNOWN, bitsMode=UNKNOWN, blendMode='avg', bpc=(8, 8, 8), color=array([0, 0, 0]), colorSpace='rgb', depthBits=8, fullscr=<method-wrapper '__getattribute__' of attributeSetter object at 0x000002193C2CD9E8>, gamma=None, gammaErrorPolicy='raise', lms=UNKNOWN, monitor=<psychopy.monitors.calibTools.Monitor object at 0x000002193C2B4C88>, multiSample=False, name='window1', numSamples=2, pos=[0.0, 0.0], screen=0, size=array([3440, 1440]), stencilBits=0, stereo=False, units='height', useFBO=True, useRetina=False, viewOri=0.0, viewPos=None, viewScale=None, waitBlanking=True, winType='pyglet')
6.1479 	EXP 	window1: mouseVisible = True
6.1479 	EXP 	window1: recordFrameIntervals = False
6.3303 	EXP 	window1: recordFrameIntervals = True
6.5138 	EXP 	window1: recordFrameIntervals = False
6.7879 	EXP 	Created Instruct = ImageStim(__class__=<class 'psychopy.visual.image.ImageStim'>, autoLog=True, color=array([1., 1., 1.]), colorSpace='rgb', contrast=1.0, depth=0.0, flipHoriz=False, flipVert=False, image='InkedInstructBfinal_LI.jpg', interpolate=True, mask=None, maskParams=None, name='Instruct', opacity=1, ori=0.0, pos=array([0., 0.]), size=array([0.8, 0.8]), texRes=128.0, units='height', win=Window(...))
6.8526 	EXP 	Created text_2 = TextStim(__class__=<class 'psychopy.visual.text.TextStim'>, alignHoriz=method-wrapper(...), alignText='center', alignVert=method-wrapper(...), anchorHoriz='center', anchorVert='center', antialias=True, autoLog=True, bold=False, color=array([1., 1., 1.]), colorSpace='rgb', contrast=1.0, depth=-2.0, flipHoriz=False, flipVert=False, font='Open Sans', fontFiles=[], height=0.04, italic=False, languageStyle='LTR', name='text_2', opacity=1, ori=0.5, pos=array([ 0.  , -0.45]), rgb=UNKNOWN, text=str(...), units='height', win=Window(...), wrapWidth=2.0)
6.8566 	EXP 	Created Stim = ImageStim(__class__=<class 'psychopy.visual.image.ImageStim'>, autoLog=True, color=array([1., 1., 1.]), colorSpace='rgb', contrast=1.0, depth=0.0, flipHoriz=False, flipVert=False, image='sin', interpolate=True, mask=None, maskParams=None, name='Stim', opacity=1, ori=0.0, pos=array([0., 0.]), size=array([1.777, 1.   ]), texRes=128.0, units='height', win=Window(...))
6.8789 	EXP 	Created text_3 = TextStim(__class__=<class 'psychopy.visual.text.TextStim'>, alignHoriz=method-wrapper(...), alignText='center', alignVert=method-wrapper(...), anchorHoriz='center', anchorVert='center', antialias=True, autoLog=True, bold=False, color=array([1., 1., 1.]), colorSpace='rgb', contrast=1.0, depth=0.0, flipHoriz=False, flipVert=False, font='Open Sans', fontFiles=[], height=0.1, italic=False, languageStyle='LTR', name='text_3', opacity=1, ori=0.0, pos=array([0., 0.]), rgb=UNKNOWN, text=str(...), units='height', win=Window(...), wrapWidth=1)
6.9078 	EXP 	Created Instruct = ImageStim(__class__=<class 'psychopy.visual.image.ImageStim'>, autoLog=True, color=array([1., 1., 1.]), colorSpace='rgb', contrast=1.0, depth=0.0, flipHoriz=False, flipVert=False, image='InkedInstructBfinal_LI.jpg', interpolate=True, mask=None, maskParams=None, name='Instruct', opacity=1, ori=0.0, pos=array([0., 0.]), size=array([0.8, 0.8]), texRes=128.0, units='height', win=Window(...))
6.9122 	EXP 	Created text_2 = TextStim(__class__=<class 'psychopy.visual.text.TextStim'>, alignHoriz=method-wrapper(...), alignText='center', alignVert=method-wrapper(...), anchorHoriz='center', anchorVert='center', antialias=True, autoLog=True, bold=False, color=array([1., 1., 1.]), colorSpace='rgb', contrast=1.0, depth=-2.0, flipHoriz=False, flipVert=False, font='Open Sans', fontFiles=[], height=0.04, italic=False, languageStyle='LTR', name='text_2', opacity=1, ori=0.5, pos=array([ 0.  , -0.45]), rgb=UNKNOWN, text=str(...), units='height', win=Window(...), wrapWidth=2.0)
6.9185 	EXP 	Created Stim = ImageStim(__class__=<class 'psychopy.visual.image.ImageStim'>, autoLog=True, color=array([1., 1., 1.]), colorSpace='rgb', contrast=1.0, depth=0.0, flipHoriz=False, flipVert=False, image='sin', interpolate=True, mask=None, maskParams=None, name='Stim', opacity=1, ori=0.0, pos=array([0., 0.]), size=array([1.777, 1.   ]), texRes=128.0, units='height', win=Window(...))
6.9277 	EXP 	Created text = TextStim(__class__=<class 'psychopy.visual.text.TextStim'>, alignHoriz=method-wrapper(...), alignText='center', alignVert=method-wrapper(...), anchorHoriz='center', anchorVert='center', antialias=True, autoLog=True, bold=False, color=array([1., 1., 1.]), colorSpace='rgb', contrast=1.0, depth=0.0, flipHoriz=False, flipVert=False, font='Open Sans', fontFiles=[], height=0.1, italic=False, languageStyle='LTR', name='text', opacity=1, ori=0.0, pos=array([0., 0.]), rgb=UNKNOWN, text='Thank you!\n\nYou have finished the task!', units='height', win=Window(...), wrapWidth=1)
7.0015 	EXP 	Instruct: autoDraw = True
7.0015 	EXP 	text_2: autoDraw = True
7.8401 	EXP 	Imported TMTA-1.xlsx as conditions, 12 conditions, 5 params
7.8404 	EXP 	Created sequence: sequential, trialTypes=12, nReps=1, seed=None
7.8406 	EXP 	New trial (rep=0, index=0): {'NumberLetter': 1, 'corrAns': 2, 'StimFile': 'TMT-control.jpg', 'Correct_StimFile': 'TMT-control.jpg', 'False_StimFile': 'TMT-control.jpg'}
7.9249 	DATA 	Keypress: 2
7.9480 	EXP 	Instruct: autoDraw = False
7.9480 	EXP 	text_2: autoDraw = False
7.9480 	EXP 	Stim: image = 'TMT-control.jpg'
7.9480 	EXP 	Stim: autoDraw = True
8.9016 	EXP 	New trial (rep=0, index=1): {'NumberLetter': 'A', 'corrAns': 3, 'StimFile': 'TMT-control.jpg', 'Correct_StimFile': 'TMT-control.jpg', 'False_StimFile': 'TMT-control.jpg'}
8.9235 	DATA 	Keypress: 2
8.9482 	EXP 	Stim: autoDraw = False
8.9482 	EXP 	Stim: image = 'TMT-control.jpg'
8.9482 	EXP 	Stim: autoDraw = True
9.9354 	EXP 	New trial (rep=0, index=2): {'NumberLetter': 2, 'corrAns': 1, 'StimFile': 'TMT-control_linestimulus0.png', 'Correct_StimFile': 'TMT-control_greenlinestimulus0.png', 'False_StimFile': 'TMT-control_redlinestimulus0.png'}
9.9624 	DATA 	Keypress: 3
9.9819 	EXP 	Stim: autoDraw = False
9.9819 	EXP 	Stim: image = 'TMT-control_greenlinestimulus0.png'
9.9819 	EXP 	Stim: autoDraw = True
11.4356 	EXP 	New trial (rep=0, index=3): {'NumberLetter': 'B', 'corrAns': 2, 'StimFile': 'TMT-control_linestimulus1.png', 'Correct_StimFile': 'TMT-control_greenlinestimulus1.png', 'False_StimFile': 'TMT-control_redlinestimulus1.png'}
11.4634 	DATA 	Keypress: 1
11.4825 	EXP 	Stim: autoDraw = False
11.4825 	EXP 	Stim: image = 'TMT-control_greenlinestimulus1.png'
11.4825 	EXP 	Stim: autoDraw = True
12.8194 	EXP 	New trial (rep=0, index=4): {'NumberLetter': 3, 'corrAns': 3, 'StimFile': 'TMT-control_linestimulus2.png', 'Correct_StimFile': 'TMT-control_greenlinestimulus2.png', 'False_StimFile': 'TMT-control_redlinestimulus2.png'}
12.8471 	DATA 	Keypress: 3
12.8665 	EXP 	Stim: autoDraw = False
12.8665 	EXP 	Stim: image = 'TMT-control_greenlinestimulus2.png'
12.8665 	EXP 	Stim: autoDraw = True
14.3202 	EXP 	New trial (rep=0, index=5): {'NumberLetter': 'C', 'corrAns': 2, 'StimFile': 'TMT-control_linestimulus3.png', 'Correct_StimFile': 'TMT-control_greenlinestimulus3.png', 'False_StimFile': 'TMT-control_redlinestimulus3.png'}
14.3484 	DATA 	Keypress: 1
14.3672 	EXP 	Stim: autoDraw = False
14.3672 	EXP 	Stim: image = 'TMT-control_greenlinestimulus3.png'
14.3672 	EXP 	Stim: autoDraw = True
15.1537 	EXP 	New trial (rep=0, index=6): {'NumberLetter': 4, 'corrAns': 1, 'StimFile': 'TMT-control_linestimulus4.png', 'Correct_StimFile': 'TMT-control_greenlinestimulus4.png', 'False_StimFile': 'TMT-control_redlinestimulus4.png'}
15.1830 	DATA 	Keypress: 2
15.2009 	EXP 	Stim: autoDraw = False
15.2009 	EXP 	Stim: image = 'TMT-control_greenlinestimulus4.png'
15.2009 	EXP 	Stim: autoDraw = True
15.6207 	EXP 	New trial (rep=0, index=7): {'NumberLetter': 'D', 'corrAns': 3, 'StimFile': 'TMT-control_linestimulus5.png', 'Correct_StimFile': 'TMT-control_greenlinestimulus5.png', 'False_StimFile': 'TMT-control_redlinestimulus5.png'}
15.6480 	DATA 	Keypress: 3
15.6677 	EXP 	Stim: autoDraw = False
15.6677 	EXP 	Stim: image = 'TMT-control_greenlinestimulus5.png'
15.6677 	EXP 	Stim: autoDraw = True
16.0548 	EXP 	New trial (rep=0, index=8): {'NumberLetter': 5, 'corrAns': 1, 'StimFile': 'TMT-control_linestimulus6.png', 'Correct_StimFile': 'TMT-control_greenlinestimulus6.png', 'False_StimFile': 'TMT-control_redlinestimulus6.png'}
16.0835 	DATA 	Keypress: 1
16.1013 	EXP 	Stim: autoDraw = False
16.1013 	EXP 	Stim: image = 'TMT-control_greenlinestimulus6.png'
16.1013 	EXP 	Stim: autoDraw = True
16.2045 	EXP 	New trial (rep=0, index=9): {'NumberLetter': 'E', 'corrAns': 2, 'StimFile': 'TMT-control_linestimulus7.png', 'Correct_StimFile': 'TMT-control_greenlinestimulus7.png', 'False_StimFile': 'TMT-control_redlinestimulus7.png'}
16.2344 	DATA 	Keypress: 2
16.2515 	EXP 	Stim: autoDraw = False
16.2515 	EXP 	Stim: image = 'TMT-control_greenlinestimulus7.png'
16.2515 	EXP 	Stim: autoDraw = True
16.3880 	EXP 	New trial (rep=0, index=10): {'NumberLetter': 6, 'corrAns': 1, 'StimFile': 'TMT-control_linestimulus8.png', 'Correct_StimFile': 'TMT-control_greenlinestimulus8.png', 'False_StimFile': 'TMT-control_redlinestimulus8.png'}
16.4165 	DATA 	Keypress: 3
16.4354 	EXP 	Stim: autoDraw = False
16.4354 	EXP 	Stim: image = 'TMT-control_greenlinestimulus8.png'
16.4354 	EXP 	Stim: autoDraw = True
16.5712 	DATA 	Keypress: 1
16.5884 	EXP 	New trial (rep=0, index=11): {'NumberLetter': 'F', 'corrAns': 2, 'StimFile': 'TMT-control_linestimulus9.png', 'Correct_StimFile': 'TMT-control_greenlinestimulus9.png', 'False_StimFile': 'TMT-control_redlinestimulus9.png'}
16.6349 	EXP 	Stim: autoDraw = False
16.6349 	EXP 	Stim: image = 'TMT-control_greenlinestimulus9.png'
16.6349 	EXP 	Stim: autoDraw = True
16.6571 	DATA 	Keypress: 2
16.6697 	EXP 	Stim: autoDraw = False
16.6697 	EXP 	text_3: autoDraw = True
16.8068 	DATA 	Keypress: 3
16.8183 	EXP 	text_3: autoDraw = False
16.8183 	EXP 	Instruct: autoDraw = True
16.8183 	EXP 	text_2: autoDraw = True
17.9273 	EXP 	Imported TMTB-1.xlsx as conditions, 25 conditions, 3 params
17.9276 	EXP 	Created sequence: sequential, trialTypes=25, nReps=1, seed=None
17.9278 	EXP 	New trial (rep=0, index=0): {'NumberLetter': 1, 'corrAns': 3, 'StimFile': 'TMTBD1.bmp'}
17.9547 	DATA 	Keypress: escape
17.9689 	EXP 	Instruct: autoDraw = False
17.9689 	EXP 	text_2: autoDraw = False
17.9689 	EXP 	Stim: image = 'TMT-control_greenlinestimulus9.png'
17.9689 	EXP 	Stim: autoDraw = True
18.7223 	DATA 	Keypress: escape
18.9362 	EXP 	window1: mouseVisible = True
