1.6081 	WARNING 	We strongly recommend you activate the PTB sound engine in PsychoPy prefs as the preferred audio engine. Its timing is vastly superior. Your prefs are currently set to use ['pyo'] (in that order).
5.3324 	EXP 	Created window1 = Window(allowGUI=True, allowStencil=False, autoLog=True, backendConf=UNKNOWN, bitsMode=UNKNOWN, blendMode='avg', bpc=(8, 8, 8), color=array([0, 0, 0]), colorSpace='rgb', depthBits=8, fullscr=<method-wrapper '__getattribute__' of attributeSetter object at 0x000001545E915E10>, gamma=None, gammaErrorPolicy='raise', lms=UNKNOWN, monitor=<psychopy.monitors.calibTools.Monitor object at 0x000001545E8FD128>, multiSample=False, name='window1', numSamples=2, pos=[0.0, 0.0], screen=0, size=array([1920, 1055]), stencilBits=0, stereo=False, units='height', useFBO=True, useRetina=False, viewOri=0.0, viewPos=None, viewScale=None, waitBlanking=True, winType='glfw')
5.3325 	EXP 	window1: mouseVisible = True
5.3325 	EXP 	window1: recordFrameIntervals = False
5.4009 	EXP 	window1: recordFrameIntervals = True
5.4773 	EXP 	window1: recordFrameIntervals = False
5.7527 	EXP 	Created Instruct = ImageStim(__class__=<class 'psychopy.visual.image.ImageStim'>, autoLog=True, color=array([1., 1., 1.]), colorSpace='rgb', contrast=1.0, depth=0.0, flipHoriz=False, flipVert=False, image='InkedInstructBfinal_LI.jpg', interpolate=True, mask=None, maskParams=None, name='Instruct', opacity=1, ori=0.0, pos=array([0., 0.]), size=array([0.8, 0.8]), texRes=128.0, units='height', win=Window(...))
5.8594 	EXP 	Created text_2 = TextStim(__class__=<class 'psychopy.visual.text.TextStim'>, alignHoriz=method-wrapper(...), alignText='center', alignVert=method-wrapper(...), anchorHoriz='center', anchorVert='center', antialias=True, autoLog=True, bold=False, color=array([1., 1., 1.]), colorSpace='rgb', contrast=1.0, depth=-2.0, flipHoriz=False, flipVert=False, font='Open Sans', fontFiles=[], height=0.04, italic=False, languageStyle='LTR', name='text_2', opacity=1, ori=0.5, pos=array([ 0.  , -0.45]), rgb=UNKNOWN, text=str(...), units='height', win=Window(...), wrapWidth=2.0)
5.8623 	EXP 	Created Stim = ImageStim(__class__=<class 'psychopy.visual.image.ImageStim'>, autoLog=True, color=array([1., 1., 1.]), colorSpace='rgb', contrast=1.0, depth=0.0, flipHoriz=False, flipVert=False, image='sin', interpolate=True, mask=None, maskParams=None, name='Stim', opacity=1, ori=0.0, pos=array([0., 0.]), size=array([1.777, 1.   ]), texRes=128.0, units='height', win=Window(...))
5.8652 	EXP 	Created polygon = ShapeStim(__class__=<class 'psychopy.visual.shape.ShapeStim'>, autoDraw=False, autoLog=True, closeShape=True, color=method-wrapper(...), colorSpace='rgb', contrast=None, depth=0.0, fillColor=array([1, 1, 1]), fillColorSpace='rgb', fillRGB=array([1, 1, 1]), interpolate=True, lineColor=array([1., 1., 1.]), lineColorSpace='rgb', lineRGB=array([1, 1, 1]), lineWidth=1.0, name='polygon', opacity=1, ori=0.0, pos=array([0., 0.]), size=array([0.5, 0.5]), units='height', vertices=ndarray(...), win=Window(...), windingRule=None)
5.8681 	EXP 	Created Stim = ImageStim(__class__=<class 'psychopy.visual.image.ImageStim'>, autoLog=True, color=array([1., 1., 1.]), colorSpace='rgb', contrast=1.0, depth=0.0, flipHoriz=False, flipVert=False, image='sin', interpolate=True, mask=None, maskParams=None, name='Stim', opacity=1, ori=0.0, pos=array([0., 0.]), size=array([1.777, 1.   ]), texRes=128.0, units='height', win=Window(...))
5.8831 	EXP 	Created text = TextStim(__class__=<class 'psychopy.visual.text.TextStim'>, alignHoriz=method-wrapper(...), alignText='center', alignVert=method-wrapper(...), anchorHoriz='center', anchorVert='center', antialias=True, autoLog=True, bold=False, color=array([1., 1., 1.]), colorSpace='rgb', contrast=1.0, depth=0.0, flipHoriz=False, flipVert=False, font='Open Sans', fontFiles=[], height=0.1, italic=False, languageStyle='LTR', name='text', opacity=1, ori=0.0, pos=array([0., 0.]), rgb=UNKNOWN, text='Thank you!\n\nYou have finished the task!', units='height', win=Window(...), wrapWidth=1)
5.9372 	EXP 	Instruct: autoDraw = True
5.9372 	EXP 	text_2: autoDraw = True
6.7178 	EXP 	Imported TMT-B_1_1.xlsx as conditions, 12 conditions, 5 params
6.7181 	EXP 	Created sequence: sequential, trialTypes=12, nReps=1, seed=None
6.7183 	EXP 	New trial (rep=0, index=0): {'NumberLetter': 1, 'corrAns': 2, 'StimFile': 'TMT-B.jpg', 'Correct_StimFile': 'TMT-B.jpg', 'False_StimFile': 'TMT-B.jpg'}
6.7803 	DATA 	Keypress: 2
6.7839 	EXP 	Instruct: autoDraw = False
6.7839 	EXP 	text_2: autoDraw = False
6.7839 	EXP 	Stim: image = 'TMT-B.jpg'
6.7839 	EXP 	Stim: image = 'TMT-B.jpg'
6.7839 	EXP 	Stim: autoDraw = True
6.8911 	DATA 	Keypress: 2
7.2248 	DATA 	Keypress: 2
7.2327 	EXP 	New trial (rep=0, index=1): {'NumberLetter': 'A', 'corrAns': 3, 'StimFile': 'TMT-B.jpg', 'Correct_StimFile': 'TMT-B.jpg', 'False_StimFile': 'TMT-B.jpg'}
7.2842 	EXP 	Stim: autoDraw = False
7.2842 	EXP 	Stim: image = 'TMT-B.jpg'
7.2842 	EXP 	Stim: image = 'TMT-B.jpg'
7.2842 	EXP 	Stim: autoDraw = True
7.4327 	DATA 	Keypress: 3
7.4397 	EXP 	New trial (rep=0, index=2): {'NumberLetter': 2, 'corrAns': 2, 'StimFile': 'TMT-B_linestimulus0.png', 'Correct_StimFile': 'TMT-B_greenlinestimulus0.png', 'False_StimFile': 'TMT-B_redlinestimulus0.png'}
7.5022 	DATA 	Keypress: 2
7.5060 	EXP 	Stim: autoDraw = False
7.5060 	EXP 	Stim: image = 'TMT-B_greenlinestimulus0.png'
7.5060 	EXP 	Stim: image = 'TMT-B_greenlinestimulus0.png'
7.5060 	EXP 	Stim: autoDraw = True
7.6551 	DATA 	Keypress: 3
7.8009 	DATA 	Keypress: 1
7.8080 	EXP 	New trial (rep=0, index=3): {'NumberLetter': 'B', 'corrAns': 3, 'StimFile': 'TMT-B_linestimulus1.png', 'Correct_StimFile': 'TMT-B_greenlinestimulus1.png', 'False_StimFile': 'TMT-B_redlinestimulus1.png'}
7.8739 	EXP 	Stim: autoDraw = False
7.8739 	EXP 	Stim: image = 'TMT-B_greenlinestimulus1.png'
7.8739 	EXP 	Stim: image = 'TMT-B_redlinestimulus1.png'
7.8739 	EXP 	Stim: autoDraw = True
8.0300 	DATA 	Keypress: 1
8.0522 	DATA 	Keypress: 2
8.0595 	EXP 	New trial (rep=0, index=4): {'NumberLetter': 3, 'corrAns': 1, 'StimFile': 'TMT-B_linestimulus2.png', 'Correct_StimFile': 'TMT-B_greenlinestimulus2.png', 'False_StimFile': 'TMT-B_redlinestimulus2.png'}
8.1238 	EXP 	Stim: autoDraw = False
8.1238 	EXP 	Stim: image = 'TMT-B_greenlinestimulus2.png'
8.1238 	EXP 	Stim: image = 'TMT-B_redlinestimulus2.png'
8.1238 	EXP 	Stim: autoDraw = True
8.2112 	EXP 	New trial (rep=0, index=5): {'NumberLetter': 'C', 'corrAns': 2, 'StimFile': 'TMT-B_linestimulus3.png', 'Correct_StimFile': 'TMT-B_greenlinestimulus3.png', 'False_StimFile': 'TMT-B_redlinestimulus3.png'}
8.2729 	DATA 	Keypress: 3
8.2730 	DATA 	Keypress: 2
8.2773 	EXP 	Stim: autoDraw = False
8.2773 	EXP 	Stim: image = 'TMT-B_greenlinestimulus3.png'
8.2773 	EXP 	Stim: image = 'TMT-B_redlinestimulus3.png'
8.2773 	EXP 	Stim: autoDraw = True
8.4056 	DATA 	Keypress: 1
8.4136 	EXP 	New trial (rep=0, index=6): {'NumberLetter': 4, 'corrAns': 1, 'StimFile': 'TMT-B_linestimulus4.png', 'Correct_StimFile': 'TMT-B_greenlinestimulus4.png', 'False_StimFile': 'TMT-B_redlinestimulus4.png'}
8.4743 	DATA 	Keypress: 3
8.4781 	EXP 	Stim: autoDraw = False
8.4781 	EXP 	Stim: image = 'TMT-B_greenlinestimulus4.png'
8.4781 	EXP 	Stim: image = 'TMT-B_redlinestimulus4.png'
8.4781 	EXP 	Stim: autoDraw = True
8.4824 	EXP 	New trial (rep=0, index=7): {'NumberLetter': 'D', 'corrAns': 2, 'StimFile': 'TMT-B_linestimulus5.png', 'Correct_StimFile': 'TMT-B_greenlinestimulus5.png', 'False_StimFile': 'TMT-B_redlinestimulus5.png'}
8.5645 	DATA 	Keypress: 2
8.5683 	EXP 	Stim: autoDraw = False
8.5683 	EXP 	Stim: image = 'TMT-B_greenlinestimulus5.png'
8.5683 	EXP 	Stim: image = 'TMT-B_redlinestimulus5.png'
8.5683 	EXP 	Stim: autoDraw = True
8.6076 	DATA 	Keypress: 3
8.6151 	EXP 	New trial (rep=0, index=8): {'NumberLetter': 5, 'corrAns': 3, 'StimFile': 'TMT-B_linestimulus6.png', 'Correct_StimFile': 'TMT-B_greenlinestimulus6.png', 'False_StimFile': 'TMT-B_redlinestimulus6.png'}
8.6757 	DATA 	Keypress: 1
8.6795 	EXP 	Stim: autoDraw = False
8.6795 	EXP 	Stim: image = 'TMT-B_greenlinestimulus6.png'
8.6795 	EXP 	Stim: image = 'TMT-B_redlinestimulus6.png'
8.6795 	EXP 	Stim: autoDraw = True
8.7037 	DATA 	Keypress: 2
8.8425 	DATA 	Keypress: 1
8.8493 	EXP 	New trial (rep=0, index=9): {'NumberLetter': 'E', 'corrAns': 1, 'StimFile': 'TMT-B_linestimulus7.png', 'Correct_StimFile': 'TMT-B_greenlinestimulus7.png', 'False_StimFile': 'TMT-B_redlinestimulus7.png'}
8.9119 	DATA 	Keypress: 3
8.9156 	EXP 	Stim: autoDraw = False
8.9156 	EXP 	Stim: image = 'TMT-B_greenlinestimulus7.png'
8.9156 	EXP 	Stim: image = 'TMT-B_redlinestimulus7.png'
8.9156 	EXP 	Stim: autoDraw = True
8.9613 	EXP 	New trial (rep=0, index=10): {'NumberLetter': 6, 'corrAns': 2, 'StimFile': 'TMT-B_linestimulus8.png', 'Correct_StimFile': 'TMT-B_greenlinestimulus8.png', 'False_StimFile': 'TMT-B_redlinestimulus8.png'}
9.0229 	DATA 	Keypress: 2
9.0267 	EXP 	Stim: autoDraw = False
9.0267 	EXP 	Stim: image = 'TMT-B_greenlinestimulus8.png'
9.0267 	EXP 	Stim: image = 'TMT-B_redlinestimulus8.png'
9.0267 	EXP 	Stim: autoDraw = True
9.0661 	DATA 	Keypress: 1
9.2244 	DATA 	Keypress: 2
9.4681 	EXP 	New trial (rep=0, index=11): {'NumberLetter': 'F', 'corrAns': 3, 'StimFile': 'TMT-B_linestimulus9.png', 'Correct_StimFile': 'TMT-B_greenlinestimulus9.png', 'False_StimFile': 'TMT-B_redlinestimulus9.png'}
9.5299 	DATA 	Keypress: 2
9.5337 	EXP 	Stim: autoDraw = False
9.5337 	EXP 	Stim: image = 'TMT-B_greenlinestimulus9.png'
9.5337 	EXP 	Stim: image = 'TMT-B_greenlinestimulus9.png'
9.5337 	EXP 	Stim: autoDraw = True
9.6480 	DATA 	Keypress: 3
9.6493 	EXP 	Stim: autoDraw = False
9.6493 	EXP 	polygon: autoDraw = True
9.7116 	DATA 	Keypress: 2
9.9128 	DATA 	Keypress: 3
12.6506 	EXP 	Imported TMT-B_1_2.xlsx as conditions, 12 conditions, 5 params
12.6509 	EXP 	Created sequence: sequential, trialTypes=12, nReps=1, seed=None
12.6511 	EXP 	New trial (rep=0, index=0): {'NumberLetter': 7, 'corrAns': 2, 'StimFile': 'TMT-BX_1.jpg', 'Correct_StimFile': 'TMT-BX_1.jpg', 'False_StimFile': 'TMT-BX_1.jpg'}
12.6934 	EXP 	polygon: autoDraw = False
12.6934 	EXP 	Stim: image = 'TMT-BX_1.jpg'
12.6934 	EXP 	Stim: image = 'TMT-BX_1.jpg'
12.6934 	EXP 	Stim: autoDraw = True
15.1062 	DATA 	Keypress: esc
15.3145 	DATA 	Keypress: esc
15.3345 	EXP 	window1: mouseVisible = True
