1.6870 	WARNING 	We strongly recommend you activate the PTB sound engine in PsychoPy prefs as the preferred audio engine. Its timing is vastly superior. Your prefs are currently set to use ['pyo'] (in that order).
5.7645 	EXP 	Created window1 = Window(allowGUI=True, allowStencil=False, autoLog=True, backendConf=UNKNOWN, bitsMode=UNKNOWN, blendMode='avg', bpc=(8, 8, 8), color=array([0, 0, 0]), colorSpace='rgb', depthBits=8, fullscr=<method-wrapper '__getattribute__' of attributeSetter object at 0x0000012C52DB4898>, gamma=None, gammaErrorPolicy='raise', lms=UNKNOWN, monitor=<psychopy.monitors.calibTools.Monitor object at 0x0000012C52D13B70>, multiSample=False, name='window1', numSamples=2, pos=[0.0, 0.0], screen=0, size=array([1920, 1055]), stencilBits=0, stereo=False, units='height', useFBO=True, useRetina=False, viewOri=0.0, viewPos=None, viewScale=None, waitBlanking=True, winType='glfw')
5.7645 	EXP 	window1: mouseVisible = True
5.7646 	EXP 	window1: recordFrameIntervals = False
5.8331 	EXP 	window1: recordFrameIntervals = True
5.9120 	EXP 	window1: recordFrameIntervals = False
6.2027 	EXP 	Created Instruct = ImageStim(__class__=<class 'psychopy.visual.image.ImageStim'>, autoLog=True, color=array([1., 1., 1.]), colorSpace='rgb', contrast=1.0, depth=0.0, flipHoriz=False, flipVert=False, image='InkedInstructBfinal_LI.jpg', interpolate=True, mask=None, maskParams=None, name='Instruct', opacity=1, ori=0.0, pos=array([0., 0.]), size=array([0.8, 0.8]), texRes=128.0, units='height', win=Window(...))
6.3322 	EXP 	Created text_2 = TextStim(__class__=<class 'psychopy.visual.text.TextStim'>, alignHoriz=method-wrapper(...), alignText='center', alignVert=method-wrapper(...), anchorHoriz='center', anchorVert='center', antialias=True, autoLog=True, bold=False, color=array([1., 1., 1.]), colorSpace='rgb', contrast=1.0, depth=-2.0, flipHoriz=False, flipVert=False, font='Open Sans', fontFiles=[], height=0.04, italic=False, languageStyle='LTR', name='text_2', opacity=1, ori=0.5, pos=array([ 0.  , -0.45]), rgb=UNKNOWN, text=str(...), units='height', win=Window(...), wrapWidth=2.0)
6.3353 	EXP 	Created Stim = ImageStim(__class__=<class 'psychopy.visual.image.ImageStim'>, autoLog=True, color=array([1., 1., 1.]), colorSpace='rgb', contrast=1.0, depth=0.0, flipHoriz=False, flipVert=False, image='sin', interpolate=True, mask=None, maskParams=None, name='Stim', opacity=1, ori=0.0, pos=array([0., 0.]), size=array([1.777, 1.   ]), texRes=128.0, units='height', win=Window(...))
6.3380 	EXP 	Created polygon = ShapeStim(__class__=<class 'psychopy.visual.shape.ShapeStim'>, autoDraw=False, autoLog=True, closeShape=True, color=method-wrapper(...), colorSpace='rgb', contrast=None, depth=0.0, fillColor=array([1, 1, 1]), fillColorSpace='rgb', fillRGB=array([1, 1, 1]), interpolate=True, lineColor=array([1., 1., 1.]), lineColorSpace='rgb', lineRGB=array([1, 1, 1]), lineWidth=1.0, name='polygon', opacity=1, ori=0.0, pos=array([0., 0.]), size=array([0.5, 0.5]), units='height', vertices=ndarray(...), win=Window(...), windingRule=None)
6.3422 	EXP 	Created Stim = ImageStim(__class__=<class 'psychopy.visual.image.ImageStim'>, autoLog=True, color=array([1., 1., 1.]), colorSpace='rgb', contrast=1.0, depth=0.0, flipHoriz=False, flipVert=False, image='sin', interpolate=True, mask=None, maskParams=None, name='Stim', opacity=1, ori=0.0, pos=array([0., 0.]), size=array([1.777, 1.   ]), texRes=128.0, units='height', win=Window(...))
6.3444 	EXP 	Created polygon = ShapeStim(__class__=<class 'psychopy.visual.shape.ShapeStim'>, autoDraw=False, autoLog=True, closeShape=True, color=method-wrapper(...), colorSpace='rgb', contrast=None, depth=0.0, fillColor=array([1, 1, 1]), fillColorSpace='rgb', fillRGB=array([1, 1, 1]), interpolate=True, lineColor=array([1., 1., 1.]), lineColorSpace='rgb', lineRGB=array([1, 1, 1]), lineWidth=1.0, name='polygon', opacity=1, ori=0.0, pos=array([0., 0.]), size=array([0.5, 0.5]), units='height', vertices=ndarray(...), win=Window(...), windingRule=None)
6.3476 	EXP 	Created Stim = ImageStim(__class__=<class 'psychopy.visual.image.ImageStim'>, autoLog=True, color=array([1., 1., 1.]), colorSpace='rgb', contrast=1.0, depth=0.0, flipHoriz=False, flipVert=False, image='sin', interpolate=True, mask=None, maskParams=None, name='Stim', opacity=1, ori=0.0, pos=array([0., 0.]), size=array([1.777, 1.   ]), texRes=128.0, units='height', win=Window(...))
6.3495 	EXP 	Created polygon = ShapeStim(__class__=<class 'psychopy.visual.shape.ShapeStim'>, autoDraw=False, autoLog=True, closeShape=True, color=method-wrapper(...), colorSpace='rgb', contrast=None, depth=0.0, fillColor=array([1, 1, 1]), fillColorSpace='rgb', fillRGB=array([1, 1, 1]), interpolate=True, lineColor=array([1., 1., 1.]), lineColorSpace='rgb', lineRGB=array([1, 1, 1]), lineWidth=1.0, name='polygon', opacity=1, ori=0.0, pos=array([0., 0.]), size=array([0.5, 0.5]), units='height', vertices=ndarray(...), win=Window(...), windingRule=None)
6.3528 	EXP 	Created Stim = ImageStim(__class__=<class 'psychopy.visual.image.ImageStim'>, autoLog=True, color=array([1., 1., 1.]), colorSpace='rgb', contrast=1.0, depth=0.0, flipHoriz=False, flipVert=False, image='sin', interpolate=True, mask=None, maskParams=None, name='Stim', opacity=1, ori=0.0, pos=array([0., 0.]), size=array([1.777, 1.   ]), texRes=128.0, units='height', win=Window(...))
6.3739 	EXP 	Created text = TextStim(__class__=<class 'psychopy.visual.text.TextStim'>, alignHoriz=method-wrapper(...), alignText='center', alignVert=method-wrapper(...), anchorHoriz='center', anchorVert='center', antialias=True, autoLog=True, bold=False, color=array([1., 1., 1.]), colorSpace='rgb', contrast=1.0, depth=0.0, flipHoriz=False, flipVert=False, font='Open Sans', fontFiles=[], height=0.1, italic=False, languageStyle='LTR', name='text', opacity=1, ori=0.0, pos=array([0., 0.]), rgb=UNKNOWN, text=str(...), units='height', win=Window(...), wrapWidth=1)
6.4390 	EXP 	Instruct: autoDraw = True
6.4390 	EXP 	text_2: autoDraw = True
7.6506 	DATA 	Keypress: 2
7.6507 	DATA 	Keypress: 1
7.6636 	EXP 	Imported TMT-B_1_1.xlsx as conditions, 13 conditions, 6 params
7.6640 	EXP 	Created sequence: sequential, trialTypes=13, nReps=1, seed=None
7.6643 	EXP 	New trial (rep=0, index=0): {'NumberLetter': 1, 'corrAns': 1, 'StimFile': 'TMT-B_1_1.png', 'Correct_StimFile': 'TMT-B_1_1.png', 'False_StimFile': 'TMT-B_1_1.png', 'DurationTrial': 10}
7.7377 	EXP 	Instruct: autoDraw = False
7.7377 	EXP 	text_2: autoDraw = False
7.7377 	EXP 	Stim: image = 'TMT-B_1_1.png'
7.7377 	EXP 	Stim: image = 'TMT-B_1_1.png'
7.7377 	EXP 	Stim: autoDraw = True
7.7751 	DATA 	Keypress: 2
7.7890 	DATA 	Keypress: 1
8.3860 	DATA 	Keypress: 1
8.3935 	EXP 	New trial (rep=0, index=1): {'NumberLetter': 'A', 'corrAns': 2, 'StimFile': 'TMT-B_1_1.png', 'Correct_StimFile': 'TMT-B_1_1firstgreen.png', 'False_StimFile': 'TMT-B_1_1firstred.png', 'DurationTrial': 10}
8.4593 	EXP 	Stim: autoDraw = False
8.4593 	EXP 	Stim: image = 'TMT-B_1_1firstgreen.png'
8.4593 	EXP 	Stim: image = 'TMT-B_1_1firstgreen.png'
8.4593 	EXP 	Stim: autoDraw = True
8.5882 	DATA 	Keypress: 1
8.7552 	DATA 	Keypress: 2
8.7623 	EXP 	New trial (rep=0, index=2): {'NumberLetter': 2, 'corrAns': 1, 'StimFile': 'TMT-B_1_1linestimulus0.png', 'Correct_StimFile': 'TMT-B_1_1greenlinestimulus0.png', 'False_StimFile': 'TMT-B_1_1redlinestimulus0.png', 'DurationTrial': 10}
8.8419 	EXP 	Stim: autoDraw = False
8.8419 	EXP 	Stim: image = 'TMT-B_1_1greenlinestimulus0.png'
8.8419 	EXP 	Stim: image = 'TMT-B_1_1greenlinestimulus0.png'
8.8419 	EXP 	Stim: autoDraw = True
8.9627 	DATA 	Keypress: 2
9.0873 	DATA 	Keypress: 2
9.0944 	EXP 	New trial (rep=0, index=3): {'NumberLetter': 'B', 'corrAns': 3, 'StimFile': 'TMT-B_1_1linestimulus1.png', 'Correct_StimFile': 'TMT-B_1_1greenlinestimulus1.png', 'False_StimFile': 'TMT-B_1_1redlinestimulus1.png', 'DurationTrial': 10}
9.1605 	EXP 	Stim: autoDraw = False
9.1605 	EXP 	Stim: image = 'TMT-B_1_1greenlinestimulus1.png'
9.1605 	EXP 	Stim: image = 'TMT-B_1_1redlinestimulus1.png'
9.1605 	EXP 	Stim: autoDraw = True
9.3100 	DATA 	Keypress: 2
9.3856 	EXP 	New trial (rep=0, index=4): {'NumberLetter': 3, 'corrAns': 2, 'StimFile': 'TMT-B_1_1linestimulus2.png', 'Correct_StimFile': 'TMT-B_1_1greenlinestimulus2.png', 'False_StimFile': 'TMT-B_1_1redlinestimulus2.png', 'DurationTrial': 10}
9.4483 	DATA 	Keypress: 3
9.4527 	EXP 	Stim: autoDraw = False
9.4527 	EXP 	Stim: image = 'TMT-B_1_1greenlinestimulus2.png'
9.4527 	EXP 	Stim: image = 'TMT-B_1_1greenlinestimulus2.png'
9.4527 	EXP 	Stim: autoDraw = True
9.6013 	DATA 	Keypress: 3
9.6566 	DATA 	Keypress: 1
9.6639 	EXP 	New trial (rep=0, index=5): {'NumberLetter': 'C', 'corrAns': 1, 'StimFile': 'TMT-B_1_1linestimulus3.png', 'Correct_StimFile': 'TMT-B_1_1greenlinestimulus3.png', 'False_StimFile': 'TMT-B_1_1redlinestimulus3.png', 'DurationTrial': 10}
9.7302 	EXP 	Stim: autoDraw = False
9.7302 	EXP 	Stim: image = 'TMT-B_1_1greenlinestimulus3.png'
9.7302 	EXP 	Stim: image = 'TMT-B_1_1redlinestimulus3.png'
9.7302 	EXP 	Stim: autoDraw = True
9.8998 	DATA 	Keypress: 1
9.9136 	DATA 	Keypress: 2
9.9204 	EXP 	New trial (rep=0, index=6): {'NumberLetter': 4, 'corrAns': 2, 'StimFile': 'TMT-B_1_1linestimulus4.png', 'Correct_StimFile': 'TMT-B_1_1greenlinestimulus4.png', 'False_StimFile': 'TMT-B_1_1redlinestimulus4.png', 'DurationTrial': 10}
9.9878 	EXP 	Stim: autoDraw = False
9.9878 	EXP 	Stim: image = 'TMT-B_1_1greenlinestimulus4.png'
9.9878 	EXP 	Stim: image = 'TMT-B_1_1redlinestimulus4.png'
9.9878 	EXP 	Stim: autoDraw = True
10.0314 	EXP 	New trial (rep=0, index=7): {'NumberLetter': 'D', 'corrAns': 3, 'StimFile': 'TMT-B_1_1linestimulus5.png', 'Correct_StimFile': 'TMT-B_1_1greenlinestimulus5.png', 'False_StimFile': 'TMT-B_1_1redlinestimulus5.png', 'DurationTrial': 10}
10.0942 	DATA 	Keypress: 3
10.0982 	EXP 	Stim: autoDraw = False
10.0982 	EXP 	Stim: image = 'TMT-B_1_1greenlinestimulus5.png'
10.0982 	EXP 	Stim: image = 'TMT-B_1_1redlinestimulus5.png'
10.0982 	EXP 	Stim: autoDraw = True
10.1083 	DATA 	Keypress: 2
10.1775 	DATA 	Keypress: 1
10.1848 	EXP 	New trial (rep=0, index=8): {'NumberLetter': 5, 'corrAns': 2, 'StimFile': 'TMT-B_1_1linestimulus6.png', 'Correct_StimFile': 'TMT-B_1_1greenlinestimulus6.png', 'False_StimFile': 'TMT-B_1_1redlinestimulus6.png', 'DurationTrial': 10}
10.2470 	DATA 	Keypress: 3
10.2509 	EXP 	Stim: autoDraw = False
10.2509 	EXP 	Stim: image = 'TMT-B_1_1greenlinestimulus6.png'
10.2509 	EXP 	Stim: image = 'TMT-B_1_1redlinestimulus6.png'
10.2509 	EXP 	Stim: autoDraw = True
10.2748 	DATA 	Keypress: 2
10.2812 	EXP 	New trial (rep=0, index=9): {'NumberLetter': 'E', 'corrAns': 1, 'StimFile': 'TMT-B_1_1linestimulus7.png', 'Correct_StimFile': 'TMT-B_1_1greenlinestimulus7.png', 'False_StimFile': 'TMT-B_1_1redlinestimulus7.png', 'DurationTrial': 10}
10.3488 	EXP 	Stim: autoDraw = False
10.3488 	EXP 	Stim: image = 'TMT-B_1_1greenlinestimulus7.png'
10.3488 	EXP 	Stim: image = 'TMT-B_1_1greenlinestimulus7.png'
10.3488 	EXP 	Stim: autoDraw = True
10.3583 	DATA 	Keypress: 3
10.3656 	EXP 	New trial (rep=0, index=10): {'NumberLetter': 6, 'corrAns': 2, 'StimFile': 'TMT-B_1_1linestimulus8.png', 'Correct_StimFile': 'TMT-B_1_1greenlinestimulus8.png', 'False_StimFile': 'TMT-B_1_1redlinestimulus8.png', 'DurationTrial': 10}
10.4354 	DATA 	Keypress: 1
10.4360 	DATA 	Keypress: 2
10.4388 	EXP 	Stim: autoDraw = False
10.4388 	EXP 	Stim: image = 'TMT-B_1_1greenlinestimulus8.png'
10.4388 	EXP 	Stim: image = 'TMT-B_1_1redlinestimulus8.png'
10.4388 	EXP 	Stim: autoDraw = True
10.4903 	DATA 	Keypress: 1
10.4969 	EXP 	New trial (rep=0, index=11): {'NumberLetter': 'F', 'corrAns': 3, 'StimFile': 'TMT-B_1_1linestimulus9.png', 'Correct_StimFile': 'TMT-B_1_1greenlinestimulus9.png', 'False_StimFile': 'TMT-B_1_1redlinestimulus9.png', 'DurationTrial': 10}
10.5669 	DATA 	Keypress: 3
10.5704 	EXP 	Stim: autoDraw = False
10.5704 	EXP 	Stim: image = 'TMT-B_1_1greenlinestimulus9.png'
10.5704 	EXP 	Stim: image = 'TMT-B_1_1redlinestimulus9.png'
10.5704 	EXP 	Stim: autoDraw = True
10.6637 	DATA 	Keypress: 1
11.0109 	DATA 	Keypress: esc
11.1930 	EXP 	window1: mouseVisible = True
