1.8638 	WARNING 	We strongly recommend you activate the PTB sound engine in PsychoPy prefs as the preferred audio engine. Its timing is vastly superior. Your prefs are currently set to use ['pyo'] (in that order).
5.9304 	EXP 	Created window1 = Window(allowGUI=True, allowStencil=False, autoLog=True, backendConf=UNKNOWN, bitsMode=UNKNOWN, blendMode='avg', bpc=(8, 8, 8), color=array([0, 0, 0]), colorSpace='rgb', depthBits=8, fullscr=<method-wrapper '__getattribute__' of attributeSetter object at 0x000001BA61AEE668>, gamma=None, gammaErrorPolicy='raise', lms=UNKNOWN, monitor=<psychopy.monitors.calibTools.Monitor object at 0x000001BA61AD1908>, multiSample=False, name='window1', numSamples=2, pos=[0.0, 0.0], screen=0, size=array([1920, 1055]), stencilBits=0, stereo=False, units='height', useFBO=True, useRetina=False, viewOri=0.0, viewPos=None, viewScale=None, waitBlanking=True, winType='glfw')
5.9305 	EXP 	window1: mouseVisible = True
5.9305 	EXP 	window1: recordFrameIntervals = False
5.9994 	EXP 	window1: recordFrameIntervals = True
6.0759 	EXP 	window1: recordFrameIntervals = False
6.3589 	EXP 	Created Instruct = ImageStim(__class__=<class 'psychopy.visual.image.ImageStim'>, autoLog=True, color=array([1., 1., 1.]), colorSpace='rgb', contrast=1.0, depth=0.0, flipHoriz=False, flipVert=False, image='InkedInstructBfinal_LI.jpg', interpolate=True, mask=None, maskParams=None, name='Instruct', opacity=1, ori=0.0, pos=array([0., 0.]), size=array([0.8, 0.8]), texRes=128.0, units='height', win=Window(...))
6.4810 	EXP 	Created text_2 = TextStim(__class__=<class 'psychopy.visual.text.TextStim'>, alignHoriz=method-wrapper(...), alignText='center', alignVert=method-wrapper(...), anchorHoriz='center', anchorVert='center', antialias=True, autoLog=True, bold=False, color=array([1., 1., 1.]), colorSpace='rgb', contrast=1.0, depth=-2.0, flipHoriz=False, flipVert=False, font='Open Sans', fontFiles=[], height=0.04, italic=False, languageStyle='LTR', name='text_2', opacity=1, ori=0.5, pos=array([ 0.  , -0.45]), rgb=UNKNOWN, text=str(...), units='height', win=Window(...), wrapWidth=2.0)
6.4839 	EXP 	Created Stim = ImageStim(__class__=<class 'psychopy.visual.image.ImageStim'>, autoLog=True, color=array([1., 1., 1.]), colorSpace='rgb', contrast=1.0, depth=0.0, flipHoriz=False, flipVert=False, image='sin', interpolate=True, mask=None, maskParams=None, name='Stim', opacity=1, ori=0.0, pos=array([0., 0.]), size=array([1.777, 1.   ]), texRes=128.0, units='height', win=Window(...))
6.4864 	EXP 	Created polygon = ShapeStim(__class__=<class 'psychopy.visual.shape.ShapeStim'>, autoDraw=False, autoLog=True, closeShape=True, color=method-wrapper(...), colorSpace='rgb', contrast=None, depth=0.0, fillColor=array([1, 1, 1]), fillColorSpace='rgb', fillRGB=array([1, 1, 1]), interpolate=True, lineColor=array([1., 1., 1.]), lineColorSpace='rgb', lineRGB=array([1, 1, 1]), lineWidth=1.0, name='polygon', opacity=1, ori=0.0, pos=array([0., 0.]), size=array([0.5, 0.5]), units='height', vertices=ndarray(...), win=Window(...), windingRule=None)
6.4876 	EXP 	Created displaylasttrialresult = ImageStim(__class__=<class 'psychopy.visual.image.ImageStim'>, autoLog=True, color=array([1., 1., 1.]), colorSpace='rgb', contrast=1.0, depth=-1.0, flipHoriz=False, flipVert=False, image=None, interpolate=True, mask=None, maskParams=None, name='displaylasttrialresult', opacity=1, ori=0.0, pos=array([0., 0.]), size=array([0.5, 0.5]), texRes=128.0, units='height', win=Window(...))
6.4905 	EXP 	Created Stim = ImageStim(__class__=<class 'psychopy.visual.image.ImageStim'>, autoLog=True, color=array([1., 1., 1.]), colorSpace='rgb', contrast=1.0, depth=0.0, flipHoriz=False, flipVert=False, image='sin', interpolate=True, mask=None, maskParams=None, name='Stim', opacity=1, ori=0.0, pos=array([0., 0.]), size=array([1.777, 1.   ]), texRes=128.0, units='height', win=Window(...))
6.4923 	EXP 	Created polygon = ShapeStim(__class__=<class 'psychopy.visual.shape.ShapeStim'>, autoDraw=False, autoLog=True, closeShape=True, color=method-wrapper(...), colorSpace='rgb', contrast=None, depth=0.0, fillColor=array([1, 1, 1]), fillColorSpace='rgb', fillRGB=array([1, 1, 1]), interpolate=True, lineColor=array([1., 1., 1.]), lineColorSpace='rgb', lineRGB=array([1, 1, 1]), lineWidth=1.0, name='polygon', opacity=1, ori=0.0, pos=array([0., 0.]), size=array([0.5, 0.5]), units='height', vertices=ndarray(...), win=Window(...), windingRule=None)
6.4936 	EXP 	Created displaylasttrialresult = ImageStim(__class__=<class 'psychopy.visual.image.ImageStim'>, autoLog=True, color=array([1., 1., 1.]), colorSpace='rgb', contrast=1.0, depth=-1.0, flipHoriz=False, flipVert=False, image=None, interpolate=True, mask=None, maskParams=None, name='displaylasttrialresult', opacity=1, ori=0.0, pos=array([0., 0.]), size=array([0.5, 0.5]), texRes=128.0, units='height', win=Window(...))
6.4966 	EXP 	Created Stim = ImageStim(__class__=<class 'psychopy.visual.image.ImageStim'>, autoLog=True, color=array([1., 1., 1.]), colorSpace='rgb', contrast=1.0, depth=0.0, flipHoriz=False, flipVert=False, image='sin', interpolate=True, mask=None, maskParams=None, name='Stim', opacity=1, ori=0.0, pos=array([0., 0.]), size=array([1.777, 1.   ]), texRes=128.0, units='height', win=Window(...))
6.4984 	EXP 	Created polygon = ShapeStim(__class__=<class 'psychopy.visual.shape.ShapeStim'>, autoDraw=False, autoLog=True, closeShape=True, color=method-wrapper(...), colorSpace='rgb', contrast=None, depth=0.0, fillColor=array([1, 1, 1]), fillColorSpace='rgb', fillRGB=array([1, 1, 1]), interpolate=True, lineColor=array([1., 1., 1.]), lineColorSpace='rgb', lineRGB=array([1, 1, 1]), lineWidth=1.0, name='polygon', opacity=1, ori=0.0, pos=array([0., 0.]), size=array([0.5, 0.5]), units='height', vertices=ndarray(...), win=Window(...), windingRule=None)
6.4996 	EXP 	Created displaylasttrialresult = ImageStim(__class__=<class 'psychopy.visual.image.ImageStim'>, autoLog=True, color=array([1., 1., 1.]), colorSpace='rgb', contrast=1.0, depth=-1.0, flipHoriz=False, flipVert=False, image=None, interpolate=True, mask=None, maskParams=None, name='displaylasttrialresult', opacity=1, ori=0.0, pos=array([0., 0.]), size=array([0.5, 0.5]), texRes=128.0, units='height', win=Window(...))
6.5025 	EXP 	Created Stim = ImageStim(__class__=<class 'psychopy.visual.image.ImageStim'>, autoLog=True, color=array([1., 1., 1.]), colorSpace='rgb', contrast=1.0, depth=0.0, flipHoriz=False, flipVert=False, image='sin', interpolate=True, mask=None, maskParams=None, name='Stim', opacity=1, ori=0.0, pos=array([0., 0.]), size=array([1.777, 1.   ]), texRes=128.0, units='height', win=Window(...))
6.5184 	EXP 	Created text = TextStim(__class__=<class 'psychopy.visual.text.TextStim'>, alignHoriz=method-wrapper(...), alignText='center', alignVert=method-wrapper(...), anchorHoriz='center', anchorVert='center', antialias=True, autoLog=True, bold=False, color=array([1., 1., 1.]), colorSpace='rgb', contrast=1.0, depth=0.0, flipHoriz=False, flipVert=False, font='Open Sans', fontFiles=[], height=0.1, italic=False, languageStyle='LTR', name='text', opacity=1, ori=0.0, pos=array([0., 0.]), rgb=UNKNOWN, text='Thank you!\n\nYou have finished the task!', units='height', win=Window(...), wrapWidth=1)
6.5772 	EXP 	Instruct: autoDraw = True
6.5772 	EXP 	text_2: autoDraw = True
7.3316 	EXP 	Imported TMT-B_1_1.xlsx as conditions, 13 conditions, 6 params
7.3319 	EXP 	Created sequence: sequential, trialTypes=13, nReps=1, seed=None
7.3322 	EXP 	New trial (rep=0, index=0): {'NumberLetter': 1, 'corrAns': 2, 'StimFile': 'TMT-B.jpg', 'Correct_StimFile': 'TMT-B.jpg', 'False_StimFile': 'TMT-B.jpg', 'StimTimeDuration': 10}
7.4144 	DATA 	Keypress: 1
7.4182 	EXP 	Instruct: autoDraw = False
7.4182 	EXP 	text_2: autoDraw = False
7.4182 	EXP 	Stim: image = 'TMT-B.jpg'
7.4182 	EXP 	Stim: image = 'TMT-B.jpg'
7.4182 	EXP 	Stim: autoDraw = True
7.5387 	DATA 	Keypress: 1
7.9757 	DATA 	Keypress: 2
7.9835 	EXP 	New trial (rep=0, index=1): {'NumberLetter': 'A', 'corrAns': 3, 'StimFile': 'TMT-B.jpg', 'Correct_StimFile': 'TMT-B.jpg', 'False_StimFile': 'TMT-B.jpg', 'StimTimeDuration': 10}
8.0353 	EXP 	Stim: autoDraw = False
8.0353 	EXP 	Stim: image = 'TMT-B.jpg'
8.0353 	EXP 	Stim: image = 'TMT-B.jpg'
8.0353 	EXP 	Stim: autoDraw = True
8.1980 	DATA 	Keypress: 2
8.7673 	DATA 	Keypress: 3
8.7750 	EXP 	New trial (rep=0, index=2): {'NumberLetter': 2, 'corrAns': 2, 'StimFile': 'TMT-B_linestimulus0.png', 'Correct_StimFile': 'TMT-B_greenlinestimulus0.png', 'False_StimFile': 'TMT-B_redlinestimulus0.png', 'StimTimeDuration': 10}
8.8480 	EXP 	Stim: autoDraw = False
8.8480 	EXP 	Stim: image = 'TMT-B_greenlinestimulus0.png'
8.8480 	EXP 	Stim: image = 'TMT-B_greenlinestimulus0.png'
8.8480 	EXP 	Stim: autoDraw = True
9.0244 	DATA 	Keypress: 3
9.2606 	DATA 	Keypress: 2
9.2680 	EXP 	New trial (rep=0, index=3): {'NumberLetter': 'B', 'corrAns': 3, 'StimFile': 'TMT-B_linestimulus1.png', 'Correct_StimFile': 'TMT-B_greenlinestimulus1.png', 'False_StimFile': 'TMT-B_redlinestimulus1.png', 'StimTimeDuration': 10}
9.3409 	EXP 	Stim: autoDraw = False
9.3409 	EXP 	Stim: image = 'TMT-B_greenlinestimulus1.png'
9.3409 	EXP 	Stim: image = 'TMT-B_greenlinestimulus1.png'
9.3409 	EXP 	Stim: autoDraw = True
9.5176 	DATA 	Keypress: 2
9.6423 	DATA 	Keypress: 3
9.6496 	EXP 	New trial (rep=0, index=4): {'NumberLetter': 3, 'corrAns': 1, 'StimFile': 'TMT-B_linestimulus2.png', 'Correct_StimFile': 'TMT-B_greenlinestimulus2.png', 'False_StimFile': 'TMT-B_redlinestimulus2.png', 'StimTimeDuration': 10}
9.7438 	EXP 	Stim: autoDraw = False
9.7438 	EXP 	Stim: image = 'TMT-B_greenlinestimulus2.png'
9.7438 	EXP 	Stim: image = 'TMT-B_greenlinestimulus2.png'
9.7438 	EXP 	Stim: autoDraw = True
9.9202 	DATA 	Keypress: 3
10.0035 	DATA 	Keypress: 2
10.0111 	EXP 	New trial (rep=0, index=5): {'NumberLetter': 'C', 'corrAns': 2, 'StimFile': 'TMT-B_linestimulus3.png', 'Correct_StimFile': 'TMT-B_greenlinestimulus3.png', 'False_StimFile': 'TMT-B_redlinestimulus3.png', 'StimTimeDuration': 10}
10.0837 	EXP 	Stim: autoDraw = False
10.0837 	EXP 	Stim: image = 'TMT-B_greenlinestimulus3.png'
10.0837 	EXP 	Stim: image = 'TMT-B_redlinestimulus3.png'
10.0837 	EXP 	Stim: autoDraw = True
10.2471 	DATA 	Keypress: 2
10.3577 	DATA 	Keypress: 3
10.3650 	EXP 	New trial (rep=0, index=6): {'NumberLetter': 4, 'corrAns': 1, 'StimFile': 'TMT-B_linestimulus4.png', 'Correct_StimFile': 'TMT-B_greenlinestimulus4.png', 'False_StimFile': 'TMT-B_redlinestimulus4.png', 'StimTimeDuration': 10}
10.4450 	EXP 	Stim: autoDraw = False
10.4450 	EXP 	Stim: image = 'TMT-B_greenlinestimulus4.png'
10.4450 	EXP 	Stim: image = 'TMT-B_redlinestimulus4.png'
10.4450 	EXP 	Stim: autoDraw = True
10.5798 	DATA 	Keypress: 3
11.0450 	DATA 	Keypress: 2
11.0517 	EXP 	New trial (rep=0, index=7): {'NumberLetter': 'D', 'corrAns': 2, 'StimFile': 'TMT-B_linestimulus5.png', 'Correct_StimFile': 'TMT-B_greenlinestimulus5.png', 'False_StimFile': 'TMT-B_redlinestimulus5.png', 'StimTimeDuration': 10}
11.1188 	EXP 	Stim: autoDraw = False
11.1188 	EXP 	Stim: image = 'TMT-B_greenlinestimulus5.png'
11.1188 	EXP 	Stim: image = 'TMT-B_redlinestimulus5.png'
11.1188 	EXP 	Stim: autoDraw = True
11.3372 	DATA 	Keypress: 2
30.1767 	DATA 	Keypress: 3
30.1833 	EXP 	New trial (rep=0, index=8): {'NumberLetter': 5, 'corrAns': 3, 'StimFile': 'TMT-B_linestimulus6.png', 'Correct_StimFile': 'TMT-B_greenlinestimulus6.png', 'False_StimFile': 'TMT-B_redlinestimulus6.png', 'StimTimeDuration': 10}
30.2711 	EXP 	Stim: autoDraw = False
30.2711 	EXP 	Stim: image = 'TMT-B_greenlinestimulus6.png'
30.2711 	EXP 	Stim: image = 'TMT-B_redlinestimulus6.png'
30.2711 	EXP 	Stim: autoDraw = True
30.5029 	DATA 	Keypress: 3
30.7737 	DATA 	Keypress: 2
30.7809 	EXP 	New trial (rep=0, index=9): {'NumberLetter': 'E', 'corrAns': 1, 'StimFile': 'TMT-B_linestimulus7.png', 'Correct_StimFile': 'TMT-B_greenlinestimulus7.png', 'False_StimFile': 'TMT-B_redlinestimulus7.png', 'StimTimeDuration': 10}
30.8471 	EXP 	Stim: autoDraw = False
30.8471 	EXP 	Stim: image = 'TMT-B_greenlinestimulus7.png'
30.8471 	EXP 	Stim: image = 'TMT-B_redlinestimulus7.png'
30.8471 	EXP 	Stim: autoDraw = True
31.0239 	DATA 	Keypress: 2
31.2599 	DATA 	Keypress: 2
31.2674 	EXP 	New trial (rep=0, index=10): {'NumberLetter': 6, 'corrAns': 2, 'StimFile': 'TMT-B_linestimulus8.png', 'Correct_StimFile': 'TMT-B_greenlinestimulus8.png', 'False_StimFile': 'TMT-B_redlinestimulus8.png', 'StimTimeDuration': 10}
31.3336 	EXP 	Stim: autoDraw = False
31.3336 	EXP 	Stim: image = 'TMT-B_greenlinestimulus8.png'
31.3336 	EXP 	Stim: image = 'TMT-B_redlinestimulus8.png'
31.3336 	EXP 	Stim: autoDraw = True
31.4681 	DATA 	Keypress: 2
31.8016 	DATA 	Keypress: 1
31.8090 	EXP 	New trial (rep=0, index=11): {'NumberLetter': 'F', 'corrAns': 3, 'StimFile': 'TMT-B_linestimulus9.png', 'Correct_StimFile': 'TMT-B_greenlinestimulus9.png', 'False_StimFile': 'TMT-B_redlinestimulus9.png', 'StimTimeDuration': 10}
31.8822 	EXP 	Stim: autoDraw = False
31.8822 	EXP 	Stim: image = 'TMT-B_greenlinestimulus9.png'
31.8822 	EXP 	Stim: image = 'TMT-B_redlinestimulus9.png'
31.8822 	EXP 	Stim: autoDraw = True
32.0377 	DATA 	Keypress: 1
32.4488 	EXP 	New trial (rep=0, index=12): {'NumberLetter': None, 'corrAns': None, 'StimFile': None, 'Correct_StimFile': 'TMT-B_greenlinestimulus10.png', 'False_StimFile': 'TMT-B_redlinestimulus10.png', 'StimTimeDuration': 1}
32.5168 	DATA 	Keypress: 2
32.5208 	EXP 	Stim: autoDraw = False
32.5208 	EXP 	Stim: image = 'TMT-B_greenlinestimulus10.png'
32.5208 	EXP 	Stim: image = 'TMT-B_redlinestimulus10.png'
32.5208 	EXP 	Stim: autoDraw = True
32.6697 	DATA 	Keypress: 2
35.3361 	DATA 	Keypress: 2
35.3374 	EXP 	Stim: autoDraw = False
35.3374 	EXP 	displaylasttrialresult: autoDraw = True
35.5455 	DATA 	Keypress: 2
36.3375 	EXP 	polygon: autoDraw = True
36.3456 	EXP 	displaylasttrialresult: autoDraw = False
36.8582 	DATA 	Keypress: esc
37.0450 	DATA 	Keypress: esc
37.0686 	EXP 	window1: mouseVisible = True
