2.3618 	WARNING 	We strongly recommend you activate the PTB sound engine in PsychoPy prefs as the preferred audio engine. Its timing is vastly superior. Your prefs are currently set to use ['pyo'] (in that order).
12.1381 	WARNING 	Couldn't measure a consistent frame rate.
  - Is your graphics card set to sync to vertical blank?
  - Are you running other processes on your computer?

12.1384 	EXP 	Created window1 = Window(allowGUI=True, allowStencil=False, autoLog=True, backendConf=UNKNOWN, bitsMode=UNKNOWN, blendMode='avg', bpc=(8, 8, 8), color=array([0, 0, 0]), colorSpace='rgb', depthBits=8, fullscr=<method-wrapper '__getattribute__' of attributeSetter object at 0x000001CA15C6DA58>, gamma=None, gammaErrorPolicy='raise', lms=UNKNOWN, monitor=<psychopy.monitors.calibTools.Monitor object at 0x000001CA15C92CF8>, multiSample=False, name='window1', numSamples=2, pos=[760.0, 180.0], screen=0, size=array([1920, 1080]), stencilBits=0, stereo=False, units='height', useFBO=True, useRetina=False, viewOri=0.0, viewPos=None, viewScale=None, waitBlanking=True, winType='pyglet')
12.1385 	EXP 	window1: mouseVisible = True
12.1385 	EXP 	window1: recordFrameIntervals = False
12.3876 	EXP 	window1: recordFrameIntervals = True
12.4517 	WARNING 	t of last frame was 48.01ms (=1/20)
12.5183 	WARNING 	t of last frame was 47.82ms (=1/20)
12.5718 	WARNING 	t of last frame was 34.51ms (=1/28)
12.6417 	WARNING 	t of last frame was 37.95ms (=1/26)
12.7187 	WARNING 	Multiple dropped frames have occurred - I'll stop bothering you about them!
15.1909 	WARNING 	Couldn't measure a consistent frame rate.
  - Is your graphics card set to sync to vertical blank?
  - Are you running other processes on your computer?

15.5541 	EXP 	Created Instruct = ImageStim(__class__=<class 'psychopy.visual.image.ImageStim'>, autoLog=True, color=array([1., 1., 1.]), colorSpace='rgb', contrast=1.0, depth=0.0, flipHoriz=False, flipVert=False, image=str(...), interpolate=True, mask=None, maskParams=None, name='Instruct', opacity=1, ori=0.0, pos=array([0., 0.]), size=array([0.8, 0.8]), texRes=128.0, units='height', win=Window(...))
15.6436 	EXP 	Created text_2 = TextStim(__class__=<class 'psychopy.visual.text.TextStim'>, alignHoriz=method-wrapper(...), alignText='center', alignVert=method-wrapper(...), anchorHoriz='center', anchorVert='center', antialias=True, autoLog=True, bold=False, color=array([1., 1., 1.]), colorSpace='rgb', contrast=1.0, depth=-2.0, flipHoriz=False, flipVert=False, font='Open Sans', fontFiles=[], height=0.04, italic=False, languageStyle='LTR', name='text_2', opacity=1, ori=0.5, pos=array([ 0.  , -0.45]), rgb=UNKNOWN, text=str(...), units='height', win=Window(...), wrapWidth=2.0)
15.6576 	EXP 	Created Stim = ImageStim(__class__=<class 'psychopy.visual.image.ImageStim'>, autoLog=True, color=array([1., 1., 1.]), colorSpace='rgb', contrast=1.0, depth=0.0, flipHoriz=False, flipVert=False, image='sin', interpolate=True, mask=None, maskParams=None, name='Stim', opacity=1, ori=0.0, pos=array([0., 0.]), size=array([1.777, 1.   ]), texRes=128.0, units='height', win=Window(...))
15.6650 	EXP 	Created Stim = ImageStim(__class__=<class 'psychopy.visual.image.ImageStim'>, autoLog=True, color=array([1., 1., 1.]), colorSpace='rgb', contrast=1.0, depth=0.0, flipHoriz=False, flipVert=False, image='sin', interpolate=True, mask=None, maskParams=None, name='Stim', opacity=1, ori=0.0, pos=array([0., 0.]), size=array([1.777, 1.   ]), texRes=128.0, units='height', win=Window(...))
15.6966 	EXP 	Created text = TextStim(__class__=<class 'psychopy.visual.text.TextStim'>, alignHoriz=method-wrapper(...), alignText='center', alignVert=method-wrapper(...), anchorHoriz='center', anchorVert='center', antialias=True, autoLog=True, bold=False, color=array([1., 1., 1.]), colorSpace='rgb', contrast=1.0, depth=0.0, flipHoriz=False, flipVert=False, font='Open Sans', fontFiles=[], height=0.1, italic=False, languageStyle='LTR', name='text', opacity=1, ori=0.0, pos=array([0., 0.]), rgb=UNKNOWN, text='Thank you!\n\nYou have finished the task!', units='height', win=Window(...), wrapWidth=1)
15.8322 	EXP 	Instruct: autoDraw = True
15.8322 	EXP 	text_2: autoDraw = True
16.6683 	EXP 	Imported TMT-control.xlsx as conditions, 12 conditions, 5 params
16.6689 	EXP 	Created sequence: sequential, trialTypes=12, nReps=1, seed=None
16.6693 	EXP 	New trial (rep=0, index=0): {'NumberLetter': 1, 'corrAns': 2, 'StimFile': 'TMT-control.jpg', 'Correct_StimFile': 'TMT-control.jpg', 'False_StimFile': 'TMT-control.jpg'}
16.8104 	DATA 	Keypress: 1
16.8244 	EXP 	Instruct: autoDraw = False
16.8244 	EXP 	text_2: autoDraw = False
16.8244 	EXP 	Stim: image = 'TMT-control.jpg'
16.8244 	EXP 	Stim: image = 'TMT-control.jpg'
16.8244 	EXP 	Stim: autoDraw = True
75.2931 	DATA 	Keypress: 1
75.3074 	EXP 	New trial (rep=0, index=1): {'NumberLetter': 'A', 'corrAns': 3, 'StimFile': 'TMT-control.jpg', 'Correct_StimFile': 'TMT-control.jpg', 'False_StimFile': 'TMT-control.jpg'}
75.3845 	EXP 	Stim: autoDraw = False
75.3845 	EXP 	Stim: image = 'TMT-control.jpg'
75.3845 	EXP 	Stim: image = 'TMT-control.jpg'
75.3845 	EXP 	Stim: autoDraw = True
76.8956 	EXP 	New trial (rep=0, index=2): {'NumberLetter': 2, 'corrAns': 1, 'StimFile': 'TMT-control_linestimulus0.png', 'Correct_StimFile': 'TMT-control_greenlinestimulus0.png', 'False_StimFile': 'TMT-control_redlinestimulus0.png'}
76.9794 	DATA 	Keypress: 3
77.0273 	EXP 	Stim: autoDraw = False
77.0273 	EXP 	Stim: image = 'TMT-control_greenlinestimulus0.png'
77.0273 	EXP 	Stim: image = 'TMT-control_greenlinestimulus0.png'
77.0273 	EXP 	Stim: autoDraw = True
78.3900 	EXP 	New trial (rep=0, index=3): {'NumberLetter': 'B', 'corrAns': 2, 'StimFile': 'TMT-control_linestimulus1.png', 'Correct_StimFile': 'TMT-control_greenlinestimulus1.png', 'False_StimFile': 'TMT-control_redlinestimulus1.png'}
78.4622 	DATA 	Keypress: 1
78.5023 	EXP 	Stim: autoDraw = False
78.5023 	EXP 	Stim: image = 'TMT-control_greenlinestimulus1.png'
78.5023 	EXP 	Stim: image = 'TMT-control_greenlinestimulus1.png'
78.5023 	EXP 	Stim: autoDraw = True
81.3064 	EXP 	New trial (rep=0, index=4): {'NumberLetter': 3, 'corrAns': 3, 'StimFile': 'TMT-control_linestimulus2.png', 'Correct_StimFile': 'TMT-control_greenlinestimulus2.png', 'False_StimFile': 'TMT-control_redlinestimulus2.png'}
81.3774 	DATA 	Keypress: 3
81.3865 	EXP 	Stim: autoDraw = False
81.3865 	EXP 	Stim: image = 'TMT-control_greenlinestimulus2.png'
81.3865 	EXP 	Stim: image = 'TMT-control_redlinestimulus2.png'
81.3865 	EXP 	Stim: autoDraw = True
83.1576 	EXP 	New trial (rep=0, index=5): {'NumberLetter': 'C', 'corrAns': 2, 'StimFile': 'TMT-control_linestimulus3.png', 'Correct_StimFile': 'TMT-control_greenlinestimulus3.png', 'False_StimFile': 'TMT-control_redlinestimulus3.png'}
83.2263 	DATA 	Keypress: 1
83.2382 	EXP 	Stim: autoDraw = False
83.2382 	EXP 	Stim: image = 'TMT-control_greenlinestimulus3.png'
83.2382 	EXP 	Stim: image = 'TMT-control_redlinestimulus3.png'
83.2382 	EXP 	Stim: autoDraw = True
85.7102 	EXP 	New trial (rep=0, index=6): {'NumberLetter': 4, 'corrAns': 1, 'StimFile': 'TMT-control_linestimulus4.png', 'Correct_StimFile': 'TMT-control_greenlinestimulus4.png', 'False_StimFile': 'TMT-control_redlinestimulus4.png'}
85.7831 	DATA 	Keypress: 2
85.8235 	EXP 	Stim: autoDraw = False
85.8235 	EXP 	Stim: image = 'TMT-control_greenlinestimulus4.png'
85.8235 	EXP 	Stim: image = 'TMT-control_greenlinestimulus4.png'
85.8235 	EXP 	Stim: autoDraw = True
87.5427 	EXP 	New trial (rep=0, index=7): {'NumberLetter': 'D', 'corrAns': 3, 'StimFile': 'TMT-control_linestimulus5.png', 'Correct_StimFile': 'TMT-control_greenlinestimulus5.png', 'False_StimFile': 'TMT-control_redlinestimulus5.png'}
87.6123 	DATA 	Keypress: 1
87.6239 	EXP 	Stim: autoDraw = False
87.6239 	EXP 	Stim: image = 'TMT-control_greenlinestimulus5.png'
87.6239 	EXP 	Stim: image = 'TMT-control_greenlinestimulus5.png'
87.6239 	EXP 	Stim: autoDraw = True
88.9431 	EXP 	New trial (rep=0, index=8): {'NumberLetter': 5, 'corrAns': 1, 'StimFile': 'TMT-control_linestimulus6.png', 'Correct_StimFile': 'TMT-control_greenlinestimulus6.png', 'False_StimFile': 'TMT-control_redlinestimulus6.png'}
89.0146 	DATA 	Keypress: 3
89.0262 	EXP 	Stim: autoDraw = False
89.0262 	EXP 	Stim: image = 'TMT-control_greenlinestimulus6.png'
89.0262 	EXP 	Stim: image = 'TMT-control_greenlinestimulus6.png'
89.0262 	EXP 	Stim: autoDraw = True
89.6091 	EXP 	New trial (rep=0, index=9): {'NumberLetter': 'E', 'corrAns': 2, 'StimFile': 'TMT-control_linestimulus7.png', 'Correct_StimFile': 'TMT-control_greenlinestimulus7.png', 'False_StimFile': 'TMT-control_redlinestimulus7.png'}
89.6807 	DATA 	Keypress: 1
89.6920 	EXP 	Stim: autoDraw = False
89.6920 	EXP 	Stim: image = 'TMT-control_greenlinestimulus7.png'
89.6920 	EXP 	Stim: image = 'TMT-control_greenlinestimulus7.png'
89.6920 	EXP 	Stim: autoDraw = True
90.3108 	EXP 	New trial (rep=0, index=10): {'NumberLetter': 6, 'corrAns': 1, 'StimFile': 'TMT-control_linestimulus8.png', 'Correct_StimFile': 'TMT-control_greenlinestimulus8.png', 'False_StimFile': 'TMT-control_redlinestimulus8.png'}
90.3842 	DATA 	Keypress: 2
90.4340 	EXP 	Stim: autoDraw = False
90.4340 	EXP 	Stim: image = 'TMT-control_greenlinestimulus8.png'
90.4340 	EXP 	Stim: image = 'TMT-control_greenlinestimulus8.png'
90.4340 	EXP 	Stim: autoDraw = True
91.3934 	EXP 	New trial (rep=0, index=11): {'NumberLetter': 'F', 'corrAns': 2, 'StimFile': 'TMT-control_linestimulus9.png', 'Correct_StimFile': 'TMT-control_greenlinestimulus9.png', 'False_StimFile': 'TMT-control_redlinestimulus9.png'}
91.4696 	DATA 	Keypress: 1
91.5087 	EXP 	Stim: autoDraw = False
91.5087 	EXP 	Stim: image = 'TMT-control_greenlinestimulus9.png'
91.5087 	EXP 	Stim: image = 'TMT-control_greenlinestimulus9.png'
91.5087 	EXP 	Stim: autoDraw = True
100.3289 	EXP 	Imported TMT-control2.xlsx as conditions, 12 conditions, 5 params
100.3294 	EXP 	Created sequence: sequential, trialTypes=12, nReps=1, seed=None
100.3297 	EXP 	New trial (rep=0, index=0): {'NumberLetter': 1, 'corrAns': 3, 'StimFile': 'TMT-control2.jpg', 'Correct_StimFile': 'TMT-control2.jpg', 'False_StimFile': 'TMT-control2.jpg'}
100.3837 	DATA 	Keypress: 2
100.4169 	EXP 	Stim: autoDraw = False
100.4169 	EXP 	Stim: image = 'TMT-control2.jpg'
100.4169 	EXP 	Stim: image = 'TMT-control2.jpg'
100.4169 	EXP 	Stim: autoDraw = True
106.8206 	EXP 	New trial (rep=0, index=1): {'NumberLetter': 'A', 'corrAns': 1, 'StimFile': 'TMT-control2.jpg', 'Correct_StimFile': 'TMT-control2.jpg', 'False_StimFile': 'TMT-control2.jpg'}
106.8742 	EXP 	New trial (rep=0, index=2): {'NumberLetter': 2, 'corrAns': 3, 'StimFile': 'TMT-control2_linestimulus0.png', 'Correct_StimFile': 'TMT-control2_greenlinestimulus0.png', 'False_StimFile': 'TMT-control2_redlinestimulus0.png'}
106.9461 	EXP 	New trial (rep=0, index=3): {'NumberLetter': 'B', 'corrAns': 1, 'StimFile': 'TMT-control2_linestimulus1.png', 'Correct_StimFile': 'TMT-control2_greenlinestimulus1.png', 'False_StimFile': 'TMT-control2_redlinestimulus1.png'}
107.0162 	EXP 	New trial (rep=0, index=4): {'NumberLetter': 3, 'corrAns': 2, 'StimFile': 'TMT-control2_linestimulus2.png', 'Correct_StimFile': 'TMT-control2_greenlinestimulus2.png', 'False_StimFile': 'TMT-control2_redlinestimulus2.png'}
107.0845 	EXP 	New trial (rep=0, index=5): {'NumberLetter': 'C', 'corrAns': 3, 'StimFile': 'TMT-control2_linestimulus3.png', 'Correct_StimFile': 'TMT-control2_greenlinestimulus3.png', 'False_StimFile': 'TMT-control2_redlinestimulus3.png'}
107.1578 	EXP 	New trial (rep=0, index=6): {'NumberLetter': 4, 'corrAns': 2, 'StimFile': 'TMT-control2_linestimulus4.png', 'Correct_StimFile': 'TMT-control2_greenlinestimulus4.png', 'False_StimFile': 'TMT-control2_redlinestimulus4.png'}
107.2283 	EXP 	New trial (rep=0, index=7): {'NumberLetter': 'D', 'corrAns': 1, 'StimFile': 'TMT-control2_linestimulus5.png', 'Correct_StimFile': 'TMT-control2_greenlinestimulus5.png', 'False_StimFile': 'TMT-control2_redlinestimulus5.png'}
107.2953 	EXP 	New trial (rep=0, index=8): {'NumberLetter': 5, 'corrAns': 3, 'StimFile': 'TMT-control2_linestimulus6.png', 'Correct_StimFile': 'TMT-control2_greenlinestimulus6.png', 'False_StimFile': 'TMT-control2_redlinestimulus6.png'}
107.3597 	EXP 	New trial (rep=0, index=9): {'NumberLetter': 'E', 'corrAns': 2, 'StimFile': 'TMT-control2_linestimulus7.png', 'Correct_StimFile': 'TMT-control2_greenlinestimulus7.png', 'False_StimFile': 'TMT-control2_redlinestimulus7.png'}
107.4272 	EXP 	New trial (rep=0, index=10): {'NumberLetter': 6, 'corrAns': 1, 'StimFile': 'TMT-control2_linestimulus8.png', 'Correct_StimFile': 'TMT-control2_greenlinestimulus8.png', 'False_StimFile': 'TMT-control2_redlinestimulus8.png'}
107.4933 	EXP 	New trial (rep=0, index=11): {'NumberLetter': 'F', 'corrAns': 2, 'StimFile': 'TMT-control2_linestimulus9.png', 'Correct_StimFile': 'TMT-control2_greenlinestimulus9.png', 'False_StimFile': 'TMT-control2_redlinestimulus9.png'}
107.5980 	EXP 	Stim: autoDraw = False
107.5980 	EXP 	Stim: image = 'TMT-control2.jpg'
107.5980 	EXP 	Stim: image = 'TMT-control2.jpg'
107.5980 	EXP 	Stim: autoDraw = True
107.5980 	EXP 	Stim: autoDraw = False
107.5980 	EXP 	Stim: image = 'TMT-control2_greenlinestimulus0.png'
107.5980 	EXP 	Stim: image = 'TMT-control2_redlinestimulus0.png'
107.5980 	EXP 	Stim: autoDraw = True
107.5980 	EXP 	Stim: autoDraw = False
107.5980 	EXP 	Stim: image = 'TMT-control2_greenlinestimulus1.png'
107.5980 	EXP 	Stim: image = 'TMT-control2_redlinestimulus1.png'
107.5980 	EXP 	Stim: autoDraw = True
107.5980 	EXP 	Stim: autoDraw = False
107.5980 	EXP 	Stim: image = 'TMT-control2_greenlinestimulus2.png'
107.5980 	EXP 	Stim: image = 'TMT-control2_redlinestimulus2.png'
107.5980 	EXP 	Stim: autoDraw = True
107.5980 	EXP 	Stim: autoDraw = False
107.5980 	EXP 	Stim: image = 'TMT-control2_greenlinestimulus3.png'
107.5980 	EXP 	Stim: image = 'TMT-control2_redlinestimulus3.png'
107.5980 	EXP 	Stim: autoDraw = True
107.5980 	EXP 	Stim: autoDraw = False
107.5980 	EXP 	Stim: image = 'TMT-control2_greenlinestimulus4.png'
107.5980 	EXP 	Stim: image = 'TMT-control2_redlinestimulus4.png'
107.5980 	EXP 	Stim: autoDraw = True
107.5980 	EXP 	Stim: autoDraw = False
107.5980 	EXP 	Stim: image = 'TMT-control2_greenlinestimulus5.png'
107.5980 	EXP 	Stim: image = 'TMT-control2_redlinestimulus5.png'
107.5980 	EXP 	Stim: autoDraw = True
107.5980 	EXP 	Stim: autoDraw = False
107.5980 	EXP 	Stim: image = 'TMT-control2_greenlinestimulus6.png'
107.5980 	EXP 	Stim: image = 'TMT-control2_redlinestimulus6.png'
107.5980 	EXP 	Stim: autoDraw = True
107.5980 	EXP 	Stim: autoDraw = False
107.5980 	EXP 	Stim: image = 'TMT-control2_greenlinestimulus7.png'
107.5980 	EXP 	Stim: image = 'TMT-control2_redlinestimulus7.png'
107.5980 	EXP 	Stim: autoDraw = True
107.5980 	EXP 	Stim: autoDraw = False
107.5980 	EXP 	Stim: image = 'TMT-control2_greenlinestimulus8.png'
107.5980 	EXP 	Stim: image = 'TMT-control2_redlinestimulus8.png'
107.5980 	EXP 	Stim: autoDraw = True
107.5980 	EXP 	Stim: autoDraw = False
107.5980 	EXP 	Stim: image = 'TMT-control2_greenlinestimulus9.png'
107.5980 	EXP 	Stim: image = 'TMT-control2_redlinestimulus9.png'
107.5980 	EXP 	Stim: autoDraw = True
107.5980 	EXP 	Stim: autoDraw = False
107.5980 	EXP 	text: autoDraw = True
113.5843 	EXP 	text: autoDraw = False
113.6112 	EXP 	window1: mouseVisible = True
