1.7197 	WARNING 	We strongly recommend you activate the PTB sound engine in PsychoPy prefs as the preferred audio engine. Its timing is vastly superior. Your prefs are currently set to use ['pyo'] (in that order).
9.4791 	EXP 	Created window1 = Window(allowGUI=False, allowStencil=False, autoLog=True, backendConf=UNKNOWN, bitsMode=UNKNOWN, blendMode='avg', bpc=(8, 8, 8), color=array([0, 0, 0]), colorSpace='rgb', depthBits=8, fullscr=<method-wrapper '__getattribute__' of attributeSetter object at 0x0000024420C1E7F0>, gamma=None, gammaErrorPolicy='raise', lms=UNKNOWN, monitor=<psychopy.monitors.calibTools.Monitor object at 0x0000024420C04AC8>, multiSample=False, name='window1', numSamples=2, pos=[0.0, 0.0], screen=0, size=array([3440, 1440]), stencilBits=0, stereo=False, units='height', useFBO=True, useRetina=False, viewOri=0.0, viewPos=None, viewScale=None, waitBlanking=True, winType='pyglet')
9.4793 	EXP 	window1: mouseVisible = True
9.4794 	EXP 	window1: recordFrameIntervals = False
9.6455 	EXP 	window1: recordFrameIntervals = True
9.8290 	EXP 	window1: recordFrameIntervals = False
10.1054 	EXP 	Created Instruct = ImageStim(__class__=<class 'psychopy.visual.image.ImageStim'>, autoLog=True, color=array([1., 1., 1.]), colorSpace='rgb', contrast=1.0, depth=0.0, flipHoriz=False, flipVert=False, image='InkedInstructBfinal_LI.jpg', interpolate=True, mask=None, maskParams=None, name='Instruct', opacity=1, ori=0.0, pos=array([0., 0.]), size=array([0.8, 0.8]), texRes=128.0, units='height', win=Window(...))
10.1694 	EXP 	Created text_2 = TextStim(__class__=<class 'psychopy.visual.text.TextStim'>, alignHoriz=method-wrapper(...), alignText='center', alignVert=method-wrapper(...), anchorHoriz='center', anchorVert='center', antialias=True, autoLog=True, bold=False, color=array([1., 1., 1.]), colorSpace='rgb', contrast=1.0, depth=-2.0, flipHoriz=False, flipVert=False, font='Open Sans', fontFiles=[], height=0.04, italic=False, languageStyle='LTR', name='text_2', opacity=1, ori=0.5, pos=array([ 0.  , -0.45]), rgb=UNKNOWN, text=str(...), units='height', win=Window(...), wrapWidth=2.0)
10.1733 	EXP 	Created Stim = ImageStim(__class__=<class 'psychopy.visual.image.ImageStim'>, autoLog=True, color=array([1., 1., 1.]), colorSpace='rgb', contrast=1.0, depth=0.0, flipHoriz=False, flipVert=False, image='sin', interpolate=True, mask=None, maskParams=None, name='Stim', opacity=1, ori=0.0, pos=array([0., 0.]), size=array([1.777, 1.   ]), texRes=128.0, units='height', win=Window(...))
10.1779 	EXP 	Created Stim = ImageStim(__class__=<class 'psychopy.visual.image.ImageStim'>, autoLog=True, color=array([1., 1., 1.]), colorSpace='rgb', contrast=1.0, depth=0.0, flipHoriz=False, flipVert=False, image='sin', interpolate=True, mask=None, maskParams=None, name='Stim', opacity=1, ori=0.0, pos=array([0., 0.]), size=array([1.777, 1.   ]), texRes=128.0, units='height', win=Window(...))
10.2013 	EXP 	Created text_3 = TextStim(__class__=<class 'psychopy.visual.text.TextStim'>, alignHoriz=method-wrapper(...), alignText='center', alignVert=method-wrapper(...), anchorHoriz='center', anchorVert='center', antialias=True, autoLog=True, bold=False, color=array([1., 1., 1.]), colorSpace='rgb', contrast=1.0, depth=0.0, flipHoriz=False, flipVert=False, font='Open Sans', fontFiles=[], height=0.1, italic=False, languageStyle='LTR', name='text_3', opacity=1, ori=0.0, pos=array([0., 0.]), rgb=UNKNOWN, text=str(...), units='height', win=Window(...), wrapWidth=1)
10.2105 	EXP 	Created text = TextStim(__class__=<class 'psychopy.visual.text.TextStim'>, alignHoriz=method-wrapper(...), alignText='center', alignVert=method-wrapper(...), anchorHoriz='center', anchorVert='center', antialias=True, autoLog=True, bold=False, color=array([1., 1., 1.]), colorSpace='rgb', contrast=1.0, depth=0.0, flipHoriz=False, flipVert=False, font='Open Sans', fontFiles=[], height=0.1, italic=False, languageStyle='LTR', name='text', opacity=1, ori=0.0, pos=array([0., 0.]), rgb=UNKNOWN, text='Thank you!\n\nYou have finished the task!', units='height', win=Window(...), wrapWidth=1)
10.2876 	EXP 	Instruct: autoDraw = True
10.2876 	EXP 	text_2: autoDraw = True
11.4390 	EXP 	Imported TMT-control.xlsx as conditions, 12 conditions, 5 params
11.4393 	EXP 	Created sequence: sequential, trialTypes=12, nReps=1, seed=None
11.4396 	EXP 	New trial (rep=0, index=0): {'NumberLetter': 1, 'corrAns': 2, 'StimFile': 'TMT-control.jpg', 'Correct_StimFile': 'TMT-control.jpg', 'False_StimFile': 'TMT-control.jpg'}
11.5500 	DATA 	Keypress: 1
11.5631 	EXP 	Instruct: autoDraw = False
11.5631 	EXP 	text_2: autoDraw = False
11.5631 	EXP 	Stim: image = 'TMT-control.jpg'
11.5631 	EXP 	Stim: image = 'TMT-control.jpg'
11.5631 	EXP 	Stim: autoDraw = True
13.7176 	EXP 	New trial (rep=0, index=1): {'NumberLetter': 'A', 'corrAns': 3, 'StimFile': 'TMT-control.jpg', 'Correct_StimFile': 'TMT-control.jpg', 'False_StimFile': 'TMT-control.jpg'}
13.7550 	DATA 	Keypress: 2
13.7807 	EXP 	Stim: autoDraw = False
13.7807 	EXP 	Stim: image = 'TMT-control.jpg'
13.7807 	EXP 	Stim: image = 'TMT-control.jpg'
13.7807 	EXP 	Stim: autoDraw = True
14.7343 	EXP 	New trial (rep=0, index=2): {'NumberLetter': 2, 'corrAns': 1, 'StimFile': 'TMT-control_linestimulus0.png', 'Correct_StimFile': 'TMT-control_greenlinestimulus0.png', 'False_StimFile': 'TMT-control_redlinestimulus0.png'}
14.7864 	DATA 	Keypress: 3
14.7975 	EXP 	Stim: autoDraw = False
14.7975 	EXP 	Stim: image = 'TMT-control_greenlinestimulus0.png'
14.7975 	EXP 	Stim: image = 'TMT-control_greenlinestimulus0.png'
14.7975 	EXP 	Stim: autoDraw = True
15.3346 	EXP 	New trial (rep=0, index=3): {'NumberLetter': 'B', 'corrAns': 2, 'StimFile': 'TMT-control_linestimulus1.png', 'Correct_StimFile': 'TMT-control_greenlinestimulus1.png', 'False_StimFile': 'TMT-control_redlinestimulus1.png'}
15.3891 	DATA 	Keypress: 2
15.4148 	EXP 	Stim: autoDraw = False
15.4148 	EXP 	Stim: image = 'TMT-control_greenlinestimulus1.png'
15.4148 	EXP 	Stim: image = 'TMT-control_redlinestimulus1.png'
15.4148 	EXP 	Stim: autoDraw = True
16.1517 	EXP 	New trial (rep=0, index=4): {'NumberLetter': 3, 'corrAns': 3, 'StimFile': 'TMT-control_linestimulus2.png', 'Correct_StimFile': 'TMT-control_greenlinestimulus2.png', 'False_StimFile': 'TMT-control_redlinestimulus2.png'}
16.2076 	DATA 	Keypress: 2
16.2319 	EXP 	Stim: autoDraw = False
16.2319 	EXP 	Stim: image = 'TMT-control_greenlinestimulus2.png'
16.2319 	EXP 	Stim: image = 'TMT-control_greenlinestimulus2.png'
16.2319 	EXP 	Stim: autoDraw = True
16.7855 	EXP 	New trial (rep=0, index=5): {'NumberLetter': 'C', 'corrAns': 2, 'StimFile': 'TMT-control_linestimulus3.png', 'Correct_StimFile': 'TMT-control_greenlinestimulus3.png', 'False_StimFile': 'TMT-control_redlinestimulus3.png'}
16.8396 	DATA 	Keypress: 2
16.8654 	EXP 	Stim: autoDraw = False
16.8654 	EXP 	Stim: image = 'TMT-control_greenlinestimulus3.png'
16.8654 	EXP 	Stim: image = 'TMT-control_redlinestimulus3.png'
16.8654 	EXP 	Stim: autoDraw = True
17.4692 	EXP 	New trial (rep=0, index=6): {'NumberLetter': 4, 'corrAns': 1, 'StimFile': 'TMT-control_linestimulus4.png', 'Correct_StimFile': 'TMT-control_greenlinestimulus4.png', 'False_StimFile': 'TMT-control_redlinestimulus4.png'}
17.5219 	DATA 	Keypress: 2
17.5323 	EXP 	Stim: autoDraw = False
17.5323 	EXP 	Stim: image = 'TMT-control_greenlinestimulus4.png'
17.5323 	EXP 	Stim: image = 'TMT-control_greenlinestimulus4.png'
17.5323 	EXP 	Stim: autoDraw = True
18.1856 	EXP 	New trial (rep=0, index=7): {'NumberLetter': 'D', 'corrAns': 3, 'StimFile': 'TMT-control_linestimulus5.png', 'Correct_StimFile': 'TMT-control_greenlinestimulus5.png', 'False_StimFile': 'TMT-control_redlinestimulus5.png'}
18.2397 	DATA 	Keypress: 2
18.2662 	EXP 	Stim: autoDraw = False
18.2662 	EXP 	Stim: image = 'TMT-control_greenlinestimulus5.png'
18.2662 	EXP 	Stim: image = 'TMT-control_redlinestimulus5.png'
18.2662 	EXP 	Stim: autoDraw = True
18.9026 	EXP 	New trial (rep=0, index=8): {'NumberLetter': 5, 'corrAns': 1, 'StimFile': 'TMT-control_linestimulus6.png', 'Correct_StimFile': 'TMT-control_greenlinestimulus6.png', 'False_StimFile': 'TMT-control_redlinestimulus6.png'}
18.9558 	DATA 	Keypress: 2
18.9662 	EXP 	Stim: autoDraw = False
18.9662 	EXP 	Stim: image = 'TMT-control_greenlinestimulus6.png'
18.9662 	EXP 	Stim: image = 'TMT-control_redlinestimulus6.png'
18.9662 	EXP 	Stim: autoDraw = True
19.6199 	EXP 	New trial (rep=0, index=9): {'NumberLetter': 'E', 'corrAns': 2, 'StimFile': 'TMT-control_linestimulus7.png', 'Correct_StimFile': 'TMT-control_greenlinestimulus7.png', 'False_StimFile': 'TMT-control_redlinestimulus7.png'}
19.6740 	DATA 	Keypress: 2
19.7002 	EXP 	Stim: autoDraw = False
19.7002 	EXP 	Stim: image = 'TMT-control_greenlinestimulus7.png'
19.7002 	EXP 	Stim: image = 'TMT-control_redlinestimulus7.png'
19.7002 	EXP 	Stim: autoDraw = True
20.2532 	EXP 	New trial (rep=0, index=10): {'NumberLetter': 6, 'corrAns': 1, 'StimFile': 'TMT-control_linestimulus8.png', 'Correct_StimFile': 'TMT-control_greenlinestimulus8.png', 'False_StimFile': 'TMT-control_redlinestimulus8.png'}
20.3070 	DATA 	Keypress: 2
20.3337 	EXP 	Stim: autoDraw = False
20.3337 	EXP 	Stim: image = 'TMT-control_greenlinestimulus8.png'
20.3337 	EXP 	Stim: image = 'TMT-control_greenlinestimulus8.png'
20.3337 	EXP 	Stim: autoDraw = True
21.0372 	EXP 	New trial (rep=0, index=11): {'NumberLetter': 'F', 'corrAns': 2, 'StimFile': 'TMT-control_linestimulus9.png', 'Correct_StimFile': 'TMT-control_greenlinestimulus9.png', 'False_StimFile': 'TMT-control_redlinestimulus9.png'}
21.0957 	DATA 	Keypress: 2
21.1173 	EXP 	Stim: autoDraw = False
21.1173 	EXP 	Stim: image = 'TMT-control_greenlinestimulus9.png'
21.1173 	EXP 	Stim: image = 'TMT-control_redlinestimulus9.png'
21.1173 	EXP 	Stim: autoDraw = True
25.6281 	EXP 	Imported TMT-control2.xlsx as conditions, 12 conditions, 5 params
25.6283 	EXP 	Created sequence: sequential, trialTypes=12, nReps=1, seed=None
25.6285 	EXP 	New trial (rep=0, index=0): {'NumberLetter': 1, 'corrAns': 3, 'StimFile': 'TMT-control2.jpg', 'Correct_StimFile': 'TMT-control2.jpg', 'False_StimFile': 'TMT-control2.jpg'}
25.6677 	DATA 	Keypress: 2
25.6861 	EXP 	Stim: autoDraw = False
25.6861 	EXP 	Stim: image = 'TMT-control2.jpg'
25.6861 	EXP 	Stim: image = 'TMT-control2.jpg'
25.6861 	EXP 	Stim: autoDraw = True
26.5563 	EXP 	New trial (rep=0, index=1): {'NumberLetter': 'A', 'corrAns': 1, 'StimFile': 'TMT-control2.jpg', 'Correct_StimFile': 'TMT-control2.jpg', 'False_StimFile': 'TMT-control2.jpg'}
26.5946 	EXP 	New trial (rep=0, index=2): {'NumberLetter': 2, 'corrAns': 3, 'StimFile': 'TMT-control2_linestimulus0.png', 'Correct_StimFile': 'TMT-control2_greenlinestimulus0.png', 'False_StimFile': 'TMT-control2_redlinestimulus0.png'}
26.6477 	EXP 	New trial (rep=0, index=3): {'NumberLetter': 'B', 'corrAns': 1, 'StimFile': 'TMT-control2_linestimulus1.png', 'Correct_StimFile': 'TMT-control2_greenlinestimulus1.png', 'False_StimFile': 'TMT-control2_redlinestimulus1.png'}
26.7008 	EXP 	New trial (rep=0, index=4): {'NumberLetter': 3, 'corrAns': 2, 'StimFile': 'TMT-control2_linestimulus2.png', 'Correct_StimFile': 'TMT-control2_greenlinestimulus2.png', 'False_StimFile': 'TMT-control2_redlinestimulus2.png'}
26.7519 	EXP 	New trial (rep=0, index=5): {'NumberLetter': 'C', 'corrAns': 3, 'StimFile': 'TMT-control2_linestimulus3.png', 'Correct_StimFile': 'TMT-control2_greenlinestimulus3.png', 'False_StimFile': 'TMT-control2_redlinestimulus3.png'}
26.8045 	EXP 	New trial (rep=0, index=6): {'NumberLetter': 4, 'corrAns': 2, 'StimFile': 'TMT-control2_linestimulus4.png', 'Correct_StimFile': 'TMT-control2_greenlinestimulus4.png', 'False_StimFile': 'TMT-control2_redlinestimulus4.png'}
26.8566 	EXP 	New trial (rep=0, index=7): {'NumberLetter': 'D', 'corrAns': 1, 'StimFile': 'TMT-control2_linestimulus5.png', 'Correct_StimFile': 'TMT-control2_greenlinestimulus5.png', 'False_StimFile': 'TMT-control2_redlinestimulus5.png'}
26.9092 	EXP 	New trial (rep=0, index=8): {'NumberLetter': 5, 'corrAns': 3, 'StimFile': 'TMT-control2_linestimulus6.png', 'Correct_StimFile': 'TMT-control2_greenlinestimulus6.png', 'False_StimFile': 'TMT-control2_redlinestimulus6.png'}
26.9633 	EXP 	New trial (rep=0, index=9): {'NumberLetter': 'E', 'corrAns': 2, 'StimFile': 'TMT-control2_linestimulus7.png', 'Correct_StimFile': 'TMT-control2_greenlinestimulus7.png', 'False_StimFile': 'TMT-control2_redlinestimulus7.png'}
27.0151 	EXP 	New trial (rep=0, index=10): {'NumberLetter': 6, 'corrAns': 1, 'StimFile': 'TMT-control2_linestimulus8.png', 'Correct_StimFile': 'TMT-control2_greenlinestimulus8.png', 'False_StimFile': 'TMT-control2_redlinestimulus8.png'}
27.0721 	EXP 	New trial (rep=0, index=11): {'NumberLetter': 'F', 'corrAns': 2, 'StimFile': 'TMT-control2_linestimulus9.png', 'Correct_StimFile': 'TMT-control2_greenlinestimulus9.png', 'False_StimFile': 'TMT-control2_redlinestimulus9.png'}
27.1368 	EXP 	Stim: autoDraw = False
27.1368 	EXP 	Stim: image = 'TMT-control2.jpg'
27.1368 	EXP 	Stim: image = 'TMT-control2.jpg'
27.1368 	EXP 	Stim: autoDraw = True
27.1368 	EXP 	Stim: autoDraw = False
27.1368 	EXP 	Stim: image = 'TMT-control2_greenlinestimulus0.png'
27.1368 	EXP 	Stim: image = 'TMT-control2_redlinestimulus0.png'
27.1368 	EXP 	Stim: autoDraw = True
27.1368 	EXP 	Stim: autoDraw = False
27.1368 	EXP 	Stim: image = 'TMT-control2_greenlinestimulus1.png'
27.1368 	EXP 	Stim: image = 'TMT-control2_redlinestimulus1.png'
27.1368 	EXP 	Stim: autoDraw = True
27.1368 	EXP 	Stim: autoDraw = False
27.1368 	EXP 	Stim: image = 'TMT-control2_greenlinestimulus2.png'
27.1368 	EXP 	Stim: image = 'TMT-control2_redlinestimulus2.png'
27.1368 	EXP 	Stim: autoDraw = True
27.1368 	EXP 	Stim: autoDraw = False
27.1368 	EXP 	Stim: image = 'TMT-control2_greenlinestimulus3.png'
27.1368 	EXP 	Stim: image = 'TMT-control2_redlinestimulus3.png'
27.1368 	EXP 	Stim: autoDraw = True
27.1368 	EXP 	Stim: autoDraw = False
27.1368 	EXP 	Stim: image = 'TMT-control2_greenlinestimulus4.png'
27.1368 	EXP 	Stim: image = 'TMT-control2_redlinestimulus4.png'
27.1368 	EXP 	Stim: autoDraw = True
27.1368 	EXP 	Stim: autoDraw = False
27.1368 	EXP 	Stim: image = 'TMT-control2_greenlinestimulus5.png'
27.1368 	EXP 	Stim: image = 'TMT-control2_redlinestimulus5.png'
27.1368 	EXP 	Stim: autoDraw = True
27.1368 	EXP 	Stim: autoDraw = False
27.1368 	EXP 	Stim: image = 'TMT-control2_greenlinestimulus6.png'
27.1368 	EXP 	Stim: image = 'TMT-control2_redlinestimulus6.png'
27.1368 	EXP 	Stim: autoDraw = True
27.1368 	EXP 	Stim: autoDraw = False
27.1368 	EXP 	Stim: image = 'TMT-control2_greenlinestimulus7.png'
27.1368 	EXP 	Stim: image = 'TMT-control2_redlinestimulus7.png'
27.1368 	EXP 	Stim: autoDraw = True
27.1368 	EXP 	Stim: autoDraw = False
27.1368 	EXP 	Stim: image = 'TMT-control2_greenlinestimulus8.png'
27.1368 	EXP 	Stim: image = 'TMT-control2_redlinestimulus8.png'
27.1368 	EXP 	Stim: autoDraw = True
27.1368 	EXP 	Stim: autoDraw = False
27.1368 	EXP 	Stim: image = 'TMT-control2_greenlinestimulus9.png'
27.1368 	EXP 	Stim: image = 'TMT-control2_redlinestimulus9.png'
27.1368 	EXP 	Stim: autoDraw = True
27.1368 	EXP 	Stim: autoDraw = False
27.1368 	EXP 	text_3: autoDraw = True
29.6265 	DATA 	Keypress: escape
29.6380 	EXP 	text_3: autoDraw = False
29.6380 	EXP 	text: autoDraw = True
31.1915 	DATA 	Keypress: escape
31.4595 	EXP 	window1: mouseVisible = True
