1.6777 	WARNING 	We strongly recommend you activate the PTB sound engine in PsychoPy prefs as the preferred audio engine. Its timing is vastly superior. Your prefs are currently set to use ['pyo'] (in that order).
6.6559 	EXP 	Created window1 = Window(allowGUI=True, allowStencil=False, autoLog=True, backendConf=UNKNOWN, bitsMode=UNKNOWN, blendMode='avg', bpc=(8, 8, 8), color=array([0, 0, 0]), colorSpace='rgb', depthBits=8, fullscr=<method-wrapper '__getattribute__' of attributeSetter object at 0x0000019F732D7A58>, gamma=None, gammaErrorPolicy='raise', lms=UNKNOWN, monitor=<psychopy.monitors.calibTools.Monitor object at 0x0000019F73234D30>, multiSample=False, name='window1', numSamples=2, pos=[0.0, 0.0], screen=0, size=array([1920, 1055]), stencilBits=0, stereo=False, units='height', useFBO=True, useRetina=False, viewOri=0.0, viewPos=None, viewScale=None, waitBlanking=True, winType='glfw')
6.6560 	EXP 	window1: mouseVisible = True
6.6560 	EXP 	window1: recordFrameIntervals = False
6.7247 	EXP 	window1: recordFrameIntervals = True
6.7410 	WARNING 	t of last frame was 9.65ms (=1/103)
6.8080 	EXP 	window1: recordFrameIntervals = False
7.1354 	EXP 	Created Instruct = ImageStim(__class__=<class 'psychopy.visual.image.ImageStim'>, autoLog=True, color=array([1., 1., 1.]), colorSpace='rgb', contrast=1.0, depth=0.0, flipHoriz=False, flipVert=False, image=str(...), interpolate=True, mask=None, maskParams=None, name='Instruct', opacity=1, ori=0.0, pos=array([0., 0.]), size=array([1.28, 0.72]), texRes=128.0, units='height', win=Window(...))
7.2019 	EXP 	Created image_2 = ImageStim(__class__=<class 'psychopy.visual.image.ImageStim'>, autoLog=True, color=array([1., 1., 1.]), colorSpace='rgb', contrast=1.0, depth=0.0, flipHoriz=False, flipVert=False, image=str(...), interpolate=True, mask=None, maskParams=None, name='image_2', opacity=1, ori=0.0, pos=array([0., 0.]), size=array([1.28, 0.72]), texRes=128.0, units='height', win=Window(...))
7.2043 	EXP 	Created polygon = ShapeStim(__class__=<class 'psychopy.visual.shape.ShapeStim'>, autoDraw=False, autoLog=True, closeShape=True, color=method-wrapper(...), colorSpace='rgb', contrast=None, depth=0.0, fillColor=array([1, 1, 1]), fillColorSpace='rgb', fillRGB=array([1, 1, 1]), interpolate=True, lineColor=array([1., 1., 1.]), lineColorSpace='rgb', lineRGB=array([1, 1, 1]), lineWidth=1.0, name='polygon', opacity=1, ori=0.0, pos=array([0., 0.]), size=array([0.5, 0.5]), units='height', vertices=ndarray(...), win=Window(...), windingRule=None)
7.2072 	EXP 	Created Stim_practice = ImageStim(__class__=<class 'psychopy.visual.image.ImageStim'>, autoLog=True, color=array([1., 1., 1.]), colorSpace='rgb', contrast=1.0, depth=0.0, flipHoriz=False, flipVert=False, image='sin', interpolate=True, mask=None, maskParams=None, name='Stim_practice', opacity=1, ori=0.0, pos=array([0., 0.]), size=array([1.777, 1.   ]), texRes=128.0, units='height', win=Window(...))
7.2641 	EXP 	Created text_5 = TextStim(__class__=<class 'psychopy.visual.text.TextStim'>, alignHoriz=method-wrapper(...), alignText='center', alignVert=method-wrapper(...), anchorHoriz='center', anchorVert='center', antialias=True, autoLog=True, bold=False, color=array([1., 1., 1.]), colorSpace='rgb', contrast=1.0, depth=0.0, flipHoriz=False, flipVert=False, font='Open Sans', fontFiles=[], height=0.03, italic=False, languageStyle='LTR', name='text_5', opacity=1, ori=0.0, pos=array([0., 0.]), rgb=UNKNOWN, text='', units='height', win=Window(...), wrapWidth=1)
7.2660 	EXP 	Created polygon = ShapeStim(__class__=<class 'psychopy.visual.shape.ShapeStim'>, autoDraw=False, autoLog=True, closeShape=True, color=method-wrapper(...), colorSpace='rgb', contrast=None, depth=0.0, fillColor=array([1, 1, 1]), fillColorSpace='rgb', fillRGB=array([1, 1, 1]), interpolate=True, lineColor=array([1., 1., 1.]), lineColorSpace='rgb', lineRGB=array([1, 1, 1]), lineWidth=1.0, name='polygon', opacity=1, ori=0.0, pos=array([0., 0.]), size=array([0.5, 0.5]), units='height', vertices=ndarray(...), win=Window(...), windingRule=None)
7.2707 	EXP 	Created Stim = ImageStim(__class__=<class 'psychopy.visual.image.ImageStim'>, autoLog=True, color=array([1., 1., 1.]), colorSpace='rgb', contrast=1.0, depth=0.0, flipHoriz=False, flipVert=False, image='sin', interpolate=True, mask=None, maskParams=None, name='Stim', opacity=1, ori=0.0, pos=array([0., 0.]), size=array([1.777, 1.   ]), texRes=128.0, units='height', win=Window(...))
7.2728 	EXP 	Created polygon = ShapeStim(__class__=<class 'psychopy.visual.shape.ShapeStim'>, autoDraw=False, autoLog=True, closeShape=True, color=method-wrapper(...), colorSpace='rgb', contrast=None, depth=0.0, fillColor=array([1, 1, 1]), fillColorSpace='rgb', fillRGB=array([1, 1, 1]), interpolate=True, lineColor=array([1., 1., 1.]), lineColorSpace='rgb', lineRGB=array([1, 1, 1]), lineWidth=1.0, name='polygon', opacity=1, ori=0.0, pos=array([0., 0.]), size=array([0.5, 0.5]), units='height', vertices=ndarray(...), win=Window(...), windingRule=None)
7.3441 	EXP 	Created text = TextStim(__class__=<class 'psychopy.visual.text.TextStim'>, alignHoriz=method-wrapper(...), alignText='center', alignVert=method-wrapper(...), anchorHoriz='center', anchorVert='center', antialias=True, autoLog=True, bold=False, color=array([1., 1., 1.]), colorSpace='rgb', contrast=1.0, depth=0.0, flipHoriz=False, flipVert=False, font='Open Sans', fontFiles=[], height=0.04, italic=False, languageStyle='LTR', name='text', opacity=1, ori=0.0, pos=array([0., 0.]), rgb=UNKNOWN, text=str(...), units='height', win=Window(...), wrapWidth=1)
7.3984 	EXP 	Instruct: autoDraw = True
8.5563 	DATA 	Keypress: 2
8.5736 	EXP 	Instruct: autoDraw = False
8.5736 	EXP 	image_2: autoDraw = True
8.7377 	DATA 	Keypress: 2
9.1313 	DATA 	Keypress: 3
9.1490 	EXP 	image_2: autoDraw = False
9.1490 	EXP 	polygon: autoDraw = True
9.3467 	DATA 	Keypress: 3
12.1416 	EXP 	Created sequence: sequential, trialTypes=1, nReps=100, seed=None
12.1421 	EXP 	New trial (rep=0, index=0): None
12.1502 	EXP 	Imported TMTstop-A_1_practice.xlsx as conditions, 13 conditions, 6 params
12.1505 	EXP 	Created sequence: sequential, trialTypes=13, nReps=1, seed=None
12.1507 	EXP 	New trial (rep=0, index=0): {'NumberLetter': 1, 'corrAns': ['1'], 'StimFile': 'TMTstop-A_1_practice.png', 'Correct_StimFile': 'TMTstop-A_1_practice.png', 'False_StimFile': 'TMTstop-A_1_practice.png', 'DurationTrial': 10}
12.1906 	EXP 	polygon: autoDraw = False
12.1906 	EXP 	Stim_practice: image = 'TMTstop-A_1_practice.png'
12.1906 	EXP 	Stim_practice: autoDraw = True
12.7138 	EXP 	New trial (rep=0, index=1): {'NumberLetter': 2, 'corrAns': ['2'], 'StimFile': 'TMTstop-A_1_practice.png', 'Correct_StimFile': 'TMTstop-A_1_practicefirstgreen.png', 'False_StimFile': 'TMTstop-A_1_practicefirstred.png', 'DurationTrial': 10}
12.7771 	DATA 	Keypress: 1
12.7811 	EXP 	Stim_practice: autoDraw = False
12.7811 	EXP 	Stim_practice: image = 'TMTstop-A_1_practicefirstgreen.png'
12.7811 	EXP 	Stim_practice: image = 'TMTstop-A_1_practicefirstgreen.png'
12.7811 	EXP 	Stim_practice: autoDraw = True
12.8060 	EXP 	New trial (rep=0, index=2): {'NumberLetter': 3, 'corrAns': ['3'], 'StimFile': 'TMTstop-A_1_practicelinestimulus0.png', 'Correct_StimFile': 'TMTstop-A_1_practicegreenlinestimulus0.png', 'False_StimFile': 'TMTstop-A_1_practiceredlinestimulus0.png', 'DurationTrial': 10}
12.8742 	DATA 	Keypress: 2
12.8790 	EXP 	Stim_practice: autoDraw = False
12.8790 	EXP 	Stim_practice: image = 'TMTstop-A_1_practicegreenlinestimulus0.png'
12.8790 	EXP 	Stim_practice: image = 'TMTstop-A_1_practicegreenlinestimulus0.png'
12.8790 	EXP 	Stim_practice: autoDraw = True
12.9159 	DATA 	Keypress: 3
12.9223 	EXP 	New trial (rep=0, index=3): {'NumberLetter': 4, 'corrAns': ['1'], 'StimFile': 'TMTstop-A_1_practicelinestimulus1.png', 'Correct_StimFile': 'TMTstop-A_1_practicegreenlinestimulus1.png', 'False_StimFile': 'TMTstop-A_1_practiceredlinestimulus1.png', 'DurationTrial': 10}
12.9855 	DATA 	Keypress: 1
12.9895 	EXP 	Stim_practice: autoDraw = False
12.9895 	EXP 	Stim_practice: image = 'TMTstop-A_1_practicegreenlinestimulus1.png'
12.9895 	EXP 	Stim_practice: image = 'TMTstop-A_1_practicegreenlinestimulus1.png'
12.9895 	EXP 	Stim_practice: autoDraw = True
13.0133 	DATA 	Keypress: 2
13.0765 	EXP 	New trial (rep=0, index=4): {'NumberLetter': 5, 'corrAns': ['2'], 'StimFile': 'TMTstop-A_1_practicelinestimulus2.png', 'Correct_StimFile': 'TMTstop-A_1_practicegreenlinestimulus2.png', 'False_StimFile': 'TMTstop-A_1_practiceredlinestimulus2.png', 'DurationTrial': 10}
13.1450 	DATA 	Keypress: 1
13.1452 	DATA 	Keypress: 3
13.1453 	DATA 	Keypress: 2
13.1491 	EXP 	Stim_practice: autoDraw = False
13.1491 	EXP 	Stim_practice: image = 'TMTstop-A_1_practicegreenlinestimulus2.png'
13.1491 	EXP 	Stim_practice: image = 'TMTstop-A_1_practicegreenlinestimulus2.png'
13.1491 	EXP 	Stim_practice: autoDraw = True
13.2631 	DATA 	Keypress: 3
13.3051 	DATA 	Keypress: 1
13.3125 	EXP 	Stim_practice: image = 'TMTstop-A_1_practiceredlinestimulus2.png'
13.3468 	DATA 	Keypress: 2
13.3501 	EXP 	Stim_practice: image = 'TMTstop-A_1_practiceredlinestimulus2.png'
13.3919 	EXP 	Stim_practice: image = 'TMTstop-A_1_practiceredlinestimulus2.png'
13.4303 	DATA 	Keypress: 1
13.4339 	EXP 	Stim_practice: image = 'TMTstop-A_1_practiceredlinestimulus2.png'
13.4717 	DATA 	Keypress: 2
13.4756 	EXP 	Stim_practice: image = 'TMTstop-A_1_practiceredlinestimulus2.png'
13.4793 	EXP 	New trial (rep=0, index=5): {'NumberLetter': 6, 'corrAns': ['3'], 'StimFile': 'TMTstop-A_1_practicelinestimulus3.png', 'Correct_StimFile': 'TMTstop-A_1_practicegreenlinestimulus3.png', 'False_StimFile': 'TMTstop-A_1_practiceredlinestimulus3.png', 'DurationTrial': 10}
13.5478 	DATA 	Keypress: 3
13.5521 	EXP 	Stim_practice: autoDraw = False
13.5521 	EXP 	Stim_practice: image = 'TMTstop-A_1_practicegreenlinestimulus3.png'
13.5521 	EXP 	Stim_practice: image = 'TMTstop-A_1_practicegreenlinestimulus3.png'
13.5521 	EXP 	Stim_practice: autoDraw = True
13.6106 	DATA 	Keypress: 3
13.6199 	EXP 	New trial (rep=0, index=6): {'NumberLetter': 7, 'corrAns': ['1'], 'StimFile': 'TMTstop-A_1_practicelinestimulus4.png', 'Correct_StimFile': 'TMTstop-A_1_practicegreenlinestimulus4.png', 'False_StimFile': 'TMTstop-A_1_practiceredlinestimulus4.png', 'DurationTrial': 10}
13.6870 	DATA 	Keypress: 1
13.6937 	EXP 	Stim_practice: autoDraw = False
13.6937 	EXP 	Stim_practice: image = 'TMTstop-A_1_practicegreenlinestimulus4.png'
13.6937 	EXP 	Stim_practice: image = 'TMTstop-A_1_practicegreenlinestimulus4.png'
13.6937 	EXP 	Stim_practice: autoDraw = True
13.7021 	DATA 	Keypress: 2
13.7702 	DATA 	Keypress: 1
13.7759 	EXP 	New trial (rep=0, index=7): {'NumberLetter': 8, 'corrAns': ['3'], 'StimFile': 'TMTstop-A_1_practicelinestimulus5.png', 'Correct_StimFile': 'TMTstop-A_1_practicegreenlinestimulus5.png', 'False_StimFile': 'TMTstop-A_1_practiceredlinestimulus5.png', 'DurationTrial': 10}
13.8399 	DATA 	Keypress: 2
13.8480 	EXP 	Stim_practice: autoDraw = False
13.8480 	EXP 	Stim_practice: image = 'TMTstop-A_1_practicegreenlinestimulus5.png'
13.8480 	EXP 	Stim_practice: image = 'TMTstop-A_1_practicegreenlinestimulus5.png'
13.8480 	EXP 	Stim_practice: autoDraw = True
13.8545 	DATA 	Keypress: 3
13.9729 	EXP 	New trial (rep=0, index=8): {'NumberLetter': 9, 'corrAns': ['2'], 'StimFile': 'TMTstop-A_1_practicelinestimulus6.png', 'Correct_StimFile': 'TMTstop-A_1_practicegreenlinestimulus6.png', 'False_StimFile': 'TMTstop-A_1_practiceredlinestimulus6.png', 'DurationTrial': 10}
14.0340 	DATA 	Keypress: 3
14.0343 	DATA 	Keypress: 1
14.0383 	EXP 	Stim_practice: autoDraw = False
14.0383 	EXP 	Stim_practice: image = 'TMTstop-A_1_practicegreenlinestimulus6.png'
14.0383 	EXP 	Stim_practice: image = 'TMTstop-A_1_practicegreenlinestimulus6.png'
14.0383 	EXP 	Stim_practice: autoDraw = True
14.0561 	DATA 	Keypress: 2
14.1104 	DATA 	Keypress: 1
14.1562 	EXP 	Stim_practice: image = 'TMTstop-A_1_practiceredlinestimulus6.png'
14.1938 	DATA 	Keypress: 2
14.1940 	DATA 	Keypress: 3
14.1978 	EXP 	Stim_practice: image = 'TMTstop-A_1_practiceredlinestimulus6.png'
14.2010 	EXP 	New trial (rep=0, index=9): {'NumberLetter': 10, 'corrAns': ['3'], 'StimFile': 'TMTstop-A_1_practicelinestimulus7.png', 'Correct_StimFile': 'TMTstop-A_1_practicegreenlinestimulus7.png', 'False_StimFile': 'TMTstop-A_1_practiceredlinestimulus7.png', 'DurationTrial': 10}
14.2672 	EXP 	Stim_practice: autoDraw = False
14.2672 	EXP 	Stim_practice: image = 'TMTstop-A_1_practicegreenlinestimulus7.png'
14.2672 	EXP 	Stim_practice: image = 'TMTstop-A_1_practicegreenlinestimulus7.png'
14.2672 	EXP 	Stim_practice: autoDraw = True
14.2850 	DATA 	Keypress: 3
14.2921 	EXP 	New trial (rep=0, index=10): {'NumberLetter': 11, 'corrAns': ['1'], 'StimFile': 'TMTstop-A_1_practicelinestimulus8.png', 'Correct_StimFile': 'TMTstop-A_1_practicegreenlinestimulus8.png', 'False_StimFile': 'TMTstop-A_1_practiceredlinestimulus8.png', 'DurationTrial': 10}
14.3535 	DATA 	Keypress: 1
14.3576 	EXP 	Stim_practice: autoDraw = False
14.3576 	EXP 	Stim_practice: image = 'TMTstop-A_1_practicegreenlinestimulus8.png'
14.3576 	EXP 	Stim_practice: image = 'TMTstop-A_1_practicegreenlinestimulus8.png'
14.3576 	EXP 	Stim_practice: autoDraw = True
14.3688 	DATA 	Keypress: 2
14.4090 	DATA 	Keypress: 1
14.4147 	EXP 	New trial (rep=0, index=11): {'NumberLetter': 12, 'corrAns': ['2'], 'StimFile': 'TMTstop-A_1_practicelinestimulus9.png', 'Correct_StimFile': 'TMTstop-A_1_practicegreenlinestimulus9.png', 'False_StimFile': 'TMTstop-A_1_practiceredlinestimulus9.png', 'DurationTrial': 10}
14.4826 	EXP 	Stim_practice: autoDraw = False
14.4826 	EXP 	Stim_practice: image = 'TMTstop-A_1_practicegreenlinestimulus9.png'
14.4826 	EXP 	Stim_practice: image = 'TMTstop-A_1_practicegreenlinestimulus9.png'
14.4826 	EXP 	Stim_practice: autoDraw = True
14.4932 	DATA 	Keypress: 2
14.4938 	DATA 	Keypress: 3
14.6105 	DATA 	Keypress: 3
14.6523 	DATA 	Keypress: 1
14.6561 	EXP 	Stim_practice: image = 'TMTstop-A_1_practiceredlinestimulus9.png'
14.6972 	EXP 	Stim_practice: image = 'TMTstop-A_1_practiceredlinestimulus9.png'
14.7353 	DATA 	Keypress: 2
14.7393 	EXP 	Stim_practice: image = 'TMTstop-A_1_practiceredlinestimulus9.png'
14.7770 	DATA 	Keypress: 1
14.7806 	EXP 	Stim_practice: image = 'TMTstop-A_1_practiceredlinestimulus9.png'
14.8221 	EXP 	Stim_practice: image = 'TMTstop-A_1_practiceredlinestimulus9.png'
14.8647 	EXP 	Stim_practice: image = 'TMTstop-A_1_practiceredlinestimulus9.png'
14.9054 	EXP 	Stim_practice: image = 'TMTstop-A_1_practiceredlinestimulus9.png'
14.9436 	DATA 	Keypress: 2
14.9472 	EXP 	Stim_practice: image = 'TMTstop-A_1_practiceredlinestimulus9.png'
14.9496 	EXP 	New trial (rep=0, index=12): {'NumberLetter': None, 'corrAns': None, 'StimFile': 'TMTstop-A_1_practicelinestimulus10.png', 'Correct_StimFile': 'TMTstop-A_1_practicegreenlinestimulus10.png', 'False_StimFile': 'TMTstop-A_1_practiceredlinestimulus10.png', 'DurationTrial': None}
15.0133 	DATA 	Keypress: 1
15.0180 	EXP 	Stim_practice: autoDraw = False
15.0180 	EXP 	Stim_practice: image = 'TMTstop-A_1_practicegreenlinestimulus10.png'
15.0180 	EXP 	Stim_practice: image = 'TMTstop-A_1_practicegreenlinestimulus10.png'
15.0180 	EXP 	Stim_practice: autoDraw = True
15.0480 	DATA 	Keypress: 2
15.0689 	DATA 	Keypress: 3
16.0704 	EXP 	Stim_practice: autoDraw = False
16.0704 	EXP 	text_5: text = 'You have finished the practice. If you understood the task correctly please read on, otherwise ask the experiment leader or press X to restart the practice.\n\nFrom here on there will be 25 circles instead of 12. If you finish all circles you will see a white cross for a few seconds then you will get 25 new circles and start again from 1. The experiments will end automatically after three minutes. \n\nPress 1, 2 or 3  to start the experiment.\n\n\n\nDu har slutfört provomgången. Om du förstod uppgiften rätt, läs vidare, annars fråga experimentledaren eller tryck på X för att starta om provomgången.\n\nHärifrån kommer det att finnas 25 circlar istället för 12. Om du slutför alla circlar kommer du att se ett vitt kors i några sekunder, sedan får du 25 nya circlar och börjar om från 1. Experimenten avslutas automatiskt efter tre minuter.\n\nTryck på 1, 2 eller 3 för att starta experimentet.\n\n\n'
16.0704 	EXP 	text_5: autoDraw = True
16.5694 	DATA 	Keypress: 2
16.5841 	EXP 	text_5: autoDraw = False
16.5841 	EXP 	polygon: autoDraw = True
16.7999 	DATA 	Keypress: 2
19.5793 	EXP 	Imported TMTstop-A_1_conditions.xlsx as conditions, 6 conditions, 2 params
19.5796 	EXP 	Created sequence: sequential, trialTypes=6, nReps=1, seed=None
19.5798 	EXP 	New trial (rep=0, index=0): {'Block_file': 'TMTstop-A_1_1.xlsx', 'Condition_rows': '0:26'}
19.6620 	EXP 	Imported TMTstop-A_1_merged.xlsx as conditions, 26 conditions, 8 params
19.6623 	EXP 	Created sequence: sequential, trialTypes=26, nReps=1, seed=None
19.6626 	EXP 	New trial (rep=0, index=0): {'NumberLetter': 1, 'corrAns': ['2'], 'Correct': 2, 'StimFile': 'TMTstop-A_1_1.png', 'Correct_StimFile': 'TMTstop-A_1_1.png', 'False_StimFile': 'TMTstop-A_1_1.png', 'Block': 1, 'TrialNumber_session': 1}
19.7043 	EXP 	polygon: autoDraw = False
19.7043 	EXP 	Stim: image = 'TMTstop-A_1_1.png'
19.7043 	EXP 	Stim: autoDraw = True
20.3436 	EXP 	New trial (rep=0, index=1): {'NumberLetter': 2, 'corrAns': ['1'], 'Correct': 1, 'StimFile': 'TMTstop-A_1_1.png', 'Correct_StimFile': 'TMTstop-A_1_1firstgreen.png', 'False_StimFile': 'TMTstop-A_1_1firstred.png', 'Block': 1, 'TrialNumber_session': 2}
20.4159 	DATA 	Keypress: 2
20.4199 	EXP 	Stim: autoDraw = False
20.4199 	EXP 	Stim: image = 'TMTstop-A_1_1firstgreen.png'
20.4199 	EXP 	Stim: image = 'TMTstop-A_1_1firstgreen.png'
20.4199 	EXP 	Stim: autoDraw = True
20.6319 	DATA 	Keypress: 2
20.7989 	DATA 	Keypress: 1
20.8058 	EXP 	New trial (rep=0, index=2): {'NumberLetter': 3, 'corrAns': ['2'], 'Correct': 2, 'StimFile': 'TMTstop-A_1_1linestimulus0.png', 'Correct_StimFile': 'TMTstop-A_1_1greenlinestimulus0.png', 'False_StimFile': 'TMTstop-A_1_1redlinestimulus0.png', 'Block': 1, 'TrialNumber_session': 3}
20.8751 	EXP 	Stim: autoDraw = False
20.8751 	EXP 	Stim: image = 'TMTstop-A_1_1greenlinestimulus0.png'
20.8751 	EXP 	Stim: image = 'TMTstop-A_1_1greenlinestimulus0.png'
20.8751 	EXP 	Stim: autoDraw = True
20.9297 	DATA 	Keypress: 2
20.9356 	EXP 	New trial (rep=0, index=3): {'NumberLetter': 4, 'corrAns': ['3'], 'Correct': 3, 'StimFile': 'TMTstop-A_1_1linestimulus1.png', 'Correct_StimFile': 'TMTstop-A_1_1greenlinestimulus1.png', 'False_StimFile': 'TMTstop-A_1_1redlinestimulus1.png', 'Block': 1, 'TrialNumber_session': 4}
21.0033 	EXP 	Stim: autoDraw = False
21.0033 	EXP 	Stim: image = 'TMTstop-A_1_1greenlinestimulus1.png'
21.0033 	EXP 	Stim: image = 'TMTstop-A_1_1greenlinestimulus1.png'
21.0033 	EXP 	Stim: autoDraw = True
21.0548 	DATA 	Keypress: 1
21.1305 	EXP 	New trial (rep=0, index=4): {'NumberLetter': 5, 'corrAns': ['2'], 'Correct': 2, 'StimFile': 'TMTstop-A_1_1linestimulus2.png', 'Correct_StimFile': 'TMTstop-A_1_1greenlinestimulus2.png', 'False_StimFile': 'TMTstop-A_1_1redlinestimulus2.png', 'Block': 1, 'TrialNumber_session': 5}
21.1936 	DATA 	Keypress: 3
21.1939 	DATA 	Keypress: 2
21.1979 	EXP 	Stim: autoDraw = False
21.1979 	EXP 	Stim: image = 'TMTstop-A_1_1greenlinestimulus2.png'
21.1979 	EXP 	Stim: image = 'TMTstop-A_1_1greenlinestimulus2.png'
21.1979 	EXP 	Stim: autoDraw = True
21.4170 	DATA 	Keypress: 3
21.6031 	DATA 	Keypress: 1
21.6068 	EXP 	Stim: image = 'TMTstop-A_1_1redlinestimulus2.png'
21.6491 	EXP 	Stim: image = 'TMTstop-A_1_1redlinestimulus2.png'
21.6901 	EXP 	Stim: image = 'TMTstop-A_1_1redlinestimulus2.png'
21.7319 	EXP 	Stim: image = 'TMTstop-A_1_1redlinestimulus2.png'
21.7735 	EXP 	Stim: image = 'TMTstop-A_1_1redlinestimulus2.png'
21.8157 	EXP 	Stim: image = 'TMTstop-A_1_1redlinestimulus2.png'
21.8532 	DATA 	Keypress: 1
21.8532 	DATA 	Keypress: 2
21.8569 	EXP 	Stim: image = 'TMTstop-A_1_1redlinestimulus2.png'
21.8603 	EXP 	New trial (rep=0, index=5): {'NumberLetter': 6, 'corrAns': ['3'], 'Correct': 3, 'StimFile': 'TMTstop-A_1_1linestimulus3.png', 'Correct_StimFile': 'TMTstop-A_1_1greenlinestimulus3.png', 'False_StimFile': 'TMTstop-A_1_1redlinestimulus3.png', 'Block': 1, 'TrialNumber_session': 6}
21.9468 	EXP 	Stim: autoDraw = False
21.9468 	EXP 	Stim: image = 'TMTstop-A_1_1greenlinestimulus3.png'
21.9468 	EXP 	Stim: image = 'TMTstop-A_1_1greenlinestimulus3.png'
21.9468 	EXP 	Stim: autoDraw = True
22.0755 	DATA 	Keypress: 3
22.0826 	EXP 	New trial (rep=0, index=6): {'NumberLetter': 7, 'corrAns': ['2'], 'Correct': 2, 'StimFile': 'TMTstop-A_1_1linestimulus4.png', 'Correct_StimFile': 'TMTstop-A_1_1greenlinestimulus4.png', 'False_StimFile': 'TMTstop-A_1_1redlinestimulus4.png', 'Block': 1, 'TrialNumber_session': 7}
22.1518 	DATA 	Keypress: 2
22.1568 	EXP 	Stim: autoDraw = False
22.1568 	EXP 	Stim: image = 'TMTstop-A_1_1greenlinestimulus4.png'
22.1568 	EXP 	Stim: image = 'TMTstop-A_1_1greenlinestimulus4.png'
22.1568 	EXP 	Stim: autoDraw = True
22.3683 	DATA 	Keypress: 3
22.4434 	DATA 	Keypress: 1
22.4888 	EXP 	Stim: image = 'TMTstop-A_1_1redlinestimulus4.png'
22.5304 	EXP 	Stim: image = 'TMTstop-A_1_1redlinestimulus4.png'
22.5725 	EXP 	Stim: image = 'TMTstop-A_1_1redlinestimulus4.png'
22.6137 	EXP 	Stim: image = 'TMTstop-A_1_1redlinestimulus4.png'
22.6518 	DATA 	Keypress: 2
22.6554 	EXP 	Stim: image = 'TMTstop-A_1_1redlinestimulus4.png'
22.6587 	EXP 	New trial (rep=0, index=7): {'NumberLetter': 8, 'corrAns': ['1'], 'Correct': 1, 'StimFile': 'TMTstop-A_1_1linestimulus5.png', 'Correct_StimFile': 'TMTstop-A_1_1greenlinestimulus5.png', 'False_StimFile': 'TMTstop-A_1_1redlinestimulus5.png', 'Block': 1, 'TrialNumber_session': 8}
22.7283 	DATA 	Keypress: 1
22.7323 	EXP 	Stim: autoDraw = False
22.7323 	EXP 	Stim: image = 'TMTstop-A_1_1greenlinestimulus5.png'
22.7323 	EXP 	Stim: image = 'TMTstop-A_1_1greenlinestimulus5.png'
22.7323 	EXP 	Stim: autoDraw = True
22.9367 	DATA 	Keypress: 2
22.9784 	DATA 	Keypress: 3
22.9822 	EXP 	Stim: image = 'TMTstop-A_1_1redlinestimulus5.png'
23.0239 	EXP 	Stim: image = 'TMTstop-A_1_1redlinestimulus5.png'
23.0661 	EXP 	Stim: image = 'TMTstop-A_1_1redlinestimulus5.png'
23.1068 	EXP 	Stim: image = 'TMTstop-A_1_1redlinestimulus5.png'
23.1485 	EXP 	Stim: image = 'TMTstop-A_1_1redlinestimulus5.png'
23.1901 	EXP 	Stim: image = 'TMTstop-A_1_1redlinestimulus5.png'
23.2320 	EXP 	Stim: image = 'TMTstop-A_1_1redlinestimulus5.png'
23.2734 	EXP 	Stim: image = 'TMTstop-A_1_1redlinestimulus5.png'
23.3117 	DATA 	Keypress: 3
23.3118 	DATA 	Keypress: 1
23.3190 	EXP 	Stim: image = 'TMTstop-A_1_1redlinestimulus5.png'
23.3223 	EXP 	New trial (rep=0, index=8): {'NumberLetter': 9, 'corrAns': ['2'], 'Correct': 2, 'StimFile': 'TMTstop-A_1_1linestimulus6.png', 'Correct_StimFile': 'TMTstop-A_1_1greenlinestimulus6.png', 'False_StimFile': 'TMTstop-A_1_1redlinestimulus6.png', 'Block': 1, 'TrialNumber_session': 9}
23.3960 	EXP 	Stim: autoDraw = False
23.3960 	EXP 	Stim: image = 'TMTstop-A_1_1greenlinestimulus6.png'
23.3960 	EXP 	Stim: image = 'TMTstop-A_1_1greenlinestimulus6.png'
23.3960 	EXP 	Stim: autoDraw = True
23.4714 	DATA 	Keypress: 2
23.4779 	EXP 	New trial (rep=0, index=9): {'NumberLetter': 10, 'corrAns': ['1'], 'Correct': 1, 'StimFile': 'TMTstop-A_1_1linestimulus7.png', 'Correct_StimFile': 'TMTstop-A_1_1greenlinestimulus7.png', 'False_StimFile': 'TMTstop-A_1_1redlinestimulus7.png', 'Block': 1, 'TrialNumber_session': 10}
23.5453 	EXP 	Stim: autoDraw = False
23.5453 	EXP 	Stim: image = 'TMTstop-A_1_1greenlinestimulus7.png'
23.5453 	EXP 	Stim: image = 'TMTstop-A_1_1greenlinestimulus7.png'
23.5453 	EXP 	Stim: autoDraw = True
23.5825 	DATA 	Keypress: 1
23.7282 	DATA 	Keypress: 3
23.7714 	DATA 	Keypress: 2
23.7781 	EXP 	Stim: image = 'TMTstop-A_1_1redlinestimulus7.png'
23.8220 	EXP 	Stim: image = 'TMTstop-A_1_1redlinestimulus7.png'
23.8643 	EXP 	Stim: image = 'TMTstop-A_1_1redlinestimulus7.png'
23.9055 	EXP 	Stim: image = 'TMTstop-A_1_1redlinestimulus7.png'
23.9472 	EXP 	Stim: image = 'TMTstop-A_1_1redlinestimulus7.png'
23.9900 	EXP 	Stim: image = 'TMTstop-A_1_1redlinestimulus7.png'
24.0268 	DATA 	Keypress: 1
24.0269 	DATA 	Keypress: 3
24.0308 	EXP 	Stim: image = 'TMTstop-A_1_1redlinestimulus7.png'
24.0355 	EXP 	New trial (rep=0, index=10): {'NumberLetter': 11, 'corrAns': ['2'], 'Correct': 2, 'StimFile': 'TMTstop-A_1_1linestimulus8.png', 'Correct_StimFile': 'TMTstop-A_1_1greenlinestimulus8.png', 'False_StimFile': 'TMTstop-A_1_1redlinestimulus8.png', 'Block': 1, 'TrialNumber_session': 11}
24.1077 	EXP 	Stim: autoDraw = False
24.1077 	EXP 	Stim: image = 'TMTstop-A_1_1greenlinestimulus8.png'
24.1077 	EXP 	Stim: image = 'TMTstop-A_1_1greenlinestimulus8.png'
24.1077 	EXP 	Stim: autoDraw = True
24.1120 	EXP 	New trial (rep=0, index=11): {'NumberLetter': 12, 'corrAns': ['3'], 'Correct': 3, 'StimFile': 'TMTstop-A_1_1linestimulus9.png', 'Correct_StimFile': 'TMTstop-A_1_1greenlinestimulus9.png', 'False_StimFile': 'TMTstop-A_1_1redlinestimulus9.png', 'Block': 1, 'TrialNumber_session': 12}
24.1795 	DATA 	Keypress: 2
24.1836 	EXP 	Stim: autoDraw = False
24.1836 	EXP 	Stim: image = 'TMTstop-A_1_1greenlinestimulus9.png'
24.1836 	EXP 	Stim: image = 'TMTstop-A_1_1greenlinestimulus9.png'
24.1836 	EXP 	Stim: autoDraw = True
24.2629 	DATA 	Keypress: 1
24.3138 	EXP 	New trial (rep=0, index=12): {'NumberLetter': 13, 'corrAns': ['2'], 'Correct': 2, 'StimFile': 'TMTstop-A_1_1linestimulus10.png', 'Correct_StimFile': 'TMTstop-A_1_1greenlinestimulus10.png', 'False_StimFile': 'TMTstop-A_1_1redlinestimulus10.png', 'Block': 1, 'TrialNumber_session': 13}
24.3811 	DATA 	Keypress: 3
24.3812 	DATA 	Keypress: 2
24.3873 	EXP 	Stim: autoDraw = False
24.3873 	EXP 	Stim: image = 'TMTstop-A_1_1greenlinestimulus10.png'
24.3873 	EXP 	Stim: image = 'TMTstop-A_1_1greenlinestimulus10.png'
24.3873 	EXP 	Stim: autoDraw = True
24.5059 	DATA 	Keypress: 3
24.7707 	DATA 	Keypress: 1
24.8151 	EXP 	Stim: image = 'TMTstop-A_1_1redlinestimulus10.png'
24.8569 	EXP 	Stim: image = 'TMTstop-A_1_1redlinestimulus10.png'
24.8948 	DATA 	Keypress: 2
24.8984 	EXP 	Stim: image = 'TMTstop-A_1_1redlinestimulus10.png'
24.9016 	EXP 	New trial (rep=0, index=13): {'NumberLetter': 14, 'corrAns': ['3'], 'Correct': 3, 'StimFile': 'TMTstop-A_1_1linestimulus11.png', 'Correct_StimFile': 'TMTstop-A_1_1greenlinestimulus11.png', 'False_StimFile': 'TMTstop-A_1_1redlinestimulus11.png', 'Block': 1, 'TrialNumber_session': 14}
24.9752 	EXP 	Stim: autoDraw = False
24.9752 	EXP 	Stim: image = 'TMTstop-A_1_1greenlinestimulus11.png'
24.9752 	EXP 	Stim: image = 'TMTstop-A_1_1greenlinestimulus11.png'
24.9752 	EXP 	Stim: autoDraw = True
25.0130 	DATA 	Keypress: 1
25.0612 	EXP 	New trial (rep=0, index=14): {'NumberLetter': 15, 'corrAns': ['1'], 'Correct': 1, 'StimFile': 'TMTstop-A_1_1linestimulus12.png', 'Correct_StimFile': 'TMTstop-A_1_1greenlinestimulus12.png', 'False_StimFile': 'TMTstop-A_1_1redlinestimulus12.png', 'Block': 1, 'TrialNumber_session': 15}
25.1309 	DATA 	Keypress: 3
25.1350 	EXP 	Stim: autoDraw = False
25.1350 	EXP 	Stim: image = 'TMTstop-A_1_1greenlinestimulus12.png'
25.1350 	EXP 	Stim: image = 'TMTstop-A_1_1greenlinestimulus12.png'
25.1350 	EXP 	Stim: autoDraw = True
25.1453 	DATA 	Keypress: 2
25.3127 	DATA 	Keypress: 3
25.3401 	DATA 	Keypress: 1
25.3470 	EXP 	New trial (rep=0, index=15): {'NumberLetter': 16, 'corrAns': ['3'], 'Correct': 3, 'StimFile': 'TMTstop-A_1_1linestimulus13.png', 'Correct_StimFile': 'TMTstop-A_1_1greenlinestimulus13.png', 'False_StimFile': 'TMTstop-A_1_1redlinestimulus13.png', 'Block': 1, 'TrialNumber_session': 16}
25.4213 	EXP 	Stim: autoDraw = False
25.4213 	EXP 	Stim: image = 'TMTstop-A_1_1greenlinestimulus13.png'
25.4213 	EXP 	Stim: image = 'TMTstop-A_1_1greenlinestimulus13.png'
25.4213 	EXP 	Stim: autoDraw = True
25.4296 	DATA 	Keypress: 2
25.4750 	EXP 	Stim: image = 'TMTstop-A_1_1redlinestimulus13.png'
25.5164 	EXP 	Stim: image = 'TMTstop-A_1_1redlinestimulus13.png'
25.5588 	EXP 	Stim: image = 'TMTstop-A_1_1redlinestimulus13.png'
25.5962 	DATA 	Keypress: 1
25.6003 	EXP 	Stim: image = 'TMTstop-A_1_1redlinestimulus13.png'
25.6044 	EXP 	New trial (rep=0, index=16): {'NumberLetter': 17, 'corrAns': ['2'], 'Correct': 2, 'StimFile': 'TMTstop-A_1_1linestimulus14.png', 'Correct_StimFile': 'TMTstop-A_1_1greenlinestimulus14.png', 'False_StimFile': 'TMTstop-A_1_1redlinestimulus14.png', 'Block': 1, 'TrialNumber_session': 17}
25.6725 	DATA 	Keypress: 3
25.6769 	EXP 	Stim: autoDraw = False
25.6769 	EXP 	Stim: image = 'TMTstop-A_1_1greenlinestimulus14.png'
25.6769 	EXP 	Stim: image = 'TMTstop-A_1_1greenlinestimulus14.png'
25.6769 	EXP 	Stim: autoDraw = True
25.6866 	DATA 	Keypress: 2
25.8670 	DATA 	Keypress: 1
25.8672 	DATA 	Keypress: 3
25.8707 	EXP 	Stim: image = 'TMTstop-A_1_1redlinestimulus14.png'
25.9158 	EXP 	Stim: image = 'TMTstop-A_1_1redlinestimulus14.png'
25.9192 	EXP 	New trial (rep=0, index=17): {'NumberLetter': 18, 'corrAns': ['3'], 'Correct': 3, 'StimFile': 'TMTstop-A_1_1linestimulus15.png', 'Correct_StimFile': 'TMTstop-A_1_1greenlinestimulus15.png', 'False_StimFile': 'TMTstop-A_1_1redlinestimulus15.png', 'Block': 1, 'TrialNumber_session': 18}
25.9859 	DATA 	Keypress: 2
25.9932 	EXP 	Stim: autoDraw = False
25.9932 	EXP 	Stim: image = 'TMTstop-A_1_1greenlinestimulus15.png'
25.9932 	EXP 	Stim: image = 'TMTstop-A_1_1greenlinestimulus15.png'
25.9932 	EXP 	Stim: autoDraw = True
26.0629 	DATA 	Keypress: 1
26.0892 	DATA 	Keypress: 3
26.0957 	EXP 	New trial (rep=0, index=18): {'NumberLetter': 19, 'corrAns': ['1'], 'Correct': 1, 'StimFile': 'TMTstop-A_1_1linestimulus16.png', 'Correct_StimFile': 'TMTstop-A_1_1greenlinestimulus16.png', 'False_StimFile': 'TMTstop-A_1_1redlinestimulus16.png', 'Block': 1, 'TrialNumber_session': 19}
26.1656 	DATA 	Keypress: 2
26.1701 	EXP 	Stim: autoDraw = False
26.1701 	EXP 	Stim: image = 'TMTstop-A_1_1greenlinestimulus16.png'
26.1701 	EXP 	Stim: image = 'TMTstop-A_1_1greenlinestimulus16.png'
26.1701 	EXP 	Stim: autoDraw = True
26.3185 	DATA 	Keypress: 3
26.3810 	DATA 	Keypress: 1
26.3878 	EXP 	New trial (rep=0, index=19): {'NumberLetter': 20, 'corrAns': ['3'], 'Correct': 3, 'StimFile': 'TMTstop-A_1_1linestimulus17.png', 'Correct_StimFile': 'TMTstop-A_1_1greenlinestimulus17.png', 'False_StimFile': 'TMTstop-A_1_1redlinestimulus17.png', 'Block': 1, 'TrialNumber_session': 20}
26.4572 	DATA 	Keypress: 2
26.4613 	EXP 	Stim: autoDraw = False
26.4613 	EXP 	Stim: image = 'TMTstop-A_1_1greenlinestimulus17.png'
26.4613 	EXP 	Stim: image = 'TMTstop-A_1_1greenlinestimulus17.png'
26.4613 	EXP 	Stim: autoDraw = True
26.5025 	EXP 	Stim: image = 'TMTstop-A_1_1redlinestimulus17.png'
26.5456 	EXP 	Stim: image = 'TMTstop-A_1_1redlinestimulus17.png'
26.5892 	DATA 	Keypress: 1
26.5930 	EXP 	Stim: image = 'TMTstop-A_1_1redlinestimulus17.png'
26.5965 	EXP 	New trial (rep=0, index=20): {'NumberLetter': 21, 'corrAns': ['1'], 'Correct': 1, 'StimFile': 'TMTstop-A_1_1linestimulus18.png', 'Correct_StimFile': 'TMTstop-A_1_1greenlinestimulus18.png', 'False_StimFile': 'TMTstop-A_1_1redlinestimulus18.png', 'Block': 1, 'TrialNumber_session': 21}
26.6656 	DATA 	Keypress: 3
26.6698 	EXP 	Stim: autoDraw = False
26.6698 	EXP 	Stim: image = 'TMTstop-A_1_1greenlinestimulus18.png'
26.6698 	EXP 	Stim: image = 'TMTstop-A_1_1greenlinestimulus18.png'
26.6698 	EXP 	Stim: autoDraw = True
26.6935 	DATA 	Keypress: 2
26.7976 	DATA 	Keypress: 1
26.8043 	EXP 	New trial (rep=0, index=21): {'NumberLetter': 22, 'corrAns': ['3'], 'Correct': 3, 'StimFile': 'TMTstop-A_1_1linestimulus19.png', 'Correct_StimFile': 'TMTstop-A_1_1greenlinestimulus19.png', 'False_StimFile': 'TMTstop-A_1_1redlinestimulus19.png', 'Block': 1, 'TrialNumber_session': 22}
26.8740 	DATA 	Keypress: 3
26.8741 	DATA 	Keypress: 2
26.8786 	EXP 	Stim: autoDraw = False
26.8786 	EXP 	Stim: image = 'TMTstop-A_1_1greenlinestimulus19.png'
26.8786 	EXP 	Stim: image = 'TMTstop-A_1_1greenlinestimulus19.png'
26.8786 	EXP 	Stim: autoDraw = True
26.9195 	EXP 	Stim: image = 'TMTstop-A_1_1redlinestimulus19.png'
26.9608 	EXP 	Stim: image = 'TMTstop-A_1_1redlinestimulus19.png'
26.9990 	DATA 	Keypress: 3
26.9992 	DATA 	Keypress: 1
27.0028 	EXP 	Stim: image = 'TMTstop-A_1_1redlinestimulus19.png'
27.0059 	EXP 	New trial (rep=0, index=22): {'NumberLetter': 23, 'corrAns': ['1'], 'Correct': 1, 'StimFile': 'TMTstop-A_1_1linestimulus20.png', 'Correct_StimFile': 'TMTstop-A_1_1greenlinestimulus20.png', 'False_StimFile': 'TMTstop-A_1_1redlinestimulus20.png', 'Block': 1, 'TrialNumber_session': 23}
27.0803 	EXP 	Stim: autoDraw = False
27.0803 	EXP 	Stim: image = 'TMTstop-A_1_1greenlinestimulus20.png'
27.0803 	EXP 	Stim: image = 'TMTstop-A_1_1greenlinestimulus20.png'
27.0803 	EXP 	Stim: autoDraw = True
27.0893 	DATA 	Keypress: 2
27.1194 	EXP 	New trial (rep=0, index=23): {'NumberLetter': 24, 'corrAns': ['2'], 'Correct': 2, 'StimFile': 'TMTstop-A_1_1linestimulus21.png', 'Correct_StimFile': 'TMTstop-A_1_1greenlinestimulus21.png', 'False_StimFile': 'TMTstop-A_1_1redlinestimulus21.png', 'Block': 1, 'TrialNumber_session': 24}
27.1863 	DATA 	Keypress: 1
27.1864 	DATA 	Keypress: 2
27.1866 	DATA 	Keypress: 3
27.1904 	EXP 	Stim: autoDraw = False
27.1904 	EXP 	Stim: image = 'TMTstop-A_1_1greenlinestimulus21.png'
27.1904 	EXP 	Stim: image = 'TMTstop-A_1_1greenlinestimulus21.png'
27.1904 	EXP 	Stim: autoDraw = True
27.1946 	EXP 	New trial (rep=0, index=24): {'NumberLetter': 25, 'corrAns': ['3'], 'Correct': 3, 'StimFile': 'TMTstop-A_1_1linestimulus22.png', 'Correct_StimFile': 'TMTstop-A_1_1greenlinestimulus22.png', 'False_StimFile': 'TMTstop-A_1_1redlinestimulus22.png', 'Block': 1, 'TrialNumber_session': 25}
27.2670 	EXP 	Stim: autoDraw = False
27.2670 	EXP 	Stim: image = 'TMTstop-A_1_1greenlinestimulus22.png'
27.2670 	EXP 	Stim: image = 'TMTstop-A_1_1greenlinestimulus22.png'
27.2670 	EXP 	Stim: autoDraw = True
27.3045 	DATA 	Keypress: 3
27.3113 	EXP 	New trial (rep=0, index=25): {'NumberLetter': None, 'corrAns': None, 'Correct': None, 'StimFile': 'TMTstop-A_1_1linestimulus23.png', 'Correct_StimFile': 'TMTstop-A_1_1greenlinestimulus23.png', 'False_StimFile': 'TMTstop-A_1_1redlinestimulus23.png', 'Block': 1, 'TrialNumber_session': None}
27.3808 	DATA 	Keypress: 1
27.3857 	EXP 	Stim: autoDraw = False
27.3857 	EXP 	Stim: image = 'TMTstop-A_1_1greenlinestimulus23.png'
27.3857 	EXP 	Stim: image = 'TMTstop-A_1_1greenlinestimulus23.png'
27.3857 	EXP 	Stim: autoDraw = True
27.4573 	DATA 	Keypress: 2
27.5201 	DATA 	Keypress: 3
28.4350 	EXP 	Stim: autoDraw = False
28.4350 	EXP 	polygon: autoDraw = True
31.3912 	EXP 	New trial (rep=0, index=1): {'Block_file': 'TMTstop-A_1_2.xlsx', 'Condition_rows': '26:52'}
31.4331 	EXP 	Imported TMTstop-A_1_merged.xlsx as conditions, 26 conditions, 8 params
31.4334 	EXP 	Created sequence: sequential, trialTypes=26, nReps=1, seed=None
31.4337 	EXP 	New trial (rep=0, index=0): {'NumberLetter': 1, 'corrAns': ['3'], 'Correct': 3, 'StimFile': 'TMTstop-A_1_2.png', 'Correct_StimFile': 'TMTstop-A_1_2.png', 'False_StimFile': 'TMTstop-A_1_2.png', 'Block': 2, 'TrialNumber_session': 26}
31.5357 	EXP 	polygon: autoDraw = False
31.5357 	EXP 	Stim: image = 'TMTstop-A_1_2.png'
31.5357 	EXP 	Stim: image = 'TMTstop-A_1_2.png'
31.5357 	EXP 	Stim: autoDraw = True
31.5357 	EXP 	Stim: autoDraw = False
31.5357 	EXP 	polygon: autoDraw = True
34.4951 	EXP 	New trial (rep=0, index=2): {'Block_file': 'TMTstop-A_1_3.xlsx', 'Condition_rows': '52:78'}
34.5358 	EXP 	Imported TMTstop-A_1_merged.xlsx as conditions, 26 conditions, 8 params
34.5362 	EXP 	Created sequence: sequential, trialTypes=26, nReps=1, seed=None
34.5364 	EXP 	New trial (rep=0, index=0): {'NumberLetter': 1, 'corrAns': ['2'], 'Correct': 2, 'StimFile': 'TMTstop-A_1_3.png', 'Correct_StimFile': 'TMTstop-A_1_3.png', 'False_StimFile': 'TMTstop-A_1_3.png', 'Block': 3, 'TrialNumber_session': 51}
34.6198 	EXP 	polygon: autoDraw = False
34.6198 	EXP 	Stim: image = 'TMTstop-A_1_3.png'
34.6198 	EXP 	Stim: autoDraw = True
34.6198 	EXP 	Stim: autoDraw = False
34.6198 	EXP 	polygon: autoDraw = True
37.5715 	EXP 	New trial (rep=0, index=3): {'Block_file': 'TMTstop-A_1_4.xlsx', 'Condition_rows': '78:104'}
37.6136 	EXP 	Imported TMTstop-A_1_merged.xlsx as conditions, 26 conditions, 8 params
37.6139 	EXP 	Created sequence: sequential, trialTypes=26, nReps=1, seed=None
37.6142 	EXP 	New trial (rep=0, index=0): {'NumberLetter': 1, 'corrAns': ['3'], 'Correct': 3, 'StimFile': 'TMTstop-A_1_4.png', 'Correct_StimFile': 'TMTstop-A_1_4.png', 'False_StimFile': 'TMTstop-A_1_4.png', 'Block': 4, 'TrialNumber_session': 76}
37.7017 	EXP 	polygon: autoDraw = False
37.7017 	EXP 	Stim: image = 'TMTstop-A_1_4.png'
37.7017 	EXP 	Stim: autoDraw = True
37.7017 	EXP 	Stim: autoDraw = False
37.7017 	EXP 	polygon: autoDraw = True
40.6485 	EXP 	New trial (rep=0, index=4): {'Block_file': 'TMTstop-A_1_5.xlsx', 'Condition_rows': '104:130'}
40.6897 	EXP 	Imported TMTstop-A_1_merged.xlsx as conditions, 26 conditions, 8 params
40.6900 	EXP 	Created sequence: sequential, trialTypes=26, nReps=1, seed=None
40.6903 	EXP 	New trial (rep=0, index=0): {'NumberLetter': 1, 'corrAns': ['2'], 'Correct': 2, 'StimFile': 'TMTstop-A_1_5.png', 'Correct_StimFile': 'TMTstop-A_1_5.png', 'False_StimFile': 'TMTstop-A_1_5.png', 'Block': 5, 'TrialNumber_session': 101}
40.7859 	EXP 	polygon: autoDraw = False
40.7859 	EXP 	Stim: image = 'TMTstop-A_1_5.png'
40.7859 	EXP 	Stim: autoDraw = True
40.7859 	EXP 	Stim: autoDraw = False
40.7859 	EXP 	polygon: autoDraw = True
43.7244 	EXP 	New trial (rep=0, index=5): {'Block_file': 'TMTstop-A_1_6.xlsx', 'Condition_rows': '130:156'}
43.7657 	EXP 	Imported TMTstop-A_1_merged.xlsx as conditions, 26 conditions, 8 params
43.7660 	EXP 	Created sequence: sequential, trialTypes=26, nReps=1, seed=None
43.7664 	EXP 	New trial (rep=0, index=0): {'NumberLetter': 1, 'corrAns': ['1'], 'Correct': 1, 'StimFile': 'TMTstop-A_1_6.png', 'Correct_StimFile': 'TMTstop-A_1_6.png', 'False_StimFile': 'TMTstop-A_1_6.png', 'Block': 6, 'TrialNumber_session': 126}
43.8685 	EXP 	polygon: autoDraw = False
43.8685 	EXP 	Stim: image = 'TMTstop-A_1_6.png'
43.8685 	EXP 	Stim: autoDraw = True
43.8685 	EXP 	Stim: autoDraw = False
43.8685 	EXP 	polygon: autoDraw = True
46.8070 	EXP 	polygon: autoDraw = False
46.8070 	EXP 	text: autoDraw = True
52.8069 	EXP 	text: autoDraw = False
52.8314 	EXP 	window1: mouseVisible = True
