1.7087 	WARNING 	We strongly recommend you activate the PTB sound engine in PsychoPy prefs as the preferred audio engine. Its timing is vastly superior. Your prefs are currently set to use ['pyo'] (in that order).
6.2683 	EXP 	Created window1 = Window(allowGUI=True, allowStencil=False, autoLog=True, backendConf=UNKNOWN, bitsMode=UNKNOWN, blendMode='avg', bpc=(8, 8, 8), color=array([0, 0, 0]), colorSpace='rgb', depthBits=8, fullscr=<method-wrapper '__getattribute__' of attributeSetter object at 0x000002B206248EB8>, gamma=None, gammaErrorPolicy='raise', lms=UNKNOWN, monitor=<psychopy.monitors.calibTools.Monitor object at 0x000002B206230198>, multiSample=False, name='window1', numSamples=2, pos=[0.0, 0.0], screen=0, size=array([1920, 1055]), stencilBits=0, stereo=False, units='height', useFBO=True, useRetina=False, viewOri=0.0, viewPos=None, viewScale=None, waitBlanking=True, winType='glfw')
6.2684 	EXP 	window1: mouseVisible = True
6.2684 	EXP 	window1: recordFrameIntervals = False
6.3368 	EXP 	window1: recordFrameIntervals = True
6.4138 	EXP 	window1: recordFrameIntervals = False
6.7208 	EXP 	Created Instruct = ImageStim(__class__=<class 'psychopy.visual.image.ImageStim'>, autoLog=True, color=array([1., 1., 1.]), colorSpace='rgb', contrast=1.0, depth=0.0, flipHoriz=False, flipVert=False, image='InkedInstructBfinal_LI.jpg', interpolate=True, mask=None, maskParams=None, name='Instruct', opacity=1, ori=0.0, pos=array([0., 0.]), size=array([0.8, 0.8]), texRes=128.0, units='height', win=Window(...))
6.8329 	EXP 	Created text_2 = TextStim(__class__=<class 'psychopy.visual.text.TextStim'>, alignHoriz=method-wrapper(...), alignText='center', alignVert=method-wrapper(...), anchorHoriz='center', anchorVert='center', antialias=True, autoLog=True, bold=False, color=array([1., 1., 1.]), colorSpace='rgb', contrast=1.0, depth=-2.0, flipHoriz=False, flipVert=False, font='Open Sans', fontFiles=[], height=0.04, italic=False, languageStyle='LTR', name='text_2', opacity=1, ori=0.5, pos=array([ 0.  , -0.45]), rgb=UNKNOWN, text=str(...), units='height', win=Window(...), wrapWidth=2.0)
6.8360 	EXP 	Created Stim = ImageStim(__class__=<class 'psychopy.visual.image.ImageStim'>, autoLog=True, color=array([1., 1., 1.]), colorSpace='rgb', contrast=1.0, depth=0.0, flipHoriz=False, flipVert=False, image='sin', interpolate=True, mask=None, maskParams=None, name='Stim', opacity=1, ori=0.0, pos=array([0., 0.]), size=array([1.777, 1.   ]), texRes=128.0, units='height', win=Window(...))
6.8385 	EXP 	Created polygon = ShapeStim(__class__=<class 'psychopy.visual.shape.ShapeStim'>, autoDraw=False, autoLog=True, closeShape=True, color=method-wrapper(...), colorSpace='rgb', contrast=None, depth=0.0, fillColor=array([1, 1, 1]), fillColorSpace='rgb', fillRGB=array([1, 1, 1]), interpolate=True, lineColor=array([1., 1., 1.]), lineColorSpace='rgb', lineRGB=array([1, 1, 1]), lineWidth=1.0, name='polygon', opacity=1, ori=0.0, pos=array([0., 0.]), size=array([0.5, 0.5]), units='height', vertices=ndarray(...), win=Window(...), windingRule=None)
6.8574 	EXP 	Created text = TextStim(__class__=<class 'psychopy.visual.text.TextStim'>, alignHoriz=method-wrapper(...), alignText='center', alignVert=method-wrapper(...), anchorHoriz='center', anchorVert='center', antialias=True, autoLog=True, bold=False, color=array([1., 1., 1.]), colorSpace='rgb', contrast=1.0, depth=0.0, flipHoriz=False, flipVert=False, font='Open Sans', fontFiles=[], height=0.1, italic=False, languageStyle='LTR', name='text', opacity=1, ori=0.0, pos=array([0., 0.]), rgb=UNKNOWN, text=str(...), units='height', win=Window(...), wrapWidth=1)
6.9143 	EXP 	Instruct: autoDraw = True
6.9143 	EXP 	text_2: autoDraw = True
8.4657 	DATA 	Keypress: 1
8.4808 	EXP 	Imported TMTstop-B_1_1.xlsx as conditions, 26 conditions, 6 params
8.4812 	EXP 	Created sequence: sequential, trialTypes=26, nReps=1, seed=None
8.4814 	EXP 	New trial (rep=0, index=0): {'NumberLetter': 1, 'corrAns': ['2'], 'StimFile': 'TMTstop-B_1_1.png', 'Correct_StimFile': 'TMTstop-B_1_1.png', 'False_StimFile': 'TMTstop-B_1_1.png', 'DurationTrial': 10}
8.5734 	EXP 	Instruct: autoDraw = False
8.5734 	EXP 	text_2: autoDraw = False
8.5734 	EXP 	Stim: image = 'TMTstop-B_1_1.png'
8.5734 	EXP 	Stim: image = 'TMTstop-B_1_1.png'
8.5734 	EXP 	Stim: autoDraw = True
8.6528 	DATA 	Keypress: 1
10.2439 	EXP 	New trial (rep=0, index=1): {'NumberLetter': 'A', 'corrAns': ['1'], 'StimFile': 'TMTstop-B_1_1.png', 'Correct_StimFile': 'TMTstop-B_1_1firstgreen.png', 'False_StimFile': 'TMTstop-B_1_1.png', 'DurationTrial': 10}
10.3126 	DATA 	Keypress: 2
10.3166 	EXP 	Stim: autoDraw = False
10.3166 	EXP 	Stim: image = 'TMTstop-B_1_1firstgreen.png'
10.3166 	EXP 	Stim: image = 'TMTstop-B_1_1firstgreen.png'
10.3166 	EXP 	Stim: autoDraw = True
10.4456 	DATA 	Keypress: 2
13.7994 	DATA 	Keypress: 3
14.0420 	DATA 	Keypress: 3
15.1317 	DATA 	Keypress: 1
15.1392 	EXP 	New trial (rep=0, index=2): {'NumberLetter': 2, 'corrAns': ['3'], 'StimFile': 'TMTstop-B_1_1linestimulus0.png', 'Correct_StimFile': 'TMTstop-B_1_1greenlinestimulus0.png', 'False_StimFile': 'TMTstop-B_1_1firstred.png', 'DurationTrial': 10}
15.2054 	EXP 	Stim: autoDraw = False
15.2054 	EXP 	Stim: image = 'TMTstop-B_1_1greenlinestimulus0.png'
15.2054 	EXP 	Stim: image = 'TMTstop-B_1_1firstred.png'
15.2054 	EXP 	Stim: autoDraw = True
15.3827 	DATA 	Keypress: 1
23.7080 	DATA 	Keypress: 2
23.9930 	DATA 	Keypress: 2
24.3540 	DATA 	Keypress: 1
24.5973 	DATA 	Keypress: 1
30.3950 	EXP 	New trial (rep=0, index=3): {'NumberLetter': 'B', 'corrAns': ['2'], 'StimFile': 'TMTstop-B_1_1linestimulus1.png', 'Correct_StimFile': 'TMTstop-B_1_1greenlinestimulus1.png', 'False_StimFile': 'TMTstop-B_1_1redlinestimulus0.png', 'DurationTrial': 10}
30.4713 	DATA 	Keypress: 3
30.4756 	EXP 	Stim: autoDraw = False
30.4756 	EXP 	Stim: image = 'TMTstop-B_1_1greenlinestimulus1.png'
30.4756 	EXP 	Stim: image = 'TMTstop-B_1_1redlinestimulus0.png'
30.4756 	EXP 	Stim: autoDraw = True
30.6521 	DATA 	Keypress: 3
32.6389 	DATA 	Keypress: esc
32.8549 	DATA 	Keypress: esc
32.8842 	EXP 	window1: mouseVisible = True
