2.3001 	WARNING 	We strongly recommend you activate the PTB sound engine in PsychoPy prefs as the preferred audio engine. Its timing is vastly superior. Your prefs are currently set to use ['pyo'] (in that order).
10.1700 	WARNING 	Couldn't measure a consistent frame rate.
  - Is your graphics card set to sync to vertical blank?
  - Are you running other processes on your computer?

10.1705 	EXP 	Created window1 = Window(allowGUI=True, allowStencil=False, autoLog=True, backendConf=UNKNOWN, bitsMode=UNKNOWN, blendMode='avg', bpc=(8, 8, 8), color=array([0, 0, 0]), colorSpace='rgb', depthBits=8, fullscr=<method-wrapper '__getattribute__' of attributeSetter object at 0x000001F7DDA5F518>, gamma=None, gammaErrorPolicy='raise', lms=UNKNOWN, monitor=<psychopy.monitors.calibTools.Monitor object at 0x000001F7DDAB27F0>, multiSample=False, name='window1', numSamples=2, pos=[0.0, 0.0], screen=0, size=array([1920, 1055]), stencilBits=0, stereo=False, units='height', useFBO=True, useRetina=False, viewOri=0.0, viewPos=None, viewScale=None, waitBlanking=True, winType='glfw')
10.1706 	EXP 	window1: mouseVisible = True
10.1706 	EXP 	window1: recordFrameIntervals = False
10.2483 	EXP 	window1: recordFrameIntervals = True
11.1085 	WARNING 	Couldn't measure a consistent frame rate.
  - Is your graphics card set to sync to vertical blank?
  - Are you running other processes on your computer?

11.6118 	EXP 	Created image_2 = ImageStim(__class__=<class 'psychopy.visual.image.ImageStim'>, autoLog=True, color=array([1., 1., 1.]), colorSpace='rgb', contrast=1.0, depth=0.0, flipHoriz=False, flipVert=False, image='Instruktioner TMTstopA.png', interpolate=True, mask=None, maskParams=None, name='image_2', opacity=1, ori=0.0, pos=array([0., 0.]), size=array([1.28, 0.72]), texRes=128.0, units='height', win=Window(...))
11.6171 	EXP 	Created polygon = ShapeStim(__class__=<class 'psychopy.visual.shape.ShapeStim'>, autoDraw=False, autoLog=True, closeShape=True, color=method-wrapper(...), colorSpace='rgb', contrast=None, depth=0.0, fillColor=array([1, 1, 1]), fillColorSpace='rgb', fillRGB=array([1, 1, 1]), interpolate=True, lineColor=array([1., 1., 1.]), lineColorSpace='rgb', lineRGB=array([1, 1, 1]), lineWidth=1.0, name='polygon', opacity=1, ori=0.0, pos=array([0., 0.]), size=array([0.5, 0.5]), units='height', vertices=ndarray(...), win=Window(...), windingRule=None)
11.6205 	EXP 	Created polygon_2 = ShapeStim(__class__=<class 'psychopy.visual.shape.ShapeStim'>, autoDraw=False, autoLog=True, closeShape=True, color=method-wrapper(...), colorSpace='rgb', contrast=None, depth=-1.0, fillColor=array([1, 1, 1]), fillColorSpace='rgb', fillRGB=array([1, 1, 1]), interpolate=True, lineColor=array([1., 1., 1.]), lineColorSpace='rgb', lineRGB=array([1, 1, 1]), lineWidth=1.0, name='polygon_2', opacity=1, ori=0.0, pos=array([0., 0.]), size=array([0.5, 0.5]), units='height', vertices=ndarray(...), win=Window(...), windingRule=None)
11.6266 	EXP 	Created Stim = ImageStim(__class__=<class 'psychopy.visual.image.ImageStim'>, autoLog=True, color=array([1., 1., 1.]), colorSpace='rgb', contrast=1.0, depth=0.0, flipHoriz=False, flipVert=False, image='sin', interpolate=True, mask=None, maskParams=None, name='Stim', opacity=1, ori=0.0, pos=array([0., 0.]), size=array([1.777, 1.   ]), texRes=128.0, units='height', win=Window(...))
11.6300 	EXP 	Created polygon = ShapeStim(__class__=<class 'psychopy.visual.shape.ShapeStim'>, autoDraw=False, autoLog=True, closeShape=True, color=method-wrapper(...), colorSpace='rgb', contrast=None, depth=0.0, fillColor=array([1, 1, 1]), fillColorSpace='rgb', fillRGB=array([1, 1, 1]), interpolate=True, lineColor=array([1., 1., 1.]), lineColorSpace='rgb', lineRGB=array([1, 1, 1]), lineWidth=1.0, name='polygon', opacity=1, ori=0.0, pos=array([0., 0.]), size=array([0.5, 0.5]), units='height', vertices=ndarray(...), win=Window(...), windingRule=None)
11.7785 	EXP 	Created image_3 = ImageStim(__class__=<class 'psychopy.visual.image.ImageStim'>, autoLog=True, color=array([1., 1., 1.]), colorSpace='rgb', contrast=1.0, depth=0.0, flipHoriz=False, flipVert=False, image='Instruktioner TMTstopA.png', interpolate=True, mask=None, maskParams=None, name='image_3', opacity=1, ori=0.0, pos=array([0., 0.]), size=array([1.28, 0.72]), texRes=128.0, units='height', win=Window(...))
11.7850 	EXP 	Created Stim = ImageStim(__class__=<class 'psychopy.visual.image.ImageStim'>, autoLog=True, color=array([1., 1., 1.]), colorSpace='rgb', contrast=1.0, depth=0.0, flipHoriz=False, flipVert=False, image='sin', interpolate=True, mask=None, maskParams=None, name='Stim', opacity=1, ori=0.0, pos=array([0., 0.]), size=array([1.777, 1.   ]), texRes=128.0, units='height', win=Window(...))
11.7885 	EXP 	Created polygon = ShapeStim(__class__=<class 'psychopy.visual.shape.ShapeStim'>, autoDraw=False, autoLog=True, closeShape=True, color=method-wrapper(...), colorSpace='rgb', contrast=None, depth=0.0, fillColor=array([1, 1, 1]), fillColorSpace='rgb', fillRGB=array([1, 1, 1]), interpolate=True, lineColor=array([1., 1., 1.]), lineColorSpace='rgb', lineRGB=array([1, 1, 1]), lineWidth=1.0, name='polygon', opacity=1, ori=0.0, pos=array([0., 0.]), size=array([0.5, 0.5]), units='height', vertices=ndarray(...), win=Window(...), windingRule=None)
11.9361 	EXP 	Created image_4 = ImageStim(__class__=<class 'psychopy.visual.image.ImageStim'>, autoLog=True, color=array([1., 1., 1.]), colorSpace='rgb', contrast=1.0, depth=0.0, flipHoriz=False, flipVert=False, image='Instruktioner TMTstopB.png', interpolate=True, mask=None, maskParams=None, name='image_4', opacity=1, ori=0.0, pos=array([0., 0.]), size=array([1.28, 0.72]), texRes=128.0, units='height', win=Window(...))
11.9423 	EXP 	Created Stim = ImageStim(__class__=<class 'psychopy.visual.image.ImageStim'>, autoLog=True, color=array([1., 1., 1.]), colorSpace='rgb', contrast=1.0, depth=0.0, flipHoriz=False, flipVert=False, image='sin', interpolate=True, mask=None, maskParams=None, name='Stim', opacity=1, ori=0.0, pos=array([0., 0.]), size=array([1.777, 1.   ]), texRes=128.0, units='height', win=Window(...))
11.9458 	EXP 	Created polygon = ShapeStim(__class__=<class 'psychopy.visual.shape.ShapeStim'>, autoDraw=False, autoLog=True, closeShape=True, color=method-wrapper(...), colorSpace='rgb', contrast=None, depth=0.0, fillColor=array([1, 1, 1]), fillColorSpace='rgb', fillRGB=array([1, 1, 1]), interpolate=True, lineColor=array([1., 1., 1.]), lineColorSpace='rgb', lineRGB=array([1, 1, 1]), lineWidth=1.0, name='polygon', opacity=1, ori=0.0, pos=array([0., 0.]), size=array([0.5, 0.5]), units='height', vertices=ndarray(...), win=Window(...), windingRule=None)
12.3317 	EXP 	Created text = TextStim(__class__=<class 'psychopy.visual.text.TextStim'>, alignHoriz=method-wrapper(...), alignText='center', alignVert=method-wrapper(...), anchorHoriz='center', anchorVert='center', antialias=True, autoLog=True, bold=False, color=array([1., 1., 1.]), colorSpace='rgb', contrast=1.0, depth=0.0, flipHoriz=False, flipVert=False, font='Open Sans', fontFiles=[], height=0.04, italic=False, languageStyle='LTR', name='text', opacity=1, ori=0.0, pos=array([0., 0.]), rgb=UNKNOWN, text=str(...), units='height', win=Window(...), wrapWidth=1)
12.3986 	WARNING 	t of last frame was 1290.31ms (=1/0)
12.3986 	EXP 	image_2: autoDraw = True
14.0419 	DATA 	Keypress: 1
14.0474 	WARNING 	t of last frame was 21.04ms (=1/47)
14.0474 	EXP 	image_2: autoDraw = False
14.0474 	EXP 	polygon: autoDraw = True
14.2085 	DATA 	Keypress: 1
17.0821 	WARNING 	t of last frame was 181.29ms (=1/5)
17.0927 	EXP 	polygon: autoDraw = False
17.0927 	EXP 	polygon_2: autoDraw = True
20.0142 	DATA 	Keypress: s
20.0305 	EXP 	Imported TMTstop-Control_1_conditions.xlsx as conditions, 8 conditions, 2 params
20.0314 	EXP 	Created sequence: sequential, trialTypes=8, nReps=0, seed=None
20.0464 	WARNING 	t of last frame was 29.60ms (=1/33)
20.0464 	EXP 	polygon_2: autoDraw = False
20.0464 	EXP 	image_3: autoDraw = True
20.1734 	DATA 	Keypress: s
22.1678 	DATA 	Keypress: 2
22.2915 	DATA 	Keypress: 2
27.4001 	WARNING 	Multiple dropped frames have occurred - I'll stop bothering you about them!
30.0382 	EXP 	Imported TMTstop-A_1_conditions.xlsx as conditions, 6 conditions, 2 params
30.0385 	EXP 	Created sequence: sequential, trialTypes=6, nReps=0, seed=None
30.0509 	EXP 	image_3: autoDraw = False
30.0509 	EXP 	image_4: autoDraw = True
52.0910 	DATA 	Keypress: 2
52.3394 	DATA 	Keypress: 2
52.5224 	DATA 	Keypress: 1
52.5963 	DATA 	Keypress: 2
52.7367 	DATA 	Keypress: 3
52.7630 	DATA 	Keypress: 1
52.8515 	DATA 	Keypress: 2
52.9170 	DATA 	Keypress: 3
53.1328 	DATA 	Keypress: s
53.3551 	DATA 	Keypress: s
53.5685 	DATA 	Keypress: 2
53.5792 	DATA 	Keypress: 1
53.7561 	DATA 	Keypress: 3
53.7783 	DATA 	Keypress: 1
53.8255 	DATA 	Keypress: 2
53.9204 	DATA 	Keypress: 1
53.9728 	DATA 	Keypress: 2
53.9949 	DATA 	Keypress: 3
54.1101 	DATA 	Keypress: 3
54.1314 	DATA 	Keypress: 1
54.1727 	DATA 	Keypress: 2
54.3294 	DATA 	Keypress: 3
54.5272 	DATA 	Keypress: esc
54.7426 	EXP 	window1: mouseVisible = True
