2.1073 	WARNING 	We strongly recommend you activate the PTB sound engine in PsychoPy prefs as the preferred audio engine. Its timing is vastly superior. Your prefs are currently set to use ['pyo'] (in that order).
7.6699 	EXP 	Created window1 = Window(allowGUI=False, allowStencil=False, autoLog=True, backendConf=UNKNOWN, bitsMode=UNKNOWN, blendMode='avg', bpc=(8, 8, 8), color=array([1, 1, 1]), colorSpace='rgb', depthBits=8, fullscr=<method-wrapper '__getattribute__' of attributeSetter object at 0x00000242D8BB9588>, gamma=None, gammaErrorPolicy='raise', lms=UNKNOWN, monitor=<psychopy.monitors.calibTools.Monitor object at 0x00000242D8B53860>, multiSample=False, name='window1', numSamples=2, pos=None, screen=0, size=array([3440, 1440]), stencilBits=0, stereo=False, units='height', useFBO=True, useRetina=False, viewOri=0.0, viewPos=None, viewScale=None, waitBlanking=True, winType='glfw')
7.6705 	EXP 	window1: mouseVisible = True
7.6705 	EXP 	window1: recordFrameIntervals = False
7.8364 	EXP 	window1: recordFrameIntervals = True
8.0363 	WARNING 	t of last frame was 49.81ms (=1/20)
8.2265 	EXP 	window1: recordFrameIntervals = False
9.1035 	EXP 	Created image_2 = ImageStim(__class__=<class 'psychopy.visual.image.ImageStim'>, autoLog=True, color=array([1., 1., 1.]), colorSpace='rgb', contrast=1.0, depth=0.0, flipHoriz=False, flipVert=False, image='Instructions_TMT.png', interpolate=True, mask=None, maskParams=None, name='image_2', opacity=1, ori=0.0, pos=array([0., 0.]), size=array([1.28, 0.72]), texRes=128.0, units='height', win=Window(...))
9.1071 	EXP 	Created polygon_2 = ShapeStim(__class__=<class 'psychopy.visual.shape.ShapeStim'>, autoDraw=False, autoLog=True, closeShape=True, color=method-wrapper(...), colorSpace='rgb', contrast=None, depth=-1.0, fillColor=array([-1, -1, -1]), fillColorSpace='rgb', fillRGB=array([-1, -1, -1]), interpolate=True, lineColor=array([0., 0., 0.]), lineColorSpace='rgb', lineRGB=array([0, 0, 0]), lineWidth=0.1, name='polygon_2', opacity=0.5, ori=0.0, pos=array([0., 0.]), size=array([0.1, 0.1]), units='height', vertices=ndarray(...), win=Window(...), windingRule=None)
9.2483 	EXP 	Created text_2 = TextStim(__class__=<class 'psychopy.visual.text.TextStim'>, alignHoriz=method-wrapper(...), alignText='center', alignVert=method-wrapper(...), anchorHoriz='center', anchorVert='center', antialias=True, autoLog=True, bold=False, color=array([-1., -1., -1.]), colorSpace='rgb', contrast=1.0, depth=0.0, flipHoriz=False, flipVert=False, font='Open Sans', fontFiles=[], height=0.1, italic=False, languageStyle='LTR', name='text_2', opacity=1, ori=0.0, pos=array([0., 0.]), rgb=UNKNOWN, text='Numerisk ordning.\n\n(1-2-3-4...)', units='height', win=Window(...), wrapWidth=1)
9.2527 	EXP 	Created Stim = ImageStim(__class__=<class 'psychopy.visual.image.ImageStim'>, autoLog=True, color=array([1., 1., 1.]), colorSpace='rgb', contrast=1.0, depth=0.0, flipHoriz=False, flipVert=False, image='sin', interpolate=True, mask=None, maskParams=None, name='Stim', opacity=1, ori=0.0, pos=array([0., 0.]), size=array([1.777, 1.   ]), texRes=128.0, units='height', win=Window(...))
9.2549 	EXP 	Created polygon_4 = ShapeStim(__class__=<class 'psychopy.visual.shape.ShapeStim'>, autoDraw=False, autoLog=True, closeShape=True, color=method-wrapper(...), colorSpace='rgb', contrast=None, depth=0.0, fillColor=array([-1, -1, -1]), fillColorSpace='rgb', fillRGB=array([-1, -1, -1]), interpolate=True, lineColor=array([0., 0., 0.]), lineColorSpace='rgb', lineRGB=array([0, 0, 0]), lineWidth=0.1, name='polygon_4', opacity=0.5, ori=0.0, pos=array([0., 0.]), size=array([0.1, 0.1]), units='height', vertices=ndarray(...), win=Window(...), windingRule=None)
9.2570 	EXP 	Created polygon = ShapeStim(__class__=<class 'psychopy.visual.shape.ShapeStim'>, autoDraw=False, autoLog=True, closeShape=True, color=method-wrapper(...), colorSpace='rgb', contrast=None, depth=0.0, fillColor=array([-1, -1, -1]), fillColorSpace='rgb', fillRGB=array([-1, -1, -1]), interpolate=True, lineColor=array([0., 0., 0.]), lineColorSpace='rgb', lineRGB=array([0, 0, 0]), lineWidth=0.1, name='polygon', opacity=0.5, ori=0.0, pos=array([0., 0.]), size=array([0.1, 0.1]), units='height', vertices=ndarray(...), win=Window(...), windingRule=None)
9.2610 	EXP 	Created Stim = ImageStim(__class__=<class 'psychopy.visual.image.ImageStim'>, autoLog=True, color=array([1., 1., 1.]), colorSpace='rgb', contrast=1.0, depth=0.0, flipHoriz=False, flipVert=False, image='sin', interpolate=True, mask=None, maskParams=None, name='Stim', opacity=1, ori=0.0, pos=array([0., 0.]), size=array([1.777, 1.   ]), texRes=128.0, units='height', win=Window(...))
9.2632 	EXP 	Created polygon_4 = ShapeStim(__class__=<class 'psychopy.visual.shape.ShapeStim'>, autoDraw=False, autoLog=True, closeShape=True, color=method-wrapper(...), colorSpace='rgb', contrast=None, depth=0.0, fillColor=array([-1, -1, -1]), fillColorSpace='rgb', fillRGB=array([-1, -1, -1]), interpolate=True, lineColor=array([0., 0., 0.]), lineColorSpace='rgb', lineRGB=array([0, 0, 0]), lineWidth=0.1, name='polygon_4', opacity=0.5, ori=0.0, pos=array([0., 0.]), size=array([0.1, 0.1]), units='height', vertices=ndarray(...), win=Window(...), windingRule=None)
9.2653 	EXP 	Created polygon = ShapeStim(__class__=<class 'psychopy.visual.shape.ShapeStim'>, autoDraw=False, autoLog=True, closeShape=True, color=method-wrapper(...), colorSpace='rgb', contrast=None, depth=0.0, fillColor=array([-1, -1, -1]), fillColorSpace='rgb', fillRGB=array([-1, -1, -1]), interpolate=True, lineColor=array([0., 0., 0.]), lineColorSpace='rgb', lineRGB=array([0, 0, 0]), lineWidth=0.1, name='polygon', opacity=0.5, ori=0.0, pos=array([0., 0.]), size=array([0.1, 0.1]), units='height', vertices=ndarray(...), win=Window(...), windingRule=None)
9.2698 	EXP 	Created Stim = ImageStim(__class__=<class 'psychopy.visual.image.ImageStim'>, autoLog=True, color=array([1., 1., 1.]), colorSpace='rgb', contrast=1.0, depth=0.0, flipHoriz=False, flipVert=False, image='sin', interpolate=True, mask=None, maskParams=None, name='Stim', opacity=1, ori=0.0, pos=array([0., 0.]), size=array([1.777, 1.   ]), texRes=128.0, units='height', win=Window(...))
9.2721 	EXP 	Created polygon_4 = ShapeStim(__class__=<class 'psychopy.visual.shape.ShapeStim'>, autoDraw=False, autoLog=True, closeShape=True, color=method-wrapper(...), colorSpace='rgb', contrast=None, depth=0.0, fillColor=array([-1, -1, -1]), fillColorSpace='rgb', fillRGB=array([-1, -1, -1]), interpolate=True, lineColor=array([0., 0., 0.]), lineColorSpace='rgb', lineRGB=array([0, 0, 0]), lineWidth=0.1, name='polygon_4', opacity=0.5, ori=0.0, pos=array([0., 0.]), size=array([0.1, 0.1]), units='height', vertices=ndarray(...), win=Window(...), windingRule=None)
9.2933 	EXP 	Created Info2 = TextStim(__class__=<class 'psychopy.visual.text.TextStim'>, alignHoriz=method-wrapper(...), alignText='center', alignVert=method-wrapper(...), anchorHoriz='center', anchorVert='center', antialias=True, autoLog=True, bold=False, color=array([-1., -1., -1.]), colorSpace='rgb', contrast=1.0, depth=0.0, flipHoriz=False, flipVert=False, font='Open Sans', fontFiles=[], height=0.1, italic=False, languageStyle='LTR', name='Info2', opacity=1, ori=0.0, pos=array([0., 0.]), rgb=UNKNOWN, text=str(...), units='height', win=Window(...), wrapWidth=1)
9.2971 	EXP 	Created Stim = ImageStim(__class__=<class 'psychopy.visual.image.ImageStim'>, autoLog=True, color=array([1., 1., 1.]), colorSpace='rgb', contrast=1.0, depth=0.0, flipHoriz=False, flipVert=False, image='sin', interpolate=True, mask=None, maskParams=None, name='Stim', opacity=1, ori=0.0, pos=array([0., 0.]), size=array([1.777, 1.   ]), texRes=128.0, units='height', win=Window(...))
9.2994 	EXP 	Created polygon_4 = ShapeStim(__class__=<class 'psychopy.visual.shape.ShapeStim'>, autoDraw=False, autoLog=True, closeShape=True, color=method-wrapper(...), colorSpace='rgb', contrast=None, depth=0.0, fillColor=array([-1, -1, -1]), fillColorSpace='rgb', fillRGB=array([-1, -1, -1]), interpolate=True, lineColor=array([0., 0., 0.]), lineColorSpace='rgb', lineRGB=array([0, 0, 0]), lineWidth=0.1, name='polygon_4', opacity=0.5, ori=0.0, pos=array([0., 0.]), size=array([0.1, 0.1]), units='height', vertices=ndarray(...), win=Window(...), windingRule=None)
9.3056 	EXP 	Created text_2 = TextStim(__class__=<class 'psychopy.visual.text.TextStim'>, alignHoriz=method-wrapper(...), alignText='center', alignVert=method-wrapper(...), anchorHoriz='center', anchorVert='center', antialias=True, autoLog=True, bold=False, color=array([-1., -1., -1.]), colorSpace='rgb', contrast=1.0, depth=0.0, flipHoriz=False, flipVert=False, font='Open Sans', fontFiles=[], height=0.1, italic=False, languageStyle='LTR', name='text_2', opacity=1, ori=0.0, pos=array([0., 0.]), rgb=UNKNOWN, text='Numerisk ordning.\n\n(1-2-3-4...)', units='height', win=Window(...), wrapWidth=1)
9.3096 	EXP 	Created Stim = ImageStim(__class__=<class 'psychopy.visual.image.ImageStim'>, autoLog=True, color=array([1., 1., 1.]), colorSpace='rgb', contrast=1.0, depth=0.0, flipHoriz=False, flipVert=False, image='sin', interpolate=True, mask=None, maskParams=None, name='Stim', opacity=1, ori=0.0, pos=array([0., 0.]), size=array([1.777, 1.   ]), texRes=128.0, units='height', win=Window(...))
9.3120 	EXP 	Created polygon_4 = ShapeStim(__class__=<class 'psychopy.visual.shape.ShapeStim'>, autoDraw=False, autoLog=True, closeShape=True, color=method-wrapper(...), colorSpace='rgb', contrast=None, depth=0.0, fillColor=array([-1, -1, -1]), fillColorSpace='rgb', fillRGB=array([-1, -1, -1]), interpolate=True, lineColor=array([0., 0., 0.]), lineColorSpace='rgb', lineRGB=array([0, 0, 0]), lineWidth=0.1, name='polygon_4', opacity=0.5, ori=0.0, pos=array([0., 0.]), size=array([0.1, 0.1]), units='height', vertices=ndarray(...), win=Window(...), windingRule=None)
9.3144 	EXP 	Created polygon = ShapeStim(__class__=<class 'psychopy.visual.shape.ShapeStim'>, autoDraw=False, autoLog=True, closeShape=True, color=method-wrapper(...), colorSpace='rgb', contrast=None, depth=0.0, fillColor=array([-1, -1, -1]), fillColorSpace='rgb', fillRGB=array([-1, -1, -1]), interpolate=True, lineColor=array([0., 0., 0.]), lineColorSpace='rgb', lineRGB=array([0, 0, 0]), lineWidth=0.1, name='polygon', opacity=0.5, ori=0.0, pos=array([0., 0.]), size=array([0.1, 0.1]), units='height', vertices=ndarray(...), win=Window(...), windingRule=None)
9.3184 	EXP 	Created Stim = ImageStim(__class__=<class 'psychopy.visual.image.ImageStim'>, autoLog=True, color=array([1., 1., 1.]), colorSpace='rgb', contrast=1.0, depth=0.0, flipHoriz=False, flipVert=False, image='sin', interpolate=True, mask=None, maskParams=None, name='Stim', opacity=1, ori=0.0, pos=array([0., 0.]), size=array([1.777, 1.   ]), texRes=128.0, units='height', win=Window(...))
9.3205 	EXP 	Created polygon_4 = ShapeStim(__class__=<class 'psychopy.visual.shape.ShapeStim'>, autoDraw=False, autoLog=True, closeShape=True, color=method-wrapper(...), colorSpace='rgb', contrast=None, depth=0.0, fillColor=array([-1, -1, -1]), fillColorSpace='rgb', fillRGB=array([-1, -1, -1]), interpolate=True, lineColor=array([0., 0., 0.]), lineColorSpace='rgb', lineRGB=array([0, 0, 0]), lineWidth=0.1, name='polygon_4', opacity=0.5, ori=0.0, pos=array([0., 0.]), size=array([0.1, 0.1]), units='height', vertices=ndarray(...), win=Window(...), windingRule=None)
9.3226 	EXP 	Created polygon = ShapeStim(__class__=<class 'psychopy.visual.shape.ShapeStim'>, autoDraw=False, autoLog=True, closeShape=True, color=method-wrapper(...), colorSpace='rgb', contrast=None, depth=0.0, fillColor=array([-1, -1, -1]), fillColorSpace='rgb', fillRGB=array([-1, -1, -1]), interpolate=True, lineColor=array([0., 0., 0.]), lineColorSpace='rgb', lineRGB=array([0, 0, 0]), lineWidth=0.1, name='polygon', opacity=0.5, ori=0.0, pos=array([0., 0.]), size=array([0.1, 0.1]), units='height', vertices=ndarray(...), win=Window(...), windingRule=None)
9.3265 	EXP 	Created Stim = ImageStim(__class__=<class 'psychopy.visual.image.ImageStim'>, autoLog=True, color=array([1., 1., 1.]), colorSpace='rgb', contrast=1.0, depth=0.0, flipHoriz=False, flipVert=False, image='sin', interpolate=True, mask=None, maskParams=None, name='Stim', opacity=1, ori=0.0, pos=array([0., 0.]), size=array([1.777, 1.   ]), texRes=128.0, units='height', win=Window(...))
9.3289 	EXP 	Created polygon_4 = ShapeStim(__class__=<class 'psychopy.visual.shape.ShapeStim'>, autoDraw=False, autoLog=True, closeShape=True, color=method-wrapper(...), colorSpace='rgb', contrast=None, depth=0.0, fillColor=array([-1, -1, -1]), fillColorSpace='rgb', fillRGB=array([-1, -1, -1]), interpolate=True, lineColor=array([0., 0., 0.]), lineColorSpace='rgb', lineRGB=array([0, 0, 0]), lineWidth=0.1, name='polygon_4', opacity=0.5, ori=0.0, pos=array([0., 0.]), size=array([0.1, 0.1]), units='height', vertices=ndarray(...), win=Window(...), windingRule=None)
9.3388 	EXP 	Created Info2 = TextStim(__class__=<class 'psychopy.visual.text.TextStim'>, alignHoriz=method-wrapper(...), alignText='center', alignVert=method-wrapper(...), anchorHoriz='center', anchorVert='center', antialias=True, autoLog=True, bold=False, color=array([-1., -1., -1.]), colorSpace='rgb', contrast=1.0, depth=0.0, flipHoriz=False, flipVert=False, font='Open Sans', fontFiles=[], height=0.1, italic=False, languageStyle='LTR', name='Info2', opacity=1, ori=0.0, pos=array([0., 0.]), rgb=UNKNOWN, text=str(...), units='height', win=Window(...), wrapWidth=1)
9.3430 	EXP 	Created Stim = ImageStim(__class__=<class 'psychopy.visual.image.ImageStim'>, autoLog=True, color=array([1., 1., 1.]), colorSpace='rgb', contrast=1.0, depth=0.0, flipHoriz=False, flipVert=False, image='sin', interpolate=True, mask=None, maskParams=None, name='Stim', opacity=1, ori=0.0, pos=array([0., 0.]), size=array([1.777, 1.   ]), texRes=128.0, units='height', win=Window(...))
9.3454 	EXP 	Created polygon_4 = ShapeStim(__class__=<class 'psychopy.visual.shape.ShapeStim'>, autoDraw=False, autoLog=True, closeShape=True, color=method-wrapper(...), colorSpace='rgb', contrast=None, depth=0.0, fillColor=array([-1, -1, -1]), fillColorSpace='rgb', fillRGB=array([-1, -1, -1]), interpolate=True, lineColor=array([0., 0., 0.]), lineColorSpace='rgb', lineRGB=array([0, 0, 0]), lineWidth=0.1, name='polygon_4', opacity=0.5, ori=0.0, pos=array([0., 0.]), size=array([0.1, 0.1]), units='height', vertices=ndarray(...), win=Window(...), windingRule=None)
9.3616 	EXP 	Created text = TextStim(__class__=<class 'psychopy.visual.text.TextStim'>, alignHoriz=method-wrapper(...), alignText='center', alignVert=method-wrapper(...), anchorHoriz='center', anchorVert='center', antialias=True, autoLog=True, bold=False, color=array([-1., -1., -1.]), colorSpace='rgb', contrast=1.0, depth=0.0, flipHoriz=False, flipVert=False, font='Open Sans', fontFiles=[], height=0.04, italic=False, languageStyle='LTR', name='text', opacity=1, ori=0.0, pos=array([0., 0.]), rgb=UNKNOWN, text=str(...), units='height', win=Window(...), wrapWidth=1)
9.5298 	EXP 	image_2: autoDraw = True
10.6799 	DATA 	Keypress: 1
10.7082 	EXP 	image_2: autoDraw = False
10.7082 	EXP 	polygon_2: autoDraw = True
10.7962 	DATA 	Keypress: 1
12.7987 	DATA 	Keypress: s
26.3257 	DATA 	Keypress: s
26.3309 	EXP 	polygon_2: autoDraw = False
26.3309 	EXP 	text_2: autoDraw = True
33.3283 	EXP 	Imported TMT_conditions.xlsx as conditions, 2 conditions, 2 params
33.3287 	EXP 	Created sequence: sequential, trialTypes=2, nReps=1, seed=None
33.3289 	EXP 	New trial (rep=0, index=0): {'Block_paper': 'C1', 'Condition_rows': '0:26'}
33.5483 	EXP 	Imported TMT_trials.xlsx as conditions, 26 conditions, 11 params
33.5488 	EXP 	Created sequence: sequential, trialTypes=26, nReps=1, seed=None
33.5491 	EXP 	New trial (rep=0, index=0): {'NumberLetter': 1, 'corrAns': ['2'], 'Correct': 2, 'StimFile': 'Images/TMTstop-control_1_1.png', 'Correct_StimFile': 'Images/TMTstop-control_1_1.png', 'False_StimFile': 'Images/TMTstop-control_1_1.png', 'Version': 'TMT_Control', 'Paper': 'C1', 'TrialNumber_Version': 1, 'Round': 1, 'Block': 1}
33.6882 	EXP 	text_2: autoDraw = False
33.6882 	EXP 	Stim: image = 'Images/TMTstop-control_1_1.png'
33.6882 	EXP 	Stim: autoDraw = True
34.7088 	DATA 	Keypress: 1
34.7334 	EXP 	Stim: image = 'Images/TMTstop-control_1_1.png'
34.7830 	EXP 	Stim: image = 'Images/TMTstop-control_1_1.png'
34.8168 	DATA 	Keypress: 2
34.8380 	EXP 	Stim: image = 'Images/TMTstop-control_1_1.png'
34.8429 	EXP 	New trial (rep=0, index=1): {'NumberLetter': 2, 'corrAns': ['1'], 'Correct': 1, 'StimFile': 'Images/TMTstop-control_1_1.png', 'Correct_StimFile': 'Images/TMTstop-control_1_1firstgreen.png', 'False_StimFile': 'Images/TMTstop-control_1_1firstred.png', 'Version': 'TMT_Control', 'Paper': 'C1', 'TrialNumber_Version': 2, 'Round': None, 'Block': 1}
34.8847 	DATA 	Keypress: 3
34.8952 	EXP 	Stim: autoDraw = False
34.8952 	EXP 	Stim: image = 'Images/TMTstop-control_1_1firstgreen.png'
34.8952 	EXP 	Stim: autoDraw = True
34.9346 	DATA 	Keypress: 1
34.9448 	EXP 	Stim: image = 'Images/TMTstop-control_1_1firstred.png'
34.9827 	DATA 	Keypress: 2
34.9954 	EXP 	Stim: image = 'Images/TMTstop-control_1_1firstred.png'
35.0453 	EXP 	Stim: image = 'Images/TMTstop-control_1_1firstred.png'
35.0817 	DATA 	Keypress: 1
35.0819 	DATA 	Keypress: 3
35.0954 	EXP 	Stim: image = 'Images/TMTstop-control_1_1firstred.png'
35.0996 	EXP 	New trial (rep=0, index=2): {'NumberLetter': 3, 'corrAns': ['3'], 'Correct': 3, 'StimFile': 'Images/TMTstop-control_1_1linestimulus0.png', 'Correct_StimFile': 'Images/TMTstop-control_1_1greenlinestimulus0.png', 'False_StimFile': 'Images/TMTstop-control_1_1redlinestimulus0.png', 'Version': 'TMT_Control', 'Paper': 'C1', 'TrialNumber_Version': 3, 'Round': None, 'Block': 1}
35.1337 	DATA 	Keypress: 2
35.1450 	EXP 	Stim: autoDraw = False
35.1450 	EXP 	Stim: image = 'Images/TMTstop-control_1_1greenlinestimulus0.png'
35.1450 	EXP 	Stim: autoDraw = True
35.1956 	EXP 	Stim: image = 'Images/TMTstop-control_1_1redlinestimulus0.png'
35.1996 	EXP 	New trial (rep=0, index=3): {'NumberLetter': 4, 'corrAns': ['1'], 'Correct': 1, 'StimFile': 'Images/TMTstop-control_1_1linestimulus1.png', 'Correct_StimFile': 'Images/TMTstop-control_1_1greenlinestimulus1.png', 'False_StimFile': 'Images/TMTstop-control_1_1redlinestimulus1.png', 'Version': 'TMT_Control', 'Paper': 'C1', 'TrialNumber_Version': 4, 'Round': None, 'Block': 1}
35.2336 	DATA 	Keypress: 3
35.2337 	DATA 	Keypress: 1
35.2338 	DATA 	Keypress: 2
35.2458 	EXP 	Stim: autoDraw = False
35.2458 	EXP 	Stim: image = 'Images/TMTstop-control_1_1greenlinestimulus1.png'
35.2458 	EXP 	Stim: autoDraw = True
35.3346 	DATA 	Keypress: 1
35.3506 	DATA 	Keypress: 3
35.4037 	DATA 	Keypress: 2
35.4132 	EXP 	Stim: image = 'Images/TMTstop-control_1_1redlinestimulus1.png'
35.4632 	EXP 	Stim: image = 'Images/TMTstop-control_1_1redlinestimulus1.png'
35.4987 	DATA 	Keypress: 1
35.4988 	DATA 	Keypress: 3
35.5186 	EXP 	Stim: image = 'Images/TMTstop-control_1_1redlinestimulus1.png'
35.5537 	DATA 	Keypress: 2
35.5758 	EXP 	Stim: image = 'Images/TMTstop-control_1_1redlinestimulus1.png'
35.6257 	EXP 	Stim: image = 'Images/TMTstop-control_1_1redlinestimulus1.png'
35.6617 	DATA 	Keypress: 1
35.6759 	EXP 	Stim: image = 'Images/TMTstop-control_1_1redlinestimulus1.png'
35.6806 	EXP 	New trial (rep=0, index=4): {'NumberLetter': 5, 'corrAns': ['3'], 'Correct': 3, 'StimFile': 'Images/TMTstop-control_1_1linestimulus2.png', 'Correct_StimFile': 'Images/TMTstop-control_1_1greenlinestimulus2.png', 'False_StimFile': 'Images/TMTstop-control_1_1redlinestimulus2.png', 'Version': 'TMT_Control', 'Paper': 'C1', 'TrialNumber_Version': 5, 'Round': None, 'Block': 1}
35.7219 	DATA 	Keypress: 3
35.7426 	EXP 	Stim: autoDraw = False
35.7426 	EXP 	Stim: image = 'Images/TMTstop-control_1_1greenlinestimulus2.png'
35.7426 	EXP 	Stim: autoDraw = True
35.7902 	DATA 	Keypress: 2
35.7963 	EXP 	Stim: image = 'Images/TMTstop-control_1_1redlinestimulus2.png'
35.8502 	DATA 	Keypress: 3
35.8504 	DATA 	Keypress: 1
35.8728 	EXP 	Stim: image = 'Images/TMTstop-control_1_1redlinestimulus2.png'
35.8782 	EXP 	New trial (rep=0, index=5): {'NumberLetter': 6, 'corrAns': ['1'], 'Correct': 1, 'StimFile': 'Images/TMTstop-control_1_1linestimulus3.png', 'Correct_StimFile': 'Images/TMTstop-control_1_1greenlinestimulus3.png', 'False_StimFile': 'Images/TMTstop-control_1_1redlinestimulus3.png', 'Version': 'TMT_Control', 'Paper': 'C1', 'TrialNumber_Version': 6, 'Round': None, 'Block': 1}
35.9218 	DATA 	Keypress: 2
35.9275 	EXP 	Stim: autoDraw = False
35.9275 	EXP 	Stim: image = 'Images/TMTstop-control_1_1greenlinestimulus3.png'
35.9275 	EXP 	Stim: autoDraw = True
35.9668 	EXP 	New trial (rep=0, index=6): {'NumberLetter': 7, 'corrAns': ['2'], 'Correct': 2, 'StimFile': 'Images/TMTstop-control_1_1linestimulus4.png', 'Correct_StimFile': 'Images/TMTstop-control_1_1greenlinestimulus4.png', 'False_StimFile': 'Images/TMTstop-control_1_1redlinestimulus4.png', 'Version': 'TMT_Control', 'Paper': 'C1', 'TrialNumber_Version': 7, 'Round': None, 'Block': 1}
36.0108 	DATA 	Keypress: 1
36.0121 	DATA 	Keypress: 3
36.0188 	EXP 	Stim: autoDraw = False
36.0188 	EXP 	Stim: image = 'Images/TMTstop-control_1_1greenlinestimulus4.png'
36.0188 	EXP 	Stim: autoDraw = True
36.0236 	EXP 	New trial (rep=0, index=7): {'NumberLetter': 8, 'corrAns': ['1'], 'Correct': 1, 'StimFile': 'Images/TMTstop-control_1_1linestimulus4.png', 'Correct_StimFile': 'Images/TMTstop-control_1_1greenlinestimulus5.png', 'False_StimFile': 'Images/TMTstop-control_1_1redlinestimulus5.png', 'Version': 'TMT_Control', 'Paper': 'C1', 'TrialNumber_Version': 8, 'Round': None, 'Block': 1}
36.0646 	DATA 	Keypress: 2
36.0852 	EXP 	Stim: autoDraw = False
36.0852 	EXP 	Stim: image = 'Images/TMTstop-control_1_1greenlinestimulus5.png'
36.0852 	EXP 	Stim: autoDraw = True
36.1227 	DATA 	Keypress: 3
36.1229 	DATA 	Keypress: 1
36.1230 	DATA 	Keypress: 2
36.1355 	EXP 	Stim: image = 'Images/TMTstop-control_1_1redlinestimulus5.png'
36.1866 	EXP 	Stim: image = 'Images/TMTstop-control_1_1redlinestimulus5.png'
36.2247 	DATA 	Keypress: 3
36.2381 	EXP 	Stim: image = 'Images/TMTstop-control_1_1redlinestimulus5.png'
36.2426 	EXP 	New trial (rep=0, index=8): {'NumberLetter': 9, 'corrAns': ['3'], 'Correct': 3, 'StimFile': 'Images/TMTstop-control_1_1linestimulus6.png', 'Correct_StimFile': 'Images/TMTstop-control_1_1greenlinestimulus6.png', 'False_StimFile': 'Images/TMTstop-control_1_1redlinestimulus6.png', 'Version': 'TMT_Control', 'Paper': 'C1', 'TrialNumber_Version': 9, 'Round': None, 'Block': 1}
36.2788 	DATA 	Keypress: 1
36.2790 	DATA 	Keypress: 2
36.2890 	EXP 	Stim: autoDraw = False
36.2890 	EXP 	Stim: image = 'Images/TMTstop-control_1_1greenlinestimulus6.png'
36.2890 	EXP 	Stim: autoDraw = True
36.3431 	EXP 	Stim: image = 'Images/TMTstop-control_1_1redlinestimulus6.png'
36.3807 	DATA 	Keypress: 3
36.3934 	EXP 	Stim: image = 'Images/TMTstop-control_1_1redlinestimulus6.png'
36.3976 	EXP 	New trial (rep=0, index=9): {'NumberLetter': 10, 'corrAns': ['2'], 'Correct': 2, 'StimFile': 'Images/TMTstop-control_1_1linestimulus7.png', 'Correct_StimFile': 'Images/TMTstop-control_1_1greenlinestimulus7.png', 'False_StimFile': 'Images/TMTstop-control_1_1redlinestimulus7.png', 'Version': 'TMT_Control', 'Paper': 'C1', 'TrialNumber_Version': 10, 'Round': None, 'Block': 1}
36.4337 	DATA 	Keypress: 1
36.4338 	DATA 	Keypress: 2
36.4451 	EXP 	Stim: autoDraw = False
36.4451 	EXP 	Stim: image = 'Images/TMTstop-control_1_1greenlinestimulus7.png'
36.4451 	EXP 	Stim: autoDraw = True
36.5677 	DATA 	Keypress: 3
36.5678 	DATA 	Keypress: 1
36.5679 	DATA 	Keypress: 2
36.5790 	EXP 	Stim: image = 'Images/TMTstop-control_1_1redlinestimulus7.png'
36.5835 	EXP 	New trial (rep=0, index=10): {'NumberLetter': 11, 'corrAns': ['1'], 'Correct': 1, 'StimFile': 'Images/TMTstop-control_1_1linestimulus8.png', 'Correct_StimFile': 'Images/TMTstop-control_1_1greenlinestimulus8.png', 'False_StimFile': 'Images/TMTstop-control_1_1redlinestimulus8.png', 'Version': 'TMT_Control', 'Paper': 'C1', 'TrialNumber_Version': 11, 'Round': None, 'Block': 1}
36.6290 	EXP 	Stim: autoDraw = False
36.6290 	EXP 	Stim: image = 'Images/TMTstop-control_1_1greenlinestimulus8.png'
36.6290 	EXP 	Stim: autoDraw = True
36.6817 	DATA 	Keypress: 3
36.6818 	DATA 	Keypress: 1
36.7005 	EXP 	Stim: image = 'Images/TMTstop-control_1_1redlinestimulus8.png'
36.7386 	DATA 	Keypress: 2
36.7575 	EXP 	Stim: image = 'Images/TMTstop-control_1_1redlinestimulus8.png'
36.7940 	DATA 	Keypress: 3
36.8081 	EXP 	Stim: image = 'Images/TMTstop-control_1_1redlinestimulus8.png'
36.8125 	EXP 	New trial (rep=0, index=11): {'NumberLetter': 12, 'corrAns': ['2'], 'Correct': 2, 'StimFile': 'Images/TMTstop-control_1_1linestimulus9.png', 'Correct_StimFile': 'Images/TMTstop-control_1_1greenlinestimulus9.png', 'False_StimFile': 'Images/TMTstop-control_1_1redlinestimulus9.png', 'Version': 'TMT_Control', 'Paper': 'C1', 'TrialNumber_Version': 12, 'Round': None, 'Block': 1}
36.8476 	DATA 	Keypress: 1
36.8478 	DATA 	Keypress: 2
36.8582 	EXP 	Stim: autoDraw = False
36.8582 	EXP 	Stim: image = 'Images/TMTstop-control_1_1greenlinestimulus9.png'
36.8582 	EXP 	Stim: autoDraw = True
36.8626 	EXP 	New trial (rep=0, index=12): {'NumberLetter': 13, 'corrAns': ['3'], 'Correct': 3, 'StimFile': 'Images/TMTstop-control_1_1linestimulus10.png', 'Correct_StimFile': 'Images/TMTstop-control_1_1greenlinestimulus10.png', 'False_StimFile': 'Images/TMTstop-control_1_1redlinestimulus10.png', 'Version': 'TMT_Control', 'Paper': 'C1', 'TrialNumber_Version': 13, 'Round': None, 'Block': 1}
36.9082 	EXP 	Stim: autoDraw = False
36.9082 	EXP 	Stim: image = 'Images/TMTstop-control_1_1greenlinestimulus10.png'
36.9082 	EXP 	Stim: autoDraw = True
36.9626 	EXP 	New trial (rep=0, index=13): {'NumberLetter': 14, 'corrAns': ['2'], 'Correct': 2, 'StimFile': 'Images/TMTstop-control_1_1linestimulus11.png', 'Correct_StimFile': 'Images/TMTstop-control_1_1greenlinestimulus11.png', 'False_StimFile': 'Images/TMTstop-control_1_1redlinestimulus11.png', 'Version': 'TMT_Control', 'Paper': 'C1', 'TrialNumber_Version': 14, 'Round': None, 'Block': 1}
36.9977 	DATA 	Keypress: 3
36.9978 	DATA 	Keypress: 1
36.9979 	DATA 	Keypress: 2
37.0084 	EXP 	Stim: autoDraw = False
37.0084 	EXP 	Stim: image = 'Images/TMTstop-control_1_1greenlinestimulus11.png'
37.0084 	EXP 	Stim: autoDraw = True
37.0800 	DATA 	Keypress: 3
37.0958 	DATA 	Keypress: 1
37.1447 	DATA 	Keypress: 2
37.1586 	EXP 	Stim: image = 'Images/TMTstop-control_1_1redlinestimulus11.png'
37.1625 	EXP 	New trial (rep=0, index=14): {'NumberLetter': 15, 'corrAns': ['3'], 'Correct': 3, 'StimFile': 'Images/TMTstop-control_1_1linestimulus12.png', 'Correct_StimFile': 'Images/TMTstop-control_1_1greenlinestimulus12.png', 'False_StimFile': 'Images/TMTstop-control_1_1redlinestimulus12.png', 'Version': 'TMT_Control', 'Paper': 'C1', 'TrialNumber_Version': 15, 'Round': None, 'Block': 1}
37.2086 	EXP 	Stim: autoDraw = False
37.2086 	EXP 	Stim: image = 'Images/TMTstop-control_1_1greenlinestimulus12.png'
37.2086 	EXP 	Stim: autoDraw = True
37.2456 	EXP 	New trial (rep=0, index=15): {'NumberLetter': 16, 'corrAns': ['2'], 'Correct': 2, 'StimFile': 'Images/TMTstop-control_1_1linestimulus13.png', 'Correct_StimFile': 'Images/TMTstop-control_1_1greenlinestimulus13.png', 'False_StimFile': 'Images/TMTstop-control_1_1redlinestimulus13.png', 'Version': 'TMT_Control', 'Paper': 'C1', 'TrialNumber_Version': 16, 'Round': None, 'Block': 1}
37.2843 	DATA 	Keypress: 3
37.2845 	DATA 	Keypress: 1
37.2846 	DATA 	Keypress: 2
37.2916 	EXP 	Stim: autoDraw = False
37.2916 	EXP 	Stim: image = 'Images/TMTstop-control_1_1greenlinestimulus13.png'
37.2916 	EXP 	Stim: autoDraw = True
37.3627 	DATA 	Keypress: 3
37.4307 	DATA 	Keypress: 1
37.4308 	DATA 	Keypress: 2
37.4418 	EXP 	Stim: image = 'Images/TMTstop-control_1_1redlinestimulus13.png'
37.4455 	EXP 	New trial (rep=0, index=16): {'NumberLetter': 17, 'corrAns': ['3'], 'Correct': 3, 'StimFile': 'Images/TMTstop-control_1_1linestimulus14.png', 'Correct_StimFile': 'Images/TMTstop-control_1_1greenlinestimulus14.png', 'False_StimFile': 'Images/TMTstop-control_1_1redlinestimulus14.png', 'Version': 'TMT_Control', 'Paper': 'C1', 'TrialNumber_Version': 17, 'Round': None, 'Block': 1}
37.4923 	EXP 	Stim: autoDraw = False
37.4923 	EXP 	Stim: image = 'Images/TMTstop-control_1_1greenlinestimulus14.png'
37.4923 	EXP 	Stim: autoDraw = True
37.5295 	EXP 	New trial (rep=0, index=17): {'NumberLetter': 18, 'corrAns': ['2'], 'Correct': 2, 'StimFile': 'Images/TMTstop-control_1_1linestimulus15.png', 'Correct_StimFile': 'Images/TMTstop-control_1_1greenlinestimulus15.png', 'False_StimFile': 'Images/TMTstop-control_1_1redlinestimulus15.png', 'Version': 'TMT_Control', 'Paper': 'C1', 'TrialNumber_Version': 18, 'Round': None, 'Block': 1}
37.5657 	DATA 	Keypress: 3
37.5659 	DATA 	Keypress: 1
37.5660 	DATA 	Keypress: 2
37.5757 	EXP 	Stim: autoDraw = False
37.5757 	EXP 	Stim: image = 'Images/TMTstop-control_1_1greenlinestimulus15.png'
37.5757 	EXP 	Stim: autoDraw = True
37.6468 	DATA 	Keypress: 3
37.7306 	DATA 	Keypress: 1
37.7421 	EXP 	Stim: image = 'Images/TMTstop-control_1_1redlinestimulus15.png'
37.7466 	EXP 	New trial (rep=0, index=18): {'NumberLetter': 19, 'corrAns': ['1'], 'Correct': 1, 'StimFile': 'Images/TMTstop-control_1_1linestimulus16.png', 'Correct_StimFile': 'Images/TMTstop-control_1_1greenlinestimulus16.png', 'False_StimFile': 'Images/TMTstop-control_1_1redlinestimulus16.png', 'Version': 'TMT_Control', 'Paper': 'C1', 'TrialNumber_Version': 19, 'Round': None, 'Block': 1}
37.7827 	DATA 	Keypress: 2
37.7926 	EXP 	Stim: autoDraw = False
37.7926 	EXP 	Stim: image = 'Images/TMTstop-control_1_1greenlinestimulus16.png'
37.7926 	EXP 	Stim: autoDraw = True
37.8308 	DATA 	Keypress: 3
37.8787 	DATA 	Keypress: 1
37.8788 	DATA 	Keypress: 2
37.8927 	EXP 	Stim: image = 'Images/TMTstop-control_1_1redlinestimulus16.png'
37.9491 	EXP 	Stim: image = 'Images/TMTstop-control_1_1redlinestimulus16.png'
37.9867 	DATA 	Keypress: 3
38.0057 	EXP 	Stim: image = 'Images/TMTstop-control_1_1redlinestimulus16.png'
38.0097 	EXP 	New trial (rep=0, index=19): {'NumberLetter': 20, 'corrAns': ['3'], 'Correct': 3, 'StimFile': 'Images/TMTstop-control_1_1linestimulus17.png', 'Correct_StimFile': 'Images/TMTstop-control_1_1greenlinestimulus17.png', 'False_StimFile': 'Images/TMTstop-control_1_1redlinestimulus17.png', 'Version': 'TMT_Control', 'Paper': 'C1', 'TrialNumber_Version': 20, 'Round': None, 'Block': 1}
38.0466 	DATA 	Keypress: 1
38.0557 	EXP 	Stim: autoDraw = False
38.0557 	EXP 	Stim: image = 'Images/TMTstop-control_1_1greenlinestimulus17.png'
38.0557 	EXP 	Stim: autoDraw = True
38.0916 	DATA 	Keypress: 2
38.1059 	EXP 	Stim: image = 'Images/TMTstop-control_1_1redlinestimulus17.png'
38.1437 	DATA 	Keypress: 3
38.1559 	EXP 	Stim: image = 'Images/TMTstop-control_1_1redlinestimulus17.png'
38.1606 	EXP 	New trial (rep=0, index=20): {'NumberLetter': 21, 'corrAns': ['1'], 'Correct': 1, 'StimFile': 'Images/TMTstop-control_1_1linestimulus18.png', 'Correct_StimFile': 'Images/TMTstop-control_1_1greenlinestimulus18.png', 'False_StimFile': 'Images/TMTstop-control_1_1redlinestimulus18.png', 'Version': 'TMT_Control', 'Paper': 'C1', 'TrialNumber_Version': 21, 'Round': None, 'Block': 1}
38.1947 	DATA 	Keypress: 1
38.2059 	EXP 	Stim: autoDraw = False
38.2059 	EXP 	Stim: image = 'Images/TMTstop-control_1_1greenlinestimulus18.png'
38.2059 	EXP 	Stim: autoDraw = True
38.2106 	DATA 	Keypress: 2
38.3107 	DATA 	Keypress: 3
38.3286 	EXP 	New trial (rep=0, index=21): {'NumberLetter': 22, 'corrAns': ['2'], 'Correct': 2, 'StimFile': 'Images/TMTstop-control_1_1linestimulus19.png', 'Correct_StimFile': 'Images/TMTstop-control_1_1greenlinestimulus19.png', 'False_StimFile': 'Images/TMTstop-control_1_1redlinestimulus19.png', 'Version': 'TMT_Control', 'Paper': 'C1', 'TrialNumber_Version': 22, 'Round': None, 'Block': 1}
38.3646 	DATA 	Keypress: 1
38.3648 	DATA 	Keypress: 2
38.3738 	EXP 	Stim: autoDraw = False
38.3738 	EXP 	Stim: image = 'Images/TMTstop-control_1_1greenlinestimulus19.png'
38.3738 	EXP 	Stim: autoDraw = True
38.3785 	EXP 	New trial (rep=0, index=22): {'NumberLetter': 23, 'corrAns': ['3'], 'Correct': 3, 'StimFile': 'Images/TMTstop-control_1_1linestimulus20.png', 'Correct_StimFile': 'Images/TMTstop-control_1_1greenlinestimulus20.png', 'False_StimFile': 'Images/TMTstop-control_1_1redlinestimulus20.png', 'Version': 'TMT_Control', 'Paper': 'C1', 'TrialNumber_Version': 23, 'Round': None, 'Block': 1}
38.4296 	EXP 	Stim: autoDraw = False
38.4296 	EXP 	Stim: image = 'Images/TMTstop-control_1_1greenlinestimulus20.png'
38.4296 	EXP 	Stim: autoDraw = True
38.4336 	EXP 	New trial (rep=0, index=23): {'NumberLetter': 24, 'corrAns': ['2'], 'Correct': 2, 'StimFile': 'Images/TMTstop-control_1_1linestimulus21.png', 'Correct_StimFile': 'Images/TMTstop-control_1_1greenlinestimulus21.png', 'False_StimFile': 'Images/TMTstop-control_1_1redlinestimulus21.png', 'Version': 'TMT_Control', 'Paper': 'C1', 'TrialNumber_Version': 24, 'Round': None, 'Block': 1}
38.4668 	DATA 	Keypress: 3
38.4863 	EXP 	Stim: autoDraw = False
38.4863 	EXP 	Stim: image = 'Images/TMTstop-control_1_1greenlinestimulus21.png'
38.4863 	EXP 	Stim: autoDraw = True
38.4908 	DATA 	Keypress: 1
38.5407 	DATA 	Keypress: 2
38.6066 	DATA 	Keypress: 3
38.6557 	DATA 	Keypress: 1
38.6770 	EXP 	Stim: image = 'Images/TMTstop-control_1_1redlinestimulus21.png'
38.6817 	EXP 	New trial (rep=0, index=24): {'NumberLetter': 25, 'corrAns': ['1'], 'Correct': 1, 'StimFile': 'Images/TMTstop-control_1_1linestimulus22.png', 'Correct_StimFile': 'Images/TMTstop-control_1_1greenlinestimulus22.png', 'False_StimFile': 'Images/TMTstop-control_1_1redlinestimulus22.png', 'Version': 'TMT_Control', 'Paper': 'C1', 'TrialNumber_Version': 25, 'Round': None, 'Block': 1}
38.7157 	DATA 	Keypress: 2
38.7276 	EXP 	Stim: autoDraw = False
38.7276 	EXP 	Stim: image = 'Images/TMTstop-control_1_1greenlinestimulus22.png'
38.7276 	EXP 	Stim: autoDraw = True
38.7647 	DATA 	Keypress: 3
38.7843 	EXP 	Stim: image = 'Images/TMTstop-control_1_1redlinestimulus22.png'
38.8206 	DATA 	Keypress: 1
38.8207 	DATA 	Keypress: 2
38.8346 	EXP 	Stim: image = 'Images/TMTstop-control_1_1redlinestimulus22.png'
38.8697 	DATA 	Keypress: 3
38.8843 	EXP 	Stim: image = 'Images/TMTstop-control_1_1redlinestimulus22.png'
38.9342 	EXP 	Stim: image = 'Images/TMTstop-control_1_1redlinestimulus22.png'
38.9847 	EXP 	Stim: image = 'Images/TMTstop-control_1_1redlinestimulus22.png'
39.0343 	EXP 	Stim: image = 'Images/TMTstop-control_1_1redlinestimulus22.png'
39.0845 	EXP 	Stim: image = 'Images/TMTstop-control_1_1redlinestimulus22.png'
39.0885 	EXP 	New trial (rep=0, index=25): {'NumberLetter': None, 'corrAns': None, 'Correct': None, 'StimFile': 'Images/TMTstop-control_1_1linestimulus23.png', 'Correct_StimFile': 'Images/TMTstop-control_1_1greenlinestimulus23.png', 'False_StimFile': 'Images/TMTstop-control_1_1redlinestimulus23.png', 'Version': 'TMT_Control', 'Paper': 'C1', 'TrialNumber_Version': 'Feedback_last', 'Round': None, 'Block': 1}
39.1236 	DATA 	Keypress: 1
39.1344 	EXP 	Stim: autoDraw = False
39.1344 	EXP 	Stim: image = 'Images/TMTstop-control_1_1greenlinestimulus23.png'
39.1344 	EXP 	Stim: autoDraw = True
39.1905 	DATA 	Keypress: 1
40.1785 	EXP 	Stim: autoDraw = False
40.1785 	EXP 	polygon_4: autoDraw = True
43.1363 	EXP 	New trial (rep=0, index=1): {'Block_paper': 'C2', 'Condition_rows': '26:52'}
43.3342 	EXP 	Imported TMT_trials.xlsx as conditions, 26 conditions, 11 params
43.3347 	EXP 	Created sequence: sequential, trialTypes=26, nReps=1, seed=None
43.3350 	EXP 	New trial (rep=0, index=0): {'NumberLetter': 1, 'corrAns': ['2'], 'Correct': 2, 'StimFile': 'Images/TMTstop-control_1_2.png', 'Correct_StimFile': 'Images/TMTstop-control_1_2.png', 'False_StimFile': 'Images/TMTstop-control_1_2.png', 'Version': 'TMT_Control', 'Paper': 'C2', 'TrialNumber_Version': 26, 'Round': None, 'Block': 1}
43.3789 	EXP 	polygon_4: autoDraw = False
43.3789 	EXP 	Stim: image = 'Images/TMTstop-control_1_2.png'
43.3789 	EXP 	Stim: autoDraw = True
43.9935 	DATA 	Keypress: 1
44.0008 	EXP 	Stim: image = 'Images/TMTstop-control_1_2.png'
44.0509 	EXP 	Stim: image = 'Images/TMTstop-control_1_2.png'
44.0802 	DATA 	Keypress: 2
44.1010 	EXP 	Stim: image = 'Images/TMTstop-control_1_2.png'
44.1302 	DATA 	Keypress: 3
44.1303 	DATA 	Keypress: 1
44.1363 	EXP 	Stim: image = 'Images/TMTstop-control_1_2.png'
44.1740 	EXP 	Stim: image = 'Images/TMTstop-control_1_2.png'
44.2010 	DATA 	Keypress: 2
44.2105 	EXP 	Stim: image = 'Images/TMTstop-control_1_2.png'
44.2469 	EXP 	Stim: image = 'Images/TMTstop-control_1_2.png'
44.2739 	DATA 	Keypress: 3
44.2740 	DATA 	Keypress: 1
44.2832 	EXP 	Stim: image = 'Images/TMTstop-control_1_2.png'
44.3109 	DATA 	Keypress: 2
44.3198 	EXP 	Stim: image = 'Images/TMTstop-control_1_2.png'
44.3241 	EXP 	New trial (rep=0, index=1): {'NumberLetter': 2, 'corrAns': ['3'], 'Correct': 3, 'StimFile': 'Images/TMTstop-control_1_2.png', 'Correct_StimFile': 'Images/TMTstop-control_1_2firstgreen.png', 'False_StimFile': 'Images/TMTstop-control_1_2firstred.png', 'Version': 'TMT_Control', 'Paper': 'C2', 'TrialNumber_Version': 27, 'Round': None, 'Block': 1}
44.3765 	EXP 	Stim: autoDraw = False
44.3765 	EXP 	Stim: image = 'Images/TMTstop-control_1_2firstgreen.png'
44.3765 	EXP 	Stim: autoDraw = True
44.4168 	EXP 	New trial (rep=0, index=2): {'NumberLetter': 3, 'corrAns': ['2'], 'Correct': 2, 'StimFile': 'Images/TMTstop-control_1_2linestimulus0.png', 'Correct_StimFile': 'Images/TMTstop-control_1_2greenlinestimulus0.png', 'False_StimFile': 'Images/TMTstop-control_1_2redlinestimulus0.png', 'Version': 'TMT_Control', 'Paper': 'C2', 'TrialNumber_Version': 28, 'Round': None, 'Block': 1}
44.4519 	DATA 	Keypress: 3
44.4520 	DATA 	Keypress: 1
44.4521 	DATA 	Keypress: 2
44.4666 	EXP 	Stim: autoDraw = False
44.4666 	EXP 	Stim: image = 'Images/TMTstop-control_1_2greenlinestimulus0.png'
44.4666 	EXP 	Stim: autoDraw = True
44.5369 	DATA 	Keypress: 3
44.5870 	DATA 	Keypress: 1
44.5871 	DATA 	Keypress: 2
44.6002 	EXP 	Stim: image = 'Images/TMTstop-control_1_2redlinestimulus0.png'
44.6048 	EXP 	New trial (rep=0, index=3): {'NumberLetter': 4, 'corrAns': ['3'], 'Correct': 3, 'StimFile': 'Images/TMTstop-control_1_2linestimulus1.png', 'Correct_StimFile': 'Images/TMTstop-control_1_2greenlinestimulus1.png', 'False_StimFile': 'Images/TMTstop-control_1_2redlinestimulus1.png', 'Version': 'TMT_Control', 'Paper': 'C2', 'TrialNumber_Version': 29, 'Round': None, 'Block': 1}
44.6501 	EXP 	Stim: autoDraw = False
44.6501 	EXP 	Stim: image = 'Images/TMTstop-control_1_2greenlinestimulus1.png'
44.6501 	EXP 	Stim: autoDraw = True
44.6885 	DATA 	Keypress: 3
44.7048 	EXP 	New trial (rep=0, index=4): {'NumberLetter': 5, 'corrAns': ['2'], 'Correct': 2, 'StimFile': 'Images/TMTstop-control_1_2linestimulus2.png', 'Correct_StimFile': 'Images/TMTstop-control_1_2greenlinestimulus2.png', 'False_StimFile': 'Images/TMTstop-control_1_2redlinestimulus2.png', 'Version': 'TMT_Control', 'Paper': 'C2', 'TrialNumber_Version': 30, 'Round': None, 'Block': 1}
44.7420 	DATA 	Keypress: 1
44.7421 	DATA 	Keypress: 2
44.7503 	EXP 	Stim: autoDraw = False
44.7503 	EXP 	Stim: image = 'Images/TMTstop-control_1_2greenlinestimulus2.png'
44.7503 	EXP 	Stim: autoDraw = True
44.8561 	DATA 	Keypress: 3
44.8562 	DATA 	Keypress: 1
44.9046 	DATA 	Keypress: 2
44.9166 	EXP 	Stim: image = 'Images/TMTstop-control_1_2redlinestimulus2.png'
44.9208 	EXP 	New trial (rep=0, index=5): {'NumberLetter': 6, 'corrAns': ['3'], 'Correct': 3, 'StimFile': 'Images/TMTstop-control_1_2linestimulus3.png', 'Correct_StimFile': 'Images/TMTstop-control_1_2greenlinestimulus3.png', 'False_StimFile': 'Images/TMTstop-control_1_2redlinestimulus3.png', 'Version': 'TMT_Control', 'Paper': 'C2', 'TrialNumber_Version': 31, 'Round': None, 'Block': 1}
44.9666 	EXP 	Stim: autoDraw = False
44.9666 	EXP 	Stim: image = 'Images/TMTstop-control_1_2greenlinestimulus3.png'
44.9666 	EXP 	Stim: autoDraw = True
45.0218 	EXP 	New trial (rep=0, index=6): {'NumberLetter': 7, 'corrAns': ['2'], 'Correct': 2, 'StimFile': 'Images/TMTstop-control_1_2linestimulus4.png', 'Correct_StimFile': 'Images/TMTstop-control_1_2greenlinestimulus4.png', 'False_StimFile': 'Images/TMTstop-control_1_2redlinestimulus4.png', 'Version': 'TMT_Control', 'Paper': 'C2', 'TrialNumber_Version': 32, 'Round': None, 'Block': 1}
45.0590 	DATA 	Keypress: 3
45.0591 	DATA 	Keypress: 1
45.0592 	DATA 	Keypress: 2
45.0669 	EXP 	Stim: autoDraw = False
45.0669 	EXP 	Stim: image = 'Images/TMTstop-control_1_2greenlinestimulus4.png'
45.0669 	EXP 	Stim: autoDraw = True
45.2200 	DATA 	Keypress: 1
45.2202 	DATA 	Keypress: 3
45.2202 	DATA 	Keypress: 2
45.2343 	EXP 	Stim: image = 'Images/TMTstop-control_1_2redlinestimulus4.png'
45.2388 	EXP 	New trial (rep=0, index=7): {'NumberLetter': 8, 'corrAns': ['1'], 'Correct': 1, 'StimFile': 'Images/TMTstop-control_1_2linestimulus4.png', 'Correct_StimFile': 'Images/TMTstop-control_1_2greenlinestimulus5.png', 'False_StimFile': 'Images/TMTstop-control_1_2redlinestimulus5.png', 'Version': 'TMT_Control', 'Paper': 'C2', 'TrialNumber_Version': 33, 'Round': None, 'Block': 1}
45.2846 	EXP 	Stim: autoDraw = False
45.2846 	EXP 	Stim: image = 'Images/TMTstop-control_1_2greenlinestimulus5.png'
45.2846 	EXP 	Stim: autoDraw = True
45.4198 	DATA 	Keypress: 3
45.4200 	DATA 	Keypress: 1
45.4361 	EXP 	Stim: image = 'Images/TMTstop-control_1_2redlinestimulus5.png'
45.4731 	DATA 	Keypress: 2
45.4854 	EXP 	Stim: image = 'Images/TMTstop-control_1_2redlinestimulus5.png'
45.5410 	EXP 	Stim: image = 'Images/TMTstop-control_1_2redlinestimulus5.png'
45.5769 	DATA 	Keypress: 3
45.5985 	EXP 	Stim: image = 'Images/TMTstop-control_1_2redlinestimulus5.png'
45.6028 	EXP 	New trial (rep=0, index=8): {'NumberLetter': 9, 'corrAns': ['3'], 'Correct': 3, 'StimFile': 'Images/TMTstop-control_1_2linestimulus6.png', 'Correct_StimFile': 'Images/TMTstop-control_1_2greenlinestimulus6.png', 'False_StimFile': 'Images/TMTstop-control_1_2redlinestimulus6.png', 'Version': 'TMT_Control', 'Paper': 'C2', 'TrialNumber_Version': 34, 'Round': None, 'Block': 1}
45.6390 	DATA 	Keypress: 1
45.6484 	EXP 	Stim: autoDraw = False
45.6484 	EXP 	Stim: image = 'Images/TMTstop-control_1_2greenlinestimulus6.png'
45.6484 	EXP 	Stim: autoDraw = True
45.7030 	DATA 	Keypress: 2
45.7219 	EXP 	Stim: image = 'Images/TMTstop-control_1_2redlinestimulus6.png'
45.7621 	DATA 	Keypress: 3
45.7720 	EXP 	Stim: image = 'Images/TMTstop-control_1_2redlinestimulus6.png'
45.7759 	EXP 	New trial (rep=0, index=9): {'NumberLetter': 10, 'corrAns': ['2'], 'Correct': 2, 'StimFile': 'Images/TMTstop-control_1_2linestimulus7.png', 'Correct_StimFile': 'Images/TMTstop-control_1_2greenlinestimulus7.png', 'False_StimFile': 'Images/TMTstop-control_1_2redlinestimulus7.png', 'Version': 'TMT_Control', 'Paper': 'C2', 'TrialNumber_Version': 35, 'Round': None, 'Block': 1}
45.8161 	DATA 	Keypress: 1
45.8162 	DATA 	Keypress: 2
45.8388 	EXP 	Stim: autoDraw = False
45.8388 	EXP 	Stim: image = 'Images/TMTstop-control_1_2greenlinestimulus7.png'
45.8388 	EXP 	Stim: autoDraw = True
45.9100 	DATA 	Keypress: 3
45.9268 	DATA 	Keypress: 1
45.9789 	DATA 	Keypress: 2
45.9888 	EXP 	Stim: image = 'Images/TMTstop-control_1_2redlinestimulus7.png'
45.9928 	EXP 	New trial (rep=0, index=10): {'NumberLetter': 11, 'corrAns': ['3'], 'Correct': 3, 'StimFile': 'Images/TMTstop-control_1_2linestimulus8.png', 'Correct_StimFile': 'Images/TMTstop-control_1_2greenlinestimulus8.png', 'False_StimFile': 'Images/TMTstop-control_1_2redlinestimulus8.png', 'Version': 'TMT_Control', 'Paper': 'C2', 'TrialNumber_Version': 36, 'Round': None, 'Block': 1}
46.0428 	EXP 	Stim: autoDraw = False
46.0428 	EXP 	Stim: image = 'Images/TMTstop-control_1_2greenlinestimulus8.png'
46.0428 	EXP 	Stim: autoDraw = True
46.0808 	EXP 	New trial (rep=0, index=11): {'NumberLetter': 12, 'corrAns': ['2'], 'Correct': 2, 'StimFile': 'Images/TMTstop-control_1_2linestimulus9.png', 'Correct_StimFile': 'Images/TMTstop-control_1_2greenlinestimulus9.png', 'False_StimFile': 'Images/TMTstop-control_1_2redlinestimulus9.png', 'Version': 'TMT_Control', 'Paper': 'C2', 'TrialNumber_Version': 37, 'Round': None, 'Block': 1}
46.1190 	DATA 	Keypress: 3
46.1191 	DATA 	Keypress: 1
46.1192 	DATA 	Keypress: 2
46.1256 	EXP 	Stim: autoDraw = False
46.1256 	EXP 	Stim: image = 'Images/TMTstop-control_1_2greenlinestimulus9.png'
46.1256 	EXP 	Stim: autoDraw = True
46.2491 	DATA 	Keypress: 1
46.2493 	DATA 	Keypress: 3
46.2494 	DATA 	Keypress: 2
46.2597 	EXP 	Stim: image = 'Images/TMTstop-control_1_2redlinestimulus9.png'
46.2638 	EXP 	New trial (rep=0, index=12): {'NumberLetter': 13, 'corrAns': ['3'], 'Correct': 3, 'StimFile': 'Images/TMTstop-control_1_2linestimulus10.png', 'Correct_StimFile': 'Images/TMTstop-control_1_2greenlinestimulus10.png', 'False_StimFile': 'Images/TMTstop-control_1_2redlinestimulus10.png', 'Version': 'TMT_Control', 'Paper': 'C2', 'TrialNumber_Version': 38, 'Round': None, 'Block': 1}
46.3159 	EXP 	Stim: autoDraw = False
46.3159 	EXP 	Stim: image = 'Images/TMTstop-control_1_2greenlinestimulus10.png'
46.3159 	EXP 	Stim: autoDraw = True
46.4038 	EXP 	New trial (rep=0, index=13): {'NumberLetter': 14, 'corrAns': ['2'], 'Correct': 2, 'StimFile': 'Images/TMTstop-control_1_2linestimulus11.png', 'Correct_StimFile': 'Images/TMTstop-control_1_2greenlinestimulus11.png', 'False_StimFile': 'Images/TMTstop-control_1_2redlinestimulus11.png', 'Version': 'TMT_Control', 'Paper': 'C2', 'TrialNumber_Version': 39, 'Round': None, 'Block': 1}
46.4390 	DATA 	Keypress: 1
46.4391 	DATA 	Keypress: 3
46.4395 	DATA 	Keypress: 2
46.4488 	EXP 	Stim: autoDraw = False
46.4488 	EXP 	Stim: image = 'Images/TMTstop-control_1_2greenlinestimulus11.png'
46.4488 	EXP 	Stim: autoDraw = True
46.5389 	DATA 	Keypress: 1
46.5391 	DATA 	Keypress: 2
46.5392 	DATA 	Keypress: 3
46.5492 	EXP 	Stim: image = 'Images/TMTstop-control_1_2redlinestimulus11.png'
46.5538 	EXP 	New trial (rep=0, index=14): {'NumberLetter': 15, 'corrAns': ['3'], 'Correct': 3, 'StimFile': 'Images/TMTstop-control_1_2linestimulus12.png', 'Correct_StimFile': 'Images/TMTstop-control_1_2greenlinestimulus12.png', 'False_StimFile': 'Images/TMTstop-control_1_2redlinestimulus12.png', 'Version': 'TMT_Control', 'Paper': 'C2', 'TrialNumber_Version': 40, 'Round': None, 'Block': 1}
46.6058 	EXP 	Stim: autoDraw = False
46.6058 	EXP 	Stim: image = 'Images/TMTstop-control_1_2greenlinestimulus12.png'
46.6058 	EXP 	Stim: autoDraw = True
46.6608 	EXP 	New trial (rep=0, index=15): {'NumberLetter': 16, 'corrAns': ['1'], 'Correct': 1, 'StimFile': 'Images/TMTstop-control_1_2linestimulus13.png', 'Correct_StimFile': 'Images/TMTstop-control_1_2greenlinestimulus13.png', 'False_StimFile': 'Images/TMTstop-control_1_2redlinestimulus13.png', 'Version': 'TMT_Control', 'Paper': 'C2', 'TrialNumber_Version': 41, 'Round': None, 'Block': 1}
46.6964 	DATA 	Keypress: 3
46.6965 	DATA 	Keypress: 1
46.7061 	EXP 	Stim: autoDraw = False
46.7061 	EXP 	Stim: image = 'Images/TMTstop-control_1_2greenlinestimulus13.png'
46.7061 	EXP 	Stim: autoDraw = True
46.7112 	DATA 	Keypress: 2
46.8268 	EXP 	New trial (rep=0, index=16): {'NumberLetter': 17, 'corrAns': ['2'], 'Correct': 2, 'StimFile': 'Images/TMTstop-control_1_2linestimulus14.png', 'Correct_StimFile': 'Images/TMTstop-control_1_2greenlinestimulus14.png', 'False_StimFile': 'Images/TMTstop-control_1_2redlinestimulus14.png', 'Version': 'TMT_Control', 'Paper': 'C2', 'TrialNumber_Version': 42, 'Round': None, 'Block': 1}
46.8631 	DATA 	Keypress: 3
46.8632 	DATA 	Keypress: 1
46.8633 	DATA 	Keypress: 2
46.8730 	EXP 	Stim: autoDraw = False
46.8730 	EXP 	Stim: image = 'Images/TMTstop-control_1_2greenlinestimulus14.png'
46.8730 	EXP 	Stim: autoDraw = True
46.8768 	EXP 	New trial (rep=0, index=17): {'NumberLetter': 18, 'corrAns': ['1'], 'Correct': 1, 'StimFile': 'Images/TMTstop-control_1_2linestimulus15.png', 'Correct_StimFile': 'Images/TMTstop-control_1_2greenlinestimulus15.png', 'False_StimFile': 'Images/TMTstop-control_1_2redlinestimulus15.png', 'Version': 'TMT_Control', 'Paper': 'C2', 'TrialNumber_Version': 43, 'Round': None, 'Block': 1}
46.9232 	EXP 	Stim: autoDraw = False
46.9232 	EXP 	Stim: image = 'Images/TMTstop-control_1_2greenlinestimulus15.png'
46.9232 	EXP 	Stim: autoDraw = True
47.0122 	DATA 	Keypress: 3
47.0124 	DATA 	Keypress: 1
47.0125 	DATA 	Keypress: 2
47.0233 	EXP 	Stim: image = 'Images/TMTstop-control_1_2redlinestimulus15.png'
47.0787 	EXP 	Stim: image = 'Images/TMTstop-control_1_2redlinestimulus15.png'
47.1155 	DATA 	Keypress: 3
47.1366 	EXP 	Stim: image = 'Images/TMTstop-control_1_2redlinestimulus15.png'
47.1413 	EXP 	New trial (rep=0, index=18): {'NumberLetter': 19, 'corrAns': ['2'], 'Correct': 2, 'StimFile': 'Images/TMTstop-control_1_2linestimulus16.png', 'Correct_StimFile': 'Images/TMTstop-control_1_2greenlinestimulus16.png', 'False_StimFile': 'Images/TMTstop-control_1_2redlinestimulus16.png', 'Version': 'TMT_Control', 'Paper': 'C2', 'TrialNumber_Version': 44, 'Round': None, 'Block': 1}
47.1785 	DATA 	Keypress: 1
47.1786 	DATA 	Keypress: 2
47.1865 	EXP 	Stim: autoDraw = False
47.1865 	EXP 	Stim: image = 'Images/TMTstop-control_1_2greenlinestimulus16.png'
47.1865 	EXP 	Stim: autoDraw = True
47.1903 	EXP 	New trial (rep=0, index=19): {'NumberLetter': 20, 'corrAns': ['3'], 'Correct': 3, 'StimFile': 'Images/TMTstop-control_1_2linestimulus17.png', 'Correct_StimFile': 'Images/TMTstop-control_1_2greenlinestimulus17.png', 'False_StimFile': 'Images/TMTstop-control_1_2redlinestimulus17.png', 'Version': 'TMT_Control', 'Paper': 'C2', 'TrialNumber_Version': 45, 'Round': None, 'Block': 1}
47.2381 	EXP 	Stim: autoDraw = False
47.2381 	EXP 	Stim: image = 'Images/TMTstop-control_1_2greenlinestimulus17.png'
47.2381 	EXP 	Stim: autoDraw = True
47.2923 	EXP 	New trial (rep=0, index=20): {'NumberLetter': 21, 'corrAns': ['1'], 'Correct': 1, 'StimFile': 'Images/TMTstop-control_1_2linestimulus18.png', 'Correct_StimFile': 'Images/TMTstop-control_1_2greenlinestimulus18.png', 'False_StimFile': 'Images/TMTstop-control_1_2redlinestimulus18.png', 'Version': 'TMT_Control', 'Paper': 'C2', 'TrialNumber_Version': 46, 'Round': None, 'Block': 1}
47.3274 	DATA 	Keypress: 3
47.3276 	DATA 	Keypress: 1
47.3382 	EXP 	Stim: autoDraw = False
47.3382 	EXP 	Stim: image = 'Images/TMTstop-control_1_2greenlinestimulus18.png'
47.3382 	EXP 	Stim: autoDraw = True
47.3424 	DATA 	Keypress: 2
47.4593 	EXP 	New trial (rep=0, index=21): {'NumberLetter': 22, 'corrAns': ['3'], 'Correct': 3, 'StimFile': 'Images/TMTstop-control_1_2linestimulus19.png', 'Correct_StimFile': 'Images/TMTstop-control_1_2greenlinestimulus19.png', 'False_StimFile': 'Images/TMTstop-control_1_2redlinestimulus19.png', 'Version': 'TMT_Control', 'Paper': 'C2', 'TrialNumber_Version': 47, 'Round': None, 'Block': 1}
47.4914 	DATA 	Keypress: 1
47.4916 	DATA 	Keypress: 3
47.4916 	DATA 	Keypress: 2
47.5048 	EXP 	Stim: autoDraw = False
47.5048 	EXP 	Stim: image = 'Images/TMTstop-control_1_2greenlinestimulus19.png'
47.5048 	EXP 	Stim: autoDraw = True
47.5551 	EXP 	Stim: image = 'Images/TMTstop-control_1_2redlinestimulus19.png'
47.6108 	EXP 	Stim: image = 'Images/TMTstop-control_1_2redlinestimulus19.png'
47.6153 	EXP 	New trial (rep=0, index=22): {'NumberLetter': 23, 'corrAns': ['2'], 'Correct': 2, 'StimFile': 'Images/TMTstop-control_1_2linestimulus20.png', 'Correct_StimFile': 'Images/TMTstop-control_1_2greenlinestimulus20.png', 'False_StimFile': 'Images/TMTstop-control_1_2redlinestimulus20.png', 'Version': 'TMT_Control', 'Paper': 'C2', 'TrialNumber_Version': 48, 'Round': None, 'Block': 1}
47.6504 	DATA 	Keypress: 3
47.6506 	DATA 	Keypress: 1
47.6507 	DATA 	Keypress: 2
47.6672 	EXP 	Stim: autoDraw = False
47.6672 	EXP 	Stim: image = 'Images/TMTstop-control_1_2greenlinestimulus20.png'
47.6672 	EXP 	Stim: autoDraw = True
47.7895 	DATA 	Keypress: 1
47.7896 	DATA 	Keypress: 2
47.7897 	DATA 	Keypress: 3
47.8004 	EXP 	Stim: image = 'Images/TMTstop-control_1_2redlinestimulus20.png'
47.8046 	EXP 	New trial (rep=0, index=23): {'NumberLetter': 24, 'corrAns': ['3'], 'Correct': 3, 'StimFile': 'Images/TMTstop-control_1_2linestimulus21.png', 'Correct_StimFile': 'Images/TMTstop-control_1_2greenlinestimulus21.png', 'False_StimFile': 'Images/TMTstop-control_1_2redlinestimulus21.png', 'Version': 'TMT_Control', 'Paper': 'C2', 'TrialNumber_Version': 49, 'Round': None, 'Block': 1}
47.8565 	EXP 	Stim: autoDraw = False
47.8565 	EXP 	Stim: image = 'Images/TMTstop-control_1_2greenlinestimulus21.png'
47.8565 	EXP 	Stim: autoDraw = True
47.9133 	EXP 	New trial (rep=0, index=24): {'NumberLetter': 25, 'corrAns': ['1'], 'Correct': 1, 'StimFile': 'Images/TMTstop-control_1_2linestimulus22.png', 'Correct_StimFile': 'Images/TMTstop-control_1_2greenlinestimulus22.png', 'False_StimFile': 'Images/TMTstop-control_1_2redlinestimulus22.png', 'Version': 'TMT_Control', 'Paper': 'C2', 'TrialNumber_Version': 50, 'Round': None, 'Block': 1}
47.9475 	DATA 	Keypress: 3
47.9477 	DATA 	Keypress: 1
47.9478 	DATA 	Keypress: 2
47.9660 	EXP 	Stim: autoDraw = False
47.9660 	EXP 	Stim: image = 'Images/TMTstop-control_1_2greenlinestimulus22.png'
47.9660 	EXP 	Stim: autoDraw = True
48.0544 	EXP 	New trial (rep=0, index=25): {'NumberLetter': None, 'corrAns': None, 'Correct': None, 'StimFile': 'Images/TMTstop-control_1_2linestimulus23.png', 'Correct_StimFile': 'Images/TMTstop-control_1_2greenlinestimulus23.png', 'False_StimFile': 'Images/TMTstop-control_1_2redlinestimulus23.png', 'Version': 'TMT_Control', 'Paper': 'C2', 'TrialNumber_Version': 'Feedback_last', 'Round': None, 'Block': 1}
48.0884 	DATA 	Keypress: 3
48.0885 	DATA 	Keypress: 1
48.1003 	EXP 	Stim: autoDraw = False
48.1003 	EXP 	Stim: image = 'Images/TMTstop-control_1_2greenlinestimulus23.png'
48.1003 	EXP 	Stim: autoDraw = True
48.1714 	DATA 	Keypress: 1
49.1452 	EXP 	Stim: autoDraw = False
49.1452 	EXP 	polygon_4: autoDraw = True
52.1164 	EXP 	polygon_4: autoDraw = False
52.1164 	EXP 	polygon: autoDraw = True
83.8433 	EXP 	Imported TMT_conditions.xlsx as conditions, 3 conditions, 2 params
83.8436 	EXP 	Created sequence: sequential, trialTypes=3, nReps=1, seed=None
83.8438 	EXP 	New trial (rep=0, index=0): {'Block_paper': 'A1', 'Condition_rows': '208:234'}
84.0265 	EXP 	Imported TMT_trials.xlsx as conditions, 26 conditions, 11 params
84.0270 	EXP 	Created sequence: sequential, trialTypes=26, nReps=1, seed=None
84.0273 	EXP 	New trial (rep=0, index=0): {'NumberLetter': 1, 'corrAns': ['1'], 'Correct': 1, 'StimFile': 'Images/TMTstop-A_1_1.png', 'Correct_StimFile': 'Images/TMTstop-A_1_1.png', 'False_StimFile': 'Images/TMTstop-A_1_1.png', 'Version': 'TMT_A', 'Paper': 'A1', 'TrialNumber_Version': 1, 'Round': 1, 'Block': 2}
84.0792 	EXP 	polygon: autoDraw = False
84.0792 	EXP 	Stim: image = 'Images/TMTstop-A_1_1.png'
84.0792 	EXP 	Stim: autoDraw = True
85.5021 	EXP 	New trial (rep=0, index=1): {'NumberLetter': 2, 'corrAns': ['3'], 'Correct': 3, 'StimFile': 'Images/TMTstop-A_1_1.png', 'Correct_StimFile': 'Images/TMTstop-A_1_1firstgreen.png', 'False_StimFile': 'Images/TMTstop-A_1_1firstred.png', 'Version': 'TMT_A', 'Paper': 'A1', 'TrialNumber_Version': 2, 'Round': None, 'Block': 2}
85.5380 	DATA 	Keypress: 1
85.5550 	EXP 	Stim: autoDraw = False
85.5550 	EXP 	Stim: image = 'Images/TMTstop-A_1_1firstgreen.png'
85.5550 	EXP 	Stim: autoDraw = True
85.6741 	DATA 	Keypress: 2
85.6754 	DATA 	Keypress: 3
85.6756 	DATA 	Keypress: 1
85.6960 	EXP 	Stim: image = 'Images/TMTstop-A_1_1firstred.png'
85.6998 	EXP 	New trial (rep=0, index=2): {'NumberLetter': 3, 'corrAns': ['1'], 'Correct': 1, 'StimFile': 'Images/TMTstop-A_1_1linestimulus0.png', 'Correct_StimFile': 'Images/TMTstop-A_1_1greenlinestimulus0.png', 'False_StimFile': 'Images/TMTstop-A_1_1redlinestimulus0.png', 'Version': 'TMT_A', 'Paper': 'A1', 'TrialNumber_Version': 3, 'Round': None, 'Block': 2}
85.7371 	DATA 	Keypress: 2
85.7465 	EXP 	Stim: autoDraw = False
85.7465 	EXP 	Stim: image = 'Images/TMTstop-A_1_1greenlinestimulus0.png'
85.7465 	EXP 	Stim: autoDraw = True
85.8340 	DATA 	Keypress: 1
85.8509 	EXP 	New trial (rep=0, index=3): {'NumberLetter': 4, 'corrAns': ['3'], 'Correct': 3, 'StimFile': 'Images/TMTstop-A_1_1linestimulus1.png', 'Correct_StimFile': 'Images/TMTstop-A_1_1greenlinestimulus1.png', 'False_StimFile': 'Images/TMTstop-A_1_1redlinestimulus1.png', 'Version': 'TMT_A', 'Paper': 'A1', 'TrialNumber_Version': 4, 'Round': None, 'Block': 2}
85.8870 	DATA 	Keypress: 3
85.9129 	EXP 	Stim: autoDraw = False
85.9129 	EXP 	Stim: image = 'Images/TMTstop-A_1_1greenlinestimulus1.png'
85.9129 	EXP 	Stim: autoDraw = True
85.9520 	DATA 	Keypress: 2
85.9633 	EXP 	Stim: image = 'Images/TMTstop-A_1_1redlinestimulus1.png'
86.0033 	DATA 	Keypress: 3
86.0034 	DATA 	Keypress: 1
86.0128 	EXP 	Stim: image = 'Images/TMTstop-A_1_1redlinestimulus1.png'
86.0169 	EXP 	New trial (rep=0, index=4): {'NumberLetter': 5, 'corrAns': ['1'], 'Correct': 1, 'StimFile': 'Images/TMTstop-A_1_1linestimulus2.png', 'Correct_StimFile': 'Images/TMTstop-A_1_1greenlinestimulus2.png', 'False_StimFile': 'Images/TMTstop-A_1_1redlinestimulus2.png', 'Version': 'TMT_A', 'Paper': 'A1', 'TrialNumber_Version': 5, 'Round': None, 'Block': 2}
86.0520 	DATA 	Keypress: 2
86.0635 	EXP 	Stim: autoDraw = False
86.0635 	EXP 	Stim: image = 'Images/TMTstop-A_1_1greenlinestimulus2.png'
86.0635 	EXP 	Stim: autoDraw = True
86.1349 	DATA 	Keypress: 3
86.1509 	EXP 	New trial (rep=0, index=5): {'NumberLetter': 6, 'corrAns': ['3'], 'Correct': 3, 'StimFile': 'Images/TMTstop-A_1_1linestimulus3.png', 'Correct_StimFile': 'Images/TMTstop-A_1_1greenlinestimulus3.png', 'False_StimFile': 'Images/TMTstop-A_1_1redlinestimulus3.png', 'Version': 'TMT_A', 'Paper': 'A1', 'TrialNumber_Version': 6, 'Round': None, 'Block': 2}
86.1870 	DATA 	Keypress: 1
86.1871 	DATA 	Keypress: 2
86.1964 	EXP 	Stim: autoDraw = False
86.1964 	EXP 	Stim: image = 'Images/TMTstop-A_1_1greenlinestimulus3.png'
86.1964 	EXP 	Stim: autoDraw = True
86.2509 	EXP 	Stim: image = 'Images/TMTstop-A_1_1redlinestimulus3.png'
86.2906 	DATA 	Keypress: 3
86.3079 	EXP 	Stim: image = 'Images/TMTstop-A_1_1redlinestimulus3.png'
86.3119 	EXP 	New trial (rep=0, index=6): {'NumberLetter': 7, 'corrAns': ['1'], 'Correct': 1, 'StimFile': 'Images/TMTstop-A_1_1linestimulus4.png', 'Correct_StimFile': 'Images/TMTstop-A_1_1greenlinestimulus4.png', 'False_StimFile': 'Images/TMTstop-A_1_1redlinestimulus4.png', 'Version': 'TMT_A', 'Paper': 'A1', 'TrialNumber_Version': 7, 'Round': None, 'Block': 2}
86.3521 	DATA 	Keypress: 1
86.3522 	DATA 	Keypress: 2
86.3744 	EXP 	Stim: autoDraw = False
86.3744 	EXP 	Stim: image = 'Images/TMTstop-A_1_1greenlinestimulus4.png'
86.3744 	EXP 	Stim: autoDraw = True
86.4790 	DATA 	Keypress: 1
86.5310 	DATA 	Keypress: 2
86.5415 	EXP 	Stim: image = 'Images/TMTstop-A_1_1redlinestimulus4.png'
86.5800 	DATA 	Keypress: 3
86.5912 	EXP 	Stim: image = 'Images/TMTstop-A_1_1redlinestimulus4.png'
86.6485 	EXP 	Stim: image = 'Images/TMTstop-A_1_1redlinestimulus4.png'
86.6829 	DATA 	Keypress: 1
86.6986 	EXP 	Stim: image = 'Images/TMTstop-A_1_1redlinestimulus4.png'
86.7370 	DATA 	Keypress: 3
86.7372 	DATA 	Keypress: 2
86.7486 	EXP 	Stim: image = 'Images/TMTstop-A_1_1redlinestimulus4.png'
86.7987 	EXP 	Stim: image = 'Images/TMTstop-A_1_1redlinestimulus4.png'
86.8487 	EXP 	Stim: image = 'Images/TMTstop-A_1_1redlinestimulus4.png'
86.8850 	DATA 	Keypress: 3
86.8851 	DATA 	Keypress: 1
86.8988 	EXP 	Stim: image = 'Images/TMTstop-A_1_1redlinestimulus4.png'
86.9028 	EXP 	New trial (rep=0, index=7): {'NumberLetter': 8, 'corrAns': ['2'], 'Correct': 2, 'StimFile': 'Images/TMTstop-A_1_1linestimulus5.png', 'Correct_StimFile': 'Images/TMTstop-A_1_1greenlinestimulus5.png', 'False_StimFile': 'Images/TMTstop-A_1_1redlinestimulus5.png', 'Version': 'TMT_A', 'Paper': 'A1', 'TrialNumber_Version': 8, 'Round': None, 'Block': 2}
86.9420 	DATA 	Keypress: 2
86.9656 	EXP 	Stim: autoDraw = False
86.9656 	EXP 	Stim: image = 'Images/TMTstop-A_1_1greenlinestimulus5.png'
86.9656 	EXP 	Stim: autoDraw = True
86.9698 	EXP 	New trial (rep=0, index=8): {'NumberLetter': 9, 'corrAns': ['3'], 'Correct': 3, 'StimFile': 'Images/TMTstop-A_1_1linestimulus6.png', 'Correct_StimFile': 'Images/TMTstop-A_1_1greenlinestimulus6.png', 'False_StimFile': 'Images/TMTstop-A_1_1redlinestimulus6.png', 'Version': 'TMT_A', 'Paper': 'A1', 'TrialNumber_Version': 9, 'Round': None, 'Block': 2}
87.0177 	EXP 	Stim: autoDraw = False
87.0177 	EXP 	Stim: image = 'Images/TMTstop-A_1_1greenlinestimulus6.png'
87.0177 	EXP 	Stim: autoDraw = True
87.0218 	EXP 	New trial (rep=0, index=9): {'NumberLetter': 10, 'corrAns': ['1'], 'Correct': 1, 'StimFile': 'Images/TMTstop-A_1_1linestimulus7.png', 'Correct_StimFile': 'Images/TMTstop-A_1_1greenlinestimulus7.png', 'False_StimFile': 'Images/TMTstop-A_1_1redlinestimulus7.png', 'Version': 'TMT_A', 'Paper': 'A1', 'TrialNumber_Version': 10, 'Round': None, 'Block': 2}
87.0600 	DATA 	Keypress: 3
87.0601 	DATA 	Keypress: 1
87.0602 	DATA 	Keypress: 2
87.0721 	EXP 	Stim: autoDraw = False
87.0721 	EXP 	Stim: image = 'Images/TMTstop-A_1_1greenlinestimulus7.png'
87.0721 	EXP 	Stim: autoDraw = True
87.1769 	EXP 	New trial (rep=0, index=10): {'NumberLetter': 11, 'corrAns': ['3'], 'Correct': 3, 'StimFile': 'Images/TMTstop-A_1_1linestimulus8.png', 'Correct_StimFile': 'Images/TMTstop-A_1_1greenlinestimulus8.png', 'False_StimFile': 'Images/TMTstop-A_1_1redlinestimulus8.png', 'Version': 'TMT_A', 'Paper': 'A1', 'TrialNumber_Version': 11, 'Round': None, 'Block': 2}
87.2129 	DATA 	Keypress: 1
87.2131 	DATA 	Keypress: 3
87.2132 	DATA 	Keypress: 2
87.2225 	EXP 	Stim: autoDraw = False
87.2225 	EXP 	Stim: image = 'Images/TMTstop-A_1_1greenlinestimulus8.png'
87.2225 	EXP 	Stim: autoDraw = True
87.2796 	EXP 	Stim: image = 'Images/TMTstop-A_1_1redlinestimulus8.png'
87.3295 	EXP 	Stim: image = 'Images/TMTstop-A_1_1redlinestimulus8.png'
87.3340 	EXP 	New trial (rep=0, index=11): {'NumberLetter': 12, 'corrAns': ['2'], 'Correct': 2, 'StimFile': 'Images/TMTstop-A_1_1linestimulus9.png', 'Correct_StimFile': 'Images/TMTstop-A_1_1greenlinestimulus9.png', 'False_StimFile': 'Images/TMTstop-A_1_1redlinestimulus9.png', 'Version': 'TMT_A', 'Paper': 'A1', 'TrialNumber_Version': 12, 'Round': None, 'Block': 2}
87.3729 	DATA 	Keypress: 3
87.3731 	DATA 	Keypress: 1
87.3732 	DATA 	Keypress: 2
87.3963 	EXP 	Stim: autoDraw = False
87.3963 	EXP 	Stim: image = 'Images/TMTstop-A_1_1greenlinestimulus9.png'
87.3963 	EXP 	Stim: autoDraw = True
87.5360 	DATA 	Keypress: 1
87.5361 	DATA 	Keypress: 3
87.5465 	EXP 	Stim: image = 'Images/TMTstop-A_1_1redlinestimulus9.png'
87.5509 	EXP 	New trial (rep=0, index=12): {'NumberLetter': 13, 'corrAns': ['1'], 'Correct': 1, 'StimFile': 'Images/TMTstop-A_1_1linestimulus10.png', 'Correct_StimFile': 'Images/TMTstop-A_1_1greenlinestimulus10.png', 'False_StimFile': 'Images/TMTstop-A_1_1redlinestimulus10.png', 'Version': 'TMT_A', 'Paper': 'A1', 'TrialNumber_Version': 13, 'Round': None, 'Block': 2}
87.5890 	DATA 	Keypress: 2
87.6008 	EXP 	Stim: autoDraw = False
87.6008 	EXP 	Stim: image = 'Images/TMTstop-A_1_1greenlinestimulus10.png'
87.6008 	EXP 	Stim: autoDraw = True
87.7070 	DATA 	Keypress: 3
87.7071 	DATA 	Keypress: 1
87.7171 	EXP 	Stim: image = 'Images/TMTstop-A_1_1redlinestimulus10.png'
87.7570 	DATA 	Keypress: 2
87.7744 	EXP 	Stim: image = 'Images/TMTstop-A_1_1redlinestimulus10.png'
87.8298 	EXP 	Stim: image = 'Images/TMTstop-A_1_1redlinestimulus10.png'
87.8339 	EXP 	New trial (rep=0, index=13): {'NumberLetter': 14, 'corrAns': ['2'], 'Correct': 2, 'StimFile': 'Images/TMTstop-A_1_1linestimulus11.png', 'Correct_StimFile': 'Images/TMTstop-A_1_1greenlinestimulus11.png', 'False_StimFile': 'Images/TMTstop-A_1_1redlinestimulus11.png', 'Version': 'TMT_A', 'Paper': 'A1', 'TrialNumber_Version': 14, 'Round': None, 'Block': 2}
87.8720 	DATA 	Keypress: 1
87.8721 	DATA 	Keypress: 3
87.8724 	DATA 	Keypress: 2
87.8966 	EXP 	Stim: autoDraw = False
87.8966 	EXP 	Stim: image = 'Images/TMTstop-A_1_1greenlinestimulus11.png'
87.8966 	EXP 	Stim: autoDraw = True
87.9008 	EXP 	New trial (rep=0, index=14): {'NumberLetter': 15, 'corrAns': ['1'], 'Correct': 1, 'StimFile': 'Images/TMTstop-A_1_1linestimulus12.png', 'Correct_StimFile': 'Images/TMTstop-A_1_1greenlinestimulus12.png', 'False_StimFile': 'Images/TMTstop-A_1_1redlinestimulus12.png', 'Version': 'TMT_A', 'Paper': 'A1', 'TrialNumber_Version': 15, 'Round': None, 'Block': 2}
87.9465 	EXP 	Stim: autoDraw = False
87.9465 	EXP 	Stim: image = 'Images/TMTstop-A_1_1greenlinestimulus12.png'
87.9465 	EXP 	Stim: autoDraw = True
88.0210 	DATA 	Keypress: 3
88.0211 	DATA 	Keypress: 1
88.0300 	EXP 	Stim: image = 'Images/TMTstop-A_1_1redlinestimulus12.png'
88.0689 	DATA 	Keypress: 2
88.0815 	EXP 	Stim: image = 'Images/TMTstop-A_1_1redlinestimulus12.png'
88.1309 	EXP 	Stim: image = 'Images/TMTstop-A_1_1redlinestimulus12.png'
88.1710 	DATA 	Keypress: 1
88.1712 	DATA 	Keypress: 3
88.1824 	EXP 	Stim: image = 'Images/TMTstop-A_1_1redlinestimulus12.png'
88.1869 	EXP 	New trial (rep=0, index=15): {'NumberLetter': 16, 'corrAns': ['2'], 'Correct': 2, 'StimFile': 'Images/TMTstop-A_1_1linestimulus13.png', 'Correct_StimFile': 'Images/TMTstop-A_1_1greenlinestimulus13.png', 'False_StimFile': 'Images/TMTstop-A_1_1redlinestimulus13.png', 'Version': 'TMT_A', 'Paper': 'A1', 'TrialNumber_Version': 16, 'Round': None, 'Block': 2}
88.2250 	DATA 	Keypress: 2
88.2316 	EXP 	Stim: autoDraw = False
88.2316 	EXP 	Stim: image = 'Images/TMTstop-A_1_1greenlinestimulus13.png'
88.2316 	EXP 	Stim: autoDraw = True
88.2358 	EXP 	New trial (rep=0, index=16): {'NumberLetter': 17, 'corrAns': ['1'], 'Correct': 1, 'StimFile': 'Images/TMTstop-A_1_1linestimulus14.png', 'Correct_StimFile': 'Images/TMTstop-A_1_1greenlinestimulus14.png', 'False_StimFile': 'Images/TMTstop-A_1_1redlinestimulus14.png', 'Version': 'TMT_A', 'Paper': 'A1', 'TrialNumber_Version': 17, 'Round': None, 'Block': 2}
88.2842 	EXP 	Stim: autoDraw = False
88.2842 	EXP 	Stim: image = 'Images/TMTstop-A_1_1greenlinestimulus14.png'
88.2842 	EXP 	Stim: autoDraw = True
88.3400 	DATA 	Keypress: 3
88.3402 	DATA 	Keypress: 1
88.3582 	EXP 	Stim: image = 'Images/TMTstop-A_1_1redlinestimulus14.png'
88.4090 	DATA 	Keypress: 2
88.4249 	EXP 	Stim: image = 'Images/TMTstop-A_1_1redlinestimulus14.png'
88.4816 	DATA 	Keypress: 3
88.4818 	DATA 	Keypress: 1
88.4972 	EXP 	Stim: image = 'Images/TMTstop-A_1_1redlinestimulus14.png'
88.5024 	EXP 	New trial (rep=0, index=17): {'NumberLetter': 18, 'corrAns': ['3'], 'Correct': 3, 'StimFile': 'Images/TMTstop-A_1_1linestimulus15.png', 'Correct_StimFile': 'Images/TMTstop-A_1_1greenlinestimulus15.png', 'False_StimFile': 'Images/TMTstop-A_1_1redlinestimulus15.png', 'Version': 'TMT_A', 'Paper': 'A1', 'TrialNumber_Version': 18, 'Round': None, 'Block': 2}
88.5572 	DATA 	Keypress: 2
88.5728 	EXP 	Stim: autoDraw = False
88.5728 	EXP 	Stim: image = 'Images/TMTstop-A_1_1greenlinestimulus15.png'
88.5728 	EXP 	Stim: autoDraw = True
88.6281 	DATA 	Keypress: 3
88.6393 	EXP 	Stim: image = 'Images/TMTstop-A_1_1redlinestimulus15.png'
88.6439 	EXP 	New trial (rep=0, index=18): {'NumberLetter': 19, 'corrAns': ['2'], 'Correct': 2, 'StimFile': 'Images/TMTstop-A_1_1linestimulus16.png', 'Correct_StimFile': 'Images/TMTstop-A_1_1greenlinestimulus16.png', 'False_StimFile': 'Images/TMTstop-A_1_1redlinestimulus16.png', 'Version': 'TMT_A', 'Paper': 'A1', 'TrialNumber_Version': 19, 'Round': None, 'Block': 2}
88.6881 	DATA 	Keypress: 1
88.6882 	DATA 	Keypress: 2
88.7061 	EXP 	Stim: autoDraw = False
88.7061 	EXP 	Stim: image = 'Images/TMTstop-A_1_1greenlinestimulus16.png'
88.7061 	EXP 	Stim: autoDraw = True
88.8486 	DATA 	Keypress: 1
88.8488 	DATA 	Keypress: 3
88.8489 	DATA 	Keypress: 2
88.8595 	EXP 	Stim: image = 'Images/TMTstop-A_1_1redlinestimulus16.png'
88.8638 	EXP 	New trial (rep=0, index=19): {'NumberLetter': 20, 'corrAns': ['3'], 'Correct': 3, 'StimFile': 'Images/TMTstop-A_1_1linestimulus17.png', 'Correct_StimFile': 'Images/TMTstop-A_1_1greenlinestimulus17.png', 'False_StimFile': 'Images/TMTstop-A_1_1redlinestimulus17.png', 'Version': 'TMT_A', 'Paper': 'A1', 'TrialNumber_Version': 20, 'Round': None, 'Block': 2}
88.9095 	EXP 	Stim: autoDraw = False
88.9095 	EXP 	Stim: image = 'Images/TMTstop-A_1_1greenlinestimulus17.png'
88.9095 	EXP 	Stim: autoDraw = True
88.9634 	EXP 	New trial (rep=0, index=20): {'NumberLetter': 21, 'corrAns': ['1'], 'Correct': 1, 'StimFile': 'Images/TMTstop-A_1_1linestimulus18.png', 'Correct_StimFile': 'Images/TMTstop-A_1_1greenlinestimulus18.png', 'False_StimFile': 'Images/TMTstop-A_1_1redlinestimulus18.png', 'Version': 'TMT_A', 'Paper': 'A1', 'TrialNumber_Version': 21, 'Round': None, 'Block': 2}
88.9995 	DATA 	Keypress: 3
88.9996 	DATA 	Keypress: 1
89.0096 	EXP 	Stim: autoDraw = False
89.0096 	EXP 	Stim: image = 'Images/TMTstop-A_1_1greenlinestimulus18.png'
89.0096 	EXP 	Stim: autoDraw = True
89.0135 	DATA 	Keypress: 2
89.1145 	DATA 	Keypress: 1
89.1304 	EXP 	New trial (rep=0, index=21): {'NumberLetter': 22, 'corrAns': ['3'], 'Correct': 3, 'StimFile': 'Images/TMTstop-A_1_1linestimulus19.png', 'Correct_StimFile': 'Images/TMTstop-A_1_1greenlinestimulus19.png', 'False_StimFile': 'Images/TMTstop-A_1_1redlinestimulus19.png', 'Version': 'TMT_A', 'Paper': 'A1', 'TrialNumber_Version': 22, 'Round': None, 'Block': 2}
89.1697 	DATA 	Keypress: 3
89.1928 	EXP 	Stim: autoDraw = False
89.1928 	EXP 	Stim: image = 'Images/TMTstop-A_1_1greenlinestimulus19.png'
89.1928 	EXP 	Stim: autoDraw = True
89.2309 	DATA 	Keypress: 2
89.2432 	EXP 	Stim: image = 'Images/TMTstop-A_1_1redlinestimulus19.png'
89.2819 	DATA 	Keypress: 3
89.2990 	EXP 	Stim: image = 'Images/TMTstop-A_1_1redlinestimulus19.png'
89.3037 	EXP 	New trial (rep=0, index=22): {'NumberLetter': 23, 'corrAns': ['1'], 'Correct': 1, 'StimFile': 'Images/TMTstop-A_1_1linestimulus20.png', 'Correct_StimFile': 'Images/TMTstop-A_1_1greenlinestimulus20.png', 'False_StimFile': 'Images/TMTstop-A_1_1redlinestimulus20.png', 'Version': 'TMT_A', 'Paper': 'A1', 'TrialNumber_Version': 23, 'Round': None, 'Block': 2}
89.3459 	DATA 	Keypress: 1
89.3460 	DATA 	Keypress: 2
89.3656 	EXP 	Stim: autoDraw = False
89.3656 	EXP 	Stim: image = 'Images/TMTstop-A_1_1greenlinestimulus20.png'
89.3656 	EXP 	Stim: autoDraw = True
89.4367 	EXP 	New trial (rep=0, index=23): {'NumberLetter': 24, 'corrAns': ['3'], 'Correct': 3, 'StimFile': 'Images/TMTstop-A_1_1linestimulus21.png', 'Correct_StimFile': 'Images/TMTstop-A_1_1greenlinestimulus21.png', 'False_StimFile': 'Images/TMTstop-A_1_1redlinestimulus21.png', 'Version': 'TMT_A', 'Paper': 'A1', 'TrialNumber_Version': 24, 'Round': None, 'Block': 2}
89.4728 	DATA 	Keypress: 1
89.4729 	DATA 	Keypress: 3
89.4825 	EXP 	Stim: autoDraw = False
89.4825 	EXP 	Stim: image = 'Images/TMTstop-A_1_1greenlinestimulus21.png'
89.4825 	EXP 	Stim: autoDraw = True
89.5378 	DATA 	Keypress: 2
89.5492 	EXP 	Stim: image = 'Images/TMTstop-A_1_1redlinestimulus21.png'
89.6048 	EXP 	Stim: image = 'Images/TMTstop-A_1_1redlinestimulus21.png'
89.6087 	EXP 	New trial (rep=0, index=24): {'NumberLetter': 25, 'corrAns': ['1'], 'Correct': 1, 'StimFile': 'Images/TMTstop-A_1_1linestimulus22.png', 'Correct_StimFile': 'Images/TMTstop-A_1_1greenlinestimulus22.png', 'False_StimFile': 'Images/TMTstop-A_1_1redlinestimulus22.png', 'Version': 'TMT_A', 'Paper': 'A1', 'TrialNumber_Version': 25, 'Round': None, 'Block': 2}
89.6489 	DATA 	Keypress: 3
89.6490 	DATA 	Keypress: 1
89.6714 	EXP 	Stim: autoDraw = False
89.6714 	EXP 	Stim: image = 'Images/TMTstop-A_1_1greenlinestimulus22.png'
89.6714 	EXP 	Stim: autoDraw = True
89.6758 	DATA 	Keypress: 2
89.7468 	EXP 	New trial (rep=0, index=25): {'NumberLetter': None, 'corrAns': None, 'Correct': None, 'StimFile': 'Images/TMTstop-A_1_1linestimulus23.png', 'Correct_StimFile': 'Images/TMTstop-A_1_1greenlinestimulus23.png', 'False_StimFile': 'Images/TMTstop-A_1_1redlinestimulus23.png', 'Version': 'TMT_A', 'Paper': 'A1', 'TrialNumber_Version': 'Feedback_last', 'Round': None, 'Block': 2}
89.7828 	DATA 	Keypress: 1
89.7830 	DATA 	Keypress: 3
89.7993 	EXP 	Stim: autoDraw = False
89.7993 	EXP 	Stim: image = 'Images/TMTstop-A_1_1greenlinestimulus23.png'
89.7993 	EXP 	Stim: autoDraw = True
89.8409 	DATA 	Keypress: 2
89.8542 	EXP 	Stim: image = 'Images/TMTstop-A_1_1redlinestimulus23.png'
89.9047 	EXP 	Stim: image = 'Images/TMTstop-A_1_1redlinestimulus23.png'
89.9459 	DATA 	Keypress: 3
89.9460 	DATA 	Keypress: 1
89.9546 	EXP 	Stim: image = 'Images/TMTstop-A_1_1redlinestimulus23.png'
89.9949 	DATA 	Keypress: 2
90.0048 	EXP 	Stim: image = 'Images/TMTstop-A_1_1redlinestimulus23.png'
90.0546 	EXP 	Stim: image = 'Images/TMTstop-A_1_1redlinestimulus23.png'
90.0938 	DATA 	Keypress: 1
90.0939 	DATA 	Keypress: 3
90.1050 	EXP 	Stim: image = 'Images/TMTstop-A_1_1redlinestimulus23.png'
90.1510 	DATA 	Keypress: 2
90.1716 	EXP 	Stim: image = 'Images/TMTstop-A_1_1redlinestimulus23.png'
90.2159 	DATA 	Keypress: 3
90.2242 	EXP 	Stim: image = 'Images/TMTstop-A_1_1redlinestimulus23.png'
90.2642 	DATA 	Keypress: 1
90.2643 	DATA 	Keypress: 2
90.2802 	EXP 	Stim: image = 'Images/TMTstop-A_1_1redlinestimulus23.png'
90.3199 	DATA 	Keypress: 3
90.3328 	EXP 	Stim: image = 'Images/TMTstop-A_1_1redlinestimulus23.png'
90.3864 	EXP 	Stim: image = 'Images/TMTstop-A_1_1redlinestimulus23.png'
90.4384 	EXP 	Stim: image = 'Images/TMTstop-A_1_1redlinestimulus23.png'
90.4914 	EXP 	Stim: image = 'Images/TMTstop-A_1_1redlinestimulus23.png'
90.5433 	EXP 	Stim: image = 'Images/TMTstop-A_1_1redlinestimulus23.png'
90.5955 	EXP 	Stim: image = 'Images/TMTstop-A_1_1redlinestimulus23.png'
90.6472 	EXP 	Stim: image = 'Images/TMTstop-A_1_1redlinestimulus23.png'
90.6991 	EXP 	Stim: image = 'Images/TMTstop-A_1_1redlinestimulus23.png'
90.7511 	EXP 	Stim: image = 'Images/TMTstop-A_1_1redlinestimulus23.png'
90.8031 	EXP 	Stim: image = 'Images/TMTstop-A_1_1redlinestimulus23.png'
90.9163 	EXP 	Stim: image = 'Images/TMTstop-A_1_1redlinestimulus23.png'
90.9163 	EXP 	Stim: autoDraw = False
90.9163 	EXP 	polygon_4: autoDraw = True
91.4701 	DATA 	Keypress: esc
92.2119 	EXP 	window1: mouseVisible = True
