1.9305 	WARNING 	We strongly recommend you activate the PTB sound engine in PsychoPy prefs as the preferred audio engine. Its timing is vastly superior. Your prefs are currently set to use ['pyo'] (in that order).
5.5036 	WARNING 	The specified video mode is not supported by this display, using native mode ...
5.5037 	WARNING 	Overriding user video settings: size (3440, 1440) -> (1920, 1080), bpc (8, 8, 8) -> (8, 8, 8), refreshHz 60 -> 144
6.6004 	EXP 	Created window1 = Window(allowGUI=False, allowStencil=False, autoLog=True, backendConf=UNKNOWN, bitsMode=UNKNOWN, blendMode='avg', bpc=(8, 8, 8), color=array([0, 0, 0]), colorSpace='rgb', depthBits=8, fullscr=<method-wrapper '__getattribute__' of attributeSetter object at 0x000001618631EBE0>, gamma=None, gammaErrorPolicy='raise', lms=UNKNOWN, monitor=<psychopy.monitors.calibTools.Monitor object at 0x0000016186305EB8>, multiSample=False, name='window1', numSamples=2, pos=None, screen=0, size=array([1920, 1080]), stencilBits=0, stereo=False, units='height', useFBO=True, useRetina=False, viewOri=0.0, viewPos=None, viewScale=None, waitBlanking=True, winType='glfw')
6.6007 	EXP 	window1: mouseVisible = True
6.6007 	EXP 	window1: recordFrameIntervals = False
6.6694 	EXP 	window1: recordFrameIntervals = True
6.7462 	EXP 	window1: recordFrameIntervals = False
7.0394 	EXP 	Created image_2 = ImageStim(__class__=<class 'psychopy.visual.image.ImageStim'>, autoLog=True, color=array([1., 1., 1.]), colorSpace='rgb', contrast=1.0, depth=0.0, flipHoriz=False, flipVert=False, image='Instruktioner TMTstopA_first.png', interpolate=True, mask=None, maskParams=None, name='image_2', opacity=1, ori=0.0, pos=array([0., 0.]), size=array([1.28, 0.72]), texRes=128.0, units='height', win=Window(...))
7.0423 	EXP 	Created polygon_2 = ShapeStim(__class__=<class 'psychopy.visual.shape.ShapeStim'>, autoDraw=False, autoLog=True, closeShape=True, color=method-wrapper(...), colorSpace='rgb', contrast=None, depth=-1.0, fillColor=array([-1, -1, -1]), fillColorSpace='rgb', fillRGB=array([-1, -1, -1]), interpolate=True, lineColor=array([0., 0., 0.]), lineColorSpace='rgb', lineRGB=array([0, 0, 0]), lineWidth=0.1, name='polygon_2', opacity=0.5, ori=0.0, pos=array([0., 0.]), size=array([0.1, 0.1]), units='height', vertices=ndarray(...), win=Window(...), windingRule=None)
7.0457 	EXP 	Created Stim_2 = ImageStim(__class__=<class 'psychopy.visual.image.ImageStim'>, autoLog=True, color=array([1., 1., 1.]), colorSpace='rgb', contrast=1.0, depth=0.0, flipHoriz=False, flipVert=False, image='sin', interpolate=True, mask=None, maskParams=None, name='Stim_2', opacity=1, ori=0.0, pos=array([0., 0.]), size=array([1.777, 1.   ]), texRes=128.0, units='height', win=Window(...))
7.0475 	EXP 	Created polygon_3 = ShapeStim(__class__=<class 'psychopy.visual.shape.ShapeStim'>, autoDraw=False, autoLog=True, closeShape=True, color=method-wrapper(...), colorSpace='rgb', contrast=None, depth=0.0, fillColor=array([-1, -1, -1]), fillColorSpace='rgb', fillRGB=array([-1, -1, -1]), interpolate=True, lineColor=array([0., 0., 0.]), lineColorSpace='rgb', lineRGB=array([0, 0, 0]), lineWidth=0.1, name='polygon_3', opacity=0.5, ori=0.0, pos=array([0., 0.]), size=array([0.1, 0.1]), units='height', vertices=ndarray(...), win=Window(...), windingRule=None)
7.0494 	EXP 	Created polygon = ShapeStim(__class__=<class 'psychopy.visual.shape.ShapeStim'>, autoDraw=False, autoLog=True, closeShape=True, color=method-wrapper(...), colorSpace='rgb', contrast=None, depth=0.0, fillColor=array([-1, -1, -1]), fillColorSpace='rgb', fillRGB=array([-1, -1, -1]), interpolate=True, lineColor=array([1., 1., 1.]), lineColorSpace='rgb', lineRGB=array([1, 1, 1]), lineWidth=0.1, name='polygon', opacity=1, ori=0.0, pos=array([0., 0.]), size=array([0.1, 0.1]), units='height', vertices=ndarray(...), win=Window(...), windingRule=None)
7.0528 	EXP 	Created Stim = ImageStim(__class__=<class 'psychopy.visual.image.ImageStim'>, autoLog=True, color=array([1., 1., 1.]), colorSpace='rgb', contrast=1.0, depth=0.0, flipHoriz=False, flipVert=False, image='sin', interpolate=True, mask=None, maskParams=None, name='Stim', opacity=1, ori=0.0, pos=array([0., 0.]), size=array([1.777, 1.   ]), texRes=128.0, units='height', win=Window(...))
7.0546 	EXP 	Created polygon = ShapeStim(__class__=<class 'psychopy.visual.shape.ShapeStim'>, autoDraw=False, autoLog=True, closeShape=True, color=method-wrapper(...), colorSpace='rgb', contrast=None, depth=0.0, fillColor=array([-1, -1, -1]), fillColorSpace='rgb', fillRGB=array([-1, -1, -1]), interpolate=True, lineColor=array([1., 1., 1.]), lineColorSpace='rgb', lineRGB=array([1, 1, 1]), lineWidth=0.1, name='polygon', opacity=1, ori=0.0, pos=array([0., 0.]), size=array([0.1, 0.1]), units='height', vertices=ndarray(...), win=Window(...), windingRule=None)
7.0564 	EXP 	Created polygon = ShapeStim(__class__=<class 'psychopy.visual.shape.ShapeStim'>, autoDraw=False, autoLog=True, closeShape=True, color=method-wrapper(...), colorSpace='rgb', contrast=None, depth=0.0, fillColor=array([-1, -1, -1]), fillColorSpace='rgb', fillRGB=array([-1, -1, -1]), interpolate=True, lineColor=array([1., 1., 1.]), lineColorSpace='rgb', lineRGB=array([1, 1, 1]), lineWidth=0.1, name='polygon', opacity=1, ori=0.0, pos=array([0., 0.]), size=array([0.1, 0.1]), units='height', vertices=ndarray(...), win=Window(...), windingRule=None)
7.0597 	EXP 	Created Stim_2 = ImageStim(__class__=<class 'psychopy.visual.image.ImageStim'>, autoLog=True, color=array([1., 1., 1.]), colorSpace='rgb', contrast=1.0, depth=0.0, flipHoriz=False, flipVert=False, image='sin', interpolate=True, mask=None, maskParams=None, name='Stim_2', opacity=1, ori=0.0, pos=array([0., 0.]), size=array([1.777, 1.   ]), texRes=128.0, units='height', win=Window(...))
7.0616 	EXP 	Created polygon_3 = ShapeStim(__class__=<class 'psychopy.visual.shape.ShapeStim'>, autoDraw=False, autoLog=True, closeShape=True, color=method-wrapper(...), colorSpace='rgb', contrast=None, depth=0.0, fillColor=array([-1, -1, -1]), fillColorSpace='rgb', fillRGB=array([-1, -1, -1]), interpolate=True, lineColor=array([0., 0., 0.]), lineColorSpace='rgb', lineRGB=array([0, 0, 0]), lineWidth=0.1, name='polygon_3', opacity=0.5, ori=0.0, pos=array([0., 0.]), size=array([0.1, 0.1]), units='height', vertices=ndarray(...), win=Window(...), windingRule=None)
7.1948 	EXP 	Created Info2 = TextStim(__class__=<class 'psychopy.visual.text.TextStim'>, alignHoriz=method-wrapper(...), alignText='center', alignVert=method-wrapper(...), anchorHoriz='center', anchorVert='center', antialias=True, autoLog=True, bold=False, color=array([-1., -1., -1.]), colorSpace='rgb', contrast=1.0, depth=0.0, flipHoriz=False, flipVert=False, font='Open Sans', fontFiles=[], height=0.1, italic=False, languageStyle='LTR', name='Info2', opacity=1, ori=0.0, pos=array([0., 0.]), rgb=UNKNOWN, text=str(...), units='height', win=Window(...), wrapWidth=1)
7.1974 	EXP 	Created Stim = ImageStim(__class__=<class 'psychopy.visual.image.ImageStim'>, autoLog=True, color=array([1., 1., 1.]), colorSpace='rgb', contrast=1.0, depth=0.0, flipHoriz=False, flipVert=False, image='sin', interpolate=True, mask=None, maskParams=None, name='Stim', opacity=1, ori=0.0, pos=array([0., 0.]), size=array([1.777, 1.   ]), texRes=128.0, units='height', win=Window(...))
7.1994 	EXP 	Created polygon = ShapeStim(__class__=<class 'psychopy.visual.shape.ShapeStim'>, autoDraw=False, autoLog=True, closeShape=True, color=method-wrapper(...), colorSpace='rgb', contrast=None, depth=0.0, fillColor=array([-1, -1, -1]), fillColorSpace='rgb', fillRGB=array([-1, -1, -1]), interpolate=True, lineColor=array([1., 1., 1.]), lineColorSpace='rgb', lineRGB=array([1, 1, 1]), lineWidth=0.1, name='polygon', opacity=1, ori=0.0, pos=array([0., 0.]), size=array([0.1, 0.1]), units='height', vertices=ndarray(...), win=Window(...), windingRule=None)
7.2066 	EXP 	Created text_2 = TextStim(__class__=<class 'psychopy.visual.text.TextStim'>, alignHoriz=method-wrapper(...), alignText='center', alignVert=method-wrapper(...), anchorHoriz='center', anchorVert='center', antialias=True, autoLog=True, bold=False, color=array([1., 1., 1.]), colorSpace='rgb', contrast=1.0, depth=0.0, flipHoriz=False, flipVert=False, font='Open Sans', fontFiles=[], height=0.1, italic=False, languageStyle='LTR', name='text_2', opacity=1, ori=0.0, pos=array([0., 0.]), rgb=UNKNOWN, text='Numerisk ordning.\n\n(1-2-3-4...)', units='height', win=Window(...), wrapWidth=1)
7.2091 	EXP 	Created Stim_2 = ImageStim(__class__=<class 'psychopy.visual.image.ImageStim'>, autoLog=True, color=array([1., 1., 1.]), colorSpace='rgb', contrast=1.0, depth=0.0, flipHoriz=False, flipVert=False, image='sin', interpolate=True, mask=None, maskParams=None, name='Stim_2', opacity=1, ori=0.0, pos=array([0., 0.]), size=array([1.777, 1.   ]), texRes=128.0, units='height', win=Window(...))
7.2112 	EXP 	Created polygon_3 = ShapeStim(__class__=<class 'psychopy.visual.shape.ShapeStim'>, autoDraw=False, autoLog=True, closeShape=True, color=method-wrapper(...), colorSpace='rgb', contrast=None, depth=0.0, fillColor=array([-1, -1, -1]), fillColorSpace='rgb', fillRGB=array([-1, -1, -1]), interpolate=True, lineColor=array([0., 0., 0.]), lineColorSpace='rgb', lineRGB=array([0, 0, 0]), lineWidth=0.1, name='polygon_3', opacity=0.5, ori=0.0, pos=array([0., 0.]), size=array([0.1, 0.1]), units='height', vertices=ndarray(...), win=Window(...), windingRule=None)
7.2131 	EXP 	Created polygon = ShapeStim(__class__=<class 'psychopy.visual.shape.ShapeStim'>, autoDraw=False, autoLog=True, closeShape=True, color=method-wrapper(...), colorSpace='rgb', contrast=None, depth=0.0, fillColor=array([-1, -1, -1]), fillColorSpace='rgb', fillRGB=array([-1, -1, -1]), interpolate=True, lineColor=array([1., 1., 1.]), lineColorSpace='rgb', lineRGB=array([1, 1, 1]), lineWidth=0.1, name='polygon', opacity=1, ori=0.0, pos=array([0., 0.]), size=array([0.1, 0.1]), units='height', vertices=ndarray(...), win=Window(...), windingRule=None)
7.2157 	EXP 	Created Stim = ImageStim(__class__=<class 'psychopy.visual.image.ImageStim'>, autoLog=True, color=array([1., 1., 1.]), colorSpace='rgb', contrast=1.0, depth=0.0, flipHoriz=False, flipVert=False, image='sin', interpolate=True, mask=None, maskParams=None, name='Stim', opacity=1, ori=0.0, pos=array([0., 0.]), size=array([1.777, 1.   ]), texRes=128.0, units='height', win=Window(...))
7.2177 	EXP 	Created polygon = ShapeStim(__class__=<class 'psychopy.visual.shape.ShapeStim'>, autoDraw=False, autoLog=True, closeShape=True, color=method-wrapper(...), colorSpace='rgb', contrast=None, depth=0.0, fillColor=array([-1, -1, -1]), fillColorSpace='rgb', fillRGB=array([-1, -1, -1]), interpolate=True, lineColor=array([1., 1., 1.]), lineColorSpace='rgb', lineRGB=array([1, 1, 1]), lineWidth=0.1, name='polygon', opacity=1, ori=0.0, pos=array([0., 0.]), size=array([0.1, 0.1]), units='height', vertices=ndarray(...), win=Window(...), windingRule=None)
7.2196 	EXP 	Created polygon = ShapeStim(__class__=<class 'psychopy.visual.shape.ShapeStim'>, autoDraw=False, autoLog=True, closeShape=True, color=method-wrapper(...), colorSpace='rgb', contrast=None, depth=0.0, fillColor=array([-1, -1, -1]), fillColorSpace='rgb', fillRGB=array([-1, -1, -1]), interpolate=True, lineColor=array([1., 1., 1.]), lineColorSpace='rgb', lineRGB=array([1, 1, 1]), lineWidth=0.1, name='polygon', opacity=1, ori=0.0, pos=array([0., 0.]), size=array([0.1, 0.1]), units='height', vertices=ndarray(...), win=Window(...), windingRule=None)
7.2225 	EXP 	Created Stim_2 = ImageStim(__class__=<class 'psychopy.visual.image.ImageStim'>, autoLog=True, color=array([1., 1., 1.]), colorSpace='rgb', contrast=1.0, depth=0.0, flipHoriz=False, flipVert=False, image='sin', interpolate=True, mask=None, maskParams=None, name='Stim_2', opacity=1, ori=0.0, pos=array([0., 0.]), size=array([1.777, 1.   ]), texRes=128.0, units='height', win=Window(...))
7.2245 	EXP 	Created polygon_3 = ShapeStim(__class__=<class 'psychopy.visual.shape.ShapeStim'>, autoDraw=False, autoLog=True, closeShape=True, color=method-wrapper(...), colorSpace='rgb', contrast=None, depth=0.0, fillColor=array([-1, -1, -1]), fillColorSpace='rgb', fillRGB=array([-1, -1, -1]), interpolate=True, lineColor=array([0., 0., 0.]), lineColorSpace='rgb', lineRGB=array([0, 0, 0]), lineWidth=0.1, name='polygon_3', opacity=0.5, ori=0.0, pos=array([0., 0.]), size=array([0.1, 0.1]), units='height', vertices=ndarray(...), win=Window(...), windingRule=None)
7.2319 	EXP 	Created Info2 = TextStim(__class__=<class 'psychopy.visual.text.TextStim'>, alignHoriz=method-wrapper(...), alignText='center', alignVert=method-wrapper(...), anchorHoriz='center', anchorVert='center', antialias=True, autoLog=True, bold=False, color=array([-1., -1., -1.]), colorSpace='rgb', contrast=1.0, depth=0.0, flipHoriz=False, flipVert=False, font='Open Sans', fontFiles=[], height=0.1, italic=False, languageStyle='LTR', name='Info2', opacity=1, ori=0.0, pos=array([0., 0.]), rgb=UNKNOWN, text=str(...), units='height', win=Window(...), wrapWidth=1)
7.2356 	EXP 	Created Stim = ImageStim(__class__=<class 'psychopy.visual.image.ImageStim'>, autoLog=True, color=array([1., 1., 1.]), colorSpace='rgb', contrast=1.0, depth=0.0, flipHoriz=False, flipVert=False, image='sin', interpolate=True, mask=None, maskParams=None, name='Stim', opacity=1, ori=0.0, pos=array([0., 0.]), size=array([1.777, 1.   ]), texRes=128.0, units='height', win=Window(...))
7.2376 	EXP 	Created polygon = ShapeStim(__class__=<class 'psychopy.visual.shape.ShapeStim'>, autoDraw=False, autoLog=True, closeShape=True, color=method-wrapper(...), colorSpace='rgb', contrast=None, depth=0.0, fillColor=array([-1, -1, -1]), fillColorSpace='rgb', fillRGB=array([-1, -1, -1]), interpolate=True, lineColor=array([1., 1., 1.]), lineColorSpace='rgb', lineRGB=array([1, 1, 1]), lineWidth=0.1, name='polygon', opacity=1, ori=0.0, pos=array([0., 0.]), size=array([0.1, 0.1]), units='height', vertices=ndarray(...), win=Window(...), windingRule=None)
7.2523 	EXP 	Created text = TextStim(__class__=<class 'psychopy.visual.text.TextStim'>, alignHoriz=method-wrapper(...), alignText='center', alignVert=method-wrapper(...), anchorHoriz='center', anchorVert='center', antialias=True, autoLog=True, bold=False, color=array([1., 1., 1.]), colorSpace='rgb', contrast=1.0, depth=0.0, flipHoriz=False, flipVert=False, font='Open Sans', fontFiles=[], height=0.04, italic=False, languageStyle='LTR', name='text', opacity=1, ori=0.0, pos=array([0., 0.]), rgb=UNKNOWN, text=str(...), units='height', win=Window(...), wrapWidth=1)
7.3023 	EXP 	image_2: autoDraw = True
8.7049 	DATA 	Keypress: 1
8.7088 	EXP 	image_2: autoDraw = False
8.7088 	EXP 	polygon_2: autoDraw = True
8.9031 	DATA 	Keypress: 1
24.2336 	EXP 	Imported TMTstop-Control_1_conditions.xlsx as conditions, 2 conditions, 2 params
24.2340 	EXP 	Created sequence: sequential, trialTypes=2, nReps=1, seed=None
24.2342 	EXP 	New trial (rep=0, index=0): {'Block_file': 'TMTstop-Control_1_1.xlsx', 'Condition_rows': '0:26'}
24.3499 	EXP 	Imported TMTstop-control_1_merged.xlsx as conditions, 26 conditions, 11 params
24.3503 	EXP 	Created sequence: sequential, trialTypes=26, nReps=1, seed=None
24.3506 	EXP 	New trial (rep=0, index=0): {'NumberLetter': 1, 'corrAns': ['2'], 'Correct': 2, 'StimFile': 'TMTstop-control_1_1.png', 'Correct_StimFile': 'TMTstop-control_1_1.png', 'False_StimFile': 'TMTstop-control_1_1.png', 'Version': 'TMT_Control', 'Paper': 1, 'TrialNumber_Version': 1, 'Round': 1, 'Block': 1}
24.3510 	WARNING 	Requested image 'TMTstop-control_1_1.png' not found but similar filename 'TMTstop-control_1_1.jpg' exists. This will be used instead but changing the filename is advised.
24.4112 	DATA 	Keypress: s
24.4116 	DATA 	Keypress: s
24.4235 	EXP 	polygon_2: autoDraw = False
24.4235 	EXP 	Stim_2: image = 'TMTstop-control_1_1.png'
24.4235 	EXP 	Stim_2: autoDraw = True
69.4349 	EXP 	Stim_2: autoDraw = False
69.4349 	EXP 	polygon_3: autoDraw = True
71.8996 	EXP 	New trial (rep=0, index=1): {'Block_file': 'TMTstop-Control_1_2.xlsx', 'Condition_rows': '26:52'}
71.9705 	EXP 	Imported TMTstop-control_1_merged.xlsx as conditions, 26 conditions, 11 params
71.9708 	EXP 	Created sequence: sequential, trialTypes=26, nReps=1, seed=None
71.9711 	EXP 	New trial (rep=0, index=0): {'NumberLetter': 1, 'corrAns': ['2'], 'Correct': 2, 'StimFile': 'TMTstop-control_1_2.png', 'Correct_StimFile': 'TMTstop-control_1_2.png', 'False_StimFile': 'TMTstop-control_1_2.png', 'Version': 'TMT_Control', 'Paper': 2, 'TrialNumber_Version': 26, 'Round': None, 'Block': 1}
71.9715 	WARNING 	Requested image 'TMTstop-control_1_2.png' not found but similar filename 'TMTstop-control_1_2.jpg' exists. This will be used instead but changing the filename is advised.
72.0155 	EXP 	polygon_3: autoDraw = False
72.0155 	EXP 	Stim_2: image = 'TMTstop-control_1_2.png'
72.0155 	EXP 	Stim_2: autoDraw = True
117.0620 	EXP 	Stim_2: autoDraw = False
117.0620 	EXP 	polygon_3: autoDraw = True
119.5211 	EXP 	polygon_3: autoDraw = False
119.5211 	EXP 	polygon: autoDraw = True
122.5210 	EXP 	Imported TMTstop-A_1_conditions.xlsx as conditions, 3 conditions, 2 params
122.5213 	EXP 	Created sequence: sequential, trialTypes=3, nReps=1, seed=None
122.5215 	EXP 	New trial (rep=0, index=0): {'Block_file': 'TMTstop-A_1_1.xlsx', 'Condition_rows': '0:26'}
122.5747 	EXP 	Imported TMTstop-A_1_merged.xlsx as conditions, 26 conditions, 11 params
122.5751 	EXP 	Created sequence: sequential, trialTypes=26, nReps=1, seed=None
122.5754 	EXP 	New trial (rep=0, index=0): {'NumberLetter': 1, 'corrAns': ['1'], 'Correct': 1, 'StimFile': 'TMTstop-A_1_1.png', 'Correct_StimFile': 'TMTstop-A_1_1.png', 'False_StimFile': 'TMTstop-A_1_1.png', 'Version': 'TMT_A', 'Paper': 1, 'TrialNumber_Version': 1, 'Round': 1, 'Block': 2}
122.6338 	EXP 	polygon: autoDraw = False
122.6338 	EXP 	polygon: autoDraw = False
122.6338 	EXP 	Stim: image = 'TMTstop-A_1_1.png'
122.6338 	EXP 	Stim: autoDraw = True
212.6886 	EXP 	Stim: autoDraw = False
212.6886 	EXP 	polygon: autoDraw = True
215.6372 	EXP 	New trial (rep=0, index=1): {'Block_file': 'TMTstop-A_1_2.xlsx', 'Condition_rows': '26:52'}
215.6948 	EXP 	Imported TMTstop-A_1_merged.xlsx as conditions, 26 conditions, 11 params
215.6952 	EXP 	Created sequence: sequential, trialTypes=26, nReps=1, seed=None
215.6955 	EXP 	New trial (rep=0, index=0): {'NumberLetter': 1, 'corrAns': ['1'], 'Correct': 1, 'StimFile': 'TMTstop-A_1_2.png', 'Correct_StimFile': 'TMTstop-A_1_2.png', 'False_StimFile': 'TMTstop-A_1_2.png', 'Version': 'TMT_A', 'Paper': 2, 'TrialNumber_Version': 26, 'Round': None, 'Block': 2}
215.7519 	EXP 	polygon: autoDraw = False
215.7519 	EXP 	Stim: image = 'TMTstop-A_1_2.png'
215.7519 	EXP 	Stim: autoDraw = True
305.8197 	EXP 	Stim: autoDraw = False
305.8197 	EXP 	polygon: autoDraw = True
308.7529 	EXP 	New trial (rep=0, index=2): {'Block_file': 'TMTstop-A_1_3.xlsx', 'Condition_rows': '52:78'}
308.8102 	EXP 	Imported TMTstop-A_1_merged.xlsx as conditions, 26 conditions, 11 params
308.8106 	EXP 	Created sequence: sequential, trialTypes=26, nReps=1, seed=None
308.8109 	EXP 	New trial (rep=0, index=0): {'NumberLetter': 1, 'corrAns': ['1'], 'Correct': 1, 'StimFile': 'TMTstop-A_1_3.png', 'Correct_StimFile': 'TMTstop-A_1_3.png', 'False_StimFile': 'TMTstop-A_1_3.png', 'Version': 'TMT_A', 'Paper': 3, 'TrialNumber_Version': 51, 'Round': None, 'Block': 2}
308.8699 	EXP 	polygon: autoDraw = False
308.8699 	EXP 	Stim: image = 'TMTstop-A_1_3.png'
308.8699 	EXP 	Stim: autoDraw = True
350.1079 	EXP 	New trial (rep=0, index=1): {'NumberLetter': 2, 'corrAns': ['3'], 'Correct': 3, 'StimFile': 'TMTstop-A_1_3.png', 'Correct_StimFile': 'TMTstop-A_1_3firstgreen.png', 'False_StimFile': 'TMTstop-A_1_3firstred.png', 'Version': 'TMT_A', 'Paper': 3, 'TrialNumber_Version': 52, 'Round': None, 'Block': 2}
350.1598 	DATA 	Keypress: 1
350.1632 	EXP 	Stim: autoDraw = False
350.1632 	EXP 	Stim: image = 'TMTstop-A_1_3firstgreen.png'
350.1632 	EXP 	Stim: autoDraw = True
350.2628 	DATA 	Keypress: 2
350.2666 	EXP 	Stim: image = 'TMTstop-A_1_3firstred.png'
350.3199 	DATA 	Keypress: 3
350.3236 	EXP 	Stim: image = 'TMTstop-A_1_3firstred.png'
350.3278 	EXP 	New trial (rep=0, index=2): {'NumberLetter': 3, 'corrAns': ['2'], 'Correct': 2, 'StimFile': 'TMTstop-A_1_3linestimulus0.png', 'Correct_StimFile': 'TMTstop-A_1_3greenlinestimulus0.png', 'False_StimFile': 'TMTstop-A_1_3redlinestimulus0.png', 'Version': 'TMT_A', 'Paper': 3, 'TrialNumber_Version': 53, 'Round': None, 'Block': 2}
350.3600 	DATA 	Keypress: 1
350.3635 	EXP 	Stim: autoDraw = False
350.3635 	EXP 	Stim: image = 'TMTstop-A_1_3greenlinestimulus0.png'
350.3635 	EXP 	Stim: autoDraw = True
350.3679 	DATA 	Keypress: 2
350.4467 	DATA 	Keypress: 1
350.4833 	DATA 	Keypress: 3
350.4869 	EXP 	Stim: image = 'TMTstop-A_1_3redlinestimulus0.png'
350.5211 	DATA 	Keypress: 2
350.5247 	EXP 	Stim: image = 'TMTstop-A_1_3redlinestimulus0.png'
350.5290 	EXP 	New trial (rep=0, index=3): {'NumberLetter': 4, 'corrAns': ['3'], 'Correct': 3, 'StimFile': 'TMTstop-A_1_3linestimulus1.png', 'Correct_StimFile': 'TMTstop-A_1_3greenlinestimulus1.png', 'False_StimFile': 'TMTstop-A_1_3redlinestimulus1.png', 'Version': 'TMT_A', 'Paper': 3, 'TrialNumber_Version': 54, 'Round': None, 'Block': 2}
350.5645 	EXP 	Stim: autoDraw = False
350.5645 	EXP 	Stim: image = 'TMTstop-A_1_3greenlinestimulus1.png'
350.5645 	EXP 	Stim: autoDraw = True
350.6180 	EXP 	New trial (rep=0, index=4): {'NumberLetter': 5, 'corrAns': ['2'], 'Correct': 2, 'StimFile': 'TMTstop-A_1_3linestimulus2.png', 'Correct_StimFile': 'TMTstop-A_1_3greenlinestimulus2.png', 'False_StimFile': 'TMTstop-A_1_3redlinestimulus2.png', 'Version': 'TMT_A', 'Paper': 3, 'TrialNumber_Version': 55, 'Round': None, 'Block': 2}
350.6501 	DATA 	Keypress: 3
350.6503 	DATA 	Keypress: 1
350.6545 	EXP 	Stim: autoDraw = False
350.6545 	EXP 	Stim: image = 'TMTstop-A_1_3greenlinestimulus2.png'
350.6545 	EXP 	Stim: autoDraw = True
350.6880 	DATA 	Keypress: 2
350.8484 	DATA 	Keypress: 1
350.8487 	DATA 	Keypress: 3
350.8523 	EXP 	Stim: image = 'TMTstop-A_1_3redlinestimulus2.png'
350.8904 	EXP 	Stim: image = 'TMTstop-A_1_3redlinestimulus2.png'
350.9286 	EXP 	Stim: image = 'TMTstop-A_1_3redlinestimulus2.png'
350.9678 	EXP 	Stim: image = 'TMTstop-A_1_3redlinestimulus2.png'
351.0051 	EXP 	Stim: image = 'TMTstop-A_1_3redlinestimulus2.png'
351.0383 	DATA 	Keypress: 1
351.0417 	EXP 	Stim: image = 'TMTstop-A_1_3redlinestimulus2.png'
351.0789 	EXP 	Stim: image = 'TMTstop-A_1_3redlinestimulus2.png'
351.1157 	EXP 	Stim: image = 'TMTstop-A_1_3redlinestimulus2.png'
351.1493 	DATA 	Keypress: 2
351.1527 	EXP 	Stim: image = 'TMTstop-A_1_3redlinestimulus2.png'
351.1572 	EXP 	New trial (rep=0, index=5): {'NumberLetter': 6, 'corrAns': ['1'], 'Correct': 1, 'StimFile': 'TMTstop-A_1_3linestimulus3.png', 'Correct_StimFile': 'TMTstop-A_1_3greenlinestimulus3.png', 'False_StimFile': 'TMTstop-A_1_3redlinestimulus3.png', 'Version': 'TMT_A', 'Paper': 3, 'TrialNumber_Version': 56, 'Round': None, 'Block': 2}
351.1901 	DATA 	Keypress: 1
351.1934 	EXP 	Stim: autoDraw = False
351.1934 	EXP 	Stim: image = 'TMTstop-A_1_3greenlinestimulus3.png'
351.1934 	EXP 	Stim: autoDraw = True
351.1982 	EXP 	New trial (rep=0, index=6): {'NumberLetter': 7, 'corrAns': ['3'], 'Correct': 3, 'StimFile': 'TMTstop-A_1_3linestimulus4.png', 'Correct_StimFile': 'TMTstop-A_1_3greenlinestimulus4.png', 'False_StimFile': 'TMTstop-A_1_3redlinestimulus4.png', 'Version': 'TMT_A', 'Paper': 3, 'TrialNumber_Version': 57, 'Round': None, 'Block': 2}
351.2340 	EXP 	Stim: autoDraw = False
351.2340 	EXP 	Stim: image = 'TMTstop-A_1_3greenlinestimulus4.png'
351.2340 	EXP 	Stim: autoDraw = True
351.3313 	DATA 	Keypress: 1
351.3743 	DATA 	Keypress: 2
351.4753 	DATA 	Keypress: 1
351.4787 	EXP 	Stim: image = 'TMTstop-A_1_3redlinestimulus4.png'
351.5159 	EXP 	Stim: image = 'TMTstop-A_1_3redlinestimulus4.png'
351.5531 	EXP 	Stim: image = 'TMTstop-A_1_3redlinestimulus4.png'
351.5898 	EXP 	Stim: image = 'TMTstop-A_1_3redlinestimulus4.png'
351.6233 	DATA 	Keypress: 2
351.6269 	EXP 	Stim: image = 'TMTstop-A_1_3redlinestimulus4.png'
351.6614 	DATA 	Keypress: 3
351.6615 	DATA 	Keypress: 1
351.6648 	EXP 	Stim: image = 'TMTstop-A_1_3redlinestimulus4.png'
351.6692 	EXP 	New trial (rep=0, index=7): {'NumberLetter': 8, 'corrAns': ['1'], 'Correct': 1, 'StimFile': 'TMTstop-A_1_3linestimulus5.png', 'Correct_StimFile': 'TMTstop-A_1_3greenlinestimulus5.png', 'False_StimFile': 'TMTstop-A_1_3redlinestimulus5.png', 'Version': 'TMT_A', 'Paper': 3, 'TrialNumber_Version': 58, 'Round': None, 'Block': 2}
351.7048 	EXP 	Stim: autoDraw = False
351.7048 	EXP 	Stim: image = 'TMTstop-A_1_3greenlinestimulus5.png'
351.7048 	EXP 	Stim: autoDraw = True
351.7606 	DATA 	Keypress: 2
351.8663 	DATA 	Keypress: 3
351.8876 	EXP 	New trial (rep=0, index=8): {'NumberLetter': 9, 'corrAns': ['3'], 'Correct': 3, 'StimFile': 'TMTstop-A_1_3linestimulus6.png', 'Correct_StimFile': 'TMTstop-A_1_3greenlinestimulus6.png', 'False_StimFile': 'TMTstop-A_1_3redlinestimulus6.png', 'Version': 'TMT_A', 'Paper': 3, 'TrialNumber_Version': 59, 'Round': None, 'Block': 2}
351.9199 	DATA 	Keypress: 1
351.9232 	EXP 	Stim: autoDraw = False
351.9232 	EXP 	Stim: image = 'TMTstop-A_1_3greenlinestimulus6.png'
351.9232 	EXP 	Stim: autoDraw = True
352.0126 	DATA 	Keypress: 2
352.0529 	EXP 	Stim: image = 'TMTstop-A_1_3redlinestimulus6.png'
352.0861 	DATA 	Keypress: 2
352.0895 	EXP 	Stim: image = 'TMTstop-A_1_3redlinestimulus6.png'
352.1239 	DATA 	Keypress: 2
352.1240 	DATA 	Keypress: 3
352.1243 	DATA 	Keypress: 1
352.1275 	EXP 	Stim: image = 'TMTstop-A_1_3redlinestimulus6.png'
352.1318 	EXP 	New trial (rep=0, index=9): {'NumberLetter': 10, 'corrAns': ['2'], 'Correct': 2, 'StimFile': 'TMTstop-A_1_3linestimulus7.png', 'Correct_StimFile': 'TMTstop-A_1_3greenlinestimulus7.png', 'False_StimFile': 'TMTstop-A_1_3redlinestimulus7.png', 'Version': 'TMT_A', 'Paper': 3, 'TrialNumber_Version': 60, 'Round': None, 'Block': 2}
352.1675 	EXP 	Stim: autoDraw = False
352.1675 	EXP 	Stim: image = 'TMTstop-A_1_3greenlinestimulus7.png'
352.1675 	EXP 	Stim: autoDraw = True
352.1788 	DATA 	Keypress: 2
352.3131 	DATA 	Keypress: 3
352.3134 	DATA 	Keypress: 1
352.3636 	EXP 	Stim: image = 'TMTstop-A_1_3redlinestimulus7.png'
352.4104 	EXP 	Stim: image = 'TMTstop-A_1_3redlinestimulus7.png'
352.4487 	EXP 	Stim: image = 'TMTstop-A_1_3redlinestimulus7.png'
352.4828 	DATA 	Keypress: 1
352.4862 	EXP 	Stim: image = 'TMTstop-A_1_3redlinestimulus7.png'
352.5243 	EXP 	Stim: image = 'TMTstop-A_1_3redlinestimulus7.png'
352.5612 	EXP 	Stim: image = 'TMTstop-A_1_3redlinestimulus7.png'
352.5983 	EXP 	Stim: image = 'TMTstop-A_1_3redlinestimulus7.png'
352.6356 	EXP 	Stim: image = 'TMTstop-A_1_3redlinestimulus7.png'
352.6723 	EXP 	Stim: image = 'TMTstop-A_1_3redlinestimulus7.png'
352.7058 	DATA 	Keypress: 1
352.7093 	EXP 	Stim: image = 'TMTstop-A_1_3redlinestimulus7.png'
352.7469 	EXP 	Stim: image = 'TMTstop-A_1_3redlinestimulus7.png'
352.7831 	EXP 	Stim: image = 'TMTstop-A_1_3redlinestimulus7.png'
352.8213 	EXP 	Stim: image = 'TMTstop-A_1_3redlinestimulus7.png'
352.8567 	DATA 	Keypress: 2
352.8605 	EXP 	Stim: image = 'TMTstop-A_1_3redlinestimulus7.png'
352.8948 	DATA 	Keypress: 3
352.8949 	DATA 	Keypress: 1
352.8984 	EXP 	Stim: image = 'TMTstop-A_1_3redlinestimulus7.png'
352.9328 	DATA 	Keypress: 2
352.9366 	EXP 	Stim: image = 'TMTstop-A_1_3redlinestimulus7.png'
352.9732 	EXP 	Stim: image = 'TMTstop-A_1_3redlinestimulus7.png'
353.0103 	EXP 	Stim: image = 'TMTstop-A_1_3redlinestimulus7.png'
353.0445 	DATA 	Keypress: 1
353.0482 	EXP 	Stim: image = 'TMTstop-A_1_3redlinestimulus7.png'
353.0862 	EXP 	Stim: image = 'TMTstop-A_1_3redlinestimulus7.png'
353.1208 	DATA 	Keypress: 3
353.1243 	EXP 	Stim: image = 'TMTstop-A_1_3redlinestimulus7.png'
353.1288 	EXP 	New trial (rep=0, index=10): {'NumberLetter': 11, 'corrAns': ['3'], 'Correct': 3, 'StimFile': 'TMTstop-A_1_3linestimulus8.png', 'Correct_StimFile': 'TMTstop-A_1_3greenlinestimulus8.png', 'False_StimFile': 'TMTstop-A_1_3redlinestimulus8.png', 'Version': 'TMT_A', 'Paper': 3, 'TrialNumber_Version': 61, 'Round': None, 'Block': 2}
353.1617 	DATA 	Keypress: 2
353.1652 	EXP 	Stim: autoDraw = False
353.1652 	EXP 	Stim: image = 'TMTstop-A_1_3greenlinestimulus8.png'
353.1652 	EXP 	Stim: autoDraw = True
353.1978 	DATA 	Keypress: 3
353.2046 	EXP 	New trial (rep=0, index=11): {'NumberLetter': 12, 'corrAns': ['2'], 'Correct': 2, 'StimFile': 'TMTstop-A_1_3linestimulus9.png', 'Correct_StimFile': 'TMTstop-A_1_3greenlinestimulus9.png', 'False_StimFile': 'TMTstop-A_1_3redlinestimulus9.png', 'Version': 'TMT_A', 'Paper': 3, 'TrialNumber_Version': 62, 'Round': None, 'Block': 2}
353.2369 	DATA 	Keypress: 1
353.2403 	EXP 	Stim: autoDraw = False
353.2403 	EXP 	Stim: image = 'TMTstop-A_1_3greenlinestimulus9.png'
353.2403 	EXP 	Stim: autoDraw = True
353.2656 	DATA 	Keypress: 2
353.3287 	DATA 	Keypress: 1
353.3725 	DATA 	Keypress: 3
353.3762 	EXP 	Stim: image = 'TMTstop-A_1_3redlinestimulus9.png'
353.4199 	DATA 	Keypress: 2
353.4236 	EXP 	Stim: image = 'TMTstop-A_1_3redlinestimulus9.png'
353.4278 	EXP 	New trial (rep=0, index=12): {'NumberLetter': 13, 'corrAns': ['1'], 'Correct': 1, 'StimFile': 'TMTstop-A_1_3linestimulus10.png', 'Correct_StimFile': 'TMTstop-A_1_3greenlinestimulus10.png', 'False_StimFile': 'TMTstop-A_1_3redlinestimulus10.png', 'Version': 'TMT_A', 'Paper': 3, 'TrialNumber_Version': 63, 'Round': None, 'Block': 2}
353.4750 	EXP 	Stim: autoDraw = False
353.4750 	EXP 	Stim: image = 'TMTstop-A_1_3greenlinestimulus10.png'
353.4750 	EXP 	Stim: autoDraw = True
353.5169 	DATA 	Keypress: 3
353.5173 	DATA 	Keypress: 1
353.5212 	EXP 	Stim: image = 'TMTstop-A_1_3redlinestimulus10.png'
353.5588 	DATA 	Keypress: 2
353.5623 	EXP 	Stim: image = 'TMTstop-A_1_3redlinestimulus10.png'
353.6005 	EXP 	Stim: image = 'TMTstop-A_1_3redlinestimulus10.png'
353.6348 	DATA 	Keypress: 1
353.6382 	EXP 	Stim: image = 'TMTstop-A_1_3redlinestimulus10.png'
353.6427 	EXP 	New trial (rep=0, index=13): {'NumberLetter': 14, 'corrAns': ['2'], 'Correct': 2, 'StimFile': 'TMTstop-A_1_3linestimulus11.png', 'Correct_StimFile': 'TMTstop-A_1_3greenlinestimulus11.png', 'False_StimFile': 'TMTstop-A_1_3redlinestimulus11.png', 'Version': 'TMT_A', 'Paper': 3, 'TrialNumber_Version': 64, 'Round': None, 'Block': 2}
353.6761 	DATA 	Keypress: 3
353.6793 	EXP 	Stim: autoDraw = False
353.6793 	EXP 	Stim: image = 'TMTstop-A_1_3greenlinestimulus11.png'
353.6793 	EXP 	Stim: autoDraw = True
353.6837 	DATA 	Keypress: 2
353.6908 	EXP 	New trial (rep=0, index=14): {'NumberLetter': 15, 'corrAns': ['3'], 'Correct': 3, 'StimFile': 'TMTstop-A_1_3linestimulus12.png', 'Correct_StimFile': 'TMTstop-A_1_3greenlinestimulus12.png', 'False_StimFile': 'TMTstop-A_1_3redlinestimulus12.png', 'Version': 'TMT_A', 'Paper': 3, 'TrialNumber_Version': 65, 'Round': None, 'Block': 2}
353.7273 	EXP 	Stim: autoDraw = False
353.7273 	EXP 	Stim: image = 'TMTstop-A_1_3greenlinestimulus12.png'
353.7273 	EXP 	Stim: autoDraw = True
353.7598 	DATA 	Keypress: 3
353.7667 	EXP 	New trial (rep=0, index=15): {'NumberLetter': 16, 'corrAns': ['2'], 'Correct': 2, 'StimFile': 'TMTstop-A_1_3linestimulus13.png', 'Correct_StimFile': 'TMTstop-A_1_3greenlinestimulus13.png', 'False_StimFile': 'TMTstop-A_1_3redlinestimulus13.png', 'Version': 'TMT_A', 'Paper': 3, 'TrialNumber_Version': 66, 'Round': None, 'Block': 2}
353.7999 	DATA 	Keypress: 1
353.8034 	EXP 	Stim: autoDraw = False
353.8034 	EXP 	Stim: image = 'TMTstop-A_1_3greenlinestimulus13.png'
353.8034 	EXP 	Stim: autoDraw = True
353.8078 	DATA 	Keypress: 2
353.8855 	DATA 	Keypress: 1
353.9259 	EXP 	Stim: image = 'TMTstop-A_1_3redlinestimulus13.png'
353.9603 	DATA 	Keypress: 2
353.9605 	DATA 	Keypress: 3
353.9636 	EXP 	Stim: image = 'TMTstop-A_1_3redlinestimulus13.png'
353.9683 	EXP 	New trial (rep=0, index=16): {'NumberLetter': 17, 'corrAns': ['3'], 'Correct': 3, 'StimFile': 'TMTstop-A_1_3linestimulus14.png', 'Correct_StimFile': 'TMTstop-A_1_3greenlinestimulus14.png', 'False_StimFile': 'TMTstop-A_1_3redlinestimulus14.png', 'Version': 'TMT_A', 'Paper': 3, 'TrialNumber_Version': 67, 'Round': None, 'Block': 2}
354.0047 	EXP 	Stim: autoDraw = False
354.0047 	EXP 	Stim: image = 'TMTstop-A_1_3greenlinestimulus14.png'
354.0047 	EXP 	Stim: autoDraw = True
354.0450 	EXP 	New trial (rep=0, index=17): {'NumberLetter': 18, 'corrAns': ['2'], 'Correct': 2, 'StimFile': 'TMTstop-A_1_3linestimulus15.png', 'Correct_StimFile': 'TMTstop-A_1_3greenlinestimulus15.png', 'False_StimFile': 'TMTstop-A_1_3redlinestimulus15.png', 'Version': 'TMT_A', 'Paper': 3, 'TrialNumber_Version': 68, 'Round': None, 'Block': 2}
354.0801 	DATA 	Keypress: 3
354.0804 	DATA 	Keypress: 1
354.0836 	EXP 	Stim: autoDraw = False
354.0836 	EXP 	Stim: image = 'TMTstop-A_1_3greenlinestimulus15.png'
354.0836 	EXP 	Stim: autoDraw = True
354.1172 	DATA 	Keypress: 2
354.2185 	DATA 	Keypress: 1
354.2217 	EXP 	Stim: image = 'TMTstop-A_1_3redlinestimulus15.png'
354.2554 	DATA 	Keypress: 3
354.2588 	EXP 	Stim: image = 'TMTstop-A_1_3redlinestimulus15.png'
354.2987 	EXP 	Stim: image = 'TMTstop-A_1_3redlinestimulus15.png'
354.3362 	DATA 	Keypress: 2
354.3404 	EXP 	Stim: image = 'TMTstop-A_1_3redlinestimulus15.png'
354.3450 	EXP 	New trial (rep=0, index=18): {'NumberLetter': 19, 'corrAns': ['3'], 'Correct': 3, 'StimFile': 'TMTstop-A_1_3linestimulus16.png', 'Correct_StimFile': 'TMTstop-A_1_3greenlinestimulus16.png', 'False_StimFile': 'TMTstop-A_1_3redlinestimulus16.png', 'Version': 'TMT_A', 'Paper': 3, 'TrialNumber_Version': 69, 'Round': None, 'Block': 2}
354.3801 	DATA 	Keypress: 3
354.3803 	DATA 	Keypress: 1
354.3839 	EXP 	Stim: autoDraw = False
354.3839 	EXP 	Stim: image = 'TMTstop-A_1_3greenlinestimulus16.png'
354.3839 	EXP 	Stim: autoDraw = True
354.3883 	EXP 	New trial (rep=0, index=19): {'NumberLetter': 20, 'corrAns': ['1'], 'Correct': 1, 'StimFile': 'TMTstop-A_1_3linestimulus17.png', 'Correct_StimFile': 'TMTstop-A_1_3greenlinestimulus17.png', 'False_StimFile': 'TMTstop-A_1_3redlinestimulus17.png', 'Version': 'TMT_A', 'Paper': 3, 'TrialNumber_Version': 70, 'Round': None, 'Block': 2}
354.4211 	DATA 	Keypress: 2
354.4247 	EXP 	Stim: autoDraw = False
354.4247 	EXP 	Stim: image = 'TMTstop-A_1_3greenlinestimulus17.png'
354.4247 	EXP 	Stim: autoDraw = True
354.4710 	DATA 	Keypress: 1
354.4781 	EXP 	New trial (rep=0, index=20): {'NumberLetter': 21, 'corrAns': ['2'], 'Correct': 2, 'StimFile': 'TMTstop-A_1_3linestimulus18.png', 'Correct_StimFile': 'TMTstop-A_1_3greenlinestimulus18.png', 'False_StimFile': 'TMTstop-A_1_3redlinestimulus18.png', 'Version': 'TMT_A', 'Paper': 3, 'TrialNumber_Version': 71, 'Round': None, 'Block': 2}
354.5138 	EXP 	Stim: autoDraw = False
354.5138 	EXP 	Stim: image = 'TMTstop-A_1_3greenlinestimulus18.png'
354.5138 	EXP 	Stim: autoDraw = True
354.5252 	DATA 	Keypress: 3
354.5541 	EXP 	New trial (rep=0, index=21): {'NumberLetter': 22, 'corrAns': ['3'], 'Correct': 3, 'StimFile': 'TMTstop-A_1_3linestimulus19.png', 'Correct_StimFile': 'TMTstop-A_1_3greenlinestimulus19.png', 'False_StimFile': 'TMTstop-A_1_3redlinestimulus19.png', 'Version': 'TMT_A', 'Paper': 3, 'TrialNumber_Version': 72, 'Round': None, 'Block': 2}
354.5861 	DATA 	Keypress: 2
354.5894 	EXP 	Stim: autoDraw = False
354.5894 	EXP 	Stim: image = 'TMTstop-A_1_3greenlinestimulus19.png'
354.5894 	EXP 	Stim: autoDraw = True
354.6361 	DATA 	Keypress: 3
354.6431 	EXP 	New trial (rep=0, index=22): {'NumberLetter': 23, 'corrAns': ['2'], 'Correct': 2, 'StimFile': 'TMTstop-A_1_3linestimulus20.png', 'Correct_StimFile': 'TMTstop-A_1_3greenlinestimulus20.png', 'False_StimFile': 'TMTstop-A_1_3redlinestimulus20.png', 'Version': 'TMT_A', 'Paper': 3, 'TrialNumber_Version': 73, 'Round': None, 'Block': 2}
354.6753 	DATA 	Keypress: 1
354.6785 	EXP 	Stim: autoDraw = False
354.6785 	EXP 	Stim: image = 'TMTstop-A_1_3greenlinestimulus20.png'
354.6785 	EXP 	Stim: autoDraw = True
354.7311 	DATA 	Keypress: 2
354.7957 	DATA 	Keypress: 1
354.7992 	EXP 	Stim: image = 'TMTstop-A_1_3redlinestimulus20.png'
354.8423 	DATA 	Keypress: 3
354.8431 	EXP 	Stim: image = 'TMTstop-A_1_3redlinestimulus20.png'
354.8824 	DATA 	Keypress: 2
354.8860 	EXP 	Stim: image = 'TMTstop-A_1_3redlinestimulus20.png'
354.8903 	EXP 	New trial (rep=0, index=23): {'NumberLetter': 24, 'corrAns': ['1'], 'Correct': 1, 'StimFile': 'TMTstop-A_1_3linestimulus21.png', 'Correct_StimFile': 'TMTstop-A_1_3greenlinestimulus21.png', 'False_StimFile': 'TMTstop-A_1_3redlinestimulus21.png', 'Version': 'TMT_A', 'Paper': 3, 'TrialNumber_Version': 74, 'Round': None, 'Block': 2}
354.9286 	EXP 	Stim: autoDraw = False
354.9286 	EXP 	Stim: image = 'TMTstop-A_1_3greenlinestimulus21.png'
354.9286 	EXP 	Stim: autoDraw = True
354.9702 	DATA 	Keypress: 3
354.9703 	DATA 	Keypress: 1
354.9743 	EXP 	Stim: image = 'TMTstop-A_1_3redlinestimulus21.png'
355.0083 	DATA 	Keypress: 2
355.0118 	EXP 	Stim: image = 'TMTstop-A_1_3redlinestimulus21.png'
355.0494 	EXP 	Stim: image = 'TMTstop-A_1_3redlinestimulus21.png'
355.0828 	DATA 	Keypress: 1
355.0862 	EXP 	Stim: image = 'TMTstop-A_1_3redlinestimulus21.png'
355.0907 	EXP 	New trial (rep=0, index=24): {'NumberLetter': 25, 'corrAns': ['2'], 'Correct': 2, 'StimFile': 'TMTstop-A_1_3linestimulus22.png', 'Correct_StimFile': 'TMTstop-A_1_3greenlinestimulus22.png', 'False_StimFile': 'TMTstop-A_1_3redlinestimulus22.png', 'Version': 'TMT_A', 'Paper': 3, 'TrialNumber_Version': 75, 'Round': None, 'Block': 2}
355.1241 	DATA 	Keypress: 1
355.1243 	DATA 	Keypress: 3
355.1279 	EXP 	Stim: autoDraw = False
355.1279 	EXP 	Stim: image = 'TMTstop-A_1_3greenlinestimulus22.png'
355.1279 	EXP 	Stim: autoDraw = True
368.0262 	DATA 	Keypress: esc
368.2392 	EXP 	window1: mouseVisible = True
