1.6088 	WARNING 	We strongly recommend you activate the PTB sound engine in PsychoPy prefs as the preferred audio engine. Its timing is vastly superior. Your prefs are currently set to use ['pyo'] (in that order).
6.4176 	EXP 	Created window1 = Window(allowGUI=True, allowStencil=False, autoLog=True, backendConf=UNKNOWN, bitsMode=UNKNOWN, blendMode='avg', bpc=(8, 8, 8), color=array([0, 0, 0]), colorSpace='rgb', depthBits=8, fullscr=<method-wrapper '__getattribute__' of attributeSetter object at 0x00000299E1B69080>, gamma=None, gammaErrorPolicy='raise', lms=UNKNOWN, monitor=<psychopy.monitors.calibTools.Monitor object at 0x00000299E1BBF358>, multiSample=False, name='window1', numSamples=2, pos=[0.0, 0.0], screen=0, size=array([1920, 1055]), stencilBits=0, stereo=False, units='height', useFBO=True, useRetina=False, viewOri=0.0, viewPos=None, viewScale=None, waitBlanking=True, winType='glfw')
6.4177 	EXP 	window1: mouseVisible = True
6.4177 	EXP 	window1: recordFrameIntervals = False
6.4863 	EXP 	window1: recordFrameIntervals = True
6.5626 	EXP 	window1: recordFrameIntervals = False
6.8560 	EXP 	Created Instruct = ImageStim(__class__=<class 'psychopy.visual.image.ImageStim'>, autoLog=True, color=array([1., 1., 1.]), colorSpace='rgb', contrast=1.0, depth=0.0, flipHoriz=False, flipVert=False, image='InkedInstructBfinal_LI.jpg', interpolate=True, mask=None, maskParams=None, name='Instruct', opacity=1, ori=0.0, pos=array([0., 0.]), size=array([0.8, 0.8]), texRes=128.0, units='height', win=Window(...))
6.9719 	EXP 	Created text_2 = TextStim(__class__=<class 'psychopy.visual.text.TextStim'>, alignHoriz=method-wrapper(...), alignText='center', alignVert=method-wrapper(...), anchorHoriz='center', anchorVert='center', antialias=True, autoLog=True, bold=False, color=array([1., 1., 1.]), colorSpace='rgb', contrast=1.0, depth=-2.0, flipHoriz=False, flipVert=False, font='Open Sans', fontFiles=[], height=0.04, italic=False, languageStyle='LTR', name='text_2', opacity=1, ori=0.5, pos=array([ 0.  , -0.45]), rgb=UNKNOWN, text=str(...), units='height', win=Window(...), wrapWidth=2.0)
6.9750 	EXP 	Created Stim = ImageStim(__class__=<class 'psychopy.visual.image.ImageStim'>, autoLog=True, color=array([1., 1., 1.]), colorSpace='rgb', contrast=1.0, depth=0.0, flipHoriz=False, flipVert=False, image='sin', interpolate=True, mask=None, maskParams=None, name='Stim', opacity=1, ori=0.0, pos=array([0., 0.]), size=array([1.777, 1.   ]), texRes=128.0, units='height', win=Window(...))
6.9781 	EXP 	Created polygon = ShapeStim(__class__=<class 'psychopy.visual.shape.ShapeStim'>, autoDraw=False, autoLog=True, closeShape=True, color=method-wrapper(...), colorSpace='rgb', contrast=None, depth=0.0, fillColor=array([1, 1, 1]), fillColorSpace='rgb', fillRGB=array([1, 1, 1]), interpolate=True, lineColor=array([1., 1., 1.]), lineColorSpace='rgb', lineRGB=array([1, 1, 1]), lineWidth=1.0, name='polygon', opacity=1, ori=0.0, pos=array([0., 0.]), size=array([0.5, 0.5]), units='height', vertices=ndarray(...), win=Window(...), windingRule=None)
6.9980 	EXP 	Created text = TextStim(__class__=<class 'psychopy.visual.text.TextStim'>, alignHoriz=method-wrapper(...), alignText='center', alignVert=method-wrapper(...), anchorHoriz='center', anchorVert='center', antialias=True, autoLog=True, bold=False, color=array([1., 1., 1.]), colorSpace='rgb', contrast=1.0, depth=0.0, flipHoriz=False, flipVert=False, font='Open Sans', fontFiles=[], height=0.1, italic=False, languageStyle='LTR', name='text', opacity=1, ori=0.0, pos=array([0., 0.]), rgb=UNKNOWN, text=str(...), units='height', win=Window(...), wrapWidth=1)
7.0575 	EXP 	Instruct: autoDraw = True
7.0575 	EXP 	text_2: autoDraw = True
7.9441 	DATA 	Keypress: 1
7.9744 	EXP 	window1: mouseVisible = True
1.6406 	WARNING 	We strongly recommend you activate the PTB sound engine in PsychoPy prefs as the preferred audio engine. Its timing is vastly superior. Your prefs are currently set to use ['pyo'] (in that order).
5.1276 	EXP 	Created window1 = Window(allowGUI=True, allowStencil=False, autoLog=True, backendConf=UNKNOWN, bitsMode=UNKNOWN, blendMode='avg', bpc=(8, 8, 8), color=array([0, 0, 0]), colorSpace='rgb', depthBits=8, fullscr=<method-wrapper '__getattribute__' of attributeSetter object at 0x0000020070366080>, gamma=None, gammaErrorPolicy='raise', lms=UNKNOWN, monitor=<psychopy.monitors.calibTools.Monitor object at 0x00000200703BF320>, multiSample=False, name='window1', numSamples=2, pos=[0.0, 0.0], screen=0, size=array([1920, 1055]), stencilBits=0, stereo=False, units='height', useFBO=True, useRetina=False, viewOri=0.0, viewPos=None, viewScale=None, waitBlanking=True, winType='glfw')
5.1276 	EXP 	window1: mouseVisible = True
5.1276 	EXP 	window1: recordFrameIntervals = False
5.1968 	EXP 	window1: recordFrameIntervals = True
5.2730 	EXP 	window1: recordFrameIntervals = False
5.5531 	EXP 	Created Instruct = ImageStim(__class__=<class 'psychopy.visual.image.ImageStim'>, autoLog=True, color=array([1., 1., 1.]), colorSpace='rgb', contrast=1.0, depth=0.0, flipHoriz=False, flipVert=False, image='InkedInstructBfinal_LI.jpg', interpolate=True, mask=None, maskParams=None, name='Instruct', opacity=1, ori=0.0, pos=array([0., 0.]), size=array([0.8, 0.8]), texRes=128.0, units='height', win=Window(...))
5.6650 	EXP 	Created text_2 = TextStim(__class__=<class 'psychopy.visual.text.TextStim'>, alignHoriz=method-wrapper(...), alignText='center', alignVert=method-wrapper(...), anchorHoriz='center', anchorVert='center', antialias=True, autoLog=True, bold=False, color=array([1., 1., 1.]), colorSpace='rgb', contrast=1.0, depth=-2.0, flipHoriz=False, flipVert=False, font='Open Sans', fontFiles=[], height=0.04, italic=False, languageStyle='LTR', name='text_2', opacity=1, ori=0.5, pos=array([ 0.  , -0.45]), rgb=UNKNOWN, text=str(...), units='height', win=Window(...), wrapWidth=2.0)
5.6680 	EXP 	Created Stim = ImageStim(__class__=<class 'psychopy.visual.image.ImageStim'>, autoLog=True, color=array([1., 1., 1.]), colorSpace='rgb', contrast=1.0, depth=0.0, flipHoriz=False, flipVert=False, image='sin', interpolate=True, mask=None, maskParams=None, name='Stim', opacity=1, ori=0.0, pos=array([0., 0.]), size=array([1.777, 1.   ]), texRes=128.0, units='height', win=Window(...))
5.6705 	EXP 	Created polygon = ShapeStim(__class__=<class 'psychopy.visual.shape.ShapeStim'>, autoDraw=False, autoLog=True, closeShape=True, color=method-wrapper(...), colorSpace='rgb', contrast=None, depth=0.0, fillColor=array([1, 1, 1]), fillColorSpace='rgb', fillRGB=array([1, 1, 1]), interpolate=True, lineColor=array([1., 1., 1.]), lineColorSpace='rgb', lineRGB=array([1, 1, 1]), lineWidth=1.0, name='polygon', opacity=1, ori=0.0, pos=array([0., 0.]), size=array([0.5, 0.5]), units='height', vertices=ndarray(...), win=Window(...), windingRule=None)
5.6893 	EXP 	Created text = TextStim(__class__=<class 'psychopy.visual.text.TextStim'>, alignHoriz=method-wrapper(...), alignText='center', alignVert=method-wrapper(...), anchorHoriz='center', anchorVert='center', antialias=True, autoLog=True, bold=False, color=array([1., 1., 1.]), colorSpace='rgb', contrast=1.0, depth=0.0, flipHoriz=False, flipVert=False, font='Open Sans', fontFiles=[], height=0.1, italic=False, languageStyle='LTR', name='text', opacity=1, ori=0.0, pos=array([0., 0.]), rgb=UNKNOWN, text=str(...), units='height', win=Window(...), wrapWidth=1)
5.7466 	EXP 	Instruct: autoDraw = True
5.7466 	EXP 	text_2: autoDraw = True
6.2053 	DATA 	Keypress: 2
6.2202 	EXP 	Imported TMTstop-B_1_1.xlsx as conditions, 26 conditions, 6 params
6.2206 	EXP 	Created sequence: sequential, trialTypes=26, nReps=1, seed=None
6.2209 	EXP 	New trial (rep=0, index=0): {'NumberLetter': 1, 'corrAns': 2, 'StimFile': 'TMTstop-B_1_1.png', 'Correct_StimFile': 'TMTstop-B_1_1.png', 'False_StimFile': 'TMTstop-B_1_1.png', 'DurationTrial': 10}
6.3167 	EXP 	Instruct: autoDraw = False
6.3167 	EXP 	text_2: autoDraw = False
6.3167 	EXP 	Stim: image = 'TMTstop-B_1_1.png'
6.3167 	EXP 	Stim: image = 'TMTstop-B_1_1.png'
6.3167 	EXP 	Stim: autoDraw = True
6.3827 	DATA 	Keypress: 2
7.4804 	DATA 	Keypress: 2
7.4857 	EXP 	New trial (rep=0, index=1): {'NumberLetter': 'A', 'corrAns': 1, 'StimFile': 'TMTstop-B_1_1.png', 'Correct_StimFile': 'TMTstop-B_1_1firstgreen.png', 'False_StimFile': 'TMTstop-B_1_1firstred.png', 'DurationTrial': 10}
7.5591 	EXP 	Stim: autoDraw = False
7.5591 	EXP 	Stim: image = 'TMTstop-B_1_1firstgreen.png'
7.5591 	EXP 	Stim: image = 'TMTstop-B_1_1firstred.png'
7.5591 	EXP 	Stim: autoDraw = True
7.6802 	DATA 	Keypress: 2
9.0489 	DATA 	Keypress: 1
9.0563 	EXP 	New trial (rep=0, index=2): {'NumberLetter': 2, 'corrAns': 3, 'StimFile': 'TMTstop-B_1_1linestimulus0.png', 'Correct_StimFile': 'TMTstop-B_1_1greenlinestimulus0.png', 'False_StimFile': 'TMTstop-B_1_1redlinestimulus0.png', 'DurationTrial': 10}
9.1214 	EXP 	Stim: autoDraw = False
9.1214 	EXP 	Stim: image = 'TMTstop-B_1_1greenlinestimulus0.png'
9.1214 	EXP 	Stim: image = 'TMTstop-B_1_1redlinestimulus0.png'
9.1214 	EXP 	Stim: autoDraw = True
9.2706 	DATA 	Keypress: 1
9.4926 	EXP 	New trial (rep=0, index=3): {'NumberLetter': 'B', 'corrAns': 2, 'StimFile': 'TMTstop-B_1_1linestimulus1.png', 'Correct_StimFile': 'TMTstop-B_1_1greenlinestimulus1.png', 'False_StimFile': 'TMTstop-B_1_1redlinestimulus1.png', 'DurationTrial': 10}
9.5619 	DATA 	Keypress: 1
9.5661 	EXP 	Stim: autoDraw = False
9.5661 	EXP 	Stim: image = 'TMTstop-B_1_1greenlinestimulus1.png'
9.5661 	EXP 	Stim: image = 'TMTstop-B_1_1redlinestimulus1.png'
9.5661 	EXP 	Stim: autoDraw = True
9.7220 	DATA 	Keypress: 1
9.8540 	DATA 	Keypress: 2
9.8605 	EXP 	New trial (rep=0, index=4): {'NumberLetter': 3, 'corrAns': 1, 'StimFile': 'TMTstop-B_1_1linestimulus2.png', 'Correct_StimFile': 'TMTstop-B_1_1greenlinestimulus2.png', 'False_StimFile': 'TMTstop-B_1_1redlinestimulus2.png', 'DurationTrial': 10}
9.9271 	EXP 	Stim: autoDraw = False
9.9271 	EXP 	Stim: image = 'TMTstop-B_1_1greenlinestimulus2.png'
9.9271 	EXP 	Stim: image = 'TMTstop-B_1_1redlinestimulus2.png'
9.9271 	EXP 	Stim: autoDraw = True
10.1248 	DATA 	Keypress: 2
10.1802 	DATA 	Keypress: 3
10.1869 	EXP 	New trial (rep=0, index=5): {'NumberLetter': 'C', 'corrAns': 2, 'StimFile': 'TMTstop-B_1_1linestimulus3.png', 'Correct_StimFile': 'TMTstop-B_1_1greenlinestimulus3.png', 'False_StimFile': 'TMTstop-B_1_1redlinestimulus3.png', 'DurationTrial': 10}
10.2602 	EXP 	Stim: autoDraw = False
10.2602 	EXP 	Stim: image = 'TMTstop-B_1_1greenlinestimulus3.png'
10.2602 	EXP 	Stim: image = 'TMTstop-B_1_1redlinestimulus3.png'
10.2602 	EXP 	Stim: autoDraw = True
10.3810 	EXP 	New trial (rep=0, index=6): {'NumberLetter': 4, 'corrAns': 1, 'StimFile': 'TMTstop-B_1_1linestimulus4.png', 'Correct_StimFile': 'TMTstop-B_1_1greenlinestimulus4.png', 'False_StimFile': 'TMTstop-B_1_1redlinestimulus4.png', 'DurationTrial': 10}
10.4441 	DATA 	Keypress: 1
10.4443 	DATA 	Keypress: 3
10.4479 	EXP 	Stim: autoDraw = False
10.4479 	EXP 	Stim: image = 'TMTstop-B_1_1greenlinestimulus4.png'
10.4479 	EXP 	Stim: image = 'TMTstop-B_1_1redlinestimulus4.png'
10.4479 	EXP 	Stim: autoDraw = True
10.4924 	EXP 	New trial (rep=0, index=7): {'NumberLetter': 'D', 'corrAns': 2, 'StimFile': 'TMTstop-B_1_1linestimulus5.png', 'Correct_StimFile': 'TMTstop-B_1_1greenlinestimulus5.png', 'False_StimFile': 'TMTstop-B_1_1redlinestimulus5.png', 'DurationTrial': 10}
10.5619 	DATA 	Keypress: 2
10.5657 	EXP 	Stim: autoDraw = False
10.5657 	EXP 	Stim: image = 'TMTstop-B_1_1greenlinestimulus5.png'
10.5657 	EXP 	Stim: image = 'TMTstop-B_1_1redlinestimulus5.png'
10.5657 	EXP 	Stim: autoDraw = True
10.6246 	DATA 	Keypress: 3
10.6313 	EXP 	New trial (rep=0, index=8): {'NumberLetter': 5, 'corrAns': 3, 'StimFile': 'TMTstop-B_1_1linestimulus6.png', 'Correct_StimFile': 'TMTstop-B_1_1greenlinestimulus6.png', 'False_StimFile': 'TMTstop-B_1_1redlinestimulus6.png', 'DurationTrial': 10}
10.7017 	DATA 	Keypress: 1
10.7050 	EXP 	Stim: autoDraw = False
10.7050 	EXP 	Stim: image = 'TMTstop-B_1_1greenlinestimulus6.png'
10.7050 	EXP 	Stim: image = 'TMTstop-B_1_1redlinestimulus6.png'
10.7050 	EXP 	Stim: autoDraw = True
10.7149 	DATA 	Keypress: 2
10.7704 	DATA 	Keypress: 1
10.7774 	EXP 	New trial (rep=0, index=9): {'NumberLetter': 'E', 'corrAns': 1, 'StimFile': 'TMTstop-B_1_1linestimulus7.png', 'Correct_StimFile': 'TMTstop-B_1_1greenlinestimulus7.png', 'False_StimFile': 'TMTstop-B_1_1redlinestimulus7.png', 'DurationTrial': 10}
10.8476 	DATA 	Keypress: 3
10.8511 	EXP 	Stim: autoDraw = False
10.8511 	EXP 	Stim: image = 'TMTstop-B_1_1greenlinestimulus7.png'
10.8511 	EXP 	Stim: image = 'TMTstop-B_1_1redlinestimulus7.png'
10.8511 	EXP 	Stim: autoDraw = True
10.8608 	DATA 	Keypress: 2
10.8676 	EXP 	New trial (rep=0, index=10): {'NumberLetter': 6, 'corrAns': 3, 'StimFile': 'TMTstop-B_1_1linestimulus8.png', 'Correct_StimFile': 'TMTstop-B_1_1greenlinestimulus8.png', 'False_StimFile': 'TMTstop-B_1_1redlinestimulus8.png', 'DurationTrial': 10}
10.9415 	EXP 	Stim: autoDraw = False
10.9415 	EXP 	Stim: image = 'TMTstop-B_1_1greenlinestimulus8.png'
10.9415 	EXP 	Stim: image = 'TMTstop-B_1_1redlinestimulus8.png'
10.9415 	EXP 	Stim: autoDraw = True
10.9647 	DATA 	Keypress: 3
10.9716 	EXP 	New trial (rep=0, index=11): {'NumberLetter': 'F', 'corrAns': 2, 'StimFile': 'TMTstop-B_1_1linestimulus9.png', 'Correct_StimFile': 'TMTstop-B_1_1greenlinestimulus9.png', 'False_StimFile': 'TMTstop-B_1_1redlinestimulus9.png', 'DurationTrial': 10}
11.0411 	DATA 	Keypress: 1
11.0413 	DATA 	Keypress: 2
11.0453 	EXP 	Stim: autoDraw = False
11.0453 	EXP 	Stim: image = 'TMTstop-B_1_1greenlinestimulus9.png'
11.0453 	EXP 	Stim: image = 'TMTstop-B_1_1redlinestimulus9.png'
11.0453 	EXP 	Stim: autoDraw = True
11.1035 	EXP 	New trial (rep=0, index=12): {'NumberLetter': 7, 'corrAns': 1, 'StimFile': 'TMTstop-B_1_1linestimulus10.png', 'Correct_StimFile': 'TMTstop-B_1_1greenlinestimulus10.png', 'False_StimFile': 'TMTstop-B_1_1redlinestimulus10.png', 'DurationTrial': 1}
11.1732 	DATA 	Keypress: 1
11.1733 	DATA 	Keypress: 2
11.1735 	DATA 	Keypress: 3
11.1771 	EXP 	Stim: autoDraw = False
11.1771 	EXP 	Stim: image = 'TMTstop-B_1_1greenlinestimulus10.png'
11.1771 	EXP 	Stim: image = 'TMTstop-B_1_1redlinestimulus10.png'
11.1771 	EXP 	Stim: autoDraw = True
11.1811 	EXP 	New trial (rep=0, index=13): {'NumberLetter': 'G', 'corrAns': 3, 'StimFile': 'TMTstop-B_1_1linestimulus11.png', 'Correct_StimFile': 'TMTstop-B_1_1greenlinestimulus11.png', 'False_StimFile': 'TMTstop-B_1_1redlinestimulus11.png', 'DurationTrial': None}
11.2534 	EXP 	Stim: autoDraw = False
11.2534 	EXP 	Stim: image = 'TMTstop-B_1_1greenlinestimulus11.png'
11.2534 	EXP 	Stim: image = 'TMTstop-B_1_1redlinestimulus11.png'
11.2534 	EXP 	Stim: autoDraw = True
11.2912 	DATA 	Keypress: 3
11.2972 	EXP 	New trial (rep=0, index=14): {'NumberLetter': 8, 'corrAns': 1, 'StimFile': 'TMTstop-B_1_1linestimulus12.png', 'Correct_StimFile': 'TMTstop-B_1_1greenlinestimulus12.png', 'False_StimFile': 'TMTstop-B_1_1redlinestimulus12.png', 'DurationTrial': None}
11.3676 	DATA 	Keypress: 1
11.3678 	DATA 	Keypress: 2
11.3714 	EXP 	Stim: autoDraw = False
11.3714 	EXP 	Stim: image = 'TMTstop-B_1_1greenlinestimulus12.png'
11.3714 	EXP 	Stim: image = 'TMTstop-B_1_1redlinestimulus12.png'
11.3714 	EXP 	Stim: autoDraw = True
11.4234 	DATA 	Keypress: 1
11.4297 	EXP 	New trial (rep=0, index=15): {'NumberLetter': 'H', 'corrAns': 2, 'StimFile': 'TMTstop-B_1_1linestimulus13.png', 'Correct_StimFile': 'TMTstop-B_1_1greenlinestimulus13.png', 'False_StimFile': 'TMTstop-B_1_1redlinestimulus13.png', 'DurationTrial': None}
11.4998 	DATA 	Keypress: 3
11.4999 	DATA 	Keypress: 2
11.5038 	EXP 	Stim: autoDraw = False
11.5038 	EXP 	Stim: image = 'TMTstop-B_1_1greenlinestimulus13.png'
11.5038 	EXP 	Stim: image = 'TMTstop-B_1_1redlinestimulus13.png'
11.5038 	EXP 	Stim: autoDraw = True
11.5083 	EXP 	New trial (rep=0, index=16): {'NumberLetter': 9, 'corrAns': 3, 'StimFile': 'TMTstop-B_1_1linestimulus14.png', 'Correct_StimFile': 'TMTstop-B_1_1greenlinestimulus14.png', 'False_StimFile': 'TMTstop-B_1_1redlinestimulus14.png', 'DurationTrial': None}
11.5868 	EXP 	Stim: autoDraw = False
11.5868 	EXP 	Stim: image = 'TMTstop-B_1_1greenlinestimulus14.png'
11.5868 	EXP 	Stim: image = 'TMTstop-B_1_1redlinestimulus14.png'
11.5868 	EXP 	Stim: autoDraw = True
11.6107 	DATA 	Keypress: 3
11.6175 	EXP 	New trial (rep=0, index=17): {'NumberLetter': 'I', 'corrAns': 2, 'StimFile': 'TMTstop-B_1_1linestimulus15.png', 'Correct_StimFile': 'TMTstop-B_1_1greenlinestimulus15.png', 'False_StimFile': 'TMTstop-B_1_1redlinestimulus15.png', 'DurationTrial': None}
11.6943 	DATA 	Keypress: 1
11.6945 	DATA 	Keypress: 2
11.6981 	EXP 	Stim: autoDraw = False
11.6981 	EXP 	Stim: image = 'TMTstop-B_1_1greenlinestimulus15.png'
11.6981 	EXP 	Stim: image = 'TMTstop-B_1_1redlinestimulus15.png'
11.6981 	EXP 	Stim: autoDraw = True
11.7419 	EXP 	New trial (rep=0, index=18): {'NumberLetter': 10, 'corrAns': 1, 'StimFile': 'TMTstop-B_1_1linestimulus16.png', 'Correct_StimFile': 'TMTstop-B_1_1greenlinestimulus16.png', 'False_StimFile': 'TMTstop-B_1_1redlinestimulus16.png', 'DurationTrial': None}
11.8187 	DATA 	Keypress: 1
11.8188 	DATA 	Keypress: 2
11.8190 	DATA 	Keypress: 3
11.8234 	EXP 	Stim: autoDraw = False
11.8234 	EXP 	Stim: image = 'TMTstop-B_1_1greenlinestimulus16.png'
11.8234 	EXP 	Stim: image = 'TMTstop-B_1_1redlinestimulus16.png'
11.8234 	EXP 	Stim: autoDraw = True
11.8272 	EXP 	New trial (rep=0, index=19): {'NumberLetter': 'J', 'corrAns': 2, 'StimFile': 'TMTstop-B_1_1linestimulus17.png', 'Correct_StimFile': 'TMTstop-B_1_1greenlinestimulus17.png', 'False_StimFile': 'TMTstop-B_1_1redlinestimulus17.png', 'DurationTrial': None}
11.9063 	EXP 	Stim: autoDraw = False
11.9063 	EXP 	Stim: image = 'TMTstop-B_1_1greenlinestimulus17.png'
11.9063 	EXP 	Stim: image = 'TMTstop-B_1_1redlinestimulus17.png'
11.9063 	EXP 	Stim: autoDraw = True
11.9314 	EXP 	New trial (rep=0, index=20): {'NumberLetter': 11, 'corrAns': 3, 'StimFile': 'TMTstop-B_1_1linestimulus18.png', 'Correct_StimFile': 'TMTstop-B_1_1greenlinestimulus18.png', 'False_StimFile': 'TMTstop-B_1_1redlinestimulus18.png', 'DurationTrial': None}
12.0063 	DATA 	Keypress: 3
12.0065 	DATA 	Keypress: 1
12.0104 	EXP 	Stim: autoDraw = False
12.0104 	EXP 	Stim: image = 'TMTstop-B_1_1greenlinestimulus18.png'
12.0104 	EXP 	Stim: image = 'TMTstop-B_1_1redlinestimulus18.png'
12.0104 	EXP 	Stim: autoDraw = True
12.0209 	DATA 	Keypress: 2
12.0757 	DATA 	Keypress: 1
12.0831 	EXP 	New trial (rep=0, index=21): {'NumberLetter': 'K', 'corrAns': 1, 'StimFile': 'TMTstop-B_1_1linestimulus19.png', 'Correct_StimFile': 'TMTstop-B_1_1greenlinestimulus19.png', 'False_StimFile': 'TMTstop-B_1_1redlinestimulus19.png', 'DurationTrial': None}
12.1523 	DATA 	Keypress: 3
12.1561 	EXP 	Stim: autoDraw = False
12.1561 	EXP 	Stim: image = 'TMTstop-B_1_1greenlinestimulus19.png'
12.1561 	EXP 	Stim: image = 'TMTstop-B_1_1redlinestimulus19.png'
12.1561 	EXP 	Stim: autoDraw = True
12.1663 	DATA 	Keypress: 2
12.1738 	EXP 	New trial (rep=0, index=22): {'NumberLetter': 12, 'corrAns': 3, 'StimFile': 'TMTstop-B_1_1linestimulus20.png', 'Correct_StimFile': 'TMTstop-B_1_1greenlinestimulus20.png', 'False_StimFile': 'TMTstop-B_1_1redlinestimulus20.png', 'DurationTrial': None}
12.2532 	EXP 	Stim: autoDraw = False
12.2532 	EXP 	Stim: image = 'TMTstop-B_1_1greenlinestimulus20.png'
12.2532 	EXP 	Stim: image = 'TMTstop-B_1_1redlinestimulus20.png'
12.2532 	EXP 	Stim: autoDraw = True
12.2771 	DATA 	Keypress: 3
12.2839 	EXP 	New trial (rep=0, index=23): {'NumberLetter': 'L', 'corrAns': 1, 'StimFile': 'TMTstop-B_1_1linestimulus21.png', 'Correct_StimFile': 'TMTstop-B_1_1greenlinestimulus21.png', 'False_StimFile': 'TMTstop-B_1_1redlinestimulus21.png', 'DurationTrial': None}
12.3605 	DATA 	Keypress: 1
12.3614 	DATA 	Keypress: 2
12.3646 	EXP 	Stim: autoDraw = False
12.3646 	EXP 	Stim: image = 'TMTstop-B_1_1greenlinestimulus21.png'
12.3646 	EXP 	Stim: image = 'TMTstop-B_1_1redlinestimulus21.png'
12.3646 	EXP 	Stim: autoDraw = True
12.3948 	EXP 	New trial (rep=0, index=24): {'NumberLetter': 13, 'corrAns': 2, 'StimFile': 'TMTstop-B_1_1linestimulus22.png', 'Correct_StimFile': 'TMTstop-B_1_1greenlinestimulus22.png', 'False_StimFile': 'TMTstop-B_1_1redlinestimulus22.png', 'DurationTrial': None}
12.4718 	DATA 	Keypress: 1
12.4720 	DATA 	Keypress: 3
12.4728 	DATA 	Keypress: 2
12.4760 	EXP 	Stim: autoDraw = False
12.4760 	EXP 	Stim: image = 'TMTstop-B_1_1greenlinestimulus22.png'
12.4760 	EXP 	Stim: image = 'TMTstop-B_1_1redlinestimulus22.png'
12.4760 	EXP 	Stim: autoDraw = True
12.4805 	EXP 	New trial (rep=0, index=25): {'NumberLetter': None, 'corrAns': None, 'StimFile': 'TMTstop-B_1_1linestimulus23.png', 'Correct_StimFile': 'TMTstop-B_1_1greenlinestimulus23.png', 'False_StimFile': 'TMTstop-B_1_1redlinestimulus23.png', 'DurationTrial': None}
12.5589 	EXP 	Stim: autoDraw = False
12.5589 	EXP 	Stim: image = 'TMTstop-B_1_1greenlinestimulus23.png'
12.5589 	EXP 	Stim: image = 'TMTstop-B_1_1redlinestimulus23.png'
12.5589 	EXP 	Stim: autoDraw = True
12.5830 	DATA 	Keypress: 3
12.5845 	EXP 	Stim: autoDraw = False
12.5845 	EXP 	polygon: autoDraw = True
12.6055 	DATA 	Keypress: 1
12.6744 	DATA 	Keypress: 2
12.7856 	DATA 	Keypress: 3
13.2990 	DATA 	Keypress: esc
13.4753 	EXP 	window1: mouseVisible = True
