2.2508 	WARNING 	We strongly recommend you activate the PTB sound engine in PsychoPy prefs as the preferred audio engine. Its timing is vastly superior. Your prefs are currently set to use ['pyo'] (in that order).
7.8281 	EXP 	Created window1 = Window(allowGUI=False, allowStencil=False, autoLog=True, backendConf=UNKNOWN, bitsMode=UNKNOWN, blendMode='avg', bpc=(8, 8, 8), color=array([1, 1, 1]), colorSpace='rgb', depthBits=8, fullscr=<method-wrapper '__getattribute__' of attributeSetter object at 0x0000021DC16A54A8>, gamma=None, gammaErrorPolicy='raise', lms=UNKNOWN, monitor=<psychopy.monitors.calibTools.Monitor object at 0x0000021DC16F3748>, multiSample=False, name='window1', numSamples=2, pos=None, screen=0, size=array([3440, 1440]), stencilBits=0, stereo=False, units='height', useFBO=True, useRetina=False, viewOri=0.0, viewPos=None, viewScale=None, waitBlanking=True, winType='glfw')
7.8298 	EXP 	window1: mouseVisible = True
7.8298 	EXP 	window1: recordFrameIntervals = False
7.9944 	EXP 	window1: recordFrameIntervals = True
8.1779 	EXP 	window1: recordFrameIntervals = False
9.0755 	EXP 	Created image_2 = ImageStim(__class__=<class 'psychopy.visual.image.ImageStim'>, autoLog=True, color=array([1., 1., 1.]), colorSpace='rgb', contrast=1.0, depth=0.0, flipHoriz=False, flipVert=False, image='Instructions_TMT.png', interpolate=True, mask=None, maskParams=None, name='image_2', opacity=1, ori=0.0, pos=array([0., 0.]), size=array([1.28, 0.72]), texRes=128.0, units='height', win=Window(...))
9.0802 	EXP 	Created polygon_2 = ShapeStim(__class__=<class 'psychopy.visual.shape.ShapeStim'>, autoDraw=False, autoLog=True, closeShape=True, color=method-wrapper(...), colorSpace='rgb', contrast=None, depth=-1.0, fillColor=array([-1, -1, -1]), fillColorSpace='rgb', fillRGB=array([-1, -1, -1]), interpolate=True, lineColor=array([0., 0., 0.]), lineColorSpace='rgb', lineRGB=array([0, 0, 0]), lineWidth=0.1, name='polygon_2', opacity=0.5, ori=0.0, pos=array([0., 0.]), size=array([0.1, 0.1]), units='height', vertices=ndarray(...), win=Window(...), windingRule=None)
9.3664 	EXP 	Created text_2 = TextStim(__class__=<class 'psychopy.visual.text.TextStim'>, alignHoriz=method-wrapper(...), alignText='center', alignVert=method-wrapper(...), anchorHoriz='center', anchorVert='center', antialias=True, autoLog=True, bold=False, color=array([-1., -1., -1.]), colorSpace='rgb', contrast=1.0, depth=0.0, flipHoriz=False, flipVert=False, font='Open Sans', fontFiles=[], height=0.1, italic=False, languageStyle='LTR', name='text_2', opacity=1, ori=0.0, pos=array([0., 0.]), rgb=UNKNOWN, text='Numerisk ordning.\n\n(1-2-3-4...)', units='height', win=Window(...), wrapWidth=1)
9.3720 	EXP 	Created Stim = ImageStim(__class__=<class 'psychopy.visual.image.ImageStim'>, autoLog=True, color=array([1., 1., 1.]), colorSpace='rgb', contrast=1.0, depth=0.0, flipHoriz=False, flipVert=False, image='sin', interpolate=True, mask=None, maskParams=None, name='Stim', opacity=1, ori=0.0, pos=array([0., 0.]), size=array([1.777, 1.   ]), texRes=128.0, units='height', win=Window(...))
9.3743 	EXP 	Created polygon_4 = ShapeStim(__class__=<class 'psychopy.visual.shape.ShapeStim'>, autoDraw=False, autoLog=True, closeShape=True, color=method-wrapper(...), colorSpace='rgb', contrast=None, depth=0.0, fillColor=array([-1, -1, -1]), fillColorSpace='rgb', fillRGB=array([-1, -1, -1]), interpolate=True, lineColor=array([0., 0., 0.]), lineColorSpace='rgb', lineRGB=array([0, 0, 0]), lineWidth=0.1, name='polygon_4', opacity=0.5, ori=0.0, pos=array([0., 0.]), size=array([0.1, 0.1]), units='height', vertices=ndarray(...), win=Window(...), windingRule=None)
9.3766 	EXP 	Created polygon = ShapeStim(__class__=<class 'psychopy.visual.shape.ShapeStim'>, autoDraw=False, autoLog=True, closeShape=True, color=method-wrapper(...), colorSpace='rgb', contrast=None, depth=0.0, fillColor=array([-1, -1, -1]), fillColorSpace='rgb', fillRGB=array([-1, -1, -1]), interpolate=True, lineColor=array([0., 0., 0.]), lineColorSpace='rgb', lineRGB=array([0, 0, 0]), lineWidth=0.1, name='polygon', opacity=0.5, ori=0.0, pos=array([0., 0.]), size=array([0.1, 0.1]), units='height', vertices=ndarray(...), win=Window(...), windingRule=None)
9.3812 	EXP 	Created Stim = ImageStim(__class__=<class 'psychopy.visual.image.ImageStim'>, autoLog=True, color=array([1., 1., 1.]), colorSpace='rgb', contrast=1.0, depth=0.0, flipHoriz=False, flipVert=False, image='sin', interpolate=True, mask=None, maskParams=None, name='Stim', opacity=1, ori=0.0, pos=array([0., 0.]), size=array([1.777, 1.   ]), texRes=128.0, units='height', win=Window(...))
9.3835 	EXP 	Created polygon_4 = ShapeStim(__class__=<class 'psychopy.visual.shape.ShapeStim'>, autoDraw=False, autoLog=True, closeShape=True, color=method-wrapper(...), colorSpace='rgb', contrast=None, depth=0.0, fillColor=array([-1, -1, -1]), fillColorSpace='rgb', fillRGB=array([-1, -1, -1]), interpolate=True, lineColor=array([0., 0., 0.]), lineColorSpace='rgb', lineRGB=array([0, 0, 0]), lineWidth=0.1, name='polygon_4', opacity=0.5, ori=0.0, pos=array([0., 0.]), size=array([0.1, 0.1]), units='height', vertices=ndarray(...), win=Window(...), windingRule=None)
9.3858 	EXP 	Created polygon = ShapeStim(__class__=<class 'psychopy.visual.shape.ShapeStim'>, autoDraw=False, autoLog=True, closeShape=True, color=method-wrapper(...), colorSpace='rgb', contrast=None, depth=0.0, fillColor=array([-1, -1, -1]), fillColorSpace='rgb', fillRGB=array([-1, -1, -1]), interpolate=True, lineColor=array([0., 0., 0.]), lineColorSpace='rgb', lineRGB=array([0, 0, 0]), lineWidth=0.1, name='polygon', opacity=0.5, ori=0.0, pos=array([0., 0.]), size=array([0.1, 0.1]), units='height', vertices=ndarray(...), win=Window(...), windingRule=None)
9.3918 	EXP 	Created Stim = ImageStim(__class__=<class 'psychopy.visual.image.ImageStim'>, autoLog=True, color=array([1., 1., 1.]), colorSpace='rgb', contrast=1.0, depth=0.0, flipHoriz=False, flipVert=False, image='sin', interpolate=True, mask=None, maskParams=None, name='Stim', opacity=1, ori=0.0, pos=array([0., 0.]), size=array([1.777, 1.   ]), texRes=128.0, units='height', win=Window(...))
9.3944 	EXP 	Created polygon_4 = ShapeStim(__class__=<class 'psychopy.visual.shape.ShapeStim'>, autoDraw=False, autoLog=True, closeShape=True, color=method-wrapper(...), colorSpace='rgb', contrast=None, depth=0.0, fillColor=array([-1, -1, -1]), fillColorSpace='rgb', fillRGB=array([-1, -1, -1]), interpolate=True, lineColor=array([0., 0., 0.]), lineColorSpace='rgb', lineRGB=array([0, 0, 0]), lineWidth=0.1, name='polygon_4', opacity=0.5, ori=0.0, pos=array([0., 0.]), size=array([0.1, 0.1]), units='height', vertices=ndarray(...), win=Window(...), windingRule=None)
9.4171 	EXP 	Created Info2 = TextStim(__class__=<class 'psychopy.visual.text.TextStim'>, alignHoriz=method-wrapper(...), alignText='center', alignVert=method-wrapper(...), anchorHoriz='center', anchorVert='center', antialias=True, autoLog=True, bold=False, color=array([-1., -1., -1.]), colorSpace='rgb', contrast=1.0, depth=0.0, flipHoriz=False, flipVert=False, font='Open Sans', fontFiles=[], height=0.1, italic=False, languageStyle='LTR', name='Info2', opacity=1, ori=0.0, pos=array([0., 0.]), rgb=UNKNOWN, text=str(...), units='height', win=Window(...), wrapWidth=1)
9.4214 	EXP 	Created Stim = ImageStim(__class__=<class 'psychopy.visual.image.ImageStim'>, autoLog=True, color=array([1., 1., 1.]), colorSpace='rgb', contrast=1.0, depth=0.0, flipHoriz=False, flipVert=False, image='sin', interpolate=True, mask=None, maskParams=None, name='Stim', opacity=1, ori=0.0, pos=array([0., 0.]), size=array([1.777, 1.   ]), texRes=128.0, units='height', win=Window(...))
9.4236 	EXP 	Created polygon_4 = ShapeStim(__class__=<class 'psychopy.visual.shape.ShapeStim'>, autoDraw=False, autoLog=True, closeShape=True, color=method-wrapper(...), colorSpace='rgb', contrast=None, depth=0.0, fillColor=array([-1, -1, -1]), fillColorSpace='rgb', fillRGB=array([-1, -1, -1]), interpolate=True, lineColor=array([0., 0., 0.]), lineColorSpace='rgb', lineRGB=array([0, 0, 0]), lineWidth=0.1, name='polygon_4', opacity=0.5, ori=0.0, pos=array([0., 0.]), size=array([0.1, 0.1]), units='height', vertices=ndarray(...), win=Window(...), windingRule=None)
9.4295 	EXP 	Created text_2 = TextStim(__class__=<class 'psychopy.visual.text.TextStim'>, alignHoriz=method-wrapper(...), alignText='center', alignVert=method-wrapper(...), anchorHoriz='center', anchorVert='center', antialias=True, autoLog=True, bold=False, color=array([-1., -1., -1.]), colorSpace='rgb', contrast=1.0, depth=0.0, flipHoriz=False, flipVert=False, font='Open Sans', fontFiles=[], height=0.1, italic=False, languageStyle='LTR', name='text_2', opacity=1, ori=0.0, pos=array([0., 0.]), rgb=UNKNOWN, text='Numerisk ordning.\n\n(1-2-3-4...)', units='height', win=Window(...), wrapWidth=1)
9.4336 	EXP 	Created Stim = ImageStim(__class__=<class 'psychopy.visual.image.ImageStim'>, autoLog=True, color=array([1., 1., 1.]), colorSpace='rgb', contrast=1.0, depth=0.0, flipHoriz=False, flipVert=False, image='sin', interpolate=True, mask=None, maskParams=None, name='Stim', opacity=1, ori=0.0, pos=array([0., 0.]), size=array([1.777, 1.   ]), texRes=128.0, units='height', win=Window(...))
9.4358 	EXP 	Created polygon_4 = ShapeStim(__class__=<class 'psychopy.visual.shape.ShapeStim'>, autoDraw=False, autoLog=True, closeShape=True, color=method-wrapper(...), colorSpace='rgb', contrast=None, depth=0.0, fillColor=array([-1, -1, -1]), fillColorSpace='rgb', fillRGB=array([-1, -1, -1]), interpolate=True, lineColor=array([0., 0., 0.]), lineColorSpace='rgb', lineRGB=array([0, 0, 0]), lineWidth=0.1, name='polygon_4', opacity=0.5, ori=0.0, pos=array([0., 0.]), size=array([0.1, 0.1]), units='height', vertices=ndarray(...), win=Window(...), windingRule=None)
9.4379 	EXP 	Created polygon = ShapeStim(__class__=<class 'psychopy.visual.shape.ShapeStim'>, autoDraw=False, autoLog=True, closeShape=True, color=method-wrapper(...), colorSpace='rgb', contrast=None, depth=0.0, fillColor=array([-1, -1, -1]), fillColorSpace='rgb', fillRGB=array([-1, -1, -1]), interpolate=True, lineColor=array([0., 0., 0.]), lineColorSpace='rgb', lineRGB=array([0, 0, 0]), lineWidth=0.1, name='polygon', opacity=0.5, ori=0.0, pos=array([0., 0.]), size=array([0.1, 0.1]), units='height', vertices=ndarray(...), win=Window(...), windingRule=None)
9.4424 	EXP 	Created Stim = ImageStim(__class__=<class 'psychopy.visual.image.ImageStim'>, autoLog=True, color=array([1., 1., 1.]), colorSpace='rgb', contrast=1.0, depth=0.0, flipHoriz=False, flipVert=False, image='sin', interpolate=True, mask=None, maskParams=None, name='Stim', opacity=1, ori=0.0, pos=array([0., 0.]), size=array([1.777, 1.   ]), texRes=128.0, units='height', win=Window(...))
9.4446 	EXP 	Created polygon_4 = ShapeStim(__class__=<class 'psychopy.visual.shape.ShapeStim'>, autoDraw=False, autoLog=True, closeShape=True, color=method-wrapper(...), colorSpace='rgb', contrast=None, depth=0.0, fillColor=array([-1, -1, -1]), fillColorSpace='rgb', fillRGB=array([-1, -1, -1]), interpolate=True, lineColor=array([0., 0., 0.]), lineColorSpace='rgb', lineRGB=array([0, 0, 0]), lineWidth=0.1, name='polygon_4', opacity=0.5, ori=0.0, pos=array([0., 0.]), size=array([0.1, 0.1]), units='height', vertices=ndarray(...), win=Window(...), windingRule=None)
9.4467 	EXP 	Created polygon = ShapeStim(__class__=<class 'psychopy.visual.shape.ShapeStim'>, autoDraw=False, autoLog=True, closeShape=True, color=method-wrapper(...), colorSpace='rgb', contrast=None, depth=0.0, fillColor=array([-1, -1, -1]), fillColorSpace='rgb', fillRGB=array([-1, -1, -1]), interpolate=True, lineColor=array([0., 0., 0.]), lineColorSpace='rgb', lineRGB=array([0, 0, 0]), lineWidth=0.1, name='polygon', opacity=0.5, ori=0.0, pos=array([0., 0.]), size=array([0.1, 0.1]), units='height', vertices=ndarray(...), win=Window(...), windingRule=None)
9.4516 	EXP 	Created Stim = ImageStim(__class__=<class 'psychopy.visual.image.ImageStim'>, autoLog=True, color=array([1., 1., 1.]), colorSpace='rgb', contrast=1.0, depth=0.0, flipHoriz=False, flipVert=False, image='sin', interpolate=True, mask=None, maskParams=None, name='Stim', opacity=1, ori=0.0, pos=array([0., 0.]), size=array([1.777, 1.   ]), texRes=128.0, units='height', win=Window(...))
9.4538 	EXP 	Created polygon_4 = ShapeStim(__class__=<class 'psychopy.visual.shape.ShapeStim'>, autoDraw=False, autoLog=True, closeShape=True, color=method-wrapper(...), colorSpace='rgb', contrast=None, depth=0.0, fillColor=array([-1, -1, -1]), fillColorSpace='rgb', fillRGB=array([-1, -1, -1]), interpolate=True, lineColor=array([0., 0., 0.]), lineColorSpace='rgb', lineRGB=array([0, 0, 0]), lineWidth=0.1, name='polygon_4', opacity=0.5, ori=0.0, pos=array([0., 0.]), size=array([0.1, 0.1]), units='height', vertices=ndarray(...), win=Window(...), windingRule=None)
9.4634 	EXP 	Created Info2 = TextStim(__class__=<class 'psychopy.visual.text.TextStim'>, alignHoriz=method-wrapper(...), alignText='center', alignVert=method-wrapper(...), anchorHoriz='center', anchorVert='center', antialias=True, autoLog=True, bold=False, color=array([-1., -1., -1.]), colorSpace='rgb', contrast=1.0, depth=0.0, flipHoriz=False, flipVert=False, font='Open Sans', fontFiles=[], height=0.1, italic=False, languageStyle='LTR', name='Info2', opacity=1, ori=0.0, pos=array([0., 0.]), rgb=UNKNOWN, text=str(...), units='height', win=Window(...), wrapWidth=1)
9.4687 	EXP 	Created Stim = ImageStim(__class__=<class 'psychopy.visual.image.ImageStim'>, autoLog=True, color=array([1., 1., 1.]), colorSpace='rgb', contrast=1.0, depth=0.0, flipHoriz=False, flipVert=False, image='sin', interpolate=True, mask=None, maskParams=None, name='Stim', opacity=1, ori=0.0, pos=array([0., 0.]), size=array([1.777, 1.   ]), texRes=128.0, units='height', win=Window(...))
9.4710 	EXP 	Created polygon_4 = ShapeStim(__class__=<class 'psychopy.visual.shape.ShapeStim'>, autoDraw=False, autoLog=True, closeShape=True, color=method-wrapper(...), colorSpace='rgb', contrast=None, depth=0.0, fillColor=array([-1, -1, -1]), fillColorSpace='rgb', fillRGB=array([-1, -1, -1]), interpolate=True, lineColor=array([0., 0., 0.]), lineColorSpace='rgb', lineRGB=array([0, 0, 0]), lineWidth=0.1, name='polygon_4', opacity=0.5, ori=0.0, pos=array([0., 0.]), size=array([0.1, 0.1]), units='height', vertices=ndarray(...), win=Window(...), windingRule=None)
9.4878 	EXP 	Created text = TextStim(__class__=<class 'psychopy.visual.text.TextStim'>, alignHoriz=method-wrapper(...), alignText='center', alignVert=method-wrapper(...), anchorHoriz='center', anchorVert='center', antialias=True, autoLog=True, bold=False, color=array([-1., -1., -1.]), colorSpace='rgb', contrast=1.0, depth=0.0, flipHoriz=False, flipVert=False, font='Open Sans', fontFiles=[], height=0.04, italic=False, languageStyle='LTR', name='text', opacity=1, ori=0.0, pos=array([0., 0.]), rgb=UNKNOWN, text=str(...), units='height', win=Window(...), wrapWidth=1)
9.6540 	EXP 	image_2: autoDraw = True
16.4080 	DATA 	Keypress: 1
16.4178 	EXP 	image_2: autoDraw = False
16.4178 	EXP 	polygon_2: autoDraw = True
16.5898 	DATA 	Keypress: 1
31.3522 	DATA 	Keypress: s
31.3541 	DATA 	Keypress: s
31.3620 	EXP 	polygon_2: autoDraw = False
31.3620 	EXP 	text_2: autoDraw = True
38.3541 	EXP 	Imported TMT_conditions.xlsx as conditions, 2 conditions, 2 params
38.3545 	EXP 	Created sequence: sequential, trialTypes=2, nReps=1, seed=None
38.3547 	EXP 	New trial (rep=0, index=0): {'Block_paper': 'C1', 'Condition_rows': '0:26'}
38.5799 	EXP 	Imported TMT_trials.xlsx as conditions, 26 conditions, 11 params
38.5804 	EXP 	Created sequence: sequential, trialTypes=26, nReps=1, seed=None
38.5808 	EXP 	New trial (rep=0, index=0): {'NumberLetter': 1, 'corrAns': ['2'], 'Correct': 2, 'StimFile': 'Images/TMTstop-control_1_1.png', 'Correct_StimFile': 'Images/TMTstop-control_1_1.png', 'False_StimFile': 'Images/TMTstop-control_1_1.png', 'Version': 'TMT_Control', 'Paper': 'C1', 'TrialNumber_Version': 1, 'Round': 1, 'Block': 1}
38.6934 	EXP 	text_2: autoDraw = False
38.6934 	EXP 	Stim: image = 'Images/TMTstop-control_1_1.png'
38.6934 	EXP 	Stim: autoDraw = True
39.3894 	DATA 	Keypress: 3
39.3895 	DATA 	Keypress: 2
39.3984 	EXP 	Stim: image = 'Images/TMTstop-control_1_1.png'
39.4035 	EXP 	New trial (rep=0, index=1): {'NumberLetter': 2, 'corrAns': ['1'], 'Correct': 1, 'StimFile': 'Images/TMTstop-control_1_1.png', 'Correct_StimFile': 'Images/TMTstop-control_1_1firstgreen.png', 'False_StimFile': 'Images/TMTstop-control_1_1firstred.png', 'Version': 'TMT_Control', 'Paper': 'C1', 'TrialNumber_Version': 2, 'Round': None, 'Block': 1}
39.4651 	EXP 	Stim: autoDraw = False
39.4651 	EXP 	Stim: image = 'Images/TMTstop-control_1_1firstgreen.png'
39.4651 	EXP 	Stim: autoDraw = True
39.5533 	DATA 	Keypress: 3
39.5691 	EXP 	New trial (rep=0, index=2): {'NumberLetter': 3, 'corrAns': ['3'], 'Correct': 3, 'StimFile': 'Images/TMTstop-control_1_1linestimulus0.png', 'Correct_StimFile': 'Images/TMTstop-control_1_1greenlinestimulus0.png', 'False_StimFile': 'Images/TMTstop-control_1_1redlinestimulus0.png', 'Version': 'TMT_Control', 'Paper': 'C1', 'TrialNumber_Version': 3, 'Round': None, 'Block': 1}
39.6062 	DATA 	Keypress: 1
39.6064 	DATA 	Keypress: 2
39.6153 	EXP 	Stim: autoDraw = False
39.6153 	EXP 	Stim: image = 'Images/TMTstop-control_1_1greenlinestimulus0.png'
39.6153 	EXP 	Stim: autoDraw = True
39.7192 	EXP 	New trial (rep=0, index=3): {'NumberLetter': 4, 'corrAns': ['1'], 'Correct': 1, 'StimFile': 'Images/TMTstop-control_1_1linestimulus1.png', 'Correct_StimFile': 'Images/TMTstop-control_1_1greenlinestimulus1.png', 'False_StimFile': 'Images/TMTstop-control_1_1redlinestimulus1.png', 'Version': 'TMT_Control', 'Paper': 'C1', 'TrialNumber_Version': 4, 'Round': None, 'Block': 1}
39.7523 	DATA 	Keypress: 1
39.7524 	DATA 	Keypress: 3
39.7733 	EXP 	Stim: autoDraw = False
39.7733 	EXP 	Stim: image = 'Images/TMTstop-control_1_1greenlinestimulus1.png'
39.7733 	EXP 	Stim: autoDraw = True
39.8102 	DATA 	Keypress: 2
39.8233 	EXP 	Stim: image = 'Images/TMTstop-control_1_1redlinestimulus1.png'
39.8802 	EXP 	Stim: image = 'Images/TMTstop-control_1_1redlinestimulus1.png'
39.9163 	DATA 	Keypress: 1
39.9164 	DATA 	Keypress: 3
39.9365 	EXP 	Stim: image = 'Images/TMTstop-control_1_1redlinestimulus1.png'
39.9412 	EXP 	New trial (rep=0, index=4): {'NumberLetter': 5, 'corrAns': ['3'], 'Correct': 3, 'StimFile': 'Images/TMTstop-control_1_1linestimulus2.png', 'Correct_StimFile': 'Images/TMTstop-control_1_1greenlinestimulus2.png', 'False_StimFile': 'Images/TMTstop-control_1_1redlinestimulus2.png', 'Version': 'TMT_Control', 'Paper': 'C1', 'TrialNumber_Version': 5, 'Round': None, 'Block': 1}
39.9763 	DATA 	Keypress: 2
40.0033 	EXP 	Stim: autoDraw = False
40.0033 	EXP 	Stim: image = 'Images/TMTstop-control_1_1greenlinestimulus2.png'
40.0033 	EXP 	Stim: autoDraw = True
40.0243 	DATA 	Keypress: 1
40.0413 	DATA 	Keypress: 3
40.0741 	EXP 	New trial (rep=0, index=5): {'NumberLetter': 6, 'corrAns': ['1'], 'Correct': 1, 'StimFile': 'Images/TMTstop-control_1_1linestimulus3.png', 'Correct_StimFile': 'Images/TMTstop-control_1_1greenlinestimulus3.png', 'False_StimFile': 'Images/TMTstop-control_1_1redlinestimulus3.png', 'Version': 'TMT_Control', 'Paper': 'C1', 'TrialNumber_Version': 6, 'Round': None, 'Block': 1}
40.1093 	DATA 	Keypress: 2
40.1199 	EXP 	Stim: autoDraw = False
40.1199 	EXP 	Stim: image = 'Images/TMTstop-control_1_1greenlinestimulus3.png'
40.1199 	EXP 	Stim: autoDraw = True
40.1701 	EXP 	Stim: image = 'Images/TMTstop-control_1_1redlinestimulus3.png'
40.2043 	DATA 	Keypress: 1
40.2198 	EXP 	Stim: image = 'Images/TMTstop-control_1_1redlinestimulus3.png'
40.2242 	EXP 	New trial (rep=0, index=6): {'NumberLetter': 7, 'corrAns': ['2'], 'Correct': 2, 'StimFile': 'Images/TMTstop-control_1_1linestimulus4.png', 'Correct_StimFile': 'Images/TMTstop-control_1_1greenlinestimulus4.png', 'False_StimFile': 'Images/TMTstop-control_1_1redlinestimulus4.png', 'Version': 'TMT_Control', 'Paper': 'C1', 'TrialNumber_Version': 7, 'Round': None, 'Block': 1}
40.2594 	DATA 	Keypress: 3
40.2595 	DATA 	Keypress: 2
40.2701 	EXP 	Stim: autoDraw = False
40.2701 	EXP 	Stim: image = 'Images/TMTstop-control_1_1greenlinestimulus4.png'
40.2701 	EXP 	Stim: autoDraw = True
40.3415 	DATA 	Keypress: 1
40.3904 	DATA 	Keypress: 3
40.3906 	DATA 	Keypress: 2
40.4036 	EXP 	Stim: image = 'Images/TMTstop-control_1_1redlinestimulus4.png'
40.4081 	EXP 	New trial (rep=0, index=7): {'NumberLetter': 8, 'corrAns': ['1'], 'Correct': 1, 'StimFile': 'Images/TMTstop-control_1_1linestimulus4.png', 'Correct_StimFile': 'Images/TMTstop-control_1_1greenlinestimulus5.png', 'False_StimFile': 'Images/TMTstop-control_1_1redlinestimulus5.png', 'Version': 'TMT_Control', 'Paper': 'C1', 'TrialNumber_Version': 8, 'Round': None, 'Block': 1}
40.4606 	EXP 	Stim: autoDraw = False
40.4606 	EXP 	Stim: image = 'Images/TMTstop-control_1_1greenlinestimulus5.png'
40.4606 	EXP 	Stim: autoDraw = True
40.4992 	EXP 	New trial (rep=0, index=8): {'NumberLetter': 9, 'corrAns': ['3'], 'Correct': 3, 'StimFile': 'Images/TMTstop-control_1_1linestimulus6.png', 'Correct_StimFile': 'Images/TMTstop-control_1_1greenlinestimulus6.png', 'False_StimFile': 'Images/TMTstop-control_1_1redlinestimulus6.png', 'Version': 'TMT_Control', 'Paper': 'C1', 'TrialNumber_Version': 9, 'Round': None, 'Block': 1}
40.5344 	DATA 	Keypress: 1
40.5489 	EXP 	Stim: autoDraw = False
40.5489 	EXP 	Stim: image = 'Images/TMTstop-control_1_1greenlinestimulus6.png'
40.5489 	EXP 	Stim: autoDraw = True
40.5533 	DATA 	Keypress: 3
40.5704 	DATA 	Keypress: 2
40.6373 	DATA 	Keypress: 1
40.6698 	EXP 	New trial (rep=0, index=9): {'NumberLetter': 10, 'corrAns': ['2'], 'Correct': 2, 'StimFile': 'Images/TMTstop-control_1_1linestimulus7.png', 'Correct_StimFile': 'Images/TMTstop-control_1_1greenlinestimulus7.png', 'False_StimFile': 'Images/TMTstop-control_1_1redlinestimulus7.png', 'Version': 'TMT_Control', 'Paper': 'C1', 'TrialNumber_Version': 10, 'Round': None, 'Block': 1}
40.7038 	DATA 	Keypress: 3
40.7039 	DATA 	Keypress: 2
40.7235 	EXP 	Stim: autoDraw = False
40.7235 	EXP 	Stim: image = 'Images/TMTstop-control_1_1greenlinestimulus7.png'
40.7235 	EXP 	Stim: autoDraw = True
40.7277 	EXP 	New trial (rep=0, index=10): {'NumberLetter': 11, 'corrAns': ['1'], 'Correct': 1, 'StimFile': 'Images/TMTstop-control_1_1linestimulus8.png', 'Correct_StimFile': 'Images/TMTstop-control_1_1greenlinestimulus8.png', 'False_StimFile': 'Images/TMTstop-control_1_1redlinestimulus8.png', 'Version': 'TMT_Control', 'Paper': 'C1', 'TrialNumber_Version': 11, 'Round': None, 'Block': 1}
40.7735 	EXP 	Stim: autoDraw = False
40.7735 	EXP 	Stim: image = 'Images/TMTstop-control_1_1greenlinestimulus8.png'
40.7735 	EXP 	Stim: autoDraw = True
40.8447 	EXP 	New trial (rep=0, index=11): {'NumberLetter': 12, 'corrAns': ['2'], 'Correct': 2, 'StimFile': 'Images/TMTstop-control_1_1linestimulus9.png', 'Correct_StimFile': 'Images/TMTstop-control_1_1greenlinestimulus9.png', 'False_StimFile': 'Images/TMTstop-control_1_1redlinestimulus9.png', 'Version': 'TMT_Control', 'Paper': 'C1', 'TrialNumber_Version': 12, 'Round': None, 'Block': 1}
40.8788 	DATA 	Keypress: 1
40.8790 	DATA 	Keypress: 3
40.8791 	DATA 	Keypress: 2
40.8903 	EXP 	Stim: autoDraw = False
40.8903 	EXP 	Stim: image = 'Images/TMTstop-control_1_1greenlinestimulus9.png'
40.8903 	EXP 	Stim: autoDraw = True
40.9279 	DATA 	Keypress: 1
41.0105 	DATA 	Keypress: 3
41.0106 	DATA 	Keypress: 2
41.0238 	EXP 	Stim: image = 'Images/TMTstop-control_1_1redlinestimulus9.png'
41.0284 	EXP 	New trial (rep=0, index=12): {'NumberLetter': 13, 'corrAns': ['3'], 'Correct': 3, 'StimFile': 'Images/TMTstop-control_1_1linestimulus10.png', 'Correct_StimFile': 'Images/TMTstop-control_1_1greenlinestimulus10.png', 'False_StimFile': 'Images/TMTstop-control_1_1redlinestimulus10.png', 'Version': 'TMT_Control', 'Paper': 'C1', 'TrialNumber_Version': 13, 'Round': None, 'Block': 1}
41.0737 	EXP 	Stim: autoDraw = False
41.0737 	EXP 	Stim: image = 'Images/TMTstop-control_1_1greenlinestimulus10.png'
41.0737 	EXP 	Stim: autoDraw = True
41.1594 	DATA 	Keypress: 1
41.1740 	EXP 	Stim: image = 'Images/TMTstop-control_1_1redlinestimulus10.png'
41.2116 	DATA 	Keypress: 3
41.2117 	DATA 	Keypress: 2
41.2301 	EXP 	Stim: image = 'Images/TMTstop-control_1_1redlinestimulus10.png'
41.2695 	DATA 	Keypress: 1
41.2798 	EXP 	Stim: image = 'Images/TMTstop-control_1_1redlinestimulus10.png'
41.3185 	DATA 	Keypress: 3
41.3186 	DATA 	Keypress: 2
41.3298 	EXP 	Stim: image = 'Images/TMTstop-control_1_1redlinestimulus10.png'
41.3799 	EXP 	Stim: image = 'Images/TMTstop-control_1_1redlinestimulus10.png'
41.4300 	EXP 	Stim: image = 'Images/TMTstop-control_1_1redlinestimulus10.png'
41.4694 	DATA 	Keypress: 1
41.4800 	EXP 	Stim: image = 'Images/TMTstop-control_1_1redlinestimulus10.png'
41.5198 	DATA 	Keypress: 3
41.5200 	DATA 	Keypress: 2
41.5300 	EXP 	Stim: image = 'Images/TMTstop-control_1_1redlinestimulus10.png'
41.5696 	DATA 	Keypress: 1
41.5801 	EXP 	Stim: image = 'Images/TMTstop-control_1_1redlinestimulus10.png'
41.5844 	EXP 	New trial (rep=0, index=13): {'NumberLetter': 14, 'corrAns': ['2'], 'Correct': 2, 'StimFile': 'Images/TMTstop-control_1_1linestimulus11.png', 'Correct_StimFile': 'Images/TMTstop-control_1_1greenlinestimulus11.png', 'False_StimFile': 'Images/TMTstop-control_1_1redlinestimulus11.png', 'Version': 'TMT_Control', 'Paper': 'C1', 'TrialNumber_Version': 14, 'Round': None, 'Block': 1}
41.6225 	DATA 	Keypress: 3
41.6227 	DATA 	Keypress: 2
41.6298 	EXP 	Stim: autoDraw = False
41.6298 	EXP 	Stim: image = 'Images/TMTstop-control_1_1greenlinestimulus11.png'
41.6298 	EXP 	Stim: autoDraw = True
41.6344 	EXP 	New trial (rep=0, index=14): {'NumberLetter': 15, 'corrAns': ['3'], 'Correct': 3, 'StimFile': 'Images/TMTstop-control_1_1linestimulus12.png', 'Correct_StimFile': 'Images/TMTstop-control_1_1greenlinestimulus12.png', 'False_StimFile': 'Images/TMTstop-control_1_1redlinestimulus12.png', 'Version': 'TMT_Control', 'Paper': 'C1', 'TrialNumber_Version': 15, 'Round': None, 'Block': 1}
41.6821 	EXP 	Stim: autoDraw = False
41.6821 	EXP 	Stim: image = 'Images/TMTstop-control_1_1greenlinestimulus12.png'
41.6821 	EXP 	Stim: autoDraw = True
41.7665 	DATA 	Keypress: 1
41.7821 	EXP 	Stim: image = 'Images/TMTstop-control_1_1redlinestimulus12.png'
41.8214 	DATA 	Keypress: 2
41.8218 	DATA 	Keypress: 3
41.8322 	EXP 	Stim: image = 'Images/TMTstop-control_1_1redlinestimulus12.png'
41.8730 	DATA 	Keypress: 1
41.8990 	EXP 	Stim: image = 'Images/TMTstop-control_1_1redlinestimulus12.png'
41.9365 	DATA 	Keypress: 3
41.9366 	DATA 	Keypress: 2
41.9490 	EXP 	Stim: image = 'Images/TMTstop-control_1_1redlinestimulus12.png'
42.0011 	EXP 	Stim: image = 'Images/TMTstop-control_1_1redlinestimulus12.png'
42.0415 	DATA 	Keypress: 1
42.0531 	EXP 	Stim: image = 'Images/TMTstop-control_1_1redlinestimulus12.png'
42.1050 	EXP 	Stim: image = 'Images/TMTstop-control_1_1redlinestimulus12.png'
42.1446 	DATA 	Keypress: 3
42.1447 	DATA 	Keypress: 2
42.1563 	EXP 	Stim: image = 'Images/TMTstop-control_1_1redlinestimulus12.png'
42.1935 	DATA 	Keypress: 1
42.2081 	EXP 	Stim: image = 'Images/TMTstop-control_1_1redlinestimulus12.png'
42.2587 	EXP 	Stim: image = 'Images/TMTstop-control_1_1redlinestimulus12.png'
42.3100 	EXP 	Stim: image = 'Images/TMTstop-control_1_1redlinestimulus12.png'
42.3619 	EXP 	Stim: image = 'Images/TMTstop-control_1_1redlinestimulus12.png'
42.4138 	EXP 	Stim: image = 'Images/TMTstop-control_1_1redlinestimulus12.png'
42.4652 	EXP 	Stim: image = 'Images/TMTstop-control_1_1redlinestimulus12.png'
42.5168 	EXP 	Stim: image = 'Images/TMTstop-control_1_1redlinestimulus12.png'
42.5683 	EXP 	Stim: image = 'Images/TMTstop-control_1_1redlinestimulus12.png'
42.6189 	EXP 	Stim: image = 'Images/TMTstop-control_1_1redlinestimulus12.png'
42.6701 	EXP 	Stim: image = 'Images/TMTstop-control_1_1redlinestimulus12.png'
42.7213 	EXP 	Stim: image = 'Images/TMTstop-control_1_1redlinestimulus12.png'
42.7730 	EXP 	Stim: image = 'Images/TMTstop-control_1_1redlinestimulus12.png'
42.8234 	EXP 	Stim: image = 'Images/TMTstop-control_1_1redlinestimulus12.png'
42.8741 	EXP 	Stim: image = 'Images/TMTstop-control_1_1redlinestimulus12.png'
42.9248 	EXP 	Stim: image = 'Images/TMTstop-control_1_1redlinestimulus12.png'
42.9767 	EXP 	Stim: image = 'Images/TMTstop-control_1_1redlinestimulus12.png'
43.0270 	EXP 	Stim: image = 'Images/TMTstop-control_1_1redlinestimulus12.png'
43.0669 	DATA 	Keypress: esc
43.0787 	EXP 	Stim: image = 'Images/TMTstop-control_1_1redlinestimulus12.png'
43.1298 	EXP 	Stim: image = 'Images/TMTstop-control_1_1redlinestimulus12.png'
43.1811 	EXP 	Stim: image = 'Images/TMTstop-control_1_1redlinestimulus12.png'
43.7550 	EXP 	window1: mouseVisible = True
