1.7272 	WARNING 	We strongly recommend you activate the PTB sound engine in PsychoPy prefs as the preferred audio engine. Its timing is vastly superior. Your prefs are currently set to use ['pyo'] (in that order).
5.6565 	EXP 	Created window1 = Window(allowGUI=True, allowStencil=False, autoLog=True, backendConf=UNKNOWN, bitsMode=UNKNOWN, blendMode='avg', bpc=(8, 8, 8), color=array([0, 0, 0]), colorSpace='rgb', depthBits=8, fullscr=<method-wrapper '__getattribute__' of attributeSetter object at 0x000001C51F229EB8>, gamma=None, gammaErrorPolicy='raise', lms=UNKNOWN, monitor=<psychopy.monitors.calibTools.Monitor object at 0x000001C51F212198>, multiSample=False, name='window1', numSamples=2, pos=[0.0, 0.0], screen=0, size=array([1920, 1055]), stencilBits=0, stereo=False, units='height', useFBO=True, useRetina=False, viewOri=0.0, viewPos=None, viewScale=None, waitBlanking=True, winType='glfw')
5.6565 	EXP 	window1: mouseVisible = True
5.6565 	EXP 	window1: recordFrameIntervals = False
5.7258 	EXP 	window1: recordFrameIntervals = True
5.8020 	EXP 	window1: recordFrameIntervals = False
6.0838 	EXP 	Created Instruct = ImageStim(__class__=<class 'psychopy.visual.image.ImageStim'>, autoLog=True, color=array([1., 1., 1.]), colorSpace='rgb', contrast=1.0, depth=0.0, flipHoriz=False, flipVert=False, image='InkedInstructBfinal_LI.jpg', interpolate=True, mask=None, maskParams=None, name='Instruct', opacity=1, ori=0.0, pos=array([0., 0.]), size=array([0.8, 0.8]), texRes=128.0, units='height', win=Window(...))
6.1983 	EXP 	Created text_2 = TextStim(__class__=<class 'psychopy.visual.text.TextStim'>, alignHoriz=method-wrapper(...), alignText='center', alignVert=method-wrapper(...), anchorHoriz='center', anchorVert='center', antialias=True, autoLog=True, bold=False, color=array([1., 1., 1.]), colorSpace='rgb', contrast=1.0, depth=-2.0, flipHoriz=False, flipVert=False, font='Open Sans', fontFiles=[], height=0.04, italic=False, languageStyle='LTR', name='text_2', opacity=1, ori=0.5, pos=array([ 0.  , -0.45]), rgb=UNKNOWN, text=str(...), units='height', win=Window(...), wrapWidth=2.0)
6.2016 	EXP 	Created Stim = ImageStim(__class__=<class 'psychopy.visual.image.ImageStim'>, autoLog=True, color=array([1., 1., 1.]), colorSpace='rgb', contrast=1.0, depth=0.0, flipHoriz=False, flipVert=False, image='sin', interpolate=True, mask=None, maskParams=None, name='Stim', opacity=1, ori=0.0, pos=array([0., 0.]), size=array([1.777, 1.   ]), texRes=128.0, units='height', win=Window(...))
6.2041 	EXP 	Created polygon = ShapeStim(__class__=<class 'psychopy.visual.shape.ShapeStim'>, autoDraw=False, autoLog=True, closeShape=True, color=method-wrapper(...), colorSpace='rgb', contrast=None, depth=0.0, fillColor=array([1, 1, 1]), fillColorSpace='rgb', fillRGB=array([1, 1, 1]), interpolate=True, lineColor=array([1., 1., 1.]), lineColorSpace='rgb', lineRGB=array([1, 1, 1]), lineWidth=1.0, name='polygon', opacity=1, ori=0.0, pos=array([0., 0.]), size=array([0.5, 0.5]), units='height', vertices=ndarray(...), win=Window(...), windingRule=None)
6.2229 	EXP 	Created text = TextStim(__class__=<class 'psychopy.visual.text.TextStim'>, alignHoriz=method-wrapper(...), alignText='center', alignVert=method-wrapper(...), anchorHoriz='center', anchorVert='center', antialias=True, autoLog=True, bold=False, color=array([1., 1., 1.]), colorSpace='rgb', contrast=1.0, depth=0.0, flipHoriz=False, flipVert=False, font='Open Sans', fontFiles=[], height=0.1, italic=False, languageStyle='LTR', name='text', opacity=1, ori=0.0, pos=array([0., 0.]), rgb=UNKNOWN, text=str(...), units='height', win=Window(...), wrapWidth=1)
6.2833 	EXP 	Instruct: autoDraw = True
6.2833 	EXP 	text_2: autoDraw = True
7.3364 	DATA 	Keypress: 2
7.3511 	EXP 	Imported TMTstop-B_1_1.xlsx as conditions, 26 conditions, 6 params
7.3514 	EXP 	Created sequence: sequential, trialTypes=26, nReps=1, seed=None
7.3516 	EXP 	New trial (rep=0, index=0): {'NumberLetter': 1, 'corrAns': ['2'], 'StimFile': 'TMTstop-B_1_1.png', 'Correct_StimFile': 'TMTstop-B_1_1.png', 'False_StimFile': 'TMTstop-B_1_1.png', 'DurationTrial': 10}
7.4419 	EXP 	Instruct: autoDraw = False
7.4419 	EXP 	text_2: autoDraw = False
7.4419 	EXP 	Stim: image = 'TMTstop-B_1_1.png'
7.4419 	EXP 	Stim: autoDraw = True
7.4419 	EXP 	Stim: image = 'TMTstop-B_1_1.png'
7.4970 	EXP 	Stim: image = 'TMTstop-B_1_1.png'
7.5352 	DATA 	Keypress: 2
7.5388 	EXP 	Stim: image = 'TMTstop-B_1_1.png'
7.5804 	EXP 	Stim: image = 'TMTstop-B_1_1.png'
7.6225 	EXP 	Stim: image = 'TMTstop-B_1_1.png'
7.6638 	EXP 	Stim: image = 'TMTstop-B_1_1.png'
7.7056 	EXP 	Stim: image = 'TMTstop-B_1_1.png'
7.7470 	EXP 	Stim: image = 'TMTstop-B_1_1.png'
7.7889 	EXP 	Stim: image = 'TMTstop-B_1_1.png'
7.8306 	EXP 	Stim: image = 'TMTstop-B_1_1.png'
7.8721 	EXP 	Stim: image = 'TMTstop-B_1_1.png'
7.9136 	EXP 	Stim: image = 'TMTstop-B_1_1.png'
7.9555 	EXP 	Stim: image = 'TMTstop-B_1_1.png'
7.9971 	EXP 	Stim: image = 'TMTstop-B_1_1.png'
8.0387 	EXP 	Stim: image = 'TMTstop-B_1_1.png'
8.0806 	EXP 	Stim: image = 'TMTstop-B_1_1.png'
8.1224 	EXP 	Stim: image = 'TMTstop-B_1_1.png'
8.1638 	EXP 	Stim: image = 'TMTstop-B_1_1.png'
8.2054 	EXP 	Stim: image = 'TMTstop-B_1_1.png'
8.2470 	EXP 	Stim: image = 'TMTstop-B_1_1.png'
8.2890 	EXP 	Stim: image = 'TMTstop-B_1_1.png'
8.3304 	EXP 	Stim: image = 'TMTstop-B_1_1.png'
8.3722 	EXP 	Stim: image = 'TMTstop-B_1_1.png'
8.4137 	EXP 	Stim: image = 'TMTstop-B_1_1.png'
8.4554 	EXP 	Stim: image = 'TMTstop-B_1_1.png'
8.4973 	EXP 	Stim: image = 'TMTstop-B_1_1.png'
8.5355 	DATA 	Keypress: 2
8.5390 	EXP 	Stim: image = 'TMTstop-B_1_1.png'
8.5435 	EXP 	New trial (rep=0, index=1): {'NumberLetter': 'A', 'corrAns': ['1'], 'StimFile': 'TMTstop-B_1_1.png', 'Correct_StimFile': 'TMTstop-B_1_1firstgreen.png', 'False_StimFile': 'TMTstop-B_1_1.png', 'DurationTrial': 10}
8.6577 	EXP 	Stim: autoDraw = False
8.6577 	EXP 	Stim: image = 'TMTstop-B_1_1firstgreen.png'
8.6577 	EXP 	Stim: image = 'TMTstop-B_1_1firstgreen.png'
8.6577 	EXP 	Stim: autoDraw = True
8.6577 	EXP 	Stim: image = 'TMTstop-B_1_1.png'
8.6982 	EXP 	Stim: image = 'TMTstop-B_1_1.png'
8.7366 	DATA 	Keypress: 2
8.7400 	EXP 	Stim: image = 'TMTstop-B_1_1.png'
8.7819 	EXP 	Stim: image = 'TMTstop-B_1_1.png'
8.8243 	EXP 	Stim: image = 'TMTstop-B_1_1.png'
8.8653 	EXP 	Stim: image = 'TMTstop-B_1_1.png'
8.9071 	EXP 	Stim: image = 'TMTstop-B_1_1.png'
8.9483 	EXP 	Stim: image = 'TMTstop-B_1_1.png'
8.9904 	EXP 	Stim: image = 'TMTstop-B_1_1.png'
9.0318 	EXP 	Stim: image = 'TMTstop-B_1_1.png'
9.0736 	EXP 	Stim: image = 'TMTstop-B_1_1.png'
9.1150 	EXP 	Stim: image = 'TMTstop-B_1_1.png'
9.1571 	EXP 	Stim: image = 'TMTstop-B_1_1.png'
9.1983 	EXP 	Stim: image = 'TMTstop-B_1_1.png'
9.2403 	EXP 	Stim: image = 'TMTstop-B_1_1.png'
9.2816 	EXP 	Stim: image = 'TMTstop-B_1_1.png'
9.3239 	EXP 	Stim: image = 'TMTstop-B_1_1.png'
9.3614 	DATA 	Keypress: 3
9.3651 	EXP 	Stim: image = 'TMTstop-B_1_1.png'
9.4069 	EXP 	Stim: image = 'TMTstop-B_1_1.png'
9.4490 	EXP 	Stim: image = 'TMTstop-B_1_1.png'
9.4902 	EXP 	Stim: image = 'TMTstop-B_1_1.png'
9.5319 	EXP 	Stim: image = 'TMTstop-B_1_1.png'
9.5733 	EXP 	Stim: image = 'TMTstop-B_1_1.png'
9.6122 	DATA 	Keypress: 3
9.6154 	EXP 	Stim: image = 'TMTstop-B_1_1.png'
9.6575 	EXP 	Stim: image = 'TMTstop-B_1_1.png'
9.7088 	DATA 	Keypress: 1
9.7126 	EXP 	Stim: image = 'TMTstop-B_1_1.png'
9.7167 	EXP 	New trial (rep=0, index=2): {'NumberLetter': 2, 'corrAns': ['3'], 'StimFile': 'TMTstop-B_1_1linestimulus0.png', 'Correct_StimFile': 'TMTstop-B_1_1greenlinestimulus0.png', 'False_StimFile': 'TMTstop-B_1_1firstred.png', 'DurationTrial': 10}
9.7967 	EXP 	Stim: autoDraw = False
9.7967 	EXP 	Stim: image = 'TMTstop-B_1_1greenlinestimulus0.png'
9.7967 	EXP 	Stim: autoDraw = True
9.7967 	EXP 	Stim: image = 'TMTstop-B_1_1firstred.png'
9.8452 	EXP 	Stim: image = 'TMTstop-B_1_1firstred.png'
9.8902 	DATA 	Keypress: 1
9.8939 	EXP 	Stim: image = 'TMTstop-B_1_1firstred.png'
9.9380 	DATA 	Keypress: 2
9.9420 	EXP 	Stim: image = 'TMTstop-B_1_1firstred.png'
9.9908 	EXP 	Stim: image = 'TMTstop-B_1_1firstred.png'
10.0395 	EXP 	Stim: image = 'TMTstop-B_1_1firstred.png'
10.0880 	EXP 	Stim: image = 'TMTstop-B_1_1firstred.png'
10.1323 	DATA 	Keypress: 2
10.1359 	EXP 	Stim: image = 'TMTstop-B_1_1firstred.png'
10.1785 	EXP 	Stim: image = 'TMTstop-B_1_1firstred.png'
10.2197 	EXP 	Stim: image = 'TMTstop-B_1_1firstred.png'
10.2611 	EXP 	Stim: image = 'TMTstop-B_1_1firstred.png'
10.3025 	EXP 	Stim: image = 'TMTstop-B_1_1firstred.png'
10.3443 	EXP 	Stim: image = 'TMTstop-B_1_1firstred.png'
10.3861 	EXP 	Stim: image = 'TMTstop-B_1_1firstred.png'
10.4276 	EXP 	Stim: image = 'TMTstop-B_1_1firstred.png'
10.4658 	DATA 	Keypress: 2
10.4694 	EXP 	Stim: image = 'TMTstop-B_1_1firstred.png'
10.5112 	EXP 	Stim: image = 'TMTstop-B_1_1firstred.png'
10.5531 	EXP 	Stim: image = 'TMTstop-B_1_1firstred.png'
10.5944 	EXP 	Stim: image = 'TMTstop-B_1_1firstred.png'
10.6361 	EXP 	Stim: image = 'TMTstop-B_1_1firstred.png'
10.6777 	EXP 	Stim: image = 'TMTstop-B_1_1firstred.png'
10.7193 	EXP 	Stim: image = 'TMTstop-B_1_1firstred.png'
10.7573 	DATA 	Keypress: 2
10.7610 	EXP 	Stim: image = 'TMTstop-B_1_1firstred.png'
10.8026 	EXP 	Stim: image = 'TMTstop-B_1_1firstred.png'
10.8409 	DATA 	Keypress: 3
10.8445 	EXP 	Stim: image = 'TMTstop-B_1_1firstred.png'
10.8486 	EXP 	New trial (rep=0, index=3): {'NumberLetter': 'B', 'corrAns': ['2'], 'StimFile': 'TMTstop-B_1_1linestimulus1.png', 'Correct_StimFile': 'TMTstop-B_1_1greenlinestimulus1.png', 'False_StimFile': 'TMTstop-B_1_1redlinestimulus0.png', 'DurationTrial': 10}
10.9140 	EXP 	Stim: autoDraw = False
10.9140 	EXP 	Stim: image = 'TMTstop-B_1_1greenlinestimulus1.png'
10.9140 	EXP 	Stim: autoDraw = True
10.9140 	EXP 	Stim: image = 'TMTstop-B_1_1redlinestimulus0.png'
10.9554 	EXP 	Stim: image = 'TMTstop-B_1_1redlinestimulus0.png'
10.9973 	EXP 	Stim: image = 'TMTstop-B_1_1redlinestimulus0.png'
11.0390 	EXP 	Stim: image = 'TMTstop-B_1_1redlinestimulus0.png'
11.0802 	EXP 	Stim: image = 'TMTstop-B_1_1redlinestimulus0.png'
11.1223 	EXP 	Stim: image = 'TMTstop-B_1_1redlinestimulus0.png'
11.1609 	DATA 	Keypress: 3
11.1640 	EXP 	Stim: image = 'TMTstop-B_1_1redlinestimulus0.png'
11.2055 	EXP 	Stim: image = 'TMTstop-B_1_1redlinestimulus0.png'
11.2470 	EXP 	Stim: image = 'TMTstop-B_1_1redlinestimulus0.png'
11.2889 	EXP 	Stim: image = 'TMTstop-B_1_1redlinestimulus0.png'
11.3303 	EXP 	Stim: image = 'TMTstop-B_1_1redlinestimulus0.png'
11.3723 	EXP 	Stim: image = 'TMTstop-B_1_1redlinestimulus0.png'
11.4137 	EXP 	Stim: image = 'TMTstop-B_1_1redlinestimulus0.png'
11.4556 	EXP 	Stim: image = 'TMTstop-B_1_1redlinestimulus0.png'
11.4972 	EXP 	Stim: image = 'TMTstop-B_1_1redlinestimulus0.png'
11.5388 	EXP 	Stim: image = 'TMTstop-B_1_1redlinestimulus0.png'
11.5803 	EXP 	Stim: image = 'TMTstop-B_1_1redlinestimulus0.png'
11.6223 	EXP 	Stim: image = 'TMTstop-B_1_1redlinestimulus0.png'
11.6636 	EXP 	Stim: image = 'TMTstop-B_1_1redlinestimulus0.png'
11.7056 	EXP 	Stim: image = 'TMTstop-B_1_1redlinestimulus0.png'
11.7468 	EXP 	Stim: image = 'TMTstop-B_1_1redlinestimulus0.png'
11.7893 	EXP 	Stim: image = 'TMTstop-B_1_1redlinestimulus0.png'
11.8303 	EXP 	Stim: image = 'TMTstop-B_1_1redlinestimulus0.png'
11.8719 	EXP 	Stim: image = 'TMTstop-B_1_1redlinestimulus0.png'
11.9135 	EXP 	Stim: image = 'TMTstop-B_1_1redlinestimulus0.png'
11.9557 	EXP 	Stim: image = 'TMTstop-B_1_1redlinestimulus0.png'
11.9968 	EXP 	Stim: image = 'TMTstop-B_1_1redlinestimulus0.png'
12.0388 	EXP 	Stim: image = 'TMTstop-B_1_1redlinestimulus0.png'
12.0805 	EXP 	Stim: image = 'TMTstop-B_1_1redlinestimulus0.png'
12.1223 	EXP 	Stim: image = 'TMTstop-B_1_1redlinestimulus0.png'
12.1637 	EXP 	Stim: image = 'TMTstop-B_1_1redlinestimulus0.png'
12.2054 	EXP 	Stim: image = 'TMTstop-B_1_1redlinestimulus0.png'
12.2467 	EXP 	Stim: image = 'TMTstop-B_1_1redlinestimulus0.png'
12.2889 	EXP 	Stim: image = 'TMTstop-B_1_1redlinestimulus0.png'
12.3305 	EXP 	Stim: image = 'TMTstop-B_1_1redlinestimulus0.png'
12.3722 	EXP 	Stim: image = 'TMTstop-B_1_1redlinestimulus0.png'
12.4134 	EXP 	Stim: image = 'TMTstop-B_1_1redlinestimulus0.png'
12.4558 	EXP 	Stim: image = 'TMTstop-B_1_1redlinestimulus0.png'
12.4971 	EXP 	Stim: image = 'TMTstop-B_1_1redlinestimulus0.png'
12.5386 	EXP 	Stim: image = 'TMTstop-B_1_1redlinestimulus0.png'
12.5803 	EXP 	Stim: image = 'TMTstop-B_1_1redlinestimulus0.png'
12.6223 	EXP 	Stim: image = 'TMTstop-B_1_1redlinestimulus0.png'
12.6638 	EXP 	Stim: image = 'TMTstop-B_1_1redlinestimulus0.png'
12.7052 	EXP 	Stim: image = 'TMTstop-B_1_1redlinestimulus0.png'
12.7481 	EXP 	Stim: image = 'TMTstop-B_1_1redlinestimulus0.png'
12.7891 	EXP 	Stim: image = 'TMTstop-B_1_1redlinestimulus0.png'
12.8305 	EXP 	Stim: image = 'TMTstop-B_1_1redlinestimulus0.png'
12.8685 	DATA 	Keypress: 3
12.8721 	EXP 	Stim: image = 'TMTstop-B_1_1redlinestimulus0.png'
12.9140 	EXP 	Stim: image = 'TMTstop-B_1_1redlinestimulus0.png'
12.9553 	EXP 	Stim: image = 'TMTstop-B_1_1redlinestimulus0.png'
12.9970 	EXP 	Stim: image = 'TMTstop-B_1_1redlinestimulus0.png'
13.0384 	EXP 	Stim: image = 'TMTstop-B_1_1redlinestimulus0.png'
13.0807 	EXP 	Stim: image = 'TMTstop-B_1_1redlinestimulus0.png'
13.1186 	DATA 	Keypress: 3
13.1222 	EXP 	Stim: image = 'TMTstop-B_1_1redlinestimulus0.png'
13.1639 	EXP 	Stim: image = 'TMTstop-B_1_1redlinestimulus0.png'
13.2054 	EXP 	Stim: image = 'TMTstop-B_1_1redlinestimulus0.png'
13.2475 	EXP 	Stim: image = 'TMTstop-B_1_1redlinestimulus0.png'
13.2888 	EXP 	Stim: image = 'TMTstop-B_1_1redlinestimulus0.png'
13.3305 	EXP 	Stim: image = 'TMTstop-B_1_1redlinestimulus0.png'
13.3726 	EXP 	Stim: image = 'TMTstop-B_1_1redlinestimulus0.png'
13.4137 	EXP 	Stim: image = 'TMTstop-B_1_1redlinestimulus0.png'
13.4553 	EXP 	Stim: image = 'TMTstop-B_1_1redlinestimulus0.png'
13.4972 	EXP 	Stim: image = 'TMTstop-B_1_1redlinestimulus0.png'
13.5388 	EXP 	Stim: image = 'TMTstop-B_1_1redlinestimulus0.png'
13.5806 	EXP 	Stim: image = 'TMTstop-B_1_1redlinestimulus0.png'
13.6220 	EXP 	Stim: image = 'TMTstop-B_1_1redlinestimulus0.png'
13.6638 	EXP 	Stim: image = 'TMTstop-B_1_1redlinestimulus0.png'
13.7019 	DATA 	Keypress: 3
13.7055 	EXP 	Stim: image = 'TMTstop-B_1_1redlinestimulus0.png'
13.7471 	EXP 	Stim: image = 'TMTstop-B_1_1redlinestimulus0.png'
13.7887 	EXP 	Stim: image = 'TMTstop-B_1_1redlinestimulus0.png'
13.8305 	EXP 	Stim: image = 'TMTstop-B_1_1redlinestimulus0.png'
13.8720 	EXP 	Stim: image = 'TMTstop-B_1_1redlinestimulus0.png'
13.9134 	EXP 	Stim: image = 'TMTstop-B_1_1redlinestimulus0.png'
13.9517 	DATA 	Keypress: 3
13.9553 	EXP 	Stim: image = 'TMTstop-B_1_1redlinestimulus0.png'
13.9970 	EXP 	Stim: image = 'TMTstop-B_1_1redlinestimulus0.png'
14.0387 	EXP 	Stim: image = 'TMTstop-B_1_1redlinestimulus0.png'
14.0804 	EXP 	Stim: image = 'TMTstop-B_1_1redlinestimulus0.png'
14.1221 	EXP 	Stim: image = 'TMTstop-B_1_1redlinestimulus0.png'
14.1639 	EXP 	Stim: image = 'TMTstop-B_1_1redlinestimulus0.png'
14.2055 	EXP 	Stim: image = 'TMTstop-B_1_1redlinestimulus0.png'
14.2468 	EXP 	Stim: image = 'TMTstop-B_1_1redlinestimulus0.png'
14.2886 	EXP 	Stim: image = 'TMTstop-B_1_1redlinestimulus0.png'
14.3308 	EXP 	Stim: image = 'TMTstop-B_1_1redlinestimulus0.png'
14.3720 	EXP 	Stim: image = 'TMTstop-B_1_1redlinestimulus0.png'
14.4102 	DATA 	Keypress: 3
14.4138 	EXP 	Stim: image = 'TMTstop-B_1_1redlinestimulus0.png'
14.4553 	EXP 	Stim: image = 'TMTstop-B_1_1redlinestimulus0.png'
14.4971 	EXP 	Stim: image = 'TMTstop-B_1_1redlinestimulus0.png'
14.5387 	EXP 	Stim: image = 'TMTstop-B_1_1redlinestimulus0.png'
14.5803 	EXP 	Stim: image = 'TMTstop-B_1_1redlinestimulus0.png'
14.6221 	EXP 	Stim: image = 'TMTstop-B_1_1redlinestimulus0.png'
14.6637 	EXP 	Stim: image = 'TMTstop-B_1_1redlinestimulus0.png'
14.7023 	DATA 	Keypress: 3
14.7049 	EXP 	Stim: image = 'TMTstop-B_1_1redlinestimulus0.png'
14.7467 	EXP 	Stim: image = 'TMTstop-B_1_1redlinestimulus0.png'
14.7893 	EXP 	Stim: image = 'TMTstop-B_1_1redlinestimulus0.png'
14.8304 	EXP 	Stim: image = 'TMTstop-B_1_1redlinestimulus0.png'
14.8721 	EXP 	Stim: image = 'TMTstop-B_1_1redlinestimulus0.png'
14.9142 	EXP 	Stim: image = 'TMTstop-B_1_1redlinestimulus0.png'
14.9557 	EXP 	Stim: image = 'TMTstop-B_1_1redlinestimulus0.png'
14.9970 	EXP 	Stim: image = 'TMTstop-B_1_1redlinestimulus0.png'
15.0388 	EXP 	Stim: image = 'TMTstop-B_1_1redlinestimulus0.png'
15.0775 	DATA 	Keypress: 3
15.0806 	EXP 	Stim: image = 'TMTstop-B_1_1redlinestimulus0.png'
15.1219 	EXP 	Stim: image = 'TMTstop-B_1_1redlinestimulus0.png'
15.1638 	EXP 	Stim: image = 'TMTstop-B_1_1redlinestimulus0.png'
15.2052 	EXP 	Stim: image = 'TMTstop-B_1_1redlinestimulus0.png'
15.2473 	EXP 	Stim: image = 'TMTstop-B_1_1redlinestimulus0.png'
15.2887 	EXP 	Stim: image = 'TMTstop-B_1_1redlinestimulus0.png'
15.3268 	DATA 	Keypress: 3
15.3304 	EXP 	Stim: image = 'TMTstop-B_1_1redlinestimulus0.png'
15.3719 	EXP 	Stim: image = 'TMTstop-B_1_1redlinestimulus0.png'
15.4136 	EXP 	Stim: image = 'TMTstop-B_1_1redlinestimulus0.png'
15.4552 	EXP 	Stim: image = 'TMTstop-B_1_1redlinestimulus0.png'
15.4967 	EXP 	Stim: image = 'TMTstop-B_1_1redlinestimulus0.png'
15.5387 	EXP 	Stim: image = 'TMTstop-B_1_1redlinestimulus0.png'
15.5806 	EXP 	Stim: image = 'TMTstop-B_1_1redlinestimulus0.png'
15.6221 	EXP 	Stim: image = 'TMTstop-B_1_1redlinestimulus0.png'
15.6634 	EXP 	Stim: image = 'TMTstop-B_1_1redlinestimulus0.png'
15.7029 	DATA 	Keypress: 3
15.7057 	EXP 	Stim: image = 'TMTstop-B_1_1redlinestimulus0.png'
15.7101 	EXP 	New trial (rep=0, index=4): {'NumberLetter': 3, 'corrAns': ['1'], 'StimFile': 'TMTstop-B_1_1linestimulus2.png', 'Correct_StimFile': 'TMTstop-B_1_1greenlinestimulus2.png', 'False_StimFile': 'TMTstop-B_1_1redlinestimulus1.png', 'DurationTrial': 10}
15.7752 	EXP 	Stim: autoDraw = False
15.7752 	EXP 	Stim: image = 'TMTstop-B_1_1greenlinestimulus2.png'
15.7752 	EXP 	Stim: autoDraw = True
15.7752 	EXP 	Stim: image = 'TMTstop-B_1_1redlinestimulus1.png'
15.8165 	EXP 	Stim: image = 'TMTstop-B_1_1redlinestimulus1.png'
15.8587 	EXP 	Stim: image = 'TMTstop-B_1_1redlinestimulus1.png'
15.9000 	EXP 	Stim: image = 'TMTstop-B_1_1redlinestimulus1.png'
15.9414 	EXP 	Stim: image = 'TMTstop-B_1_1redlinestimulus1.png'
15.9799 	DATA 	Keypress: 3
15.9832 	EXP 	Stim: image = 'TMTstop-B_1_1redlinestimulus1.png'
16.0176 	EXP 	Stim: image = 'TMTstop-B_1_1redlinestimulus1.png'
16.0592 	EXP 	Stim: image = 'TMTstop-B_1_1redlinestimulus1.png'
16.1019 	EXP 	Stim: image = 'TMTstop-B_1_1redlinestimulus1.png'
16.1429 	EXP 	Stim: image = 'TMTstop-B_1_1redlinestimulus1.png'
16.1843 	EXP 	Stim: image = 'TMTstop-B_1_1redlinestimulus1.png'
16.2263 	EXP 	Stim: image = 'TMTstop-B_1_1redlinestimulus1.png'
16.2682 	EXP 	Stim: image = 'TMTstop-B_1_1redlinestimulus1.png'
16.3094 	EXP 	Stim: image = 'TMTstop-B_1_1redlinestimulus1.png'
16.3477 	DATA 	Keypress: 3
16.3514 	EXP 	Stim: image = 'TMTstop-B_1_1redlinestimulus1.png'
16.3928 	EXP 	Stim: image = 'TMTstop-B_1_1redlinestimulus1.png'
16.4347 	EXP 	Stim: image = 'TMTstop-B_1_1redlinestimulus1.png'
16.4760 	EXP 	Stim: image = 'TMTstop-B_1_1redlinestimulus1.png'
16.5179 	EXP 	Stim: image = 'TMTstop-B_1_1redlinestimulus1.png'
16.5596 	EXP 	Stim: image = 'TMTstop-B_1_1redlinestimulus1.png'
16.5989 	DATA 	Keypress: 3
16.6011 	EXP 	Stim: image = 'TMTstop-B_1_1redlinestimulus1.png'
16.6429 	EXP 	Stim: image = 'TMTstop-B_1_1redlinestimulus1.png'
16.6843 	EXP 	Stim: image = 'TMTstop-B_1_1redlinestimulus1.png'
16.7260 	EXP 	Stim: image = 'TMTstop-B_1_1redlinestimulus1.png'
16.7676 	EXP 	Stim: image = 'TMTstop-B_1_1redlinestimulus1.png'
16.8095 	EXP 	Stim: image = 'TMTstop-B_1_1redlinestimulus1.png'
16.8512 	EXP 	Stim: image = 'TMTstop-B_1_1redlinestimulus1.png'
16.8931 	EXP 	Stim: image = 'TMTstop-B_1_1redlinestimulus1.png'
16.9343 	EXP 	Stim: image = 'TMTstop-B_1_1redlinestimulus1.png'
16.9727 	DATA 	Keypress: 3
16.9762 	EXP 	Stim: image = 'TMTstop-B_1_1redlinestimulus1.png'
17.0179 	EXP 	Stim: image = 'TMTstop-B_1_1redlinestimulus1.png'
17.0598 	EXP 	Stim: image = 'TMTstop-B_1_1redlinestimulus1.png'
17.1011 	EXP 	Stim: image = 'TMTstop-B_1_1redlinestimulus1.png'
17.1428 	EXP 	Stim: image = 'TMTstop-B_1_1redlinestimulus1.png'
17.1843 	EXP 	Stim: image = 'TMTstop-B_1_1redlinestimulus1.png'
17.2231 	DATA 	Keypress: 3
17.2264 	EXP 	Stim: image = 'TMTstop-B_1_1redlinestimulus1.png'
17.2679 	EXP 	Stim: image = 'TMTstop-B_1_1redlinestimulus1.png'
17.3097 	EXP 	Stim: image = 'TMTstop-B_1_1redlinestimulus1.png'
17.3511 	EXP 	Stim: image = 'TMTstop-B_1_1redlinestimulus1.png'
17.3928 	EXP 	Stim: image = 'TMTstop-B_1_1redlinestimulus1.png'
17.4343 	EXP 	Stim: image = 'TMTstop-B_1_1redlinestimulus1.png'
17.4763 	EXP 	Stim: image = 'TMTstop-B_1_1redlinestimulus1.png'
17.5146 	DATA 	Keypress: 3
17.5180 	EXP 	Stim: image = 'TMTstop-B_1_1redlinestimulus1.png'
17.5594 	EXP 	Stim: image = 'TMTstop-B_1_1redlinestimulus1.png'
17.6010 	EXP 	Stim: image = 'TMTstop-B_1_1redlinestimulus1.png'
17.6429 	EXP 	Stim: image = 'TMTstop-B_1_1redlinestimulus1.png'
17.6856 	EXP 	Stim: image = 'TMTstop-B_1_1redlinestimulus1.png'
17.7262 	EXP 	Stim: image = 'TMTstop-B_1_1redlinestimulus1.png'
17.7642 	DATA 	Keypress: 3
17.7678 	EXP 	Stim: image = 'TMTstop-B_1_1redlinestimulus1.png'
17.8096 	EXP 	Stim: image = 'TMTstop-B_1_1redlinestimulus1.png'
17.8512 	EXP 	Stim: image = 'TMTstop-B_1_1redlinestimulus1.png'
17.8929 	EXP 	Stim: image = 'TMTstop-B_1_1redlinestimulus1.png'
17.9346 	EXP 	Stim: image = 'TMTstop-B_1_1redlinestimulus1.png'
17.9724 	DATA 	Keypress: 3
17.9760 	EXP 	Stim: image = 'TMTstop-B_1_1redlinestimulus1.png'
18.0184 	EXP 	Stim: image = 'TMTstop-B_1_1redlinestimulus1.png'
18.0596 	EXP 	Stim: image = 'TMTstop-B_1_1redlinestimulus1.png'
18.1008 	EXP 	Stim: image = 'TMTstop-B_1_1redlinestimulus1.png'
18.1432 	EXP 	Stim: image = 'TMTstop-B_1_1redlinestimulus1.png'
18.1813 	DATA 	Keypress: 3
18.1849 	EXP 	Stim: image = 'TMTstop-B_1_1redlinestimulus1.png'
18.2260 	EXP 	Stim: image = 'TMTstop-B_1_1redlinestimulus1.png'
18.2677 	EXP 	Stim: image = 'TMTstop-B_1_1redlinestimulus1.png'
18.3097 	EXP 	Stim: image = 'TMTstop-B_1_1redlinestimulus1.png'
18.3509 	EXP 	Stim: image = 'TMTstop-B_1_1redlinestimulus1.png'
18.3890 	DATA 	Keypress: 3
18.3926 	EXP 	Stim: image = 'TMTstop-B_1_1redlinestimulus1.png'
18.4340 	EXP 	Stim: image = 'TMTstop-B_1_1redlinestimulus1.png'
18.4760 	EXP 	Stim: image = 'TMTstop-B_1_1redlinestimulus1.png'
18.5175 	EXP 	Stim: image = 'TMTstop-B_1_1redlinestimulus1.png'
18.5592 	EXP 	Stim: image = 'TMTstop-B_1_1redlinestimulus1.png'
18.6009 	EXP 	Stim: image = 'TMTstop-B_1_1redlinestimulus1.png'
18.6401 	DATA 	Keypress: 3
18.6427 	EXP 	Stim: image = 'TMTstop-B_1_1redlinestimulus1.png'
18.6845 	EXP 	Stim: image = 'TMTstop-B_1_1redlinestimulus1.png'
18.7259 	EXP 	Stim: image = 'TMTstop-B_1_1redlinestimulus1.png'
18.7674 	EXP 	Stim: image = 'TMTstop-B_1_1redlinestimulus1.png'
18.8069 	DATA 	Keypress: 3
18.8098 	EXP 	Stim: image = 'TMTstop-B_1_1redlinestimulus1.png'
18.8129 	EXP 	New trial (rep=0, index=5): {'NumberLetter': 'C', 'corrAns': ['2'], 'StimFile': 'TMTstop-B_1_1linestimulus3.png', 'Correct_StimFile': 'TMTstop-B_1_1greenlinestimulus3.png', 'False_StimFile': 'TMTstop-B_1_1redlinestimulus2.png', 'DurationTrial': 10}
18.8793 	EXP 	Stim: autoDraw = False
18.8793 	EXP 	Stim: image = 'TMTstop-B_1_1greenlinestimulus3.png'
18.8793 	EXP 	Stim: autoDraw = True
18.8793 	EXP 	Stim: image = 'TMTstop-B_1_1redlinestimulus2.png'
18.9206 	EXP 	Stim: image = 'TMTstop-B_1_1redlinestimulus2.png'
18.9622 	EXP 	Stim: image = 'TMTstop-B_1_1redlinestimulus2.png'
19.0004 	DATA 	Keypress: 3
19.0043 	EXP 	Stim: image = 'TMTstop-B_1_1redlinestimulus2.png'
19.0456 	EXP 	Stim: image = 'TMTstop-B_1_1redlinestimulus2.png'
19.0873 	EXP 	Stim: image = 'TMTstop-B_1_1redlinestimulus2.png'
19.1285 	EXP 	Stim: image = 'TMTstop-B_1_1redlinestimulus2.png'
19.1709 	EXP 	Stim: image = 'TMTstop-B_1_1redlinestimulus2.png'
19.2084 	DATA 	Keypress: 3
19.2120 	EXP 	Stim: image = 'TMTstop-B_1_1redlinestimulus2.png'
19.2538 	EXP 	Stim: image = 'TMTstop-B_1_1redlinestimulus2.png'
19.2955 	EXP 	Stim: image = 'TMTstop-B_1_1redlinestimulus2.png'
19.3371 	EXP 	Stim: image = 'TMTstop-B_1_1redlinestimulus2.png'
19.3786 	EXP 	Stim: image = 'TMTstop-B_1_1redlinestimulus2.png'
19.4169 	DATA 	Keypress: 3
19.4203 	EXP 	Stim: image = 'TMTstop-B_1_1redlinestimulus2.png'
19.4621 	EXP 	Stim: image = 'TMTstop-B_1_1redlinestimulus2.png'
19.5041 	EXP 	Stim: image = 'TMTstop-B_1_1redlinestimulus2.png'
19.5415 	DATA 	Keypress: 3
19.5451 	EXP 	Stim: image = 'TMTstop-B_1_1redlinestimulus2.png'
19.5870 	EXP 	Stim: image = 'TMTstop-B_1_1redlinestimulus2.png'
19.6287 	EXP 	Stim: image = 'TMTstop-B_1_1redlinestimulus2.png'
19.6709 	EXP 	Stim: image = 'TMTstop-B_1_1redlinestimulus2.png'
19.7123 	EXP 	Stim: image = 'TMTstop-B_1_1redlinestimulus2.png'
19.7501 	DATA 	Keypress: 3
19.7536 	EXP 	Stim: image = 'TMTstop-B_1_1redlinestimulus2.png'
19.7957 	EXP 	Stim: image = 'TMTstop-B_1_1redlinestimulus2.png'
19.8370 	EXP 	Stim: image = 'TMTstop-B_1_1redlinestimulus2.png'
19.8790 	EXP 	Stim: image = 'TMTstop-B_1_1redlinestimulus2.png'
19.9204 	EXP 	Stim: image = 'TMTstop-B_1_1redlinestimulus2.png'
19.9604 	DATA 	Keypress: 3
19.9630 	EXP 	Stim: image = 'TMTstop-B_1_1redlinestimulus2.png'
20.0039 	EXP 	Stim: image = 'TMTstop-B_1_1redlinestimulus2.png'
20.0455 	EXP 	Stim: image = 'TMTstop-B_1_1redlinestimulus2.png'
20.0870 	EXP 	Stim: image = 'TMTstop-B_1_1redlinestimulus2.png'
20.1257 	DATA 	Keypress: 3
20.1293 	EXP 	Stim: image = 'TMTstop-B_1_1redlinestimulus2.png'
20.1710 	EXP 	Stim: image = 'TMTstop-B_1_1redlinestimulus2.png'
20.2199 	EXP 	Stim: image = 'TMTstop-B_1_1redlinestimulus2.png'
20.2612 	EXP 	Stim: image = 'TMTstop-B_1_1redlinestimulus2.png'
20.3058 	DATA 	Keypress: 3
20.3101 	EXP 	Stim: image = 'TMTstop-B_1_1redlinestimulus2.png'
20.3515 	EXP 	Stim: image = 'TMTstop-B_1_1redlinestimulus2.png'
20.4007 	EXP 	Stim: image = 'TMTstop-B_1_1redlinestimulus2.png'
20.4491 	EXP 	Stim: image = 'TMTstop-B_1_1redlinestimulus2.png'
20.4940 	DATA 	Keypress: 3
20.4974 	EXP 	Stim: image = 'TMTstop-B_1_1redlinestimulus2.png'
20.5459 	EXP 	Stim: image = 'TMTstop-B_1_1redlinestimulus2.png'
20.5876 	EXP 	Stim: image = 'TMTstop-B_1_1redlinestimulus2.png'
20.6291 	EXP 	Stim: image = 'TMTstop-B_1_1redlinestimulus2.png'
20.6337 	EXP 	New trial (rep=0, index=6): {'NumberLetter': 4, 'corrAns': ['1'], 'StimFile': 'TMTstop-B_1_1linestimulus4.png', 'Correct_StimFile': 'TMTstop-B_1_1greenlinestimulus4.png', 'False_StimFile': 'TMTstop-B_1_1redlinestimulus3.png', 'DurationTrial': 10}
20.6947 	DATA 	Keypress: 3
20.6988 	EXP 	Stim: autoDraw = False
20.6988 	EXP 	Stim: image = 'TMTstop-B_1_1greenlinestimulus4.png'
20.6988 	EXP 	Stim: autoDraw = True
20.6988 	EXP 	Stim: image = 'TMTstop-B_1_1redlinestimulus3.png'
20.7399 	EXP 	Stim: image = 'TMTstop-B_1_1redlinestimulus3.png'
20.7819 	EXP 	Stim: image = 'TMTstop-B_1_1redlinestimulus3.png'
20.8234 	EXP 	Stim: image = 'TMTstop-B_1_1redlinestimulus3.png'
20.8616 	DATA 	Keypress: 3
20.8651 	EXP 	Stim: image = 'TMTstop-B_1_1redlinestimulus3.png'
20.9066 	EXP 	Stim: image = 'TMTstop-B_1_1redlinestimulus3.png'
20.9483 	EXP 	Stim: image = 'TMTstop-B_1_1redlinestimulus3.png'
20.9901 	EXP 	Stim: image = 'TMTstop-B_1_1redlinestimulus3.png'
21.0280 	DATA 	Keypress: 3
21.0315 	EXP 	Stim: image = 'TMTstop-B_1_1redlinestimulus3.png'
21.0732 	EXP 	Stim: image = 'TMTstop-B_1_1redlinestimulus3.png'
21.1152 	EXP 	Stim: image = 'TMTstop-B_1_1redlinestimulus3.png'
21.1568 	EXP 	Stim: image = 'TMTstop-B_1_1redlinestimulus3.png'
21.1983 	EXP 	Stim: image = 'TMTstop-B_1_1redlinestimulus3.png'
21.2379 	DATA 	Keypress: 3
21.2404 	EXP 	Stim: image = 'TMTstop-B_1_1redlinestimulus3.png'
21.2818 	EXP 	Stim: image = 'TMTstop-B_1_1redlinestimulus3.png'
21.3232 	EXP 	Stim: image = 'TMTstop-B_1_1redlinestimulus3.png'
21.3615 	DATA 	Keypress: 3
21.3650 	EXP 	Stim: image = 'TMTstop-B_1_1redlinestimulus3.png'
21.4064 	EXP 	Stim: image = 'TMTstop-B_1_1redlinestimulus3.png'
21.4482 	EXP 	Stim: image = 'TMTstop-B_1_1redlinestimulus3.png'
21.4901 	EXP 	Stim: image = 'TMTstop-B_1_1redlinestimulus3.png'
21.5313 	EXP 	Stim: image = 'TMTstop-B_1_1redlinestimulus3.png'
21.5711 	DATA 	Keypress: 3
21.5735 	EXP 	Stim: image = 'TMTstop-B_1_1redlinestimulus3.png'
21.6149 	EXP 	Stim: image = 'TMTstop-B_1_1redlinestimulus3.png'
21.6566 	EXP 	Stim: image = 'TMTstop-B_1_1redlinestimulus3.png'
21.6980 	EXP 	Stim: image = 'TMTstop-B_1_1redlinestimulus3.png'
21.7364 	DATA 	Keypress: 3
21.7403 	EXP 	Stim: image = 'TMTstop-B_1_1redlinestimulus3.png'
21.7817 	EXP 	Stim: image = 'TMTstop-B_1_1redlinestimulus3.png'
21.8233 	EXP 	Stim: image = 'TMTstop-B_1_1redlinestimulus3.png'
21.8648 	EXP 	Stim: image = 'TMTstop-B_1_1redlinestimulus3.png'
21.9033 	DATA 	Keypress: 3
21.9070 	EXP 	Stim: image = 'TMTstop-B_1_1redlinestimulus3.png'
21.9482 	EXP 	Stim: image = 'TMTstop-B_1_1redlinestimulus3.png'
21.9899 	EXP 	Stim: image = 'TMTstop-B_1_1redlinestimulus3.png'
22.0321 	EXP 	Stim: image = 'TMTstop-B_1_1redlinestimulus3.png'
22.0698 	DATA 	Keypress: 3
22.0733 	EXP 	Stim: image = 'TMTstop-B_1_1redlinestimulus3.png'
22.1147 	EXP 	Stim: image = 'TMTstop-B_1_1redlinestimulus3.png'
22.1570 	EXP 	Stim: image = 'TMTstop-B_1_1redlinestimulus3.png'
22.1983 	EXP 	Stim: image = 'TMTstop-B_1_1redlinestimulus3.png'
22.2366 	DATA 	Keypress: 3
22.2399 	EXP 	Stim: image = 'TMTstop-B_1_1redlinestimulus3.png'
22.2816 	EXP 	Stim: image = 'TMTstop-B_1_1redlinestimulus3.png'
22.3239 	EXP 	Stim: image = 'TMTstop-B_1_1redlinestimulus3.png'
22.3648 	EXP 	Stim: image = 'TMTstop-B_1_1redlinestimulus3.png'
22.4031 	DATA 	Keypress: 3
22.4066 	EXP 	Stim: image = 'TMTstop-B_1_1redlinestimulus3.png'
22.4097 	EXP 	New trial (rep=0, index=7): {'NumberLetter': 'D', 'corrAns': ['2'], 'StimFile': 'TMTstop-B_1_1linestimulus5.png', 'Correct_StimFile': 'TMTstop-B_1_1greenlinestimulus5.png', 'False_StimFile': 'TMTstop-B_1_1redlinestimulus4.png', 'DurationTrial': 10}
22.4766 	EXP 	Stim: autoDraw = False
22.4766 	EXP 	Stim: image = 'TMTstop-B_1_1greenlinestimulus5.png'
22.4766 	EXP 	Stim: autoDraw = True
22.4766 	EXP 	Stim: image = 'TMTstop-B_1_1redlinestimulus4.png'
22.5177 	EXP 	Stim: image = 'TMTstop-B_1_1redlinestimulus4.png'
22.5594 	EXP 	Stim: image = 'TMTstop-B_1_1redlinestimulus4.png'
22.5977 	DATA 	Keypress: 3
22.6010 	EXP 	Stim: image = 'TMTstop-B_1_1redlinestimulus4.png'
22.6428 	EXP 	Stim: image = 'TMTstop-B_1_1redlinestimulus4.png'
22.6842 	EXP 	Stim: image = 'TMTstop-B_1_1redlinestimulus4.png'
22.7258 	EXP 	Stim: image = 'TMTstop-B_1_1redlinestimulus4.png'
22.7676 	EXP 	Stim: image = 'TMTstop-B_1_1redlinestimulus4.png'
22.8098 	EXP 	Stim: image = 'TMTstop-B_1_1redlinestimulus4.png'
22.8475 	DATA 	Keypress: 3
22.8511 	EXP 	Stim: image = 'TMTstop-B_1_1redlinestimulus4.png'
22.8924 	EXP 	Stim: image = 'TMTstop-B_1_1redlinestimulus4.png'
22.9274 	EXP 	Stim: image = 'TMTstop-B_1_1redlinestimulus4.png'
22.9687 	EXP 	Stim: image = 'TMTstop-B_1_1redlinestimulus4.png'
23.0106 	EXP 	Stim: image = 'TMTstop-B_1_1redlinestimulus4.png'
23.0489 	DATA 	Keypress: 3
23.0526 	EXP 	Stim: image = 'TMTstop-B_1_1redlinestimulus4.png'
23.0942 	EXP 	Stim: image = 'TMTstop-B_1_1redlinestimulus4.png'
23.1354 	EXP 	Stim: image = 'TMTstop-B_1_1redlinestimulus4.png'
23.1779 	EXP 	Stim: image = 'TMTstop-B_1_1redlinestimulus4.png'
23.2152 	DATA 	Keypress: 3
23.2189 	EXP 	Stim: image = 'TMTstop-B_1_1redlinestimulus4.png'
23.2609 	EXP 	Stim: image = 'TMTstop-B_1_1redlinestimulus4.png'
23.3025 	EXP 	Stim: image = 'TMTstop-B_1_1redlinestimulus4.png'
23.3446 	EXP 	Stim: image = 'TMTstop-B_1_1redlinestimulus4.png'
23.3855 	EXP 	Stim: image = 'TMTstop-B_1_1redlinestimulus4.png'
23.4239 	DATA 	Keypress: 3
23.4275 	EXP 	Stim: image = 'TMTstop-B_1_1redlinestimulus4.png'
23.4692 	EXP 	Stim: image = 'TMTstop-B_1_1redlinestimulus4.png'
23.5112 	EXP 	Stim: image = 'TMTstop-B_1_1redlinestimulus4.png'
23.5524 	EXP 	Stim: image = 'TMTstop-B_1_1redlinestimulus4.png'
23.5942 	EXP 	Stim: image = 'TMTstop-B_1_1redlinestimulus4.png'
23.6320 	DATA 	Keypress: 3
23.6355 	EXP 	Stim: image = 'TMTstop-B_1_1redlinestimulus4.png'
23.6776 	EXP 	Stim: image = 'TMTstop-B_1_1redlinestimulus4.png'
23.7192 	EXP 	Stim: image = 'TMTstop-B_1_1redlinestimulus4.png'
23.7606 	EXP 	Stim: image = 'TMTstop-B_1_1redlinestimulus4.png'
23.7989 	DATA 	Keypress: 3
23.8025 	EXP 	Stim: image = 'TMTstop-B_1_1redlinestimulus4.png'
23.8441 	EXP 	Stim: image = 'TMTstop-B_1_1redlinestimulus4.png'
23.8859 	EXP 	Stim: image = 'TMTstop-B_1_1redlinestimulus4.png'
23.9274 	EXP 	Stim: image = 'TMTstop-B_1_1redlinestimulus4.png'
23.9694 	EXP 	Stim: image = 'TMTstop-B_1_1redlinestimulus4.png'
24.0106 	EXP 	Stim: image = 'TMTstop-B_1_1redlinestimulus4.png'
24.0522 	EXP 	Stim: image = 'TMTstop-B_1_1redlinestimulus4.png'
24.0941 	EXP 	Stim: image = 'TMTstop-B_1_1redlinestimulus4.png'
24.1357 	EXP 	Stim: image = 'TMTstop-B_1_1redlinestimulus4.png'
24.1703 	EXP 	Stim: image = 'TMTstop-B_1_1redlinestimulus4.png'
24.2125 	EXP 	Stim: image = 'TMTstop-B_1_1redlinestimulus4.png'
24.2540 	EXP 	Stim: image = 'TMTstop-B_1_1redlinestimulus4.png'
24.2955 	EXP 	Stim: image = 'TMTstop-B_1_1redlinestimulus4.png'
24.3366 	EXP 	Stim: image = 'TMTstop-B_1_1redlinestimulus4.png'
24.3792 	EXP 	Stim: image = 'TMTstop-B_1_1redlinestimulus4.png'
24.4204 	EXP 	Stim: image = 'TMTstop-B_1_1redlinestimulus4.png'
24.4621 	EXP 	Stim: image = 'TMTstop-B_1_1redlinestimulus4.png'
24.5038 	EXP 	Stim: image = 'TMTstop-B_1_1redlinestimulus4.png'
24.5458 	EXP 	Stim: image = 'TMTstop-B_1_1redlinestimulus4.png'
24.5870 	EXP 	Stim: image = 'TMTstop-B_1_1redlinestimulus4.png'
24.6253 	DATA 	Keypress: 3
24.6289 	EXP 	Stim: image = 'TMTstop-B_1_1redlinestimulus4.png'
24.6707 	EXP 	Stim: image = 'TMTstop-B_1_1redlinestimulus4.png'
24.7120 	EXP 	Stim: image = 'TMTstop-B_1_1redlinestimulus4.png'
24.7534 	EXP 	Stim: image = 'TMTstop-B_1_1redlinestimulus4.png'
24.7951 	EXP 	Stim: image = 'TMTstop-B_1_1redlinestimulus4.png'
24.8374 	EXP 	Stim: image = 'TMTstop-B_1_1redlinestimulus4.png'
24.8759 	DATA 	Keypress: 3
24.8789 	EXP 	Stim: image = 'TMTstop-B_1_1redlinestimulus4.png'
24.9205 	EXP 	Stim: image = 'TMTstop-B_1_1redlinestimulus4.png'
24.9621 	EXP 	Stim: image = 'TMTstop-B_1_1redlinestimulus4.png'
25.0037 	EXP 	Stim: image = 'TMTstop-B_1_1redlinestimulus4.png'
25.0456 	EXP 	Stim: image = 'TMTstop-B_1_1redlinestimulus4.png'
25.0835 	DATA 	Keypress: 3
25.0869 	EXP 	Stim: image = 'TMTstop-B_1_1redlinestimulus4.png'
25.1287 	EXP 	Stim: image = 'TMTstop-B_1_1redlinestimulus4.png'
25.1706 	EXP 	Stim: image = 'TMTstop-B_1_1redlinestimulus4.png'
25.2118 	EXP 	Stim: image = 'TMTstop-B_1_1redlinestimulus4.png'
25.2536 	EXP 	Stim: image = 'TMTstop-B_1_1redlinestimulus4.png'
25.2926 	DATA 	Keypress: 3
25.2958 	EXP 	Stim: image = 'TMTstop-B_1_1redlinestimulus4.png'
25.3373 	EXP 	Stim: image = 'TMTstop-B_1_1redlinestimulus4.png'
25.3786 	EXP 	Stim: image = 'TMTstop-B_1_1redlinestimulus4.png'
25.4137 	EXP 	Stim: image = 'TMTstop-B_1_1redlinestimulus4.png'
25.4552 	EXP 	Stim: image = 'TMTstop-B_1_1redlinestimulus4.png'
25.4933 	DATA 	Keypress: 3
25.4968 	EXP 	Stim: image = 'TMTstop-B_1_1redlinestimulus4.png'
25.5001 	EXP 	New trial (rep=0, index=8): {'NumberLetter': 5, 'corrAns': ['3'], 'StimFile': 'TMTstop-B_1_1linestimulus6.png', 'Correct_StimFile': 'TMTstop-B_1_1greenlinestimulus6.png', 'False_StimFile': 'TMTstop-B_1_1redlinestimulus5.png', 'DurationTrial': 10}
25.5670 	EXP 	Stim: autoDraw = False
25.5670 	EXP 	Stim: image = 'TMTstop-B_1_1greenlinestimulus6.png'
25.5670 	EXP 	Stim: autoDraw = True
25.5670 	EXP 	Stim: image = 'TMTstop-B_1_1redlinestimulus5.png'
25.6081 	EXP 	Stim: image = 'TMTstop-B_1_1redlinestimulus5.png'
25.6497 	EXP 	Stim: image = 'TMTstop-B_1_1redlinestimulus5.png'
25.6915 	EXP 	Stim: image = 'TMTstop-B_1_1redlinestimulus5.png'
25.7295 	DATA 	Keypress: 3
25.7331 	EXP 	Stim: image = 'TMTstop-B_1_1redlinestimulus5.png'
25.7746 	EXP 	Stim: image = 'TMTstop-B_1_1redlinestimulus5.png'
25.8157 	EXP 	Stim: image = 'TMTstop-B_1_1redlinestimulus5.png'
25.8582 	EXP 	Stim: image = 'TMTstop-B_1_1redlinestimulus5.png'
25.8995 	EXP 	Stim: image = 'TMTstop-B_1_1redlinestimulus5.png'
25.9414 	EXP 	Stim: image = 'TMTstop-B_1_1redlinestimulus5.png'
25.9828 	EXP 	Stim: image = 'TMTstop-B_1_1redlinestimulus5.png'
26.0244 	EXP 	Stim: image = 'TMTstop-B_1_1redlinestimulus5.png'
26.0664 	EXP 	Stim: image = 'TMTstop-B_1_1redlinestimulus5.png'
26.1079 	EXP 	Stim: image = 'TMTstop-B_1_1redlinestimulus5.png'
26.1506 	EXP 	Stim: image = 'TMTstop-B_1_1redlinestimulus5.png'
26.1913 	EXP 	Stim: image = 'TMTstop-B_1_1redlinestimulus5.png'
26.2328 	EXP 	Stim: image = 'TMTstop-B_1_1redlinestimulus5.png'
26.2747 	EXP 	Stim: image = 'TMTstop-B_1_1redlinestimulus5.png'
26.3165 	EXP 	Stim: image = 'TMTstop-B_1_1redlinestimulus5.png'
26.3580 	EXP 	Stim: image = 'TMTstop-B_1_1redlinestimulus5.png'
26.3996 	EXP 	Stim: image = 'TMTstop-B_1_1redlinestimulus5.png'
26.4409 	EXP 	Stim: image = 'TMTstop-B_1_1redlinestimulus5.png'
26.4832 	EXP 	Stim: image = 'TMTstop-B_1_1redlinestimulus5.png'
26.5247 	EXP 	Stim: image = 'TMTstop-B_1_1redlinestimulus5.png'
26.5663 	EXP 	Stim: image = 'TMTstop-B_1_1redlinestimulus5.png'
26.6076 	EXP 	Stim: image = 'TMTstop-B_1_1redlinestimulus5.png'
26.6500 	EXP 	Stim: image = 'TMTstop-B_1_1redlinestimulus5.png'
26.6913 	EXP 	Stim: image = 'TMTstop-B_1_1redlinestimulus5.png'
26.7327 	EXP 	Stim: image = 'TMTstop-B_1_1redlinestimulus5.png'
26.7746 	EXP 	Stim: image = 'TMTstop-B_1_1redlinestimulus5.png'
26.8165 	EXP 	Stim: image = 'TMTstop-B_1_1redlinestimulus5.png'
26.8579 	EXP 	Stim: image = 'TMTstop-B_1_1redlinestimulus5.png'
26.8997 	EXP 	Stim: image = 'TMTstop-B_1_1redlinestimulus5.png'
26.9415 	EXP 	Stim: image = 'TMTstop-B_1_1redlinestimulus5.png'
26.9829 	EXP 	Stim: image = 'TMTstop-B_1_1redlinestimulus5.png'
27.0245 	EXP 	Stim: image = 'TMTstop-B_1_1redlinestimulus5.png'
27.0662 	EXP 	Stim: image = 'TMTstop-B_1_1redlinestimulus5.png'
27.1079 	EXP 	Stim: image = 'TMTstop-B_1_1redlinestimulus5.png'
27.1497 	EXP 	Stim: image = 'TMTstop-B_1_1redlinestimulus5.png'
27.1914 	EXP 	Stim: image = 'TMTstop-B_1_1redlinestimulus5.png'
27.2325 	EXP 	Stim: image = 'TMTstop-B_1_1redlinestimulus5.png'
27.2747 	EXP 	Stim: image = 'TMTstop-B_1_1redlinestimulus5.png'
27.3162 	EXP 	Stim: image = 'TMTstop-B_1_1redlinestimulus5.png'
27.3579 	EXP 	Stim: image = 'TMTstop-B_1_1redlinestimulus5.png'
27.3996 	EXP 	Stim: image = 'TMTstop-B_1_1redlinestimulus5.png'
27.4412 	EXP 	Stim: image = 'TMTstop-B_1_1redlinestimulus5.png'
27.4829 	EXP 	Stim: image = 'TMTstop-B_1_1redlinestimulus5.png'
27.5245 	EXP 	Stim: image = 'TMTstop-B_1_1redlinestimulus5.png'
27.5660 	EXP 	Stim: image = 'TMTstop-B_1_1redlinestimulus5.png'
27.6082 	EXP 	Stim: image = 'TMTstop-B_1_1redlinestimulus5.png'
27.6495 	EXP 	Stim: image = 'TMTstop-B_1_1redlinestimulus5.png'
27.6914 	EXP 	Stim: image = 'TMTstop-B_1_1redlinestimulus5.png'
27.7327 	EXP 	Stim: image = 'TMTstop-B_1_1redlinestimulus5.png'
27.7746 	EXP 	Stim: image = 'TMTstop-B_1_1redlinestimulus5.png'
27.8160 	EXP 	Stim: image = 'TMTstop-B_1_1redlinestimulus5.png'
27.8580 	EXP 	Stim: image = 'TMTstop-B_1_1redlinestimulus5.png'
27.8998 	EXP 	Stim: image = 'TMTstop-B_1_1redlinestimulus5.png'
27.9413 	EXP 	Stim: image = 'TMTstop-B_1_1redlinestimulus5.png'
27.9827 	EXP 	Stim: image = 'TMTstop-B_1_1redlinestimulus5.png'
28.0246 	EXP 	Stim: image = 'TMTstop-B_1_1redlinestimulus5.png'
28.0663 	EXP 	Stim: image = 'TMTstop-B_1_1redlinestimulus5.png'
28.1079 	EXP 	Stim: image = 'TMTstop-B_1_1redlinestimulus5.png'
28.1493 	EXP 	Stim: image = 'TMTstop-B_1_1redlinestimulus5.png'
28.1910 	EXP 	Stim: image = 'TMTstop-B_1_1redlinestimulus5.png'
28.2333 	EXP 	Stim: image = 'TMTstop-B_1_1redlinestimulus5.png'
28.2743 	EXP 	Stim: image = 'TMTstop-B_1_1redlinestimulus5.png'
28.3161 	EXP 	Stim: image = 'TMTstop-B_1_1redlinestimulus5.png'
28.3577 	EXP 	Stim: image = 'TMTstop-B_1_1redlinestimulus5.png'
28.3997 	EXP 	Stim: image = 'TMTstop-B_1_1redlinestimulus5.png'
28.4412 	EXP 	Stim: image = 'TMTstop-B_1_1redlinestimulus5.png'
28.4829 	EXP 	Stim: image = 'TMTstop-B_1_1redlinestimulus5.png'
28.5244 	EXP 	Stim: image = 'TMTstop-B_1_1redlinestimulus5.png'
28.5665 	EXP 	Stim: image = 'TMTstop-B_1_1redlinestimulus5.png'
28.6080 	EXP 	Stim: image = 'TMTstop-B_1_1redlinestimulus5.png'
28.6493 	EXP 	Stim: image = 'TMTstop-B_1_1redlinestimulus5.png'
28.6881 	DATA 	Keypress: 2
28.6915 	EXP 	Stim: image = 'TMTstop-B_1_1redlinestimulus5.png'
28.7327 	EXP 	Stim: image = 'TMTstop-B_1_1redlinestimulus5.png'
28.7744 	EXP 	Stim: image = 'TMTstop-B_1_1redlinestimulus5.png'
28.8162 	EXP 	Stim: image = 'TMTstop-B_1_1redlinestimulus5.png'
28.8580 	EXP 	Stim: image = 'TMTstop-B_1_1redlinestimulus5.png'
28.8996 	EXP 	Stim: image = 'TMTstop-B_1_1redlinestimulus5.png'
28.9412 	EXP 	Stim: image = 'TMTstop-B_1_1redlinestimulus5.png'
28.9792 	DATA 	Keypress: 2
28.9826 	EXP 	Stim: image = 'TMTstop-B_1_1redlinestimulus5.png'
29.0246 	EXP 	Stim: image = 'TMTstop-B_1_1redlinestimulus5.png'
29.0662 	EXP 	Stim: image = 'TMTstop-B_1_1redlinestimulus5.png'
29.1078 	EXP 	Stim: image = 'TMTstop-B_1_1redlinestimulus5.png'
29.1495 	EXP 	Stim: image = 'TMTstop-B_1_1redlinestimulus5.png'
29.1915 	EXP 	Stim: image = 'TMTstop-B_1_1redlinestimulus5.png'
29.2329 	EXP 	Stim: image = 'TMTstop-B_1_1redlinestimulus5.png'
29.2741 	EXP 	Stim: image = 'TMTstop-B_1_1redlinestimulus5.png'
29.3160 	EXP 	Stim: image = 'TMTstop-B_1_1redlinestimulus5.png'
29.3581 	EXP 	Stim: image = 'TMTstop-B_1_1redlinestimulus5.png'
29.3994 	EXP 	Stim: image = 'TMTstop-B_1_1redlinestimulus5.png'
29.4413 	EXP 	Stim: image = 'TMTstop-B_1_1redlinestimulus5.png'
29.4830 	EXP 	Stim: image = 'TMTstop-B_1_1redlinestimulus5.png'
29.5247 	EXP 	Stim: image = 'TMTstop-B_1_1redlinestimulus5.png'
29.5662 	EXP 	Stim: image = 'TMTstop-B_1_1redlinestimulus5.png'
29.6075 	EXP 	Stim: image = 'TMTstop-B_1_1redlinestimulus5.png'
29.6497 	EXP 	Stim: image = 'TMTstop-B_1_1redlinestimulus5.png'
29.6913 	EXP 	Stim: image = 'TMTstop-B_1_1redlinestimulus5.png'
29.7329 	EXP 	Stim: image = 'TMTstop-B_1_1redlinestimulus5.png'
29.7744 	EXP 	Stim: image = 'TMTstop-B_1_1redlinestimulus5.png'
29.8164 	EXP 	Stim: image = 'TMTstop-B_1_1redlinestimulus5.png'
29.8578 	EXP 	Stim: image = 'TMTstop-B_1_1redlinestimulus5.png'
29.8960 	DATA 	Keypress: 3
29.8997 	EXP 	Stim: image = 'TMTstop-B_1_1redlinestimulus5.png'
29.9043 	EXP 	New trial (rep=0, index=9): {'NumberLetter': 'E', 'corrAns': ['1'], 'StimFile': 'TMTstop-B_1_1linestimulus7.png', 'Correct_StimFile': 'TMTstop-B_1_1greenlinestimulus7.png', 'False_StimFile': 'TMTstop-B_1_1redlinestimulus6.png', 'DurationTrial': 10}
29.9763 	EXP 	Stim: autoDraw = False
29.9763 	EXP 	Stim: image = 'TMTstop-B_1_1greenlinestimulus7.png'
29.9763 	EXP 	Stim: autoDraw = True
29.9763 	EXP 	Stim: image = 'TMTstop-B_1_1redlinestimulus6.png'
30.0182 	EXP 	Stim: image = 'TMTstop-B_1_1redlinestimulus6.png'
30.0593 	EXP 	Stim: image = 'TMTstop-B_1_1redlinestimulus6.png'
30.1009 	EXP 	Stim: image = 'TMTstop-B_1_1redlinestimulus6.png'
30.1426 	EXP 	Stim: image = 'TMTstop-B_1_1redlinestimulus6.png'
30.1814 	DATA 	Keypress: 3
30.1849 	EXP 	Stim: image = 'TMTstop-B_1_1redlinestimulus6.png'
30.2261 	EXP 	Stim: image = 'TMTstop-B_1_1redlinestimulus6.png'
30.2674 	EXP 	Stim: image = 'TMTstop-B_1_1redlinestimulus6.png'
30.3090 	EXP 	Stim: image = 'TMTstop-B_1_1redlinestimulus6.png'
30.3510 	EXP 	Stim: image = 'TMTstop-B_1_1redlinestimulus6.png'
30.3922 	EXP 	Stim: image = 'TMTstop-B_1_1redlinestimulus6.png'
30.4341 	EXP 	Stim: image = 'TMTstop-B_1_1redlinestimulus6.png'
30.4759 	EXP 	Stim: image = 'TMTstop-B_1_1redlinestimulus6.png'
30.5176 	EXP 	Stim: image = 'TMTstop-B_1_1redlinestimulus6.png'
30.5593 	EXP 	Stim: image = 'TMTstop-B_1_1redlinestimulus6.png'
30.6009 	EXP 	Stim: image = 'TMTstop-B_1_1redlinestimulus6.png'
30.6498 	EXP 	Stim: image = 'TMTstop-B_1_1redlinestimulus6.png'
30.6990 	EXP 	Stim: image = 'TMTstop-B_1_1redlinestimulus6.png'
30.7479 	EXP 	Stim: image = 'TMTstop-B_1_1redlinestimulus6.png'
30.7956 	EXP 	Stim: image = 'TMTstop-B_1_1redlinestimulus6.png'
30.8376 	EXP 	Stim: image = 'TMTstop-B_1_1redlinestimulus6.png'
30.8860 	EXP 	Stim: image = 'TMTstop-B_1_1redlinestimulus6.png'
30.9347 	EXP 	Stim: image = 'TMTstop-B_1_1redlinestimulus6.png'
30.9832 	EXP 	Stim: image = 'TMTstop-B_1_1redlinestimulus6.png'
31.0320 	EXP 	Stim: image = 'TMTstop-B_1_1redlinestimulus6.png'
31.0815 	EXP 	Stim: image = 'TMTstop-B_1_1redlinestimulus6.png'
31.1216 	EXP 	Stim: image = 'TMTstop-B_1_1redlinestimulus6.png'
31.1632 	EXP 	Stim: image = 'TMTstop-B_1_1redlinestimulus6.png'
31.2049 	EXP 	Stim: image = 'TMTstop-B_1_1redlinestimulus6.png'
31.2468 	EXP 	Stim: image = 'TMTstop-B_1_1redlinestimulus6.png'
31.2883 	EXP 	Stim: image = 'TMTstop-B_1_1redlinestimulus6.png'
31.3301 	EXP 	Stim: image = 'TMTstop-B_1_1redlinestimulus6.png'
31.3715 	EXP 	Stim: image = 'TMTstop-B_1_1redlinestimulus6.png'
31.4137 	EXP 	Stim: image = 'TMTstop-B_1_1redlinestimulus6.png'
31.4550 	EXP 	Stim: image = 'TMTstop-B_1_1redlinestimulus6.png'
31.4964 	EXP 	Stim: image = 'TMTstop-B_1_1redlinestimulus6.png'
31.5384 	EXP 	Stim: image = 'TMTstop-B_1_1redlinestimulus6.png'
31.5803 	EXP 	Stim: image = 'TMTstop-B_1_1redlinestimulus6.png'
31.6220 	EXP 	Stim: image = 'TMTstop-B_1_1redlinestimulus6.png'
31.6633 	EXP 	Stim: image = 'TMTstop-B_1_1redlinestimulus6.png'
31.7045 	EXP 	Stim: image = 'TMTstop-B_1_1redlinestimulus6.png'
31.7470 	EXP 	Stim: image = 'TMTstop-B_1_1redlinestimulus6.png'
31.7884 	EXP 	Stim: image = 'TMTstop-B_1_1redlinestimulus6.png'
31.8300 	EXP 	Stim: image = 'TMTstop-B_1_1redlinestimulus6.png'
31.8718 	EXP 	Stim: image = 'TMTstop-B_1_1redlinestimulus6.png'
31.9136 	EXP 	Stim: image = 'TMTstop-B_1_1redlinestimulus6.png'
31.9550 	EXP 	Stim: image = 'TMTstop-B_1_1redlinestimulus6.png'
31.9967 	EXP 	Stim: image = 'TMTstop-B_1_1redlinestimulus6.png'
32.0382 	EXP 	Stim: image = 'TMTstop-B_1_1redlinestimulus6.png'
32.0800 	EXP 	Stim: image = 'TMTstop-B_1_1redlinestimulus6.png'
32.1218 	EXP 	Stim: image = 'TMTstop-B_1_1redlinestimulus6.png'
32.1633 	EXP 	Stim: image = 'TMTstop-B_1_1redlinestimulus6.png'
32.2049 	EXP 	Stim: image = 'TMTstop-B_1_1redlinestimulus6.png'
32.2468 	EXP 	Stim: image = 'TMTstop-B_1_1redlinestimulus6.png'
32.2883 	EXP 	Stim: image = 'TMTstop-B_1_1redlinestimulus6.png'
32.3263 	DATA 	Keypress: 1
32.3299 	EXP 	Stim: image = 'TMTstop-B_1_1redlinestimulus6.png'
32.3336 	EXP 	New trial (rep=0, index=10): {'NumberLetter': 6, 'corrAns': ['3'], 'StimFile': 'TMTstop-B_1_1linestimulus8.png', 'Correct_StimFile': 'TMTstop-B_1_1greenlinestimulus8.png', 'False_StimFile': 'TMTstop-B_1_1redlinestimulus7.png', 'DurationTrial': 10}
32.4347 	EXP 	Stim: autoDraw = False
32.4347 	EXP 	Stim: image = 'TMTstop-B_1_1greenlinestimulus8.png'
32.4347 	EXP 	Stim: image = 'TMTstop-B_1_1greenlinestimulus8.png'
32.4347 	EXP 	Stim: autoDraw = True
32.4347 	EXP 	Stim: image = 'TMTstop-B_1_1redlinestimulus7.png'
32.4755 	EXP 	Stim: image = 'TMTstop-B_1_1redlinestimulus7.png'
32.5179 	EXP 	Stim: image = 'TMTstop-B_1_1redlinestimulus7.png'
32.5590 	EXP 	Stim: image = 'TMTstop-B_1_1redlinestimulus7.png'
32.5975 	DATA 	Keypress: 1
32.6007 	EXP 	Stim: image = 'TMTstop-B_1_1redlinestimulus7.png'
32.6425 	EXP 	Stim: image = 'TMTstop-B_1_1redlinestimulus7.png'
32.6843 	EXP 	Stim: image = 'TMTstop-B_1_1redlinestimulus7.png'
32.7257 	EXP 	Stim: image = 'TMTstop-B_1_1redlinestimulus7.png'
32.7673 	EXP 	Stim: image = 'TMTstop-B_1_1redlinestimulus7.png'
32.8089 	EXP 	Stim: image = 'TMTstop-B_1_1redlinestimulus7.png'
32.8511 	EXP 	Stim: image = 'TMTstop-B_1_1redlinestimulus7.png'
32.8924 	EXP 	Stim: image = 'TMTstop-B_1_1redlinestimulus7.png'
32.9341 	EXP 	Stim: image = 'TMTstop-B_1_1redlinestimulus7.png'
32.9761 	EXP 	Stim: image = 'TMTstop-B_1_1redlinestimulus7.png'
33.0174 	EXP 	Stim: image = 'TMTstop-B_1_1redlinestimulus7.png'
33.0592 	EXP 	Stim: image = 'TMTstop-B_1_1redlinestimulus7.png'
33.1007 	EXP 	Stim: image = 'TMTstop-B_1_1redlinestimulus7.png'
33.1428 	EXP 	Stim: image = 'TMTstop-B_1_1redlinestimulus7.png'
33.1838 	EXP 	Stim: image = 'TMTstop-B_1_1redlinestimulus7.png'
33.2258 	EXP 	Stim: image = 'TMTstop-B_1_1redlinestimulus7.png'
33.2745 	EXP 	Stim: image = 'TMTstop-B_1_1redlinestimulus7.png'
33.3162 	EXP 	Stim: image = 'TMTstop-B_1_1redlinestimulus7.png'
33.3577 	EXP 	Stim: image = 'TMTstop-B_1_1redlinestimulus7.png'
33.3997 	EXP 	Stim: image = 'TMTstop-B_1_1redlinestimulus7.png'
33.4412 	EXP 	Stim: image = 'TMTstop-B_1_1redlinestimulus7.png'
33.4826 	EXP 	Stim: image = 'TMTstop-B_1_1redlinestimulus7.png'
33.5242 	EXP 	Stim: image = 'TMTstop-B_1_1redlinestimulus7.png'
33.5666 	EXP 	Stim: image = 'TMTstop-B_1_1redlinestimulus7.png'
33.6077 	EXP 	Stim: image = 'TMTstop-B_1_1redlinestimulus7.png'
33.6495 	EXP 	Stim: image = 'TMTstop-B_1_1redlinestimulus7.png'
33.6912 	EXP 	Stim: image = 'TMTstop-B_1_1redlinestimulus7.png'
33.7328 	EXP 	Stim: image = 'TMTstop-B_1_1redlinestimulus7.png'
33.7744 	EXP 	Stim: image = 'TMTstop-B_1_1redlinestimulus7.png'
33.8159 	EXP 	Stim: image = 'TMTstop-B_1_1redlinestimulus7.png'
33.8547 	DATA 	Keypress: 3
33.8580 	EXP 	Stim: image = 'TMTstop-B_1_1redlinestimulus7.png'
33.8613 	EXP 	New trial (rep=0, index=11): {'NumberLetter': 'F', 'corrAns': ['2'], 'StimFile': 'TMTstop-B_1_1linestimulus9.png', 'Correct_StimFile': 'TMTstop-B_1_1greenlinestimulus9.png', 'False_StimFile': 'TMTstop-B_1_1redlinestimulus8.png', 'DurationTrial': 10}
33.9630 	EXP 	Stim: autoDraw = False
33.9630 	EXP 	Stim: image = 'TMTstop-B_1_1greenlinestimulus9.png'
33.9630 	EXP 	Stim: image = 'TMTstop-B_1_1greenlinestimulus9.png'
33.9630 	EXP 	Stim: autoDraw = True
33.9630 	EXP 	Stim: image = 'TMTstop-B_1_1redlinestimulus8.png'
34.0036 	EXP 	Stim: image = 'TMTstop-B_1_1redlinestimulus8.png'
34.0450 	EXP 	Stim: image = 'TMTstop-B_1_1redlinestimulus8.png'
34.0870 	EXP 	Stim: image = 'TMTstop-B_1_1redlinestimulus8.png'
34.1252 	DATA 	Keypress: 3
34.1286 	EXP 	Stim: image = 'TMTstop-B_1_1redlinestimulus8.png'
34.1702 	EXP 	Stim: image = 'TMTstop-B_1_1redlinestimulus8.png'
34.2115 	EXP 	Stim: image = 'TMTstop-B_1_1redlinestimulus8.png'
34.2540 	EXP 	Stim: image = 'TMTstop-B_1_1redlinestimulus8.png'
34.3022 	EXP 	Stim: image = 'TMTstop-B_1_1redlinestimulus8.png'
34.3441 	EXP 	Stim: image = 'TMTstop-B_1_1redlinestimulus8.png'
34.3853 	EXP 	Stim: image = 'TMTstop-B_1_1redlinestimulus8.png'
34.4236 	DATA 	Keypress: 3
34.4272 	EXP 	Stim: image = 'TMTstop-B_1_1redlinestimulus8.png'
34.4686 	EXP 	Stim: image = 'TMTstop-B_1_1redlinestimulus8.png'
34.5107 	EXP 	Stim: image = 'TMTstop-B_1_1redlinestimulus8.png'
34.5520 	EXP 	Stim: image = 'TMTstop-B_1_1redlinestimulus8.png'
34.5936 	EXP 	Stim: image = 'TMTstop-B_1_1redlinestimulus8.png'
34.6356 	EXP 	Stim: image = 'TMTstop-B_1_1redlinestimulus8.png'
34.6737 	DATA 	Keypress: 3
34.6773 	EXP 	Stim: image = 'TMTstop-B_1_1redlinestimulus8.png'
34.7186 	EXP 	Stim: image = 'TMTstop-B_1_1redlinestimulus8.png'
34.7674 	EXP 	Stim: image = 'TMTstop-B_1_1redlinestimulus8.png'
34.8088 	EXP 	Stim: image = 'TMTstop-B_1_1redlinestimulus8.png'
34.8509 	EXP 	Stim: image = 'TMTstop-B_1_1redlinestimulus8.png'
34.8923 	EXP 	Stim: image = 'TMTstop-B_1_1redlinestimulus8.png'
34.9304 	DATA 	Keypress: 3
34.9342 	EXP 	Stim: image = 'TMTstop-B_1_1redlinestimulus8.png'
34.9759 	EXP 	Stim: image = 'TMTstop-B_1_1redlinestimulus8.png'
35.0173 	EXP 	Stim: image = 'TMTstop-B_1_1redlinestimulus8.png'
35.0593 	EXP 	Stim: image = 'TMTstop-B_1_1redlinestimulus8.png'
35.1009 	EXP 	Stim: image = 'TMTstop-B_1_1redlinestimulus8.png'
35.1425 	EXP 	Stim: image = 'TMTstop-B_1_1redlinestimulus8.png'
35.1806 	DATA 	Keypress: 3
35.1839 	EXP 	Stim: image = 'TMTstop-B_1_1redlinestimulus8.png'
35.2262 	EXP 	Stim: image = 'TMTstop-B_1_1redlinestimulus8.png'
35.2674 	EXP 	Stim: image = 'TMTstop-B_1_1redlinestimulus8.png'
35.3091 	EXP 	Stim: image = 'TMTstop-B_1_1redlinestimulus8.png'
35.3505 	EXP 	Stim: image = 'TMTstop-B_1_1redlinestimulus8.png'
35.3926 	EXP 	Stim: image = 'TMTstop-B_1_1redlinestimulus8.png'
35.4340 	EXP 	Stim: image = 'TMTstop-B_1_1redlinestimulus8.png'
35.4756 	EXP 	Stim: image = 'TMTstop-B_1_1redlinestimulus8.png'
35.5136 	DATA 	Keypress: 3
35.5173 	EXP 	Stim: image = 'TMTstop-B_1_1redlinestimulus8.png'
35.5591 	EXP 	Stim: image = 'TMTstop-B_1_1redlinestimulus8.png'
35.6008 	EXP 	Stim: image = 'TMTstop-B_1_1redlinestimulus8.png'
35.6425 	EXP 	Stim: image = 'TMTstop-B_1_1redlinestimulus8.png'
35.6837 	EXP 	Stim: image = 'TMTstop-B_1_1redlinestimulus8.png'
35.7222 	DATA 	Keypress: 3
35.7260 	EXP 	Stim: image = 'TMTstop-B_1_1redlinestimulus8.png'
35.7674 	EXP 	Stim: image = 'TMTstop-B_1_1redlinestimulus8.png'
35.8091 	EXP 	Stim: image = 'TMTstop-B_1_1redlinestimulus8.png'
35.8505 	EXP 	Stim: image = 'TMTstop-B_1_1redlinestimulus8.png'
35.8925 	EXP 	Stim: image = 'TMTstop-B_1_1redlinestimulus8.png'
35.9341 	EXP 	Stim: image = 'TMTstop-B_1_1redlinestimulus8.png'
35.9754 	EXP 	Stim: image = 'TMTstop-B_1_1redlinestimulus8.png'
36.0139 	DATA 	Keypress: 2
36.0178 	EXP 	Stim: image = 'TMTstop-B_1_1redlinestimulus8.png'
36.0219 	EXP 	New trial (rep=0, index=12): {'NumberLetter': 7, 'corrAns': ['1'], 'StimFile': 'TMTstop-B_1_1linestimulus10.png', 'Correct_StimFile': 'TMTstop-B_1_1greenlinestimulus10.png', 'False_StimFile': 'TMTstop-B_1_1redlinestimulus9.png', 'DurationTrial': 1}
36.0944 	EXP 	Stim: autoDraw = False
36.0944 	EXP 	Stim: image = 'TMTstop-B_1_1greenlinestimulus10.png'
36.0944 	EXP 	Stim: autoDraw = True
36.0944 	EXP 	Stim: image = 'TMTstop-B_1_1redlinestimulus9.png'
36.1353 	EXP 	Stim: image = 'TMTstop-B_1_1redlinestimulus9.png'
36.1771 	EXP 	Stim: image = 'TMTstop-B_1_1redlinestimulus9.png'
36.2187 	EXP 	Stim: image = 'TMTstop-B_1_1redlinestimulus9.png'
36.2608 	EXP 	Stim: image = 'TMTstop-B_1_1redlinestimulus9.png'
36.3017 	EXP 	Stim: image = 'TMTstop-B_1_1redlinestimulus9.png'
36.3405 	DATA 	Keypress: 2
36.3436 	EXP 	Stim: image = 'TMTstop-B_1_1redlinestimulus9.png'
36.3852 	EXP 	Stim: image = 'TMTstop-B_1_1redlinestimulus9.png'
36.4273 	EXP 	Stim: image = 'TMTstop-B_1_1redlinestimulus9.png'
36.4685 	EXP 	Stim: image = 'TMTstop-B_1_1redlinestimulus9.png'
36.5102 	EXP 	Stim: image = 'TMTstop-B_1_1redlinestimulus9.png'
36.5518 	EXP 	Stim: image = 'TMTstop-B_1_1redlinestimulus9.png'
36.5941 	EXP 	Stim: image = 'TMTstop-B_1_1redlinestimulus9.png'
36.6318 	DATA 	Keypress: 2
36.6355 	EXP 	Stim: image = 'TMTstop-B_1_1redlinestimulus9.png'
36.6770 	EXP 	Stim: image = 'TMTstop-B_1_1redlinestimulus9.png'
36.7185 	EXP 	Stim: image = 'TMTstop-B_1_1redlinestimulus9.png'
36.7607 	EXP 	Stim: image = 'TMTstop-B_1_1redlinestimulus9.png'
36.8020 	EXP 	Stim: image = 'TMTstop-B_1_1redlinestimulus9.png'
36.8436 	EXP 	Stim: image = 'TMTstop-B_1_1redlinestimulus9.png'
36.8827 	DATA 	Keypress: 2
36.8857 	EXP 	Stim: image = 'TMTstop-B_1_1redlinestimulus9.png'
36.9273 	EXP 	Stim: image = 'TMTstop-B_1_1redlinestimulus9.png'
36.9689 	EXP 	Stim: image = 'TMTstop-B_1_1redlinestimulus9.png'
37.0105 	EXP 	Stim: image = 'TMTstop-B_1_1redlinestimulus9.png'
37.0524 	EXP 	Stim: image = 'TMTstop-B_1_1redlinestimulus9.png'
37.0903 	DATA 	Keypress: 2
37.0939 	EXP 	Stim: image = 'TMTstop-B_1_1redlinestimulus9.png'
37.1355 	EXP 	Stim: image = 'TMTstop-B_1_1redlinestimulus9.png'
37.1767 	EXP 	Stim: image = 'TMTstop-B_1_1redlinestimulus9.png'
37.2190 	EXP 	Stim: image = 'TMTstop-B_1_1redlinestimulus9.png'
37.2603 	EXP 	Stim: image = 'TMTstop-B_1_1redlinestimulus9.png'
37.3021 	EXP 	Stim: image = 'TMTstop-B_1_1redlinestimulus9.png'
37.3408 	DATA 	Keypress: 2
37.3438 	EXP 	Stim: image = 'TMTstop-B_1_1redlinestimulus9.png'
37.3855 	EXP 	Stim: image = 'TMTstop-B_1_1redlinestimulus9.png'
37.4272 	EXP 	Stim: image = 'TMTstop-B_1_1redlinestimulus9.png'
37.4688 	EXP 	Stim: image = 'TMTstop-B_1_1redlinestimulus9.png'
37.5106 	EXP 	Stim: image = 'TMTstop-B_1_1redlinestimulus9.png'
37.5521 	EXP 	Stim: image = 'TMTstop-B_1_1redlinestimulus9.png'
37.5899 	DATA 	Keypress: 1
37.5936 	EXP 	Stim: image = 'TMTstop-B_1_1redlinestimulus9.png'
37.5971 	EXP 	New trial (rep=0, index=13): {'NumberLetter': 'G', 'corrAns': ['3'], 'StimFile': 'TMTstop-B_1_1linestimulus11.png', 'Correct_StimFile': 'TMTstop-B_1_1greenlinestimulus11.png', 'False_StimFile': 'TMTstop-B_1_1redlinestimulus10.png', 'DurationTrial': None}
37.6704 	EXP 	Stim: autoDraw = False
37.6704 	EXP 	Stim: image = 'TMTstop-B_1_1greenlinestimulus11.png'
37.6704 	EXP 	Stim: autoDraw = True
37.6704 	EXP 	Stim: image = 'TMTstop-B_1_1redlinestimulus10.png'
37.7115 	EXP 	Stim: image = 'TMTstop-B_1_1redlinestimulus10.png'
37.7541 	EXP 	Stim: image = 'TMTstop-B_1_1redlinestimulus10.png'
37.7952 	EXP 	Stim: image = 'TMTstop-B_1_1redlinestimulus10.png'
37.8368 	EXP 	Stim: image = 'TMTstop-B_1_1redlinestimulus10.png'
37.8750 	DATA 	Keypress: 1
37.8786 	EXP 	Stim: image = 'TMTstop-B_1_1redlinestimulus10.png'
37.9204 	EXP 	Stim: image = 'TMTstop-B_1_1redlinestimulus10.png'
37.9618 	EXP 	Stim: image = 'TMTstop-B_1_1redlinestimulus10.png'
38.0032 	EXP 	Stim: image = 'TMTstop-B_1_1redlinestimulus10.png'
38.0450 	EXP 	Stim: image = 'TMTstop-B_1_1redlinestimulus10.png'
38.0870 	EXP 	Stim: image = 'TMTstop-B_1_1redlinestimulus10.png'
38.1284 	EXP 	Stim: image = 'TMTstop-B_1_1redlinestimulus10.png'
38.1701 	EXP 	Stim: image = 'TMTstop-B_1_1redlinestimulus10.png'
38.2185 	EXP 	Stim: image = 'TMTstop-B_1_1redlinestimulus10.png'
38.2604 	EXP 	Stim: image = 'TMTstop-B_1_1redlinestimulus10.png'
38.3025 	EXP 	Stim: image = 'TMTstop-B_1_1redlinestimulus10.png'
38.3402 	DATA 	Keypress: 1
38.3441 	EXP 	Stim: image = 'TMTstop-B_1_1redlinestimulus10.png'
38.3852 	EXP 	Stim: image = 'TMTstop-B_1_1redlinestimulus10.png'
38.4271 	EXP 	Stim: image = 'TMTstop-B_1_1redlinestimulus10.png'
38.4689 	EXP 	Stim: image = 'TMTstop-B_1_1redlinestimulus10.png'
38.5107 	EXP 	Stim: image = 'TMTstop-B_1_1redlinestimulus10.png'
38.5523 	EXP 	Stim: image = 'TMTstop-B_1_1redlinestimulus10.png'
38.5938 	EXP 	Stim: image = 'TMTstop-B_1_1redlinestimulus10.png'
38.6329 	DATA 	Keypress: 1
38.6354 	EXP 	Stim: image = 'TMTstop-B_1_1redlinestimulus10.png'
38.6770 	EXP 	Stim: image = 'TMTstop-B_1_1redlinestimulus10.png'
38.7186 	EXP 	Stim: image = 'TMTstop-B_1_1redlinestimulus10.png'
38.7603 	EXP 	Stim: image = 'TMTstop-B_1_1redlinestimulus10.png'
38.8023 	EXP 	Stim: image = 'TMTstop-B_1_1redlinestimulus10.png'
38.8438 	EXP 	Stim: image = 'TMTstop-B_1_1redlinestimulus10.png'
38.8819 	DATA 	Keypress: 2
38.8854 	EXP 	Stim: image = 'TMTstop-B_1_1redlinestimulus10.png'
38.9270 	EXP 	Stim: image = 'TMTstop-B_1_1redlinestimulus10.png'
38.9689 	EXP 	Stim: image = 'TMTstop-B_1_1redlinestimulus10.png'
39.0104 	EXP 	Stim: image = 'TMTstop-B_1_1redlinestimulus10.png'
39.0520 	EXP 	Stim: image = 'TMTstop-B_1_1redlinestimulus10.png'
39.0937 	EXP 	Stim: image = 'TMTstop-B_1_1redlinestimulus10.png'
39.1357 	EXP 	Stim: image = 'TMTstop-B_1_1redlinestimulus10.png'
39.1736 	DATA 	Keypress: 2
39.1771 	EXP 	Stim: image = 'TMTstop-B_1_1redlinestimulus10.png'
39.2185 	EXP 	Stim: image = 'TMTstop-B_1_1redlinestimulus10.png'
39.2605 	EXP 	Stim: image = 'TMTstop-B_1_1redlinestimulus10.png'
39.3019 	EXP 	Stim: image = 'TMTstop-B_1_1redlinestimulus10.png'
39.3439 	EXP 	Stim: image = 'TMTstop-B_1_1redlinestimulus10.png'
39.3479 	EXP 	New trial (rep=0, index=14): {'NumberLetter': 8, 'corrAns': ['1'], 'StimFile': 'TMTstop-B_1_1linestimulus12.png', 'Correct_StimFile': 'TMTstop-B_1_1greenlinestimulus12.png', 'False_StimFile': 'TMTstop-B_1_1redlinestimulus11.png', 'DurationTrial': None}
39.4165 	DATA 	Keypress: 3
39.4205 	EXP 	Stim: autoDraw = False
39.4205 	EXP 	Stim: image = 'TMTstop-B_1_1greenlinestimulus12.png'
39.4205 	EXP 	Stim: autoDraw = True
39.4205 	EXP 	Stim: image = 'TMTstop-B_1_1redlinestimulus11.png'
39.4617 	EXP 	Stim: image = 'TMTstop-B_1_1redlinestimulus11.png'
39.5037 	EXP 	Stim: image = 'TMTstop-B_1_1redlinestimulus11.png'
39.5452 	EXP 	Stim: image = 'TMTstop-B_1_1redlinestimulus11.png'
39.5869 	EXP 	Stim: image = 'TMTstop-B_1_1redlinestimulus11.png'
39.6281 	EXP 	Stim: image = 'TMTstop-B_1_1redlinestimulus11.png'
39.6701 	EXP 	Stim: image = 'TMTstop-B_1_1redlinestimulus11.png'
39.7079 	DATA 	Keypress: 3
39.7081 	DATA 	Keypress: 2
39.7117 	EXP 	Stim: image = 'TMTstop-B_1_1redlinestimulus11.png'
39.7531 	EXP 	Stim: image = 'TMTstop-B_1_1redlinestimulus11.png'
39.7953 	EXP 	Stim: image = 'TMTstop-B_1_1redlinestimulus11.png'
39.8367 	EXP 	Stim: image = 'TMTstop-B_1_1redlinestimulus11.png'
39.8785 	EXP 	Stim: image = 'TMTstop-B_1_1redlinestimulus11.png'
39.9202 	EXP 	Stim: image = 'TMTstop-B_1_1redlinestimulus11.png'
39.9585 	DATA 	Keypress: 1
39.9590 	DATA 	Keypress: 2
39.9619 	EXP 	Stim: image = 'TMTstop-B_1_1redlinestimulus11.png'
39.9661 	EXP 	New trial (rep=0, index=15): {'NumberLetter': 'H', 'corrAns': ['2'], 'StimFile': 'TMTstop-B_1_1linestimulus13.png', 'Correct_StimFile': 'TMTstop-B_1_1greenlinestimulus13.png', 'False_StimFile': 'TMTstop-B_1_1redlinestimulus12.png', 'DurationTrial': None}
40.0390 	EXP 	Stim: autoDraw = False
40.0390 	EXP 	Stim: image = 'TMTstop-B_1_1greenlinestimulus13.png'
40.0390 	EXP 	Stim: autoDraw = True
40.0390 	EXP 	Stim: image = 'TMTstop-B_1_1redlinestimulus12.png'
40.0762 	DATA 	Keypress: 3
40.0802 	EXP 	Stim: image = 'TMTstop-B_1_1redlinestimulus12.png'
40.1216 	EXP 	Stim: image = 'TMTstop-B_1_1redlinestimulus12.png'
40.1599 	DATA 	Keypress: 1
40.1632 	EXP 	Stim: image = 'TMTstop-B_1_1redlinestimulus12.png'
40.2052 	EXP 	Stim: image = 'TMTstop-B_1_1redlinestimulus12.png'
40.2463 	EXP 	Stim: image = 'TMTstop-B_1_1redlinestimulus12.png'
40.2911 	DATA 	Keypress: 1
40.2950 	EXP 	Stim: image = 'TMTstop-B_1_1redlinestimulus12.png'
40.3367 	EXP 	Stim: image = 'TMTstop-B_1_1redlinestimulus12.png'
40.3822 	DATA 	Keypress: 3
40.3824 	DATA 	Keypress: 2
40.3855 	EXP 	Stim: image = 'TMTstop-B_1_1redlinestimulus12.png'
40.3886 	EXP 	New trial (rep=0, index=16): {'NumberLetter': 9, 'corrAns': ['3'], 'StimFile': 'TMTstop-B_1_1linestimulus14.png', 'Correct_StimFile': 'TMTstop-B_1_1greenlinestimulus14.png', 'False_StimFile': 'TMTstop-B_1_1redlinestimulus13.png', 'DurationTrial': None}
40.4624 	EXP 	Stim: autoDraw = False
40.4624 	EXP 	Stim: image = 'TMTstop-B_1_1greenlinestimulus14.png'
40.4624 	EXP 	Stim: autoDraw = True
40.4624 	EXP 	Stim: image = 'TMTstop-B_1_1redlinestimulus13.png'
40.4664 	EXP 	New trial (rep=0, index=17): {'NumberLetter': 'I', 'corrAns': ['2'], 'StimFile': 'TMTstop-B_1_1linestimulus15.png', 'Correct_StimFile': 'TMTstop-B_1_1greenlinestimulus15.png', 'False_StimFile': 'TMTstop-B_1_1redlinestimulus14.png', 'DurationTrial': None}
40.5758 	DATA 	Keypress: 3
40.5763 	DATA 	Keypress: 1
40.5768 	DATA 	Keypress: 2
40.5805 	EXP 	Stim: autoDraw = False
40.5805 	EXP 	Stim: image = 'TMTstop-B_1_1greenlinestimulus15.png'
40.5805 	EXP 	Stim: image = 'TMTstop-B_1_1greenlinestimulus15.png'
40.5805 	EXP 	Stim: autoDraw = True
40.5805 	EXP 	Stim: image = 'TMTstop-B_1_1redlinestimulus14.png'
40.6175 	DATA 	Keypress: 1
40.6214 	EXP 	Stim: image = 'TMTstop-B_1_1redlinestimulus14.png'
40.6630 	EXP 	Stim: image = 'TMTstop-B_1_1redlinestimulus14.png'
40.7014 	DATA 	Keypress: 3
40.7015 	DATA 	Keypress: 2
40.7051 	EXP 	Stim: image = 'TMTstop-B_1_1redlinestimulus14.png'
40.7096 	EXP 	New trial (rep=0, index=18): {'NumberLetter': 10, 'corrAns': ['1'], 'StimFile': 'TMTstop-B_1_1linestimulus16.png', 'Correct_StimFile': 'TMTstop-B_1_1greenlinestimulus16.png', 'False_StimFile': 'TMTstop-B_1_1redlinestimulus15.png', 'DurationTrial': None}
40.7817 	EXP 	Stim: autoDraw = False
40.7817 	EXP 	Stim: image = 'TMTstop-B_1_1greenlinestimulus16.png'
40.7817 	EXP 	Stim: autoDraw = True
40.7817 	EXP 	Stim: image = 'TMTstop-B_1_1redlinestimulus15.png'
40.8271 	DATA 	Keypress: 3
40.8273 	DATA 	Keypress: 1
40.8300 	EXP 	Stim: image = 'TMTstop-B_1_1redlinestimulus15.png'
40.8717 	EXP 	Stim: image = 'TMTstop-B_1_1redlinestimulus15.png'
40.9101 	DATA 	Keypress: 2
40.9137 	EXP 	Stim: image = 'TMTstop-B_1_1redlinestimulus15.png'
40.9549 	EXP 	Stim: image = 'TMTstop-B_1_1redlinestimulus15.png'
40.9998 	DATA 	Keypress: 1
41.0035 	EXP 	Stim: image = 'TMTstop-B_1_1redlinestimulus15.png'
41.0067 	EXP 	New trial (rep=0, index=19): {'NumberLetter': 'J', 'corrAns': ['2'], 'StimFile': 'TMTstop-B_1_1linestimulus17.png', 'Correct_StimFile': 'TMTstop-B_1_1greenlinestimulus17.png', 'False_StimFile': 'TMTstop-B_1_1redlinestimulus16.png', 'DurationTrial': None}
41.0762 	DATA 	Keypress: 3
41.0764 	DATA 	Keypress: 2
41.0802 	EXP 	Stim: autoDraw = False
41.0802 	EXP 	Stim: image = 'TMTstop-B_1_1greenlinestimulus17.png'
41.0802 	EXP 	Stim: autoDraw = True
41.0802 	EXP 	Stim: image = 'TMTstop-B_1_1redlinestimulus16.png'
41.0845 	EXP 	New trial (rep=0, index=20): {'NumberLetter': 11, 'corrAns': ['3'], 'StimFile': 'TMTstop-B_1_1linestimulus18.png', 'Correct_StimFile': 'TMTstop-B_1_1greenlinestimulus18.png', 'False_StimFile': 'TMTstop-B_1_1redlinestimulus17.png', 'DurationTrial': None}
41.2011 	DATA 	Keypress: 3
41.2014 	DATA 	Keypress: 1
41.2075 	EXP 	Stim: autoDraw = False
41.2075 	EXP 	Stim: image = 'TMTstop-B_1_1greenlinestimulus18.png'
41.2075 	EXP 	Stim: image = 'TMTstop-B_1_1greenlinestimulus18.png'
41.2075 	EXP 	Stim: autoDraw = True
41.2075 	EXP 	Stim: image = 'TMTstop-B_1_1redlinestimulus17.png'
41.2119 	EXP 	New trial (rep=0, index=21): {'NumberLetter': 'K', 'corrAns': ['1'], 'StimFile': 'TMTstop-B_1_1linestimulus19.png', 'Correct_StimFile': 'TMTstop-B_1_1greenlinestimulus19.png', 'False_StimFile': 'TMTstop-B_1_1redlinestimulus18.png', 'DurationTrial': None}
41.3471 	DATA 	Keypress: 2
41.3474 	DATA 	Keypress: 1
41.3520 	EXP 	Stim: autoDraw = False
41.3520 	EXP 	Stim: image = 'TMTstop-B_1_1greenlinestimulus19.png'
41.3520 	EXP 	Stim: image = 'TMTstop-B_1_1greenlinestimulus19.png'
41.3520 	EXP 	Stim: autoDraw = True
41.3520 	EXP 	Stim: image = 'TMTstop-B_1_1redlinestimulus18.png'
41.3564 	EXP 	New trial (rep=0, index=22): {'NumberLetter': 12, 'corrAns': ['3'], 'StimFile': 'TMTstop-B_1_1linestimulus20.png', 'Correct_StimFile': 'TMTstop-B_1_1greenlinestimulus20.png', 'False_StimFile': 'TMTstop-B_1_1redlinestimulus19.png', 'DurationTrial': None}
41.4792 	DATA 	Keypress: 3
41.4796 	DATA 	Keypress: 2
41.4843 	EXP 	Stim: autoDraw = False
41.4843 	EXP 	Stim: image = 'TMTstop-B_1_1greenlinestimulus20.png'
41.4843 	EXP 	Stim: image = 'TMTstop-B_1_1greenlinestimulus20.png'
41.4843 	EXP 	Stim: autoDraw = True
41.4843 	EXP 	Stim: image = 'TMTstop-B_1_1redlinestimulus19.png'
41.5277 	DATA 	Keypress: 3
41.5320 	EXP 	Stim: image = 'TMTstop-B_1_1redlinestimulus19.png'
41.5367 	EXP 	New trial (rep=0, index=23): {'NumberLetter': 'L', 'corrAns': ['1'], 'StimFile': 'TMTstop-B_1_1linestimulus21.png', 'Correct_StimFile': 'TMTstop-B_1_1greenlinestimulus21.png', 'False_StimFile': 'TMTstop-B_1_1redlinestimulus20.png', 'DurationTrial': None}
41.6526 	DATA 	Keypress: 1
41.6531 	DATA 	Keypress: 2
41.6564 	EXP 	Stim: autoDraw = False
41.6564 	EXP 	Stim: image = 'TMTstop-B_1_1greenlinestimulus21.png'
41.6564 	EXP 	Stim: autoDraw = True
41.6564 	EXP 	Stim: image = 'TMTstop-B_1_1redlinestimulus20.png'
41.7010 	DATA 	Keypress: 1
41.7046 	EXP 	Stim: image = 'TMTstop-B_1_1redlinestimulus20.png'
41.7081 	EXP 	New trial (rep=0, index=24): {'NumberLetter': 13, 'corrAns': ['2'], 'StimFile': 'TMTstop-B_1_1linestimulus22.png', 'Correct_StimFile': 'TMTstop-B_1_1greenlinestimulus22.png', 'False_StimFile': 'TMTstop-B_1_1redlinestimulus21.png', 'DurationTrial': None}
41.8120 	DATA 	Keypress: 2
41.8124 	DATA 	Keypress: 3
41.8166 	EXP 	Stim: autoDraw = False
41.8166 	EXP 	Stim: image = 'TMTstop-B_1_1greenlinestimulus22.png'
41.8166 	EXP 	Stim: image = 'TMTstop-B_1_1greenlinestimulus22.png'
41.8166 	EXP 	Stim: autoDraw = True
41.8166 	EXP 	Stim: image = 'TMTstop-B_1_1redlinestimulus21.png'
41.8210 	EXP 	New trial (rep=0, index=25): {'NumberLetter': None, 'corrAns': None, 'StimFile': 'TMTstop-B_1_1linestimulus23.png', 'Correct_StimFile': 'TMTstop-B_1_1greenlinestimulus23.png', 'False_StimFile': 'TMTstop-B_1_1redlinestimulus22.png', 'DurationTrial': None}
41.9301 	DATA 	Keypress: 3
41.9306 	DATA 	Keypress: 1
41.9313 	DATA 	Keypress: 2
41.9351 	EXP 	Stim: autoDraw = False
41.9351 	EXP 	Stim: image = 'TMTstop-B_1_1greenlinestimulus23.png'
41.9351 	EXP 	Stim: image = 'TMTstop-B_1_1greenlinestimulus23.png'
41.9351 	EXP 	Stim: autoDraw = True
41.9351 	EXP 	Stim: image = 'TMTstop-B_1_1redlinestimulus22.png'
41.9823 	EXP 	Stim: image = 'TMTstop-B_1_1redlinestimulus22.png'
42.0243 	EXP 	Stim: image = 'TMTstop-B_1_1redlinestimulus22.png'
42.0622 	DATA 	Keypress: 1
42.0659 	EXP 	Stim: image = 'TMTstop-B_1_1redlinestimulus22.png'
42.1041 	DATA 	Keypress: 3
42.1042 	DATA 	Keypress: 2
42.1076 	EXP 	Stim: image = 'TMTstop-B_1_1redlinestimulus22.png'
42.1491 	EXP 	Stim: image = 'TMTstop-B_1_1redlinestimulus22.png'
42.1912 	EXP 	Stim: image = 'TMTstop-B_1_1redlinestimulus22.png'
42.2290 	DATA 	Keypress: 3
42.2292 	DATA 	Keypress: 1
42.2327 	EXP 	Stim: image = 'TMTstop-B_1_1redlinestimulus22.png'
42.2741 	EXP 	Stim: image = 'TMTstop-B_1_1redlinestimulus22.png'
42.3123 	DATA 	Keypress: 2
42.3162 	EXP 	Stim: image = 'TMTstop-B_1_1redlinestimulus22.png'
42.3644 	EXP 	Stim: image = 'TMTstop-B_1_1redlinestimulus22.png'
42.4063 	EXP 	Stim: image = 'TMTstop-B_1_1redlinestimulus22.png'
42.4510 	DATA 	Keypress: 3
42.4548 	EXP 	Stim: image = 'TMTstop-B_1_1redlinestimulus22.png'
42.4965 	EXP 	Stim: image = 'TMTstop-B_1_1redlinestimulus22.png'
42.5451 	EXP 	Stim: image = 'TMTstop-B_1_1redlinestimulus22.png'
42.5868 	EXP 	Stim: image = 'TMTstop-B_1_1redlinestimulus22.png'
42.6283 	EXP 	Stim: image = 'TMTstop-B_1_1redlinestimulus22.png'
42.6696 	EXP 	Stim: image = 'TMTstop-B_1_1redlinestimulus22.png'
42.7116 	EXP 	Stim: image = 'TMTstop-B_1_1redlinestimulus22.png'
42.7534 	EXP 	Stim: image = 'TMTstop-B_1_1redlinestimulus22.png'
42.7951 	EXP 	Stim: image = 'TMTstop-B_1_1redlinestimulus22.png'
42.8365 	EXP 	Stim: image = 'TMTstop-B_1_1redlinestimulus22.png'
42.8746 	DATA 	Keypress: esc
42.8785 	EXP 	Stim: image = 'TMTstop-B_1_1redlinestimulus22.png'
42.9267 	EXP 	Stim: image = 'TMTstop-B_1_1redlinestimulus22.png'
42.9738 	EXP 	Stim: image = 'TMTstop-B_1_1redlinestimulus22.png'
42.9738 	EXP 	Stim: autoDraw = False
42.9738 	EXP 	polygon: autoDraw = True
43.0772 	DATA 	Keypress: esc
43.1139 	EXP 	window1: mouseVisible = True
