2.0026 	WARNING 	We strongly recommend you activate the PTB sound engine in PsychoPy prefs as the preferred audio engine. Its timing is vastly superior. Your prefs are currently set to use ['pyo'] (in that order).
8.2146 	EXP 	Created window1 = Window(allowGUI=False, allowStencil=False, autoLog=True, backendConf=UNKNOWN, bitsMode=UNKNOWN, blendMode='avg', bpc=(8, 8, 8), color=array([0, 0, 0]), colorSpace='rgb', depthBits=8, fullscr=<method-wrapper '__getattribute__' of attributeSetter object at 0x000001E10A894E10>, gamma=None, gammaErrorPolicy='raise', lms=UNKNOWN, monitor=<psychopy.monitors.calibTools.Monitor object at 0x000001E10A896128>, multiSample=False, name='window1', numSamples=2, pos=None, screen=0, size=array([3440, 1440]), stencilBits=0, stereo=False, units='height', useFBO=True, useRetina=False, viewOri=0.0, viewPos=None, viewScale=None, waitBlanking=True, winType='glfw')
8.2167 	EXP 	window1: mouseVisible = True
8.2168 	EXP 	window1: recordFrameIntervals = False
8.3815 	EXP 	window1: recordFrameIntervals = True
8.5650 	EXP 	window1: recordFrameIntervals = False
9.4065 	EXP 	Created image_2 = ImageStim(__class__=<class 'psychopy.visual.image.ImageStim'>, autoLog=True, color=array([1., 1., 1.]), colorSpace='rgb', contrast=1.0, depth=0.0, flipHoriz=False, flipVert=False, image='Instruktioner TMTstopA_first.png', interpolate=True, mask=None, maskParams=None, name='image_2', opacity=1, ori=0.0, pos=array([0., 0.]), size=array([1.28, 0.72]), texRes=128.0, units='height', win=Window(...))
9.4093 	EXP 	Created polygon_2 = ShapeStim(__class__=<class 'psychopy.visual.shape.ShapeStim'>, autoDraw=False, autoLog=True, closeShape=True, color=method-wrapper(...), colorSpace='rgb', contrast=None, depth=-1.0, fillColor=array([-1, -1, -1]), fillColorSpace='rgb', fillRGB=array([-1, -1, -1]), interpolate=True, lineColor=array([0., 0., 0.]), lineColorSpace='rgb', lineRGB=array([0, 0, 0]), lineWidth=0.1, name='polygon_2', opacity=0.5, ori=0.0, pos=array([0., 0.]), size=array([0.1, 0.1]), units='height', vertices=ndarray(...), win=Window(...), windingRule=None)
9.4137 	EXP 	Created Stim_2 = ImageStim(__class__=<class 'psychopy.visual.image.ImageStim'>, autoLog=True, color=array([1., 1., 1.]), colorSpace='rgb', contrast=1.0, depth=0.0, flipHoriz=False, flipVert=False, image='sin', interpolate=True, mask=None, maskParams=None, name='Stim_2', opacity=1, ori=0.0, pos=array([0., 0.]), size=array([1.777, 1.   ]), texRes=128.0, units='height', win=Window(...))
9.4156 	EXP 	Created polygon_3 = ShapeStim(__class__=<class 'psychopy.visual.shape.ShapeStim'>, autoDraw=False, autoLog=True, closeShape=True, color=method-wrapper(...), colorSpace='rgb', contrast=None, depth=0.0, fillColor=array([-1, -1, -1]), fillColorSpace='rgb', fillRGB=array([-1, -1, -1]), interpolate=True, lineColor=array([0., 0., 0.]), lineColorSpace='rgb', lineRGB=array([0, 0, 0]), lineWidth=0.1, name='polygon_3', opacity=0.5, ori=0.0, pos=array([0., 0.]), size=array([0.1, 0.1]), units='height', vertices=ndarray(...), win=Window(...), windingRule=None)
9.4175 	EXP 	Created polygon = ShapeStim(__class__=<class 'psychopy.visual.shape.ShapeStim'>, autoDraw=False, autoLog=True, closeShape=True, color=method-wrapper(...), colorSpace='rgb', contrast=None, depth=0.0, fillColor=array([-1, -1, -1]), fillColorSpace='rgb', fillRGB=array([-1, -1, -1]), interpolate=True, lineColor=array([1., 1., 1.]), lineColorSpace='rgb', lineRGB=array([1, 1, 1]), lineWidth=0.1, name='polygon', opacity=1, ori=0.0, pos=array([0., 0.]), size=array([0.1, 0.1]), units='height', vertices=ndarray(...), win=Window(...), windingRule=None)
9.4216 	EXP 	Created Stim = ImageStim(__class__=<class 'psychopy.visual.image.ImageStim'>, autoLog=True, color=array([1., 1., 1.]), colorSpace='rgb', contrast=1.0, depth=0.0, flipHoriz=False, flipVert=False, image='sin', interpolate=True, mask=None, maskParams=None, name='Stim', opacity=1, ori=0.0, pos=array([0., 0.]), size=array([1.777, 1.   ]), texRes=128.0, units='height', win=Window(...))
9.4238 	EXP 	Created polygon = ShapeStim(__class__=<class 'psychopy.visual.shape.ShapeStim'>, autoDraw=False, autoLog=True, closeShape=True, color=method-wrapper(...), colorSpace='rgb', contrast=None, depth=0.0, fillColor=array([-1, -1, -1]), fillColorSpace='rgb', fillRGB=array([-1, -1, -1]), interpolate=True, lineColor=array([1., 1., 1.]), lineColorSpace='rgb', lineRGB=array([1, 1, 1]), lineWidth=0.1, name='polygon', opacity=1, ori=0.0, pos=array([0., 0.]), size=array([0.1, 0.1]), units='height', vertices=ndarray(...), win=Window(...), windingRule=None)
9.4257 	EXP 	Created polygon = ShapeStim(__class__=<class 'psychopy.visual.shape.ShapeStim'>, autoDraw=False, autoLog=True, closeShape=True, color=method-wrapper(...), colorSpace='rgb', contrast=None, depth=0.0, fillColor=array([-1, -1, -1]), fillColorSpace='rgb', fillRGB=array([-1, -1, -1]), interpolate=True, lineColor=array([1., 1., 1.]), lineColorSpace='rgb', lineRGB=array([1, 1, 1]), lineWidth=0.1, name='polygon', opacity=1, ori=0.0, pos=array([0., 0.]), size=array([0.1, 0.1]), units='height', vertices=ndarray(...), win=Window(...), windingRule=None)
9.4300 	EXP 	Created Stim_2 = ImageStim(__class__=<class 'psychopy.visual.image.ImageStim'>, autoLog=True, color=array([1., 1., 1.]), colorSpace='rgb', contrast=1.0, depth=0.0, flipHoriz=False, flipVert=False, image='sin', interpolate=True, mask=None, maskParams=None, name='Stim_2', opacity=1, ori=0.0, pos=array([0., 0.]), size=array([1.777, 1.   ]), texRes=128.0, units='height', win=Window(...))
9.4319 	EXP 	Created polygon_3 = ShapeStim(__class__=<class 'psychopy.visual.shape.ShapeStim'>, autoDraw=False, autoLog=True, closeShape=True, color=method-wrapper(...), colorSpace='rgb', contrast=None, depth=0.0, fillColor=array([-1, -1, -1]), fillColorSpace='rgb', fillRGB=array([-1, -1, -1]), interpolate=True, lineColor=array([0., 0., 0.]), lineColorSpace='rgb', lineRGB=array([0, 0, 0]), lineWidth=0.1, name='polygon_3', opacity=0.5, ori=0.0, pos=array([0., 0.]), size=array([0.1, 0.1]), units='height', vertices=ndarray(...), win=Window(...), windingRule=None)
9.5812 	EXP 	Created Info2 = TextStim(__class__=<class 'psychopy.visual.text.TextStim'>, alignHoriz=method-wrapper(...), alignText='center', alignVert=method-wrapper(...), anchorHoriz='center', anchorVert='center', antialias=True, autoLog=True, bold=False, color=array([-1., -1., -1.]), colorSpace='rgb', contrast=1.0, depth=0.0, flipHoriz=False, flipVert=False, font='Open Sans', fontFiles=[], height=0.1, italic=False, languageStyle='LTR', name='Info2', opacity=1, ori=0.0, pos=array([0., 0.]), rgb=UNKNOWN, text=str(...), units='height', win=Window(...), wrapWidth=1)
9.5861 	EXP 	Created Stim = ImageStim(__class__=<class 'psychopy.visual.image.ImageStim'>, autoLog=True, color=array([1., 1., 1.]), colorSpace='rgb', contrast=1.0, depth=0.0, flipHoriz=False, flipVert=False, image='sin', interpolate=True, mask=None, maskParams=None, name='Stim', opacity=1, ori=0.0, pos=array([0., 0.]), size=array([1.777, 1.   ]), texRes=128.0, units='height', win=Window(...))
9.5886 	EXP 	Created polygon = ShapeStim(__class__=<class 'psychopy.visual.shape.ShapeStim'>, autoDraw=False, autoLog=True, closeShape=True, color=method-wrapper(...), colorSpace='rgb', contrast=None, depth=0.0, fillColor=array([-1, -1, -1]), fillColorSpace='rgb', fillRGB=array([-1, -1, -1]), interpolate=True, lineColor=array([1., 1., 1.]), lineColorSpace='rgb', lineRGB=array([1, 1, 1]), lineWidth=0.1, name='polygon', opacity=1, ori=0.0, pos=array([0., 0.]), size=array([0.1, 0.1]), units='height', vertices=ndarray(...), win=Window(...), windingRule=None)
9.6003 	EXP 	Created text_2 = TextStim(__class__=<class 'psychopy.visual.text.TextStim'>, alignHoriz=method-wrapper(...), alignText='center', alignVert=method-wrapper(...), anchorHoriz='center', anchorVert='center', antialias=True, autoLog=True, bold=False, color=array([1., 1., 1.]), colorSpace='rgb', contrast=1.0, depth=0.0, flipHoriz=False, flipVert=False, font='Open Sans', fontFiles=[], height=0.1, italic=False, languageStyle='LTR', name='text_2', opacity=1, ori=0.0, pos=array([0., 0.]), rgb=UNKNOWN, text='Numerisk ordning.\n\n(1-2-3-4...)', units='height', win=Window(...), wrapWidth=1)
9.6047 	EXP 	Created Stim_2 = ImageStim(__class__=<class 'psychopy.visual.image.ImageStim'>, autoLog=True, color=array([1., 1., 1.]), colorSpace='rgb', contrast=1.0, depth=0.0, flipHoriz=False, flipVert=False, image='sin', interpolate=True, mask=None, maskParams=None, name='Stim_2', opacity=1, ori=0.0, pos=array([0., 0.]), size=array([1.777, 1.   ]), texRes=128.0, units='height', win=Window(...))
9.6068 	EXP 	Created polygon_3 = ShapeStim(__class__=<class 'psychopy.visual.shape.ShapeStim'>, autoDraw=False, autoLog=True, closeShape=True, color=method-wrapper(...), colorSpace='rgb', contrast=None, depth=0.0, fillColor=array([-1, -1, -1]), fillColorSpace='rgb', fillRGB=array([-1, -1, -1]), interpolate=True, lineColor=array([0., 0., 0.]), lineColorSpace='rgb', lineRGB=array([0, 0, 0]), lineWidth=0.1, name='polygon_3', opacity=0.5, ori=0.0, pos=array([0., 0.]), size=array([0.1, 0.1]), units='height', vertices=ndarray(...), win=Window(...), windingRule=None)
9.6090 	EXP 	Created polygon = ShapeStim(__class__=<class 'psychopy.visual.shape.ShapeStim'>, autoDraw=False, autoLog=True, closeShape=True, color=method-wrapper(...), colorSpace='rgb', contrast=None, depth=0.0, fillColor=array([-1, -1, -1]), fillColorSpace='rgb', fillRGB=array([-1, -1, -1]), interpolate=True, lineColor=array([1., 1., 1.]), lineColorSpace='rgb', lineRGB=array([1, 1, 1]), lineWidth=0.1, name='polygon', opacity=1, ori=0.0, pos=array([0., 0.]), size=array([0.1, 0.1]), units='height', vertices=ndarray(...), win=Window(...), windingRule=None)
9.6133 	EXP 	Created Stim = ImageStim(__class__=<class 'psychopy.visual.image.ImageStim'>, autoLog=True, color=array([1., 1., 1.]), colorSpace='rgb', contrast=1.0, depth=0.0, flipHoriz=False, flipVert=False, image='sin', interpolate=True, mask=None, maskParams=None, name='Stim', opacity=1, ori=0.0, pos=array([0., 0.]), size=array([1.777, 1.   ]), texRes=128.0, units='height', win=Window(...))
9.6154 	EXP 	Created polygon = ShapeStim(__class__=<class 'psychopy.visual.shape.ShapeStim'>, autoDraw=False, autoLog=True, closeShape=True, color=method-wrapper(...), colorSpace='rgb', contrast=None, depth=0.0, fillColor=array([-1, -1, -1]), fillColorSpace='rgb', fillRGB=array([-1, -1, -1]), interpolate=True, lineColor=array([1., 1., 1.]), lineColorSpace='rgb', lineRGB=array([1, 1, 1]), lineWidth=0.1, name='polygon', opacity=1, ori=0.0, pos=array([0., 0.]), size=array([0.1, 0.1]), units='height', vertices=ndarray(...), win=Window(...), windingRule=None)
9.6176 	EXP 	Created polygon = ShapeStim(__class__=<class 'psychopy.visual.shape.ShapeStim'>, autoDraw=False, autoLog=True, closeShape=True, color=method-wrapper(...), colorSpace='rgb', contrast=None, depth=0.0, fillColor=array([-1, -1, -1]), fillColorSpace='rgb', fillRGB=array([-1, -1, -1]), interpolate=True, lineColor=array([1., 1., 1.]), lineColorSpace='rgb', lineRGB=array([1, 1, 1]), lineWidth=0.1, name='polygon', opacity=1, ori=0.0, pos=array([0., 0.]), size=array([0.1, 0.1]), units='height', vertices=ndarray(...), win=Window(...), windingRule=None)
9.6219 	EXP 	Created Stim_2 = ImageStim(__class__=<class 'psychopy.visual.image.ImageStim'>, autoLog=True, color=array([1., 1., 1.]), colorSpace='rgb', contrast=1.0, depth=0.0, flipHoriz=False, flipVert=False, image='sin', interpolate=True, mask=None, maskParams=None, name='Stim_2', opacity=1, ori=0.0, pos=array([0., 0.]), size=array([1.777, 1.   ]), texRes=128.0, units='height', win=Window(...))
9.6239 	EXP 	Created polygon_3 = ShapeStim(__class__=<class 'psychopy.visual.shape.ShapeStim'>, autoDraw=False, autoLog=True, closeShape=True, color=method-wrapper(...), colorSpace='rgb', contrast=None, depth=0.0, fillColor=array([-1, -1, -1]), fillColorSpace='rgb', fillRGB=array([-1, -1, -1]), interpolate=True, lineColor=array([0., 0., 0.]), lineColorSpace='rgb', lineRGB=array([0, 0, 0]), lineWidth=0.1, name='polygon_3', opacity=0.5, ori=0.0, pos=array([0., 0.]), size=array([0.1, 0.1]), units='height', vertices=ndarray(...), win=Window(...), windingRule=None)
9.6326 	EXP 	Created Info2 = TextStim(__class__=<class 'psychopy.visual.text.TextStim'>, alignHoriz=method-wrapper(...), alignText='center', alignVert=method-wrapper(...), anchorHoriz='center', anchorVert='center', antialias=True, autoLog=True, bold=False, color=array([-1., -1., -1.]), colorSpace='rgb', contrast=1.0, depth=0.0, flipHoriz=False, flipVert=False, font='Open Sans', fontFiles=[], height=0.1, italic=False, languageStyle='LTR', name='Info2', opacity=1, ori=0.0, pos=array([0., 0.]), rgb=UNKNOWN, text=str(...), units='height', win=Window(...), wrapWidth=1)
9.6372 	EXP 	Created Stim = ImageStim(__class__=<class 'psychopy.visual.image.ImageStim'>, autoLog=True, color=array([1., 1., 1.]), colorSpace='rgb', contrast=1.0, depth=0.0, flipHoriz=False, flipVert=False, image='sin', interpolate=True, mask=None, maskParams=None, name='Stim', opacity=1, ori=0.0, pos=array([0., 0.]), size=array([1.777, 1.   ]), texRes=128.0, units='height', win=Window(...))
9.6392 	EXP 	Created polygon = ShapeStim(__class__=<class 'psychopy.visual.shape.ShapeStim'>, autoDraw=False, autoLog=True, closeShape=True, color=method-wrapper(...), colorSpace='rgb', contrast=None, depth=0.0, fillColor=array([-1, -1, -1]), fillColorSpace='rgb', fillRGB=array([-1, -1, -1]), interpolate=True, lineColor=array([1., 1., 1.]), lineColorSpace='rgb', lineRGB=array([1, 1, 1]), lineWidth=0.1, name='polygon', opacity=1, ori=0.0, pos=array([0., 0.]), size=array([0.1, 0.1]), units='height', vertices=ndarray(...), win=Window(...), windingRule=None)
9.6535 	EXP 	Created text = TextStim(__class__=<class 'psychopy.visual.text.TextStim'>, alignHoriz=method-wrapper(...), alignText='center', alignVert=method-wrapper(...), anchorHoriz='center', anchorVert='center', antialias=True, autoLog=True, bold=False, color=array([1., 1., 1.]), colorSpace='rgb', contrast=1.0, depth=0.0, flipHoriz=False, flipVert=False, font='Open Sans', fontFiles=[], height=0.04, italic=False, languageStyle='LTR', name='text', opacity=1, ori=0.0, pos=array([0., 0.]), rgb=UNKNOWN, text=str(...), units='height', win=Window(...), wrapWidth=1)
9.7949 	EXP 	image_2: autoDraw = True
11.1710 	DATA 	Keypress: 1
11.1816 	EXP 	image_2: autoDraw = False
11.1816 	EXP 	polygon_2: autoDraw = True
11.2537 	DATA 	Keypress: 1
11.7369 	DATA 	Keypress: s
25.2589 	EXP 	Imported TMT_conditions.xlsx as conditions, 2 conditions, 2 params
25.2592 	EXP 	Created sequence: sequential, trialTypes=2, nReps=1, seed=None
25.2594 	EXP 	New trial (rep=0, index=0): {'Block_paper': 'C1', 'Condition_rows': '0:26'}
25.3675 	EXP 	Imported TMTstop-control_1_merged.xlsx as conditions, 26 conditions, 11 params
25.3678 	EXP 	Created sequence: sequential, trialTypes=26, nReps=1, seed=None
25.3681 	EXP 	New trial (rep=0, index=0): {'NumberLetter': 1, 'corrAns': ['2'], 'Correct': 2, 'StimFile': 'TMTstop-control_1_1.png', 'Correct_StimFile': 'TMTstop-control_1_1.png', 'False_StimFile': 'TMTstop-control_1_1.png', 'Version': 'TMT_Control', 'Paper': 1, 'TrialNumber_Version': 1, 'Round': 1, 'Block': 1}
25.3685 	WARNING 	Requested image 'TMTstop-control_1_1.png' not found but similar filename 'TMTstop-control_1_1.jpg' exists. This will be used instead but changing the filename is advised.
25.4639 	DATA 	Keypress: s
25.4752 	EXP 	polygon_2: autoDraw = False
25.4752 	EXP 	Stim_2: image = 'TMTstop-control_1_1.png'
25.4752 	EXP 	Stim_2: autoDraw = True
27.4120 	WARNING 	Requested image 'TMTstop-control_1_1.png' not found but similar filename 'TMTstop-control_1_1.jpg' exists. This will be used instead but changing the filename is advised.
27.4408 	DATA 	Keypress: 3
27.4652 	EXP 	Stim_2: image = 'TMTstop-control_1_1.png'
27.4695 	EXP 	New trial (rep=0, index=1): {'NumberLetter': 2, 'corrAns': ['1'], 'Correct': 1, 'StimFile': 'TMTstop-control_1_1.png', 'Correct_StimFile': 'TMTstop-control_1_1firstgreen.png', 'False_StimFile': 'TMTstop-control_1_1firstred.png', 'Version': 'TMT_Control', 'Paper': 1, 'TrialNumber_Version': 2, 'Round': None, 'Block': 1}
27.5046 	DATA 	Keypress: 2
27.5147 	EXP 	Stim_2: autoDraw = False
27.5147 	EXP 	Stim_2: image = 'TMTstop-control_1_1firstgreen.png'
27.5147 	EXP 	Stim_2: autoDraw = True
27.5524 	EXP 	New trial (rep=0, index=2): {'NumberLetter': 3, 'corrAns': ['3'], 'Correct': 3, 'StimFile': 'TMTstop-control_1_1linestimulus0.png', 'Correct_StimFile': 'TMTstop-control_1_1greenlinestimulus0.png', 'False_StimFile': 'TMTstop-control_1_1redlinestimulus0.png', 'Version': 'TMT_Control', 'Paper': 1, 'TrialNumber_Version': 3, 'Round': None, 'Block': 1}
27.5884 	DATA 	Keypress: 1
27.5885 	DATA 	Keypress: 3
27.5988 	EXP 	Stim_2: autoDraw = False
27.5988 	EXP 	Stim_2: image = 'TMTstop-control_1_1greenlinestimulus0.png'
27.5988 	EXP 	Stim_2: autoDraw = True
27.6036 	DATA 	Keypress: 2
27.6859 	DATA 	Keypress: 1
27.7027 	EXP 	New trial (rep=0, index=3): {'NumberLetter': 4, 'corrAns': ['1'], 'Correct': 1, 'StimFile': 'TMTstop-control_1_1linestimulus1.png', 'Correct_StimFile': 'TMTstop-control_1_1greenlinestimulus1.png', 'False_StimFile': 'TMTstop-control_1_1redlinestimulus1.png', 'Version': 'TMT_Control', 'Paper': 1, 'TrialNumber_Version': 4, 'Round': None, 'Block': 1}
27.7419 	DATA 	Keypress: 3
27.7421 	DATA 	Keypress: 2
27.7654 	EXP 	Stim_2: autoDraw = False
27.7654 	EXP 	Stim_2: image = 'TMTstop-control_1_1greenlinestimulus1.png'
27.7654 	EXP 	Stim_2: autoDraw = True
27.8153 	EXP 	Stim_2: image = 'TMTstop-control_1_1redlinestimulus1.png'
27.8199 	EXP 	New trial (rep=0, index=4): {'NumberLetter': 5, 'corrAns': ['3'], 'Correct': 3, 'StimFile': 'TMTstop-control_1_1linestimulus2.png', 'Correct_StimFile': 'TMTstop-control_1_1greenlinestimulus2.png', 'False_StimFile': 'TMTstop-control_1_1redlinestimulus2.png', 'Version': 'TMT_Control', 'Paper': 1, 'TrialNumber_Version': 5, 'Round': None, 'Block': 1}
27.8620 	DATA 	Keypress: 1
27.8621 	DATA 	Keypress: 3
27.8622 	DATA 	Keypress: 2
27.8712 	EXP 	Stim_2: autoDraw = False
27.8712 	EXP 	Stim_2: image = 'TMTstop-control_1_1greenlinestimulus2.png'
27.8712 	EXP 	Stim_2: autoDraw = True
27.9261 	DATA 	Keypress: 1
27.9419 	EXP 	New trial (rep=0, index=5): {'NumberLetter': 6, 'corrAns': ['1'], 'Correct': 1, 'StimFile': 'TMTstop-control_1_1linestimulus3.png', 'Correct_StimFile': 'TMTstop-control_1_1greenlinestimulus3.png', 'False_StimFile': 'TMTstop-control_1_1redlinestimulus3.png', 'Version': 'TMT_Control', 'Paper': 1, 'TrialNumber_Version': 6, 'Round': None, 'Block': 1}
27.9839 	DATA 	Keypress: 3
27.9841 	DATA 	Keypress: 2
28.0045 	EXP 	Stim_2: autoDraw = False
28.0045 	EXP 	Stim_2: image = 'TMTstop-control_1_1greenlinestimulus3.png'
28.0045 	EXP 	Stim_2: autoDraw = True
28.0619 	EXP 	Stim_2: image = 'TMTstop-control_1_1redlinestimulus3.png'
28.1019 	DATA 	Keypress: 1
28.1020 	DATA 	Keypress: 3
28.1021 	DATA 	Keypress: 2
28.1119 	EXP 	Stim_2: image = 'TMTstop-control_1_1redlinestimulus3.png'
28.1157 	EXP 	New trial (rep=0, index=6): {'NumberLetter': 7, 'corrAns': ['2'], 'Correct': 2, 'StimFile': 'TMTstop-control_1_1linestimulus4.png', 'Correct_StimFile': 'TMTstop-control_1_1greenlinestimulus4.png', 'False_StimFile': 'TMTstop-control_1_1redlinestimulus4.png', 'Version': 'TMT_Control', 'Paper': 1, 'TrialNumber_Version': 7, 'Round': None, 'Block': 1}
28.1620 	EXP 	Stim_2: autoDraw = False
28.1620 	EXP 	Stim_2: image = 'TMTstop-control_1_1greenlinestimulus4.png'
28.1620 	EXP 	Stim_2: autoDraw = True
28.1668 	DATA 	Keypress: 1
28.2507 	DATA 	Keypress: 3
28.2508 	DATA 	Keypress: 2
28.2619 	EXP 	Stim_2: image = 'TMTstop-control_1_1redlinestimulus4.png'
28.2664 	EXP 	New trial (rep=0, index=7): {'NumberLetter': 8, 'corrAns': ['1'], 'Correct': 1, 'StimFile': 'TMTstop-control_1_1linestimulus4.png', 'Correct_StimFile': 'TMTstop-control_1_1greenlinestimulus5.png', 'False_StimFile': 'TMTstop-control_1_1redlinestimulus5.png', 'Version': 'TMT_Control', 'Paper': 1, 'TrialNumber_Version': 8, 'Round': None, 'Block': 1}
28.3108 	EXP 	Stim_2: autoDraw = False
28.3108 	EXP 	Stim_2: image = 'TMTstop-control_1_1greenlinestimulus5.png'
28.3108 	EXP 	Stim_2: autoDraw = True
28.3314 	EXP 	New trial (rep=0, index=8): {'NumberLetter': 9, 'corrAns': ['3'], 'Correct': 3, 'StimFile': 'TMTstop-control_1_1linestimulus6.png', 'Correct_StimFile': 'TMTstop-control_1_1greenlinestimulus6.png', 'False_StimFile': 'TMTstop-control_1_1redlinestimulus6.png', 'Version': 'TMT_Control', 'Paper': 1, 'TrialNumber_Version': 9, 'Round': None, 'Block': 1}
28.3666 	DATA 	Keypress: 1
28.3667 	DATA 	Keypress: 3
28.3668 	DATA 	Keypress: 2
28.3820 	EXP 	Stim_2: autoDraw = False
28.3820 	EXP 	Stim_2: image = 'TMTstop-control_1_1greenlinestimulus6.png'
28.3820 	EXP 	Stim_2: autoDraw = True
28.4235 	DATA 	Keypress: 1
28.4402 	DATA 	Keypress: 3
28.4733 	EXP 	New trial (rep=0, index=9): {'NumberLetter': 10, 'corrAns': ['2'], 'Correct': 2, 'StimFile': 'TMTstop-control_1_1linestimulus7.png', 'Correct_StimFile': 'TMTstop-control_1_1greenlinestimulus7.png', 'False_StimFile': 'TMTstop-control_1_1redlinestimulus7.png', 'Version': 'TMT_Control', 'Paper': 1, 'TrialNumber_Version': 10, 'Round': None, 'Block': 1}
28.5186 	EXP 	Stim_2: autoDraw = False
28.5186 	EXP 	Stim_2: image = 'TMTstop-control_1_1greenlinestimulus7.png'
28.5186 	EXP 	Stim_2: autoDraw = True
28.5226 	EXP 	New trial (rep=0, index=10): {'NumberLetter': 11, 'corrAns': ['1'], 'Correct': 1, 'StimFile': 'TMTstop-control_1_1linestimulus8.png', 'Correct_StimFile': 'TMTstop-control_1_1greenlinestimulus8.png', 'False_StimFile': 'TMTstop-control_1_1redlinestimulus8.png', 'Version': 'TMT_Control', 'Paper': 1, 'TrialNumber_Version': 11, 'Round': None, 'Block': 1}
28.5607 	DATA 	Keypress: 2
28.5687 	EXP 	Stim_2: autoDraw = False
28.5687 	EXP 	Stim_2: image = 'TMTstop-control_1_1greenlinestimulus8.png'
28.5687 	EXP 	Stim_2: autoDraw = True
28.5895 	EXP 	New trial (rep=0, index=11): {'NumberLetter': 12, 'corrAns': ['2'], 'Correct': 2, 'StimFile': 'TMTstop-control_1_1linestimulus9.png', 'Correct_StimFile': 'TMTstop-control_1_1greenlinestimulus9.png', 'False_StimFile': 'TMTstop-control_1_1redlinestimulus9.png', 'Version': 'TMT_Control', 'Paper': 1, 'TrialNumber_Version': 12, 'Round': None, 'Block': 1}
28.6249 	DATA 	Keypress: 1
28.6393 	EXP 	Stim_2: autoDraw = False
28.6393 	EXP 	Stim_2: image = 'TMTstop-control_1_1greenlinestimulus9.png'
28.6393 	EXP 	Stim_2: autoDraw = True
28.6437 	DATA 	Keypress: 3
28.6438 	DATA 	Keypress: 2
28.6969 	DATA 	Keypress: 1
73.6885 	EXP 	Stim_2: autoDraw = False
73.6885 	EXP 	polygon_3: autoDraw = True
76.1414 	EXP 	polygon_3: autoDraw = False
76.1414 	EXP 	polygon: autoDraw = True
79.1341 	EXP 	Imported TMTstop-A_1_conditions.xlsx as conditions, 3 conditions, 2 params
79.1344 	EXP 	Created sequence: sequential, trialTypes=3, nReps=1, seed=None
79.1346 	EXP 	New trial (rep=0, index=0): {'Block_file': 'TMTstop-A_1_1.xlsx', 'Condition_rows': '0:26'}
79.1888 	EXP 	Imported TMTstop-A_1_merged.xlsx as conditions, 26 conditions, 11 params
79.1891 	EXP 	Created sequence: sequential, trialTypes=26, nReps=1, seed=None
79.1894 	EXP 	New trial (rep=0, index=0): {'NumberLetter': 1, 'corrAns': ['1'], 'Correct': 1, 'StimFile': 'TMTstop-A_1_1.png', 'Correct_StimFile': 'TMTstop-A_1_1.png', 'False_StimFile': 'TMTstop-A_1_1.png', 'Version': 'TMT_A', 'Paper': 1, 'TrialNumber_Version': 1, 'Round': 1, 'Block': 2}
79.3095 	EXP 	polygon: autoDraw = False
79.3095 	EXP 	polygon: autoDraw = False
79.3095 	EXP 	Stim: image = 'TMTstop-A_1_1.png'
79.3095 	EXP 	Stim: autoDraw = True
80.7877 	DATA 	Keypress: esc
81.4272 	EXP 	window1: mouseVisible = True
