1.9629 	WARNING 	We strongly recommend you activate the PTB sound engine in PsychoPy prefs as the preferred audio engine. Its timing is vastly superior. Your prefs are currently set to use ['pyo'] (in that order).
7.6321 	EXP 	Created window1 = Window(allowGUI=False, allowStencil=False, autoLog=True, backendConf=UNKNOWN, bitsMode=UNKNOWN, blendMode='avg', bpc=(8, 8, 8), color=array([0, 0, 0]), colorSpace='rgb', depthBits=8, fullscr=<method-wrapper '__getattribute__' of attributeSetter object at 0x00000269EFB37470>, gamma=None, gammaErrorPolicy='raise', lms=UNKNOWN, monitor=<psychopy.monitors.calibTools.Monitor object at 0x00000269EFBCC748>, multiSample=False, name='window1', numSamples=2, pos=None, screen=0, size=array([3440, 1440]), stencilBits=0, stereo=False, units='height', useFBO=True, useRetina=False, viewOri=0.0, viewPos=None, viewScale=None, waitBlanking=True, winType='glfw')
7.6338 	EXP 	window1: mouseVisible = True
7.6338 	EXP 	window1: recordFrameIntervals = False
7.7987 	EXP 	window1: recordFrameIntervals = True
7.9823 	EXP 	window1: recordFrameIntervals = False
8.7422 	EXP 	Created image_2 = ImageStim(__class__=<class 'psychopy.visual.image.ImageStim'>, autoLog=True, color=array([1., 1., 1.]), colorSpace='rgb', contrast=1.0, depth=0.0, flipHoriz=False, flipVert=False, image='Instruktioner TMTstopA_first.png', interpolate=True, mask=None, maskParams=None, name='image_2', opacity=1, ori=0.0, pos=array([0., 0.]), size=array([1.28, 0.72]), texRes=128.0, units='height', win=Window(...))
8.7450 	EXP 	Created polygon_2 = ShapeStim(__class__=<class 'psychopy.visual.shape.ShapeStim'>, autoDraw=False, autoLog=True, closeShape=True, color=method-wrapper(...), colorSpace='rgb', contrast=None, depth=-1.0, fillColor=array([-1, -1, -1]), fillColorSpace='rgb', fillRGB=array([-1, -1, -1]), interpolate=True, lineColor=array([0., 0., 0.]), lineColorSpace='rgb', lineRGB=array([0, 0, 0]), lineWidth=0.1, name='polygon_2', opacity=0.5, ori=0.0, pos=array([0., 0.]), size=array([0.1, 0.1]), units='height', vertices=ndarray(...), win=Window(...), windingRule=None)
8.7490 	EXP 	Created Stim = ImageStim(__class__=<class 'psychopy.visual.image.ImageStim'>, autoLog=True, color=array([1., 1., 1.]), colorSpace='rgb', contrast=1.0, depth=0.0, flipHoriz=False, flipVert=False, image='sin', interpolate=True, mask=None, maskParams=None, name='Stim', opacity=1, ori=0.0, pos=array([0., 0.]), size=array([1.777, 1.   ]), texRes=128.0, units='height', win=Window(...))
8.7509 	EXP 	Created polygon_3 = ShapeStim(__class__=<class 'psychopy.visual.shape.ShapeStim'>, autoDraw=False, autoLog=True, closeShape=True, color=method-wrapper(...), colorSpace='rgb', contrast=None, depth=0.0, fillColor=array([-1, -1, -1]), fillColorSpace='rgb', fillRGB=array([-1, -1, -1]), interpolate=True, lineColor=array([0., 0., 0.]), lineColorSpace='rgb', lineRGB=array([0, 0, 0]), lineWidth=0.1, name='polygon_3', opacity=0.5, ori=0.0, pos=array([0., 0.]), size=array([0.1, 0.1]), units='height', vertices=ndarray(...), win=Window(...), windingRule=None)
8.7529 	EXP 	Created polygon = ShapeStim(__class__=<class 'psychopy.visual.shape.ShapeStim'>, autoDraw=False, autoLog=True, closeShape=True, color=method-wrapper(...), colorSpace='rgb', contrast=None, depth=0.0, fillColor=array([-1, -1, -1]), fillColorSpace='rgb', fillRGB=array([-1, -1, -1]), interpolate=True, lineColor=array([1., 1., 1.]), lineColorSpace='rgb', lineRGB=array([1, 1, 1]), lineWidth=0.1, name='polygon', opacity=1, ori=0.0, pos=array([0., 0.]), size=array([0.1, 0.1]), units='height', vertices=ndarray(...), win=Window(...), windingRule=None)
8.7565 	EXP 	Created Stim = ImageStim(__class__=<class 'psychopy.visual.image.ImageStim'>, autoLog=True, color=array([1., 1., 1.]), colorSpace='rgb', contrast=1.0, depth=0.0, flipHoriz=False, flipVert=False, image='sin', interpolate=True, mask=None, maskParams=None, name='Stim', opacity=1, ori=0.0, pos=array([0., 0.]), size=array([1.777, 1.   ]), texRes=128.0, units='height', win=Window(...))
8.7589 	EXP 	Created polygon_4 = ShapeStim(__class__=<class 'psychopy.visual.shape.ShapeStim'>, autoDraw=False, autoLog=True, closeShape=True, color=method-wrapper(...), colorSpace='rgb', contrast=None, depth=0.0, fillColor=array([-1, -1, -1]), fillColorSpace='rgb', fillRGB=array([-1, -1, -1]), interpolate=True, lineColor=array([1., 1., 1.]), lineColorSpace='rgb', lineRGB=array([1, 1, 1]), lineWidth=0.1, name='polygon_4', opacity=1, ori=0.0, pos=array([0., 0.]), size=array([0.1, 0.1]), units='height', vertices=ndarray(...), win=Window(...), windingRule=None)
8.7610 	EXP 	Created polygon = ShapeStim(__class__=<class 'psychopy.visual.shape.ShapeStim'>, autoDraw=False, autoLog=True, closeShape=True, color=method-wrapper(...), colorSpace='rgb', contrast=None, depth=0.0, fillColor=array([-1, -1, -1]), fillColorSpace='rgb', fillRGB=array([-1, -1, -1]), interpolate=True, lineColor=array([1., 1., 1.]), lineColorSpace='rgb', lineRGB=array([1, 1, 1]), lineWidth=0.1, name='polygon', opacity=1, ori=0.0, pos=array([0., 0.]), size=array([0.1, 0.1]), units='height', vertices=ndarray(...), win=Window(...), windingRule=None)
8.7651 	EXP 	Created Stim = ImageStim(__class__=<class 'psychopy.visual.image.ImageStim'>, autoLog=True, color=array([1., 1., 1.]), colorSpace='rgb', contrast=1.0, depth=0.0, flipHoriz=False, flipVert=False, image='sin', interpolate=True, mask=None, maskParams=None, name='Stim', opacity=1, ori=0.0, pos=array([0., 0.]), size=array([1.777, 1.   ]), texRes=128.0, units='height', win=Window(...))
8.7671 	EXP 	Created polygon_3 = ShapeStim(__class__=<class 'psychopy.visual.shape.ShapeStim'>, autoDraw=False, autoLog=True, closeShape=True, color=method-wrapper(...), colorSpace='rgb', contrast=None, depth=0.0, fillColor=array([-1, -1, -1]), fillColorSpace='rgb', fillRGB=array([-1, -1, -1]), interpolate=True, lineColor=array([0., 0., 0.]), lineColorSpace='rgb', lineRGB=array([0, 0, 0]), lineWidth=0.1, name='polygon_3', opacity=0.5, ori=0.0, pos=array([0., 0.]), size=array([0.1, 0.1]), units='height', vertices=ndarray(...), win=Window(...), windingRule=None)
8.9129 	EXP 	Created Info2 = TextStim(__class__=<class 'psychopy.visual.text.TextStim'>, alignHoriz=method-wrapper(...), alignText='center', alignVert=method-wrapper(...), anchorHoriz='center', anchorVert='center', antialias=True, autoLog=True, bold=False, color=array([-1., -1., -1.]), colorSpace='rgb', contrast=1.0, depth=0.0, flipHoriz=False, flipVert=False, font='Open Sans', fontFiles=[], height=0.1, italic=False, languageStyle='LTR', name='Info2', opacity=1, ori=0.0, pos=array([0., 0.]), rgb=UNKNOWN, text=str(...), units='height', win=Window(...), wrapWidth=1)
8.9168 	EXP 	Created Stim = ImageStim(__class__=<class 'psychopy.visual.image.ImageStim'>, autoLog=True, color=array([1., 1., 1.]), colorSpace='rgb', contrast=1.0, depth=0.0, flipHoriz=False, flipVert=False, image='sin', interpolate=True, mask=None, maskParams=None, name='Stim', opacity=1, ori=0.0, pos=array([0., 0.]), size=array([1.777, 1.   ]), texRes=128.0, units='height', win=Window(...))
8.9190 	EXP 	Created polygon_4 = ShapeStim(__class__=<class 'psychopy.visual.shape.ShapeStim'>, autoDraw=False, autoLog=True, closeShape=True, color=method-wrapper(...), colorSpace='rgb', contrast=None, depth=0.0, fillColor=array([-1, -1, -1]), fillColorSpace='rgb', fillRGB=array([-1, -1, -1]), interpolate=True, lineColor=array([1., 1., 1.]), lineColorSpace='rgb', lineRGB=array([1, 1, 1]), lineWidth=0.1, name='polygon_4', opacity=1, ori=0.0, pos=array([0., 0.]), size=array([0.1, 0.1]), units='height', vertices=ndarray(...), win=Window(...), windingRule=None)
8.9274 	EXP 	Created text_2 = TextStim(__class__=<class 'psychopy.visual.text.TextStim'>, alignHoriz=method-wrapper(...), alignText='center', alignVert=method-wrapper(...), anchorHoriz='center', anchorVert='center', antialias=True, autoLog=True, bold=False, color=array([1., 1., 1.]), colorSpace='rgb', contrast=1.0, depth=0.0, flipHoriz=False, flipVert=False, font='Open Sans', fontFiles=[], height=0.1, italic=False, languageStyle='LTR', name='text_2', opacity=1, ori=0.0, pos=array([0., 0.]), rgb=UNKNOWN, text='Numerisk ordning.\n\n(1-2-3-4...)', units='height', win=Window(...), wrapWidth=1)
8.9309 	EXP 	Created Stim_2 = ImageStim(__class__=<class 'psychopy.visual.image.ImageStim'>, autoLog=True, color=array([1., 1., 1.]), colorSpace='rgb', contrast=1.0, depth=0.0, flipHoriz=False, flipVert=False, image='sin', interpolate=True, mask=None, maskParams=None, name='Stim_2', opacity=1, ori=0.0, pos=array([0., 0.]), size=array([1.777, 1.   ]), texRes=128.0, units='height', win=Window(...))
8.9333 	EXP 	Created polygon_3 = ShapeStim(__class__=<class 'psychopy.visual.shape.ShapeStim'>, autoDraw=False, autoLog=True, closeShape=True, color=method-wrapper(...), colorSpace='rgb', contrast=None, depth=0.0, fillColor=array([-1, -1, -1]), fillColorSpace='rgb', fillRGB=array([-1, -1, -1]), interpolate=True, lineColor=array([0., 0., 0.]), lineColorSpace='rgb', lineRGB=array([0, 0, 0]), lineWidth=0.1, name='polygon_3', opacity=0.5, ori=0.0, pos=array([0., 0.]), size=array([0.1, 0.1]), units='height', vertices=ndarray(...), win=Window(...), windingRule=None)
8.9353 	EXP 	Created polygon = ShapeStim(__class__=<class 'psychopy.visual.shape.ShapeStim'>, autoDraw=False, autoLog=True, closeShape=True, color=method-wrapper(...), colorSpace='rgb', contrast=None, depth=0.0, fillColor=array([-1, -1, -1]), fillColorSpace='rgb', fillRGB=array([-1, -1, -1]), interpolate=True, lineColor=array([1., 1., 1.]), lineColorSpace='rgb', lineRGB=array([1, 1, 1]), lineWidth=0.1, name='polygon', opacity=1, ori=0.0, pos=array([0., 0.]), size=array([0.1, 0.1]), units='height', vertices=ndarray(...), win=Window(...), windingRule=None)
8.9392 	EXP 	Created Stim = ImageStim(__class__=<class 'psychopy.visual.image.ImageStim'>, autoLog=True, color=array([1., 1., 1.]), colorSpace='rgb', contrast=1.0, depth=0.0, flipHoriz=False, flipVert=False, image='sin', interpolate=True, mask=None, maskParams=None, name='Stim', opacity=1, ori=0.0, pos=array([0., 0.]), size=array([1.777, 1.   ]), texRes=128.0, units='height', win=Window(...))
8.9412 	EXP 	Created polygon_4 = ShapeStim(__class__=<class 'psychopy.visual.shape.ShapeStim'>, autoDraw=False, autoLog=True, closeShape=True, color=method-wrapper(...), colorSpace='rgb', contrast=None, depth=0.0, fillColor=array([-1, -1, -1]), fillColorSpace='rgb', fillRGB=array([-1, -1, -1]), interpolate=True, lineColor=array([1., 1., 1.]), lineColorSpace='rgb', lineRGB=array([1, 1, 1]), lineWidth=0.1, name='polygon_4', opacity=1, ori=0.0, pos=array([0., 0.]), size=array([0.1, 0.1]), units='height', vertices=ndarray(...), win=Window(...), windingRule=None)
8.9431 	EXP 	Created polygon = ShapeStim(__class__=<class 'psychopy.visual.shape.ShapeStim'>, autoDraw=False, autoLog=True, closeShape=True, color=method-wrapper(...), colorSpace='rgb', contrast=None, depth=0.0, fillColor=array([-1, -1, -1]), fillColorSpace='rgb', fillRGB=array([-1, -1, -1]), interpolate=True, lineColor=array([1., 1., 1.]), lineColorSpace='rgb', lineRGB=array([1, 1, 1]), lineWidth=0.1, name='polygon', opacity=1, ori=0.0, pos=array([0., 0.]), size=array([0.1, 0.1]), units='height', vertices=ndarray(...), win=Window(...), windingRule=None)
8.9477 	EXP 	Created Stim_2 = ImageStim(__class__=<class 'psychopy.visual.image.ImageStim'>, autoLog=True, color=array([1., 1., 1.]), colorSpace='rgb', contrast=1.0, depth=0.0, flipHoriz=False, flipVert=False, image='sin', interpolate=True, mask=None, maskParams=None, name='Stim_2', opacity=1, ori=0.0, pos=array([0., 0.]), size=array([1.777, 1.   ]), texRes=128.0, units='height', win=Window(...))
8.9499 	EXP 	Created polygon_3 = ShapeStim(__class__=<class 'psychopy.visual.shape.ShapeStim'>, autoDraw=False, autoLog=True, closeShape=True, color=method-wrapper(...), colorSpace='rgb', contrast=None, depth=0.0, fillColor=array([-1, -1, -1]), fillColorSpace='rgb', fillRGB=array([-1, -1, -1]), interpolate=True, lineColor=array([0., 0., 0.]), lineColorSpace='rgb', lineRGB=array([0, 0, 0]), lineWidth=0.1, name='polygon_3', opacity=0.5, ori=0.0, pos=array([0., 0.]), size=array([0.1, 0.1]), units='height', vertices=ndarray(...), win=Window(...), windingRule=None)
8.9585 	EXP 	Created Info2 = TextStim(__class__=<class 'psychopy.visual.text.TextStim'>, alignHoriz=method-wrapper(...), alignText='center', alignVert=method-wrapper(...), anchorHoriz='center', anchorVert='center', antialias=True, autoLog=True, bold=False, color=array([-1., -1., -1.]), colorSpace='rgb', contrast=1.0, depth=0.0, flipHoriz=False, flipVert=False, font='Open Sans', fontFiles=[], height=0.1, italic=False, languageStyle='LTR', name='Info2', opacity=1, ori=0.0, pos=array([0., 0.]), rgb=UNKNOWN, text=str(...), units='height', win=Window(...), wrapWidth=1)
8.9632 	EXP 	Created Stim = ImageStim(__class__=<class 'psychopy.visual.image.ImageStim'>, autoLog=True, color=array([1., 1., 1.]), colorSpace='rgb', contrast=1.0, depth=0.0, flipHoriz=False, flipVert=False, image='sin', interpolate=True, mask=None, maskParams=None, name='Stim', opacity=1, ori=0.0, pos=array([0., 0.]), size=array([1.777, 1.   ]), texRes=128.0, units='height', win=Window(...))
8.9655 	EXP 	Created polygon_4 = ShapeStim(__class__=<class 'psychopy.visual.shape.ShapeStim'>, autoDraw=False, autoLog=True, closeShape=True, color=method-wrapper(...), colorSpace='rgb', contrast=None, depth=0.0, fillColor=array([-1, -1, -1]), fillColorSpace='rgb', fillRGB=array([-1, -1, -1]), interpolate=True, lineColor=array([1., 1., 1.]), lineColorSpace='rgb', lineRGB=array([1, 1, 1]), lineWidth=0.1, name='polygon_4', opacity=1, ori=0.0, pos=array([0., 0.]), size=array([0.1, 0.1]), units='height', vertices=ndarray(...), win=Window(...), windingRule=None)
8.9809 	EXP 	Created text = TextStim(__class__=<class 'psychopy.visual.text.TextStim'>, alignHoriz=method-wrapper(...), alignText='center', alignVert=method-wrapper(...), anchorHoriz='center', anchorVert='center', antialias=True, autoLog=True, bold=False, color=array([1., 1., 1.]), colorSpace='rgb', contrast=1.0, depth=0.0, flipHoriz=False, flipVert=False, font='Open Sans', fontFiles=[], height=0.04, italic=False, languageStyle='LTR', name='text', opacity=1, ori=0.0, pos=array([0., 0.]), rgb=UNKNOWN, text=str(...), units='height', win=Window(...), wrapWidth=1)
9.1161 	EXP 	image_2: autoDraw = True
10.9035 	DATA 	Keypress: 1
10.9136 	EXP 	image_2: autoDraw = False
10.9136 	EXP 	polygon_2: autoDraw = True
11.0187 	DATA 	Keypress: 1
11.9697 	DATA 	Keypress: s
25.4920 	EXP 	Imported TMT_conditions.xlsx as conditions, 2 conditions, 2 params
25.4923 	EXP 	Created sequence: sequential, trialTypes=2, nReps=1, seed=None
25.4925 	EXP 	New trial (rep=0, index=0): {'Block_paper': 'C1', 'Condition_rows': '0:26'}
25.6930 	EXP 	Imported TMT_trials.xlsx as conditions, 26 conditions, 11 params
25.6935 	EXP 	Created sequence: sequential, trialTypes=26, nReps=1, seed=None
25.6938 	EXP 	New trial (rep=0, index=0): {'NumberLetter': 1, 'corrAns': ['2'], 'Correct': 2, 'StimFile': 'TMTstop-control_1_1.png', 'Correct_StimFile': 'TMTstop-control_1_1.png', 'False_StimFile': 'TMTstop-control_1_1.png', 'Version': 'TMT_Control', 'Paper': 'C1', 'TrialNumber_Version': 1, 'Round': 1, 'Block': 1}
25.6942 	WARNING 	Requested image 'TMTstop-control_1_1.png' not found but similar filename 'TMTstop-control_1_1.jpg' exists. This will be used instead but changing the filename is advised.
25.7888 	DATA 	Keypress: s
25.7956 	EXP 	polygon_2: autoDraw = False
25.7956 	EXP 	Stim: image = 'TMTstop-control_1_1.png'
25.7956 	EXP 	Stim: autoDraw = True
32.8888 	WARNING 	Requested image 'TMTstop-control_1_1.png' not found but similar filename 'TMTstop-control_1_1.jpg' exists. This will be used instead but changing the filename is advised.
32.9131 	DATA 	Keypress: 1
32.9400 	EXP 	Stim: image = 'TMTstop-control_1_1.png'
32.9416 	WARNING 	Requested image 'TMTstop-control_1_1.png' not found but similar filename 'TMTstop-control_1_1.jpg' exists. This will be used instead but changing the filename is advised.
32.9906 	EXP 	Stim: image = 'TMTstop-control_1_1.png'
32.9927 	WARNING 	Requested image 'TMTstop-control_1_1.png' not found but similar filename 'TMTstop-control_1_1.jpg' exists. This will be used instead but changing the filename is advised.
33.0403 	EXP 	Stim: image = 'TMTstop-control_1_1.png'
33.0455 	EXP 	New trial (rep=0, index=1): {'NumberLetter': 2, 'corrAns': ['1'], 'Correct': 1, 'StimFile': 'TMTstop-control_1_1.png', 'Correct_StimFile': 'TMTstop-control_1_1firstgreen.png', 'False_StimFile': 'TMTstop-control_1_1firstred.png', 'Version': 'TMT_Control', 'Paper': 'C1', 'TrialNumber_Version': 2, 'Round': None, 'Block': 1}
33.0827 	DATA 	Keypress: 2
33.0973 	EXP 	Stim: autoDraw = False
33.0973 	EXP 	Stim: image = 'TMTstop-control_1_1firstgreen.png'
33.0973 	EXP 	Stim: autoDraw = True
33.1018 	DATA 	Keypress: 1
33.2350 	DATA 	Keypress: 2
33.3808 	DATA 	Keypress: 3
33.4055 	EXP 	Stim: image = 'TMTstop-control_1_1firstred.png'
33.4554 	EXP 	Stim: image = 'TMTstop-control_1_1firstred.png'
33.5124 	EXP 	Stim: image = 'TMTstop-control_1_1firstred.png'
33.5500 	DATA 	Keypress: 3
33.5691 	EXP 	Stim: image = 'TMTstop-control_1_1firstred.png'
33.6190 	EXP 	Stim: image = 'TMTstop-control_1_1firstred.png'
33.6691 	EXP 	Stim: image = 'TMTstop-control_1_1firstred.png'
33.7191 	EXP 	Stim: image = 'TMTstop-control_1_1firstred.png'
33.7691 	EXP 	Stim: image = 'TMTstop-control_1_1firstred.png'
33.8207 	EXP 	Stim: image = 'TMTstop-control_1_1firstred.png'
33.8692 	EXP 	Stim: image = 'TMTstop-control_1_1firstred.png'
33.9194 	EXP 	Stim: image = 'TMTstop-control_1_1firstred.png'
33.9693 	EXP 	Stim: image = 'TMTstop-control_1_1firstred.png'
34.0192 	EXP 	Stim: image = 'TMTstop-control_1_1firstred.png'
34.0694 	EXP 	Stim: image = 'TMTstop-control_1_1firstred.png'
34.1195 	EXP 	Stim: image = 'TMTstop-control_1_1firstred.png'
34.1695 	EXP 	Stim: image = 'TMTstop-control_1_1firstred.png'
34.2196 	EXP 	Stim: image = 'TMTstop-control_1_1firstred.png'
34.2728 	EXP 	Stim: image = 'TMTstop-control_1_1firstred.png'
34.3253 	EXP 	Stim: image = 'TMTstop-control_1_1firstred.png'
34.3786 	EXP 	Stim: image = 'TMTstop-control_1_1firstred.png'
34.4300 	EXP 	Stim: image = 'TMTstop-control_1_1firstred.png'
34.4815 	EXP 	Stim: image = 'TMTstop-control_1_1firstred.png'
34.5327 	EXP 	Stim: image = 'TMTstop-control_1_1firstred.png'
34.5840 	EXP 	Stim: image = 'TMTstop-control_1_1firstred.png'
34.6345 	EXP 	Stim: image = 'TMTstop-control_1_1firstred.png'
34.6860 	EXP 	Stim: image = 'TMTstop-control_1_1firstred.png'
34.7379 	EXP 	Stim: image = 'TMTstop-control_1_1firstred.png'
34.7896 	EXP 	Stim: image = 'TMTstop-control_1_1firstred.png'
34.8403 	EXP 	Stim: image = 'TMTstop-control_1_1firstred.png'
34.8920 	EXP 	Stim: image = 'TMTstop-control_1_1firstred.png'
34.9425 	EXP 	Stim: image = 'TMTstop-control_1_1firstred.png'
34.9940 	EXP 	Stim: image = 'TMTstop-control_1_1firstred.png'
35.0439 	EXP 	Stim: image = 'TMTstop-control_1_1firstred.png'
35.0974 	EXP 	Stim: image = 'TMTstop-control_1_1firstred.png'
35.1510 	EXP 	Stim: image = 'TMTstop-control_1_1firstred.png'
35.2048 	EXP 	Stim: image = 'TMTstop-control_1_1firstred.png'
35.2559 	EXP 	Stim: image = 'TMTstop-control_1_1firstred.png'
35.3069 	EXP 	Stim: image = 'TMTstop-control_1_1firstred.png'
35.3580 	EXP 	Stim: image = 'TMTstop-control_1_1firstred.png'
35.4124 	EXP 	Stim: image = 'TMTstop-control_1_1firstred.png'
35.4654 	EXP 	Stim: image = 'TMTstop-control_1_1firstred.png'
35.5180 	EXP 	Stim: image = 'TMTstop-control_1_1firstred.png'
35.5692 	EXP 	Stim: image = 'TMTstop-control_1_1firstred.png'
35.6220 	EXP 	Stim: image = 'TMTstop-control_1_1firstred.png'
35.6733 	EXP 	Stim: image = 'TMTstop-control_1_1firstred.png'
35.7247 	EXP 	Stim: image = 'TMTstop-control_1_1firstred.png'
35.7760 	EXP 	Stim: image = 'TMTstop-control_1_1firstred.png'
35.8273 	EXP 	Stim: image = 'TMTstop-control_1_1firstred.png'
35.8786 	EXP 	Stim: image = 'TMTstop-control_1_1firstred.png'
35.9300 	EXP 	Stim: image = 'TMTstop-control_1_1firstred.png'
35.9807 	EXP 	Stim: image = 'TMTstop-control_1_1firstred.png'
36.0318 	EXP 	Stim: image = 'TMTstop-control_1_1firstred.png'
36.0828 	EXP 	Stim: image = 'TMTstop-control_1_1firstred.png'
36.1337 	EXP 	Stim: image = 'TMTstop-control_1_1firstred.png'
36.1843 	EXP 	Stim: image = 'TMTstop-control_1_1firstred.png'
36.2359 	EXP 	Stim: image = 'TMTstop-control_1_1firstred.png'
36.2865 	EXP 	Stim: image = 'TMTstop-control_1_1firstred.png'
36.3381 	EXP 	Stim: image = 'TMTstop-control_1_1firstred.png'
36.3886 	EXP 	Stim: image = 'TMTstop-control_1_1firstred.png'
36.4397 	EXP 	Stim: image = 'TMTstop-control_1_1firstred.png'
36.4902 	EXP 	Stim: image = 'TMTstop-control_1_1firstred.png'
36.5420 	EXP 	Stim: image = 'TMTstop-control_1_1firstred.png'
36.5920 	EXP 	Stim: image = 'TMTstop-control_1_1firstred.png'
36.6432 	EXP 	Stim: image = 'TMTstop-control_1_1firstred.png'
36.6941 	EXP 	Stim: image = 'TMTstop-control_1_1firstred.png'
36.7451 	EXP 	Stim: image = 'TMTstop-control_1_1firstred.png'
36.7961 	EXP 	Stim: image = 'TMTstop-control_1_1firstred.png'
36.8469 	EXP 	Stim: image = 'TMTstop-control_1_1firstred.png'
36.8977 	EXP 	Stim: image = 'TMTstop-control_1_1firstred.png'
36.9483 	EXP 	Stim: image = 'TMTstop-control_1_1firstred.png'
36.9990 	EXP 	Stim: image = 'TMTstop-control_1_1firstred.png'
37.0497 	EXP 	Stim: image = 'TMTstop-control_1_1firstred.png'
37.1004 	EXP 	Stim: image = 'TMTstop-control_1_1firstred.png'
37.1514 	EXP 	Stim: image = 'TMTstop-control_1_1firstred.png'
37.2017 	EXP 	Stim: image = 'TMTstop-control_1_1firstred.png'
37.2525 	EXP 	Stim: image = 'TMTstop-control_1_1firstred.png'
37.3024 	EXP 	Stim: image = 'TMTstop-control_1_1firstred.png'
37.3534 	EXP 	Stim: image = 'TMTstop-control_1_1firstred.png'
37.4041 	EXP 	Stim: image = 'TMTstop-control_1_1firstred.png'
37.4548 	EXP 	Stim: image = 'TMTstop-control_1_1firstred.png'
37.5069 	EXP 	Stim: image = 'TMTstop-control_1_1firstred.png'
37.5579 	EXP 	Stim: image = 'TMTstop-control_1_1firstred.png'
37.6084 	EXP 	Stim: image = 'TMTstop-control_1_1firstred.png'
37.6594 	EXP 	Stim: image = 'TMTstop-control_1_1firstred.png'
37.7117 	EXP 	Stim: image = 'TMTstop-control_1_1firstred.png'
37.7625 	EXP 	Stim: image = 'TMTstop-control_1_1firstred.png'
37.8139 	EXP 	Stim: image = 'TMTstop-control_1_1firstred.png'
37.8653 	EXP 	Stim: image = 'TMTstop-control_1_1firstred.png'
37.9163 	EXP 	Stim: image = 'TMTstop-control_1_1firstred.png'
37.9679 	EXP 	Stim: image = 'TMTstop-control_1_1firstred.png'
38.0190 	EXP 	Stim: image = 'TMTstop-control_1_1firstred.png'
38.0700 	EXP 	Stim: image = 'TMTstop-control_1_1firstred.png'
38.1205 	EXP 	Stim: image = 'TMTstop-control_1_1firstred.png'
38.1725 	EXP 	Stim: image = 'TMTstop-control_1_1firstred.png'
38.2242 	EXP 	Stim: image = 'TMTstop-control_1_1firstred.png'
38.2758 	EXP 	Stim: image = 'TMTstop-control_1_1firstred.png'
38.3268 	EXP 	Stim: image = 'TMTstop-control_1_1firstred.png'
38.3780 	EXP 	Stim: image = 'TMTstop-control_1_1firstred.png'
38.4293 	EXP 	Stim: image = 'TMTstop-control_1_1firstred.png'
38.4802 	EXP 	Stim: image = 'TMTstop-control_1_1firstred.png'
38.5323 	EXP 	Stim: image = 'TMTstop-control_1_1firstred.png'
38.5823 	EXP 	Stim: image = 'TMTstop-control_1_1firstred.png'
38.6333 	EXP 	Stim: image = 'TMTstop-control_1_1firstred.png'
38.6839 	EXP 	Stim: image = 'TMTstop-control_1_1firstred.png'
38.7353 	EXP 	Stim: image = 'TMTstop-control_1_1firstred.png'
38.7864 	EXP 	Stim: image = 'TMTstop-control_1_1firstred.png'
38.8370 	EXP 	Stim: image = 'TMTstop-control_1_1firstred.png'
38.8879 	EXP 	Stim: image = 'TMTstop-control_1_1firstred.png'
38.9380 	EXP 	Stim: image = 'TMTstop-control_1_1firstred.png'
38.9890 	EXP 	Stim: image = 'TMTstop-control_1_1firstred.png'
39.0417 	EXP 	Stim: image = 'TMTstop-control_1_1firstred.png'
39.0935 	EXP 	Stim: image = 'TMTstop-control_1_1firstred.png'
39.1447 	EXP 	Stim: image = 'TMTstop-control_1_1firstred.png'
39.1966 	EXP 	Stim: image = 'TMTstop-control_1_1firstred.png'
39.2478 	EXP 	Stim: image = 'TMTstop-control_1_1firstred.png'
39.2990 	EXP 	Stim: image = 'TMTstop-control_1_1firstred.png'
39.3503 	EXP 	Stim: image = 'TMTstop-control_1_1firstred.png'
39.4015 	EXP 	Stim: image = 'TMTstop-control_1_1firstred.png'
39.4524 	EXP 	Stim: image = 'TMTstop-control_1_1firstred.png'
39.5033 	EXP 	Stim: image = 'TMTstop-control_1_1firstred.png'
39.5543 	EXP 	Stim: image = 'TMTstop-control_1_1firstred.png'
39.6051 	EXP 	Stim: image = 'TMTstop-control_1_1firstred.png'
39.6564 	EXP 	Stim: image = 'TMTstop-control_1_1firstred.png'
39.7070 	EXP 	Stim: image = 'TMTstop-control_1_1firstred.png'
39.7577 	EXP 	Stim: image = 'TMTstop-control_1_1firstred.png'
39.8088 	EXP 	Stim: image = 'TMTstop-control_1_1firstred.png'
39.8597 	EXP 	Stim: image = 'TMTstop-control_1_1firstred.png'
39.9101 	EXP 	Stim: image = 'TMTstop-control_1_1firstred.png'
39.9608 	EXP 	Stim: image = 'TMTstop-control_1_1firstred.png'
40.0112 	EXP 	Stim: image = 'TMTstop-control_1_1firstred.png'
40.0618 	EXP 	Stim: image = 'TMTstop-control_1_1firstred.png'
40.1125 	EXP 	Stim: image = 'TMTstop-control_1_1firstred.png'
40.1635 	EXP 	Stim: image = 'TMTstop-control_1_1firstred.png'
40.2142 	EXP 	Stim: image = 'TMTstop-control_1_1firstred.png'
40.2648 	EXP 	Stim: image = 'TMTstop-control_1_1firstred.png'
40.3160 	EXP 	Stim: image = 'TMTstop-control_1_1firstred.png'
40.3667 	EXP 	Stim: image = 'TMTstop-control_1_1firstred.png'
40.4175 	EXP 	Stim: image = 'TMTstop-control_1_1firstred.png'
40.4678 	EXP 	Stim: image = 'TMTstop-control_1_1firstred.png'
40.5189 	EXP 	Stim: image = 'TMTstop-control_1_1firstred.png'
40.5693 	EXP 	Stim: image = 'TMTstop-control_1_1firstred.png'
40.6203 	EXP 	Stim: image = 'TMTstop-control_1_1firstred.png'
40.6711 	EXP 	Stim: image = 'TMTstop-control_1_1firstred.png'
40.7221 	EXP 	Stim: image = 'TMTstop-control_1_1firstred.png'
40.7731 	EXP 	Stim: image = 'TMTstop-control_1_1firstred.png'
40.8237 	EXP 	Stim: image = 'TMTstop-control_1_1firstred.png'
40.8744 	EXP 	Stim: image = 'TMTstop-control_1_1firstred.png'
40.9250 	EXP 	Stim: image = 'TMTstop-control_1_1firstred.png'
40.9759 	EXP 	Stim: image = 'TMTstop-control_1_1firstred.png'
41.0263 	EXP 	Stim: image = 'TMTstop-control_1_1firstred.png'
41.0778 	EXP 	Stim: image = 'TMTstop-control_1_1firstred.png'
41.1281 	EXP 	Stim: image = 'TMTstop-control_1_1firstred.png'
41.1785 	EXP 	Stim: image = 'TMTstop-control_1_1firstred.png'
41.2292 	EXP 	Stim: image = 'TMTstop-control_1_1firstred.png'
41.2797 	EXP 	Stim: image = 'TMTstop-control_1_1firstred.png'
41.3299 	EXP 	Stim: image = 'TMTstop-control_1_1firstred.png'
41.3811 	EXP 	Stim: image = 'TMTstop-control_1_1firstred.png'
41.4314 	EXP 	Stim: image = 'TMTstop-control_1_1firstred.png'
41.4821 	EXP 	Stim: image = 'TMTstop-control_1_1firstred.png'
41.5331 	EXP 	Stim: image = 'TMTstop-control_1_1firstred.png'
41.5835 	EXP 	Stim: image = 'TMTstop-control_1_1firstred.png'
41.6339 	EXP 	Stim: image = 'TMTstop-control_1_1firstred.png'
41.6846 	EXP 	Stim: image = 'TMTstop-control_1_1firstred.png'
41.7350 	EXP 	Stim: image = 'TMTstop-control_1_1firstred.png'
41.7855 	EXP 	Stim: image = 'TMTstop-control_1_1firstred.png'
41.8357 	EXP 	Stim: image = 'TMTstop-control_1_1firstred.png'
41.8865 	EXP 	Stim: image = 'TMTstop-control_1_1firstred.png'
41.9369 	EXP 	Stim: image = 'TMTstop-control_1_1firstred.png'
41.9876 	EXP 	Stim: image = 'TMTstop-control_1_1firstred.png'
42.0380 	EXP 	Stim: image = 'TMTstop-control_1_1firstred.png'
42.0884 	EXP 	Stim: image = 'TMTstop-control_1_1firstred.png'
42.1385 	EXP 	Stim: image = 'TMTstop-control_1_1firstred.png'
42.1896 	EXP 	Stim: image = 'TMTstop-control_1_1firstred.png'
42.2397 	EXP 	Stim: image = 'TMTstop-control_1_1firstred.png'
42.2905 	EXP 	Stim: image = 'TMTstop-control_1_1firstred.png'
42.3406 	EXP 	Stim: image = 'TMTstop-control_1_1firstred.png'
42.3913 	EXP 	Stim: image = 'TMTstop-control_1_1firstred.png'
42.4418 	EXP 	Stim: image = 'TMTstop-control_1_1firstred.png'
42.4924 	EXP 	Stim: image = 'TMTstop-control_1_1firstred.png'
42.5430 	EXP 	Stim: image = 'TMTstop-control_1_1firstred.png'
42.5940 	EXP 	Stim: image = 'TMTstop-control_1_1firstred.png'
42.6443 	EXP 	Stim: image = 'TMTstop-control_1_1firstred.png'
42.6950 	EXP 	Stim: image = 'TMTstop-control_1_1firstred.png'
42.7459 	EXP 	Stim: image = 'TMTstop-control_1_1firstred.png'
42.7965 	EXP 	Stim: image = 'TMTstop-control_1_1firstred.png'
42.8479 	EXP 	Stim: image = 'TMTstop-control_1_1firstred.png'
42.8982 	EXP 	Stim: image = 'TMTstop-control_1_1firstred.png'
42.9487 	EXP 	Stim: image = 'TMTstop-control_1_1firstred.png'
42.9995 	EXP 	Stim: image = 'TMTstop-control_1_1firstred.png'
43.0497 	EXP 	Stim: image = 'TMTstop-control_1_1firstred.png'
43.1003 	EXP 	Stim: image = 'TMTstop-control_1_1firstred.png'
43.1509 	EXP 	Stim: image = 'TMTstop-control_1_1firstred.png'
43.2017 	EXP 	Stim: image = 'TMTstop-control_1_1firstred.png'
43.2522 	EXP 	Stim: image = 'TMTstop-control_1_1firstred.png'
43.3028 	EXP 	Stim: image = 'TMTstop-control_1_1firstred.png'
43.3534 	EXP 	Stim: image = 'TMTstop-control_1_1firstred.png'
43.4038 	EXP 	Stim: image = 'TMTstop-control_1_1firstred.png'
43.4551 	EXP 	Stim: image = 'TMTstop-control_1_1firstred.png'
43.5052 	EXP 	Stim: image = 'TMTstop-control_1_1firstred.png'
43.5560 	EXP 	Stim: image = 'TMTstop-control_1_1firstred.png'
43.6069 	EXP 	Stim: image = 'TMTstop-control_1_1firstred.png'
43.6574 	EXP 	Stim: image = 'TMTstop-control_1_1firstred.png'
43.7075 	EXP 	Stim: image = 'TMTstop-control_1_1firstred.png'
43.7582 	EXP 	Stim: image = 'TMTstop-control_1_1firstred.png'
43.8085 	EXP 	Stim: image = 'TMTstop-control_1_1firstred.png'
43.8593 	EXP 	Stim: image = 'TMTstop-control_1_1firstred.png'
43.9097 	EXP 	Stim: image = 'TMTstop-control_1_1firstred.png'
43.9603 	EXP 	Stim: image = 'TMTstop-control_1_1firstred.png'
44.0107 	EXP 	Stim: image = 'TMTstop-control_1_1firstred.png'
44.0614 	EXP 	Stim: image = 'TMTstop-control_1_1firstred.png'
44.1118 	EXP 	Stim: image = 'TMTstop-control_1_1firstred.png'
44.1621 	EXP 	Stim: image = 'TMTstop-control_1_1firstred.png'
44.2126 	EXP 	Stim: image = 'TMTstop-control_1_1firstred.png'
44.2636 	EXP 	Stim: image = 'TMTstop-control_1_1firstred.png'
44.3138 	EXP 	Stim: image = 'TMTstop-control_1_1firstred.png'
44.3648 	EXP 	Stim: image = 'TMTstop-control_1_1firstred.png'
44.4149 	EXP 	Stim: image = 'TMTstop-control_1_1firstred.png'
44.4656 	EXP 	Stim: image = 'TMTstop-control_1_1firstred.png'
44.5160 	EXP 	Stim: image = 'TMTstop-control_1_1firstred.png'
44.5673 	EXP 	Stim: image = 'TMTstop-control_1_1firstred.png'
44.6184 	EXP 	Stim: image = 'TMTstop-control_1_1firstred.png'
44.6691 	EXP 	Stim: image = 'TMTstop-control_1_1firstred.png'
44.7195 	EXP 	Stim: image = 'TMTstop-control_1_1firstred.png'
44.7707 	EXP 	Stim: image = 'TMTstop-control_1_1firstred.png'
44.8214 	EXP 	Stim: image = 'TMTstop-control_1_1firstred.png'
44.8722 	EXP 	Stim: image = 'TMTstop-control_1_1firstred.png'
44.9228 	EXP 	Stim: image = 'TMTstop-control_1_1firstred.png'
44.9731 	EXP 	Stim: image = 'TMTstop-control_1_1firstred.png'
45.0232 	EXP 	Stim: image = 'TMTstop-control_1_1firstred.png'
45.0743 	EXP 	Stim: image = 'TMTstop-control_1_1firstred.png'
45.1245 	EXP 	Stim: image = 'TMTstop-control_1_1firstred.png'
45.1763 	EXP 	Stim: image = 'TMTstop-control_1_1firstred.png'
45.2264 	EXP 	Stim: image = 'TMTstop-control_1_1firstred.png'
45.2789 	EXP 	Stim: image = 'TMTstop-control_1_1firstred.png'
45.3303 	EXP 	Stim: image = 'TMTstop-control_1_1firstred.png'
45.3818 	EXP 	Stim: image = 'TMTstop-control_1_1firstred.png'
45.4317 	EXP 	Stim: image = 'TMTstop-control_1_1firstred.png'
45.4826 	EXP 	Stim: image = 'TMTstop-control_1_1firstred.png'
45.5328 	EXP 	Stim: image = 'TMTstop-control_1_1firstred.png'
45.5835 	EXP 	Stim: image = 'TMTstop-control_1_1firstred.png'
45.6341 	EXP 	Stim: image = 'TMTstop-control_1_1firstred.png'
45.6840 	EXP 	Stim: image = 'TMTstop-control_1_1firstred.png'
45.7345 	EXP 	Stim: image = 'TMTstop-control_1_1firstred.png'
45.7852 	EXP 	Stim: image = 'TMTstop-control_1_1firstred.png'
45.8357 	EXP 	Stim: image = 'TMTstop-control_1_1firstred.png'
45.8863 	EXP 	Stim: image = 'TMTstop-control_1_1firstred.png'
45.9369 	EXP 	Stim: image = 'TMTstop-control_1_1firstred.png'
45.9877 	EXP 	Stim: image = 'TMTstop-control_1_1firstred.png'
46.0375 	EXP 	Stim: image = 'TMTstop-control_1_1firstred.png'
46.0888 	EXP 	Stim: image = 'TMTstop-control_1_1firstred.png'
46.1389 	EXP 	Stim: image = 'TMTstop-control_1_1firstred.png'
46.1900 	EXP 	Stim: image = 'TMTstop-control_1_1firstred.png'
46.2402 	EXP 	Stim: image = 'TMTstop-control_1_1firstred.png'
46.2914 	EXP 	Stim: image = 'TMTstop-control_1_1firstred.png'
46.3419 	EXP 	Stim: image = 'TMTstop-control_1_1firstred.png'
46.3922 	EXP 	Stim: image = 'TMTstop-control_1_1firstred.png'
46.4424 	EXP 	Stim: image = 'TMTstop-control_1_1firstred.png'
46.4935 	EXP 	Stim: image = 'TMTstop-control_1_1firstred.png'
46.5440 	EXP 	Stim: image = 'TMTstop-control_1_1firstred.png'
46.5949 	EXP 	Stim: image = 'TMTstop-control_1_1firstred.png'
46.6457 	EXP 	Stim: image = 'TMTstop-control_1_1firstred.png'
46.6960 	EXP 	Stim: image = 'TMTstop-control_1_1firstred.png'
46.7470 	EXP 	Stim: image = 'TMTstop-control_1_1firstred.png'
46.7975 	EXP 	Stim: image = 'TMTstop-control_1_1firstred.png'
46.8483 	EXP 	Stim: image = 'TMTstop-control_1_1firstred.png'
46.8987 	EXP 	Stim: image = 'TMTstop-control_1_1firstred.png'
46.9493 	EXP 	Stim: image = 'TMTstop-control_1_1firstred.png'
46.9998 	EXP 	Stim: image = 'TMTstop-control_1_1firstred.png'
47.0520 	EXP 	Stim: image = 'TMTstop-control_1_1firstred.png'
47.1023 	EXP 	Stim: image = 'TMTstop-control_1_1firstred.png'
47.1533 	EXP 	Stim: image = 'TMTstop-control_1_1firstred.png'
47.2033 	EXP 	Stim: image = 'TMTstop-control_1_1firstred.png'
47.2545 	EXP 	Stim: image = 'TMTstop-control_1_1firstred.png'
47.3057 	EXP 	Stim: image = 'TMTstop-control_1_1firstred.png'
47.3556 	EXP 	Stim: image = 'TMTstop-control_1_1firstred.png'
47.4074 	EXP 	Stim: image = 'TMTstop-control_1_1firstred.png'
47.4573 	EXP 	Stim: image = 'TMTstop-control_1_1firstred.png'
47.5089 	EXP 	Stim: image = 'TMTstop-control_1_1firstred.png'
47.5593 	EXP 	Stim: image = 'TMTstop-control_1_1firstred.png'
47.6102 	EXP 	Stim: image = 'TMTstop-control_1_1firstred.png'
47.6609 	EXP 	Stim: image = 'TMTstop-control_1_1firstred.png'
47.7118 	EXP 	Stim: image = 'TMTstop-control_1_1firstred.png'
47.7623 	EXP 	Stim: image = 'TMTstop-control_1_1firstred.png'
47.8131 	EXP 	Stim: image = 'TMTstop-control_1_1firstred.png'
47.8639 	EXP 	Stim: image = 'TMTstop-control_1_1firstred.png'
47.9147 	EXP 	Stim: image = 'TMTstop-control_1_1firstred.png'
47.9652 	EXP 	Stim: image = 'TMTstop-control_1_1firstred.png'
48.0161 	EXP 	Stim: image = 'TMTstop-control_1_1firstred.png'
48.0668 	EXP 	Stim: image = 'TMTstop-control_1_1firstred.png'
48.1178 	EXP 	Stim: image = 'TMTstop-control_1_1firstred.png'
48.1679 	EXP 	Stim: image = 'TMTstop-control_1_1firstred.png'
48.2186 	EXP 	Stim: image = 'TMTstop-control_1_1firstred.png'
48.2690 	EXP 	Stim: image = 'TMTstop-control_1_1firstred.png'
48.3203 	EXP 	Stim: image = 'TMTstop-control_1_1firstred.png'
48.3715 	EXP 	Stim: image = 'TMTstop-control_1_1firstred.png'
48.4230 	EXP 	Stim: image = 'TMTstop-control_1_1firstred.png'
48.4732 	EXP 	Stim: image = 'TMTstop-control_1_1firstred.png'
48.5248 	EXP 	Stim: image = 'TMTstop-control_1_1firstred.png'
48.5752 	EXP 	Stim: image = 'TMTstop-control_1_1firstred.png'
48.6268 	EXP 	Stim: image = 'TMTstop-control_1_1firstred.png'
48.6772 	EXP 	Stim: image = 'TMTstop-control_1_1firstred.png'
48.7279 	EXP 	Stim: image = 'TMTstop-control_1_1firstred.png'
48.7787 	EXP 	Stim: image = 'TMTstop-control_1_1firstred.png'
48.8291 	EXP 	Stim: image = 'TMTstop-control_1_1firstred.png'
48.8799 	EXP 	Stim: image = 'TMTstop-control_1_1firstred.png'
48.9301 	EXP 	Stim: image = 'TMTstop-control_1_1firstred.png'
48.9807 	EXP 	Stim: image = 'TMTstop-control_1_1firstred.png'
49.0315 	EXP 	Stim: image = 'TMTstop-control_1_1firstred.png'
49.0823 	EXP 	Stim: image = 'TMTstop-control_1_1firstred.png'
49.1329 	EXP 	Stim: image = 'TMTstop-control_1_1firstred.png'
49.1835 	EXP 	Stim: image = 'TMTstop-control_1_1firstred.png'
49.2341 	EXP 	Stim: image = 'TMTstop-control_1_1firstred.png'
49.2848 	EXP 	Stim: image = 'TMTstop-control_1_1firstred.png'
49.3360 	EXP 	Stim: image = 'TMTstop-control_1_1firstred.png'
49.3863 	EXP 	Stim: image = 'TMTstop-control_1_1firstred.png'
49.4371 	EXP 	Stim: image = 'TMTstop-control_1_1firstred.png'
49.4875 	EXP 	Stim: image = 'TMTstop-control_1_1firstred.png'
49.5385 	EXP 	Stim: image = 'TMTstop-control_1_1firstred.png'
49.5889 	EXP 	Stim: image = 'TMTstop-control_1_1firstred.png'
49.6402 	EXP 	Stim: image = 'TMTstop-control_1_1firstred.png'
49.6906 	EXP 	Stim: image = 'TMTstop-control_1_1firstred.png'
49.7414 	EXP 	Stim: image = 'TMTstop-control_1_1firstred.png'
49.7920 	EXP 	Stim: image = 'TMTstop-control_1_1firstred.png'
49.8422 	EXP 	Stim: image = 'TMTstop-control_1_1firstred.png'
49.8932 	EXP 	Stim: image = 'TMTstop-control_1_1firstred.png'
49.9438 	EXP 	Stim: image = 'TMTstop-control_1_1firstred.png'
49.9942 	EXP 	Stim: image = 'TMTstop-control_1_1firstred.png'
50.0450 	EXP 	Stim: image = 'TMTstop-control_1_1firstred.png'
50.0956 	EXP 	Stim: image = 'TMTstop-control_1_1firstred.png'
50.1463 	EXP 	Stim: image = 'TMTstop-control_1_1firstred.png'
50.1967 	EXP 	Stim: image = 'TMTstop-control_1_1firstred.png'
50.2476 	EXP 	Stim: image = 'TMTstop-control_1_1firstred.png'
50.2979 	EXP 	Stim: image = 'TMTstop-control_1_1firstred.png'
50.3488 	EXP 	Stim: image = 'TMTstop-control_1_1firstred.png'
50.3993 	EXP 	Stim: image = 'TMTstop-control_1_1firstred.png'
50.4492 	EXP 	Stim: image = 'TMTstop-control_1_1firstred.png'
50.5034 	EXP 	Stim: image = 'TMTstop-control_1_1firstred.png'
50.5551 	EXP 	Stim: image = 'TMTstop-control_1_1firstred.png'
50.6065 	EXP 	Stim: image = 'TMTstop-control_1_1firstred.png'
50.6587 	EXP 	Stim: image = 'TMTstop-control_1_1firstred.png'
50.7095 	EXP 	Stim: image = 'TMTstop-control_1_1firstred.png'
50.7617 	EXP 	Stim: image = 'TMTstop-control_1_1firstred.png'
50.8137 	EXP 	Stim: image = 'TMTstop-control_1_1firstred.png'
50.8654 	EXP 	Stim: image = 'TMTstop-control_1_1firstred.png'
50.9171 	EXP 	Stim: image = 'TMTstop-control_1_1firstred.png'
50.9686 	EXP 	Stim: image = 'TMTstop-control_1_1firstred.png'
51.0198 	EXP 	Stim: image = 'TMTstop-control_1_1firstred.png'
51.0718 	EXP 	Stim: image = 'TMTstop-control_1_1firstred.png'
51.1223 	EXP 	Stim: image = 'TMTstop-control_1_1firstred.png'
51.1736 	EXP 	Stim: image = 'TMTstop-control_1_1firstred.png'
51.2240 	EXP 	Stim: image = 'TMTstop-control_1_1firstred.png'
51.2762 	EXP 	Stim: image = 'TMTstop-control_1_1firstred.png'
51.3276 	EXP 	Stim: image = 'TMTstop-control_1_1firstred.png'
51.3792 	EXP 	Stim: image = 'TMTstop-control_1_1firstred.png'
51.4303 	EXP 	Stim: image = 'TMTstop-control_1_1firstred.png'
51.4811 	EXP 	Stim: image = 'TMTstop-control_1_1firstred.png'
51.5324 	EXP 	Stim: image = 'TMTstop-control_1_1firstred.png'
51.5837 	EXP 	Stim: image = 'TMTstop-control_1_1firstred.png'
51.6345 	EXP 	Stim: image = 'TMTstop-control_1_1firstred.png'
51.6860 	EXP 	Stim: image = 'TMTstop-control_1_1firstred.png'
51.7400 	EXP 	Stim: image = 'TMTstop-control_1_1firstred.png'
51.7920 	EXP 	Stim: image = 'TMTstop-control_1_1firstred.png'
51.8442 	EXP 	Stim: image = 'TMTstop-control_1_1firstred.png'
51.8952 	EXP 	Stim: image = 'TMTstop-control_1_1firstred.png'
51.9476 	EXP 	Stim: image = 'TMTstop-control_1_1firstred.png'
51.9992 	EXP 	Stim: image = 'TMTstop-control_1_1firstred.png'
52.0503 	EXP 	Stim: image = 'TMTstop-control_1_1firstred.png'
52.1021 	EXP 	Stim: image = 'TMTstop-control_1_1firstred.png'
52.1530 	EXP 	Stim: image = 'TMTstop-control_1_1firstred.png'
52.2050 	EXP 	Stim: image = 'TMTstop-control_1_1firstred.png'
52.2556 	EXP 	Stim: image = 'TMTstop-control_1_1firstred.png'
52.3074 	EXP 	Stim: image = 'TMTstop-control_1_1firstred.png'
52.3577 	EXP 	Stim: image = 'TMTstop-control_1_1firstred.png'
52.4091 	EXP 	Stim: image = 'TMTstop-control_1_1firstred.png'
52.4596 	EXP 	Stim: image = 'TMTstop-control_1_1firstred.png'
52.5115 	EXP 	Stim: image = 'TMTstop-control_1_1firstred.png'
52.5618 	EXP 	Stim: image = 'TMTstop-control_1_1firstred.png'
52.6134 	EXP 	Stim: image = 'TMTstop-control_1_1firstred.png'
52.6641 	EXP 	Stim: image = 'TMTstop-control_1_1firstred.png'
52.7152 	EXP 	Stim: image = 'TMTstop-control_1_1firstred.png'
52.7669 	EXP 	Stim: image = 'TMTstop-control_1_1firstred.png'
52.8210 	EXP 	Stim: image = 'TMTstop-control_1_1firstred.png'
52.8724 	EXP 	Stim: image = 'TMTstop-control_1_1firstred.png'
52.9242 	EXP 	Stim: image = 'TMTstop-control_1_1firstred.png'
52.9753 	EXP 	Stim: image = 'TMTstop-control_1_1firstred.png'
53.0263 	EXP 	Stim: image = 'TMTstop-control_1_1firstred.png'
53.0779 	EXP 	Stim: image = 'TMTstop-control_1_1firstred.png'
53.1285 	EXP 	Stim: image = 'TMTstop-control_1_1firstred.png'
53.1804 	EXP 	Stim: image = 'TMTstop-control_1_1firstred.png'
53.2312 	EXP 	Stim: image = 'TMTstop-control_1_1firstred.png'
53.2823 	EXP 	Stim: image = 'TMTstop-control_1_1firstred.png'
53.3326 	EXP 	Stim: image = 'TMTstop-control_1_1firstred.png'
53.3845 	EXP 	Stim: image = 'TMTstop-control_1_1firstred.png'
53.4356 	EXP 	Stim: image = 'TMTstop-control_1_1firstred.png'
53.4863 	EXP 	Stim: image = 'TMTstop-control_1_1firstred.png'
53.5377 	EXP 	Stim: image = 'TMTstop-control_1_1firstred.png'
53.5886 	EXP 	Stim: image = 'TMTstop-control_1_1firstred.png'
53.6399 	EXP 	Stim: image = 'TMTstop-control_1_1firstred.png'
53.6911 	EXP 	Stim: image = 'TMTstop-control_1_1firstred.png'
53.7421 	EXP 	Stim: image = 'TMTstop-control_1_1firstred.png'
53.7938 	EXP 	Stim: image = 'TMTstop-control_1_1firstred.png'
53.8447 	EXP 	Stim: image = 'TMTstop-control_1_1firstred.png'
53.8959 	EXP 	Stim: image = 'TMTstop-control_1_1firstred.png'
53.9468 	EXP 	Stim: image = 'TMTstop-control_1_1firstred.png'
53.9979 	EXP 	Stim: image = 'TMTstop-control_1_1firstred.png'
54.0486 	EXP 	Stim: image = 'TMTstop-control_1_1firstred.png'
54.0993 	EXP 	Stim: image = 'TMTstop-control_1_1firstred.png'
54.1497 	EXP 	Stim: image = 'TMTstop-control_1_1firstred.png'
54.2008 	EXP 	Stim: image = 'TMTstop-control_1_1firstred.png'
54.2517 	EXP 	Stim: image = 'TMTstop-control_1_1firstred.png'
54.3026 	EXP 	Stim: image = 'TMTstop-control_1_1firstred.png'
54.3530 	EXP 	Stim: image = 'TMTstop-control_1_1firstred.png'
54.4037 	EXP 	Stim: image = 'TMTstop-control_1_1firstred.png'
54.4538 	EXP 	Stim: image = 'TMTstop-control_1_1firstred.png'
54.5046 	EXP 	Stim: image = 'TMTstop-control_1_1firstred.png'
54.5552 	EXP 	Stim: image = 'TMTstop-control_1_1firstred.png'
54.6071 	EXP 	Stim: image = 'TMTstop-control_1_1firstred.png'
54.6586 	EXP 	Stim: image = 'TMTstop-control_1_1firstred.png'
54.7092 	EXP 	Stim: image = 'TMTstop-control_1_1firstred.png'
54.7603 	EXP 	Stim: image = 'TMTstop-control_1_1firstred.png'
54.8112 	EXP 	Stim: image = 'TMTstop-control_1_1firstred.png'
54.8618 	EXP 	Stim: image = 'TMTstop-control_1_1firstred.png'
54.9124 	EXP 	Stim: image = 'TMTstop-control_1_1firstred.png'
54.9635 	EXP 	Stim: image = 'TMTstop-control_1_1firstred.png'
55.0144 	EXP 	Stim: image = 'TMTstop-control_1_1firstred.png'
55.0653 	EXP 	Stim: image = 'TMTstop-control_1_1firstred.png'
55.1162 	EXP 	Stim: image = 'TMTstop-control_1_1firstred.png'
55.1669 	EXP 	Stim: image = 'TMTstop-control_1_1firstred.png'
55.2176 	EXP 	Stim: image = 'TMTstop-control_1_1firstred.png'
55.2679 	EXP 	Stim: image = 'TMTstop-control_1_1firstred.png'
55.3188 	EXP 	Stim: image = 'TMTstop-control_1_1firstred.png'
55.3694 	EXP 	Stim: image = 'TMTstop-control_1_1firstred.png'
55.4215 	EXP 	Stim: image = 'TMTstop-control_1_1firstred.png'
55.4726 	EXP 	Stim: image = 'TMTstop-control_1_1firstred.png'
55.5248 	EXP 	Stim: image = 'TMTstop-control_1_1firstred.png'
55.5752 	EXP 	Stim: image = 'TMTstop-control_1_1firstred.png'
55.6256 	EXP 	Stim: image = 'TMTstop-control_1_1firstred.png'
55.6758 	EXP 	Stim: image = 'TMTstop-control_1_1firstred.png'
55.7264 	EXP 	Stim: image = 'TMTstop-control_1_1firstred.png'
55.7775 	EXP 	Stim: image = 'TMTstop-control_1_1firstred.png'
55.8276 	EXP 	Stim: image = 'TMTstop-control_1_1firstred.png'
55.8781 	EXP 	Stim: image = 'TMTstop-control_1_1firstred.png'
55.9286 	EXP 	Stim: image = 'TMTstop-control_1_1firstred.png'
55.9786 	EXP 	Stim: image = 'TMTstop-control_1_1firstred.png'
56.0297 	EXP 	Stim: image = 'TMTstop-control_1_1firstred.png'
56.0797 	EXP 	Stim: image = 'TMTstop-control_1_1firstred.png'
56.1303 	EXP 	Stim: image = 'TMTstop-control_1_1firstred.png'
56.1809 	EXP 	Stim: image = 'TMTstop-control_1_1firstred.png'
56.2317 	EXP 	Stim: image = 'TMTstop-control_1_1firstred.png'
56.2822 	EXP 	Stim: image = 'TMTstop-control_1_1firstred.png'
56.3322 	EXP 	Stim: image = 'TMTstop-control_1_1firstred.png'
56.3830 	EXP 	Stim: image = 'TMTstop-control_1_1firstred.png'
56.4336 	EXP 	Stim: image = 'TMTstop-control_1_1firstred.png'
56.4836 	EXP 	Stim: image = 'TMTstop-control_1_1firstred.png'
56.5347 	EXP 	Stim: image = 'TMTstop-control_1_1firstred.png'
56.5853 	EXP 	Stim: image = 'TMTstop-control_1_1firstred.png'
56.6364 	EXP 	Stim: image = 'TMTstop-control_1_1firstred.png'
56.6871 	EXP 	Stim: image = 'TMTstop-control_1_1firstred.png'
56.7384 	EXP 	Stim: image = 'TMTstop-control_1_1firstred.png'
56.7905 	EXP 	Stim: image = 'TMTstop-control_1_1firstred.png'
56.8410 	EXP 	Stim: image = 'TMTstop-control_1_1firstred.png'
56.8920 	EXP 	Stim: image = 'TMTstop-control_1_1firstred.png'
56.9425 	EXP 	Stim: image = 'TMTstop-control_1_1firstred.png'
56.9936 	EXP 	Stim: image = 'TMTstop-control_1_1firstred.png'
57.0444 	EXP 	Stim: image = 'TMTstop-control_1_1firstred.png'
57.0957 	EXP 	Stim: image = 'TMTstop-control_1_1firstred.png'
57.1463 	EXP 	Stim: image = 'TMTstop-control_1_1firstred.png'
57.1972 	EXP 	Stim: image = 'TMTstop-control_1_1firstred.png'
57.2476 	EXP 	Stim: image = 'TMTstop-control_1_1firstred.png'
57.2983 	EXP 	Stim: image = 'TMTstop-control_1_1firstred.png'
57.3487 	EXP 	Stim: image = 'TMTstop-control_1_1firstred.png'
57.4016 	EXP 	Stim: image = 'TMTstop-control_1_1firstred.png'
57.4536 	EXP 	Stim: image = 'TMTstop-control_1_1firstred.png'
57.5051 	EXP 	Stim: image = 'TMTstop-control_1_1firstred.png'
57.5567 	EXP 	Stim: image = 'TMTstop-control_1_1firstred.png'
57.6085 	EXP 	Stim: image = 'TMTstop-control_1_1firstred.png'
57.6591 	EXP 	Stim: image = 'TMTstop-control_1_1firstred.png'
57.7106 	EXP 	Stim: image = 'TMTstop-control_1_1firstred.png'
57.7615 	EXP 	Stim: image = 'TMTstop-control_1_1firstred.png'
57.8128 	EXP 	Stim: image = 'TMTstop-control_1_1firstred.png'
57.8636 	EXP 	Stim: image = 'TMTstop-control_1_1firstred.png'
57.9147 	EXP 	Stim: image = 'TMTstop-control_1_1firstred.png'
57.9652 	EXP 	Stim: image = 'TMTstop-control_1_1firstred.png'
58.0164 	EXP 	Stim: image = 'TMTstop-control_1_1firstred.png'
58.0674 	EXP 	Stim: image = 'TMTstop-control_1_1firstred.png'
58.1181 	EXP 	Stim: image = 'TMTstop-control_1_1firstred.png'
58.1690 	EXP 	Stim: image = 'TMTstop-control_1_1firstred.png'
58.2195 	EXP 	Stim: image = 'TMTstop-control_1_1firstred.png'
58.2703 	EXP 	Stim: image = 'TMTstop-control_1_1firstred.png'
58.3212 	EXP 	Stim: image = 'TMTstop-control_1_1firstred.png'
58.3714 	EXP 	Stim: image = 'TMTstop-control_1_1firstred.png'
58.4230 	EXP 	Stim: image = 'TMTstop-control_1_1firstred.png'
58.4725 	EXP 	Stim: image = 'TMTstop-control_1_1firstred.png'
58.5243 	EXP 	Stim: image = 'TMTstop-control_1_1firstred.png'
58.5746 	EXP 	Stim: image = 'TMTstop-control_1_1firstred.png'
58.6260 	EXP 	Stim: image = 'TMTstop-control_1_1firstred.png'
58.6768 	EXP 	Stim: image = 'TMTstop-control_1_1firstred.png'
58.7275 	EXP 	Stim: image = 'TMTstop-control_1_1firstred.png'
58.7787 	EXP 	Stim: image = 'TMTstop-control_1_1firstred.png'
58.8301 	EXP 	Stim: image = 'TMTstop-control_1_1firstred.png'
58.8800 	EXP 	Stim: image = 'TMTstop-control_1_1firstred.png'
58.9313 	EXP 	Stim: image = 'TMTstop-control_1_1firstred.png'
58.9818 	EXP 	Stim: image = 'TMTstop-control_1_1firstred.png'
59.0338 	EXP 	Stim: image = 'TMTstop-control_1_1firstred.png'
59.0854 	EXP 	Stim: image = 'TMTstop-control_1_1firstred.png'
59.1359 	EXP 	Stim: image = 'TMTstop-control_1_1firstred.png'
59.1869 	EXP 	Stim: image = 'TMTstop-control_1_1firstred.png'
59.2377 	EXP 	Stim: image = 'TMTstop-control_1_1firstred.png'
59.2911 	EXP 	Stim: image = 'TMTstop-control_1_1firstred.png'
59.3421 	EXP 	Stim: image = 'TMTstop-control_1_1firstred.png'
59.3933 	EXP 	Stim: image = 'TMTstop-control_1_1firstred.png'
59.4440 	EXP 	Stim: image = 'TMTstop-control_1_1firstred.png'
59.4947 	EXP 	Stim: image = 'TMTstop-control_1_1firstred.png'
59.5460 	EXP 	Stim: image = 'TMTstop-control_1_1firstred.png'
59.5966 	EXP 	Stim: image = 'TMTstop-control_1_1firstred.png'
59.6482 	EXP 	Stim: image = 'TMTstop-control_1_1firstred.png'
59.6988 	EXP 	Stim: image = 'TMTstop-control_1_1firstred.png'
59.7499 	EXP 	Stim: image = 'TMTstop-control_1_1firstred.png'
59.8009 	EXP 	Stim: image = 'TMTstop-control_1_1firstred.png'
59.8525 	EXP 	Stim: image = 'TMTstop-control_1_1firstred.png'
59.9031 	EXP 	Stim: image = 'TMTstop-control_1_1firstred.png'
59.9535 	EXP 	Stim: image = 'TMTstop-control_1_1firstred.png'
60.0047 	EXP 	Stim: image = 'TMTstop-control_1_1firstred.png'
60.0555 	EXP 	Stim: image = 'TMTstop-control_1_1firstred.png'
60.1065 	EXP 	Stim: image = 'TMTstop-control_1_1firstred.png'
60.1574 	EXP 	Stim: image = 'TMTstop-control_1_1firstred.png'
60.2079 	EXP 	Stim: image = 'TMTstop-control_1_1firstred.png'
60.2586 	EXP 	Stim: image = 'TMTstop-control_1_1firstred.png'
60.3098 	EXP 	Stim: image = 'TMTstop-control_1_1firstred.png'
60.3603 	EXP 	Stim: image = 'TMTstop-control_1_1firstred.png'
60.4110 	EXP 	Stim: image = 'TMTstop-control_1_1firstred.png'
60.4614 	EXP 	Stim: image = 'TMTstop-control_1_1firstred.png'
60.5124 	EXP 	Stim: image = 'TMTstop-control_1_1firstred.png'
60.5628 	EXP 	Stim: image = 'TMTstop-control_1_1firstred.png'
60.6134 	EXP 	Stim: image = 'TMTstop-control_1_1firstred.png'
60.6645 	EXP 	Stim: image = 'TMTstop-control_1_1firstred.png'
60.7145 	EXP 	Stim: image = 'TMTstop-control_1_1firstred.png'
60.7663 	EXP 	Stim: image = 'TMTstop-control_1_1firstred.png'
60.8171 	EXP 	Stim: image = 'TMTstop-control_1_1firstred.png'
60.8681 	EXP 	Stim: image = 'TMTstop-control_1_1firstred.png'
60.9184 	EXP 	Stim: image = 'TMTstop-control_1_1firstred.png'
60.9692 	EXP 	Stim: image = 'TMTstop-control_1_1firstred.png'
61.0191 	EXP 	Stim: image = 'TMTstop-control_1_1firstred.png'
61.0702 	EXP 	Stim: image = 'TMTstop-control_1_1firstred.png'
61.1207 	EXP 	Stim: image = 'TMTstop-control_1_1firstred.png'
61.1709 	EXP 	Stim: image = 'TMTstop-control_1_1firstred.png'
61.2215 	EXP 	Stim: image = 'TMTstop-control_1_1firstred.png'
61.2720 	EXP 	Stim: image = 'TMTstop-control_1_1firstred.png'
61.3229 	EXP 	Stim: image = 'TMTstop-control_1_1firstred.png'
61.3733 	EXP 	Stim: image = 'TMTstop-control_1_1firstred.png'
61.4240 	EXP 	Stim: image = 'TMTstop-control_1_1firstred.png'
61.4735 	EXP 	Stim: image = 'TMTstop-control_1_1firstred.png'
61.5246 	EXP 	Stim: image = 'TMTstop-control_1_1firstred.png'
61.5748 	EXP 	Stim: image = 'TMTstop-control_1_1firstred.png'
61.6257 	EXP 	Stim: image = 'TMTstop-control_1_1firstred.png'
61.6761 	EXP 	Stim: image = 'TMTstop-control_1_1firstred.png'
61.7260 	EXP 	Stim: image = 'TMTstop-control_1_1firstred.png'
61.7771 	EXP 	Stim: image = 'TMTstop-control_1_1firstred.png'
61.8274 	EXP 	Stim: image = 'TMTstop-control_1_1firstred.png'
61.8783 	EXP 	Stim: image = 'TMTstop-control_1_1firstred.png'
61.9287 	EXP 	Stim: image = 'TMTstop-control_1_1firstred.png'
61.9794 	EXP 	Stim: image = 'TMTstop-control_1_1firstred.png'
62.0300 	EXP 	Stim: image = 'TMTstop-control_1_1firstred.png'
62.0806 	EXP 	Stim: image = 'TMTstop-control_1_1firstred.png'
62.1314 	EXP 	Stim: image = 'TMTstop-control_1_1firstred.png'
62.1819 	EXP 	Stim: image = 'TMTstop-control_1_1firstred.png'
62.2329 	EXP 	Stim: image = 'TMTstop-control_1_1firstred.png'
62.2833 	EXP 	Stim: image = 'TMTstop-control_1_1firstred.png'
62.3347 	EXP 	Stim: image = 'TMTstop-control_1_1firstred.png'
62.3847 	EXP 	Stim: image = 'TMTstop-control_1_1firstred.png'
62.4359 	EXP 	Stim: image = 'TMTstop-control_1_1firstred.png'
62.4866 	EXP 	Stim: image = 'TMTstop-control_1_1firstred.png'
62.5374 	EXP 	Stim: image = 'TMTstop-control_1_1firstred.png'
62.5882 	EXP 	Stim: image = 'TMTstop-control_1_1firstred.png'
62.6392 	EXP 	Stim: image = 'TMTstop-control_1_1firstred.png'
62.6900 	EXP 	Stim: image = 'TMTstop-control_1_1firstred.png'
62.7407 	EXP 	Stim: image = 'TMTstop-control_1_1firstred.png'
62.7923 	EXP 	Stim: image = 'TMTstop-control_1_1firstred.png'
62.8443 	EXP 	Stim: image = 'TMTstop-control_1_1firstred.png'
62.8950 	EXP 	Stim: image = 'TMTstop-control_1_1firstred.png'
62.9446 	EXP 	Stim: image = 'TMTstop-control_1_1firstred.png'
62.9956 	EXP 	Stim: image = 'TMTstop-control_1_1firstred.png'
63.0460 	EXP 	Stim: image = 'TMTstop-control_1_1firstred.png'
63.0965 	EXP 	Stim: image = 'TMTstop-control_1_1firstred.png'
63.1472 	EXP 	Stim: image = 'TMTstop-control_1_1firstred.png'
63.1976 	EXP 	Stim: image = 'TMTstop-control_1_1firstred.png'
63.2484 	EXP 	Stim: image = 'TMTstop-control_1_1firstred.png'
63.3000 	EXP 	Stim: image = 'TMTstop-control_1_1firstred.png'
63.3502 	EXP 	Stim: image = 'TMTstop-control_1_1firstred.png'
63.4009 	EXP 	Stim: image = 'TMTstop-control_1_1firstred.png'
63.4504 	EXP 	Stim: image = 'TMTstop-control_1_1firstred.png'
63.5015 	EXP 	Stim: image = 'TMTstop-control_1_1firstred.png'
63.5517 	EXP 	Stim: image = 'TMTstop-control_1_1firstred.png'
63.6029 	EXP 	Stim: image = 'TMTstop-control_1_1firstred.png'
63.6535 	EXP 	Stim: image = 'TMTstop-control_1_1firstred.png'
63.7045 	EXP 	Stim: image = 'TMTstop-control_1_1firstred.png'
63.7549 	EXP 	Stim: image = 'TMTstop-control_1_1firstred.png'
63.8058 	EXP 	Stim: image = 'TMTstop-control_1_1firstred.png'
63.8565 	EXP 	Stim: image = 'TMTstop-control_1_1firstred.png'
63.9069 	EXP 	Stim: image = 'TMTstop-control_1_1firstred.png'
63.9574 	EXP 	Stim: image = 'TMTstop-control_1_1firstred.png'
64.0081 	EXP 	Stim: image = 'TMTstop-control_1_1firstred.png'
64.0587 	EXP 	Stim: image = 'TMTstop-control_1_1firstred.png'
64.1096 	EXP 	Stim: image = 'TMTstop-control_1_1firstred.png'
64.1599 	EXP 	Stim: image = 'TMTstop-control_1_1firstred.png'
64.2112 	EXP 	Stim: image = 'TMTstop-control_1_1firstred.png'
64.2617 	EXP 	Stim: image = 'TMTstop-control_1_1firstred.png'
64.3125 	EXP 	Stim: image = 'TMTstop-control_1_1firstred.png'
64.3635 	EXP 	Stim: image = 'TMTstop-control_1_1firstred.png'
64.4137 	EXP 	Stim: image = 'TMTstop-control_1_1firstred.png'
64.4641 	EXP 	Stim: image = 'TMTstop-control_1_1firstred.png'
64.5144 	EXP 	Stim: image = 'TMTstop-control_1_1firstred.png'
64.5658 	EXP 	Stim: image = 'TMTstop-control_1_1firstred.png'
64.6163 	EXP 	Stim: image = 'TMTstop-control_1_1firstred.png'
64.6664 	EXP 	Stim: image = 'TMTstop-control_1_1firstred.png'
64.7185 	EXP 	Stim: image = 'TMTstop-control_1_1firstred.png'
64.7696 	EXP 	Stim: image = 'TMTstop-control_1_1firstred.png'
64.8207 	EXP 	Stim: image = 'TMTstop-control_1_1firstred.png'
64.8717 	EXP 	Stim: image = 'TMTstop-control_1_1firstred.png'
64.9218 	EXP 	Stim: image = 'TMTstop-control_1_1firstred.png'
64.9725 	EXP 	Stim: image = 'TMTstop-control_1_1firstred.png'
65.0232 	EXP 	Stim: image = 'TMTstop-control_1_1firstred.png'
65.0742 	EXP 	Stim: image = 'TMTstop-control_1_1firstred.png'
65.1244 	EXP 	Stim: image = 'TMTstop-control_1_1firstred.png'
65.1756 	EXP 	Stim: image = 'TMTstop-control_1_1firstred.png'
65.2263 	EXP 	Stim: image = 'TMTstop-control_1_1firstred.png'
65.2767 	EXP 	Stim: image = 'TMTstop-control_1_1firstred.png'
65.3277 	EXP 	Stim: image = 'TMTstop-control_1_1firstred.png'
65.3781 	EXP 	Stim: image = 'TMTstop-control_1_1firstred.png'
65.4288 	EXP 	Stim: image = 'TMTstop-control_1_1firstred.png'
65.4788 	EXP 	Stim: image = 'TMTstop-control_1_1firstred.png'
65.5294 	EXP 	Stim: image = 'TMTstop-control_1_1firstred.png'
65.5807 	EXP 	Stim: image = 'TMTstop-control_1_1firstred.png'
65.6325 	EXP 	Stim: image = 'TMTstop-control_1_1firstred.png'
65.6834 	EXP 	Stim: image = 'TMTstop-control_1_1firstred.png'
65.7359 	EXP 	Stim: image = 'TMTstop-control_1_1firstred.png'
65.7872 	EXP 	Stim: image = 'TMTstop-control_1_1firstred.png'
65.8389 	EXP 	Stim: image = 'TMTstop-control_1_1firstred.png'
65.8901 	EXP 	Stim: image = 'TMTstop-control_1_1firstred.png'
65.9410 	EXP 	Stim: image = 'TMTstop-control_1_1firstred.png'
65.9921 	EXP 	Stim: image = 'TMTstop-control_1_1firstred.png'
66.0428 	EXP 	Stim: image = 'TMTstop-control_1_1firstred.png'
66.0933 	EXP 	Stim: image = 'TMTstop-control_1_1firstred.png'
66.1474 	EXP 	Stim: image = 'TMTstop-control_1_1firstred.png'
66.1990 	EXP 	Stim: image = 'TMTstop-control_1_1firstred.png'
66.2508 	EXP 	Stim: image = 'TMTstop-control_1_1firstred.png'
66.3016 	EXP 	Stim: image = 'TMTstop-control_1_1firstred.png'
66.3535 	EXP 	Stim: image = 'TMTstop-control_1_1firstred.png'
66.4056 	EXP 	Stim: image = 'TMTstop-control_1_1firstred.png'
66.4559 	EXP 	Stim: image = 'TMTstop-control_1_1firstred.png'
66.5073 	EXP 	Stim: image = 'TMTstop-control_1_1firstred.png'
66.5580 	EXP 	Stim: image = 'TMTstop-control_1_1firstred.png'
66.6089 	EXP 	Stim: image = 'TMTstop-control_1_1firstred.png'
66.6605 	EXP 	Stim: image = 'TMTstop-control_1_1firstred.png'
66.7115 	EXP 	Stim: image = 'TMTstop-control_1_1firstred.png'
66.7628 	EXP 	Stim: image = 'TMTstop-control_1_1firstred.png'
66.8170 	EXP 	Stim: image = 'TMTstop-control_1_1firstred.png'
66.8702 	EXP 	Stim: image = 'TMTstop-control_1_1firstred.png'
66.9225 	EXP 	Stim: image = 'TMTstop-control_1_1firstred.png'
66.9751 	EXP 	Stim: image = 'TMTstop-control_1_1firstred.png'
67.0262 	EXP 	Stim: image = 'TMTstop-control_1_1firstred.png'
67.0790 	EXP 	Stim: image = 'TMTstop-control_1_1firstred.png'
67.1302 	EXP 	Stim: image = 'TMTstop-control_1_1firstred.png'
67.1817 	EXP 	Stim: image = 'TMTstop-control_1_1firstred.png'
67.2340 	EXP 	Stim: image = 'TMTstop-control_1_1firstred.png'
67.2854 	EXP 	Stim: image = 'TMTstop-control_1_1firstred.png'
67.3368 	EXP 	Stim: image = 'TMTstop-control_1_1firstred.png'
67.3884 	EXP 	Stim: image = 'TMTstop-control_1_1firstred.png'
67.4393 	EXP 	Stim: image = 'TMTstop-control_1_1firstred.png'
67.4917 	EXP 	Stim: image = 'TMTstop-control_1_1firstred.png'
67.5427 	EXP 	Stim: image = 'TMTstop-control_1_1firstred.png'
67.5944 	EXP 	Stim: image = 'TMTstop-control_1_1firstred.png'
67.6459 	EXP 	Stim: image = 'TMTstop-control_1_1firstred.png'
67.6967 	EXP 	Stim: image = 'TMTstop-control_1_1firstred.png'
67.7479 	EXP 	Stim: image = 'TMTstop-control_1_1firstred.png'
67.7996 	EXP 	Stim: image = 'TMTstop-control_1_1firstred.png'
67.8505 	EXP 	Stim: image = 'TMTstop-control_1_1firstred.png'
67.9018 	EXP 	Stim: image = 'TMTstop-control_1_1firstred.png'
67.9526 	EXP 	Stim: image = 'TMTstop-control_1_1firstred.png'
68.0045 	EXP 	Stim: image = 'TMTstop-control_1_1firstred.png'
68.0547 	EXP 	Stim: image = 'TMTstop-control_1_1firstred.png'
68.1058 	EXP 	Stim: image = 'TMTstop-control_1_1firstred.png'
68.1561 	EXP 	Stim: image = 'TMTstop-control_1_1firstred.png'
68.2071 	EXP 	Stim: image = 'TMTstop-control_1_1firstred.png'
68.2594 	EXP 	Stim: image = 'TMTstop-control_1_1firstred.png'
68.3117 	EXP 	Stim: image = 'TMTstop-control_1_1firstred.png'
68.3630 	EXP 	Stim: image = 'TMTstop-control_1_1firstred.png'
68.4143 	EXP 	Stim: image = 'TMTstop-control_1_1firstred.png'
68.4647 	EXP 	Stim: image = 'TMTstop-control_1_1firstred.png'
68.5162 	EXP 	Stim: image = 'TMTstop-control_1_1firstred.png'
68.5673 	EXP 	Stim: image = 'TMTstop-control_1_1firstred.png'
68.6194 	EXP 	Stim: image = 'TMTstop-control_1_1firstred.png'
68.6711 	EXP 	Stim: image = 'TMTstop-control_1_1firstred.png'
68.7224 	EXP 	Stim: image = 'TMTstop-control_1_1firstred.png'
68.7733 	EXP 	Stim: image = 'TMTstop-control_1_1firstred.png'
68.8246 	EXP 	Stim: image = 'TMTstop-control_1_1firstred.png'
68.8754 	EXP 	Stim: image = 'TMTstop-control_1_1firstred.png'
68.9270 	EXP 	Stim: image = 'TMTstop-control_1_1firstred.png'
68.9777 	EXP 	Stim: image = 'TMTstop-control_1_1firstred.png'
69.0288 	EXP 	Stim: image = 'TMTstop-control_1_1firstred.png'
69.0796 	EXP 	Stim: image = 'TMTstop-control_1_1firstred.png'
69.1310 	EXP 	Stim: image = 'TMTstop-control_1_1firstred.png'
69.1815 	EXP 	Stim: image = 'TMTstop-control_1_1firstred.png'
69.2329 	EXP 	Stim: image = 'TMTstop-control_1_1firstred.png'
69.2833 	EXP 	Stim: image = 'TMTstop-control_1_1firstred.png'
69.3351 	EXP 	Stim: image = 'TMTstop-control_1_1firstred.png'
69.3854 	EXP 	Stim: image = 'TMTstop-control_1_1firstred.png'
69.4361 	EXP 	Stim: image = 'TMTstop-control_1_1firstred.png'
69.4870 	EXP 	Stim: image = 'TMTstop-control_1_1firstred.png'
69.5376 	EXP 	Stim: image = 'TMTstop-control_1_1firstred.png'
69.5880 	EXP 	Stim: image = 'TMTstop-control_1_1firstred.png'
69.6388 	EXP 	Stim: image = 'TMTstop-control_1_1firstred.png'
69.6895 	EXP 	Stim: image = 'TMTstop-control_1_1firstred.png'
69.7403 	EXP 	Stim: image = 'TMTstop-control_1_1firstred.png'
69.7907 	EXP 	Stim: image = 'TMTstop-control_1_1firstred.png'
69.8415 	EXP 	Stim: image = 'TMTstop-control_1_1firstred.png'
69.8918 	EXP 	Stim: image = 'TMTstop-control_1_1firstred.png'
69.9430 	EXP 	Stim: image = 'TMTstop-control_1_1firstred.png'
69.9932 	EXP 	Stim: image = 'TMTstop-control_1_1firstred.png'
70.0440 	EXP 	Stim: image = 'TMTstop-control_1_1firstred.png'
70.0943 	EXP 	Stim: image = 'TMTstop-control_1_1firstred.png'
70.1448 	EXP 	Stim: image = 'TMTstop-control_1_1firstred.png'
70.1954 	EXP 	Stim: image = 'TMTstop-control_1_1firstred.png'
70.2455 	EXP 	Stim: image = 'TMTstop-control_1_1firstred.png'
70.2966 	EXP 	Stim: image = 'TMTstop-control_1_1firstred.png'
70.3467 	EXP 	Stim: image = 'TMTstop-control_1_1firstred.png'
70.3979 	EXP 	Stim: image = 'TMTstop-control_1_1firstred.png'
70.4483 	EXP 	Stim: image = 'TMTstop-control_1_1firstred.png'
70.4990 	EXP 	Stim: image = 'TMTstop-control_1_1firstred.png'
70.5497 	EXP 	Stim: image = 'TMTstop-control_1_1firstred.png'
70.6004 	EXP 	Stim: image = 'TMTstop-control_1_1firstred.png'
70.6518 	EXP 	Stim: image = 'TMTstop-control_1_1firstred.png'
70.7021 	EXP 	Stim: image = 'TMTstop-control_1_1firstred.png'
70.7534 	EXP 	Stim: image = 'TMTstop-control_1_1firstred.png'
70.8066 	EXP 	Stim: image = 'TMTstop-control_1_1firstred.png'
70.8581 	EXP 	Stim: image = 'TMTstop-control_1_1firstred.png'
70.9097 	EXP 	Stim: image = 'TMTstop-control_1_1firstred.png'
70.9615 	EXP 	Stim: image = 'TMTstop-control_1_1firstred.png'
71.0125 	EXP 	Stim: image = 'TMTstop-control_1_1firstred.png'
71.0648 	EXP 	Stim: image = 'TMTstop-control_1_1firstred.png'
71.1163 	EXP 	Stim: image = 'TMTstop-control_1_1firstred.png'
71.1676 	EXP 	Stim: image = 'TMTstop-control_1_1firstred.png'
71.2188 	EXP 	Stim: image = 'TMTstop-control_1_1firstred.png'
71.2700 	EXP 	Stim: image = 'TMTstop-control_1_1firstred.png'
71.3210 	EXP 	Stim: image = 'TMTstop-control_1_1firstred.png'
71.3722 	EXP 	Stim: image = 'TMTstop-control_1_1firstred.png'
71.4230 	EXP 	Stim: image = 'TMTstop-control_1_1firstred.png'
71.4738 	EXP 	Stim: image = 'TMTstop-control_1_1firstred.png'
71.5241 	EXP 	Stim: image = 'TMTstop-control_1_1firstred.png'
71.5751 	EXP 	Stim: image = 'TMTstop-control_1_1firstred.png'
71.6262 	EXP 	Stim: image = 'TMTstop-control_1_1firstred.png'
71.6775 	EXP 	Stim: image = 'TMTstop-control_1_1firstred.png'
71.7280 	EXP 	Stim: image = 'TMTstop-control_1_1firstred.png'
71.7794 	EXP 	Stim: image = 'TMTstop-control_1_1firstred.png'
71.8296 	EXP 	Stim: image = 'TMTstop-control_1_1firstred.png'
71.8814 	EXP 	Stim: image = 'TMTstop-control_1_1firstred.png'
71.9327 	EXP 	Stim: image = 'TMTstop-control_1_1firstred.png'
71.9838 	EXP 	Stim: image = 'TMTstop-control_1_1firstred.png'
72.0360 	EXP 	Stim: image = 'TMTstop-control_1_1firstred.png'
72.0871 	EXP 	Stim: image = 'TMTstop-control_1_1firstred.png'
72.1379 	EXP 	Stim: image = 'TMTstop-control_1_1firstred.png'
72.1891 	EXP 	Stim: image = 'TMTstop-control_1_1firstred.png'
72.2426 	EXP 	Stim: image = 'TMTstop-control_1_1firstred.png'
72.2943 	EXP 	Stim: image = 'TMTstop-control_1_1firstred.png'
72.3459 	EXP 	Stim: image = 'TMTstop-control_1_1firstred.png'
72.3977 	EXP 	Stim: image = 'TMTstop-control_1_1firstred.png'
72.4485 	EXP 	Stim: image = 'TMTstop-control_1_1firstred.png'
72.5006 	EXP 	Stim: image = 'TMTstop-control_1_1firstred.png'
72.5514 	EXP 	Stim: image = 'TMTstop-control_1_1firstred.png'
72.6034 	EXP 	Stim: image = 'TMTstop-control_1_1firstred.png'
72.6548 	EXP 	Stim: image = 'TMTstop-control_1_1firstred.png'
72.7059 	EXP 	Stim: image = 'TMTstop-control_1_1firstred.png'
72.7574 	EXP 	Stim: image = 'TMTstop-control_1_1firstred.png'
72.8088 	EXP 	Stim: image = 'TMTstop-control_1_1firstred.png'
72.8601 	EXP 	Stim: image = 'TMTstop-control_1_1firstred.png'
72.9128 	EXP 	Stim: image = 'TMTstop-control_1_1firstred.png'
72.9638 	EXP 	Stim: image = 'TMTstop-control_1_1firstred.png'
73.0157 	EXP 	Stim: image = 'TMTstop-control_1_1firstred.png'
73.0664 	EXP 	Stim: image = 'TMTstop-control_1_1firstred.png'
73.1180 	EXP 	Stim: image = 'TMTstop-control_1_1firstred.png'
73.1690 	EXP 	Stim: image = 'TMTstop-control_1_1firstred.png'
73.2206 	EXP 	Stim: image = 'TMTstop-control_1_1firstred.png'
73.2738 	EXP 	Stim: image = 'TMTstop-control_1_1firstred.png'
73.3267 	EXP 	Stim: image = 'TMTstop-control_1_1firstred.png'
73.3793 	EXP 	Stim: image = 'TMTstop-control_1_1firstred.png'
73.4317 	EXP 	Stim: image = 'TMTstop-control_1_1firstred.png'
73.4829 	EXP 	Stim: image = 'TMTstop-control_1_1firstred.png'
73.5355 	EXP 	Stim: image = 'TMTstop-control_1_1firstred.png'
73.5867 	EXP 	Stim: image = 'TMTstop-control_1_1firstred.png'
73.6390 	EXP 	Stim: image = 'TMTstop-control_1_1firstred.png'
73.6903 	EXP 	Stim: image = 'TMTstop-control_1_1firstred.png'
73.7414 	EXP 	Stim: image = 'TMTstop-control_1_1firstred.png'
73.7936 	EXP 	Stim: image = 'TMTstop-control_1_1firstred.png'
73.8444 	EXP 	Stim: image = 'TMTstop-control_1_1firstred.png'
73.8961 	EXP 	Stim: image = 'TMTstop-control_1_1firstred.png'
73.9469 	EXP 	Stim: image = 'TMTstop-control_1_1firstred.png'
73.9980 	EXP 	Stim: image = 'TMTstop-control_1_1firstred.png'
74.0494 	EXP 	Stim: image = 'TMTstop-control_1_1firstred.png'
74.1005 	EXP 	Stim: image = 'TMTstop-control_1_1firstred.png'
74.1512 	EXP 	Stim: image = 'TMTstop-control_1_1firstred.png'
74.2020 	EXP 	Stim: image = 'TMTstop-control_1_1firstred.png'
74.2535 	EXP 	Stim: image = 'TMTstop-control_1_1firstred.png'
74.3041 	EXP 	Stim: image = 'TMTstop-control_1_1firstred.png'
74.3552 	EXP 	Stim: image = 'TMTstop-control_1_1firstred.png'
74.4059 	EXP 	Stim: image = 'TMTstop-control_1_1firstred.png'
74.4568 	EXP 	Stim: image = 'TMTstop-control_1_1firstred.png'
74.5074 	EXP 	Stim: image = 'TMTstop-control_1_1firstred.png'
74.5587 	EXP 	Stim: image = 'TMTstop-control_1_1firstred.png'
74.6097 	EXP 	Stim: image = 'TMTstop-control_1_1firstred.png'
74.6601 	EXP 	Stim: image = 'TMTstop-control_1_1firstred.png'
74.7107 	EXP 	Stim: image = 'TMTstop-control_1_1firstred.png'
74.7627 	EXP 	Stim: image = 'TMTstop-control_1_1firstred.png'
74.8130 	EXP 	Stim: image = 'TMTstop-control_1_1firstred.png'
74.8638 	EXP 	Stim: image = 'TMTstop-control_1_1firstred.png'
74.9148 	EXP 	Stim: image = 'TMTstop-control_1_1firstred.png'
74.9652 	EXP 	Stim: image = 'TMTstop-control_1_1firstred.png'
75.0165 	EXP 	Stim: image = 'TMTstop-control_1_1firstred.png'
75.0678 	EXP 	Stim: image = 'TMTstop-control_1_1firstred.png'
75.1189 	EXP 	Stim: image = 'TMTstop-control_1_1firstred.png'
75.1695 	EXP 	Stim: image = 'TMTstop-control_1_1firstred.png'
75.2205 	EXP 	Stim: image = 'TMTstop-control_1_1firstred.png'
75.2714 	EXP 	Stim: image = 'TMTstop-control_1_1firstred.png'
75.3214 	EXP 	Stim: image = 'TMTstop-control_1_1firstred.png'
75.3721 	EXP 	Stim: image = 'TMTstop-control_1_1firstred.png'
75.4231 	EXP 	Stim: image = 'TMTstop-control_1_1firstred.png'
75.4732 	EXP 	Stim: image = 'TMTstop-control_1_1firstred.png'
75.5238 	EXP 	Stim: image = 'TMTstop-control_1_1firstred.png'
75.5740 	EXP 	Stim: image = 'TMTstop-control_1_1firstred.png'
75.6245 	EXP 	Stim: image = 'TMTstop-control_1_1firstred.png'
75.6756 	EXP 	Stim: image = 'TMTstop-control_1_1firstred.png'
75.7257 	EXP 	Stim: image = 'TMTstop-control_1_1firstred.png'
75.7796 	EXP 	Stim: image = 'TMTstop-control_1_1firstred.png'
75.8323 	EXP 	Stim: image = 'TMTstop-control_1_1firstred.png'
75.8823 	EXP 	Stim: image = 'TMTstop-control_1_1firstred.png'
75.9332 	EXP 	Stim: image = 'TMTstop-control_1_1firstred.png'
75.9842 	EXP 	Stim: image = 'TMTstop-control_1_1firstred.png'
76.0348 	EXP 	Stim: image = 'TMTstop-control_1_1firstred.png'
76.0858 	EXP 	Stim: image = 'TMTstop-control_1_1firstred.png'
76.1363 	EXP 	Stim: image = 'TMTstop-control_1_1firstred.png'
76.1870 	EXP 	Stim: image = 'TMTstop-control_1_1firstred.png'
76.2374 	EXP 	Stim: image = 'TMTstop-control_1_1firstred.png'
76.2882 	EXP 	Stim: image = 'TMTstop-control_1_1firstred.png'
76.3387 	EXP 	Stim: image = 'TMTstop-control_1_1firstred.png'
76.3895 	EXP 	Stim: image = 'TMTstop-control_1_1firstred.png'
76.4402 	EXP 	Stim: image = 'TMTstop-control_1_1firstred.png'
76.4903 	EXP 	Stim: image = 'TMTstop-control_1_1firstred.png'
76.5411 	EXP 	Stim: image = 'TMTstop-control_1_1firstred.png'
76.5915 	EXP 	Stim: image = 'TMTstop-control_1_1firstred.png'
76.6430 	EXP 	Stim: image = 'TMTstop-control_1_1firstred.png'
76.6934 	EXP 	Stim: image = 'TMTstop-control_1_1firstred.png'
76.7446 	EXP 	Stim: image = 'TMTstop-control_1_1firstred.png'
76.7955 	EXP 	Stim: image = 'TMTstop-control_1_1firstred.png'
76.8460 	EXP 	Stim: image = 'TMTstop-control_1_1firstred.png'
76.8966 	EXP 	Stim: image = 'TMTstop-control_1_1firstred.png'
76.9476 	EXP 	Stim: image = 'TMTstop-control_1_1firstred.png'
76.9974 	EXP 	Stim: image = 'TMTstop-control_1_1firstred.png'
77.0483 	EXP 	Stim: image = 'TMTstop-control_1_1firstred.png'
77.0992 	EXP 	Stim: image = 'TMTstop-control_1_1firstred.png'
77.1498 	EXP 	Stim: image = 'TMTstop-control_1_1firstred.png'
77.2003 	EXP 	Stim: image = 'TMTstop-control_1_1firstred.png'
77.2514 	EXP 	Stim: image = 'TMTstop-control_1_1firstred.png'
77.3016 	EXP 	Stim: image = 'TMTstop-control_1_1firstred.png'
77.3532 	EXP 	Stim: image = 'TMTstop-control_1_1firstred.png'
77.4046 	EXP 	Stim: image = 'TMTstop-control_1_1firstred.png'
77.4550 	EXP 	Stim: image = 'TMTstop-control_1_1firstred.png'
77.5059 	EXP 	Stim: image = 'TMTstop-control_1_1firstred.png'
77.5561 	EXP 	Stim: image = 'TMTstop-control_1_1firstred.png'
77.6075 	EXP 	Stim: image = 'TMTstop-control_1_1firstred.png'
77.6579 	EXP 	Stim: image = 'TMTstop-control_1_1firstred.png'
77.7087 	EXP 	Stim: image = 'TMTstop-control_1_1firstred.png'
77.7593 	EXP 	Stim: image = 'TMTstop-control_1_1firstred.png'
77.8103 	EXP 	Stim: image = 'TMTstop-control_1_1firstred.png'
77.8614 	EXP 	Stim: image = 'TMTstop-control_1_1firstred.png'
77.9123 	EXP 	Stim: image = 'TMTstop-control_1_1firstred.png'
77.9629 	EXP 	Stim: image = 'TMTstop-control_1_1firstred.png'
78.0175 	EXP 	Stim: image = 'TMTstop-control_1_1firstred.png'
78.0695 	EXP 	Stim: image = 'TMTstop-control_1_1firstred.png'
78.1213 	EXP 	Stim: image = 'TMTstop-control_1_1firstred.png'
78.1915 	EXP 	Stim: image = 'TMTstop-control_1_1firstred.png'
78.1915 	EXP 	Stim: autoDraw = False
78.1915 	EXP 	polygon_3: autoDraw = True
80.5992 	EXP 	polygon_3: autoDraw = False
80.5992 	EXP 	polygon: autoDraw = True
83.5922 	EXP 	Imported TMTstop-A_1_conditions.xlsx as conditions, 3 conditions, 2 params
83.5925 	EXP 	Created sequence: sequential, trialTypes=3, nReps=0, seed=None
83.6025 	EXP 	polygon: autoDraw = False
83.6025 	EXP 	polygon: autoDraw = False
83.6025 	EXP 	polygon: autoDraw = True
86.5959 	EXP 	Imported TMT_conditions.xlsx as conditions, 2 conditions, 2 params
86.5962 	EXP 	Created sequence: sequential, trialTypes=2, nReps=1, seed=None
86.5963 	EXP 	New trial (rep=0, index=0): {'Block_paper': 'C3', 'Condition_rows': '52:78'}
86.7693 	EXP 	Imported TMT_trials.xlsx as conditions, 26 conditions, 11 params
86.7698 	EXP 	Created sequence: sequential, trialTypes=26, nReps=1, seed=None
86.7701 	EXP 	New trial (rep=0, index=0): {'NumberLetter': 1, 'corrAns': ['2'], 'Correct': 2, 'StimFile': 'TMTstop-control_1_3.png', 'Correct_StimFile': 'TMTstop-control_1_3.png', 'False_StimFile': 'TMTstop-control_1_3.png', 'Version': 'TMT_Control', 'Paper': 'C3', 'TrialNumber_Version': 51, 'Round': 2, 'Block': 1}
86.7705 	WARNING 	Requested image 'TMTstop-control_1_3.png' not found but similar filename 'TMTstop-control_1_3.jpg' exists. This will be used instead but changing the filename is advised.
86.8119 	EXP 	polygon: autoDraw = False
86.8119 	EXP 	polygon: autoDraw = False
86.8119 	EXP 	Stim: image = 'TMTstop-control_1_3.png'
86.8119 	EXP 	Stim: autoDraw = True
90.8519 	WARNING 	Requested image 'TMTstop-control_1_3.png' not found but similar filename 'TMTstop-control_1_3.jpg' exists. This will be used instead but changing the filename is advised.
90.8725 	DATA 	Keypress: 1
90.8870 	EXP 	Stim: image = 'TMTstop-control_1_3.png'
90.8887 	WARNING 	Requested image 'TMTstop-control_1_3.png' not found but similar filename 'TMTstop-control_1_3.jpg' exists. This will be used instead but changing the filename is advised.
90.9370 	EXP 	Stim: image = 'TMTstop-control_1_3.png'
90.9388 	WARNING 	Requested image 'TMTstop-control_1_3.png' not found but similar filename 'TMTstop-control_1_3.jpg' exists. This will be used instead but changing the filename is advised.
90.9703 	EXP 	Stim: image = 'TMTstop-control_1_3.png'
90.9728 	WARNING 	Requested image 'TMTstop-control_1_3.png' not found but similar filename 'TMTstop-control_1_3.jpg' exists. This will be used instead but changing the filename is advised.
91.0066 	EXP 	Stim: image = 'TMTstop-control_1_3.png'
91.0087 	WARNING 	Requested image 'TMTstop-control_1_3.png' not found but similar filename 'TMTstop-control_1_3.jpg' exists. This will be used instead but changing the filename is advised.
91.0332 	DATA 	Keypress: 2
91.0428 	EXP 	Stim: image = 'TMTstop-control_1_3.png'
91.0473 	EXP 	New trial (rep=0, index=1): {'NumberLetter': 2, 'corrAns': ['1'], 'Correct': 1, 'StimFile': 'TMTstop-control_1_3.png', 'Correct_StimFile': 'TMTstop-control_1_3firstgreen.png', 'False_StimFile': 'TMTstop-control_1_3firstred.png', 'Version': 'TMT_Control', 'Paper': 'C3', 'TrialNumber_Version': 52, 'Round': None, 'Block': 1}
91.0818 	DATA 	Keypress: 1
91.1001 	EXP 	Stim: autoDraw = False
91.1001 	EXP 	Stim: image = 'TMTstop-control_1_3firstgreen.png'
91.1001 	EXP 	Stim: autoDraw = True
91.1542 	DATA 	Keypress: 3
91.2340 	EXP 	Stim: image = 'TMTstop-control_1_3firstred.png'
91.2682 	DATA 	Keypress: 2
91.2885 	EXP 	Stim: image = 'TMTstop-control_1_3firstred.png'
91.3386 	EXP 	Stim: image = 'TMTstop-control_1_3firstred.png'
91.3713 	DATA 	Keypress: 3
91.3886 	EXP 	Stim: image = 'TMTstop-control_1_3firstred.png'
91.4201 	DATA 	Keypress: 1
91.4387 	EXP 	Stim: image = 'TMTstop-control_1_3firstred.png'
91.4433 	EXP 	New trial (rep=0, index=2): {'NumberLetter': 3, 'corrAns': ['2'], 'Correct': 2, 'StimFile': 'TMTstop-control_1_3linestimulus0.png', 'Correct_StimFile': 'TMTstop-control_1_3greenlinestimulus0.png', 'False_StimFile': 'TMTstop-control_1_3redlinestimulus0.png', 'Version': 'TMT_Control', 'Paper': 'C3', 'TrialNumber_Version': 53, 'Round': None, 'Block': 1}
91.4888 	EXP 	Stim: autoDraw = False
91.4888 	EXP 	Stim: image = 'TMTstop-control_1_3greenlinestimulus0.png'
91.4888 	EXP 	Stim: autoDraw = True
91.6102 	DATA 	Keypress: 1
136.4786 	EXP 	New trial (rep=0, index=3): {'NumberLetter': 4, 'corrAns': ['1'], 'Correct': 1, 'StimFile': 'TMTstop-control_1_3linestimulus1.png', 'Correct_StimFile': 'TMTstop-control_1_3greenlinestimulus1.png', 'False_StimFile': 'TMTstop-control_1_3redlinestimulus1.png', 'Version': 'TMT_Control', 'Paper': 'C3', 'TrialNumber_Version': 54, 'Round': None, 'Block': 1}
136.5317 	EXP 	Stim: autoDraw = False
136.5317 	EXP 	Stim: image = 'TMTstop-control_1_3greenlinestimulus1.png'
136.5317 	EXP 	Stim: autoDraw = True
170.6084 	DATA 	Keypress: esc
171.3045 	EXP 	window1: mouseVisible = True
