1.6795 	WARNING 	We strongly recommend you activate the PTB sound engine in PsychoPy prefs as the preferred audio engine. Its timing is vastly superior. Your prefs are currently set to use ['pyo'] (in that order).
5.7777 	EXP 	Created window1 = Window(allowGUI=True, allowStencil=False, autoLog=True, backendConf=UNKNOWN, bitsMode=UNKNOWN, blendMode='avg', bpc=(8, 8, 8), color=array([0, 0, 0]), colorSpace='rgb', depthBits=8, fullscr=<method-wrapper '__getattribute__' of attributeSetter object at 0x0000022D83936A58>, gamma=None, gammaErrorPolicy='raise', lms=UNKNOWN, monitor=<psychopy.monitors.calibTools.Monitor object at 0x0000022D83852D30>, multiSample=False, name='window1', numSamples=2, pos=[0.0, 0.0], screen=0, size=array([1920, 1055]), stencilBits=0, stereo=False, units='height', useFBO=True, useRetina=False, viewOri=0.0, viewPos=None, viewScale=None, waitBlanking=True, winType='glfw')
5.7777 	EXP 	window1: mouseVisible = True
5.7777 	EXP 	window1: recordFrameIntervals = False
5.8463 	EXP 	window1: recordFrameIntervals = True
5.9225 	EXP 	window1: recordFrameIntervals = False
6.2486 	EXP 	Created Instruct = ImageStim(__class__=<class 'psychopy.visual.image.ImageStim'>, autoLog=True, color=array([1., 1., 1.]), colorSpace='rgb', contrast=1.0, depth=0.0, flipHoriz=False, flipVert=False, image=str(...), interpolate=True, mask=None, maskParams=None, name='Instruct', opacity=1, ori=0.0, pos=array([0., 0.]), size=array([1.28, 0.72]), texRes=128.0, units='height', win=Window(...))
6.3166 	EXP 	Created image_2 = ImageStim(__class__=<class 'psychopy.visual.image.ImageStim'>, autoLog=True, color=array([1., 1., 1.]), colorSpace='rgb', contrast=1.0, depth=0.0, flipHoriz=False, flipVert=False, image=str(...), interpolate=True, mask=None, maskParams=None, name='image_2', opacity=1, ori=0.0, pos=array([0., 0.]), size=array([1.28, 0.72]), texRes=128.0, units='height', win=Window(...))
6.3201 	EXP 	Created polygon = ShapeStim(__class__=<class 'psychopy.visual.shape.ShapeStim'>, autoDraw=False, autoLog=True, closeShape=True, color=method-wrapper(...), colorSpace='rgb', contrast=None, depth=0.0, fillColor=array([1, 1, 1]), fillColorSpace='rgb', fillRGB=array([1, 1, 1]), interpolate=True, lineColor=array([1., 1., 1.]), lineColorSpace='rgb', lineRGB=array([1, 1, 1]), lineWidth=1.0, name='polygon', opacity=1, ori=0.0, pos=array([0., 0.]), size=array([0.5, 0.5]), units='height', vertices=ndarray(...), win=Window(...), windingRule=None)
6.3240 	EXP 	Created Stim_practice = ImageStim(__class__=<class 'psychopy.visual.image.ImageStim'>, autoLog=True, color=array([1., 1., 1.]), colorSpace='rgb', contrast=1.0, depth=0.0, flipHoriz=False, flipVert=False, image='sin', interpolate=True, mask=None, maskParams=None, name='Stim_practice', opacity=1, ori=0.0, pos=array([0., 0.]), size=array([1.777, 1.   ]), texRes=128.0, units='height', win=Window(...))
6.3834 	EXP 	Created text_5 = TextStim(__class__=<class 'psychopy.visual.text.TextStim'>, alignHoriz=method-wrapper(...), alignText='center', alignVert=method-wrapper(...), anchorHoriz='center', anchorVert='center', antialias=True, autoLog=True, bold=False, color=array([1., 1., 1.]), colorSpace='rgb', contrast=1.0, depth=0.0, flipHoriz=False, flipVert=False, font='Open Sans', fontFiles=[], height=0.03, italic=False, languageStyle='LTR', name='text_5', opacity=1, ori=0.0, pos=array([0., 0.]), rgb=UNKNOWN, text='', units='height', win=Window(...), wrapWidth=1)
6.3852 	EXP 	Created polygon = ShapeStim(__class__=<class 'psychopy.visual.shape.ShapeStim'>, autoDraw=False, autoLog=True, closeShape=True, color=method-wrapper(...), colorSpace='rgb', contrast=None, depth=0.0, fillColor=array([1, 1, 1]), fillColorSpace='rgb', fillRGB=array([1, 1, 1]), interpolate=True, lineColor=array([1., 1., 1.]), lineColorSpace='rgb', lineRGB=array([1, 1, 1]), lineWidth=1.0, name='polygon', opacity=1, ori=0.0, pos=array([0., 0.]), size=array([0.5, 0.5]), units='height', vertices=ndarray(...), win=Window(...), windingRule=None)
6.3896 	EXP 	Created Stim = ImageStim(__class__=<class 'psychopy.visual.image.ImageStim'>, autoLog=True, color=array([1., 1., 1.]), colorSpace='rgb', contrast=1.0, depth=0.0, flipHoriz=False, flipVert=False, image='sin', interpolate=True, mask=None, maskParams=None, name='Stim', opacity=1, ori=0.0, pos=array([0., 0.]), size=array([1.777, 1.   ]), texRes=128.0, units='height', win=Window(...))
6.3915 	EXP 	Created polygon = ShapeStim(__class__=<class 'psychopy.visual.shape.ShapeStim'>, autoDraw=False, autoLog=True, closeShape=True, color=method-wrapper(...), colorSpace='rgb', contrast=None, depth=0.0, fillColor=array([1, 1, 1]), fillColorSpace='rgb', fillRGB=array([1, 1, 1]), interpolate=True, lineColor=array([1., 1., 1.]), lineColorSpace='rgb', lineRGB=array([1, 1, 1]), lineWidth=1.0, name='polygon', opacity=1, ori=0.0, pos=array([0., 0.]), size=array([0.5, 0.5]), units='height', vertices=ndarray(...), win=Window(...), windingRule=None)
6.4500 	EXP 	Created text = TextStim(__class__=<class 'psychopy.visual.text.TextStim'>, alignHoriz=method-wrapper(...), alignText='center', alignVert=method-wrapper(...), anchorHoriz='center', anchorVert='center', antialias=True, autoLog=True, bold=False, color=array([1., 1., 1.]), colorSpace='rgb', contrast=1.0, depth=0.0, flipHoriz=False, flipVert=False, font='Open Sans', fontFiles=[], height=0.04, italic=False, languageStyle='LTR', name='text', opacity=1, ori=0.0, pos=array([0., 0.]), rgb=UNKNOWN, text=str(...), units='height', win=Window(...), wrapWidth=1)
6.5040 	EXP 	Instruct: autoDraw = True
7.3991 	DATA 	Keypress: 2
7.4142 	EXP 	Instruct: autoDraw = False
7.4142 	EXP 	image_2: autoDraw = True
7.5929 	DATA 	Keypress: 2
8.1335 	DATA 	Keypress: 3
8.1378 	EXP 	image_2: autoDraw = False
8.1378 	EXP 	polygon: autoDraw = True
8.3434 	DATA 	Keypress: 3
11.1353 	EXP 	Created sequence: sequential, trialTypes=1, nReps=100, seed=None
11.1358 	EXP 	New trial (rep=0, index=0): None
11.1433 	EXP 	Imported TMTstop-A_1_practice.xlsx as conditions, 13 conditions, 6 params
11.1436 	EXP 	Created sequence: sequential, trialTypes=13, nReps=1, seed=None
11.1439 	EXP 	New trial (rep=0, index=0): {'NumberLetter': 1, 'corrAns': ['1'], 'StimFile': 'TMTstop-A_1_practice.png', 'Correct_StimFile': 'TMTstop-A_1_practice.png', 'False_StimFile': 'TMTstop-A_1_practice.png', 'DurationTrial': 10}
11.1795 	EXP 	polygon: autoDraw = False
11.1795 	EXP 	Stim_practice: image = 'TMTstop-A_1_practice.png'
11.1795 	EXP 	Stim_practice: autoDraw = True
11.6960 	DATA 	Keypress: 2
11.6999 	EXP 	Stim_practice: image = 'TMTstop-A_1_practice.png'
11.7423 	EXP 	Stim_practice: image = 'TMTstop-A_1_practice.png'
11.7832 	EXP 	Stim_practice: image = 'TMTstop-A_1_practice.png'
11.8255 	EXP 	Stim_practice: image = 'TMTstop-A_1_practice.png'
11.8665 	EXP 	Stim_practice: image = 'TMTstop-A_1_practice.png'
11.9051 	DATA 	Keypress: 3
11.9053 	DATA 	Keypress: 2
11.9083 	EXP 	Stim_practice: image = 'TMTstop-A_1_practice.png'
11.9495 	EXP 	Stim_practice: image = 'TMTstop-A_1_practice.png'
11.9920 	EXP 	Stim_practice: image = 'TMTstop-A_1_practice.png'
12.0293 	DATA 	Keypress: 1
12.0328 	EXP 	Stim_practice: image = 'TMTstop-A_1_practice.png'
12.0359 	EXP 	New trial (rep=0, index=1): {'NumberLetter': 2, 'corrAns': ['2'], 'StimFile': 'TMTstop-A_1_practice.png', 'Correct_StimFile': 'TMTstop-A_1_practicefirstgreen.png', 'False_StimFile': 'TMTstop-A_1_practicefirstred.png', 'DurationTrial': 10}
12.1025 	EXP 	Stim_practice: autoDraw = False
12.1025 	EXP 	Stim_practice: image = 'TMTstop-A_1_practicefirstgreen.png'
12.1025 	EXP 	Stim_practice: image = 'TMTstop-A_1_practicefirstgreen.png'
12.1025 	EXP 	Stim_practice: autoDraw = True
12.1128 	DATA 	Keypress: 3
12.1325 	EXP 	New trial (rep=0, index=2): {'NumberLetter': 3, 'corrAns': ['3'], 'StimFile': 'TMTstop-A_1_practicelinestimulus0.png', 'Correct_StimFile': 'TMTstop-A_1_practicegreenlinestimulus0.png', 'False_StimFile': 'TMTstop-A_1_practiceredlinestimulus0.png', 'DurationTrial': 10}
12.1961 	DATA 	Keypress: 2
12.2005 	EXP 	Stim_practice: autoDraw = False
12.2005 	EXP 	Stim_practice: image = 'TMTstop-A_1_practicegreenlinestimulus0.png'
12.2005 	EXP 	Stim_practice: image = 'TMTstop-A_1_practicegreenlinestimulus0.png'
12.2005 	EXP 	Stim_practice: autoDraw = True
12.2099 	DATA 	Keypress: 1
12.3213 	DATA 	Keypress: 2
12.4819 	DATA 	Keypress: 3
12.4882 	EXP 	New trial (rep=0, index=3): {'NumberLetter': 4, 'corrAns': ['1'], 'StimFile': 'TMTstop-A_1_practicelinestimulus1.png', 'Correct_StimFile': 'TMTstop-A_1_practicegreenlinestimulus1.png', 'False_StimFile': 'TMTstop-A_1_practiceredlinestimulus1.png', 'DurationTrial': 10}
12.5542 	EXP 	Stim_practice: autoDraw = False
12.5542 	EXP 	Stim_practice: image = 'TMTstop-A_1_practicegreenlinestimulus1.png'
12.5542 	EXP 	Stim_practice: image = 'TMTstop-A_1_practicegreenlinestimulus1.png'
12.5542 	EXP 	Stim_practice: autoDraw = True
12.6683 	DATA 	Keypress: 1
12.6742 	EXP 	New trial (rep=0, index=4): {'NumberLetter': 5, 'corrAns': ['2'], 'StimFile': 'TMTstop-A_1_practicelinestimulus2.png', 'Correct_StimFile': 'TMTstop-A_1_practicegreenlinestimulus2.png', 'False_StimFile': 'TMTstop-A_1_practiceredlinestimulus2.png', 'DurationTrial': 10}
12.7376 	DATA 	Keypress: 3
12.7417 	EXP 	Stim_practice: autoDraw = False
12.7417 	EXP 	Stim_practice: image = 'TMTstop-A_1_practicegreenlinestimulus2.png'
12.7417 	EXP 	Stim_practice: image = 'TMTstop-A_1_practicegreenlinestimulus2.png'
12.7417 	EXP 	Stim_practice: autoDraw = True
12.7723 	DATA 	Keypress: 2
12.7788 	EXP 	New trial (rep=0, index=5): {'NumberLetter': 6, 'corrAns': ['3'], 'StimFile': 'TMTstop-A_1_practicelinestimulus3.png', 'Correct_StimFile': 'TMTstop-A_1_practicegreenlinestimulus3.png', 'False_StimFile': 'TMTstop-A_1_practiceredlinestimulus3.png', 'DurationTrial': 10}
12.8486 	DATA 	Keypress: 3
12.8535 	EXP 	Stim_practice: autoDraw = False
12.8535 	EXP 	Stim_practice: image = 'TMTstop-A_1_practicegreenlinestimulus3.png'
12.8535 	EXP 	Stim_practice: image = 'TMTstop-A_1_practicegreenlinestimulus3.png'
12.8535 	EXP 	Stim_practice: autoDraw = True
12.8765 	DATA 	Keypress: 1
12.9528 	DATA 	Keypress: 2
13.0153 	DATA 	Keypress: 1
13.0605 	EXP 	Stim_practice: image = 'TMTstop-A_1_practiceredlinestimulus3.png'
13.0987 	DATA 	Keypress: 3
13.0988 	DATA 	Keypress: 2
13.1023 	EXP 	Stim_practice: image = 'TMTstop-A_1_practiceredlinestimulus3.png'
13.1454 	EXP 	Stim_practice: image = 'TMTstop-A_1_practiceredlinestimulus3.png'
13.1854 	EXP 	Stim_practice: image = 'TMTstop-A_1_practiceredlinestimulus3.png'
13.2238 	DATA 	Keypress: 3
13.2274 	EXP 	Stim_practice: image = 'TMTstop-A_1_practiceredlinestimulus3.png'
13.2303 	EXP 	New trial (rep=0, index=6): {'NumberLetter': 7, 'corrAns': ['1'], 'StimFile': 'TMTstop-A_1_practicelinestimulus4.png', 'Correct_StimFile': 'TMTstop-A_1_practicegreenlinestimulus4.png', 'False_StimFile': 'TMTstop-A_1_practiceredlinestimulus4.png', 'DurationTrial': 10}
13.3002 	DATA 	Keypress: 1
13.3045 	EXP 	Stim_practice: autoDraw = False
13.3045 	EXP 	Stim_practice: image = 'TMTstop-A_1_practicegreenlinestimulus4.png'
13.3045 	EXP 	Stim_practice: image = 'TMTstop-A_1_practicegreenlinestimulus4.png'
13.3045 	EXP 	Stim_practice: autoDraw = True
13.3292 	DATA 	Keypress: 2
13.4252 	DATA 	Keypress: 1
13.4311 	EXP 	New trial (rep=0, index=7): {'NumberLetter': 8, 'corrAns': ['3'], 'StimFile': 'TMTstop-A_1_practicelinestimulus5.png', 'Correct_StimFile': 'TMTstop-A_1_practicegreenlinestimulus5.png', 'False_StimFile': 'TMTstop-A_1_practiceredlinestimulus5.png', 'DurationTrial': 10}
13.4948 	DATA 	Keypress: 3
13.5020 	EXP 	Stim_practice: autoDraw = False
13.5020 	EXP 	Stim_practice: image = 'TMTstop-A_1_practicegreenlinestimulus5.png'
13.5020 	EXP 	Stim_practice: image = 'TMTstop-A_1_practicegreenlinestimulus5.png'
13.5020 	EXP 	Stim_practice: autoDraw = True
13.5451 	DATA 	Keypress: 2
13.5885 	EXP 	Stim_practice: image = 'TMTstop-A_1_practiceredlinestimulus5.png'
13.6302 	EXP 	Stim_practice: image = 'TMTstop-A_1_practiceredlinestimulus5.png'
13.6680 	DATA 	Keypress: 1
13.6682 	DATA 	Keypress: 3
13.6716 	EXP 	Stim_practice: image = 'TMTstop-A_1_practiceredlinestimulus5.png'
13.6748 	EXP 	New trial (rep=0, index=8): {'NumberLetter': 9, 'corrAns': ['2'], 'StimFile': 'TMTstop-A_1_practicelinestimulus6.png', 'Correct_StimFile': 'TMTstop-A_1_practicegreenlinestimulus6.png', 'False_StimFile': 'TMTstop-A_1_practiceredlinestimulus6.png', 'DurationTrial': 10}
13.7376 	DATA 	Keypress: 2
13.7417 	EXP 	Stim_practice: autoDraw = False
13.7417 	EXP 	Stim_practice: image = 'TMTstop-A_1_practicegreenlinestimulus6.png'
13.7417 	EXP 	Stim_practice: image = 'TMTstop-A_1_practicegreenlinestimulus6.png'
13.7417 	EXP 	Stim_practice: autoDraw = True
13.9128 	DATA 	Keypress: 3
14.3140 	DATA 	Keypress: 1
14.3177 	EXP 	Stim_practice: image = 'TMTstop-A_1_practiceredlinestimulus6.png'
14.3598 	EXP 	Stim_practice: image = 'TMTstop-A_1_practiceredlinestimulus6.png'
14.3972 	DATA 	Keypress: 2
14.4008 	EXP 	Stim_practice: image = 'TMTstop-A_1_practiceredlinestimulus6.png'
14.4038 	EXP 	New trial (rep=0, index=9): {'NumberLetter': 10, 'corrAns': ['3'], 'StimFile': 'TMTstop-A_1_practicelinestimulus7.png', 'Correct_StimFile': 'TMTstop-A_1_practicegreenlinestimulus7.png', 'False_StimFile': 'TMTstop-A_1_practiceredlinestimulus7.png', 'DurationTrial': 10}
14.4667 	DATA 	Keypress: 3
14.4708 	EXP 	Stim_practice: autoDraw = False
14.4708 	EXP 	Stim_practice: image = 'TMTstop-A_1_practicegreenlinestimulus7.png'
14.4708 	EXP 	Stim_practice: image = 'TMTstop-A_1_practicegreenlinestimulus7.png'
14.4708 	EXP 	Stim_practice: autoDraw = True
14.5085 	DATA 	Keypress: 1
14.6197 	DATA 	Keypress: 2
14.6888 	DATA 	Keypress: 1
14.6925 	EXP 	Stim_practice: image = 'TMTstop-A_1_practiceredlinestimulus7.png'
14.7310 	DATA 	Keypress: 2
14.7344 	EXP 	Stim_practice: image = 'TMTstop-A_1_practiceredlinestimulus7.png'
14.7745 	DATA 	Keypress: 3
14.7766 	EXP 	Stim_practice: image = 'TMTstop-A_1_practiceredlinestimulus7.png'
14.8175 	EXP 	Stim_practice: image = 'TMTstop-A_1_practiceredlinestimulus7.png'
14.8555 	DATA 	Keypress: 3
14.8591 	EXP 	Stim_practice: image = 'TMTstop-A_1_practiceredlinestimulus7.png'
14.8620 	EXP 	New trial (rep=0, index=10): {'NumberLetter': 11, 'corrAns': ['1'], 'StimFile': 'TMTstop-A_1_practicelinestimulus8.png', 'Correct_StimFile': 'TMTstop-A_1_practicegreenlinestimulus8.png', 'False_StimFile': 'TMTstop-A_1_practiceredlinestimulus8.png', 'DurationTrial': 10}
14.9250 	DATA 	Keypress: 1
14.9298 	EXP 	Stim_practice: autoDraw = False
14.9298 	EXP 	Stim_practice: image = 'TMTstop-A_1_practicegreenlinestimulus8.png'
14.9298 	EXP 	Stim_practice: image = 'TMTstop-A_1_practicegreenlinestimulus8.png'
14.9298 	EXP 	Stim_practice: autoDraw = True
14.9389 	DATA 	Keypress: 2
14.9945 	DATA 	Keypress: 1
15.0005 	EXP 	New trial (rep=0, index=11): {'NumberLetter': 12, 'corrAns': ['2'], 'StimFile': 'TMTstop-A_1_practicelinestimulus9.png', 'Correct_StimFile': 'TMTstop-A_1_practicegreenlinestimulus9.png', 'False_StimFile': 'TMTstop-A_1_practiceredlinestimulus9.png', 'DurationTrial': 10}
15.0639 	DATA 	Keypress: 2
15.0682 	EXP 	Stim_practice: autoDraw = False
15.0682 	EXP 	Stim_practice: image = 'TMTstop-A_1_practicegreenlinestimulus9.png'
15.0682 	EXP 	Stim_practice: image = 'TMTstop-A_1_practicegreenlinestimulus9.png'
15.0682 	EXP 	Stim_practice: autoDraw = True
15.0778 	DATA 	Keypress: 3
15.2375 	DATA 	Keypress: 3
15.2382 	DATA 	Keypress: 1
15.2414 	EXP 	Stim_practice: image = 'TMTstop-A_1_practiceredlinestimulus9.png'
15.2835 	EXP 	Stim_practice: image = 'TMTstop-A_1_practiceredlinestimulus9.png'
15.3214 	DATA 	Keypress: 2
15.3259 	EXP 	Stim_practice: image = 'TMTstop-A_1_practiceredlinestimulus9.png'
15.3697 	DATA 	Keypress: 1
15.3746 	EXP 	Stim_practice: image = 'TMTstop-A_1_practiceredlinestimulus9.png'
15.4195 	DATA 	Keypress: 3
15.4232 	EXP 	Stim_practice: image = 'TMTstop-A_1_practiceredlinestimulus9.png'
15.4670 	DATA 	Keypress: 2
15.4711 	EXP 	Stim_practice: image = 'TMTstop-A_1_practiceredlinestimulus9.png'
15.4746 	EXP 	New trial (rep=0, index=12): {'NumberLetter': None, 'corrAns': None, 'StimFile': 'TMTstop-A_1_practicelinestimulus10.png', 'Correct_StimFile': 'TMTstop-A_1_practicegreenlinestimulus10.png', 'False_StimFile': 'TMTstop-A_1_practiceredlinestimulus10.png', 'DurationTrial': None}
15.5578 	DATA 	Keypress: 3
15.5663 	EXP 	Stim_practice: autoDraw = False
15.5663 	EXP 	Stim_practice: image = 'TMTstop-A_1_practicegreenlinestimulus10.png'
15.5663 	EXP 	Stim_practice: image = 'TMTstop-A_1_practicegreenlinestimulus10.png'
15.5663 	EXP 	Stim_practice: autoDraw = True
15.5781 	DATA 	Keypress: 1
15.7516 	DATA 	Keypress: 1
15.7520 	DATA 	Keypress: 3
15.7558 	EXP 	Stim_practice: image = 'TMTstop-A_1_practiceredlinestimulus10.png'
15.8115 	EXP 	Stim_practice: image = 'TMTstop-A_1_practiceredlinestimulus10.png'
15.8557 	DATA 	Keypress: 1
15.8559 	DATA 	Keypress: 2
15.8593 	EXP 	Stim_practice: image = 'TMTstop-A_1_practiceredlinestimulus10.png'
15.9007 	EXP 	Stim_practice: image = 'TMTstop-A_1_practiceredlinestimulus10.png'
15.9427 	EXP 	Stim_practice: image = 'TMTstop-A_1_practiceredlinestimulus10.png'
15.9840 	EXP 	Stim_practice: image = 'TMTstop-A_1_practiceredlinestimulus10.png'
16.0281 	EXP 	Stim_practice: image = 'TMTstop-A_1_practiceredlinestimulus10.png'
16.0681 	EXP 	Stim_practice: image = 'TMTstop-A_1_practiceredlinestimulus10.png'
16.1090 	EXP 	Stim_practice: image = 'TMTstop-A_1_practiceredlinestimulus10.png'
16.1507 	EXP 	Stim_practice: image = 'TMTstop-A_1_practiceredlinestimulus10.png'
16.1926 	EXP 	Stim_practice: image = 'TMTstop-A_1_practiceredlinestimulus10.png'
16.2347 	EXP 	Stim_practice: image = 'TMTstop-A_1_practiceredlinestimulus10.png'
16.2757 	EXP 	Stim_practice: image = 'TMTstop-A_1_practiceredlinestimulus10.png'
16.3173 	EXP 	Stim_practice: image = 'TMTstop-A_1_practiceredlinestimulus10.png'
16.3593 	EXP 	Stim_practice: image = 'TMTstop-A_1_practiceredlinestimulus10.png'
16.4008 	EXP 	Stim_practice: image = 'TMTstop-A_1_practiceredlinestimulus10.png'
16.4424 	EXP 	Stim_practice: image = 'TMTstop-A_1_practiceredlinestimulus10.png'
16.4869 	EXP 	Stim_practice: image = 'TMTstop-A_1_practiceredlinestimulus10.png'
16.5263 	EXP 	Stim_practice: image = 'TMTstop-A_1_practiceredlinestimulus10.png'
16.5676 	EXP 	Stim_practice: image = 'TMTstop-A_1_practiceredlinestimulus10.png'
16.6499 	EXP 	Stim_practice: image = 'TMTstop-A_1_practiceredlinestimulus10.png'
16.6499 	EXP 	Stim_practice: autoDraw = False
16.6499 	EXP 	text_5: text = 'You have finished the practice. If you understood the task correctly please read on, otherwise ask the experiment leader or press X to restart the practice.\n\nFrom here on there will be 25 circles instead of 12. If you finish all circles you will see a white cross for a few seconds then you will get 25 new circles and start again from 1. The experiments will end automatically after three minutes. \n\nPress 1, 2 or 3  to start the experiment.\n\n\n\nDu har slutfört provomgången. Om du förstod uppgiften rätt, läs vidare, annars fråga experimentledaren eller tryck på X för att starta om provomgången.\n\nHärifrån kommer det att finnas 25 circlar istället för 12. Om du slutför alla circlar kommer du att se ett vitt kors i några sekunder, sedan får du 25 nya circlar och börjar om från 1. Experimenten avslutas automatiskt efter tre minuter.\n\nTryck på 1, 2 eller 3 för att starta experimentet.\n\n\n'
16.6499 	EXP 	text_5: autoDraw = True
17.2930 	DATA 	Keypress: 2
17.2946 	EXP 	text_5: autoDraw = False
17.2946 	EXP 	polygon: autoDraw = True
17.4608 	DATA 	Keypress: 2
20.2929 	EXP 	Imported TMTstop-A_1_conditions.xlsx as conditions, 6 conditions, 2 params
20.2933 	EXP 	Created sequence: sequential, trialTypes=6, nReps=1, seed=None
20.2938 	EXP 	New trial (rep=0, index=0): {'Block_file': 'TMTstop-A_1_1.xlsx', 'Condition_rows': '0:26'}
20.3729 	EXP 	Imported TMTstop-A_1_merged.xlsx as conditions, 26 conditions, 8 params
20.3733 	EXP 	Created sequence: sequential, trialTypes=26, nReps=1, seed=None
20.3736 	EXP 	New trial (rep=0, index=0): {'NumberLetter': 1, 'corrAns': ['2'], 'Correct': 2, 'StimFile': 'TMTstop-A_1_1.png', 'Correct_StimFile': 'TMTstop-A_1_1.png', 'False_StimFile': 'TMTstop-A_1_1.png', 'Block': 1, 'TrialNumber_session': 1}
20.4084 	EXP 	polygon: autoDraw = False
20.4084 	EXP 	Stim: image = 'TMTstop-A_1_1.png'
20.4084 	EXP 	Stim: autoDraw = True
20.8148 	DATA 	Keypress: 2
20.8232 	EXP 	New trial (rep=0, index=1): {'NumberLetter': 2, 'corrAns': ['1'], 'Correct': 1, 'StimFile': 'TMTstop-A_1_1.png', 'Correct_StimFile': 'TMTstop-A_1_1firstgreen.png', 'False_StimFile': 'TMTstop-A_1_1firstred.png', 'Block': 1, 'TrialNumber_session': 2}
20.8944 	EXP 	Stim: autoDraw = False
20.8944 	EXP 	Stim: image = 'TMTstop-A_1_1firstgreen.png'
20.8944 	EXP 	Stim: image = 'TMTstop-A_1_1firstgreen.png'
20.8944 	EXP 	Stim: autoDraw = True
21.0640 	DATA 	Keypress: 2
21.0641 	DATA 	Keypress: 3
21.0730 	EXP 	New trial (rep=0, index=2): {'NumberLetter': 3, 'corrAns': ['2'], 'Correct': 2, 'StimFile': 'TMTstop-A_1_1linestimulus0.png', 'Correct_StimFile': 'TMTstop-A_1_1greenlinestimulus0.png', 'False_StimFile': 'TMTstop-A_1_1redlinestimulus0.png', 'Block': 1, 'TrialNumber_session': 3}
21.1333 	DATA 	Keypress: 1
21.1374 	EXP 	Stim: autoDraw = False
21.1374 	EXP 	Stim: image = 'TMTstop-A_1_1greenlinestimulus0.png'
21.1374 	EXP 	Stim: image = 'TMTstop-A_1_1greenlinestimulus0.png'
21.1374 	EXP 	Stim: autoDraw = True
21.2297 	EXP 	New trial (rep=0, index=3): {'NumberLetter': 4, 'corrAns': ['3'], 'Correct': 3, 'StimFile': 'TMTstop-A_1_1linestimulus1.png', 'Correct_StimFile': 'TMTstop-A_1_1greenlinestimulus1.png', 'False_StimFile': 'TMTstop-A_1_1redlinestimulus1.png', 'Block': 1, 'TrialNumber_session': 4}
21.2936 	DATA 	Keypress: 2
21.2937 	DATA 	Keypress: 3
21.2938 	DATA 	Keypress: 1
21.3010 	EXP 	Stim: autoDraw = False
21.3010 	EXP 	Stim: image = 'TMTstop-A_1_1greenlinestimulus1.png'
21.3010 	EXP 	Stim: image = 'TMTstop-A_1_1greenlinestimulus1.png'
21.3010 	EXP 	Stim: autoDraw = True
21.3502 	EXP 	New trial (rep=0, index=4): {'NumberLetter': 5, 'corrAns': ['2'], 'Correct': 2, 'StimFile': 'TMTstop-A_1_1linestimulus2.png', 'Correct_StimFile': 'TMTstop-A_1_1greenlinestimulus2.png', 'False_StimFile': 'TMTstop-A_1_1redlinestimulus2.png', 'Block': 1, 'TrialNumber_session': 5}
21.4179 	DATA 	Keypress: 3
21.4217 	EXP 	Stim: autoDraw = False
21.4217 	EXP 	Stim: image = 'TMTstop-A_1_1greenlinestimulus2.png'
21.4217 	EXP 	Stim: image = 'TMTstop-A_1_1greenlinestimulus2.png'
21.4217 	EXP 	Stim: autoDraw = True
21.4319 	DATA 	Keypress: 2
21.5360 	DATA 	Keypress: 1
21.5401 	EXP 	Stim: image = 'TMTstop-A_1_1redlinestimulus2.png'
21.5776 	DATA 	Keypress: 2
21.5812 	EXP 	Stim: image = 'TMTstop-A_1_1redlinestimulus2.png'
21.5847 	EXP 	New trial (rep=0, index=5): {'NumberLetter': 6, 'corrAns': ['3'], 'Correct': 3, 'StimFile': 'TMTstop-A_1_1linestimulus3.png', 'Correct_StimFile': 'TMTstop-A_1_1greenlinestimulus3.png', 'False_StimFile': 'TMTstop-A_1_1redlinestimulus3.png', 'Block': 1, 'TrialNumber_session': 6}
21.6540 	DATA 	Keypress: 3
21.6581 	EXP 	Stim: autoDraw = False
21.6581 	EXP 	Stim: image = 'TMTstop-A_1_1greenlinestimulus3.png'
21.6581 	EXP 	Stim: image = 'TMTstop-A_1_1greenlinestimulus3.png'
21.6581 	EXP 	Stim: autoDraw = True
21.6818 	DATA 	Keypress: 3
21.6885 	EXP 	New trial (rep=0, index=6): {'NumberLetter': 7, 'corrAns': ['2'], 'Correct': 2, 'StimFile': 'TMTstop-A_1_1linestimulus4.png', 'Correct_StimFile': 'TMTstop-A_1_1greenlinestimulus4.png', 'False_StimFile': 'TMTstop-A_1_1redlinestimulus4.png', 'Block': 1, 'TrialNumber_session': 7}
21.7585 	DATA 	Keypress: 1
21.7633 	EXP 	Stim: autoDraw = False
21.7633 	EXP 	Stim: image = 'TMTstop-A_1_1greenlinestimulus4.png'
21.7633 	EXP 	Stim: image = 'TMTstop-A_1_1greenlinestimulus4.png'
21.7633 	EXP 	Stim: autoDraw = True
21.7861 	DATA 	Keypress: 2
21.8554 	DATA 	Keypress: 1
21.8591 	EXP 	Stim: image = 'TMTstop-A_1_1redlinestimulus4.png'
21.9006 	EXP 	Stim: image = 'TMTstop-A_1_1redlinestimulus4.png'
21.9403 	DATA 	Keypress: 2
21.9407 	DATA 	Keypress: 3
21.9443 	EXP 	Stim: image = 'TMTstop-A_1_1redlinestimulus4.png'
21.9480 	EXP 	New trial (rep=0, index=7): {'NumberLetter': 8, 'corrAns': ['1'], 'Correct': 1, 'StimFile': 'TMTstop-A_1_1linestimulus5.png', 'Correct_StimFile': 'TMTstop-A_1_1greenlinestimulus5.png', 'False_StimFile': 'TMTstop-A_1_1redlinestimulus5.png', 'Block': 1, 'TrialNumber_session': 8}
22.0205 	EXP 	Stim: autoDraw = False
22.0205 	EXP 	Stim: image = 'TMTstop-A_1_1greenlinestimulus5.png'
22.0205 	EXP 	Stim: image = 'TMTstop-A_1_1greenlinestimulus5.png'
22.0205 	EXP 	Stim: autoDraw = True
22.0570 	DATA 	Keypress: 3
22.0572 	DATA 	Keypress: 1
22.0644 	EXP 	Stim: image = 'TMTstop-A_1_1redlinestimulus5.png'
22.1092 	EXP 	Stim: image = 'TMTstop-A_1_1redlinestimulus5.png'
22.1472 	DATA 	Keypress: 2
22.1507 	EXP 	Stim: image = 'TMTstop-A_1_1redlinestimulus5.png'
22.1887 	DATA 	Keypress: 1
22.1923 	EXP 	Stim: image = 'TMTstop-A_1_1redlinestimulus5.png'
22.1954 	EXP 	New trial (rep=0, index=8): {'NumberLetter': 9, 'corrAns': ['2'], 'Correct': 2, 'StimFile': 'TMTstop-A_1_1linestimulus6.png', 'Correct_StimFile': 'TMTstop-A_1_1greenlinestimulus6.png', 'False_StimFile': 'TMTstop-A_1_1redlinestimulus6.png', 'Block': 1, 'TrialNumber_session': 9}
22.2651 	DATA 	Keypress: 3
22.2697 	EXP 	Stim: autoDraw = False
22.2697 	EXP 	Stim: image = 'TMTstop-A_1_1greenlinestimulus6.png'
22.2697 	EXP 	Stim: image = 'TMTstop-A_1_1greenlinestimulus6.png'
22.2697 	EXP 	Stim: autoDraw = True
22.2868 	DATA 	Keypress: 2
22.2967 	EXP 	New trial (rep=0, index=9): {'NumberLetter': 10, 'corrAns': ['1'], 'Correct': 1, 'StimFile': 'TMTstop-A_1_1linestimulus7.png', 'Correct_StimFile': 'TMTstop-A_1_1greenlinestimulus7.png', 'False_StimFile': 'TMTstop-A_1_1redlinestimulus7.png', 'Block': 1, 'TrialNumber_session': 10}
22.3703 	EXP 	Stim: autoDraw = False
22.3703 	EXP 	Stim: image = 'TMTstop-A_1_1greenlinestimulus7.png'
22.3703 	EXP 	Stim: image = 'TMTstop-A_1_1greenlinestimulus7.png'
22.3703 	EXP 	Stim: autoDraw = True
22.4040 	DATA 	Keypress: 3
22.4042 	DATA 	Keypress: 1
22.4076 	EXP 	Stim: image = 'TMTstop-A_1_1redlinestimulus7.png'
22.4501 	EXP 	Stim: image = 'TMTstop-A_1_1redlinestimulus7.png'
22.4873 	DATA 	Keypress: 2
22.4909 	EXP 	Stim: image = 'TMTstop-A_1_1redlinestimulus7.png'
22.5290 	DATA 	Keypress: 1
22.5326 	EXP 	Stim: image = 'TMTstop-A_1_1redlinestimulus7.png'
22.5362 	EXP 	New trial (rep=0, index=10): {'NumberLetter': 11, 'corrAns': ['2'], 'Correct': 2, 'StimFile': 'TMTstop-A_1_1linestimulus8.png', 'Correct_StimFile': 'TMTstop-A_1_1greenlinestimulus8.png', 'False_StimFile': 'TMTstop-A_1_1redlinestimulus8.png', 'Block': 1, 'TrialNumber_session': 11}
22.6055 	DATA 	Keypress: 3
22.6095 	EXP 	Stim: autoDraw = False
22.6095 	EXP 	Stim: image = 'TMTstop-A_1_1greenlinestimulus8.png'
22.6095 	EXP 	Stim: image = 'TMTstop-A_1_1greenlinestimulus8.png'
22.6095 	EXP 	Stim: autoDraw = True
22.6259 	EXP 	New trial (rep=0, index=11): {'NumberLetter': 12, 'corrAns': ['3'], 'Correct': 3, 'StimFile': 'TMTstop-A_1_1linestimulus9.png', 'Correct_StimFile': 'TMTstop-A_1_1greenlinestimulus9.png', 'False_StimFile': 'TMTstop-A_1_1redlinestimulus9.png', 'Block': 1, 'TrialNumber_session': 12}
22.6888 	DATA 	Keypress: 2
22.6935 	EXP 	Stim: autoDraw = False
22.6935 	EXP 	Stim: image = 'TMTstop-A_1_1greenlinestimulus9.png'
22.6935 	EXP 	Stim: image = 'TMTstop-A_1_1greenlinestimulus9.png'
22.6935 	EXP 	Stim: autoDraw = True
22.7166 	DATA 	Keypress: 3
22.7231 	EXP 	New trial (rep=0, index=12): {'NumberLetter': 13, 'corrAns': ['2'], 'Correct': 2, 'StimFile': 'TMTstop-A_1_1linestimulus10.png', 'Correct_StimFile': 'TMTstop-A_1_1greenlinestimulus10.png', 'False_StimFile': 'TMTstop-A_1_1redlinestimulus10.png', 'Block': 1, 'TrialNumber_session': 13}
22.7928 	DATA 	Keypress: 1
22.7968 	EXP 	Stim: autoDraw = False
22.7968 	EXP 	Stim: image = 'TMTstop-A_1_1greenlinestimulus10.png'
22.7968 	EXP 	Stim: image = 'TMTstop-A_1_1greenlinestimulus10.png'
22.7968 	EXP 	Stim: autoDraw = True
22.8417 	DATA 	Keypress: 2
22.8555 	DATA 	Keypress: 1
22.9011 	EXP 	Stim: image = 'TMTstop-A_1_1redlinestimulus10.png'
22.9393 	DATA 	Keypress: 3
22.9427 	EXP 	Stim: image = 'TMTstop-A_1_1redlinestimulus10.png'
22.9805 	DATA 	Keypress: 2
22.9846 	EXP 	Stim: image = 'TMTstop-A_1_1redlinestimulus10.png'
22.9890 	EXP 	New trial (rep=0, index=13): {'NumberLetter': 14, 'corrAns': ['3'], 'Correct': 3, 'StimFile': 'TMTstop-A_1_1linestimulus11.png', 'Correct_StimFile': 'TMTstop-A_1_1greenlinestimulus11.png', 'False_StimFile': 'TMTstop-A_1_1redlinestimulus11.png', 'Block': 1, 'TrialNumber_session': 14}
23.0568 	DATA 	Keypress: 3
23.0612 	EXP 	Stim: autoDraw = False
23.0612 	EXP 	Stim: image = 'TMTstop-A_1_1greenlinestimulus11.png'
23.0612 	EXP 	Stim: image = 'TMTstop-A_1_1greenlinestimulus11.png'
23.0612 	EXP 	Stim: autoDraw = True
23.0651 	EXP 	New trial (rep=0, index=14): {'NumberLetter': 15, 'corrAns': ['1'], 'Correct': 1, 'StimFile': 'TMTstop-A_1_1linestimulus12.png', 'Correct_StimFile': 'TMTstop-A_1_1greenlinestimulus12.png', 'False_StimFile': 'TMTstop-A_1_1redlinestimulus12.png', 'Block': 1, 'TrialNumber_session': 15}
23.1403 	DATA 	Keypress: 1
23.1444 	EXP 	Stim: autoDraw = False
23.1444 	EXP 	Stim: image = 'TMTstop-A_1_1greenlinestimulus12.png'
23.1444 	EXP 	Stim: image = 'TMTstop-A_1_1greenlinestimulus12.png'
23.1444 	EXP 	Stim: autoDraw = True
23.1543 	DATA 	Keypress: 2
23.1887 	DATA 	Keypress: 1
23.1951 	EXP 	New trial (rep=0, index=15): {'NumberLetter': 16, 'corrAns': ['3'], 'Correct': 3, 'StimFile': 'TMTstop-A_1_1linestimulus13.png', 'Correct_StimFile': 'TMTstop-A_1_1greenlinestimulus13.png', 'False_StimFile': 'TMTstop-A_1_1redlinestimulus13.png', 'Block': 1, 'TrialNumber_session': 16}
23.2641 	EXP 	Stim: autoDraw = False
23.2641 	EXP 	Stim: image = 'TMTstop-A_1_1greenlinestimulus13.png'
23.2641 	EXP 	Stim: image = 'TMTstop-A_1_1greenlinestimulus13.png'
23.2641 	EXP 	Stim: autoDraw = True
23.2859 	DATA 	Keypress: 3
23.2860 	DATA 	Keypress: 2
23.3327 	EXP 	Stim: image = 'TMTstop-A_1_1redlinestimulus13.png'
23.3733 	EXP 	Stim: image = 'TMTstop-A_1_1redlinestimulus13.png'
23.4109 	DATA 	Keypress: 3
23.4157 	EXP 	Stim: image = 'TMTstop-A_1_1redlinestimulus13.png'
23.4199 	EXP 	New trial (rep=0, index=16): {'NumberLetter': 17, 'corrAns': ['2'], 'Correct': 2, 'StimFile': 'TMTstop-A_1_1linestimulus14.png', 'Correct_StimFile': 'TMTstop-A_1_1greenlinestimulus14.png', 'False_StimFile': 'TMTstop-A_1_1redlinestimulus14.png', 'Block': 1, 'TrialNumber_session': 17}
23.4874 	DATA 	Keypress: 1
23.4876 	DATA 	Keypress: 2
23.4921 	EXP 	Stim: autoDraw = False
23.4921 	EXP 	Stim: image = 'TMTstop-A_1_1greenlinestimulus14.png'
23.4921 	EXP 	Stim: image = 'TMTstop-A_1_1greenlinestimulus14.png'
23.4921 	EXP 	Stim: autoDraw = True
23.5499 	DATA 	Keypress: 1
23.6019 	EXP 	Stim: image = 'TMTstop-A_1_1redlinestimulus14.png'
23.6401 	DATA 	Keypress: 2
23.6403 	DATA 	Keypress: 3
23.6442 	EXP 	Stim: image = 'TMTstop-A_1_1redlinestimulus14.png'
23.6478 	EXP 	New trial (rep=0, index=17): {'NumberLetter': 18, 'corrAns': ['3'], 'Correct': 3, 'StimFile': 'TMTstop-A_1_1linestimulus15.png', 'Correct_StimFile': 'TMTstop-A_1_1greenlinestimulus15.png', 'False_StimFile': 'TMTstop-A_1_1redlinestimulus15.png', 'Block': 1, 'TrialNumber_session': 18}
23.7211 	EXP 	Stim: autoDraw = False
23.7211 	EXP 	Stim: image = 'TMTstop-A_1_1greenlinestimulus15.png'
23.7211 	EXP 	Stim: image = 'TMTstop-A_1_1greenlinestimulus15.png'
23.7211 	EXP 	Stim: autoDraw = True
23.7444 	DATA 	Keypress: 3
23.7508 	EXP 	New trial (rep=0, index=18): {'NumberLetter': 19, 'corrAns': ['1'], 'Correct': 1, 'StimFile': 'TMTstop-A_1_1linestimulus16.png', 'Correct_StimFile': 'TMTstop-A_1_1greenlinestimulus16.png', 'False_StimFile': 'TMTstop-A_1_1redlinestimulus16.png', 'Block': 1, 'TrialNumber_session': 19}
23.8208 	DATA 	Keypress: 1
23.8249 	EXP 	Stim: autoDraw = False
23.8249 	EXP 	Stim: image = 'TMTstop-A_1_1greenlinestimulus16.png'
23.8249 	EXP 	Stim: image = 'TMTstop-A_1_1greenlinestimulus16.png'
23.8249 	EXP 	Stim: autoDraw = True
23.8484 	DATA 	Keypress: 2
23.9052 	DATA 	Keypress: 1
23.9130 	EXP 	New trial (rep=0, index=19): {'NumberLetter': 20, 'corrAns': ['3'], 'Correct': 3, 'StimFile': 'TMTstop-A_1_1linestimulus17.png', 'Correct_StimFile': 'TMTstop-A_1_1greenlinestimulus17.png', 'False_StimFile': 'TMTstop-A_1_1redlinestimulus17.png', 'Block': 1, 'TrialNumber_session': 20}
23.9804 	DATA 	Keypress: 2
23.9807 	DATA 	Keypress: 3
23.9850 	EXP 	Stim: autoDraw = False
23.9850 	EXP 	Stim: image = 'TMTstop-A_1_1greenlinestimulus17.png'
23.9850 	EXP 	Stim: image = 'TMTstop-A_1_1greenlinestimulus17.png'
23.9850 	EXP 	Stim: autoDraw = True
24.0264 	EXP 	Stim: image = 'TMTstop-A_1_1redlinestimulus17.png'
24.0672 	EXP 	Stim: image = 'TMTstop-A_1_1redlinestimulus17.png'
24.1053 	DATA 	Keypress: 3
24.1093 	EXP 	Stim: image = 'TMTstop-A_1_1redlinestimulus17.png'
24.1125 	EXP 	New trial (rep=0, index=20): {'NumberLetter': 21, 'corrAns': ['1'], 'Correct': 1, 'StimFile': 'TMTstop-A_1_1linestimulus18.png', 'Correct_StimFile': 'TMTstop-A_1_1greenlinestimulus18.png', 'False_StimFile': 'TMTstop-A_1_1redlinestimulus18.png', 'Block': 1, 'TrialNumber_session': 21}
24.1817 	DATA 	Keypress: 1
24.1818 	DATA 	Keypress: 2
24.1862 	EXP 	Stim: autoDraw = False
24.1862 	EXP 	Stim: image = 'TMTstop-A_1_1greenlinestimulus18.png'
24.1862 	EXP 	Stim: image = 'TMTstop-A_1_1greenlinestimulus18.png'
24.1862 	EXP 	Stim: autoDraw = True
24.2304 	DATA 	Keypress: 1
24.2366 	EXP 	New trial (rep=0, index=21): {'NumberLetter': 22, 'corrAns': ['3'], 'Correct': 3, 'StimFile': 'TMTstop-A_1_1linestimulus19.png', 'Correct_StimFile': 'TMTstop-A_1_1greenlinestimulus19.png', 'False_StimFile': 'TMTstop-A_1_1redlinestimulus19.png', 'Block': 1, 'TrialNumber_session': 22}
24.3138 	DATA 	Keypress: 3
24.3139 	DATA 	Keypress: 2
24.3178 	EXP 	Stim: autoDraw = False
24.3178 	EXP 	Stim: image = 'TMTstop-A_1_1greenlinestimulus19.png'
24.3178 	EXP 	Stim: image = 'TMTstop-A_1_1greenlinestimulus19.png'
24.3178 	EXP 	Stim: autoDraw = True
24.3658 	EXP 	Stim: image = 'TMTstop-A_1_1redlinestimulus19.png'
24.4075 	EXP 	Stim: image = 'TMTstop-A_1_1redlinestimulus19.png'
24.4457 	DATA 	Keypress: 3
24.4493 	EXP 	Stim: image = 'TMTstop-A_1_1redlinestimulus19.png'
24.4528 	EXP 	New trial (rep=0, index=22): {'NumberLetter': 23, 'corrAns': ['1'], 'Correct': 1, 'StimFile': 'TMTstop-A_1_1linestimulus20.png', 'Correct_StimFile': 'TMTstop-A_1_1greenlinestimulus20.png', 'False_StimFile': 'TMTstop-A_1_1redlinestimulus20.png', 'Block': 1, 'TrialNumber_session': 23}
24.5221 	DATA 	Keypress: 1
24.5223 	DATA 	Keypress: 2
24.5261 	EXP 	Stim: autoDraw = False
24.5261 	EXP 	Stim: image = 'TMTstop-A_1_1greenlinestimulus20.png'
24.5261 	EXP 	Stim: image = 'TMTstop-A_1_1greenlinestimulus20.png'
24.5261 	EXP 	Stim: autoDraw = True
24.5779 	DATA 	Keypress: 1
24.5863 	EXP 	New trial (rep=0, index=23): {'NumberLetter': 24, 'corrAns': ['2'], 'Correct': 2, 'StimFile': 'TMTstop-A_1_1linestimulus21.png', 'Correct_StimFile': 'TMTstop-A_1_1greenlinestimulus21.png', 'False_StimFile': 'TMTstop-A_1_1redlinestimulus21.png', 'Block': 1, 'TrialNumber_session': 24}
24.6543 	DATA 	Keypress: 2
24.6606 	EXP 	Stim: autoDraw = False
24.6606 	EXP 	Stim: image = 'TMTstop-A_1_1greenlinestimulus21.png'
24.6606 	EXP 	Stim: image = 'TMTstop-A_1_1greenlinestimulus21.png'
24.6606 	EXP 	Stim: autoDraw = True
24.6639 	EXP 	New trial (rep=0, index=24): {'NumberLetter': 25, 'corrAns': ['3'], 'Correct': 3, 'StimFile': 'TMTstop-A_1_1linestimulus22.png', 'Correct_StimFile': 'TMTstop-A_1_1greenlinestimulus22.png', 'False_StimFile': 'TMTstop-A_1_1redlinestimulus22.png', 'Block': 1, 'TrialNumber_session': 25}
24.7373 	DATA 	Keypress: 3
24.7413 	EXP 	Stim: autoDraw = False
24.7413 	EXP 	Stim: image = 'TMTstop-A_1_1greenlinestimulus22.png'
24.7413 	EXP 	Stim: image = 'TMTstop-A_1_1greenlinestimulus22.png'
24.7413 	EXP 	Stim: autoDraw = True
24.7865 	EXP 	New trial (rep=0, index=25): {'NumberLetter': None, 'corrAns': None, 'Correct': None, 'StimFile': 'TMTstop-A_1_1linestimulus23.png', 'Correct_StimFile': 'TMTstop-A_1_1greenlinestimulus23.png', 'False_StimFile': 'TMTstop-A_1_1redlinestimulus23.png', 'Block': 1, 'TrialNumber_session': None}
24.8622 	DATA 	Keypress: 3
24.8625 	DATA 	Keypress: 1
24.8663 	EXP 	Stim: autoDraw = False
24.8663 	EXP 	Stim: image = 'TMTstop-A_1_1greenlinestimulus23.png'
24.8663 	EXP 	Stim: image = 'TMTstop-A_1_1greenlinestimulus23.png'
24.8663 	EXP 	Stim: autoDraw = True
24.8765 	DATA 	Keypress: 2
24.9665 	DATA 	Keypress: 1
24.9701 	EXP 	Stim: image = 'TMTstop-A_1_1redlinestimulus23.png'
25.0121 	EXP 	Stim: image = 'TMTstop-A_1_1redlinestimulus23.png'
25.0502 	DATA 	Keypress: 3
25.0535 	EXP 	Stim: image = 'TMTstop-A_1_1redlinestimulus23.png'
25.0918 	DATA 	Keypress: 1
25.0951 	EXP 	Stim: image = 'TMTstop-A_1_1redlinestimulus23.png'
25.1379 	EXP 	Stim: image = 'TMTstop-A_1_1redlinestimulus23.png'
25.1784 	EXP 	Stim: image = 'TMTstop-A_1_1redlinestimulus23.png'
25.2200 	EXP 	Stim: image = 'TMTstop-A_1_1redlinestimulus23.png'
25.2622 	EXP 	Stim: image = 'TMTstop-A_1_1redlinestimulus23.png'
25.3037 	EXP 	Stim: image = 'TMTstop-A_1_1redlinestimulus23.png'
25.3472 	EXP 	Stim: image = 'TMTstop-A_1_1redlinestimulus23.png'
25.3869 	EXP 	Stim: image = 'TMTstop-A_1_1redlinestimulus23.png'
25.4293 	EXP 	Stim: image = 'TMTstop-A_1_1redlinestimulus23.png'
25.4699 	EXP 	Stim: image = 'TMTstop-A_1_1redlinestimulus23.png'
25.5116 	EXP 	Stim: image = 'TMTstop-A_1_1redlinestimulus23.png'
25.5543 	EXP 	Stim: image = 'TMTstop-A_1_1redlinestimulus23.png'
25.5950 	EXP 	Stim: image = 'TMTstop-A_1_1redlinestimulus23.png'
25.6366 	EXP 	Stim: image = 'TMTstop-A_1_1redlinestimulus23.png'
25.6784 	EXP 	Stim: image = 'TMTstop-A_1_1redlinestimulus23.png'
25.7203 	EXP 	Stim: image = 'TMTstop-A_1_1redlinestimulus23.png'
25.7617 	EXP 	Stim: image = 'TMTstop-A_1_1redlinestimulus23.png'
25.8053 	EXP 	Stim: image = 'TMTstop-A_1_1redlinestimulus23.png'
25.8458 	EXP 	Stim: image = 'TMTstop-A_1_1redlinestimulus23.png'
25.8945 	EXP 	Stim: image = 'TMTstop-A_1_1redlinestimulus23.png'
25.9758 	EXP 	Stim: image = 'TMTstop-A_1_1redlinestimulus23.png'
25.9758 	EXP 	Stim: autoDraw = False
25.9758 	EXP 	polygon: autoDraw = True
28.9348 	EXP 	New trial (rep=0, index=1): {'Block_file': 'TMTstop-A_1_2.xlsx', 'Condition_rows': '26:52'}
28.9765 	EXP 	Imported TMTstop-A_1_merged.xlsx as conditions, 26 conditions, 8 params
28.9769 	EXP 	Created sequence: sequential, trialTypes=26, nReps=1, seed=None
28.9772 	EXP 	New trial (rep=0, index=0): {'NumberLetter': 1, 'corrAns': ['3'], 'Correct': 3, 'StimFile': 'TMTstop-A_1_2.png', 'Correct_StimFile': 'TMTstop-A_1_2.png', 'False_StimFile': 'TMTstop-A_1_2.png', 'Block': 2, 'TrialNumber_session': 26}
29.0124 	EXP 	polygon: autoDraw = False
29.0124 	EXP 	Stim: image = 'TMTstop-A_1_2.png'
29.0124 	EXP 	Stim: autoDraw = True
32.2787 	DATA 	Keypress: 2
32.2825 	EXP 	Stim: image = 'TMTstop-A_1_2.png'
32.3238 	EXP 	Stim: image = 'TMTstop-A_1_2.png'
32.3655 	EXP 	Stim: image = 'TMTstop-A_1_2.png'
32.4077 	EXP 	Stim: image = 'TMTstop-A_1_2.png'
32.4488 	EXP 	Stim: image = 'TMTstop-A_1_2.png'
32.4871 	DATA 	Keypress: 2
32.4906 	EXP 	Stim: image = 'TMTstop-A_1_2.png'
32.5363 	EXP 	Stim: image = 'TMTstop-A_1_2.png'
32.5741 	EXP 	Stim: image = 'TMTstop-A_1_2.png'
32.6159 	EXP 	Stim: image = 'TMTstop-A_1_2.png'
32.6572 	EXP 	Stim: image = 'TMTstop-A_1_2.png'
32.6995 	EXP 	Stim: image = 'TMTstop-A_1_2.png'
32.7405 	EXP 	Stim: image = 'TMTstop-A_1_2.png'
32.7821 	EXP 	Stim: image = 'TMTstop-A_1_2.png'
32.8203 	DATA 	Keypress: 3
32.8239 	EXP 	Stim: image = 'TMTstop-A_1_2.png'
32.8272 	EXP 	New trial (rep=0, index=1): {'NumberLetter': 2, 'corrAns': ['2'], 'Correct': 2, 'StimFile': 'TMTstop-A_1_2.png', 'Correct_StimFile': 'TMTstop-A_1_2firstgreen.png', 'False_StimFile': 'TMTstop-A_1_2firstred.png', 'Block': 2, 'TrialNumber_session': 27}
32.8939 	EXP 	Stim: autoDraw = False
32.8939 	EXP 	Stim: image = 'TMTstop-A_1_2firstgreen.png'
32.8939 	EXP 	Stim: image = 'TMTstop-A_1_2firstgreen.png'
32.8939 	EXP 	Stim: autoDraw = True
33.0637 	DATA 	Keypress: 3
37.4800 	DATA 	Keypress: 1
37.4836 	EXP 	Stim: image = 'TMTstop-A_1_2firstred.png'
37.5259 	EXP 	Stim: image = 'TMTstop-A_1_2firstred.png'
37.5668 	EXP 	Stim: image = 'TMTstop-A_1_2firstred.png'
37.6085 	EXP 	Stim: image = 'TMTstop-A_1_2firstred.png'
37.6508 	EXP 	Stim: image = 'TMTstop-A_1_2firstred.png'
37.6884 	DATA 	Keypress: 1
37.6919 	EXP 	Stim: image = 'TMTstop-A_1_2firstred.png'
37.7367 	EXP 	Stim: image = 'TMTstop-A_1_2firstred.png'
37.7752 	EXP 	Stim: image = 'TMTstop-A_1_2firstred.png'
37.8177 	EXP 	Stim: image = 'TMTstop-A_1_2firstred.png'
37.8585 	EXP 	Stim: image = 'TMTstop-A_1_2firstred.png'
37.9002 	EXP 	Stim: image = 'TMTstop-A_1_2firstred.png'
37.9425 	EXP 	Stim: image = 'TMTstop-A_1_2firstred.png'
37.9835 	EXP 	Stim: image = 'TMTstop-A_1_2firstred.png'
38.0201 	EXP 	Stim: image = 'TMTstop-A_1_2firstred.png'
38.0238 	EXP 	New trial (rep=0, index=2): {'NumberLetter': 3, 'corrAns': ['3'], 'Correct': 3, 'StimFile': 'TMTstop-A_1_2linestimulus0.png', 'Correct_StimFile': 'TMTstop-A_1_2greenlinestimulus0.png', 'False_StimFile': 'TMTstop-A_1_2redlinestimulus0.png', 'Block': 2, 'TrialNumber_session': 28}
38.0842 	DATA 	Keypress: 2
38.0881 	EXP 	Stim: autoDraw = False
38.0881 	EXP 	Stim: image = 'TMTstop-A_1_2greenlinestimulus0.png'
38.0881 	EXP 	Stim: image = 'TMTstop-A_1_2greenlinestimulus0.png'
38.0881 	EXP 	Stim: autoDraw = True
38.2370 	DATA 	Keypress: 2
38.6947 	EXP 	New trial (rep=0, index=3): {'NumberLetter': 4, 'corrAns': ['1'], 'Correct': 1, 'StimFile': 'TMTstop-A_1_2linestimulus1.png', 'Correct_StimFile': 'TMTstop-A_1_2greenlinestimulus1.png', 'False_StimFile': 'TMTstop-A_1_2redlinestimulus1.png', 'Block': 2, 'TrialNumber_session': 29}
38.7577 	DATA 	Keypress: 3
38.7617 	EXP 	Stim: autoDraw = False
38.7617 	EXP 	Stim: image = 'TMTstop-A_1_2greenlinestimulus1.png'
38.7617 	EXP 	Stim: image = 'TMTstop-A_1_2greenlinestimulus1.png'
38.7617 	EXP 	Stim: autoDraw = True
38.9245 	DATA 	Keypress: 3
39.0579 	EXP 	Stim: autoDraw = False
39.0579 	EXP 	polygon: autoDraw = True
42.0130 	EXP 	New trial (rep=0, index=2): {'Block_file': 'TMTstop-A_1_3.xlsx', 'Condition_rows': '52:78'}
42.0540 	EXP 	Imported TMTstop-A_1_merged.xlsx as conditions, 26 conditions, 8 params
42.0543 	EXP 	Created sequence: sequential, trialTypes=26, nReps=1, seed=None
42.0546 	EXP 	New trial (rep=0, index=0): {'NumberLetter': 1, 'corrAns': ['2'], 'Correct': 2, 'StimFile': 'TMTstop-A_1_3.png', 'Correct_StimFile': 'TMTstop-A_1_3.png', 'False_StimFile': 'TMTstop-A_1_3.png', 'Block': 3, 'TrialNumber_session': 51}
42.0906 	EXP 	polygon: autoDraw = False
42.0906 	EXP 	Stim: image = 'TMTstop-A_1_3.png'
42.0906 	EXP 	Stim: autoDraw = True
42.6533 	EXP 	New trial (rep=0, index=1): {'NumberLetter': 2, 'corrAns': ['1'], 'Correct': 1, 'StimFile': 'TMTstop-A_1_3.png', 'Correct_StimFile': 'TMTstop-A_1_3firstgreen.png', 'False_StimFile': 'TMTstop-A_1_3firstred.png', 'Block': 3, 'TrialNumber_session': 52}
42.7161 	DATA 	Keypress: 2
42.7217 	EXP 	Stim: autoDraw = False
42.7217 	EXP 	Stim: image = 'TMTstop-A_1_3firstgreen.png'
42.7217 	EXP 	Stim: image = 'TMTstop-A_1_3firstgreen.png'
42.7217 	EXP 	Stim: autoDraw = True
42.9589 	DATA 	Keypress: 3
42.9591 	DATA 	Keypress: 2
42.9625 	EXP 	Stim: image = 'TMTstop-A_1_3firstred.png'
43.0049 	EXP 	Stim: image = 'TMTstop-A_1_3firstred.png'
43.0469 	EXP 	Stim: image = 'TMTstop-A_1_3firstred.png'
43.0888 	EXP 	Stim: image = 'TMTstop-A_1_3firstred.png'
43.1229 	EXP 	Stim: image = 'TMTstop-A_1_3firstred.png'
43.1537 	DATA 	Keypress: 1
43.1579 	EXP 	Stim: image = 'TMTstop-A_1_3firstred.png'
43.1615 	EXP 	New trial (rep=0, index=2): {'NumberLetter': 3, 'corrAns': ['3'], 'Correct': 3, 'StimFile': 'TMTstop-A_1_3linestimulus0.png', 'Correct_StimFile': 'TMTstop-A_1_3greenlinestimulus0.png', 'False_StimFile': 'TMTstop-A_1_3redlinestimulus0.png', 'Block': 3, 'TrialNumber_session': 53}
43.2229 	DATA 	Keypress: 3
43.2274 	EXP 	Stim: autoDraw = False
43.2274 	EXP 	Stim: image = 'TMTstop-A_1_3greenlinestimulus0.png'
43.2274 	EXP 	Stim: image = 'TMTstop-A_1_3greenlinestimulus0.png'
43.2274 	EXP 	Stim: autoDraw = True
43.2924 	DATA 	Keypress: 2
43.2959 	EXP 	Stim: image = 'TMTstop-A_1_3redlinestimulus0.png'
43.3378 	EXP 	Stim: image = 'TMTstop-A_1_3redlinestimulus0.png'
43.3793 	EXP 	Stim: image = 'TMTstop-A_1_3redlinestimulus0.png'
43.4173 	DATA 	Keypress: 3
43.4175 	DATA 	Keypress: 1
43.4209 	EXP 	Stim: image = 'TMTstop-A_1_3redlinestimulus0.png'
43.4241 	EXP 	New trial (rep=0, index=3): {'NumberLetter': 4, 'corrAns': ['2'], 'Correct': 2, 'StimFile': 'TMTstop-A_1_3linestimulus1.png', 'Correct_StimFile': 'TMTstop-A_1_3greenlinestimulus1.png', 'False_StimFile': 'TMTstop-A_1_3redlinestimulus1.png', 'Block': 3, 'TrialNumber_session': 54}
43.4868 	DATA 	Keypress: 2
43.4915 	EXP 	Stim: autoDraw = False
43.4915 	EXP 	Stim: image = 'TMTstop-A_1_3greenlinestimulus1.png'
43.4915 	EXP 	Stim: image = 'TMTstop-A_1_3greenlinestimulus1.png'
43.4915 	EXP 	Stim: autoDraw = True
43.6257 	DATA 	Keypress: 1
43.6312 	EXP 	Stim: image = 'TMTstop-A_1_3redlinestimulus1.png'
43.6673 	DATA 	Keypress: 3
43.6674 	DATA 	Keypress: 2
43.6709 	EXP 	Stim: image = 'TMTstop-A_1_3redlinestimulus1.png'
43.6744 	EXP 	New trial (rep=0, index=4): {'NumberLetter': 5, 'corrAns': ['3'], 'Correct': 3, 'StimFile': 'TMTstop-A_1_3linestimulus2.png', 'Correct_StimFile': 'TMTstop-A_1_3greenlinestimulus2.png', 'False_StimFile': 'TMTstop-A_1_3redlinestimulus2.png', 'Block': 3, 'TrialNumber_session': 55}
43.7416 	EXP 	Stim: autoDraw = False
43.7416 	EXP 	Stim: image = 'TMTstop-A_1_3greenlinestimulus2.png'
43.7416 	EXP 	Stim: image = 'TMTstop-A_1_3greenlinestimulus2.png'
43.7416 	EXP 	Stim: autoDraw = True
43.7649 	DATA 	Keypress: 1
43.7737 	EXP 	New trial (rep=0, index=5): {'NumberLetter': 6, 'corrAns': ['2'], 'Correct': 2, 'StimFile': 'TMTstop-A_1_3linestimulus3.png', 'Correct_StimFile': 'TMTstop-A_1_3greenlinestimulus3.png', 'False_StimFile': 'TMTstop-A_1_3redlinestimulus3.png', 'Block': 3, 'TrialNumber_session': 56}
43.8340 	DATA 	Keypress: 3
43.8381 	EXP 	Stim: autoDraw = False
43.8381 	EXP 	Stim: image = 'TMTstop-A_1_3greenlinestimulus3.png'
43.8381 	EXP 	Stim: image = 'TMTstop-A_1_3greenlinestimulus3.png'
43.8381 	EXP 	Stim: autoDraw = True
43.8772 	DATA 	Keypress: 2
43.9868 	DATA 	Keypress: 1
44.0289 	DATA 	Keypress: 3
44.0328 	EXP 	Stim: image = 'TMTstop-A_1_3redlinestimulus3.png'
44.0704 	DATA 	Keypress: 2
44.0769 	EXP 	Stim: image = 'TMTstop-A_1_3redlinestimulus3.png'
44.0800 	EXP 	New trial (rep=0, index=6): {'NumberLetter': 7, 'corrAns': ['1'], 'Correct': 1, 'StimFile': 'TMTstop-A_1_3linestimulus4.png', 'Correct_StimFile': 'TMTstop-A_1_3greenlinestimulus4.png', 'False_StimFile': 'TMTstop-A_1_3redlinestimulus4.png', 'Block': 3, 'TrialNumber_session': 57}
44.1437 	EXP 	Stim: autoDraw = False
44.1437 	EXP 	Stim: image = 'TMTstop-A_1_3greenlinestimulus4.png'
44.1437 	EXP 	Stim: image = 'TMTstop-A_1_3greenlinestimulus4.png'
44.1437 	EXP 	Stim: autoDraw = True
44.1536 	DATA 	Keypress: 3
44.1952 	DATA 	Keypress: 1
44.1991 	EXP 	Stim: image = 'TMTstop-A_1_3redlinestimulus4.png'
44.2404 	EXP 	Stim: image = 'TMTstop-A_1_3redlinestimulus4.png'
44.2786 	DATA 	Keypress: 2
44.2823 	EXP 	Stim: image = 'TMTstop-A_1_3redlinestimulus4.png'
44.3240 	EXP 	Stim: image = 'TMTstop-A_1_3redlinestimulus4.png'
44.3654 	EXP 	Stim: image = 'TMTstop-A_1_3redlinestimulus4.png'
44.4034 	DATA 	Keypress: 1
44.4069 	EXP 	Stim: image = 'TMTstop-A_1_3redlinestimulus4.png'
44.4101 	EXP 	New trial (rep=0, index=7): {'NumberLetter': 8, 'corrAns': ['2'], 'Correct': 2, 'StimFile': 'TMTstop-A_1_3linestimulus5.png', 'Correct_StimFile': 'TMTstop-A_1_3greenlinestimulus5.png', 'False_StimFile': 'TMTstop-A_1_3redlinestimulus5.png', 'Block': 3, 'TrialNumber_session': 58}
44.4736 	DATA 	Keypress: 2
44.4740 	DATA 	Keypress: 3
44.4777 	EXP 	Stim: autoDraw = False
44.4777 	EXP 	Stim: image = 'TMTstop-A_1_3greenlinestimulus5.png'
44.4777 	EXP 	Stim: image = 'TMTstop-A_1_3greenlinestimulus5.png'
44.4777 	EXP 	Stim: autoDraw = True
44.4816 	EXP 	New trial (rep=0, index=8): {'NumberLetter': 9, 'corrAns': ['3'], 'Correct': 3, 'StimFile': 'TMTstop-A_1_3linestimulus6.png', 'Correct_StimFile': 'TMTstop-A_1_3greenlinestimulus6.png', 'False_StimFile': 'TMTstop-A_1_3redlinestimulus6.png', 'Block': 3, 'TrialNumber_session': 59}
44.5562 	DATA 	Keypress: 3
44.5603 	EXP 	Stim: autoDraw = False
44.5603 	EXP 	Stim: image = 'TMTstop-A_1_3greenlinestimulus6.png'
44.5603 	EXP 	Stim: image = 'TMTstop-A_1_3greenlinestimulus6.png'
44.5603 	EXP 	Stim: autoDraw = True
44.5642 	EXP 	New trial (rep=0, index=9): {'NumberLetter': 10, 'corrAns': ['2'], 'Correct': 2, 'StimFile': 'TMTstop-A_1_3linestimulus7.png', 'Correct_StimFile': 'TMTstop-A_1_3greenlinestimulus7.png', 'False_StimFile': 'TMTstop-A_1_3redlinestimulus7.png', 'Block': 3, 'TrialNumber_session': 60}
44.6258 	DATA 	Keypress: 1
44.6303 	EXP 	Stim: autoDraw = False
44.6303 	EXP 	Stim: image = 'TMTstop-A_1_3greenlinestimulus7.png'
44.6303 	EXP 	Stim: image = 'TMTstop-A_1_3greenlinestimulus7.png'
44.6303 	EXP 	Stim: autoDraw = True
44.6534 	DATA 	Keypress: 2
44.7368 	DATA 	Keypress: 1
44.7824 	EXP 	Stim: image = 'TMTstop-A_1_3redlinestimulus7.png'
44.8201 	DATA 	Keypress: 2
44.8202 	DATA 	Keypress: 3
44.8237 	EXP 	Stim: image = 'TMTstop-A_1_3redlinestimulus7.png'
44.8271 	EXP 	New trial (rep=0, index=10): {'NumberLetter': 11, 'corrAns': ['3'], 'Correct': 3, 'StimFile': 'TMTstop-A_1_3linestimulus8.png', 'Correct_StimFile': 'TMTstop-A_1_3greenlinestimulus8.png', 'False_StimFile': 'TMTstop-A_1_3redlinestimulus8.png', 'Block': 3, 'TrialNumber_session': 61}
44.8934 	EXP 	Stim: autoDraw = False
44.8934 	EXP 	Stim: image = 'TMTstop-A_1_3greenlinestimulus8.png'
44.8934 	EXP 	Stim: image = 'TMTstop-A_1_3greenlinestimulus8.png'
44.8934 	EXP 	Stim: autoDraw = True
44.9175 	DATA 	Keypress: 1
44.9177 	DATA 	Keypress: 3
44.9238 	EXP 	New trial (rep=0, index=11): {'NumberLetter': 12, 'corrAns': ['2'], 'Correct': 2, 'StimFile': 'TMTstop-A_1_3linestimulus9.png', 'Correct_StimFile': 'TMTstop-A_1_3greenlinestimulus9.png', 'False_StimFile': 'TMTstop-A_1_3redlinestimulus9.png', 'Block': 3, 'TrialNumber_session': 62}
44.9935 	EXP 	Stim: autoDraw = False
44.9935 	EXP 	Stim: image = 'TMTstop-A_1_3greenlinestimulus9.png'
44.9935 	EXP 	Stim: image = 'TMTstop-A_1_3greenlinestimulus9.png'
44.9935 	EXP 	Stim: autoDraw = True
45.0286 	DATA 	Keypress: 2
45.1256 	DATA 	Keypress: 1
45.1292 	EXP 	Stim: image = 'TMTstop-A_1_3redlinestimulus9.png'
45.1708 	EXP 	Stim: image = 'TMTstop-A_1_3redlinestimulus9.png'
45.2090 	DATA 	Keypress: 3
45.2092 	DATA 	Keypress: 2
45.2135 	EXP 	Stim: image = 'TMTstop-A_1_3redlinestimulus9.png'
45.2177 	EXP 	New trial (rep=0, index=12): {'NumberLetter': 13, 'corrAns': ['1'], 'Correct': 1, 'StimFile': 'TMTstop-A_1_3linestimulus10.png', 'Correct_StimFile': 'TMTstop-A_1_3greenlinestimulus10.png', 'False_StimFile': 'TMTstop-A_1_3redlinestimulus10.png', 'Block': 3, 'TrialNumber_session': 63}
45.2897 	EXP 	Stim: autoDraw = False
45.2897 	EXP 	Stim: image = 'TMTstop-A_1_3greenlinestimulus10.png'
45.2897 	EXP 	Stim: image = 'TMTstop-A_1_3greenlinestimulus10.png'
45.2897 	EXP 	Stim: autoDraw = True
45.2994 	DATA 	Keypress: 3
45.3361 	DATA 	Keypress: 1
45.3389 	EXP 	Stim: image = 'TMTstop-A_1_3redlinestimulus10.png'
45.3793 	EXP 	Stim: image = 'TMTstop-A_1_3redlinestimulus10.png'
45.4173 	DATA 	Keypress: 2
45.4209 	EXP 	Stim: image = 'TMTstop-A_1_3redlinestimulus10.png'
45.4626 	EXP 	Stim: image = 'TMTstop-A_1_3redlinestimulus10.png'
45.5006 	DATA 	Keypress: 1
45.5047 	EXP 	Stim: image = 'TMTstop-A_1_3redlinestimulus10.png'
45.5087 	EXP 	New trial (rep=0, index=13): {'NumberLetter': 14, 'corrAns': ['2'], 'Correct': 2, 'StimFile': 'TMTstop-A_1_3linestimulus11.png', 'Correct_StimFile': 'TMTstop-A_1_3greenlinestimulus11.png', 'False_StimFile': 'TMTstop-A_1_3redlinestimulus11.png', 'Block': 3, 'TrialNumber_session': 64}
45.5770 	DATA 	Keypress: 2
45.5772 	DATA 	Keypress: 3
45.5815 	EXP 	Stim: autoDraw = False
45.5815 	EXP 	Stim: image = 'TMTstop-A_1_3greenlinestimulus11.png'
45.5815 	EXP 	Stim: image = 'TMTstop-A_1_3greenlinestimulus11.png'
45.5815 	EXP 	Stim: autoDraw = True
45.5852 	EXP 	New trial (rep=0, index=14): {'NumberLetter': 15, 'corrAns': ['1'], 'Correct': 1, 'StimFile': 'TMTstop-A_1_3linestimulus12.png', 'Correct_StimFile': 'TMTstop-A_1_3greenlinestimulus12.png', 'False_StimFile': 'TMTstop-A_1_3redlinestimulus12.png', 'Block': 3, 'TrialNumber_session': 65}
45.6577 	EXP 	Stim: autoDraw = False
45.6577 	EXP 	Stim: image = 'TMTstop-A_1_3greenlinestimulus12.png'
45.6577 	EXP 	Stim: image = 'TMTstop-A_1_3greenlinestimulus12.png'
45.6577 	EXP 	Stim: autoDraw = True
45.7089 	DATA 	Keypress: 3
45.7091 	DATA 	Keypress: 1
45.7126 	EXP 	Stim: image = 'TMTstop-A_1_3redlinestimulus12.png'
45.7582 	EXP 	Stim: image = 'TMTstop-A_1_3redlinestimulus12.png'
45.7927 	DATA 	Keypress: 2
45.7966 	EXP 	Stim: image = 'TMTstop-A_1_3redlinestimulus12.png'
45.8378 	EXP 	Stim: image = 'TMTstop-A_1_3redlinestimulus12.png'
45.8791 	EXP 	Stim: image = 'TMTstop-A_1_3redlinestimulus12.png'
45.9216 	EXP 	Stim: image = 'TMTstop-A_1_3redlinestimulus12.png'
45.9590 	DATA 	Keypress: 1
45.9626 	EXP 	Stim: image = 'TMTstop-A_1_3redlinestimulus12.png'
45.9660 	EXP 	New trial (rep=0, index=15): {'NumberLetter': 16, 'corrAns': ['2'], 'Correct': 2, 'StimFile': 'TMTstop-A_1_3linestimulus13.png', 'Correct_StimFile': 'TMTstop-A_1_3greenlinestimulus13.png', 'False_StimFile': 'TMTstop-A_1_3redlinestimulus13.png', 'Block': 3, 'TrialNumber_session': 66}
46.0354 	DATA 	Keypress: 3
46.0355 	DATA 	Keypress: 2
46.0394 	EXP 	Stim: autoDraw = False
46.0394 	EXP 	Stim: image = 'TMTstop-A_1_3greenlinestimulus13.png'
46.0394 	EXP 	Stim: image = 'TMTstop-A_1_3greenlinestimulus13.png'
46.0394 	EXP 	Stim: autoDraw = True
46.0435 	EXP 	New trial (rep=0, index=16): {'NumberLetter': 17, 'corrAns': ['3'], 'Correct': 3, 'StimFile': 'TMTstop-A_1_3linestimulus14.png', 'Correct_StimFile': 'TMTstop-A_1_3greenlinestimulus14.png', 'False_StimFile': 'TMTstop-A_1_3redlinestimulus14.png', 'Block': 3, 'TrialNumber_session': 67}
46.1088 	EXP 	Stim: autoDraw = False
46.1088 	EXP 	Stim: image = 'TMTstop-A_1_3greenlinestimulus14.png'
46.1088 	EXP 	Stim: image = 'TMTstop-A_1_3greenlinestimulus14.png'
46.1088 	EXP 	Stim: autoDraw = True
46.1329 	DATA 	Keypress: 3
46.1418 	EXP 	New trial (rep=0, index=17): {'NumberLetter': 18, 'corrAns': ['2'], 'Correct': 2, 'StimFile': 'TMTstop-A_1_3linestimulus15.png', 'Correct_StimFile': 'TMTstop-A_1_3greenlinestimulus15.png', 'False_StimFile': 'TMTstop-A_1_3redlinestimulus15.png', 'Block': 3, 'TrialNumber_session': 68}
46.2021 	DATA 	Keypress: 1
46.2062 	EXP 	Stim: autoDraw = False
46.2062 	EXP 	Stim: image = 'TMTstop-A_1_3greenlinestimulus15.png'
46.2062 	EXP 	Stim: image = 'TMTstop-A_1_3greenlinestimulus15.png'
46.2062 	EXP 	Stim: autoDraw = True
46.2507 	DATA 	Keypress: 2
46.3827 	DATA 	Keypress: 1
46.3863 	EXP 	Stim: image = 'TMTstop-A_1_3redlinestimulus15.png'
46.4242 	DATA 	Keypress: 2
46.4244 	DATA 	Keypress: 3
46.4282 	EXP 	Stim: image = 'TMTstop-A_1_3redlinestimulus15.png'
46.4323 	EXP 	New trial (rep=0, index=18): {'NumberLetter': 19, 'corrAns': ['1'], 'Correct': 1, 'StimFile': 'TMTstop-A_1_3linestimulus16.png', 'Correct_StimFile': 'TMTstop-A_1_3greenlinestimulus16.png', 'False_StimFile': 'TMTstop-A_1_3redlinestimulus16.png', 'Block': 3, 'TrialNumber_session': 69}
46.4938 	DATA 	Keypress: 1
46.4980 	EXP 	Stim: autoDraw = False
46.4980 	EXP 	Stim: image = 'TMTstop-A_1_3greenlinestimulus16.png'
46.4980 	EXP 	Stim: image = 'TMTstop-A_1_3greenlinestimulus16.png'
46.4980 	EXP 	Stim: autoDraw = True
46.5215 	DATA 	Keypress: 3
46.5672 	EXP 	Stim: image = 'TMTstop-A_1_3redlinestimulus16.png'
46.6085 	EXP 	Stim: image = 'TMTstop-A_1_3redlinestimulus16.png'
46.6464 	DATA 	Keypress: 2
46.6500 	EXP 	Stim: image = 'TMTstop-A_1_3redlinestimulus16.png'
46.6928 	EXP 	Stim: image = 'TMTstop-A_1_3redlinestimulus16.png'
46.7298 	DATA 	Keypress: 1
46.7334 	EXP 	Stim: image = 'TMTstop-A_1_3redlinestimulus16.png'
46.7369 	EXP 	New trial (rep=0, index=19): {'NumberLetter': 20, 'corrAns': ['2'], 'Correct': 2, 'StimFile': 'TMTstop-A_1_3linestimulus17.png', 'Correct_StimFile': 'TMTstop-A_1_3greenlinestimulus17.png', 'False_StimFile': 'TMTstop-A_1_3redlinestimulus17.png', 'Block': 3, 'TrialNumber_session': 70}
46.7995 	DATA 	Keypress: 3
46.8034 	EXP 	Stim: autoDraw = False
46.8034 	EXP 	Stim: image = 'TMTstop-A_1_3greenlinestimulus17.png'
46.8034 	EXP 	Stim: image = 'TMTstop-A_1_3greenlinestimulus17.png'
46.8034 	EXP 	Stim: autoDraw = True
46.8064 	EXP 	New trial (rep=0, index=20): {'NumberLetter': 21, 'corrAns': ['3'], 'Correct': 3, 'StimFile': 'TMTstop-A_1_3linestimulus18.png', 'Correct_StimFile': 'TMTstop-A_1_3greenlinestimulus18.png', 'False_StimFile': 'TMTstop-A_1_3redlinestimulus18.png', 'Block': 3, 'TrialNumber_session': 71}
46.8688 	DATA 	Keypress: 2
46.8732 	EXP 	Stim: autoDraw = False
46.8732 	EXP 	Stim: image = 'TMTstop-A_1_3greenlinestimulus18.png'
46.8732 	EXP 	Stim: image = 'TMTstop-A_1_3greenlinestimulus18.png'
46.8732 	EXP 	Stim: autoDraw = True
46.9105 	DATA 	Keypress: 3
46.9167 	EXP 	New trial (rep=0, index=21): {'NumberLetter': 22, 'corrAns': ['1'], 'Correct': 1, 'StimFile': 'TMTstop-A_1_3linestimulus19.png', 'Correct_StimFile': 'TMTstop-A_1_3greenlinestimulus19.png', 'False_StimFile': 'TMTstop-A_1_3redlinestimulus19.png', 'Block': 3, 'TrialNumber_session': 72}
46.9825 	DATA 	Keypress: 1
46.9857 	EXP 	Stim: autoDraw = False
46.9857 	EXP 	Stim: image = 'TMTstop-A_1_3greenlinestimulus19.png'
46.9857 	EXP 	Stim: image = 'TMTstop-A_1_3greenlinestimulus19.png'
46.9857 	EXP 	Stim: autoDraw = True
46.9940 	DATA 	Keypress: 2
47.1747 	DATA 	Keypress: 3
47.3978 	DATA 	Keypress: 1
47.4060 	EXP 	New trial (rep=0, index=22): {'NumberLetter': 23, 'corrAns': ['3'], 'Correct': 3, 'StimFile': 'TMTstop-A_1_3linestimulus20.png', 'Correct_StimFile': 'TMTstop-A_1_3greenlinestimulus20.png', 'False_StimFile': 'TMTstop-A_1_3redlinestimulus20.png', 'Block': 3, 'TrialNumber_session': 73}
47.4813 	DATA 	Keypress: 2
47.4855 	EXP 	Stim: autoDraw = False
47.4855 	EXP 	Stim: image = 'TMTstop-A_1_3greenlinestimulus20.png'
47.4855 	EXP 	Stim: image = 'TMTstop-A_1_3greenlinestimulus20.png'
47.4855 	EXP 	Stim: autoDraw = True
47.5329 	EXP 	Stim: image = 'TMTstop-A_1_3redlinestimulus20.png'
47.5701 	DATA 	Keypress: 3
47.5737 	EXP 	Stim: image = 'TMTstop-A_1_3redlinestimulus20.png'
47.5769 	EXP 	New trial (rep=0, index=23): {'NumberLetter': 24, 'corrAns': ['1'], 'Correct': 1, 'StimFile': 'TMTstop-A_1_3linestimulus21.png', 'Correct_StimFile': 'TMTstop-A_1_3greenlinestimulus21.png', 'False_StimFile': 'TMTstop-A_1_3redlinestimulus21.png', 'Block': 3, 'TrialNumber_session': 74}
47.6464 	DATA 	Keypress: 1
47.6504 	EXP 	Stim: autoDraw = False
47.6504 	EXP 	Stim: image = 'TMTstop-A_1_3greenlinestimulus21.png'
47.6504 	EXP 	Stim: image = 'TMTstop-A_1_3greenlinestimulus21.png'
47.6504 	EXP 	Stim: autoDraw = True
47.6826 	DATA 	Keypress: 2
47.7993 	DATA 	Keypress: 1
47.8056 	EXP 	New trial (rep=0, index=24): {'NumberLetter': 25, 'corrAns': ['3'], 'Correct': 3, 'StimFile': 'TMTstop-A_1_3linestimulus22.png', 'Correct_StimFile': 'TMTstop-A_1_3greenlinestimulus22.png', 'False_StimFile': 'TMTstop-A_1_3redlinestimulus22.png', 'Block': 3, 'TrialNumber_session': 75}
47.8689 	DATA 	Keypress: 2
47.8692 	DATA 	Keypress: 3
47.8738 	EXP 	Stim: autoDraw = False
47.8738 	EXP 	Stim: image = 'TMTstop-A_1_3greenlinestimulus22.png'
47.8738 	EXP 	Stim: image = 'TMTstop-A_1_3greenlinestimulus22.png'
47.8738 	EXP 	Stim: autoDraw = True
47.9140 	EXP 	Stim: image = 'TMTstop-A_1_3redlinestimulus22.png'
47.9519 	DATA 	Keypress: 3
47.9555 	EXP 	Stim: image = 'TMTstop-A_1_3redlinestimulus22.png'
47.9590 	EXP 	New trial (rep=0, index=25): {'NumberLetter': None, 'corrAns': None, 'Correct': None, 'StimFile': 'TMTstop-A_1_3linestimulus23.png', 'Correct_StimFile': 'TMTstop-A_1_3greenlinestimulus23.png', 'False_StimFile': 'TMTstop-A_1_3redlinestimulus23.png', 'Block': 3, 'TrialNumber_session': None}
48.0285 	DATA 	Keypress: 1
48.0322 	EXP 	Stim: autoDraw = False
48.0322 	EXP 	Stim: image = 'TMTstop-A_1_3greenlinestimulus23.png'
48.0322 	EXP 	Stim: image = 'TMTstop-A_1_3greenlinestimulus23.png'
48.0322 	EXP 	Stim: autoDraw = True
48.0427 	DATA 	Keypress: 2
48.2022 	DATA 	Keypress: 3
49.0852 	EXP 	Stim: autoDraw = False
49.0852 	EXP 	polygon: autoDraw = True
52.0299 	EXP 	New trial (rep=0, index=3): {'Block_file': 'TMTstop-A_1_4.xlsx', 'Condition_rows': '78:104'}
52.0774 	EXP 	Imported TMTstop-A_1_merged.xlsx as conditions, 26 conditions, 8 params
52.0777 	EXP 	Created sequence: sequential, trialTypes=26, nReps=1, seed=None
52.0779 	EXP 	New trial (rep=0, index=0): {'NumberLetter': 1, 'corrAns': ['3'], 'Correct': 3, 'StimFile': 'TMTstop-A_1_4.png', 'Correct_StimFile': 'TMTstop-A_1_4.png', 'False_StimFile': 'TMTstop-A_1_4.png', 'Block': 4, 'TrialNumber_session': 76}
52.1435 	EXP 	polygon: autoDraw = False
52.1435 	EXP 	Stim: image = 'TMTstop-A_1_4.png'
52.1435 	EXP 	Stim: image = 'TMTstop-A_1_4.png'
52.1435 	EXP 	Stim: autoDraw = True
53.6325 	DATA 	Keypress: 2
53.6361 	EXP 	Stim: image = 'TMTstop-A_1_4.png'
53.6718 	EXP 	Stim: image = 'TMTstop-A_1_4.png'
53.7124 	EXP 	Stim: image = 'TMTstop-A_1_4.png'
53.7540 	EXP 	Stim: image = 'TMTstop-A_1_4.png'
53.7921 	DATA 	Keypress: 3
53.7956 	EXP 	Stim: image = 'TMTstop-A_1_4.png'
53.7990 	EXP 	New trial (rep=0, index=1): {'NumberLetter': 2, 'corrAns': ['1'], 'Correct': 1, 'StimFile': 'TMTstop-A_1_4.png', 'Correct_StimFile': 'TMTstop-A_1_4firstgreen.png', 'False_StimFile': 'TMTstop-A_1_4firstred.png', 'Block': 4, 'TrialNumber_session': 77}
53.8616 	DATA 	Keypress: 2
53.8656 	EXP 	Stim: autoDraw = False
53.8656 	EXP 	Stim: image = 'TMTstop-A_1_4firstgreen.png'
53.8656 	EXP 	Stim: image = 'TMTstop-A_1_4firstgreen.png'
53.8656 	EXP 	Stim: autoDraw = True
53.9179 	DATA 	Keypress: 1
53.9251 	EXP 	New trial (rep=0, index=2): {'NumberLetter': 3, 'corrAns': ['3'], 'Correct': 3, 'StimFile': 'TMTstop-A_1_4linestimulus0.png', 'Correct_StimFile': 'TMTstop-A_1_4greenlinestimulus0.png', 'False_StimFile': 'TMTstop-A_1_4redlinestimulus0.png', 'Block': 4, 'TrialNumber_session': 78}
53.9908 	EXP 	Stim: autoDraw = False
53.9908 	EXP 	Stim: image = 'TMTstop-A_1_4greenlinestimulus0.png'
53.9908 	EXP 	Stim: image = 'TMTstop-A_1_4greenlinestimulus0.png'
53.9908 	EXP 	Stim: autoDraw = True
54.0145 	DATA 	Keypress: 3
54.0266 	DATA 	Keypress: 2
54.0665 	EXP 	Stim: image = 'TMTstop-A_1_4redlinestimulus0.png'
54.1081 	EXP 	Stim: image = 'TMTstop-A_1_4redlinestimulus0.png'
54.1116 	EXP 	New trial (rep=0, index=3): {'NumberLetter': 4, 'corrAns': ['1'], 'Correct': 1, 'StimFile': 'TMTstop-A_1_4linestimulus1.png', 'Correct_StimFile': 'TMTstop-A_1_4greenlinestimulus1.png', 'False_StimFile': 'TMTstop-A_1_4redlinestimulus1.png', 'Block': 4, 'TrialNumber_session': 79}
54.1741 	DATA 	Keypress: 3
54.1742 	DATA 	Keypress: 1
54.1791 	EXP 	Stim: autoDraw = False
54.1791 	EXP 	Stim: image = 'TMTstop-A_1_4greenlinestimulus1.png'
54.1791 	EXP 	Stim: image = 'TMTstop-A_1_4greenlinestimulus1.png'
54.1791 	EXP 	Stim: autoDraw = True
54.2019 	DATA 	Keypress: 2
54.2575 	DATA 	Keypress: 3
54.6406 	DATA 	Keypress: esc
54.8172 	EXP 	window1: mouseVisible = True
