1.6548 	WARNING 	We strongly recommend you activate the PTB sound engine in PsychoPy prefs as the preferred audio engine. Its timing is vastly superior. Your prefs are currently set to use ['pyo'] (in that order).
5.6588 	EXP 	Created window1 = Window(allowGUI=True, allowStencil=False, autoLog=True, backendConf=UNKNOWN, bitsMode=UNKNOWN, blendMode='avg', bpc=(8, 8, 8), color=array([0, 0, 0]), colorSpace='rgb', depthBits=8, fullscr=<method-wrapper '__getattribute__' of attributeSetter object at 0x000001ABC8076BE0>, gamma=None, gammaErrorPolicy='raise', lms=UNKNOWN, monitor=<psychopy.monitors.calibTools.Monitor object at 0x000001ABC805BEB8>, multiSample=False, name='window1', numSamples=2, pos=[0.0, 0.0], screen=0, size=array([1920, 1055]), stencilBits=0, stereo=False, units='height', useFBO=True, useRetina=False, viewOri=0.0, viewPos=None, viewScale=None, waitBlanking=True, winType='glfw')
5.6588 	EXP 	window1: mouseVisible = True
5.6589 	EXP 	window1: recordFrameIntervals = False
5.7276 	EXP 	window1: recordFrameIntervals = True
5.8039 	EXP 	window1: recordFrameIntervals = False
6.0718 	EXP 	Created Instruct = ImageStim(__class__=<class 'psychopy.visual.image.ImageStim'>, autoLog=True, color=array([1., 1., 1.]), colorSpace='rgb', contrast=1.0, depth=0.0, flipHoriz=False, flipVert=False, image='InkedInstructBfinal_LI.jpg', interpolate=True, mask=None, maskParams=None, name='Instruct', opacity=1, ori=0.0, pos=array([0., 0.]), size=array([0.8, 0.8]), texRes=128.0, units='height', win=Window(...))
6.1848 	EXP 	Created text_2 = TextStim(__class__=<class 'psychopy.visual.text.TextStim'>, alignHoriz=method-wrapper(...), alignText='center', alignVert=method-wrapper(...), anchorHoriz='center', anchorVert='center', antialias=True, autoLog=True, bold=False, color=array([1., 1., 1.]), colorSpace='rgb', contrast=1.0, depth=-2.0, flipHoriz=False, flipVert=False, font='Open Sans', fontFiles=[], height=0.04, italic=False, languageStyle='LTR', name='text_2', opacity=1, ori=0.5, pos=array([ 0.  , -0.45]), rgb=UNKNOWN, text=str(...), units='height', win=Window(...), wrapWidth=2.0)
6.1877 	EXP 	Created Stim = ImageStim(__class__=<class 'psychopy.visual.image.ImageStim'>, autoLog=True, color=array([1., 1., 1.]), colorSpace='rgb', contrast=1.0, depth=0.0, flipHoriz=False, flipVert=False, image='sin', interpolate=True, mask=None, maskParams=None, name='Stim', opacity=1, ori=0.0, pos=array([0., 0.]), size=array([1.777, 1.   ]), texRes=128.0, units='height', win=Window(...))
6.1905 	EXP 	Created Stim = ImageStim(__class__=<class 'psychopy.visual.image.ImageStim'>, autoLog=True, color=array([1., 1., 1.]), colorSpace='rgb', contrast=1.0, depth=0.0, flipHoriz=False, flipVert=False, image='sin', interpolate=True, mask=None, maskParams=None, name='Stim', opacity=1, ori=0.0, pos=array([0., 0.]), size=array([1.777, 1.   ]), texRes=128.0, units='height', win=Window(...))
6.2053 	EXP 	Created text = TextStim(__class__=<class 'psychopy.visual.text.TextStim'>, alignHoriz=method-wrapper(...), alignText='center', alignVert=method-wrapper(...), anchorHoriz='center', anchorVert='center', antialias=True, autoLog=True, bold=False, color=array([1., 1., 1.]), colorSpace='rgb', contrast=1.0, depth=0.0, flipHoriz=False, flipVert=False, font='Open Sans', fontFiles=[], height=0.1, italic=False, languageStyle='LTR', name='text', opacity=1, ori=0.0, pos=array([0., 0.]), rgb=UNKNOWN, text='Thank you!\n\nYou have finished the task!', units='height', win=Window(...), wrapWidth=1)
6.2634 	EXP 	Instruct: autoDraw = True
6.2634 	EXP 	text_2: autoDraw = True
8.9545 	DATA 	Keypress: 1
8.9678 	EXP 	Imported TMT-B_1_1.xlsx as conditions, 12 conditions, 5 params
8.9682 	EXP 	Created sequence: sequential, trialTypes=12, nReps=1, seed=None
8.9684 	EXP 	New trial (rep=0, index=0): {'NumberLetter': 1, 'corrAns': 2, 'StimFile': 'TMT-B.jpg', 'Correct_StimFile': 'TMT-B.jpg', 'False_StimFile': 'TMT-B.jpg'}
9.0342 	EXP 	Instruct: autoDraw = False
9.0342 	EXP 	text_2: autoDraw = False
9.0342 	EXP 	Stim: image = 'TMT-B.jpg'
9.0342 	EXP 	Stim: image = 'TMT-B.jpg'
9.0342 	EXP 	Stim: autoDraw = True
9.1414 	DATA 	Keypress: 1
13.9121 	DATA 	Mouse: wheel shift=(0,-1)
16.2106 	DATA 	Keypress: 1
16.2182 	EXP 	New trial (rep=0, index=1): {'NumberLetter': 'A', 'corrAns': 3, 'StimFile': 'TMT-B.jpg', 'Correct_StimFile': 'TMT-B.jpg', 'False_StimFile': 'TMT-B.jpg'}
16.2631 	EXP 	Stim: autoDraw = False
16.2631 	EXP 	Stim: image = 'TMT-B.jpg'
16.2631 	EXP 	Stim: image = 'TMT-B.jpg'
16.2631 	EXP 	Stim: autoDraw = True
16.4468 	DATA 	Keypress: 1
16.9124 	EXP 	New trial (rep=0, index=2): {'NumberLetter': 2, 'corrAns': 2, 'StimFile': 'TMT-B_linestimulus0.png', 'Correct_StimFile': 'TMT-B_greenlinestimulus0.png', 'False_StimFile': 'TMT-B_redlinestimulus0.png'}
16.9745 	DATA 	Keypress: 2
16.9783 	EXP 	Stim: autoDraw = False
16.9783 	EXP 	Stim: image = 'TMT-B_greenlinestimulus0.png'
16.9783 	EXP 	Stim: image = 'TMT-B_redlinestimulus0.png'
16.9783 	EXP 	Stim: autoDraw = True
17.1411 	DATA 	Keypress: 2
18.5449 	EXP 	New trial (rep=0, index=3): {'NumberLetter': 'B', 'corrAns': 3, 'StimFile': 'TMT-B_linestimulus1.png', 'Correct_StimFile': 'TMT-B_greenlinestimulus1.png', 'False_StimFile': 'TMT-B_redlinestimulus1.png'}
18.6064 	DATA 	Keypress: 3
18.6103 	EXP 	Stim: autoDraw = False
18.6103 	EXP 	Stim: image = 'TMT-B_greenlinestimulus1.png'
18.6103 	EXP 	Stim: image = 'TMT-B_redlinestimulus1.png'
18.6103 	EXP 	Stim: autoDraw = True
18.7801 	DATA 	Keypress: 3
18.8706 	EXP 	New trial (rep=0, index=4): {'NumberLetter': 3, 'corrAns': 1, 'StimFile': 'TMT-B_linestimulus2.png', 'Correct_StimFile': 'TMT-B_greenlinestimulus2.png', 'False_StimFile': 'TMT-B_redlinestimulus2.png'}
18.9328 	DATA 	Keypress: 2
18.9365 	EXP 	Stim: autoDraw = False
18.9365 	EXP 	Stim: image = 'TMT-B_greenlinestimulus2.png'
18.9365 	EXP 	Stim: image = 'TMT-B_redlinestimulus2.png'
18.9365 	EXP 	Stim: autoDraw = True
19.0997 	DATA 	Keypress: 2
19.3217 	DATA 	Keypress: 3
19.3290 	EXP 	New trial (rep=0, index=5): {'NumberLetter': 'C', 'corrAns': 2, 'StimFile': 'TMT-B_linestimulus3.png', 'Correct_StimFile': 'TMT-B_greenlinestimulus3.png', 'False_StimFile': 'TMT-B_redlinestimulus3.png'}
19.3948 	EXP 	Stim: autoDraw = False
19.3948 	EXP 	Stim: image = 'TMT-B_greenlinestimulus3.png'
19.3948 	EXP 	Stim: image = 'TMT-B_redlinestimulus3.png'
19.3948 	EXP 	Stim: autoDraw = True
19.5440 	DATA 	Keypress: 3
19.7604 	EXP 	New trial (rep=0, index=6): {'NumberLetter': 4, 'corrAns': 1, 'StimFile': 'TMT-B_linestimulus4.png', 'Correct_StimFile': 'TMT-B_greenlinestimulus4.png', 'False_StimFile': 'TMT-B_redlinestimulus4.png'}
19.8216 	DATA 	Keypress: 1
19.8254 	EXP 	Stim: autoDraw = False
19.8254 	EXP 	Stim: image = 'TMT-B_greenlinestimulus4.png'
19.8254 	EXP 	Stim: image = 'TMT-B_redlinestimulus4.png'
19.8254 	EXP 	Stim: autoDraw = True
20.0026 	EXP 	New trial (rep=0, index=7): {'NumberLetter': 'D', 'corrAns': 2, 'StimFile': 'TMT-B_linestimulus5.png', 'Correct_StimFile': 'TMT-B_greenlinestimulus5.png', 'False_StimFile': 'TMT-B_redlinestimulus5.png'}
20.0646 	DATA 	Keypress: 2
20.0647 	DATA 	Keypress: 1
20.0684 	EXP 	Stim: autoDraw = False
20.0684 	EXP 	Stim: image = 'TMT-B_greenlinestimulus5.png'
20.0684 	EXP 	Stim: image = 'TMT-B_redlinestimulus5.png'
20.0684 	EXP 	Stim: autoDraw = True
20.2110 	DATA 	Keypress: 2
20.3012 	EXP 	New trial (rep=0, index=8): {'NumberLetter': 5, 'corrAns': 3, 'StimFile': 'TMT-B_linestimulus6.png', 'Correct_StimFile': 'TMT-B_greenlinestimulus6.png', 'False_StimFile': 'TMT-B_redlinestimulus6.png'}
20.3633 	DATA 	Keypress: 3
20.3671 	EXP 	Stim: autoDraw = False
20.3671 	EXP 	Stim: image = 'TMT-B_greenlinestimulus6.png'
20.3671 	EXP 	Stim: image = 'TMT-B_redlinestimulus6.png'
20.3671 	EXP 	Stim: autoDraw = True
20.5031 	DATA 	Keypress: 3
21.0786 	DATA 	Keypress: esc
21.2940 	DATA 	Keypress: esc
21.3145 	EXP 	window1: mouseVisible = True
