2.1874 	WARNING 	We strongly recommend you activate the PTB sound engine in PsychoPy prefs as the preferred audio engine. Its timing is vastly superior. Your prefs are currently set to use ['pyo'] (in that order).
6.8471 	EXP 	Created window1 = Window(allowGUI=True, allowStencil=False, autoLog=True, backendConf=UNKNOWN, bitsMode=UNKNOWN, blendMode='avg', bpc=(8, 8, 8), color=array([0, 0, 0]), colorSpace='rgb', depthBits=8, fullscr=<method-wrapper '__getattribute__' of attributeSetter object at 0x0000029375FAFC18>, gamma=None, gammaErrorPolicy='raise', lms=UNKNOWN, monitor=<psychopy.monitors.calibTools.Monitor object at 0x0000029375F95EF0>, multiSample=False, name='window1', numSamples=2, pos=[0.0, 0.0], screen=0, size=array([1920, 1055]), stencilBits=0, stereo=False, units='height', useFBO=True, useRetina=False, viewOri=0.0, viewPos=None, viewScale=None, waitBlanking=True, winType='glfw')
6.8472 	EXP 	window1: mouseVisible = True
6.8472 	EXP 	window1: recordFrameIntervals = False
6.9546 	EXP 	window1: recordFrameIntervals = True
7.2049 	WARNING 	t of last frame was 14.48ms (=1/69)
7.2186 	WARNING 	t of last frame was 13.68ms (=1/73)
7.2326 	WARNING 	t of last frame was 14.04ms (=1/71)
7.2457 	WARNING 	t of last frame was 13.04ms (=1/76)
7.2803 	WARNING 	Multiple dropped frames have occurred - I'll stop bothering you about them!
7.8208 	EXP 	window1: recordFrameIntervals = False
8.1311 	EXP 	Created Instruct = ImageStim(__class__=<class 'psychopy.visual.image.ImageStim'>, autoLog=True, color=array([1., 1., 1.]), colorSpace='rgb', contrast=1.0, depth=0.0, flipHoriz=False, flipVert=False, image='InkedInstructBfinal_LI.jpg', interpolate=True, mask=None, maskParams=None, name='Instruct', opacity=1, ori=0.0, pos=array([0., 0.]), size=array([0.8, 0.8]), texRes=128.0, units='height', win=Window(...))
8.2690 	EXP 	Created text_2 = TextStim(__class__=<class 'psychopy.visual.text.TextStim'>, alignHoriz=method-wrapper(...), alignText='center', alignVert=method-wrapper(...), anchorHoriz='center', anchorVert='center', antialias=True, autoLog=True, bold=False, color=array([1., 1., 1.]), colorSpace='rgb', contrast=1.0, depth=-2.0, flipHoriz=False, flipVert=False, font='Open Sans', fontFiles=[], height=0.04, italic=False, languageStyle='LTR', name='text_2', opacity=1, ori=0.5, pos=array([ 0.  , -0.45]), rgb=UNKNOWN, text=str(...), units='height', win=Window(...), wrapWidth=2.0)
8.2734 	EXP 	Created Stim = ImageStim(__class__=<class 'psychopy.visual.image.ImageStim'>, autoLog=True, color=array([1., 1., 1.]), colorSpace='rgb', contrast=1.0, depth=0.0, flipHoriz=False, flipVert=False, image='sin', interpolate=True, mask=None, maskParams=None, name='Stim', opacity=1, ori=0.0, pos=array([0., 0.]), size=array([1.777, 1.   ]), texRes=128.0, units='height', win=Window(...))
8.2765 	EXP 	Created polygon = ShapeStim(__class__=<class 'psychopy.visual.shape.ShapeStim'>, autoDraw=False, autoLog=True, closeShape=True, color=method-wrapper(...), colorSpace='rgb', contrast=None, depth=0.0, fillColor=array([1, 1, 1]), fillColorSpace='rgb', fillRGB=array([1, 1, 1]), interpolate=True, lineColor=array([1., 1., 1.]), lineColorSpace='rgb', lineRGB=array([1, 1, 1]), lineWidth=1.0, name='polygon', opacity=1, ori=0.0, pos=array([0., 0.]), size=array([0.5, 0.5]), units='height', vertices=ndarray(...), win=Window(...), windingRule=None)
8.2811 	EXP 	Created Stim = ImageStim(__class__=<class 'psychopy.visual.image.ImageStim'>, autoLog=True, color=array([1., 1., 1.]), colorSpace='rgb', contrast=1.0, depth=0.0, flipHoriz=False, flipVert=False, image='sin', interpolate=True, mask=None, maskParams=None, name='Stim', opacity=1, ori=0.0, pos=array([0., 0.]), size=array([1.777, 1.   ]), texRes=128.0, units='height', win=Window(...))
8.2836 	EXP 	Created polygon = ShapeStim(__class__=<class 'psychopy.visual.shape.ShapeStim'>, autoDraw=False, autoLog=True, closeShape=True, color=method-wrapper(...), colorSpace='rgb', contrast=None, depth=0.0, fillColor=array([1, 1, 1]), fillColorSpace='rgb', fillRGB=array([1, 1, 1]), interpolate=True, lineColor=array([1., 1., 1.]), lineColorSpace='rgb', lineRGB=array([1, 1, 1]), lineWidth=1.0, name='polygon', opacity=1, ori=0.0, pos=array([0., 0.]), size=array([0.5, 0.5]), units='height', vertices=ndarray(...), win=Window(...), windingRule=None)
8.2892 	EXP 	Created Stim = ImageStim(__class__=<class 'psychopy.visual.image.ImageStim'>, autoLog=True, color=array([1., 1., 1.]), colorSpace='rgb', contrast=1.0, depth=0.0, flipHoriz=False, flipVert=False, image='sin', interpolate=True, mask=None, maskParams=None, name='Stim', opacity=1, ori=0.0, pos=array([0., 0.]), size=array([1.777, 1.   ]), texRes=128.0, units='height', win=Window(...))
8.2935 	EXP 	Created polygon = ShapeStim(__class__=<class 'psychopy.visual.shape.ShapeStim'>, autoDraw=False, autoLog=True, closeShape=True, color=method-wrapper(...), colorSpace='rgb', contrast=None, depth=0.0, fillColor=array([1, 1, 1]), fillColorSpace='rgb', fillRGB=array([1, 1, 1]), interpolate=True, lineColor=array([1., 1., 1.]), lineColorSpace='rgb', lineRGB=array([1, 1, 1]), lineWidth=1.0, name='polygon', opacity=1, ori=0.0, pos=array([0., 0.]), size=array([0.5, 0.5]), units='height', vertices=ndarray(...), win=Window(...), windingRule=None)
8.2984 	EXP 	Created Stim = ImageStim(__class__=<class 'psychopy.visual.image.ImageStim'>, autoLog=True, color=array([1., 1., 1.]), colorSpace='rgb', contrast=1.0, depth=0.0, flipHoriz=False, flipVert=False, image='sin', interpolate=True, mask=None, maskParams=None, name='Stim', opacity=1, ori=0.0, pos=array([0., 0.]), size=array([1.777, 1.   ]), texRes=128.0, units='height', win=Window(...))
8.3301 	EXP 	Created text = TextStim(__class__=<class 'psychopy.visual.text.TextStim'>, alignHoriz=method-wrapper(...), alignText='center', alignVert=method-wrapper(...), anchorHoriz='center', anchorVert='center', antialias=True, autoLog=True, bold=False, color=array([1., 1., 1.]), colorSpace='rgb', contrast=1.0, depth=0.0, flipHoriz=False, flipVert=False, font='Open Sans', fontFiles=[], height=0.1, italic=False, languageStyle='LTR', name='text', opacity=1, ori=0.0, pos=array([0., 0.]), rgb=UNKNOWN, text=str(...), units='height', win=Window(...), wrapWidth=1)
8.3901 	EXP 	Instruct: autoDraw = True
8.3901 	EXP 	text_2: autoDraw = True
23.5841 	EXP 	Imported TMT-B_1_1.xlsx as conditions, 13 conditions, 6 params
23.5846 	EXP 	Created sequence: sequential, trialTypes=13, nReps=1, seed=None
23.5850 	EXP 	New trial (rep=0, index=0): {'NumB_1_1erLetter': 1, 'corrAns': 1, 'StimFile': 'TMT-B_1_1.png', 'Correct_StimFile': 'TMT-B_1_1.png', 'False_StimFile': 'TMT-B_1_1.png', 'DurationTrial': 10}
23.6701 	DATA 	Keypress: 1
23.6770 	EXP 	Instruct: autoDraw = False
23.6770 	EXP 	text_2: autoDraw = False
23.6770 	EXP 	Stim: image = 'TMT-B_1_1.png'
23.6770 	EXP 	Stim: image = 'TMT-B_1_1.png'
23.6770 	EXP 	Stim: autoDraw = True
23.7694 	DATA 	Keypress: 1
24.6423 	DATA 	Keypress: 1
24.6522 	EXP 	New trial (rep=0, index=1): {'NumB_1_1erLetter': 'A', 'corrAns': 2, 'StimFile': 'TMT-B_1_1.png', 'Correct_StimFile': 'TMT-B_1_1firstgreen.png', 'False_StimFile': 'TMT-B_1_1firstred.png', 'DurationTrial': 10}
24.7298 	EXP 	Stim: autoDraw = False
24.7298 	EXP 	Stim: image = 'TMT-B_1_1firstgreen.png'
24.7298 	EXP 	Stim: image = 'TMT-B_1_1firstred.png'
24.7298 	EXP 	Stim: autoDraw = True
24.8646 	DATA 	Keypress: 1
26.1284 	DATA 	Keypress: 1
26.1370 	EXP 	New trial (rep=0, index=2): {'NumB_1_1erLetter': 2, 'corrAns': 1, 'StimFile': 'TMT-B_1_1linestimulus0.png', 'Correct_StimFile': 'TMT-B_1_1greenlinestimulus0.png', 'False_StimFile': 'TMT-B_1_1redlinestimulus0.png', 'DurationTrial': 10}
26.2246 	EXP 	Stim: autoDraw = False
26.2246 	EXP 	Stim: image = 'TMT-B_1_1greenlinestimulus0.png'
26.2246 	EXP 	Stim: image = 'TMT-B_1_1redlinestimulus0.png'
26.2246 	EXP 	Stim: autoDraw = True
26.3578 	DATA 	Keypress: 1
26.7329 	DATA 	Keypress: 1
26.7417 	EXP 	New trial (rep=0, index=3): {'NumB_1_1erLetter': 'B', 'corrAns': 3, 'StimFile': 'TMT-B_1_1linestimulus1.png', 'Correct_StimFile': 'TMT-B_1_1greenlinestimulus1.png', 'False_StimFile': 'TMT-B_1_1redlinestimulus1.png', 'DurationTrial': 10}
26.8424 	EXP 	Stim: autoDraw = False
26.8424 	EXP 	Stim: image = 'TMT-B_1_1greenlinestimulus1.png'
26.8424 	EXP 	Stim: image = 'TMT-B_1_1redlinestimulus1.png'
26.8424 	EXP 	Stim: autoDraw = True
26.9342 	DATA 	Keypress: 1
27.1501 	EXP 	New trial (rep=0, index=4): {'NumB_1_1erLetter': 3, 'corrAns': 2, 'StimFile': 'TMT-B_1_1linestimulus2.png', 'Correct_StimFile': 'TMT-B_1_1greenlinestimulus2.png', 'False_StimFile': 'TMT-B_1_1redlinestimulus2.png', 'DurationTrial': 10}
27.2255 	DATA 	Keypress: 1
27.2307 	EXP 	Stim: autoDraw = False
27.2307 	EXP 	Stim: image = 'TMT-B_1_1greenlinestimulus2.png'
27.2307 	EXP 	Stim: image = 'TMT-B_1_1redlinestimulus2.png'
27.2307 	EXP 	Stim: autoDraw = True
27.3228 	DATA 	Keypress: 1
27.8768 	EXP 	New trial (rep=0, index=5): {'NumB_1_1erLetter': 'C', 'corrAns': 1, 'StimFile': 'TMT-B_1_1linestimulus3.png', 'Correct_StimFile': 'TMT-B_1_1greenlinestimulus3.png', 'False_StimFile': 'TMT-B_1_1redlinestimulus3.png', 'DurationTrial': 10}
27.9551 	DATA 	Keypress: 1
27.9612 	EXP 	Stim: autoDraw = False
27.9612 	EXP 	Stim: image = 'TMT-B_1_1greenlinestimulus3.png'
27.9612 	EXP 	Stim: image = 'TMT-B_1_1redlinestimulus3.png'
27.9612 	EXP 	Stim: autoDraw = True
28.0454 	DATA 	Keypress: 1
28.1567 	DATA 	Keypress: 1
28.1657 	EXP 	New trial (rep=0, index=6): {'NumB_1_1erLetter': 4, 'corrAns': 2, 'StimFile': 'TMT-B_1_1linestimulus4.png', 'Correct_StimFile': 'TMT-B_1_1greenlinestimulus4.png', 'False_StimFile': 'TMT-B_1_1redlinestimulus4.png', 'DurationTrial': 10}
28.2505 	EXP 	Stim: autoDraw = False
28.2505 	EXP 	Stim: image = 'TMT-B_1_1greenlinestimulus4.png'
28.2505 	EXP 	Stim: image = 'TMT-B_1_1redlinestimulus4.png'
28.2505 	EXP 	Stim: autoDraw = True
28.3159 	DATA 	Keypress: 1
113.6840 	EXP 	Stim: autoDraw = False
113.6840 	EXP 	polygon: autoDraw = True
116.6985 	EXP 	Imported TMT-BX_1_1.xlsx as conditions, 13 conditions, 5 params
116.6991 	EXP 	Created sequence: sequential, trialTypes=13, nReps=1, seed=None
116.6995 	EXP 	New trial (rep=0, index=0): {'NumberLetter': 7, 'corrAns': 3, 'StimFile': 'TMT-BX_1_1.png', 'Correct_StimFile': 'TMT-BX_1_1.png', 'False_StimFile': 'TMT-BX_1_1.png'}
116.7852 	EXP 	New trial (rep=0, index=1): {'NumberLetter': 'G', 'corrAns': 1, 'StimFile': 'TMT-BX_1_1.png', 'Correct_StimFile': 'TMT-BX_1_1firstgreen.png', 'False_StimFile': 'TMT-BX_1_1firstred.png'}
116.8897 	EXP 	New trial (rep=0, index=2): {'NumberLetter': 8, 'corrAns': 2, 'StimFile': 'TMT-BX_1_1linestimulus0.png', 'Correct_StimFile': 'TMT-BX_1_1greenlinestimulus0.png', 'False_StimFile': 'TMT-BX_1_1redlinestimulus0.png'}
116.9908 	EXP 	New trial (rep=0, index=3): {'NumberLetter': 'H', 'corrAns': 1, 'StimFile': 'TMT-BX_1_1linestimulus1.png', 'Correct_StimFile': 'TMT-BX_1_1greenlinestimulus1.png', 'False_StimFile': 'TMT-BX_1_1redlinestimulus1.png'}
117.0941 	EXP 	New trial (rep=0, index=4): {'NumberLetter': 9, 'corrAns': 3, 'StimFile': 'TMT-BX_1_1linestimulus2.png', 'Correct_StimFile': 'TMT-BX_1_1greenlinestimulus2.png', 'False_StimFile': 'TMT-BX_1_1redlinestimulus2.png'}
117.1949 	EXP 	New trial (rep=0, index=5): {'NumberLetter': 'I', 'corrAns': 1, 'StimFile': 'TMT-BX_1_1linestimulus3.png', 'Correct_StimFile': 'TMT-BX_1_1greenlinestimulus3.png', 'False_StimFile': 'TMT-BX_1_1redlinestimulus3.png'}
117.2972 	EXP 	New trial (rep=0, index=6): {'NumberLetter': 10, 'corrAns': 2, 'StimFile': 'TMT-BX_1_1linestimulus4.png', 'Correct_StimFile': 'TMT-BX_1_1greenlinestimulus4.png', 'False_StimFile': 'TMT-BX_1_1redlinestimulus4.png'}
117.4060 	EXP 	New trial (rep=0, index=7): {'NumberLetter': 'J', 'corrAns': 3, 'StimFile': 'TMT-BX_1_1linestimulus5.png', 'Correct_StimFile': 'TMT-BX_1_1greenlinestimulus5.png', 'False_StimFile': 'TMT-BX_1_1redlinestimulus5.png'}
117.5121 	EXP 	New trial (rep=0, index=8): {'NumberLetter': 11, 'corrAns': 2, 'StimFile': 'TMT-BX_1_1linestimulus6.png', 'Correct_StimFile': 'TMT-BX_1_1greenlinestimulus6.png', 'False_StimFile': 'TMT-BX_1_1redlinestimulus6.png'}
117.6180 	EXP 	New trial (rep=0, index=9): {'NumberLetter': 'K', 'corrAns': 1, 'StimFile': 'TMT-BX_1_1linestimulus7.png', 'Correct_StimFile': 'TMT-BX_1_1greenlinestimulus7.png', 'False_StimFile': 'TMT-BX_1_1redlinestimulus7.png'}
117.7245 	EXP 	New trial (rep=0, index=10): {'NumberLetter': 12, 'corrAns': 2, 'StimFile': 'TMT-BX_1_1linestimulus8.png', 'Correct_StimFile': 'TMT-BX_1_1greenlinestimulus8.png', 'False_StimFile': 'TMT-BX_1_1redlinestimulus8.png'}
117.8352 	EXP 	New trial (rep=0, index=11): {'NumberLetter': 'L', 'corrAns': 1, 'StimFile': 'TMT-BX_1_1linestimulus9.png', 'Correct_StimFile': 'TMT-BX_1_1greenlinestimulus9.png', 'False_StimFile': 'TMT-BX_1_1redlinestimulus9.png'}
117.9500 	EXP 	New trial (rep=0, index=12): {'NumberLetter': None, 'corrAns': None, 'StimFile': None, 'Correct_StimFile': 'TMT-BX_1_1greenlinestimulus10.png', 'False_StimFile': 'TMT-BX_1_1redlinestimulus10.png'}
118.0858 	EXP 	polygon: autoDraw = False
118.0858 	EXP 	Stim: image = 'TMT-BX_1_1.png'
118.0858 	EXP 	Stim: image = 'TMT-BX_1_1.png'
118.0858 	EXP 	Stim: autoDraw = True
118.0858 	EXP 	Stim: autoDraw = False
118.0858 	EXP 	Stim: image = 'TMT-BX_1_1firstgreen.png'
118.0858 	EXP 	Stim: image = 'TMT-BX_1_1firstred.png'
118.0858 	EXP 	Stim: autoDraw = True
118.0858 	EXP 	Stim: autoDraw = False
118.0858 	EXP 	Stim: image = 'TMT-BX_1_1greenlinestimulus0.png'
118.0858 	EXP 	Stim: image = 'TMT-BX_1_1redlinestimulus0.png'
118.0858 	EXP 	Stim: autoDraw = True
118.0858 	EXP 	Stim: autoDraw = False
118.0858 	EXP 	Stim: image = 'TMT-BX_1_1greenlinestimulus1.png'
118.0858 	EXP 	Stim: image = 'TMT-BX_1_1redlinestimulus1.png'
118.0858 	EXP 	Stim: autoDraw = True
118.0858 	EXP 	Stim: autoDraw = False
118.0858 	EXP 	Stim: image = 'TMT-BX_1_1greenlinestimulus2.png'
118.0858 	EXP 	Stim: image = 'TMT-BX_1_1redlinestimulus2.png'
118.0858 	EXP 	Stim: autoDraw = True
118.0858 	EXP 	Stim: autoDraw = False
118.0858 	EXP 	Stim: image = 'TMT-BX_1_1greenlinestimulus3.png'
118.0858 	EXP 	Stim: image = 'TMT-BX_1_1redlinestimulus3.png'
118.0858 	EXP 	Stim: autoDraw = True
118.0858 	EXP 	Stim: autoDraw = False
118.0858 	EXP 	Stim: image = 'TMT-BX_1_1greenlinestimulus4.png'
118.0858 	EXP 	Stim: image = 'TMT-BX_1_1redlinestimulus4.png'
118.0858 	EXP 	Stim: autoDraw = True
118.0858 	EXP 	Stim: autoDraw = False
118.0858 	EXP 	Stim: image = 'TMT-BX_1_1greenlinestimulus5.png'
118.0858 	EXP 	Stim: image = 'TMT-BX_1_1redlinestimulus5.png'
118.0858 	EXP 	Stim: autoDraw = True
118.0858 	EXP 	Stim: autoDraw = False
118.0858 	EXP 	Stim: image = 'TMT-BX_1_1greenlinestimulus6.png'
118.0858 	EXP 	Stim: image = 'TMT-BX_1_1redlinestimulus6.png'
118.0858 	EXP 	Stim: autoDraw = True
118.0858 	EXP 	Stim: autoDraw = False
118.0858 	EXP 	Stim: image = 'TMT-BX_1_1greenlinestimulus7.png'
118.0858 	EXP 	Stim: image = 'TMT-BX_1_1redlinestimulus7.png'
118.0858 	EXP 	Stim: autoDraw = True
118.0858 	EXP 	Stim: autoDraw = False
118.0858 	EXP 	Stim: image = 'TMT-BX_1_1greenlinestimulus8.png'
118.0858 	EXP 	Stim: image = 'TMT-BX_1_1redlinestimulus8.png'
118.0858 	EXP 	Stim: autoDraw = True
118.0858 	EXP 	Stim: autoDraw = False
118.0858 	EXP 	Stim: image = 'TMT-BX_1_1greenlinestimulus9.png'
118.0858 	EXP 	Stim: image = 'TMT-BX_1_1redlinestimulus9.png'
118.0858 	EXP 	Stim: autoDraw = True
118.0858 	EXP 	Stim: autoDraw = False
118.0858 	EXP 	Stim: image = 'TMT-BX_1_1greenlinestimulus10.png'
118.0858 	EXP 	Stim: image = 'TMT-BX_1_1redlinestimulus10.png'
118.0858 	EXP 	Stim: autoDraw = True
118.0858 	EXP 	Stim: autoDraw = False
118.0858 	EXP 	polygon: autoDraw = True
121.0707 	EXP 	Imported TMT-B_1_2.xlsx as conditions, 13 conditions, 6 params
121.0712 	EXP 	Created sequence: sequential, trialTypes=13, nReps=1, seed=None
121.0715 	EXP 	New trial (rep=0, index=0): {'NumB_1_2erLetter': 1, 'corrAns': 2, 'StimFile': 'TMT-B_1_2.png', 'Correct_StimFile': 'TMT-B_1_2.png', 'False_StimFile': 'TMT-B_1_2.png', 'DurationTrial': 10}
121.1169 	EXP 	New trial (rep=0, index=1): {'NumB_1_2erLetter': 'A', 'corrAns': 3, 'StimFile': 'TMT-B_1_2.png', 'Correct_StimFile': 'TMT-B_1_2firstgreen.png', 'False_StimFile': 'TMT-B_1_2firstred.png', 'DurationTrial': 10}
121.1800 	EXP 	New trial (rep=0, index=2): {'NumB_1_2erLetter': 2, 'corrAns': 1, 'StimFile': 'TMT-B_1_2linestimulus0.png', 'Correct_StimFile': 'TMT-B_1_2greenlinestimulus0.png', 'False_StimFile': 'TMT-B_1_2redlinestimulus0.png', 'DurationTrial': 10}
121.2476 	EXP 	New trial (rep=0, index=3): {'NumB_1_2erLetter': 'B', 'corrAns': 2, 'StimFile': 'TMT-B_1_2linestimulus1.png', 'Correct_StimFile': 'TMT-B_1_2greenlinestimulus1.png', 'False_StimFile': 'TMT-B_1_2redlinestimulus1.png', 'DurationTrial': 10}
121.3219 	EXP 	New trial (rep=0, index=4): {'NumB_1_2erLetter': 3, 'corrAns': 3, 'StimFile': 'TMT-B_1_2linestimulus2.png', 'Correct_StimFile': 'TMT-B_1_2greenlinestimulus2.png', 'False_StimFile': 'TMT-B_1_2redlinestimulus2.png', 'DurationTrial': 10}
121.4156 	EXP 	New trial (rep=0, index=5): {'NumB_1_2erLetter': 'C', 'corrAns': 2, 'StimFile': 'TMT-B_1_2linestimulus3.png', 'Correct_StimFile': 'TMT-B_1_2greenlinestimulus3.png', 'False_StimFile': 'TMT-B_1_2redlinestimulus3.png', 'DurationTrial': 10}
121.5003 	EXP 	New trial (rep=0, index=6): {'NumB_1_2erLetter': 4, 'corrAns': 1, 'StimFile': 'TMT-B_1_2linestimulus4.png', 'Correct_StimFile': 'TMT-B_1_2greenlinestimulus4.png', 'False_StimFile': 'TMT-B_1_2redlinestimulus4.png', 'DurationTrial': 10}
121.5836 	EXP 	New trial (rep=0, index=7): {'NumB_1_2erLetter': 'D', 'corrAns': 3, 'StimFile': 'TMT-B_1_2linestimulus5.png', 'Correct_StimFile': 'TMT-B_1_2greenlinestimulus5.png', 'False_StimFile': 'TMT-B_1_2redlinestimulus5.png', 'DurationTrial': 10}
121.6602 	EXP 	New trial (rep=0, index=8): {'NumB_1_2erLetter': 5, 'corrAns': 1, 'StimFile': 'TMT-B_1_2linestimulus6.png', 'Correct_StimFile': 'TMT-B_1_2greenlinestimulus6.png', 'False_StimFile': 'TMT-B_1_2redlinestimulus6.png', 'DurationTrial': 10}
121.7405 	EXP 	New trial (rep=0, index=9): {'NumB_1_2erLetter': 'E', 'corrAns': 3, 'StimFile': 'TMT-B_1_2linestimulus7.png', 'Correct_StimFile': 'TMT-B_1_2greenlinestimulus7.png', 'False_StimFile': 'TMT-B_1_2redlinestimulus7.png', 'DurationTrial': 10}
121.8124 	EXP 	New trial (rep=0, index=10): {'NumB_1_2erLetter': 6, 'corrAns': 1, 'StimFile': 'TMT-B_1_2linestimulus8.png', 'Correct_StimFile': 'TMT-B_1_2greenlinestimulus8.png', 'False_StimFile': 'TMT-B_1_2redlinestimulus8.png', 'DurationTrial': 10}
121.8819 	EXP 	New trial (rep=0, index=11): {'NumB_1_2erLetter': 'F', 'corrAns': 2, 'StimFile': 'TMT-B_1_2linestimulus9.png', 'Correct_StimFile': 'TMT-B_1_2greenlinestimulus9.png', 'False_StimFile': 'TMT-B_1_2redlinestimulus9.png', 'DurationTrial': 10}
121.9477 	EXP 	New trial (rep=0, index=12): {'NumB_1_2erLetter': None, 'corrAns': None, 'StimFile': None, 'Correct_StimFile': 'TMT-B_1_2greenlinestimulus10.png', 'False_StimFile': 'TMT-B_1_2redlinestimulus10.png', 'DurationTrial': 1}
122.0369 	EXP 	polygon: autoDraw = False
122.0369 	EXP 	Stim: image = 'TMT-B_1_2.png'
122.0369 	EXP 	Stim: image = 'TMT-B_1_2.png'
122.0369 	EXP 	Stim: autoDraw = True
122.0369 	EXP 	Stim: autoDraw = False
122.0369 	EXP 	Stim: image = 'TMT-B_1_2firstgreen.png'
122.0369 	EXP 	Stim: image = 'TMT-B_1_2firstred.png'
122.0369 	EXP 	Stim: autoDraw = True
122.0369 	EXP 	Stim: autoDraw = False
122.0369 	EXP 	Stim: image = 'TMT-B_1_2greenlinestimulus0.png'
122.0369 	EXP 	Stim: image = 'TMT-B_1_2redlinestimulus0.png'
122.0369 	EXP 	Stim: autoDraw = True
122.0369 	EXP 	Stim: autoDraw = False
122.0369 	EXP 	Stim: image = 'TMT-B_1_2greenlinestimulus1.png'
122.0369 	EXP 	Stim: image = 'TMT-B_1_2redlinestimulus1.png'
122.0369 	EXP 	Stim: autoDraw = True
122.0369 	EXP 	Stim: autoDraw = False
122.0369 	EXP 	Stim: image = 'TMT-B_1_2greenlinestimulus2.png'
122.0369 	EXP 	Stim: image = 'TMT-B_1_2redlinestimulus2.png'
122.0369 	EXP 	Stim: autoDraw = True
122.0369 	EXP 	Stim: autoDraw = False
122.0369 	EXP 	Stim: image = 'TMT-B_1_2greenlinestimulus3.png'
122.0369 	EXP 	Stim: image = 'TMT-B_1_2redlinestimulus3.png'
122.0369 	EXP 	Stim: autoDraw = True
122.0369 	EXP 	Stim: autoDraw = False
122.0369 	EXP 	Stim: image = 'TMT-B_1_2greenlinestimulus4.png'
122.0369 	EXP 	Stim: image = 'TMT-B_1_2redlinestimulus4.png'
122.0369 	EXP 	Stim: autoDraw = True
122.0369 	EXP 	Stim: autoDraw = False
122.0369 	EXP 	Stim: image = 'TMT-B_1_2greenlinestimulus5.png'
122.0369 	EXP 	Stim: image = 'TMT-B_1_2redlinestimulus5.png'
122.0369 	EXP 	Stim: autoDraw = True
122.0369 	EXP 	Stim: autoDraw = False
122.0369 	EXP 	Stim: image = 'TMT-B_1_2greenlinestimulus6.png'
122.0369 	EXP 	Stim: image = 'TMT-B_1_2redlinestimulus6.png'
122.0369 	EXP 	Stim: autoDraw = True
122.0369 	EXP 	Stim: autoDraw = False
122.0369 	EXP 	Stim: image = 'TMT-B_1_2greenlinestimulus7.png'
122.0369 	EXP 	Stim: image = 'TMT-B_1_2redlinestimulus7.png'
122.0369 	EXP 	Stim: autoDraw = True
122.0369 	EXP 	Stim: autoDraw = False
122.0369 	EXP 	Stim: image = 'TMT-B_1_2greenlinestimulus8.png'
122.0369 	EXP 	Stim: image = 'TMT-B_1_2redlinestimulus8.png'
122.0369 	EXP 	Stim: autoDraw = True
122.0369 	EXP 	Stim: autoDraw = False
122.0369 	EXP 	Stim: image = 'TMT-B_1_2greenlinestimulus9.png'
122.0369 	EXP 	Stim: image = 'TMT-B_1_2redlinestimulus9.png'
122.0369 	EXP 	Stim: autoDraw = True
122.0369 	EXP 	Stim: autoDraw = False
122.0369 	EXP 	Stim: image = 'TMT-B_1_2greenlinestimulus10.png'
122.0369 	EXP 	Stim: image = 'TMT-B_1_2redlinestimulus10.png'
122.0369 	EXP 	Stim: autoDraw = True
122.0369 	EXP 	Stim: autoDraw = False
122.0369 	EXP 	polygon: autoDraw = True
125.0317 	EXP 	Imported TMT-BX_1_2.xlsx as conditions, 13 conditions, 5 params
125.0323 	EXP 	Created sequence: sequential, trialTypes=13, nReps=1, seed=None
125.0326 	EXP 	New trial (rep=0, index=0): {'NumberLetter': 7, 'corrAns': 2, 'StimFile': 'TMT-BX_1_2.png', 'Correct_StimFile': 'TMT-BX_1_2.png', 'False_StimFile': 'TMT-BX_1_2.png'}
125.1013 	EXP 	New trial (rep=0, index=1): {'NumberLetter': 'G', 'corrAns': 3, 'StimFile': 'TMT-BX_1_2.png', 'Correct_StimFile': 'TMT-BX_1_2firstgreen.png', 'False_StimFile': 'TMT-BX_1_2firstred.png'}
125.1642 	EXP 	New trial (rep=0, index=2): {'NumberLetter': 8, 'corrAns': 1, 'StimFile': 'TMT-BX_1_2linestimulus0.png', 'Correct_StimFile': 'TMT-BX_1_2greenlinestimulus0.png', 'False_StimFile': 'TMT-BX_1_2redlinestimulus0.png'}
125.2268 	EXP 	New trial (rep=0, index=3): {'NumberLetter': 'H', 'corrAns': 3, 'StimFile': 'TMT-BX_1_2linestimulus1.png', 'Correct_StimFile': 'TMT-BX_1_2greenlinestimulus1.png', 'False_StimFile': 'TMT-BX_1_2redlinestimulus1.png'}
125.2898 	EXP 	New trial (rep=0, index=4): {'NumberLetter': 9, 'corrAns': 2, 'StimFile': 'TMT-BX_1_2linestimulus2.png', 'Correct_StimFile': 'TMT-BX_1_2greenlinestimulus2.png', 'False_StimFile': 'TMT-BX_1_2redlinestimulus2.png'}
125.3550 	EXP 	New trial (rep=0, index=5): {'NumberLetter': 'I', 'corrAns': 1, 'StimFile': 'TMT-BX_1_2linestimulus3.png', 'Correct_StimFile': 'TMT-BX_1_2greenlinestimulus3.png', 'False_StimFile': 'TMT-BX_1_2redlinestimulus3.png'}
125.4207 	EXP 	New trial (rep=0, index=6): {'NumberLetter': 10, 'corrAns': 3, 'StimFile': 'TMT-BX_1_2linestimulus4.png', 'Correct_StimFile': 'TMT-BX_1_2greenlinestimulus4.png', 'False_StimFile': 'TMT-BX_1_2redlinestimulus4.png'}
125.4872 	EXP 	New trial (rep=0, index=7): {'NumberLetter': 'J', 'corrAns': 2, 'StimFile': 'TMT-BX_1_2linestimulus5.png', 'Correct_StimFile': 'TMT-BX_1_2greenlinestimulus5.png', 'False_StimFile': 'TMT-BX_1_2redlinestimulus5.png'}
125.5578 	EXP 	New trial (rep=0, index=8): {'NumberLetter': 11, 'corrAns': 3, 'StimFile': 'TMT-BX_1_2linestimulus6.png', 'Correct_StimFile': 'TMT-BX_1_2greenlinestimulus6.png', 'False_StimFile': 'TMT-BX_1_2redlinestimulus6.png'}
125.6291 	EXP 	New trial (rep=0, index=9): {'NumberLetter': 'K', 'corrAns': 2, 'StimFile': 'TMT-BX_1_2linestimulus7.png', 'Correct_StimFile': 'TMT-BX_1_2greenlinestimulus7.png', 'False_StimFile': 'TMT-BX_1_2redlinestimulus7.png'}
125.6995 	EXP 	New trial (rep=0, index=10): {'NumberLetter': 12, 'corrAns': 3, 'StimFile': 'TMT-BX_1_2linestimulus8.png', 'Correct_StimFile': 'TMT-BX_1_2greenlinestimulus8.png', 'False_StimFile': 'TMT-BX_1_2redlinestimulus8.png'}
125.7730 	EXP 	New trial (rep=0, index=11): {'NumberLetter': 'L', 'corrAns': 2, 'StimFile': 'TMT-BX_1_2linestimulus9.png', 'Correct_StimFile': 'TMT-BX_1_2greenlinestimulus9.png', 'False_StimFile': 'TMT-BX_1_2redlinestimulus9.png'}
125.8518 	EXP 	New trial (rep=0, index=12): {'NumberLetter': None, 'corrAns': None, 'StimFile': None, 'Correct_StimFile': 'TMT-BX_1_2greenlinestimulus10.png', 'False_StimFile': 'TMT-BX_1_2redlinestimulus10.png'}
125.9718 	EXP 	polygon: autoDraw = False
125.9718 	EXP 	Stim: image = 'TMT-BX_1_2.png'
125.9718 	EXP 	Stim: image = 'TMT-BX_1_2.png'
125.9718 	EXP 	Stim: autoDraw = True
125.9718 	EXP 	Stim: autoDraw = False
125.9718 	EXP 	Stim: image = 'TMT-BX_1_2firstgreen.png'
125.9718 	EXP 	Stim: image = 'TMT-BX_1_2firstred.png'
125.9718 	EXP 	Stim: autoDraw = True
125.9718 	EXP 	Stim: autoDraw = False
125.9718 	EXP 	Stim: image = 'TMT-BX_1_2greenlinestimulus0.png'
125.9718 	EXP 	Stim: image = 'TMT-BX_1_2redlinestimulus0.png'
125.9718 	EXP 	Stim: autoDraw = True
125.9718 	EXP 	Stim: autoDraw = False
125.9718 	EXP 	Stim: image = 'TMT-BX_1_2greenlinestimulus1.png'
125.9718 	EXP 	Stim: image = 'TMT-BX_1_2redlinestimulus1.png'
125.9718 	EXP 	Stim: autoDraw = True
125.9718 	EXP 	Stim: autoDraw = False
125.9718 	EXP 	Stim: image = 'TMT-BX_1_2greenlinestimulus2.png'
125.9718 	EXP 	Stim: image = 'TMT-BX_1_2redlinestimulus2.png'
125.9718 	EXP 	Stim: autoDraw = True
125.9718 	EXP 	Stim: autoDraw = False
125.9718 	EXP 	Stim: image = 'TMT-BX_1_2greenlinestimulus3.png'
125.9718 	EXP 	Stim: image = 'TMT-BX_1_2redlinestimulus3.png'
125.9718 	EXP 	Stim: autoDraw = True
125.9718 	EXP 	Stim: autoDraw = False
125.9718 	EXP 	Stim: image = 'TMT-BX_1_2greenlinestimulus4.png'
125.9718 	EXP 	Stim: image = 'TMT-BX_1_2redlinestimulus4.png'
125.9718 	EXP 	Stim: autoDraw = True
125.9718 	EXP 	Stim: autoDraw = False
125.9718 	EXP 	Stim: image = 'TMT-BX_1_2greenlinestimulus5.png'
125.9718 	EXP 	Stim: image = 'TMT-BX_1_2redlinestimulus5.png'
125.9718 	EXP 	Stim: autoDraw = True
125.9718 	EXP 	Stim: autoDraw = False
125.9718 	EXP 	Stim: image = 'TMT-BX_1_2greenlinestimulus6.png'
125.9718 	EXP 	Stim: image = 'TMT-BX_1_2redlinestimulus6.png'
125.9718 	EXP 	Stim: autoDraw = True
125.9718 	EXP 	Stim: autoDraw = False
125.9718 	EXP 	Stim: image = 'TMT-BX_1_2greenlinestimulus7.png'
125.9718 	EXP 	Stim: image = 'TMT-BX_1_2redlinestimulus7.png'
125.9718 	EXP 	Stim: autoDraw = True
125.9718 	EXP 	Stim: autoDraw = False
125.9718 	EXP 	Stim: image = 'TMT-BX_1_2greenlinestimulus8.png'
125.9718 	EXP 	Stim: image = 'TMT-BX_1_2redlinestimulus8.png'
125.9718 	EXP 	Stim: autoDraw = True
125.9718 	EXP 	Stim: autoDraw = False
125.9718 	EXP 	Stim: image = 'TMT-BX_1_2greenlinestimulus9.png'
125.9718 	EXP 	Stim: image = 'TMT-BX_1_2redlinestimulus9.png'
125.9718 	EXP 	Stim: autoDraw = True
125.9718 	EXP 	Stim: autoDraw = False
125.9718 	EXP 	Stim: image = 'TMT-BX_1_2greenlinestimulus10.png'
125.9718 	EXP 	Stim: image = 'TMT-BX_1_2redlinestimulus10.png'
125.9718 	EXP 	Stim: autoDraw = True
125.9718 	EXP 	Stim: autoDraw = False
125.9718 	EXP 	text: autoDraw = True
131.9564 	EXP 	text: autoDraw = False
132.0726 	EXP 	window1: mouseVisible = True
