1.7312 	WARNING 	We strongly recommend you activate the PTB sound engine in PsychoPy prefs as the preferred audio engine. Its timing is vastly superior. Your prefs are currently set to use ['pyo'] (in that order).
7.0206 	EXP 	Created window1 = Window(allowGUI=False, allowStencil=False, autoLog=True, backendConf=UNKNOWN, bitsMode=UNKNOWN, blendMode='avg', bpc=(8, 8, 8), color=array([0, 0, 0]), colorSpace='rgb', depthBits=8, fullscr=<method-wrapper '__getattribute__' of attributeSetter object at 0x000001C22551D978>, gamma=None, gammaErrorPolicy='raise', lms=UNKNOWN, monitor=<psychopy.monitors.calibTools.Monitor object at 0x000001C225504C88>, multiSample=False, name='window1', numSamples=2, pos=[0.0, 0.0], screen=0, size=array([3440, 1440]), stencilBits=0, stereo=False, units='height', useFBO=True, useRetina=False, viewOri=0.0, viewPos=None, viewScale=None, waitBlanking=True, winType='pyglet')
7.0209 	EXP 	window1: mouseVisible = True
7.0209 	EXP 	window1: recordFrameIntervals = False
7.1866 	EXP 	window1: recordFrameIntervals = True
7.3702 	EXP 	window1: recordFrameIntervals = False
7.6554 	EXP 	Created Instruct = ImageStim(__class__=<class 'psychopy.visual.image.ImageStim'>, autoLog=True, color=array([1., 1., 1.]), colorSpace='rgb', contrast=1.0, depth=0.0, flipHoriz=False, flipVert=False, image='InkedInstructBfinal_LI.jpg', interpolate=True, mask=None, maskParams=None, name='Instruct', opacity=1, ori=0.0, pos=array([0., 0.]), size=array([0.8, 0.8]), texRes=128.0, units='height', win=Window(...))
7.7274 	EXP 	Created text_2 = TextStim(__class__=<class 'psychopy.visual.text.TextStim'>, alignHoriz=method-wrapper(...), alignText='center', alignVert=method-wrapper(...), anchorHoriz='center', anchorVert='center', antialias=True, autoLog=True, bold=False, color=array([1., 1., 1.]), colorSpace='rgb', contrast=1.0, depth=-2.0, flipHoriz=False, flipVert=False, font='Open Sans', fontFiles=[], height=0.04, italic=False, languageStyle='LTR', name='text_2', opacity=1, ori=0.5, pos=array([ 0.  , -0.45]), rgb=UNKNOWN, text=str(...), units='height', win=Window(...), wrapWidth=2.0)
7.7314 	EXP 	Created Stim = ImageStim(__class__=<class 'psychopy.visual.image.ImageStim'>, autoLog=True, color=array([1., 1., 1.]), colorSpace='rgb', contrast=1.0, depth=0.0, flipHoriz=False, flipVert=False, image='sin', interpolate=True, mask=None, maskParams=None, name='Stim', opacity=1, ori=0.0, pos=array([0., 0.]), size=array([1., 1.]), texRes=128.0, units='height', win=Window(...))
7.7561 	EXP 	Created text_3 = TextStim(__class__=<class 'psychopy.visual.text.TextStim'>, alignHoriz=method-wrapper(...), alignText='center', alignVert=method-wrapper(...), anchorHoriz='center', anchorVert='center', antialias=True, autoLog=True, bold=False, color=array([1., 1., 1.]), colorSpace='rgb', contrast=1.0, depth=0.0, flipHoriz=False, flipVert=False, font='Open Sans', fontFiles=[], height=0.1, italic=False, languageStyle='LTR', name='text_3', opacity=1, ori=0.0, pos=array([0., 0.]), rgb=UNKNOWN, text=str(...), units='height', win=Window(...), wrapWidth=1)
7.7852 	EXP 	Created Instruct = ImageStim(__class__=<class 'psychopy.visual.image.ImageStim'>, autoLog=True, color=array([1., 1., 1.]), colorSpace='rgb', contrast=1.0, depth=0.0, flipHoriz=False, flipVert=False, image='InkedInstructBfinal_LI.jpg', interpolate=True, mask=None, maskParams=None, name='Instruct', opacity=1, ori=0.0, pos=array([0., 0.]), size=array([0.8, 0.8]), texRes=128.0, units='height', win=Window(...))
7.7896 	EXP 	Created text_2 = TextStim(__class__=<class 'psychopy.visual.text.TextStim'>, alignHoriz=method-wrapper(...), alignText='center', alignVert=method-wrapper(...), anchorHoriz='center', anchorVert='center', antialias=True, autoLog=True, bold=False, color=array([1., 1., 1.]), colorSpace='rgb', contrast=1.0, depth=-2.0, flipHoriz=False, flipVert=False, font='Open Sans', fontFiles=[], height=0.04, italic=False, languageStyle='LTR', name='text_2', opacity=1, ori=0.5, pos=array([ 0.  , -0.45]), rgb=UNKNOWN, text=str(...), units='height', win=Window(...), wrapWidth=2.0)
7.7964 	EXP 	Created Stim = ImageStim(__class__=<class 'psychopy.visual.image.ImageStim'>, autoLog=True, color=array([1., 1., 1.]), colorSpace='rgb', contrast=1.0, depth=0.0, flipHoriz=False, flipVert=False, image='sin', interpolate=True, mask=None, maskParams=None, name='Stim', opacity=1, ori=0.0, pos=array([0., 0.]), size=array([1., 1.]), texRes=128.0, units='height', win=Window(...))
7.8060 	EXP 	Created text = TextStim(__class__=<class 'psychopy.visual.text.TextStim'>, alignHoriz=method-wrapper(...), alignText='center', alignVert=method-wrapper(...), anchorHoriz='center', anchorVert='center', antialias=True, autoLog=True, bold=False, color=array([1., 1., 1.]), colorSpace='rgb', contrast=1.0, depth=0.0, flipHoriz=False, flipVert=False, font='Open Sans', fontFiles=[], height=0.1, italic=False, languageStyle='LTR', name='text', opacity=1, ori=0.0, pos=array([0., 0.]), rgb=UNKNOWN, text='Thank you!\n\nYou have finished the task!', units='height', win=Window(...), wrapWidth=1)
7.8804 	EXP 	Instruct: autoDraw = True
7.8804 	EXP 	text_2: autoDraw = True
8.9968 	EXP 	Imported TMTA-1.xlsx as conditions, 13 conditions, 5 params
8.9971 	EXP 	Created sequence: sequential, trialTypes=13, nReps=1, seed=None
8.9973 	EXP 	New trial (rep=0, index=0): {'NumberLetter': 1, 'corrAns': 2, 'StimFile': 'TMT-control.jpg', 'Correct_StimFile': None, 'False_StimFile': None}
9.0789 	DATA 	Keypress: 1
9.0877 	EXP 	Instruct: autoDraw = False
9.0877 	EXP 	text_2: autoDraw = False
9.0877 	EXP 	Stim: image = 'TMT-control.jpg'
9.0877 	EXP 	Stim: autoDraw = True
13.3930 	EXP 	New trial (rep=0, index=1): {'NumberLetter': 'A', 'corrAns': 3, 'StimFile': 'TMT-control.jpg', 'Correct_StimFile': None, 'False_StimFile': None}
13.4119 	DATA 	Keypress: 2
13.4228 	EXP 	Stim: autoDraw = False
13.4228 	EXP 	Stim: image = 'TMT-control.jpg'
13.4228 	EXP 	Stim: autoDraw = True
14.5768 	EXP 	New trial (rep=0, index=2): {'NumberLetter': 2, 'corrAns': 1, 'StimFile': 'TMT-control_linestimulus0.png', 'Correct_StimFile': None, 'False_StimFile': None}
14.6038 	DATA 	Keypress: 3
14.6234 	EXP 	Stim: autoDraw = False
14.6234 	EXP 	Stim: image = 'TMT-control_linestimulus0.png'
14.6234 	EXP 	Stim: autoDraw = True
15.9442 	EXP 	New trial (rep=0, index=3): {'NumberLetter': 'B', 'corrAns': 2, 'StimFile': 'TMT-control_linestimulus1.png', 'Correct_StimFile': None, 'False_StimFile': None}
15.9716 	DATA 	Keypress: 1
15.9907 	EXP 	Stim: autoDraw = False
15.9907 	EXP 	Stim: image = 'TMT-control_linestimulus1.png'
15.9907 	EXP 	Stim: autoDraw = True
17.1442 	EXP 	New trial (rep=0, index=4): {'NumberLetter': 3, 'corrAns': 3, 'StimFile': 'TMT-control_linestimulus2.png', 'Correct_StimFile': None, 'False_StimFile': None}
17.1703 	DATA 	Keypress: 2
17.1912 	EXP 	Stim: autoDraw = False
17.1912 	EXP 	Stim: image = 'TMT-control_linestimulus2.png'
17.1912 	EXP 	Stim: autoDraw = True
18.0113 	EXP 	New trial (rep=0, index=5): {'NumberLetter': 'C', 'corrAns': 2, 'StimFile': 'TMT-control_linestimulus3.png', 'Correct_StimFile': None, 'False_StimFile': None}
18.0373 	DATA 	Keypress: 3
18.0583 	EXP 	Stim: autoDraw = False
18.0583 	EXP 	Stim: image = 'TMT-control_linestimulus3.png'
18.0583 	EXP 	Stim: autoDraw = True
18.8950 	DATA 	Keypress: 2
18.9120 	EXP 	New trial (rep=0, index=6): {'NumberLetter': 4, 'corrAns': 1, 'StimFile': 'TMT-control_linestimulus4.png', 'Correct_StimFile': None, 'False_StimFile': None}
18.9586 	EXP 	Stim: autoDraw = False
18.9586 	EXP 	Stim: image = 'TMT-control_linestimulus4.png'
18.9586 	EXP 	Stim: autoDraw = True
19.8454 	EXP 	New trial (rep=0, index=7): {'NumberLetter': 'D', 'corrAns': 3, 'StimFile': 'TMT-control_linestimulus5.png', 'Correct_StimFile': None, 'False_StimFile': None}
19.8716 	DATA 	Keypress: 1
19.8925 	EXP 	Stim: autoDraw = False
19.8925 	EXP 	Stim: image = 'TMT-control_linestimulus5.png'
19.8925 	EXP 	Stim: autoDraw = True
20.9793 	EXP 	New trial (rep=0, index=8): {'NumberLetter': 5, 'corrAns': 1, 'StimFile': 'TMT-control_linestimulus6.png', 'Correct_StimFile': None, 'False_StimFile': None}
21.0062 	DATA 	Keypress: 3
21.0263 	EXP 	Stim: autoDraw = False
21.0263 	EXP 	Stim: image = 'TMT-control_linestimulus6.png'
21.0263 	EXP 	Stim: autoDraw = True
21.8128 	EXP 	New trial (rep=0, index=9): {'NumberLetter': 'E', 'corrAns': 2, 'StimFile': 'TMT-control_linestimulus7.png', 'Correct_StimFile': None, 'False_StimFile': None}
21.8410 	DATA 	Keypress: 1
21.8601 	EXP 	Stim: autoDraw = False
21.8601 	EXP 	Stim: image = 'TMT-control_linestimulus7.png'
21.8601 	EXP 	Stim: autoDraw = True
22.9804 	EXP 	New trial (rep=0, index=10): {'NumberLetter': 6, 'corrAns': 1, 'StimFile': 'TMT-control_linestimulus8.png', 'Correct_StimFile': None, 'False_StimFile': None}
23.0077 	DATA 	Keypress: 2
23.0273 	EXP 	Stim: autoDraw = False
23.0273 	EXP 	Stim: image = 'TMT-control_linestimulus8.png'
23.0273 	EXP 	Stim: autoDraw = True
23.8975 	EXP 	New trial (rep=0, index=11): {'NumberLetter': 'F', 'corrAns': 2, 'StimFile': 'TMT-control_linestimulus9.png', 'Correct_StimFile': None, 'False_StimFile': None}
23.9249 	DATA 	Keypress: 1
23.9444 	EXP 	Stim: autoDraw = False
23.9444 	EXP 	Stim: image = 'TMT-control_linestimulus9.png'
23.9444 	EXP 	Stim: autoDraw = True
24.6981 	EXP 	New trial (rep=0, index=12): {'NumberLetter': None, 'corrAns': None, 'StimFile': 'TMT-control_linestimulus10.png', 'Correct_StimFile': None, 'False_StimFile': None}
24.7249 	DATA 	Keypress: 2
24.7448 	EXP 	Stim: autoDraw = False
24.7448 	EXP 	Stim: image = 'TMT-control_linestimulus10.png'
24.7448 	EXP 	Stim: autoDraw = True
25.8849 	DATA 	Keypress: 3
25.8952 	EXP 	Stim: autoDraw = False
25.8952 	EXP 	text_3: autoDraw = True
28.8681 	DATA 	Keypress: escape
28.8800 	EXP 	text_3: autoDraw = False
28.8800 	EXP 	Instruct: autoDraw = True
28.8800 	EXP 	text_2: autoDraw = True
33.9415 	EXP 	Imported TMTB-1.xlsx as conditions, 25 conditions, 3 params
33.9418 	EXP 	Created sequence: sequential, trialTypes=25, nReps=1, seed=None
33.9421 	EXP 	New trial (rep=0, index=0): {'NumberLetter': 1, 'corrAns': 3, 'StimFile': 'TMTBD1.bmp'}
33.9591 	DATA 	Keypress: escape
33.9657 	EXP 	Instruct: autoDraw = False
33.9657 	EXP 	text_2: autoDraw = False
33.9657 	EXP 	Stim: image = 'TMTBD1.bmp'
33.9657 	EXP 	Stim: autoDraw = True
34.7359 	DATA 	Keypress: escape
34.9849 	EXP 	window1: mouseVisible = True
