1.6639 	WARNING 	We strongly recommend you activate the PTB sound engine in PsychoPy prefs as the preferred audio engine. Its timing is vastly superior. Your prefs are currently set to use ['pyo'] (in that order).
6.5824 	EXP 	Created window1 = Window(allowGUI=True, allowStencil=False, autoLog=True, backendConf=UNKNOWN, bitsMode=UNKNOWN, blendMode='avg', bpc=(8, 8, 8), color=array([0, 0, 0]), colorSpace='rgb', depthBits=8, fullscr=<method-wrapper '__getattribute__' of attributeSetter object at 0x0000020B25E16AC8>, gamma=None, gammaErrorPolicy='raise', lms=UNKNOWN, monitor=<psychopy.monitors.calibTools.Monitor object at 0x0000020B25D33D68>, multiSample=False, name='window1', numSamples=2, pos=[0.0, 0.0], screen=0, size=array([1920, 1055]), stencilBits=0, stereo=False, units='height', useFBO=True, useRetina=False, viewOri=0.0, viewPos=None, viewScale=None, waitBlanking=True, winType='glfw')
6.5824 	EXP 	window1: mouseVisible = True
6.5825 	EXP 	window1: recordFrameIntervals = False
6.6574 	EXP 	window1: recordFrameIntervals = True
6.6883 	WARNING 	t of last frame was 8.49ms (=1/117)
6.7247 	WARNING 	t of last frame was 10.25ms (=1/97)
6.7348 	WARNING 	t of last frame was 10.13ms (=1/98)
6.8004 	WARNING 	t of last frame was 10.10ms (=1/98)
6.8099 	WARNING 	Multiple dropped frames have occurred - I'll stop bothering you about them!
7.0960 	EXP 	window1: recordFrameIntervals = False
7.4805 	EXP 	Created Instruct = ImageStim(__class__=<class 'psychopy.visual.image.ImageStim'>, autoLog=True, color=array([1., 1., 1.]), colorSpace='rgb', contrast=1.0, depth=0.0, flipHoriz=False, flipVert=False, image=str(...), interpolate=True, mask=None, maskParams=None, name='Instruct', opacity=1, ori=0.0, pos=array([0., 0.]), size=array([1.28, 0.72]), texRes=128.0, units='height', win=Window(...))
7.5541 	EXP 	Created image_2 = ImageStim(__class__=<class 'psychopy.visual.image.ImageStim'>, autoLog=True, color=array([1., 1., 1.]), colorSpace='rgb', contrast=1.0, depth=0.0, flipHoriz=False, flipVert=False, image=str(...), interpolate=True, mask=None, maskParams=None, name='image_2', opacity=1, ori=0.0, pos=array([0., 0.]), size=array([1.28, 0.72]), texRes=128.0, units='height', win=Window(...))
7.5569 	EXP 	Created polygon = ShapeStim(__class__=<class 'psychopy.visual.shape.ShapeStim'>, autoDraw=False, autoLog=True, closeShape=True, color=method-wrapper(...), colorSpace='rgb', contrast=None, depth=0.0, fillColor=array([1, 1, 1]), fillColorSpace='rgb', fillRGB=array([1, 1, 1]), interpolate=True, lineColor=array([1., 1., 1.]), lineColorSpace='rgb', lineRGB=array([1, 1, 1]), lineWidth=1.0, name='polygon', opacity=1, ori=0.0, pos=array([0., 0.]), size=array([0.5, 0.5]), units='height', vertices=ndarray(...), win=Window(...), windingRule=None)
7.5605 	EXP 	Created Stim_practice = ImageStim(__class__=<class 'psychopy.visual.image.ImageStim'>, autoLog=True, color=array([1., 1., 1.]), colorSpace='rgb', contrast=1.0, depth=0.0, flipHoriz=False, flipVert=False, image='sin', interpolate=True, mask=None, maskParams=None, name='Stim_practice', opacity=1, ori=0.0, pos=array([0., 0.]), size=array([1.777, 1.   ]), texRes=128.0, units='height', win=Window(...))
7.6192 	EXP 	Created text_5 = TextStim(__class__=<class 'psychopy.visual.text.TextStim'>, alignHoriz=method-wrapper(...), alignText='center', alignVert=method-wrapper(...), anchorHoriz='center', anchorVert='center', antialias=True, autoLog=True, bold=False, color=array([1., 1., 1.]), colorSpace='rgb', contrast=1.0, depth=0.0, flipHoriz=False, flipVert=False, font='Open Sans', fontFiles=[], height=0.03, italic=False, languageStyle='LTR', name='text_5', opacity=1, ori=0.0, pos=array([0., 0.]), rgb=UNKNOWN, text='', units='height', win=Window(...), wrapWidth=1)
7.6211 	EXP 	Created polygon = ShapeStim(__class__=<class 'psychopy.visual.shape.ShapeStim'>, autoDraw=False, autoLog=True, closeShape=True, color=method-wrapper(...), colorSpace='rgb', contrast=None, depth=0.0, fillColor=array([1, 1, 1]), fillColorSpace='rgb', fillRGB=array([1, 1, 1]), interpolate=True, lineColor=array([1., 1., 1.]), lineColorSpace='rgb', lineRGB=array([1, 1, 1]), lineWidth=1.0, name='polygon', opacity=1, ori=0.0, pos=array([0., 0.]), size=array([0.5, 0.5]), units='height', vertices=ndarray(...), win=Window(...), windingRule=None)
7.6253 	EXP 	Created Stim = ImageStim(__class__=<class 'psychopy.visual.image.ImageStim'>, autoLog=True, color=array([1., 1., 1.]), colorSpace='rgb', contrast=1.0, depth=0.0, flipHoriz=False, flipVert=False, image='sin', interpolate=True, mask=None, maskParams=None, name='Stim', opacity=1, ori=0.0, pos=array([0., 0.]), size=array([1.777, 1.   ]), texRes=128.0, units='height', win=Window(...))
7.6272 	EXP 	Created polygon = ShapeStim(__class__=<class 'psychopy.visual.shape.ShapeStim'>, autoDraw=False, autoLog=True, closeShape=True, color=method-wrapper(...), colorSpace='rgb', contrast=None, depth=0.0, fillColor=array([1, 1, 1]), fillColorSpace='rgb', fillRGB=array([1, 1, 1]), interpolate=True, lineColor=array([1., 1., 1.]), lineColorSpace='rgb', lineRGB=array([1, 1, 1]), lineWidth=1.0, name='polygon', opacity=1, ori=0.0, pos=array([0., 0.]), size=array([0.5, 0.5]), units='height', vertices=ndarray(...), win=Window(...), windingRule=None)
7.6996 	EXP 	Created text = TextStim(__class__=<class 'psychopy.visual.text.TextStim'>, alignHoriz=method-wrapper(...), alignText='center', alignVert=method-wrapper(...), anchorHoriz='center', anchorVert='center', antialias=True, autoLog=True, bold=False, color=array([1., 1., 1.]), colorSpace='rgb', contrast=1.0, depth=0.0, flipHoriz=False, flipVert=False, font='Open Sans', fontFiles=[], height=0.04, italic=False, languageStyle='LTR', name='text', opacity=1, ori=0.0, pos=array([0., 0.]), rgb=UNKNOWN, text=str(...), units='height', win=Window(...), wrapWidth=1)
7.7549 	EXP 	Instruct: autoDraw = True
8.2804 	DATA 	Keypress: 2
8.2828 	EXP 	Instruct: autoDraw = False
8.2828 	EXP 	image_2: autoDraw = True
8.4900 	DATA 	Keypress: 2
8.6284 	DATA 	Keypress: 2
8.6451 	EXP 	image_2: autoDraw = False
8.6451 	EXP 	polygon: autoDraw = True
8.7278 	DATA 	Keypress: 3
8.8228 	DATA 	Keypress: 2
8.9134 	DATA 	Keypress: 3
11.6375 	EXP 	Created sequence: sequential, trialTypes=1, nReps=100, seed=None
11.6379 	EXP 	New trial (rep=0, index=0): None
11.6457 	EXP 	Imported TMTstop-A_1_practice.xlsx as conditions, 13 conditions, 6 params
11.6460 	EXP 	Created sequence: sequential, trialTypes=13, nReps=1, seed=None
11.6462 	EXP 	New trial (rep=0, index=0): {'NumberLetter': 1, 'corrAns': ['1'], 'StimFile': 'TMTstop-A_1_practice.png', 'Correct_StimFile': 'TMTstop-A_1_practice.png', 'False_StimFile': 'TMTstop-A_1_practice.png', 'DurationTrial': 10}
11.6941 	EXP 	polygon: autoDraw = False
11.6941 	EXP 	Stim_practice: image = 'TMTstop-A_1_practice.png'
11.6941 	EXP 	Stim_practice: autoDraw = True
12.2332 	DATA 	Keypress: 3
12.2769 	EXP 	Stim_practice: image = 'TMTstop-A_1_practice.png'
12.3184 	EXP 	Stim_practice: image = 'TMTstop-A_1_practice.png'
12.3602 	EXP 	Stim_practice: image = 'TMTstop-A_1_practice.png'
12.3983 	DATA 	Keypress: 1
12.4022 	EXP 	Stim_practice: image = 'TMTstop-A_1_practice.png'
12.4052 	EXP 	New trial (rep=0, index=1): {'NumberLetter': 2, 'corrAns': ['2'], 'StimFile': 'TMTstop-A_1_practice.png', 'Correct_StimFile': 'TMTstop-A_1_practicefirstgreen.png', 'False_StimFile': 'TMTstop-A_1_practicefirstred.png', 'DurationTrial': 10}
12.4689 	DATA 	Keypress: 3
12.4720 	EXP 	Stim_practice: autoDraw = False
12.4720 	EXP 	Stim_practice: image = 'TMTstop-A_1_practicefirstgreen.png'
12.4720 	EXP 	Stim_practice: image = 'TMTstop-A_1_practicefirstgreen.png'
12.4720 	EXP 	Stim_practice: autoDraw = True
12.5024 	DATA 	Keypress: 2
12.5085 	EXP 	New trial (rep=0, index=2): {'NumberLetter': 3, 'corrAns': ['3'], 'StimFile': 'TMTstop-A_1_practicelinestimulus0.png', 'Correct_StimFile': 'TMTstop-A_1_practicegreenlinestimulus0.png', 'False_StimFile': 'TMTstop-A_1_practiceredlinestimulus0.png', 'DurationTrial': 10}
12.5827 	EXP 	Stim_practice: autoDraw = False
12.5827 	EXP 	Stim_practice: image = 'TMTstop-A_1_practicegreenlinestimulus0.png'
12.5827 	EXP 	Stim_practice: image = 'TMTstop-A_1_practicegreenlinestimulus0.png'
12.5827 	EXP 	Stim_practice: autoDraw = True
12.6136 	DATA 	Keypress: 1
12.6275 	DATA 	Keypress: 3
12.6335 	EXP 	New trial (rep=0, index=3): {'NumberLetter': 4, 'corrAns': ['1'], 'StimFile': 'TMTstop-A_1_practicelinestimulus1.png', 'Correct_StimFile': 'TMTstop-A_1_practicegreenlinestimulus1.png', 'False_StimFile': 'TMTstop-A_1_practiceredlinestimulus1.png', 'DurationTrial': 10}
12.6972 	DATA 	Keypress: 2
12.7013 	EXP 	Stim_practice: autoDraw = False
12.7013 	EXP 	Stim_practice: image = 'TMTstop-A_1_practicegreenlinestimulus1.png'
12.7013 	EXP 	Stim_practice: image = 'TMTstop-A_1_practicegreenlinestimulus1.png'
12.7013 	EXP 	Stim_practice: autoDraw = True
12.7527 	DATA 	Keypress: 1
12.7617 	EXP 	New trial (rep=0, index=4): {'NumberLetter': 5, 'corrAns': ['2'], 'StimFile': 'TMTstop-A_1_practicelinestimulus2.png', 'Correct_StimFile': 'TMTstop-A_1_practicegreenlinestimulus2.png', 'False_StimFile': 'TMTstop-A_1_practiceredlinestimulus2.png', 'DurationTrial': 10}
12.8291 	DATA 	Keypress: 3
12.8366 	EXP 	Stim_practice: autoDraw = False
12.8366 	EXP 	Stim_practice: image = 'TMTstop-A_1_practicegreenlinestimulus2.png'
12.8366 	EXP 	Stim_practice: image = 'TMTstop-A_1_practicegreenlinestimulus2.png'
12.8366 	EXP 	Stim_practice: autoDraw = True
12.8440 	DATA 	Keypress: 2
12.9557 	DATA 	Keypress: 3
12.9559 	DATA 	Keypress: 1
12.9589 	EXP 	Stim_practice: image = 'TMTstop-A_1_practiceredlinestimulus2.png'
12.9992 	EXP 	Stim_practice: image = 'TMTstop-A_1_practiceredlinestimulus2.png'
13.0372 	DATA 	Keypress: 2
13.0407 	EXP 	Stim_practice: image = 'TMTstop-A_1_practiceredlinestimulus2.png'
13.0788 	DATA 	Keypress: 1
13.0823 	EXP 	Stim_practice: image = 'TMTstop-A_1_practiceredlinestimulus2.png'
13.1246 	EXP 	Stim_practice: image = 'TMTstop-A_1_practiceredlinestimulus2.png'
13.1622 	DATA 	Keypress: 3
13.1623 	DATA 	Keypress: 2
13.1657 	EXP 	Stim_practice: image = 'TMTstop-A_1_practiceredlinestimulus2.png'
13.1689 	EXP 	New trial (rep=0, index=5): {'NumberLetter': 6, 'corrAns': ['3'], 'StimFile': 'TMTstop-A_1_practicelinestimulus3.png', 'Correct_StimFile': 'TMTstop-A_1_practicegreenlinestimulus3.png', 'False_StimFile': 'TMTstop-A_1_practiceredlinestimulus3.png', 'DurationTrial': 10}
13.2384 	DATA 	Keypress: 3
13.2424 	EXP 	Stim_practice: autoDraw = False
13.2424 	EXP 	Stim_practice: image = 'TMTstop-A_1_practicegreenlinestimulus3.png'
13.2424 	EXP 	Stim_practice: image = 'TMTstop-A_1_practicegreenlinestimulus3.png'
13.2424 	EXP 	Stim_practice: autoDraw = True
13.2524 	DATA 	Keypress: 1
13.3149 	DATA 	Keypress: 2
13.3913 	DATA 	Keypress: 1
13.4367 	EXP 	Stim_practice: image = 'TMTstop-A_1_practiceredlinestimulus3.png'
13.4746 	DATA 	Keypress: 3
13.4747 	DATA 	Keypress: 2
13.4784 	EXP 	Stim_practice: image = 'TMTstop-A_1_practiceredlinestimulus3.png'
13.5229 	EXP 	Stim_practice: image = 'TMTstop-A_1_practiceredlinestimulus3.png'
13.5616 	EXP 	Stim_practice: image = 'TMTstop-A_1_practiceredlinestimulus3.png'
13.5650 	EXP 	New trial (rep=0, index=6): {'NumberLetter': 7, 'corrAns': ['1'], 'StimFile': 'TMTstop-A_1_practicelinestimulus4.png', 'Correct_StimFile': 'TMTstop-A_1_practicegreenlinestimulus4.png', 'False_StimFile': 'TMTstop-A_1_practiceredlinestimulus4.png', 'DurationTrial': 10}
13.6343 	DATA 	Keypress: 3
13.6345 	DATA 	Keypress: 1
13.6345 	DATA 	Keypress: 2
13.6383 	EXP 	Stim_practice: autoDraw = False
13.6383 	EXP 	Stim_practice: image = 'TMTstop-A_1_practicegreenlinestimulus4.png'
13.6383 	EXP 	Stim_practice: image = 'TMTstop-A_1_practicegreenlinestimulus4.png'
13.6383 	EXP 	Stim_practice: autoDraw = True
13.7038 	DATA 	Keypress: 1
13.7095 	EXP 	New trial (rep=0, index=7): {'NumberLetter': 8, 'corrAns': ['3'], 'StimFile': 'TMTstop-A_1_practicelinestimulus5.png', 'Correct_StimFile': 'TMTstop-A_1_practicegreenlinestimulus5.png', 'False_StimFile': 'TMTstop-A_1_practiceredlinestimulus5.png', 'DurationTrial': 10}
13.7733 	DATA 	Keypress: 2
13.7734 	DATA 	Keypress: 3
13.7773 	EXP 	Stim_practice: autoDraw = False
13.7773 	EXP 	Stim_practice: image = 'TMTstop-A_1_practicegreenlinestimulus5.png'
13.7773 	EXP 	Stim_practice: image = 'TMTstop-A_1_practicegreenlinestimulus5.png'
13.7773 	EXP 	Stim_practice: autoDraw = True
13.8913 	DATA 	Keypress: 3
13.8981 	EXP 	New trial (rep=0, index=8): {'NumberLetter': 9, 'corrAns': ['2'], 'StimFile': 'TMTstop-A_1_practicelinestimulus6.png', 'Correct_StimFile': 'TMTstop-A_1_practicegreenlinestimulus6.png', 'False_StimFile': 'TMTstop-A_1_practiceredlinestimulus6.png', 'DurationTrial': 10}
13.9608 	DATA 	Keypress: 1
13.9648 	EXP 	Stim_practice: autoDraw = False
13.9648 	EXP 	Stim_practice: image = 'TMTstop-A_1_practicegreenlinestimulus6.png'
13.9648 	EXP 	Stim_practice: image = 'TMTstop-A_1_practicegreenlinestimulus6.png'
13.9648 	EXP 	Stim_practice: autoDraw = True
13.9749 	DATA 	Keypress: 2
14.0302 	DATA 	Keypress: 1
14.0753 	EXP 	Stim_practice: image = 'TMTstop-A_1_practiceredlinestimulus6.png'
14.1134 	DATA 	Keypress: 3
14.1136 	DATA 	Keypress: 2
14.1170 	EXP 	Stim_practice: image = 'TMTstop-A_1_practiceredlinestimulus6.png'
14.1202 	EXP 	New trial (rep=0, index=9): {'NumberLetter': 10, 'corrAns': ['3'], 'StimFile': 'TMTstop-A_1_practicelinestimulus7.png', 'Correct_StimFile': 'TMTstop-A_1_practicegreenlinestimulus7.png', 'False_StimFile': 'TMTstop-A_1_practiceredlinestimulus7.png', 'DurationTrial': 10}
14.1878 	EXP 	Stim_practice: autoDraw = False
14.1878 	EXP 	Stim_practice: image = 'TMTstop-A_1_practicegreenlinestimulus7.png'
14.1878 	EXP 	Stim_practice: image = 'TMTstop-A_1_practicegreenlinestimulus7.png'
14.1878 	EXP 	Stim_practice: autoDraw = True
14.2029 	EXP 	New trial (rep=0, index=10): {'NumberLetter': 11, 'corrAns': ['1'], 'StimFile': 'TMTstop-A_1_practicelinestimulus8.png', 'Correct_StimFile': 'TMTstop-A_1_practicegreenlinestimulus8.png', 'False_StimFile': 'TMTstop-A_1_practiceredlinestimulus8.png', 'DurationTrial': 10}
14.2662 	DATA 	Keypress: 3
14.2664 	DATA 	Keypress: 1
14.2702 	EXP 	Stim_practice: autoDraw = False
14.2702 	EXP 	Stim_practice: image = 'TMTstop-A_1_practicegreenlinestimulus8.png'
14.2702 	EXP 	Stim_practice: image = 'TMTstop-A_1_practicegreenlinestimulus8.png'
14.2702 	EXP 	Stim_practice: autoDraw = True
14.3150 	DATA 	Keypress: 2
14.3843 	DATA 	Keypress: 1
14.3908 	EXP 	New trial (rep=0, index=11): {'NumberLetter': 12, 'corrAns': ['2'], 'StimFile': 'TMTstop-A_1_practicelinestimulus9.png', 'Correct_StimFile': 'TMTstop-A_1_practicegreenlinestimulus9.png', 'False_StimFile': 'TMTstop-A_1_practiceredlinestimulus9.png', 'DurationTrial': 10}
14.4538 	DATA 	Keypress: 3
14.4539 	DATA 	Keypress: 2
14.4579 	EXP 	Stim_practice: autoDraw = False
14.4579 	EXP 	Stim_practice: image = 'TMTstop-A_1_practicegreenlinestimulus9.png'
14.4579 	EXP 	Stim_practice: image = 'TMTstop-A_1_practicegreenlinestimulus9.png'
14.4579 	EXP 	Stim_practice: autoDraw = True
14.5510 	DATA 	Keypress: 3
14.5926 	DATA 	Keypress: 1
14.5962 	EXP 	Stim_practice: image = 'TMTstop-A_1_practiceredlinestimulus9.png'
14.6378 	EXP 	Stim_practice: image = 'TMTstop-A_1_practiceredlinestimulus9.png'
14.6760 	DATA 	Keypress: 2
14.6761 	DATA 	Keypress: 1
14.6805 	EXP 	Stim_practice: image = 'TMTstop-A_1_practiceredlinestimulus9.png'
14.7211 	EXP 	Stim_practice: image = 'TMTstop-A_1_practiceredlinestimulus9.png'
14.7628 	EXP 	Stim_practice: image = 'TMTstop-A_1_practiceredlinestimulus9.png'
14.8010 	DATA 	Keypress: 3
14.8011 	DATA 	Keypress: 2
14.8049 	EXP 	Stim_practice: image = 'TMTstop-A_1_practiceredlinestimulus9.png'
14.8081 	EXP 	New trial (rep=0, index=12): {'NumberLetter': None, 'corrAns': None, 'StimFile': 'TMTstop-A_1_practicelinestimulus10.png', 'Correct_StimFile': 'TMTstop-A_1_practicegreenlinestimulus10.png', 'False_StimFile': 'TMTstop-A_1_practiceredlinestimulus10.png', 'DurationTrial': None}
14.8705 	DATA 	Keypress: 3
14.8745 	EXP 	Stim_practice: autoDraw = False
14.8745 	EXP 	Stim_practice: image = 'TMTstop-A_1_practicegreenlinestimulus10.png'
14.8745 	EXP 	Stim_practice: image = 'TMTstop-A_1_practicegreenlinestimulus10.png'
14.8745 	EXP 	Stim_practice: autoDraw = True
14.8984 	DATA 	Keypress: 1
15.0163 	DATA 	Keypress: 2
15.0303 	DATA 	Keypress: 3
15.9284 	EXP 	Stim_practice: autoDraw = False
15.9284 	EXP 	text_5: text = 'You have finished the practice. If you understood the task correctly please read on, otherwise ask the experiment leader or press X to restart the practice.\n\nFrom here on there will be 25 circles instead of 12. If you finish all circles you will see a white cross for a few seconds then you will get 25 new circles and start again from 1. The experiments will end automatically after three minutes. \n\nPress 1, 2 or 3  to start the experiment.\n\n\n\nDu har slutfört provomgången. Om du förstod uppgiften rätt, läs vidare, annars fråga experimentledaren eller tryck på X för att starta om provomgången.\n\nHärifrån kommer det att finnas 25 circlar istället för 12. Om du slutför alla circlar kommer du att se ett vitt kors i några sekunder, sedan får du 25 nya circlar och börjar om från 1. Experimenten avslutas automatiskt efter tre minuter.\n\nTryck på 1, 2 eller 3 för att starta experimentet.\n\n\n'
15.9284 	EXP 	text_5: autoDraw = True
16.3722 	DATA 	Keypress: 2
16.3734 	EXP 	text_5: autoDraw = False
16.3734 	EXP 	polygon: autoDraw = True
16.6277 	DATA 	Keypress: 2
19.3695 	EXP 	Imported TMTstop-A_1_conditions.xlsx as conditions, 6 conditions, 2 params
19.3697 	EXP 	Created sequence: sequential, trialTypes=6, nReps=1, seed=None
19.3699 	EXP 	New trial (rep=0, index=0): {'Block_file': 'TMTstop-A_1_1.xlsx', 'Condition_rows': '0:26'}
19.4478 	EXP 	Imported TMTstop-A_1_merged.xlsx as conditions, 26 conditions, 8 params
19.4481 	EXP 	Created sequence: sequential, trialTypes=26, nReps=1, seed=None
19.4484 	EXP 	New trial (rep=0, index=0): {'NumberLetter': 1, 'corrAns': ['2'], 'Correct': 2, 'StimFile': 'TMTstop-A_1_1.png', 'Correct_StimFile': 'TMTstop-A_1_1.png', 'False_StimFile': 'TMTstop-A_1_1.png', 'Block': 1, 'TrialNumber_session': 1}
19.4863 	EXP 	polygon: autoDraw = False
19.4863 	EXP 	Stim: image = 'TMTstop-A_1_1.png'
19.4863 	EXP 	Stim: autoDraw = True
19.8914 	DATA 	Keypress: 2
19.8981 	EXP 	New trial (rep=0, index=1): {'NumberLetter': 2, 'corrAns': ['1'], 'Correct': 1, 'StimFile': 'TMTstop-A_1_1.png', 'Correct_StimFile': 'TMTstop-A_1_1firstgreen.png', 'False_StimFile': 'TMTstop-A_1_1firstred.png', 'Block': 1, 'TrialNumber_session': 2}
19.9607 	DATA 	Keypress: 1
19.9648 	EXP 	Stim: autoDraw = False
19.9648 	EXP 	Stim: image = 'TMTstop-A_1_1firstgreen.png'
19.9648 	EXP 	Stim: image = 'TMTstop-A_1_1firstgreen.png'
19.9648 	EXP 	Stim: autoDraw = True
19.9687 	EXP 	New trial (rep=0, index=2): {'NumberLetter': 3, 'corrAns': ['2'], 'Correct': 2, 'StimFile': 'TMTstop-A_1_1linestimulus0.png', 'Correct_StimFile': 'TMTstop-A_1_1greenlinestimulus0.png', 'False_StimFile': 'TMTstop-A_1_1redlinestimulus0.png', 'Block': 1, 'TrialNumber_session': 3}
20.0481 	EXP 	Stim: autoDraw = False
20.0481 	EXP 	Stim: image = 'TMTstop-A_1_1greenlinestimulus0.png'
20.0481 	EXP 	Stim: image = 'TMTstop-A_1_1greenlinestimulus0.png'
20.0481 	EXP 	Stim: autoDraw = True
20.0857 	DATA 	Keypress: 3
20.0859 	DATA 	Keypress: 1
20.0896 	EXP 	Stim: image = 'TMTstop-A_1_1redlinestimulus0.png'
20.1311 	EXP 	Stim: image = 'TMTstop-A_1_1redlinestimulus0.png'
20.1691 	DATA 	Keypress: 2
20.1728 	EXP 	Stim: image = 'TMTstop-A_1_1redlinestimulus0.png'
20.2105 	DATA 	Keypress: 1
20.2153 	EXP 	Stim: image = 'TMTstop-A_1_1redlinestimulus0.png'
20.2523 	DATA 	Keypress: 3
20.2559 	EXP 	Stim: image = 'TMTstop-A_1_1redlinestimulus0.png'
20.2907 	EXP 	Stim: image = 'TMTstop-A_1_1redlinestimulus0.png'
20.3285 	DATA 	Keypress: 2
20.3320 	EXP 	Stim: image = 'TMTstop-A_1_1redlinestimulus0.png'
20.3353 	EXP 	New trial (rep=0, index=3): {'NumberLetter': 4, 'corrAns': ['3'], 'Correct': 3, 'StimFile': 'TMTstop-A_1_1linestimulus1.png', 'Correct_StimFile': 'TMTstop-A_1_1greenlinestimulus1.png', 'False_StimFile': 'TMTstop-A_1_1redlinestimulus1.png', 'Block': 1, 'TrialNumber_session': 4}
20.3995 	DATA 	Keypress: 3
20.4000 	DATA 	Keypress: 1
20.4031 	EXP 	Stim: autoDraw = False
20.4031 	EXP 	Stim: image = 'TMTstop-A_1_1greenlinestimulus1.png'
20.4031 	EXP 	Stim: image = 'TMTstop-A_1_1greenlinestimulus1.png'
20.4031 	EXP 	Stim: autoDraw = True
20.4069 	EXP 	New trial (rep=0, index=4): {'NumberLetter': 5, 'corrAns': ['2'], 'Correct': 2, 'StimFile': 'TMTstop-A_1_1linestimulus2.png', 'Correct_StimFile': 'TMTstop-A_1_1greenlinestimulus2.png', 'False_StimFile': 'TMTstop-A_1_1redlinestimulus2.png', 'Block': 1, 'TrialNumber_session': 5}
20.4745 	DATA 	Keypress: 2
20.4789 	EXP 	Stim: autoDraw = False
20.4789 	EXP 	Stim: image = 'TMTstop-A_1_1greenlinestimulus2.png'
20.4789 	EXP 	Stim: image = 'TMTstop-A_1_1greenlinestimulus2.png'
20.4789 	EXP 	Stim: autoDraw = True
20.5022 	DATA 	Keypress: 1
20.5443 	DATA 	Keypress: 3
20.5478 	EXP 	Stim: image = 'TMTstop-A_1_1redlinestimulus2.png'
20.5855 	DATA 	Keypress: 2
20.5890 	EXP 	Stim: image = 'TMTstop-A_1_1redlinestimulus2.png'
20.5924 	EXP 	New trial (rep=0, index=5): {'NumberLetter': 6, 'corrAns': ['3'], 'Correct': 3, 'StimFile': 'TMTstop-A_1_1linestimulus3.png', 'Correct_StimFile': 'TMTstop-A_1_1greenlinestimulus3.png', 'False_StimFile': 'TMTstop-A_1_1redlinestimulus3.png', 'Block': 1, 'TrialNumber_session': 6}
20.6550 	DATA 	Keypress: 3
20.6591 	EXP 	Stim: autoDraw = False
20.6591 	EXP 	Stim: image = 'TMTstop-A_1_1greenlinestimulus3.png'
20.6591 	EXP 	Stim: image = 'TMTstop-A_1_1greenlinestimulus3.png'
20.6591 	EXP 	Stim: autoDraw = True
20.6626 	EXP 	New trial (rep=0, index=6): {'NumberLetter': 7, 'corrAns': ['2'], 'Correct': 2, 'StimFile': 'TMTstop-A_1_1linestimulus4.png', 'Correct_StimFile': 'TMTstop-A_1_1greenlinestimulus4.png', 'False_StimFile': 'TMTstop-A_1_1redlinestimulus4.png', 'Block': 1, 'TrialNumber_session': 7}
20.7313 	DATA 	Keypress: 1
20.7315 	DATA 	Keypress: 2
20.7354 	EXP 	Stim: autoDraw = False
20.7354 	EXP 	Stim: image = 'TMTstop-A_1_1greenlinestimulus4.png'
20.7354 	EXP 	Stim: image = 'TMTstop-A_1_1greenlinestimulus4.png'
20.7354 	EXP 	Stim: autoDraw = True
20.8216 	DATA 	Keypress: 1
20.8252 	EXP 	Stim: image = 'TMTstop-A_1_1redlinestimulus4.png'
20.8635 	DATA 	Keypress: 3
20.8637 	DATA 	Keypress: 2
20.8675 	EXP 	Stim: image = 'TMTstop-A_1_1redlinestimulus4.png'
20.8717 	EXP 	New trial (rep=0, index=7): {'NumberLetter': 8, 'corrAns': ['1'], 'Correct': 1, 'StimFile': 'TMTstop-A_1_1linestimulus5.png', 'Correct_StimFile': 'TMTstop-A_1_1greenlinestimulus5.png', 'False_StimFile': 'TMTstop-A_1_1redlinestimulus5.png', 'Block': 1, 'TrialNumber_session': 8}
20.9438 	EXP 	Stim: autoDraw = False
20.9438 	EXP 	Stim: image = 'TMTstop-A_1_1greenlinestimulus5.png'
20.9438 	EXP 	Stim: image = 'TMTstop-A_1_1greenlinestimulus5.png'
20.9438 	EXP 	Stim: autoDraw = True
20.9538 	DATA 	Keypress: 3
20.9953 	DATA 	Keypress: 1
20.9992 	EXP 	Stim: image = 'TMTstop-A_1_1redlinestimulus5.png'
21.0370 	DATA 	Keypress: 2
21.0405 	EXP 	Stim: image = 'TMTstop-A_1_1redlinestimulus5.png'
21.0850 	EXP 	Stim: image = 'TMTstop-A_1_1redlinestimulus5.png'
21.1204 	DATA 	Keypress: 1
21.1243 	EXP 	Stim: image = 'TMTstop-A_1_1redlinestimulus5.png'
21.1274 	EXP 	New trial (rep=0, index=8): {'NumberLetter': 9, 'corrAns': ['2'], 'Correct': 2, 'StimFile': 'TMTstop-A_1_1linestimulus6.png', 'Correct_StimFile': 'TMTstop-A_1_1greenlinestimulus6.png', 'False_StimFile': 'TMTstop-A_1_1redlinestimulus6.png', 'Block': 1, 'TrialNumber_session': 9}
21.1966 	DATA 	Keypress: 3
21.1967 	DATA 	Keypress: 2
21.2010 	EXP 	Stim: autoDraw = False
21.2010 	EXP 	Stim: image = 'TMTstop-A_1_1greenlinestimulus6.png'
21.2010 	EXP 	Stim: image = 'TMTstop-A_1_1greenlinestimulus6.png'
21.2010 	EXP 	Stim: autoDraw = True
21.2049 	EXP 	New trial (rep=0, index=9): {'NumberLetter': 10, 'corrAns': ['1'], 'Correct': 1, 'StimFile': 'TMTstop-A_1_1linestimulus7.png', 'Correct_StimFile': 'TMTstop-A_1_1greenlinestimulus7.png', 'False_StimFile': 'TMTstop-A_1_1redlinestimulus7.png', 'Block': 1, 'TrialNumber_session': 10}
21.2730 	DATA 	Keypress: 3
21.2732 	DATA 	Keypress: 1
21.2782 	EXP 	Stim: autoDraw = False
21.2782 	EXP 	Stim: image = 'TMTstop-A_1_1greenlinestimulus7.png'
21.2782 	EXP 	Stim: image = 'TMTstop-A_1_1greenlinestimulus7.png'
21.2782 	EXP 	Stim: autoDraw = True
21.3182 	EXP 	Stim: image = 'TMTstop-A_1_1redlinestimulus7.png'
21.3563 	DATA 	Keypress: 2
21.3599 	EXP 	Stim: image = 'TMTstop-A_1_1redlinestimulus7.png'
21.3988 	DATA 	Keypress: 1
21.4023 	EXP 	Stim: image = 'TMTstop-A_1_1redlinestimulus7.png'
21.4052 	EXP 	New trial (rep=0, index=10): {'NumberLetter': 11, 'corrAns': ['2'], 'Correct': 2, 'StimFile': 'TMTstop-A_1_1linestimulus8.png', 'Correct_StimFile': 'TMTstop-A_1_1greenlinestimulus8.png', 'False_StimFile': 'TMTstop-A_1_1redlinestimulus8.png', 'Block': 1, 'TrialNumber_session': 11}
21.4764 	DATA 	Keypress: 3
21.4767 	DATA 	Keypress: 2
21.4798 	EXP 	Stim: autoDraw = False
21.4798 	EXP 	Stim: image = 'TMTstop-A_1_1greenlinestimulus8.png'
21.4798 	EXP 	Stim: image = 'TMTstop-A_1_1greenlinestimulus8.png'
21.4798 	EXP 	Stim: autoDraw = True
21.4835 	EXP 	New trial (rep=0, index=11): {'NumberLetter': 12, 'corrAns': ['3'], 'Correct': 3, 'StimFile': 'TMTstop-A_1_1linestimulus9.png', 'Correct_StimFile': 'TMTstop-A_1_1greenlinestimulus9.png', 'False_StimFile': 'TMTstop-A_1_1redlinestimulus9.png', 'Block': 1, 'TrialNumber_session': 12}
21.5509 	DATA 	Keypress: 3
21.5533 	DATA 	Keypress: 1
21.5559 	EXP 	Stim: autoDraw = False
21.5559 	EXP 	Stim: image = 'TMTstop-A_1_1greenlinestimulus9.png'
21.5559 	EXP 	Stim: image = 'TMTstop-A_1_1greenlinestimulus9.png'
21.5559 	EXP 	Stim: autoDraw = True
21.5597 	EXP 	New trial (rep=0, index=12): {'NumberLetter': 13, 'corrAns': ['2'], 'Correct': 2, 'StimFile': 'TMTstop-A_1_1linestimulus10.png', 'Correct_StimFile': 'TMTstop-A_1_1greenlinestimulus10.png', 'False_StimFile': 'TMTstop-A_1_1redlinestimulus10.png', 'Block': 1, 'TrialNumber_session': 13}
21.6273 	DATA 	Keypress: 2
21.6317 	EXP 	Stim: autoDraw = False
21.6317 	EXP 	Stim: image = 'TMTstop-A_1_1greenlinestimulus10.png'
21.6317 	EXP 	Stim: image = 'TMTstop-A_1_1greenlinestimulus10.png'
21.6317 	EXP 	Stim: autoDraw = True
21.6619 	DATA 	Keypress: 1
21.7036 	DATA 	Keypress: 3
21.7075 	EXP 	Stim: image = 'TMTstop-A_1_1redlinestimulus10.png'
21.7452 	DATA 	Keypress: 2
21.7487 	EXP 	Stim: image = 'TMTstop-A_1_1redlinestimulus10.png'
21.7523 	EXP 	New trial (rep=0, index=13): {'NumberLetter': 14, 'corrAns': ['3'], 'Correct': 3, 'StimFile': 'TMTstop-A_1_1linestimulus11.png', 'Correct_StimFile': 'TMTstop-A_1_1greenlinestimulus11.png', 'False_StimFile': 'TMTstop-A_1_1redlinestimulus11.png', 'Block': 1, 'TrialNumber_session': 14}
21.8216 	DATA 	Keypress: 1
21.8217 	DATA 	Keypress: 3
21.8256 	EXP 	Stim: autoDraw = False
21.8256 	EXP 	Stim: image = 'TMTstop-A_1_1greenlinestimulus11.png'
21.8256 	EXP 	Stim: image = 'TMTstop-A_1_1greenlinestimulus11.png'
21.8256 	EXP 	Stim: autoDraw = True
21.8293 	EXP 	New trial (rep=0, index=14): {'NumberLetter': 15, 'corrAns': ['1'], 'Correct': 1, 'StimFile': 'TMTstop-A_1_1linestimulus12.png', 'Correct_StimFile': 'TMTstop-A_1_1greenlinestimulus12.png', 'False_StimFile': 'TMTstop-A_1_1redlinestimulus12.png', 'Block': 1, 'TrialNumber_session': 15}
21.8980 	DATA 	Keypress: 2
21.9020 	EXP 	Stim: autoDraw = False
21.9020 	EXP 	Stim: image = 'TMTstop-A_1_1greenlinestimulus12.png'
21.9020 	EXP 	Stim: image = 'TMTstop-A_1_1greenlinestimulus12.png'
21.9020 	EXP 	Stim: autoDraw = True
21.9120 	DATA 	Keypress: 1
21.9185 	EXP 	New trial (rep=0, index=15): {'NumberLetter': 16, 'corrAns': ['3'], 'Correct': 3, 'StimFile': 'TMTstop-A_1_1linestimulus13.png', 'Correct_StimFile': 'TMTstop-A_1_1greenlinestimulus13.png', 'False_StimFile': 'TMTstop-A_1_1redlinestimulus13.png', 'Block': 1, 'TrialNumber_session': 16}
21.9882 	DATA 	Keypress: 3
21.9922 	EXP 	Stim: autoDraw = False
21.9922 	EXP 	Stim: image = 'TMTstop-A_1_1greenlinestimulus13.png'
21.9922 	EXP 	Stim: image = 'TMTstop-A_1_1greenlinestimulus13.png'
21.9922 	EXP 	Stim: autoDraw = True
22.0446 	DATA 	Keypress: 2
22.0448 	DATA 	Keypress: 3
22.0481 	EXP 	Stim: image = 'TMTstop-A_1_1redlinestimulus13.png'
22.0523 	EXP 	New trial (rep=0, index=16): {'NumberLetter': 17, 'corrAns': ['2'], 'Correct': 2, 'StimFile': 'TMTstop-A_1_1linestimulus14.png', 'Correct_StimFile': 'TMTstop-A_1_1greenlinestimulus14.png', 'False_StimFile': 'TMTstop-A_1_1redlinestimulus14.png', 'Block': 1, 'TrialNumber_session': 17}
22.1211 	DATA 	Keypress: 1
22.1213 	DATA 	Keypress: 2
22.1252 	EXP 	Stim: autoDraw = False
22.1252 	EXP 	Stim: image = 'TMTstop-A_1_1greenlinestimulus14.png'
22.1252 	EXP 	Stim: image = 'TMTstop-A_1_1greenlinestimulus14.png'
22.1252 	EXP 	Stim: autoDraw = True
22.1834 	DATA 	Keypress: 1
22.2306 	EXP 	Stim: image = 'TMTstop-A_1_1redlinestimulus14.png'
22.2730 	DATA 	Keypress: 3
22.2731 	DATA 	Keypress: 2
22.2769 	EXP 	Stim: image = 'TMTstop-A_1_1redlinestimulus14.png'
22.2804 	EXP 	New trial (rep=0, index=17): {'NumberLetter': 18, 'corrAns': ['3'], 'Correct': 3, 'StimFile': 'TMTstop-A_1_1linestimulus15.png', 'Correct_StimFile': 'TMTstop-A_1_1greenlinestimulus15.png', 'False_StimFile': 'TMTstop-A_1_1redlinestimulus15.png', 'Block': 1, 'TrialNumber_session': 18}
22.3563 	DATA 	Keypress: 3
22.3565 	DATA 	Keypress: 1
22.3603 	EXP 	Stim: autoDraw = False
22.3603 	EXP 	Stim: image = 'TMTstop-A_1_1greenlinestimulus15.png'
22.3603 	EXP 	Stim: image = 'TMTstop-A_1_1greenlinestimulus15.png'
22.3603 	EXP 	Stim: autoDraw = True
22.3643 	EXP 	New trial (rep=0, index=18): {'NumberLetter': 19, 'corrAns': ['1'], 'Correct': 1, 'StimFile': 'TMTstop-A_1_1linestimulus16.png', 'Correct_StimFile': 'TMTstop-A_1_1greenlinestimulus16.png', 'False_StimFile': 'TMTstop-A_1_1redlinestimulus16.png', 'Block': 1, 'TrialNumber_session': 19}
22.4327 	DATA 	Keypress: 2
22.4367 	EXP 	Stim: autoDraw = False
22.4367 	EXP 	Stim: image = 'TMTstop-A_1_1greenlinestimulus16.png'
22.4367 	EXP 	Stim: image = 'TMTstop-A_1_1greenlinestimulus16.png'
22.4367 	EXP 	Stim: autoDraw = True
22.4642 	EXP 	New trial (rep=0, index=19): {'NumberLetter': 20, 'corrAns': ['3'], 'Correct': 3, 'StimFile': 'TMTstop-A_1_1linestimulus17.png', 'Correct_StimFile': 'TMTstop-A_1_1greenlinestimulus17.png', 'False_StimFile': 'TMTstop-A_1_1redlinestimulus17.png', 'Block': 1, 'TrialNumber_session': 20}
22.5369 	DATA 	Keypress: 1
22.5371 	DATA 	Keypress: 3
22.5410 	EXP 	Stim: autoDraw = False
22.5410 	EXP 	Stim: image = 'TMTstop-A_1_1greenlinestimulus17.png'
22.5410 	EXP 	Stim: image = 'TMTstop-A_1_1greenlinestimulus17.png'
22.5410 	EXP 	Stim: autoDraw = True
22.5508 	DATA 	Keypress: 2
22.5961 	EXP 	Stim: image = 'TMTstop-A_1_1redlinestimulus17.png'
22.6341 	DATA 	Keypress: 3
22.6377 	EXP 	Stim: image = 'TMTstop-A_1_1redlinestimulus17.png'
22.6412 	EXP 	New trial (rep=0, index=20): {'NumberLetter': 21, 'corrAns': ['1'], 'Correct': 1, 'StimFile': 'TMTstop-A_1_1linestimulus18.png', 'Correct_StimFile': 'TMTstop-A_1_1greenlinestimulus18.png', 'False_StimFile': 'TMTstop-A_1_1redlinestimulus18.png', 'Block': 1, 'TrialNumber_session': 21}
22.7176 	DATA 	Keypress: 1
22.7178 	DATA 	Keypress: 2
22.7222 	EXP 	Stim: autoDraw = False
22.7222 	EXP 	Stim: image = 'TMTstop-A_1_1greenlinestimulus18.png'
22.7222 	EXP 	Stim: image = 'TMTstop-A_1_1greenlinestimulus18.png'
22.7222 	EXP 	Stim: autoDraw = True
22.7731 	EXP 	New trial (rep=0, index=21): {'NumberLetter': 22, 'corrAns': ['3'], 'Correct': 3, 'StimFile': 'TMTstop-A_1_1linestimulus19.png', 'Correct_StimFile': 'TMTstop-A_1_1greenlinestimulus19.png', 'False_StimFile': 'TMTstop-A_1_1redlinestimulus19.png', 'Block': 1, 'TrialNumber_session': 22}
22.8494 	DATA 	Keypress: 1
22.8496 	DATA 	Keypress: 3
22.8497 	DATA 	Keypress: 2
22.8534 	EXP 	Stim: autoDraw = False
22.8534 	EXP 	Stim: image = 'TMTstop-A_1_1greenlinestimulus19.png'
22.8534 	EXP 	Stim: image = 'TMTstop-A_1_1greenlinestimulus19.png'
22.8534 	EXP 	Stim: autoDraw = True
22.8984 	DATA 	Keypress: 3
22.9017 	EXP 	Stim: image = 'TMTstop-A_1_1redlinestimulus19.png'
22.9053 	EXP 	New trial (rep=0, index=22): {'NumberLetter': 23, 'corrAns': ['1'], 'Correct': 1, 'StimFile': 'TMTstop-A_1_1linestimulus20.png', 'Correct_StimFile': 'TMTstop-A_1_1greenlinestimulus20.png', 'False_StimFile': 'TMTstop-A_1_1redlinestimulus20.png', 'Block': 1, 'TrialNumber_session': 23}
22.9745 	DATA 	Keypress: 1
22.9757 	DATA 	Keypress: 2
22.9787 	EXP 	Stim: autoDraw = False
22.9787 	EXP 	Stim: image = 'TMTstop-A_1_1greenlinestimulus20.png'
22.9787 	EXP 	Stim: image = 'TMTstop-A_1_1greenlinestimulus20.png'
22.9787 	EXP 	Stim: autoDraw = True
23.0314 	EXP 	New trial (rep=0, index=23): {'NumberLetter': 24, 'corrAns': ['2'], 'Correct': 2, 'StimFile': 'TMTstop-A_1_1linestimulus21.png', 'Correct_StimFile': 'TMTstop-A_1_1greenlinestimulus21.png', 'False_StimFile': 'TMTstop-A_1_1redlinestimulus21.png', 'Block': 1, 'TrialNumber_session': 24}
23.1063 	DATA 	Keypress: 1
23.1065 	DATA 	Keypress: 3
23.1066 	DATA 	Keypress: 2
23.1104 	EXP 	Stim: autoDraw = False
23.1104 	EXP 	Stim: image = 'TMTstop-A_1_1greenlinestimulus21.png'
23.1104 	EXP 	Stim: image = 'TMTstop-A_1_1greenlinestimulus21.png'
23.1104 	EXP 	Stim: autoDraw = True
23.1142 	EXP 	New trial (rep=0, index=24): {'NumberLetter': 25, 'corrAns': ['3'], 'Correct': 3, 'StimFile': 'TMTstop-A_1_1linestimulus22.png', 'Correct_StimFile': 'TMTstop-A_1_1greenlinestimulus22.png', 'False_StimFile': 'TMTstop-A_1_1redlinestimulus22.png', 'Block': 1, 'TrialNumber_session': 25}
23.1898 	DATA 	Keypress: 3
23.1938 	EXP 	Stim: autoDraw = False
23.1938 	EXP 	Stim: image = 'TMTstop-A_1_1greenlinestimulus22.png'
23.1938 	EXP 	Stim: image = 'TMTstop-A_1_1greenlinestimulus22.png'
23.1938 	EXP 	Stim: autoDraw = True
23.1980 	EXP 	New trial (rep=0, index=25): {'NumberLetter': None, 'corrAns': None, 'Correct': None, 'StimFile': 'TMTstop-A_1_1linestimulus23.png', 'Correct_StimFile': 'TMTstop-A_1_1greenlinestimulus23.png', 'False_StimFile': 'TMTstop-A_1_1redlinestimulus23.png', 'Block': 1, 'TrialNumber_session': None}
23.2730 	DATA 	Keypress: 1
23.2731 	DATA 	Keypress: 2
23.2773 	EXP 	Stim: autoDraw = False
23.2773 	EXP 	Stim: image = 'TMTstop-A_1_1greenlinestimulus23.png'
23.2773 	EXP 	Stim: image = 'TMTstop-A_1_1greenlinestimulus23.png'
23.2773 	EXP 	Stim: autoDraw = True
23.3286 	DATA 	Keypress: 1
23.3322 	EXP 	Stim: image = 'TMTstop-A_1_1redlinestimulus23.png'
23.3705 	DATA 	Keypress: 2
23.3707 	DATA 	Keypress: 3
23.3776 	EXP 	Stim: image = 'TMTstop-A_1_1redlinestimulus23.png'
23.4223 	EXP 	Stim: image = 'TMTstop-A_1_1redlinestimulus23.png'
23.4606 	DATA 	Keypress: 3
23.4642 	EXP 	Stim: image = 'TMTstop-A_1_1redlinestimulus23.png'
23.5022 	DATA 	Keypress: 1
23.5061 	EXP 	Stim: image = 'TMTstop-A_1_1redlinestimulus23.png'
23.5439 	DATA 	Keypress: 2
23.5475 	EXP 	Stim: image = 'TMTstop-A_1_1redlinestimulus23.png'
23.5855 	DATA 	Keypress: 3
23.5890 	EXP 	Stim: image = 'TMTstop-A_1_1redlinestimulus23.png'
23.6311 	EXP 	Stim: image = 'TMTstop-A_1_1redlinestimulus23.png'
23.6725 	EXP 	Stim: image = 'TMTstop-A_1_1redlinestimulus23.png'
23.7141 	EXP 	Stim: image = 'TMTstop-A_1_1redlinestimulus23.png'
23.7587 	EXP 	Stim: image = 'TMTstop-A_1_1redlinestimulus23.png'
23.7977 	EXP 	Stim: image = 'TMTstop-A_1_1redlinestimulus23.png'
23.8391 	EXP 	Stim: image = 'TMTstop-A_1_1redlinestimulus23.png'
23.8806 	EXP 	Stim: image = 'TMTstop-A_1_1redlinestimulus23.png'
23.9238 	EXP 	Stim: image = 'TMTstop-A_1_1redlinestimulus23.png'
23.9710 	EXP 	Stim: image = 'TMTstop-A_1_1redlinestimulus23.png'
24.0198 	EXP 	Stim: image = 'TMTstop-A_1_1redlinestimulus23.png'
24.0683 	EXP 	Stim: image = 'TMTstop-A_1_1redlinestimulus23.png'
24.1098 	EXP 	Stim: image = 'TMTstop-A_1_1redlinestimulus23.png'
24.1519 	EXP 	Stim: image = 'TMTstop-A_1_1redlinestimulus23.png'
24.1932 	EXP 	Stim: image = 'TMTstop-A_1_1redlinestimulus23.png'
24.2347 	EXP 	Stim: image = 'TMTstop-A_1_1redlinestimulus23.png'
24.2765 	EXP 	Stim: image = 'TMTstop-A_1_1redlinestimulus23.png'
24.3518 	EXP 	Stim: image = 'TMTstop-A_1_1redlinestimulus23.png'
24.3518 	EXP 	Stim: autoDraw = False
24.3518 	EXP 	polygon: autoDraw = True
27.3185 	EXP 	New trial (rep=0, index=1): {'Block_file': 'TMTstop-A_1_2.xlsx', 'Condition_rows': '26:52'}
27.3638 	EXP 	Imported TMTstop-A_1_merged.xlsx as conditions, 26 conditions, 8 params
27.3642 	EXP 	Created sequence: sequential, trialTypes=26, nReps=1, seed=None
27.3645 	EXP 	New trial (rep=0, index=0): {'NumberLetter': 1, 'corrAns': ['3'], 'Correct': 3, 'StimFile': 'TMTstop-A_1_2.png', 'Correct_StimFile': 'TMTstop-A_1_2.png', 'False_StimFile': 'TMTstop-A_1_2.png', 'Block': 2, 'TrialNumber_session': 26}
27.4094 	EXP 	polygon: autoDraw = False
27.4094 	EXP 	Stim: image = 'TMTstop-A_1_2.png'
27.4094 	EXP 	Stim: autoDraw = True
27.9049 	DATA 	Keypress: 2
27.9085 	EXP 	Stim: image = 'TMTstop-A_1_2.png'
27.9506 	EXP 	Stim: image = 'TMTstop-A_1_2.png'
27.9916 	EXP 	Stim: image = 'TMTstop-A_1_2.png'
28.0354 	EXP 	Stim: image = 'TMTstop-A_1_2.png'
28.0770 	EXP 	Stim: image = 'TMTstop-A_1_2.png'
28.1168 	EXP 	Stim: image = 'TMTstop-A_1_2.png'
28.1583 	EXP 	Stim: image = 'TMTstop-A_1_2.png'
28.1966 	DATA 	Keypress: 2
28.2001 	EXP 	Stim: image = 'TMTstop-A_1_2.png'
28.2420 	EXP 	Stim: image = 'TMTstop-A_1_2.png'
28.2798 	DATA 	Keypress: 3
28.2835 	EXP 	Stim: image = 'TMTstop-A_1_2.png'
28.2876 	EXP 	New trial (rep=0, index=1): {'NumberLetter': 2, 'corrAns': ['2'], 'Correct': 2, 'StimFile': 'TMTstop-A_1_2.png', 'Correct_StimFile': 'TMTstop-A_1_2firstgreen.png', 'False_StimFile': 'TMTstop-A_1_2firstred.png', 'Block': 2, 'TrialNumber_session': 27}
28.3533 	EXP 	Stim: autoDraw = False
28.3533 	EXP 	Stim: image = 'TMTstop-A_1_2firstgreen.png'
28.3533 	EXP 	Stim: image = 'TMTstop-A_1_2firstgreen.png'
28.3533 	EXP 	Stim: autoDraw = True
28.5159 	DATA 	Keypress: 3
28.6343 	DATA 	Keypress: 1
28.6792 	EXP 	Stim: image = 'TMTstop-A_1_2firstred.png'
28.7231 	EXP 	Stim: image = 'TMTstop-A_1_2firstred.png'
28.7626 	EXP 	Stim: image = 'TMTstop-A_1_2firstred.png'
28.8042 	EXP 	Stim: image = 'TMTstop-A_1_2firstred.png'
28.8459 	EXP 	Stim: image = 'TMTstop-A_1_2firstred.png'
28.8842 	DATA 	Keypress: 1
28.8879 	EXP 	Stim: image = 'TMTstop-A_1_2firstred.png'
28.9291 	EXP 	Stim: image = 'TMTstop-A_1_2firstred.png'
28.9710 	EXP 	Stim: image = 'TMTstop-A_1_2firstred.png'
29.0128 	EXP 	Stim: image = 'TMTstop-A_1_2firstred.png'
29.0508 	DATA 	Keypress: 2
29.0546 	EXP 	Stim: image = 'TMTstop-A_1_2firstred.png'
29.0584 	EXP 	New trial (rep=0, index=2): {'NumberLetter': 3, 'corrAns': ['3'], 'Correct': 3, 'StimFile': 'TMTstop-A_1_2linestimulus0.png', 'Correct_StimFile': 'TMTstop-A_1_2greenlinestimulus0.png', 'False_StimFile': 'TMTstop-A_1_2redlinestimulus0.png', 'Block': 2, 'TrialNumber_session': 28}
29.1309 	EXP 	Stim: autoDraw = False
29.1309 	EXP 	Stim: image = 'TMTstop-A_1_2greenlinestimulus0.png'
29.1309 	EXP 	Stim: image = 'TMTstop-A_1_2greenlinestimulus0.png'
29.1309 	EXP 	Stim: autoDraw = True
29.2244 	DATA 	Keypress: 2
29.5312 	EXP 	Stim: autoDraw = False
29.5312 	EXP 	polygon: autoDraw = True
32.4914 	EXP 	polygon: autoDraw = False
32.4914 	EXP 	text: autoDraw = True
38.4908 	EXP 	text: autoDraw = False
38.5197 	EXP 	window1: mouseVisible = True
