1.9403 	WARNING 	We strongly recommend you activate the PTB sound engine in PsychoPy prefs as the preferred audio engine. Its timing is vastly superior. Your prefs are currently set to use ['pyo'] (in that order).
6.4797 	EXP 	Created window1 = Window(allowGUI=True, allowStencil=False, autoLog=True, backendConf=UNKNOWN, bitsMode=UNKNOWN, blendMode='avg', bpc=(8, 8, 8), color=array([0, 0, 0]), colorSpace='rgb', depthBits=8, fullscr=<method-wrapper '__getattribute__' of attributeSetter object at 0x000002A9E8F7F5C0>, gamma=None, gammaErrorPolicy='raise', lms=UNKNOWN, monitor=<psychopy.monitors.calibTools.Monitor object at 0x000002A9E8F62898>, multiSample=False, name='window1', numSamples=2, pos=[0.0, 0.0], screen=0, size=array([1920, 1055]), stencilBits=0, stereo=False, units='height', useFBO=True, useRetina=False, viewOri=0.0, viewPos=None, viewScale=None, waitBlanking=True, winType='glfw')
6.4798 	EXP 	window1: mouseVisible = True
6.4798 	EXP 	window1: recordFrameIntervals = False
6.5487 	EXP 	window1: recordFrameIntervals = True
6.6254 	EXP 	window1: recordFrameIntervals = False
6.9576 	EXP 	Created Instruct = ImageStim(__class__=<class 'psychopy.visual.image.ImageStim'>, autoLog=True, color=array([1., 1., 1.]), colorSpace='rgb', contrast=1.0, depth=0.0, flipHoriz=False, flipVert=False, image='InkedInstructBfinal_LI.jpg', interpolate=True, mask=None, maskParams=None, name='Instruct', opacity=1, ori=0.0, pos=array([0., 0.]), size=array([0.8, 0.8]), texRes=128.0, units='height', win=Window(...))
7.0953 	EXP 	Created text_2 = TextStim(__class__=<class 'psychopy.visual.text.TextStim'>, alignHoriz=method-wrapper(...), alignText='center', alignVert=method-wrapper(...), anchorHoriz='center', anchorVert='center', antialias=True, autoLog=True, bold=False, color=array([1., 1., 1.]), colorSpace='rgb', contrast=1.0, depth=-2.0, flipHoriz=False, flipVert=False, font='Open Sans', fontFiles=[], height=0.04, italic=False, languageStyle='LTR', name='text_2', opacity=1, ori=0.5, pos=array([ 0.  , -0.45]), rgb=UNKNOWN, text=str(...), units='height', win=Window(...), wrapWidth=2.0)
7.0989 	EXP 	Created Stim = ImageStim(__class__=<class 'psychopy.visual.image.ImageStim'>, autoLog=True, color=array([1., 1., 1.]), colorSpace='rgb', contrast=1.0, depth=0.0, flipHoriz=False, flipVert=False, image='sin', interpolate=True, mask=None, maskParams=None, name='Stim', opacity=1, ori=0.0, pos=array([0., 0.]), size=array([1.777, 1.   ]), texRes=128.0, units='height', win=Window(...))
7.1021 	EXP 	Created polygon = ShapeStim(__class__=<class 'psychopy.visual.shape.ShapeStim'>, autoDraw=False, autoLog=True, closeShape=True, color=method-wrapper(...), colorSpace='rgb', contrast=None, depth=0.0, fillColor=array([1, 1, 1]), fillColorSpace='rgb', fillRGB=array([1, 1, 1]), interpolate=True, lineColor=array([1., 1., 1.]), lineColorSpace='rgb', lineRGB=array([1, 1, 1]), lineWidth=1.0, name='polygon', opacity=1, ori=0.0, pos=array([0., 0.]), size=array([0.5, 0.5]), units='height', vertices=ndarray(...), win=Window(...), windingRule=None)
7.1060 	EXP 	Created Stim = ImageStim(__class__=<class 'psychopy.visual.image.ImageStim'>, autoLog=True, color=array([1., 1., 1.]), colorSpace='rgb', contrast=1.0, depth=0.0, flipHoriz=False, flipVert=False, image='sin', interpolate=True, mask=None, maskParams=None, name='Stim', opacity=1, ori=0.0, pos=array([0., 0.]), size=array([1.777, 1.   ]), texRes=128.0, units='height', win=Window(...))
7.1084 	EXP 	Created polygon = ShapeStim(__class__=<class 'psychopy.visual.shape.ShapeStim'>, autoDraw=False, autoLog=True, closeShape=True, color=method-wrapper(...), colorSpace='rgb', contrast=None, depth=0.0, fillColor=array([1, 1, 1]), fillColorSpace='rgb', fillRGB=array([1, 1, 1]), interpolate=True, lineColor=array([1., 1., 1.]), lineColorSpace='rgb', lineRGB=array([1, 1, 1]), lineWidth=1.0, name='polygon', opacity=1, ori=0.0, pos=array([0., 0.]), size=array([0.5, 0.5]), units='height', vertices=ndarray(...), win=Window(...), windingRule=None)
7.1119 	EXP 	Created Stim = ImageStim(__class__=<class 'psychopy.visual.image.ImageStim'>, autoLog=True, color=array([1., 1., 1.]), colorSpace='rgb', contrast=1.0, depth=0.0, flipHoriz=False, flipVert=False, image='sin', interpolate=True, mask=None, maskParams=None, name='Stim', opacity=1, ori=0.0, pos=array([0., 0.]), size=array([1.777, 1.   ]), texRes=128.0, units='height', win=Window(...))
7.1140 	EXP 	Created polygon = ShapeStim(__class__=<class 'psychopy.visual.shape.ShapeStim'>, autoDraw=False, autoLog=True, closeShape=True, color=method-wrapper(...), colorSpace='rgb', contrast=None, depth=0.0, fillColor=array([1, 1, 1]), fillColorSpace='rgb', fillRGB=array([1, 1, 1]), interpolate=True, lineColor=array([1., 1., 1.]), lineColorSpace='rgb', lineRGB=array([1, 1, 1]), lineWidth=1.0, name='polygon', opacity=1, ori=0.0, pos=array([0., 0.]), size=array([0.5, 0.5]), units='height', vertices=ndarray(...), win=Window(...), windingRule=None)
7.1176 	EXP 	Created Stim = ImageStim(__class__=<class 'psychopy.visual.image.ImageStim'>, autoLog=True, color=array([1., 1., 1.]), colorSpace='rgb', contrast=1.0, depth=0.0, flipHoriz=False, flipVert=False, image='sin', interpolate=True, mask=None, maskParams=None, name='Stim', opacity=1, ori=0.0, pos=array([0., 0.]), size=array([1.777, 1.   ]), texRes=128.0, units='height', win=Window(...))
7.1370 	EXP 	Created text = TextStim(__class__=<class 'psychopy.visual.text.TextStim'>, alignHoriz=method-wrapper(...), alignText='center', alignVert=method-wrapper(...), anchorHoriz='center', anchorVert='center', antialias=True, autoLog=True, bold=False, color=array([1., 1., 1.]), colorSpace='rgb', contrast=1.0, depth=0.0, flipHoriz=False, flipVert=False, font='Open Sans', fontFiles=[], height=0.1, italic=False, languageStyle='LTR', name='text', opacity=1, ori=0.0, pos=array([0., 0.]), rgb=UNKNOWN, text='Thank you!\n\nYou have finished the task!', units='height', win=Window(...), wrapWidth=1)
7.2068 	EXP 	Instruct: autoDraw = True
7.2068 	EXP 	text_2: autoDraw = True
8.2485 	EXP 	Imported TMT-B_1_1.xlsx as conditions, 13 conditions, 6 params
8.2488 	EXP 	Created sequence: sequential, trialTypes=13, nReps=1, seed=None
8.2490 	EXP 	New trial (rep=0, index=0): {'NumB_1_1erLetter': 1, 'corrAns': 1, 'StimFile': 'TMT-B_1_1.jpg', 'Correct_StimFile': 'TMT-B_1_1.jpg', 'False_StimFile': 'TMT-B_1_1.jpg', 'DurationTrial': 10}
8.3178 	DATA 	Keypress: 1
8.3220 	EXP 	Instruct: autoDraw = False
8.3220 	EXP 	text_2: autoDraw = False
8.3220 	EXP 	Stim: image = 'TMT-B_1_1.jpg'
8.3220 	EXP 	Stim: image = 'TMT-B_1_1.jpg'
8.3220 	EXP 	Stim: autoDraw = True
8.4007 	DATA 	Keypress: 1
10.1508 	EXP 	New trial (rep=0, index=1): {'NumB_1_1erLetter': 'A', 'corrAns': 2, 'StimFile': 'TMT-B_1_1.jpg', 'Correct_StimFile': 'TMT-B_1_1firstgreen.jpg', 'False_StimFile': 'TMT-B_1_1firstred.jpg', 'DurationTrial': 10}
10.1516 	WARNING 	Requested image 'TMT-B_1_1firstgreen.jpg' not found but similar filename 'TMT-B_1_1firstgreen.png' exists. This will be used instead but changing the filename is advised.
10.1790 	WARNING 	Requested image 'TMT-B_1_1firstgreen.jpg' not found but similar filename 'TMT-B_1_1firstgreen.png' exists. This will be used instead but changing the filename is advised.
10.2129 	DATA 	Keypress: 1
10.2172 	EXP 	Stim: autoDraw = False
10.2172 	EXP 	Stim: image = 'TMT-B_1_1firstgreen.jpg'
10.2172 	EXP 	Stim: image = 'TMT-B_1_1firstgreen.jpg'
10.2172 	EXP 	Stim: autoDraw = True
10.3522 	DATA 	Keypress: 1
11.1988 	DATA 	Keypress: 1
11.2068 	EXP 	New trial (rep=0, index=2): {'NumB_1_1erLetter': 2, 'corrAns': 1, 'StimFile': 'TMT-B_1_1linestimulus0.png', 'Correct_StimFile': 'TMT-B_1_1greenlinestimulus0.png', 'False_StimFile': 'TMT-B_1_1redlinestimulus0.png', 'DurationTrial': 10}
11.2790 	EXP 	Stim: autoDraw = False
11.2790 	EXP 	Stim: image = 'TMT-B_1_1greenlinestimulus0.png'
11.2790 	EXP 	Stim: image = 'TMT-B_1_1redlinestimulus0.png'
11.2790 	EXP 	Stim: autoDraw = True
11.4210 	DATA 	Keypress: 1
11.7340 	EXP 	New trial (rep=0, index=3): {'NumB_1_1erLetter': 'B', 'corrAns': 3, 'StimFile': 'TMT-B_1_1linestimulus1.png', 'Correct_StimFile': 'TMT-B_1_1greenlinestimulus1.png', 'False_StimFile': 'TMT-B_1_1redlinestimulus1.png', 'DurationTrial': 10}
11.8038 	DATA 	Keypress: 1
11.8085 	EXP 	Stim: autoDraw = False
11.8085 	EXP 	Stim: image = 'TMT-B_1_1greenlinestimulus1.png'
11.8085 	EXP 	Stim: image = 'TMT-B_1_1greenlinestimulus1.png'
11.8085 	EXP 	Stim: autoDraw = True
11.9143 	DATA 	Keypress: 1
12.0947 	DATA 	Keypress: 1
12.1021 	EXP 	New trial (rep=0, index=4): {'NumB_1_1erLetter': 3, 'corrAns': 2, 'StimFile': 'TMT-B_1_1linestimulus2.png', 'Correct_StimFile': 'TMT-B_1_1greenlinestimulus2.png', 'False_StimFile': 'TMT-B_1_1redlinestimulus2.png', 'DurationTrial': 10}
12.1750 	EXP 	Stim: autoDraw = False
12.1750 	EXP 	Stim: image = 'TMT-B_1_1greenlinestimulus2.png'
12.1750 	EXP 	Stim: image = 'TMT-B_1_1redlinestimulus2.png'
12.1750 	EXP 	Stim: autoDraw = True
12.2823 	DATA 	Keypress: 1
12.4982 	EXP 	New trial (rep=0, index=5): {'NumB_1_1erLetter': 'C', 'corrAns': 1, 'StimFile': 'TMT-B_1_1linestimulus3.png', 'Correct_StimFile': 'TMT-B_1_1greenlinestimulus3.png', 'False_StimFile': 'TMT-B_1_1redlinestimulus3.png', 'DurationTrial': 10}
12.5597 	DATA 	Keypress: 1
12.5637 	EXP 	Stim: autoDraw = False
12.5637 	EXP 	Stim: image = 'TMT-B_1_1greenlinestimulus3.png'
12.5637 	EXP 	Stim: image = 'TMT-B_1_1redlinestimulus3.png'
12.5637 	EXP 	Stim: autoDraw = True
12.6574 	DATA 	Keypress: 1
12.9487 	DATA 	Keypress: 1
12.9559 	EXP 	New trial (rep=0, index=6): {'NumB_1_1erLetter': 4, 'corrAns': 2, 'StimFile': 'TMT-B_1_1linestimulus4.png', 'Correct_StimFile': 'TMT-B_1_1greenlinestimulus4.png', 'False_StimFile': 'TMT-B_1_1redlinestimulus4.png', 'DurationTrial': 10}
13.0223 	EXP 	Stim: autoDraw = False
13.0223 	EXP 	Stim: image = 'TMT-B_1_1greenlinestimulus4.png'
13.0223 	EXP 	Stim: image = 'TMT-B_1_1greenlinestimulus4.png'
13.0223 	EXP 	Stim: autoDraw = True
13.1573 	DATA 	Keypress: 1
13.4494 	DATA 	Keypress: 1
13.4566 	EXP 	New trial (rep=0, index=7): {'NumB_1_1erLetter': 'D', 'corrAns': 3, 'StimFile': 'TMT-B_1_1linestimulus5.png', 'Correct_StimFile': 'TMT-B_1_1greenlinestimulus5.png', 'False_StimFile': 'TMT-B_1_1redlinestimulus5.png', 'DurationTrial': 10}
13.5290 	EXP 	Stim: autoDraw = False
13.5290 	EXP 	Stim: image = 'TMT-B_1_1greenlinestimulus5.png'
13.5290 	EXP 	Stim: image = 'TMT-B_1_1redlinestimulus5.png'
13.5290 	EXP 	Stim: autoDraw = True
13.6226 	DATA 	Keypress: 1
14.7549 	EXP 	New trial (rep=0, index=8): {'NumB_1_1erLetter': 5, 'corrAns': 2, 'StimFile': 'TMT-B_1_1linestimulus6.png', 'Correct_StimFile': 'TMT-B_1_1greenlinestimulus6.png', 'False_StimFile': 'TMT-B_1_1redlinestimulus6.png', 'DurationTrial': 10}
14.8167 	DATA 	Keypress: 1
14.8207 	EXP 	Stim: autoDraw = False
14.8207 	EXP 	Stim: image = 'TMT-B_1_1greenlinestimulus6.png'
14.8207 	EXP 	Stim: image = 'TMT-B_1_1redlinestimulus6.png'
14.8207 	EXP 	Stim: autoDraw = True
14.9565 	DATA 	Keypress: 1
15.2127 	EXP 	New trial (rep=0, index=9): {'NumB_1_1erLetter': 'E', 'corrAns': 1, 'StimFile': 'TMT-B_1_1linestimulus7.png', 'Correct_StimFile': 'TMT-B_1_1greenlinestimulus7.png', 'False_StimFile': 'TMT-B_1_1redlinestimulus7.png', 'DurationTrial': 10}
15.2751 	DATA 	Keypress: 1
15.2792 	EXP 	Stim: autoDraw = False
15.2792 	EXP 	Stim: image = 'TMT-B_1_1greenlinestimulus7.png'
15.2792 	EXP 	Stim: image = 'TMT-B_1_1redlinestimulus7.png'
15.2792 	EXP 	Stim: autoDraw = True
15.4002 	DATA 	Keypress: 1
15.6994 	EXP 	New trial (rep=0, index=10): {'NumB_1_1erLetter': 6, 'corrAns': 2, 'StimFile': 'TMT-B_1_1linestimulus8.png', 'Correct_StimFile': 'TMT-B_1_1greenlinestimulus8.png', 'False_StimFile': 'TMT-B_1_1redlinestimulus8.png', 'DurationTrial': 10}
15.7681 	DATA 	Keypress: 1
15.7720 	EXP 	Stim: autoDraw = False
15.7720 	EXP 	Stim: image = 'TMT-B_1_1greenlinestimulus8.png'
15.7720 	EXP 	Stim: image = 'TMT-B_1_1greenlinestimulus8.png'
15.7720 	EXP 	Stim: autoDraw = True
15.8656 	DATA 	Keypress: 1
16.1572 	DATA 	Keypress: 1
16.1642 	EXP 	New trial (rep=0, index=11): {'NumB_1_1erLetter': 'F', 'corrAns': 3, 'StimFile': 'TMT-B_1_1linestimulus9.png', 'Correct_StimFile': 'TMT-B_1_1greenlinestimulus9.png', 'False_StimFile': 'TMT-B_1_1redlinestimulus9.png', 'DurationTrial': 10}
16.2305 	EXP 	Stim: autoDraw = False
16.2305 	EXP 	Stim: image = 'TMT-B_1_1greenlinestimulus9.png'
16.2305 	EXP 	Stim: image = 'TMT-B_1_1redlinestimulus9.png'
16.2305 	EXP 	Stim: autoDraw = True
16.3239 	DATA 	Keypress: 1
17.4486 	DATA 	Keypress: 1
17.4558 	EXP 	New trial (rep=0, index=12): {'NumB_1_1erLetter': None, 'corrAns': None, 'StimFile': None, 'Correct_StimFile': 'TMT-B_1_1greenlinestimulus10.png', 'False_StimFile': 'TMT-B_1_1redlinestimulus10.png', 'DurationTrial': 1}
17.5222 	EXP 	Stim: autoDraw = False
17.5222 	EXP 	Stim: image = 'TMT-B_1_1greenlinestimulus10.png'
17.5222 	EXP 	Stim: image = 'TMT-B_1_1redlinestimulus10.png'
17.5222 	EXP 	Stim: autoDraw = True
17.6015 	DATA 	Keypress: 1
18.5332 	EXP 	Stim: autoDraw = False
18.5332 	EXP 	polygon: autoDraw = True
21.5346 	EXP 	Imported TMT-BX_1_1.xlsx as conditions, 13 conditions, 5 params
21.5349 	EXP 	Created sequence: sequential, trialTypes=13, nReps=1, seed=None
21.5351 	EXP 	New trial (rep=0, index=0): {'NumberLetter': 7, 'corrAns': 3, 'StimFile': 'TMT-BX_1_1.jpg', 'Correct_StimFile': 'TMT-BX_1_1.jpg', 'False_StimFile': 'TMT-BX_1_1.jpg'}
21.5847 	EXP 	polygon: autoDraw = False
21.5847 	EXP 	Stim: image = 'TMT-BX_1_1.jpg'
21.5847 	EXP 	Stim: image = 'TMT-BX_1_1.jpg'
21.5847 	EXP 	Stim: autoDraw = True
23.2268 	EXP 	New trial (rep=0, index=1): {'NumberLetter': 'G', 'corrAns': 1, 'StimFile': 'TMT-BX_1_1.jpg', 'Correct_StimFile': 'TMT-BX_1_1firstgreen.jpg', 'False_StimFile': 'TMT-BX_1_1firstred.jpg'}
23.2275 	WARNING 	Requested image 'TMT-BX_1_1firstgreen.jpg' not found but similar filename 'TMT-BX_1_1firstgreen.png' exists. This will be used instead but changing the filename is advised.
23.2552 	WARNING 	Requested image 'TMT-BX_1_1firstred.jpg' not found but similar filename 'TMT-BX_1_1firstred.png' exists. This will be used instead but changing the filename is advised.
23.2889 	DATA 	Keypress: 1
23.2929 	EXP 	Stim: autoDraw = False
23.2929 	EXP 	Stim: image = 'TMT-BX_1_1firstgreen.jpg'
23.2929 	EXP 	Stim: image = 'TMT-BX_1_1firstred.jpg'
23.2929 	EXP 	Stim: autoDraw = True
23.4557 	DATA 	Keypress: 1
23.7204 	DATA 	Keypress: 1
23.7277 	EXP 	New trial (rep=0, index=2): {'NumberLetter': 8, 'corrAns': 2, 'StimFile': 'TMT-BX_1_1linestimulus0.png', 'Correct_StimFile': 'TMT-BX_1_1greenlinestimulus0.png', 'False_StimFile': 'TMT-BX_1_1redlinestimulus0.png'}
23.7930 	EXP 	Stim: autoDraw = False
23.7930 	EXP 	Stim: image = 'TMT-BX_1_1greenlinestimulus0.png'
23.7930 	EXP 	Stim: image = 'TMT-BX_1_1greenlinestimulus0.png'
23.7930 	EXP 	Stim: autoDraw = True
23.9140 	DATA 	Keypress: 1
24.2609 	DATA 	Keypress: 1
24.2679 	EXP 	New trial (rep=0, index=3): {'NumberLetter': 'H', 'corrAns': 1, 'StimFile': 'TMT-BX_1_1linestimulus1.png', 'Correct_StimFile': 'TMT-BX_1_1greenlinestimulus1.png', 'False_StimFile': 'TMT-BX_1_1redlinestimulus1.png'}
24.3415 	EXP 	Stim: autoDraw = False
24.3415 	EXP 	Stim: image = 'TMT-BX_1_1greenlinestimulus1.png'
24.3415 	EXP 	Stim: image = 'TMT-BX_1_1redlinestimulus1.png'
24.3415 	EXP 	Stim: autoDraw = True
24.4637 	DATA 	Keypress: 1
25.2473 	EXP 	New trial (rep=0, index=4): {'NumberLetter': 9, 'corrAns': 3, 'StimFile': 'TMT-BX_1_1linestimulus2.png', 'Correct_StimFile': 'TMT-BX_1_1greenlinestimulus2.png', 'False_StimFile': 'TMT-BX_1_1redlinestimulus2.png'}
25.3234 	DATA 	Keypress: 1
25.3273 	EXP 	Stim: autoDraw = False
25.3273 	EXP 	Stim: image = 'TMT-BX_1_1greenlinestimulus2.png'
25.3273 	EXP 	Stim: image = 'TMT-BX_1_1greenlinestimulus2.png'
25.3273 	EXP 	Stim: autoDraw = True
25.4487 	DATA 	Keypress: 1
26.1090 	EXP 	New trial (rep=0, index=5): {'NumberLetter': 'I', 'corrAns': 1, 'StimFile': 'TMT-BX_1_1linestimulus3.png', 'Correct_StimFile': 'TMT-BX_1_1greenlinestimulus3.png', 'False_StimFile': 'TMT-BX_1_1redlinestimulus3.png'}
26.1843 	DATA 	Keypress: 1
26.1883 	EXP 	Stim: autoDraw = False
26.1883 	EXP 	Stim: image = 'TMT-BX_1_1greenlinestimulus3.png'
26.1883 	EXP 	Stim: image = 'TMT-BX_1_1redlinestimulus3.png'
26.1883 	EXP 	Stim: autoDraw = True
26.3238 	DATA 	Keypress: 1
26.5386 	EXP 	New trial (rep=0, index=6): {'NumberLetter': 10, 'corrAns': 2, 'StimFile': 'TMT-BX_1_1linestimulus4.png', 'Correct_StimFile': 'TMT-BX_1_1greenlinestimulus4.png', 'False_StimFile': 'TMT-BX_1_1redlinestimulus4.png'}
26.6082 	DATA 	Keypress: 1
26.6122 	EXP 	Stim: autoDraw = False
26.6122 	EXP 	Stim: image = 'TMT-BX_1_1greenlinestimulus4.png'
26.6122 	EXP 	Stim: image = 'TMT-BX_1_1greenlinestimulus4.png'
26.6122 	EXP 	Stim: autoDraw = True
26.7610 	DATA 	Keypress: 1
27.0746 	EXP 	New trial (rep=0, index=7): {'NumberLetter': 'J', 'corrAns': 3, 'StimFile': 'TMT-BX_1_1linestimulus5.png', 'Correct_StimFile': 'TMT-BX_1_1greenlinestimulus5.png', 'False_StimFile': 'TMT-BX_1_1redlinestimulus5.png'}
27.1497 	DATA 	Keypress: 1
27.1536 	EXP 	Stim: autoDraw = False
27.1536 	EXP 	Stim: image = 'TMT-BX_1_1greenlinestimulus5.png'
27.1536 	EXP 	Stim: image = 'TMT-BX_1_1redlinestimulus5.png'
27.1536 	EXP 	Stim: autoDraw = True
27.2747 	DATA 	Keypress: 1
27.5600 	EXP 	New trial (rep=0, index=8): {'NumberLetter': 11, 'corrAns': 2, 'StimFile': 'TMT-BX_1_1linestimulus6.png', 'Correct_StimFile': 'TMT-BX_1_1greenlinestimulus6.png', 'False_StimFile': 'TMT-BX_1_1redlinestimulus6.png'}
27.6358 	DATA 	Keypress: 1
27.6402 	EXP 	Stim: autoDraw = False
27.6402 	EXP 	Stim: image = 'TMT-BX_1_1greenlinestimulus6.png'
27.6402 	EXP 	Stim: image = 'TMT-BX_1_1redlinestimulus6.png'
27.6402 	EXP 	Stim: autoDraw = True
27.7203 	DATA 	Keypress: 1
28.0875 	EXP 	New trial (rep=0, index=9): {'NumberLetter': 'K', 'corrAns': 1, 'StimFile': 'TMT-BX_1_1linestimulus7.png', 'Correct_StimFile': 'TMT-BX_1_1greenlinestimulus7.png', 'False_StimFile': 'TMT-BX_1_1redlinestimulus7.png'}
28.1705 	DATA 	Keypress: 1
28.1745 	EXP 	Stim: autoDraw = False
28.1745 	EXP 	Stim: image = 'TMT-BX_1_1greenlinestimulus7.png'
28.1745 	EXP 	Stim: image = 'TMT-BX_1_1redlinestimulus7.png'
28.1745 	EXP 	Stim: autoDraw = True
28.2817 	DATA 	Keypress: 1
28.5317 	DATA 	Keypress: 1
28.5395 	EXP 	New trial (rep=0, index=10): {'NumberLetter': 12, 'corrAns': 2, 'StimFile': 'TMT-BX_1_1linestimulus8.png', 'Correct_StimFile': 'TMT-BX_1_1greenlinestimulus8.png', 'False_StimFile': 'TMT-BX_1_1redlinestimulus8.png'}
28.6190 	EXP 	Stim: autoDraw = False
28.6190 	EXP 	Stim: image = 'TMT-BX_1_1greenlinestimulus8.png'
28.6190 	EXP 	Stim: image = 'TMT-BX_1_1greenlinestimulus8.png'
28.6190 	EXP 	Stim: autoDraw = True
28.7262 	DATA 	Keypress: 1
28.9624 	DATA 	Keypress: 1
28.9693 	EXP 	New trial (rep=0, index=11): {'NumberLetter': 'L', 'corrAns': 1, 'StimFile': 'TMT-BX_1_1linestimulus9.png', 'Correct_StimFile': 'TMT-BX_1_1greenlinestimulus9.png', 'False_StimFile': 'TMT-BX_1_1redlinestimulus9.png'}
29.0501 	EXP 	Stim: autoDraw = False
29.0501 	EXP 	Stim: image = 'TMT-BX_1_1greenlinestimulus9.png'
29.0501 	EXP 	Stim: image = 'TMT-BX_1_1redlinestimulus9.png'
29.0501 	EXP 	Stim: autoDraw = True
29.1303 	DATA 	Keypress: 1
29.4560 	EXP 	New trial (rep=0, index=12): {'NumberLetter': None, 'corrAns': None, 'StimFile': None, 'Correct_StimFile': 'TMT-BX_1_1greenlinestimulus10.png', 'False_StimFile': 'TMT-BX_1_1redlinestimulus10.png'}
29.5317 	DATA 	Keypress: 1
29.5356 	EXP 	Stim: autoDraw = False
29.5356 	EXP 	Stim: image = 'TMT-BX_1_1greenlinestimulus10.png'
29.5356 	EXP 	Stim: image = 'TMT-BX_1_1greenlinestimulus10.png'
29.5356 	EXP 	Stim: autoDraw = True
29.6429 	DATA 	Keypress: 1
35.9901 	DATA 	Keypress: 1
36.1981 	DATA 	Keypress: 1
38.9763 	DATA 	Keypress: 2
38.9911 	EXP 	Stim: autoDraw = False
38.9911 	EXP 	polygon: autoDraw = True
39.2123 	DATA 	Keypress: 2
41.4706 	DATA 	Keypress: esc
41.6710 	DATA 	Keypress: esc
41.6888 	EXP 	window1: mouseVisible = True
