1.6487 	WARNING 	We strongly recommend you activate the PTB sound engine in PsychoPy prefs as the preferred audio engine. Its timing is vastly superior. Your prefs are currently set to use ['pyo'] (in that order).
5.2608 	EXP 	Created window1 = Window(allowGUI=True, allowStencil=False, autoLog=True, backendConf=UNKNOWN, bitsMode=UNKNOWN, blendMode='avg', bpc=(8, 8, 8), color=array([0, 0, 0]), colorSpace='rgb', depthBits=8, fullscr=<method-wrapper '__getattribute__' of attributeSetter object at 0x000001FAE28256A0>, gamma=None, gammaErrorPolicy='raise', lms=UNKNOWN, monitor=<psychopy.monitors.calibTools.Monitor object at 0x000001FAE2781978>, multiSample=False, name='window1', numSamples=2, pos=[760.0, 180.0], screen=0, size=array([1920, 1080]), stencilBits=0, stereo=False, units='height', useFBO=True, useRetina=False, viewOri=0.0, viewPos=None, viewScale=None, waitBlanking=True, winType='glfw')
5.2609 	EXP 	window1: mouseVisible = True
5.2609 	EXP 	window1: recordFrameIntervals = False
5.4295 	EXP 	window1: recordFrameIntervals = True
5.6133 	EXP 	window1: recordFrameIntervals = False
5.8911 	EXP 	Created Instruct = ImageStim(__class__=<class 'psychopy.visual.image.ImageStim'>, autoLog=True, color=array([1., 1., 1.]), colorSpace='rgb', contrast=1.0, depth=0.0, flipHoriz=False, flipVert=False, image='InkedInstructBfinal_LI.jpg', interpolate=True, mask=None, maskParams=None, name='Instruct', opacity=1, ori=0.0, pos=array([0., 0.]), size=array([0.8, 0.8]), texRes=128.0, units='height', win=Window(...))
6.0013 	EXP 	Created text_2 = TextStim(__class__=<class 'psychopy.visual.text.TextStim'>, alignHoriz=method-wrapper(...), alignText='center', alignVert=method-wrapper(...), anchorHoriz='center', anchorVert='center', antialias=True, autoLog=True, bold=False, color=array([1., 1., 1.]), colorSpace='rgb', contrast=1.0, depth=-2.0, flipHoriz=False, flipVert=False, font='Open Sans', fontFiles=[], height=0.04, italic=False, languageStyle='LTR', name='text_2', opacity=1, ori=0.5, pos=array([ 0.  , -0.45]), rgb=UNKNOWN, text=str(...), units='height', win=Window(...), wrapWidth=2.0)
6.0038 	EXP 	Created polygon = ShapeStim(__class__=<class 'psychopy.visual.shape.ShapeStim'>, autoDraw=False, autoLog=True, closeShape=True, color=method-wrapper(...), colorSpace='rgb', contrast=None, depth=0.0, fillColor=array([1, 1, 1]), fillColorSpace='rgb', fillRGB=array([1, 1, 1]), interpolate=True, lineColor=array([1., 1., 1.]), lineColorSpace='rgb', lineRGB=array([1, 1, 1]), lineWidth=1.0, name='polygon', opacity=1, ori=0.0, pos=array([0., 0.]), size=array([0.5, 0.5]), units='height', vertices=ndarray(...), win=Window(...), windingRule=None)
6.0082 	EXP 	Created Stim_practice = ImageStim(__class__=<class 'psychopy.visual.image.ImageStim'>, autoLog=True, color=array([1., 1., 1.]), colorSpace='rgb', contrast=1.0, depth=0.0, flipHoriz=False, flipVert=False, image='sin', interpolate=True, mask=None, maskParams=None, name='Stim_practice', opacity=1, ori=0.0, pos=array([0., 0.]), size=array([1.777, 1.   ]), texRes=128.0, units='height', win=Window(...))
6.0099 	EXP 	Created text_5 = TextStim(__class__=<class 'psychopy.visual.text.TextStim'>, alignHoriz=method-wrapper(...), alignText='center', alignVert=method-wrapper(...), anchorHoriz='center', anchorVert='center', antialias=True, autoLog=True, bold=False, color=array([1., 1., 1.]), colorSpace='rgb', contrast=1.0, depth=0.0, flipHoriz=False, flipVert=False, font='Open Sans', fontFiles=[], height=0.1, italic=False, languageStyle='LTR', name='text_5', opacity=1, ori=0.0, pos=array([0., 0.]), rgb=UNKNOWN, text='', units='height', win=Window(...), wrapWidth=1)
6.0118 	EXP 	Created polygon = ShapeStim(__class__=<class 'psychopy.visual.shape.ShapeStim'>, autoDraw=False, autoLog=True, closeShape=True, color=method-wrapper(...), colorSpace='rgb', contrast=None, depth=0.0, fillColor=array([1, 1, 1]), fillColorSpace='rgb', fillRGB=array([1, 1, 1]), interpolate=True, lineColor=array([1., 1., 1.]), lineColorSpace='rgb', lineRGB=array([1, 1, 1]), lineWidth=1.0, name='polygon', opacity=1, ori=0.0, pos=array([0., 0.]), size=array([0.5, 0.5]), units='height', vertices=ndarray(...), win=Window(...), windingRule=None)
6.0169 	EXP 	Created Stim = ImageStim(__class__=<class 'psychopy.visual.image.ImageStim'>, autoLog=True, color=array([1., 1., 1.]), colorSpace='rgb', contrast=1.0, depth=0.0, flipHoriz=False, flipVert=False, image='sin', interpolate=True, mask=None, maskParams=None, name='Stim', opacity=1, ori=0.0, pos=array([0., 0.]), size=array([1.777, 1.   ]), texRes=128.0, units='height', win=Window(...))
6.0187 	EXP 	Created polygon = ShapeStim(__class__=<class 'psychopy.visual.shape.ShapeStim'>, autoDraw=False, autoLog=True, closeShape=True, color=method-wrapper(...), colorSpace='rgb', contrast=None, depth=0.0, fillColor=array([1, 1, 1]), fillColorSpace='rgb', fillRGB=array([1, 1, 1]), interpolate=True, lineColor=array([1., 1., 1.]), lineColorSpace='rgb', lineRGB=array([1, 1, 1]), lineWidth=1.0, name='polygon', opacity=1, ori=0.0, pos=array([0., 0.]), size=array([0.5, 0.5]), units='height', vertices=ndarray(...), win=Window(...), windingRule=None)
6.0261 	EXP 	Created Stim = ImageStim(__class__=<class 'psychopy.visual.image.ImageStim'>, autoLog=True, color=array([1., 1., 1.]), colorSpace='rgb', contrast=1.0, depth=0.0, flipHoriz=False, flipVert=False, image='sin', interpolate=True, mask=None, maskParams=None, name='Stim', opacity=1, ori=0.0, pos=array([0., 0.]), size=array([1.777, 1.   ]), texRes=128.0, units='height', win=Window(...))
6.0280 	EXP 	Created polygon = ShapeStim(__class__=<class 'psychopy.visual.shape.ShapeStim'>, autoDraw=False, autoLog=True, closeShape=True, color=method-wrapper(...), colorSpace='rgb', contrast=None, depth=0.0, fillColor=array([1, 1, 1]), fillColorSpace='rgb', fillRGB=array([1, 1, 1]), interpolate=True, lineColor=array([1., 1., 1.]), lineColorSpace='rgb', lineRGB=array([1, 1, 1]), lineWidth=1.0, name='polygon', opacity=1, ori=0.0, pos=array([0., 0.]), size=array([0.5, 0.5]), units='height', vertices=ndarray(...), win=Window(...), windingRule=None)
6.0329 	EXP 	Created Stim = ImageStim(__class__=<class 'psychopy.visual.image.ImageStim'>, autoLog=True, color=array([1., 1., 1.]), colorSpace='rgb', contrast=1.0, depth=0.0, flipHoriz=False, flipVert=False, image='sin', interpolate=True, mask=None, maskParams=None, name='Stim', opacity=1, ori=0.0, pos=array([0., 0.]), size=array([1.777, 1.   ]), texRes=128.0, units='height', win=Window(...))
6.0348 	EXP 	Created polygon = ShapeStim(__class__=<class 'psychopy.visual.shape.ShapeStim'>, autoDraw=False, autoLog=True, closeShape=True, color=method-wrapper(...), colorSpace='rgb', contrast=None, depth=0.0, fillColor=array([1, 1, 1]), fillColorSpace='rgb', fillRGB=array([1, 1, 1]), interpolate=True, lineColor=array([1., 1., 1.]), lineColorSpace='rgb', lineRGB=array([1, 1, 1]), lineWidth=1.0, name='polygon', opacity=1, ori=0.0, pos=array([0., 0.]), size=array([0.5, 0.5]), units='height', vertices=ndarray(...), win=Window(...), windingRule=None)
6.0391 	EXP 	Created Stim = ImageStim(__class__=<class 'psychopy.visual.image.ImageStim'>, autoLog=True, color=array([1., 1., 1.]), colorSpace='rgb', contrast=1.0, depth=0.0, flipHoriz=False, flipVert=False, image='sin', interpolate=True, mask=None, maskParams=None, name='Stim', opacity=1, ori=0.0, pos=array([0., 0.]), size=array([1.777, 1.   ]), texRes=128.0, units='height', win=Window(...))
6.0562 	EXP 	Created text = TextStim(__class__=<class 'psychopy.visual.text.TextStim'>, alignHoriz=method-wrapper(...), alignText='center', alignVert=method-wrapper(...), anchorHoriz='center', anchorVert='center', antialias=True, autoLog=True, bold=False, color=array([1., 1., 1.]), colorSpace='rgb', contrast=1.0, depth=0.0, flipHoriz=False, flipVert=False, font='Open Sans', fontFiles=[], height=0.1, italic=False, languageStyle='LTR', name='text', opacity=1, ori=0.0, pos=array([0., 0.]), rgb=UNKNOWN, text=str(...), units='height', win=Window(...), wrapWidth=1)
6.1446 	EXP 	Instruct: autoDraw = True
6.1446 	EXP 	text_2: autoDraw = True
7.4096 	DATA 	Keypress: 2
7.4130 	EXP 	Instruct: autoDraw = False
7.4130 	EXP 	text_2: autoDraw = False
7.4130 	EXP 	polygon: autoDraw = True
7.6097 	DATA 	Keypress: 2
10.3999 	EXP 	Created sequence: sequential, trialTypes=1, nReps=5, seed=None
10.4001 	EXP 	New trial (rep=0, index=0): None
10.4073 	EXP 	Imported TMTstop-A_1_practice.xlsx as conditions, 13 conditions, 6 params
10.4075 	EXP 	Created sequence: sequential, trialTypes=13, nReps=1, seed=None
10.4077 	EXP 	New trial (rep=0, index=0): {'NumberLetter': 1, 'corrAns': ['1'], 'StimFile': 'TMTstop-A_1_practice.png', 'Correct_StimFile': 'TMTstop-A_1_practice.png', 'False_StimFile': 'TMTstop-A_1_practice.png', 'DurationTrial': 10}
10.5148 	EXP 	polygon: autoDraw = False
10.5148 	EXP 	polygon: autoDraw = False
10.5148 	EXP 	Stim_practice: image = 'TMTstop-A_1_practice.png'
10.5148 	EXP 	Stim_practice: autoDraw = True
11.0277 	DATA 	Keypress: 2
11.0829 	EXP 	Stim_practice: image = 'TMTstop-A_1_practice.png'
11.1326 	EXP 	Stim_practice: image = 'TMTstop-A_1_practice.png'
11.1822 	EXP 	Stim_practice: image = 'TMTstop-A_1_practice.png'
11.2271 	DATA 	Keypress: 1
11.2323 	EXP 	Stim_practice: image = 'TMTstop-A_1_practice.png'
11.2356 	EXP 	New trial (rep=0, index=1): {'NumberLetter': 2, 'corrAns': ['2'], 'StimFile': 'TMTstop-A_1_practice.png', 'Correct_StimFile': 'TMTstop-A_1_practicefirstgreen.png', 'False_StimFile': 'TMTstop-A_1_practicefirstred.png', 'DurationTrial': 10}
11.2938 	DATA 	Keypress: 2
11.2989 	EXP 	Stim_practice: autoDraw = False
11.2989 	EXP 	Stim_practice: image = 'TMTstop-A_1_practicefirstgreen.png'
11.2989 	EXP 	Stim_practice: image = 'TMTstop-A_1_practicefirstgreen.png'
11.2989 	EXP 	Stim_practice: autoDraw = True
11.5113 	DATA 	Keypress: 1
11.5278 	DATA 	Keypress: 3
11.5824 	EXP 	Stim_practice: image = 'TMTstop-A_1_practicefirstred.png'
11.6324 	EXP 	Stim_practice: image = 'TMTstop-A_1_practicefirstred.png'
11.6773 	DATA 	Keypress: 1
11.6825 	EXP 	Stim_practice: image = 'TMTstop-A_1_practicefirstred.png'
11.7273 	DATA 	Keypress: 3
11.7325 	EXP 	Stim_practice: image = 'TMTstop-A_1_practicefirstred.png'
11.7773 	DATA 	Keypress: 2
11.7824 	EXP 	Stim_practice: image = 'TMTstop-A_1_practicefirstred.png'
11.7854 	EXP 	New trial (rep=0, index=2): {'NumberLetter': 3, 'corrAns': ['3'], 'StimFile': 'TMTstop-A_1_practicelinestimulus0.png', 'Correct_StimFile': 'TMTstop-A_1_practicegreenlinestimulus0.png', 'False_StimFile': 'TMTstop-A_1_practiceredlinestimulus0.png', 'DurationTrial': 10}
11.8492 	EXP 	Stim_practice: autoDraw = False
11.8492 	EXP 	Stim_practice: image = 'TMTstop-A_1_practicegreenlinestimulus0.png'
11.8492 	EXP 	Stim_practice: image = 'TMTstop-A_1_practicegreenlinestimulus0.png'
11.8492 	EXP 	Stim_practice: autoDraw = True
11.8611 	DATA 	Keypress: 3
11.8702 	EXP 	New trial (rep=0, index=3): {'NumberLetter': 4, 'corrAns': ['1'], 'StimFile': 'TMTstop-A_1_practicelinestimulus1.png', 'Correct_StimFile': 'TMTstop-A_1_practicegreenlinestimulus1.png', 'False_StimFile': 'TMTstop-A_1_practiceredlinestimulus1.png', 'DurationTrial': 10}
11.9275 	DATA 	Keypress: 1
11.9327 	EXP 	Stim_practice: autoDraw = False
11.9327 	EXP 	Stim_practice: image = 'TMTstop-A_1_practicegreenlinestimulus1.png'
11.9327 	EXP 	Stim_practice: image = 'TMTstop-A_1_practicegreenlinestimulus1.png'
11.9327 	EXP 	Stim_practice: autoDraw = True
11.9448 	DATA 	Keypress: 2
11.9870 	EXP 	New trial (rep=0, index=4): {'NumberLetter': 5, 'corrAns': ['2'], 'StimFile': 'TMTstop-A_1_practicelinestimulus2.png', 'Correct_StimFile': 'TMTstop-A_1_practicegreenlinestimulus2.png', 'False_StimFile': 'TMTstop-A_1_practiceredlinestimulus2.png', 'DurationTrial': 10}
12.0442 	DATA 	Keypress: 1
12.0444 	DATA 	Keypress: 3
12.0493 	EXP 	Stim_practice: autoDraw = False
12.0493 	EXP 	Stim_practice: image = 'TMTstop-A_1_practicegreenlinestimulus2.png'
12.0493 	EXP 	Stim_practice: image = 'TMTstop-A_1_practicegreenlinestimulus2.png'
12.0493 	EXP 	Stim_practice: autoDraw = True
12.0612 	DATA 	Keypress: 2
12.0702 	EXP 	New trial (rep=0, index=5): {'NumberLetter': 6, 'corrAns': ['3'], 'StimFile': 'TMTstop-A_1_practicelinestimulus3.png', 'Correct_StimFile': 'TMTstop-A_1_practicegreenlinestimulus3.png', 'False_StimFile': 'TMTstop-A_1_practiceredlinestimulus3.png', 'DurationTrial': 10}
12.1328 	EXP 	Stim_practice: autoDraw = False
12.1328 	EXP 	Stim_practice: image = 'TMTstop-A_1_practicegreenlinestimulus3.png'
12.1328 	EXP 	Stim_practice: image = 'TMTstop-A_1_practicegreenlinestimulus3.png'
12.1328 	EXP 	Stim_practice: autoDraw = True
12.1778 	DATA 	Keypress: 2
12.1947 	DATA 	Keypress: 1
13.0780 	DATA 	Keypress: x
13.0831 	EXP 	Stim_practice: image = 'TMTstop-A_1_practiceredlinestimulus3.png'
13.1331 	EXP 	Stim_practice: image = 'TMTstop-A_1_practiceredlinestimulus3.png'
13.1831 	EXP 	Stim_practice: image = 'TMTstop-A_1_practiceredlinestimulus3.png'
13.2331 	EXP 	Stim_practice: image = 'TMTstop-A_1_practiceredlinestimulus3.png'
13.2830 	EXP 	Stim_practice: image = 'TMTstop-A_1_practiceredlinestimulus3.png'
13.3279 	DATA 	Keypress: x
13.3331 	EXP 	Stim_practice: image = 'TMTstop-A_1_practiceredlinestimulus3.png'
13.3831 	EXP 	Stim_practice: image = 'TMTstop-A_1_practiceredlinestimulus3.png'
13.4333 	EXP 	Stim_practice: image = 'TMTstop-A_1_practiceredlinestimulus3.png'
13.4833 	EXP 	Stim_practice: image = 'TMTstop-A_1_practiceredlinestimulus3.png'
13.5332 	EXP 	Stim_practice: image = 'TMTstop-A_1_practiceredlinestimulus3.png'
13.5834 	EXP 	Stim_practice: image = 'TMTstop-A_1_practiceredlinestimulus3.png'
13.6333 	EXP 	Stim_practice: image = 'TMTstop-A_1_practiceredlinestimulus3.png'
13.6834 	EXP 	Stim_practice: image = 'TMTstop-A_1_practiceredlinestimulus3.png'
13.7335 	EXP 	Stim_practice: image = 'TMTstop-A_1_practiceredlinestimulus3.png'
13.7834 	EXP 	Stim_practice: image = 'TMTstop-A_1_practiceredlinestimulus3.png'
13.8335 	EXP 	Stim_practice: image = 'TMTstop-A_1_practiceredlinestimulus3.png'
13.8834 	EXP 	Stim_practice: image = 'TMTstop-A_1_practiceredlinestimulus3.png'
13.9343 	EXP 	Stim_practice: image = 'TMTstop-A_1_practiceredlinestimulus3.png'
13.9835 	EXP 	Stim_practice: image = 'TMTstop-A_1_practiceredlinestimulus3.png'
14.0336 	EXP 	Stim_practice: image = 'TMTstop-A_1_practiceredlinestimulus3.png'
14.0836 	EXP 	Stim_practice: image = 'TMTstop-A_1_practiceredlinestimulus3.png'
14.1335 	EXP 	Stim_practice: image = 'TMTstop-A_1_practiceredlinestimulus3.png'
14.1836 	EXP 	Stim_practice: image = 'TMTstop-A_1_practiceredlinestimulus3.png'
14.2336 	EXP 	Stim_practice: image = 'TMTstop-A_1_practiceredlinestimulus3.png'
14.2836 	EXP 	Stim_practice: image = 'TMTstop-A_1_practiceredlinestimulus3.png'
14.3337 	EXP 	Stim_practice: image = 'TMTstop-A_1_practiceredlinestimulus3.png'
14.3838 	EXP 	Stim_practice: image = 'TMTstop-A_1_practiceredlinestimulus3.png'
14.4336 	EXP 	Stim_practice: image = 'TMTstop-A_1_practiceredlinestimulus3.png'
14.4837 	EXP 	Stim_practice: image = 'TMTstop-A_1_practiceredlinestimulus3.png'
14.5337 	EXP 	Stim_practice: image = 'TMTstop-A_1_practiceredlinestimulus3.png'
14.5838 	EXP 	Stim_practice: image = 'TMTstop-A_1_practiceredlinestimulus3.png'
14.6337 	EXP 	Stim_practice: image = 'TMTstop-A_1_practiceredlinestimulus3.png'
14.6839 	EXP 	Stim_practice: image = 'TMTstop-A_1_practiceredlinestimulus3.png'
14.7342 	EXP 	Stim_practice: image = 'TMTstop-A_1_practiceredlinestimulus3.png'
14.7839 	EXP 	Stim_practice: image = 'TMTstop-A_1_practiceredlinestimulus3.png'
14.8339 	EXP 	Stim_practice: image = 'TMTstop-A_1_practiceredlinestimulus3.png'
14.8840 	EXP 	Stim_practice: image = 'TMTstop-A_1_practiceredlinestimulus3.png'
14.9339 	EXP 	Stim_practice: image = 'TMTstop-A_1_practiceredlinestimulus3.png'
14.9839 	EXP 	Stim_practice: image = 'TMTstop-A_1_practiceredlinestimulus3.png'
15.0340 	EXP 	Stim_practice: image = 'TMTstop-A_1_practiceredlinestimulus3.png'
15.0839 	EXP 	Stim_practice: image = 'TMTstop-A_1_practiceredlinestimulus3.png'
15.1340 	EXP 	Stim_practice: image = 'TMTstop-A_1_practiceredlinestimulus3.png'
15.1839 	EXP 	Stim_practice: image = 'TMTstop-A_1_practiceredlinestimulus3.png'
15.2340 	EXP 	Stim_practice: image = 'TMTstop-A_1_practiceredlinestimulus3.png'
15.2842 	EXP 	Stim_practice: image = 'TMTstop-A_1_practiceredlinestimulus3.png'
15.3342 	EXP 	Stim_practice: image = 'TMTstop-A_1_practiceredlinestimulus3.png'
15.3840 	EXP 	Stim_practice: image = 'TMTstop-A_1_practiceredlinestimulus3.png'
15.4342 	EXP 	Stim_practice: image = 'TMTstop-A_1_practiceredlinestimulus3.png'
15.4842 	EXP 	Stim_practice: image = 'TMTstop-A_1_practiceredlinestimulus3.png'
15.5344 	EXP 	Stim_practice: image = 'TMTstop-A_1_practiceredlinestimulus3.png'
15.5790 	DATA 	Keypress: 1
15.5842 	EXP 	Stim_practice: image = 'TMTstop-A_1_practiceredlinestimulus3.png'
15.6342 	EXP 	Stim_practice: image = 'TMTstop-A_1_practiceredlinestimulus3.png'
15.6844 	EXP 	Stim_practice: image = 'TMTstop-A_1_practiceredlinestimulus3.png'
15.7292 	DATA 	Keypress: 2
15.7343 	EXP 	Stim_practice: image = 'TMTstop-A_1_practiceredlinestimulus3.png'
15.7791 	DATA 	Keypress: 1
15.7843 	EXP 	Stim_practice: image = 'TMTstop-A_1_practiceredlinestimulus3.png'
15.8345 	EXP 	Stim_practice: image = 'TMTstop-A_1_practiceredlinestimulus3.png'
15.8843 	EXP 	Stim_practice: image = 'TMTstop-A_1_practiceredlinestimulus3.png'
15.9293 	DATA 	Keypress: 3
15.9345 	EXP 	Stim_practice: image = 'TMTstop-A_1_practiceredlinestimulus3.png'
15.9376 	EXP 	New trial (rep=0, index=6): {'NumberLetter': 7, 'corrAns': ['1'], 'StimFile': 'TMTstop-A_1_practicelinestimulus4.png', 'Correct_StimFile': 'TMTstop-A_1_practicegreenlinestimulus4.png', 'False_StimFile': 'TMTstop-A_1_practiceredlinestimulus4.png', 'DurationTrial': 10}
16.0178 	EXP 	Stim_practice: autoDraw = False
16.0178 	EXP 	Stim_practice: image = 'TMTstop-A_1_practicegreenlinestimulus4.png'
16.0178 	EXP 	Stim_practice: image = 'TMTstop-A_1_practicegreenlinestimulus4.png'
16.0178 	EXP 	Stim_practice: autoDraw = True
16.0466 	DATA 	Keypress: 2
16.1297 	DATA 	Keypress: 3
16.3137 	DATA 	Keypress: 1
16.3225 	EXP 	New trial (rep=0, index=7): {'NumberLetter': 8, 'corrAns': ['3'], 'StimFile': 'TMTstop-A_1_practicelinestimulus5.png', 'Correct_StimFile': 'TMTstop-A_1_practicegreenlinestimulus5.png', 'False_StimFile': 'TMTstop-A_1_practiceredlinestimulus5.png', 'DurationTrial': 10}
16.4013 	EXP 	Stim_practice: autoDraw = False
16.4013 	EXP 	Stim_practice: image = 'TMTstop-A_1_practicegreenlinestimulus5.png'
16.4013 	EXP 	Stim_practice: image = 'TMTstop-A_1_practicegreenlinestimulus5.png'
16.4013 	EXP 	Stim_practice: autoDraw = True
16.5138 	DATA 	Keypress: 1
17.4299 	DATA 	Keypress: x
17.4352 	EXP 	Stim_practice: image = 'TMTstop-A_1_practiceredlinestimulus5.png'
17.4852 	EXP 	Stim_practice: image = 'TMTstop-A_1_practiceredlinestimulus5.png'
17.5352 	EXP 	Stim_practice: image = 'TMTstop-A_1_practiceredlinestimulus5.png'
17.5851 	EXP 	Stim_practice: image = 'TMTstop-A_1_practiceredlinestimulus5.png'
17.6353 	EXP 	Stim_practice: image = 'TMTstop-A_1_practiceredlinestimulus5.png'
17.6853 	EXP 	Stim_practice: image = 'TMTstop-A_1_practiceredlinestimulus5.png'
17.7352 	EXP 	Stim_practice: image = 'TMTstop-A_1_practiceredlinestimulus5.png'
17.7801 	DATA 	Keypress: x
17.7852 	EXP 	Stim_practice: image = 'TMTstop-A_1_practiceredlinestimulus5.png'
17.8354 	EXP 	Stim_practice: image = 'TMTstop-A_1_practiceredlinestimulus5.png'
17.8853 	EXP 	Stim_practice: image = 'TMTstop-A_1_practiceredlinestimulus5.png'
17.9353 	EXP 	Stim_practice: image = 'TMTstop-A_1_practiceredlinestimulus5.png'
17.9853 	EXP 	Stim_practice: image = 'TMTstop-A_1_practiceredlinestimulus5.png'
18.0354 	EXP 	Stim_practice: image = 'TMTstop-A_1_practiceredlinestimulus5.png'
18.0855 	EXP 	Stim_practice: image = 'TMTstop-A_1_practiceredlinestimulus5.png'
18.1354 	EXP 	Stim_practice: image = 'TMTstop-A_1_practiceredlinestimulus5.png'
18.1853 	EXP 	Stim_practice: image = 'TMTstop-A_1_practiceredlinestimulus5.png'
18.2355 	EXP 	Stim_practice: image = 'TMTstop-A_1_practiceredlinestimulus5.png'
18.2854 	EXP 	Stim_practice: image = 'TMTstop-A_1_practiceredlinestimulus5.png'
18.3356 	EXP 	Stim_practice: image = 'TMTstop-A_1_practiceredlinestimulus5.png'
18.3856 	EXP 	Stim_practice: image = 'TMTstop-A_1_practiceredlinestimulus5.png'
18.4356 	EXP 	Stim_practice: image = 'TMTstop-A_1_practiceredlinestimulus5.png'
18.4860 	EXP 	Stim_practice: image = 'TMTstop-A_1_practiceredlinestimulus5.png'
18.5355 	EXP 	Stim_practice: image = 'TMTstop-A_1_practiceredlinestimulus5.png'
18.5858 	EXP 	Stim_practice: image = 'TMTstop-A_1_practiceredlinestimulus5.png'
18.6306 	DATA 	Keypress: 2
18.6357 	EXP 	Stim_practice: image = 'TMTstop-A_1_practiceredlinestimulus5.png'
18.6856 	EXP 	Stim_practice: image = 'TMTstop-A_1_practiceredlinestimulus5.png'
18.7356 	EXP 	Stim_practice: image = 'TMTstop-A_1_practiceredlinestimulus5.png'
18.7857 	EXP 	Stim_practice: image = 'TMTstop-A_1_practiceredlinestimulus5.png'
18.8306 	DATA 	Keypress: 2
18.8358 	EXP 	Stim_practice: image = 'TMTstop-A_1_practiceredlinestimulus5.png'
18.8857 	EXP 	Stim_practice: image = 'TMTstop-A_1_practiceredlinestimulus5.png'
18.9358 	EXP 	Stim_practice: image = 'TMTstop-A_1_practiceredlinestimulus5.png'
18.9858 	EXP 	Stim_practice: image = 'TMTstop-A_1_practiceredlinestimulus5.png'
19.0307 	DATA 	Keypress: 1
19.0359 	EXP 	Stim_practice: image = 'TMTstop-A_1_practiceredlinestimulus5.png'
19.0858 	EXP 	Stim_practice: image = 'TMTstop-A_1_practiceredlinestimulus5.png'
19.1359 	EXP 	Stim_practice: image = 'TMTstop-A_1_practiceredlinestimulus5.png'
19.1858 	EXP 	Stim_practice: image = 'TMTstop-A_1_practiceredlinestimulus5.png'
19.2308 	DATA 	Keypress: 1
19.2360 	EXP 	Stim_practice: image = 'TMTstop-A_1_practiceredlinestimulus5.png'
19.2859 	EXP 	Stim_practice: image = 'TMTstop-A_1_practiceredlinestimulus5.png'
19.3359 	EXP 	Stim_practice: image = 'TMTstop-A_1_practiceredlinestimulus5.png'
19.3861 	EXP 	Stim_practice: image = 'TMTstop-A_1_practiceredlinestimulus5.png'
19.4361 	EXP 	Stim_practice: image = 'TMTstop-A_1_practiceredlinestimulus5.png'
19.4860 	EXP 	Stim_practice: image = 'TMTstop-A_1_practiceredlinestimulus5.png'
19.5361 	EXP 	Stim_practice: image = 'TMTstop-A_1_practiceredlinestimulus5.png'
19.5810 	DATA 	Keypress: 3
19.5861 	EXP 	Stim_practice: image = 'TMTstop-A_1_practiceredlinestimulus5.png'
19.5894 	EXP 	New trial (rep=0, index=8): {'NumberLetter': 9, 'corrAns': ['2'], 'StimFile': 'TMTstop-A_1_practicelinestimulus6.png', 'Correct_StimFile': 'TMTstop-A_1_practicegreenlinestimulus6.png', 'False_StimFile': 'TMTstop-A_1_practiceredlinestimulus6.png', 'DurationTrial': 10}
19.6530 	EXP 	Stim_practice: autoDraw = False
19.6530 	EXP 	Stim_practice: image = 'TMTstop-A_1_practicegreenlinestimulus6.png'
19.6530 	EXP 	Stim_practice: image = 'TMTstop-A_1_practicegreenlinestimulus6.png'
19.6530 	EXP 	Stim_practice: autoDraw = True
19.7652 	DATA 	Keypress: 3
20.2819 	DATA 	Keypress: x
20.3365 	EXP 	Stim_practice: image = 'TMTstop-A_1_practiceredlinestimulus6.png'
20.3868 	EXP 	Stim_practice: image = 'TMTstop-A_1_practiceredlinestimulus6.png'
20.4366 	EXP 	Stim_practice: image = 'TMTstop-A_1_practiceredlinestimulus6.png'
20.4864 	EXP 	Stim_practice: image = 'TMTstop-A_1_practiceredlinestimulus6.png'
20.5365 	EXP 	Stim_practice: image = 'TMTstop-A_1_practiceredlinestimulus6.png'
20.5865 	EXP 	Stim_practice: image = 'TMTstop-A_1_practiceredlinestimulus6.png'
20.6315 	DATA 	Keypress: x
20.6366 	EXP 	Stim_practice: image = 'TMTstop-A_1_practiceredlinestimulus6.png'
20.6866 	EXP 	Stim_practice: image = 'TMTstop-A_1_practiceredlinestimulus6.png'
20.7366 	EXP 	Stim_practice: image = 'TMTstop-A_1_practiceredlinestimulus6.png'
20.7868 	EXP 	Stim_practice: image = 'TMTstop-A_1_practiceredlinestimulus6.png'
20.8366 	EXP 	Stim_practice: image = 'TMTstop-A_1_practiceredlinestimulus6.png'
20.8867 	EXP 	Stim_practice: image = 'TMTstop-A_1_practiceredlinestimulus6.png'
20.9367 	EXP 	Stim_practice: image = 'TMTstop-A_1_practiceredlinestimulus6.png'
20.9866 	EXP 	Stim_practice: image = 'TMTstop-A_1_practiceredlinestimulus6.png'
21.0367 	EXP 	Stim_practice: image = 'TMTstop-A_1_practiceredlinestimulus6.png'
21.0868 	EXP 	Stim_practice: image = 'TMTstop-A_1_practiceredlinestimulus6.png'
21.1369 	EXP 	Stim_practice: image = 'TMTstop-A_1_practiceredlinestimulus6.png'
21.1870 	EXP 	Stim_practice: image = 'TMTstop-A_1_practiceredlinestimulus6.png'
21.2369 	EXP 	Stim_practice: image = 'TMTstop-A_1_practiceredlinestimulus6.png'
21.2869 	EXP 	Stim_practice: image = 'TMTstop-A_1_practiceredlinestimulus6.png'
21.3369 	EXP 	Stim_practice: image = 'TMTstop-A_1_practiceredlinestimulus6.png'
21.3870 	EXP 	Stim_practice: image = 'TMTstop-A_1_practiceredlinestimulus6.png'
21.4371 	EXP 	Stim_practice: image = 'TMTstop-A_1_practiceredlinestimulus6.png'
21.4869 	EXP 	Stim_practice: image = 'TMTstop-A_1_practiceredlinestimulus6.png'
21.5370 	EXP 	Stim_practice: image = 'TMTstop-A_1_practiceredlinestimulus6.png'
21.5870 	EXP 	Stim_practice: image = 'TMTstop-A_1_practiceredlinestimulus6.png'
21.6373 	EXP 	Stim_practice: image = 'TMTstop-A_1_practiceredlinestimulus6.png'
21.6870 	EXP 	Stim_practice: image = 'TMTstop-A_1_practiceredlinestimulus6.png'
21.7371 	EXP 	Stim_practice: image = 'TMTstop-A_1_practiceredlinestimulus6.png'
21.7821 	DATA 	Keypress: esc
21.7872 	EXP 	Stim_practice: image = 'TMTstop-A_1_practiceredlinestimulus6.png'
21.8374 	EXP 	Stim_practice: image = 'TMTstop-A_1_practiceredlinestimulus6.png'
21.8871 	EXP 	Stim_practice: image = 'TMTstop-A_1_practiceredlinestimulus6.png'
21.9372 	EXP 	Stim_practice: image = 'TMTstop-A_1_practiceredlinestimulus6.png'
21.9825 	DATA 	Keypress: esc
21.9874 	EXP 	Stim_practice: image = 'TMTstop-A_1_practiceredlinestimulus6.png'
22.0450 	EXP 	window1: mouseVisible = True
