1.6475 	WARNING 	We strongly recommend you activate the PTB sound engine in PsychoPy prefs as the preferred audio engine. Its timing is vastly superior. Your prefs are currently set to use ['pyo'] (in that order).
5.1271 	EXP 	Created window1 = Window(allowGUI=True, allowStencil=False, autoLog=True, backendConf=UNKNOWN, bitsMode=UNKNOWN, blendMode='avg', bpc=(8, 8, 8), color=array([0, 0, 0]), colorSpace='rgb', depthBits=8, fullscr=<method-wrapper '__getattribute__' of attributeSetter object at 0x0000021428ABE198>, gamma=None, gammaErrorPolicy='raise', lms=UNKNOWN, monitor=<psychopy.monitors.calibTools.Monitor object at 0x0000021428B14470>, multiSample=False, name='window1', numSamples=2, pos=[0.0, 0.0], screen=0, size=array([1920, 1055]), stencilBits=0, stereo=False, units='height', useFBO=True, useRetina=False, viewOri=0.0, viewPos=None, viewScale=None, waitBlanking=True, winType='glfw')
5.1271 	EXP 	window1: mouseVisible = True
5.1271 	EXP 	window1: recordFrameIntervals = False
5.1966 	EXP 	window1: recordFrameIntervals = True
5.2726 	EXP 	window1: recordFrameIntervals = False
5.5531 	EXP 	Created Instruct = ImageStim(__class__=<class 'psychopy.visual.image.ImageStim'>, autoLog=True, color=array([1., 1., 1.]), colorSpace='rgb', contrast=1.0, depth=0.0, flipHoriz=False, flipVert=False, image='InkedInstructBfinal_LI.jpg', interpolate=True, mask=None, maskParams=None, name='Instruct', opacity=1, ori=0.0, pos=array([0., 0.]), size=array([0.8, 0.8]), texRes=128.0, units='height', win=Window(...))
5.6653 	EXP 	Created text_2 = TextStim(__class__=<class 'psychopy.visual.text.TextStim'>, alignHoriz=method-wrapper(...), alignText='center', alignVert=method-wrapper(...), anchorHoriz='center', anchorVert='center', antialias=True, autoLog=True, bold=False, color=array([1., 1., 1.]), colorSpace='rgb', contrast=1.0, depth=-2.0, flipHoriz=False, flipVert=False, font='Open Sans', fontFiles=[], height=0.04, italic=False, languageStyle='LTR', name='text_2', opacity=1, ori=0.5, pos=array([ 0.  , -0.45]), rgb=UNKNOWN, text=str(...), units='height', win=Window(...), wrapWidth=2.0)
5.6683 	EXP 	Created Stim = ImageStim(__class__=<class 'psychopy.visual.image.ImageStim'>, autoLog=True, color=array([1., 1., 1.]), colorSpace='rgb', contrast=1.0, depth=0.0, flipHoriz=False, flipVert=False, image='sin', interpolate=True, mask=None, maskParams=None, name='Stim', opacity=1, ori=0.0, pos=array([0., 0.]), size=array([1.777, 1.   ]), texRes=128.0, units='height', win=Window(...))
5.6708 	EXP 	Created polygon = ShapeStim(__class__=<class 'psychopy.visual.shape.ShapeStim'>, autoDraw=False, autoLog=True, closeShape=True, color=method-wrapper(...), colorSpace='rgb', contrast=None, depth=0.0, fillColor=array([1, 1, 1]), fillColorSpace='rgb', fillRGB=array([1, 1, 1]), interpolate=True, lineColor=array([1., 1., 1.]), lineColorSpace='rgb', lineRGB=array([1, 1, 1]), lineWidth=1.0, name='polygon', opacity=1, ori=0.0, pos=array([0., 0.]), size=array([0.5, 0.5]), units='height', vertices=ndarray(...), win=Window(...), windingRule=None)
5.6737 	EXP 	Created Stim = ImageStim(__class__=<class 'psychopy.visual.image.ImageStim'>, autoLog=True, color=array([1., 1., 1.]), colorSpace='rgb', contrast=1.0, depth=0.0, flipHoriz=False, flipVert=False, image='sin', interpolate=True, mask=None, maskParams=None, name='Stim', opacity=1, ori=0.0, pos=array([0., 0.]), size=array([1.777, 1.   ]), texRes=128.0, units='height', win=Window(...))
5.6924 	EXP 	Created text = TextStim(__class__=<class 'psychopy.visual.text.TextStim'>, alignHoriz=method-wrapper(...), alignText='center', alignVert=method-wrapper(...), anchorHoriz='center', anchorVert='center', antialias=True, autoLog=True, bold=False, color=array([1., 1., 1.]), colorSpace='rgb', contrast=1.0, depth=0.0, flipHoriz=False, flipVert=False, font='Open Sans', fontFiles=[], height=0.1, italic=False, languageStyle='LTR', name='text', opacity=1, ori=0.0, pos=array([0., 0.]), rgb=UNKNOWN, text=str(...), units='height', win=Window(...), wrapWidth=1)
5.7454 	EXP 	Instruct: autoDraw = True
5.7454 	EXP 	text_2: autoDraw = True
6.3257 	DATA 	Keypress: 2
6.3391 	EXP 	Imported TMTstop-B_1_1.xlsx as conditions, 26 conditions, 6 params
6.3395 	EXP 	Created sequence: sequential, trialTypes=26, nReps=1, seed=None
6.3397 	EXP 	New trial (rep=0, index=0): {'NumberLetter': 1, 'corrAns': ['2'], 'StimFile': 'TMTstop-B_1_1.png', 'Correct_StimFile': 'TMTstop-B_1_1.png', 'False_StimFile': 'TMTstop-B_1_1.png', 'DurationTrial': 10}
6.3909 	EXP 	Instruct: autoDraw = False
6.3909 	EXP 	text_2: autoDraw = False
6.3909 	EXP 	Stim: image = 'TMTstop-B_1_1.png'
6.3909 	EXP 	Stim: autoDraw = True
6.5057 	DATA 	Keypress: 2
7.4643 	EXP 	New trial (rep=0, index=1): {'NumberLetter': 'A', 'corrAns': ['1'], 'StimFile': 'TMTstop-B_1_1.png', 'Correct_StimFile': 'TMTstop-B_1_1firstgreen.png', 'False_StimFile': 'TMTstop-B_1_1firstred.png', 'DurationTrial': 10}
7.5398 	DATA 	Keypress: 2
7.5436 	EXP 	Stim: autoDraw = False
7.5436 	EXP 	Stim: image = 'TMTstop-B_1_1firstgreen.png'
7.5436 	EXP 	Stim: image = 'TMTstop-B_1_1firstgreen.png'
7.5436 	EXP 	Stim: autoDraw = True
7.6511 	DATA 	Keypress: 2
8.8811 	EXP 	New trial (rep=0, index=2): {'NumberLetter': 2, 'corrAns': ['3'], 'StimFile': 'TMTstop-B_1_1linestimulus0.png', 'Correct_StimFile': 'TMTstop-B_1_1greenlinestimulus0.png', 'False_StimFile': 'TMTstop-B_1_1redlinestimulus0.png', 'DurationTrial': 10}
8.9432 	DATA 	Keypress: 1
8.9473 	EXP 	Stim: autoDraw = False
8.9473 	EXP 	Stim: image = 'TMTstop-B_1_1greenlinestimulus0.png'
8.9473 	EXP 	Stim: image = 'TMTstop-B_1_1greenlinestimulus0.png'
8.9473 	EXP 	Stim: autoDraw = True
9.0887 	DATA 	Keypress: 1
9.2902 	DATA 	Keypress: 1
9.2938 	EXP 	Stim: image = 'TMTstop-B_1_1redlinestimulus0.png'
9.3354 	EXP 	Stim: image = 'TMTstop-B_1_1redlinestimulus0.png'
9.3771 	EXP 	Stim: image = 'TMTstop-B_1_1redlinestimulus0.png'
9.4188 	EXP 	Stim: image = 'TMTstop-B_1_1redlinestimulus0.png'
9.4604 	EXP 	Stim: image = 'TMTstop-B_1_1redlinestimulus0.png'
9.4985 	DATA 	Keypress: 1
9.5021 	EXP 	Stim: image = 'TMTstop-B_1_1redlinestimulus0.png'
9.5439 	EXP 	Stim: image = 'TMTstop-B_1_1redlinestimulus0.png'
9.5818 	DATA 	Keypress: 2
9.5854 	EXP 	Stim: image = 'TMTstop-B_1_1redlinestimulus0.png'
9.6271 	EXP 	Stim: image = 'TMTstop-B_1_1redlinestimulus0.png'
9.6683 	EXP 	Stim: image = 'TMTstop-B_1_1redlinestimulus0.png'
9.7101 	EXP 	Stim: image = 'TMTstop-B_1_1redlinestimulus0.png'
9.7522 	EXP 	Stim: image = 'TMTstop-B_1_1redlinestimulus0.png'
9.7937 	EXP 	Stim: image = 'TMTstop-B_1_1redlinestimulus0.png'
9.8318 	DATA 	Keypress: 2
9.8354 	EXP 	Stim: image = 'TMTstop-B_1_1redlinestimulus0.png'
9.8772 	EXP 	Stim: image = 'TMTstop-B_1_1redlinestimulus0.png'
9.9185 	EXP 	Stim: image = 'TMTstop-B_1_1redlinestimulus0.png'
9.9601 	EXP 	Stim: image = 'TMTstop-B_1_1redlinestimulus0.png'
10.0019 	EXP 	Stim: image = 'TMTstop-B_1_1redlinestimulus0.png'
10.0438 	EXP 	Stim: image = 'TMTstop-B_1_1redlinestimulus0.png'
10.0854 	EXP 	Stim: image = 'TMTstop-B_1_1redlinestimulus0.png'
10.1271 	EXP 	Stim: image = 'TMTstop-B_1_1redlinestimulus0.png'
10.1685 	EXP 	Stim: image = 'TMTstop-B_1_1redlinestimulus0.png'
10.2065 	DATA 	Keypress: 1
10.2101 	EXP 	Stim: image = 'TMTstop-B_1_1redlinestimulus0.png'
10.2520 	EXP 	Stim: image = 'TMTstop-B_1_1redlinestimulus0.png'
10.3008 	EXP 	Stim: image = 'TMTstop-B_1_1redlinestimulus0.png'
10.3418 	EXP 	Stim: image = 'TMTstop-B_1_1redlinestimulus0.png'
10.3906 	EXP 	Stim: image = 'TMTstop-B_1_1redlinestimulus0.png'
10.4324 	EXP 	Stim: image = 'TMTstop-B_1_1redlinestimulus0.png'
10.4711 	DATA 	Keypress: 1
10.4740 	EXP 	Stim: image = 'TMTstop-B_1_1redlinestimulus0.png'
10.5160 	EXP 	Stim: image = 'TMTstop-B_1_1redlinestimulus0.png'
10.5576 	EXP 	Stim: image = 'TMTstop-B_1_1redlinestimulus0.png'
10.5991 	EXP 	Stim: image = 'TMTstop-B_1_1redlinestimulus0.png'
10.6410 	EXP 	Stim: image = 'TMTstop-B_1_1redlinestimulus0.png'
10.6790 	DATA 	Keypress: 1
10.6826 	EXP 	Stim: image = 'TMTstop-B_1_1redlinestimulus0.png'
10.7242 	EXP 	Stim: image = 'TMTstop-B_1_1redlinestimulus0.png'
10.7658 	EXP 	Stim: image = 'TMTstop-B_1_1redlinestimulus0.png'
10.8142 	EXP 	Stim: image = 'TMTstop-B_1_1redlinestimulus0.png'
10.8559 	EXP 	Stim: image = 'TMTstop-B_1_1redlinestimulus0.png'
10.8944 	DATA 	Keypress: 1
10.8986 	EXP 	Stim: image = 'TMTstop-B_1_1redlinestimulus0.png'
10.9393 	EXP 	Stim: image = 'TMTstop-B_1_1redlinestimulus0.png'
10.9809 	EXP 	Stim: image = 'TMTstop-B_1_1redlinestimulus0.png'
11.0233 	EXP 	Stim: image = 'TMTstop-B_1_1redlinestimulus0.png'
11.0645 	EXP 	Stim: image = 'TMTstop-B_1_1redlinestimulus0.png'
11.1061 	EXP 	Stim: image = 'TMTstop-B_1_1redlinestimulus0.png'
11.1441 	DATA 	Keypress: 2
11.1477 	EXP 	Stim: image = 'TMTstop-B_1_1redlinestimulus0.png'
11.1897 	EXP 	Stim: image = 'TMTstop-B_1_1redlinestimulus0.png'
11.2379 	EXP 	Stim: image = 'TMTstop-B_1_1redlinestimulus0.png'
11.2798 	EXP 	Stim: image = 'TMTstop-B_1_1redlinestimulus0.png'
11.3213 	EXP 	Stim: image = 'TMTstop-B_1_1redlinestimulus0.png'
11.3633 	EXP 	Stim: image = 'TMTstop-B_1_1redlinestimulus0.png'
11.4014 	DATA 	Keypress: 2
11.4047 	EXP 	Stim: image = 'TMTstop-B_1_1redlinestimulus0.png'
11.4463 	EXP 	Stim: image = 'TMTstop-B_1_1redlinestimulus0.png'
11.4843 	DATA 	Keypress: 3
11.4880 	EXP 	Stim: image = 'TMTstop-B_1_1redlinestimulus0.png'
11.4921 	EXP 	New trial (rep=0, index=3): {'NumberLetter': 'B', 'corrAns': ['2'], 'StimFile': 'TMTstop-B_1_1linestimulus1.png', 'Correct_StimFile': 'TMTstop-B_1_1greenlinestimulus1.png', 'False_StimFile': 'TMTstop-B_1_1redlinestimulus1.png', 'DurationTrial': 10}
11.5655 	EXP 	Stim: autoDraw = False
11.5655 	EXP 	Stim: image = 'TMTstop-B_1_1greenlinestimulus1.png'
11.5655 	EXP 	Stim: image = 'TMTstop-B_1_1greenlinestimulus1.png'
11.5655 	EXP 	Stim: autoDraw = True
11.7415 	DATA 	Keypress: 3
11.7416 	DATA 	Keypress: 2
11.7482 	EXP 	New trial (rep=0, index=4): {'NumberLetter': 3, 'corrAns': ['1'], 'StimFile': 'TMTstop-B_1_1linestimulus2.png', 'Correct_StimFile': 'TMTstop-B_1_1greenlinestimulus2.png', 'False_StimFile': 'TMTstop-B_1_1redlinestimulus2.png', 'DurationTrial': 10}
11.8110 	DATA 	Keypress: 1
11.8148 	EXP 	Stim: autoDraw = False
11.8148 	EXP 	Stim: image = 'TMTstop-B_1_1greenlinestimulus2.png'
11.8148 	EXP 	Stim: image = 'TMTstop-B_1_1greenlinestimulus2.png'
11.8148 	EXP 	Stim: autoDraw = True
11.8179 	EXP 	New trial (rep=0, index=5): {'NumberLetter': 'C', 'corrAns': ['2'], 'StimFile': 'TMTstop-B_1_1linestimulus3.png', 'Correct_StimFile': 'TMTstop-B_1_1greenlinestimulus3.png', 'False_StimFile': 'TMTstop-B_1_1redlinestimulus3.png', 'DurationTrial': 10}
11.8974 	EXP 	Stim: autoDraw = False
11.8974 	EXP 	Stim: image = 'TMTstop-B_1_1greenlinestimulus3.png'
11.8974 	EXP 	Stim: image = 'TMTstop-B_1_1greenlinestimulus3.png'
11.8974 	EXP 	Stim: autoDraw = True
11.9427 	DATA 	Keypress: 3
11.9845 	DATA 	Keypress: 2
11.9847 	DATA 	Keypress: 1
11.9881 	EXP 	Stim: image = 'TMTstop-B_1_1redlinestimulus3.png'
12.0305 	EXP 	Stim: image = 'TMTstop-B_1_1redlinestimulus3.png'
12.0715 	EXP 	Stim: image = 'TMTstop-B_1_1redlinestimulus3.png'
12.1130 	EXP 	Stim: image = 'TMTstop-B_1_1redlinestimulus3.png'
12.1509 	DATA 	Keypress: 1
12.1544 	EXP 	Stim: image = 'TMTstop-B_1_1redlinestimulus3.png'
12.1967 	EXP 	Stim: image = 'TMTstop-B_1_1redlinestimulus3.png'
12.2346 	DATA 	Keypress: 3
12.2381 	EXP 	Stim: image = 'TMTstop-B_1_1redlinestimulus3.png'
12.2794 	EXP 	Stim: image = 'TMTstop-B_1_1redlinestimulus3.png'
12.3186 	DATA 	Keypress: 2
12.3216 	EXP 	Stim: image = 'TMTstop-B_1_1redlinestimulus3.png'
12.3262 	EXP 	New trial (rep=0, index=6): {'NumberLetter': 4, 'corrAns': ['1'], 'StimFile': 'TMTstop-B_1_1linestimulus4.png', 'Correct_StimFile': 'TMTstop-B_1_1greenlinestimulus4.png', 'False_StimFile': 'TMTstop-B_1_1redlinestimulus4.png', 'DurationTrial': 10}
12.3945 	DATA 	Keypress: 3
12.3948 	DATA 	Keypress: 1
12.3983 	EXP 	Stim: autoDraw = False
12.3983 	EXP 	Stim: image = 'TMTstop-B_1_1greenlinestimulus4.png'
12.3983 	EXP 	Stim: image = 'TMTstop-B_1_1greenlinestimulus4.png'
12.3983 	EXP 	Stim: autoDraw = True
12.4395 	EXP 	Stim: image = 'TMTstop-B_1_1redlinestimulus4.png'
12.4778 	DATA 	Keypress: 2
12.4813 	EXP 	Stim: image = 'TMTstop-B_1_1redlinestimulus4.png'
12.5228 	EXP 	Stim: image = 'TMTstop-B_1_1redlinestimulus4.png'
12.5609 	DATA 	Keypress: 1
12.5648 	EXP 	Stim: image = 'TMTstop-B_1_1redlinestimulus4.png'
12.5687 	EXP 	New trial (rep=0, index=7): {'NumberLetter': 'D', 'corrAns': ['2'], 'StimFile': 'TMTstop-B_1_1linestimulus5.png', 'Correct_StimFile': 'TMTstop-B_1_1greenlinestimulus5.png', 'False_StimFile': 'TMTstop-B_1_1redlinestimulus5.png', 'DurationTrial': 10}
12.6389 	DATA 	Keypress: 3
12.6418 	EXP 	Stim: autoDraw = False
12.6418 	EXP 	Stim: image = 'TMTstop-B_1_1greenlinestimulus5.png'
12.6418 	EXP 	Stim: image = 'TMTstop-B_1_1greenlinestimulus5.png'
12.6418 	EXP 	Stim: autoDraw = True
12.6788 	DATA 	Keypress: 2
12.6858 	EXP 	New trial (rep=0, index=8): {'NumberLetter': 5, 'corrAns': ['3'], 'StimFile': 'TMTstop-B_1_1linestimulus6.png', 'Correct_StimFile': 'TMTstop-B_1_1greenlinestimulus6.png', 'False_StimFile': 'TMTstop-B_1_1redlinestimulus6.png', 'DurationTrial': 10}
12.7552 	DATA 	Keypress: 3
12.7595 	EXP 	Stim: autoDraw = False
12.7595 	EXP 	Stim: image = 'TMTstop-B_1_1greenlinestimulus6.png'
12.7595 	EXP 	Stim: image = 'TMTstop-B_1_1greenlinestimulus6.png'
12.7595 	EXP 	Stim: autoDraw = True
12.7628 	EXP 	New trial (rep=0, index=9): {'NumberLetter': 'E', 'corrAns': ['1'], 'StimFile': 'TMTstop-B_1_1linestimulus7.png', 'Correct_StimFile': 'TMTstop-B_1_1greenlinestimulus7.png', 'False_StimFile': 'TMTstop-B_1_1redlinestimulus7.png', 'DurationTrial': 10}
12.8321 	DATA 	Keypress: 1
12.8329 	DATA 	Keypress: 2
12.8360 	EXP 	Stim: autoDraw = False
12.8360 	EXP 	Stim: image = 'TMTstop-B_1_1greenlinestimulus7.png'
12.8360 	EXP 	Stim: image = 'TMTstop-B_1_1greenlinestimulus7.png'
12.8360 	EXP 	Stim: autoDraw = True
12.9780 	DATA 	Keypress: 3
13.4014 	DATA 	Keypress: 2
13.4050 	EXP 	Stim: image = 'TMTstop-B_1_1redlinestimulus7.png'
13.4463 	EXP 	Stim: image = 'TMTstop-B_1_1redlinestimulus7.png'
13.4881 	EXP 	Stim: image = 'TMTstop-B_1_1redlinestimulus7.png'
13.5260 	DATA 	Keypress: 2
13.5295 	EXP 	Stim: image = 'TMTstop-B_1_1redlinestimulus7.png'
13.5716 	EXP 	Stim: image = 'TMTstop-B_1_1redlinestimulus7.png'
13.6093 	DATA 	Keypress: 2
13.6129 	EXP 	Stim: image = 'TMTstop-B_1_1redlinestimulus7.png'
13.6545 	EXP 	Stim: image = 'TMTstop-B_1_1redlinestimulus7.png'
13.6963 	EXP 	Stim: image = 'TMTstop-B_1_1redlinestimulus7.png'
13.7346 	DATA 	Keypress: 2
13.7383 	EXP 	Stim: image = 'TMTstop-B_1_1redlinestimulus7.png'
13.7795 	EXP 	Stim: image = 'TMTstop-B_1_1redlinestimulus7.png'
13.8178 	DATA 	Keypress: 2
13.8213 	EXP 	Stim: image = 'TMTstop-B_1_1redlinestimulus7.png'
13.8629 	EXP 	Stim: image = 'TMTstop-B_1_1redlinestimulus7.png'
13.9050 	EXP 	Stim: image = 'TMTstop-B_1_1redlinestimulus7.png'
13.9464 	EXP 	Stim: image = 'TMTstop-B_1_1redlinestimulus7.png'
13.9843 	DATA 	Keypress: 2
13.9879 	EXP 	Stim: image = 'TMTstop-B_1_1redlinestimulus7.png'
14.0260 	DATA 	Keypress: 2
14.0297 	EXP 	Stim: image = 'TMTstop-B_1_1redlinestimulus7.png'
14.0713 	EXP 	Stim: image = 'TMTstop-B_1_1redlinestimulus7.png'
14.1131 	EXP 	Stim: image = 'TMTstop-B_1_1redlinestimulus7.png'
14.1547 	EXP 	Stim: image = 'TMTstop-B_1_1redlinestimulus7.png'
14.1930 	DATA 	Keypress: 2
14.1964 	EXP 	Stim: image = 'TMTstop-B_1_1redlinestimulus7.png'
14.2383 	EXP 	Stim: image = 'TMTstop-B_1_1redlinestimulus7.png'
14.2760 	DATA 	Keypress: 2
14.2797 	EXP 	Stim: image = 'TMTstop-B_1_1redlinestimulus7.png'
14.3285 	EXP 	Stim: image = 'TMTstop-B_1_1redlinestimulus7.png'
14.3700 	EXP 	Stim: image = 'TMTstop-B_1_1redlinestimulus7.png'
14.4093 	DATA 	Keypress: 2
14.4116 	EXP 	Stim: image = 'TMTstop-B_1_1redlinestimulus7.png'
14.4537 	EXP 	Stim: image = 'TMTstop-B_1_1redlinestimulus7.png'
14.4912 	DATA 	Keypress: 2
14.4951 	EXP 	Stim: image = 'TMTstop-B_1_1redlinestimulus7.png'
14.5365 	EXP 	Stim: image = 'TMTstop-B_1_1redlinestimulus7.png'
14.5780 	EXP 	Stim: image = 'TMTstop-B_1_1redlinestimulus7.png'
14.6207 	EXP 	Stim: image = 'TMTstop-B_1_1redlinestimulus7.png'
14.6583 	DATA 	Keypress: 2
14.6618 	EXP 	Stim: image = 'TMTstop-B_1_1redlinestimulus7.png'
14.7035 	EXP 	Stim: image = 'TMTstop-B_1_1redlinestimulus7.png'
14.7412 	DATA 	Keypress: 2
14.7447 	EXP 	Stim: image = 'TMTstop-B_1_1redlinestimulus7.png'
14.7869 	EXP 	Stim: image = 'TMTstop-B_1_1redlinestimulus7.png'
14.8283 	EXP 	Stim: image = 'TMTstop-B_1_1redlinestimulus7.png'
14.8739 	DATA 	Keypress: 2
14.8770 	EXP 	Stim: image = 'TMTstop-B_1_1redlinestimulus7.png'
14.9187 	EXP 	Stim: image = 'TMTstop-B_1_1redlinestimulus7.png'
14.9636 	DATA 	Keypress: 2
14.9671 	EXP 	Stim: image = 'TMTstop-B_1_1redlinestimulus7.png'
15.0161 	EXP 	Stim: image = 'TMTstop-B_1_1redlinestimulus7.png'
15.0575 	EXP 	Stim: image = 'TMTstop-B_1_1redlinestimulus7.png'
15.0956 	DATA 	Keypress: 2
15.0990 	EXP 	Stim: image = 'TMTstop-B_1_1redlinestimulus7.png'
15.1407 	EXP 	Stim: image = 'TMTstop-B_1_1redlinestimulus7.png'
15.1788 	DATA 	Keypress: 2
15.1825 	EXP 	Stim: image = 'TMTstop-B_1_1redlinestimulus7.png'
15.2241 	EXP 	Stim: image = 'TMTstop-B_1_1redlinestimulus7.png'
15.2658 	EXP 	Stim: image = 'TMTstop-B_1_1redlinestimulus7.png'
15.3148 	EXP 	Stim: image = 'TMTstop-B_1_1redlinestimulus7.png'
15.3600 	DATA 	Keypress: 2
15.3636 	EXP 	Stim: image = 'TMTstop-B_1_1redlinestimulus7.png'
15.4126 	EXP 	Stim: image = 'TMTstop-B_1_1redlinestimulus7.png'
15.4605 	EXP 	Stim: image = 'TMTstop-B_1_1redlinestimulus7.png'
15.5092 	EXP 	Stim: image = 'TMTstop-B_1_1redlinestimulus7.png'
15.5539 	DATA 	Keypress: 3
15.5579 	EXP 	Stim: image = 'TMTstop-B_1_1redlinestimulus7.png'
15.6067 	EXP 	Stim: image = 'TMTstop-B_1_1redlinestimulus7.png'
15.6552 	EXP 	Stim: image = 'TMTstop-B_1_1redlinestimulus7.png'
15.6999 	DATA 	Keypress: 3
15.7036 	EXP 	Stim: image = 'TMTstop-B_1_1redlinestimulus7.png'
15.7483 	DATA 	Keypress: 3
15.7524 	EXP 	Stim: image = 'TMTstop-B_1_1redlinestimulus7.png'
15.7933 	EXP 	Stim: image = 'TMTstop-B_1_1redlinestimulus7.png'
15.8355 	EXP 	Stim: image = 'TMTstop-B_1_1redlinestimulus7.png'
15.8734 	DATA 	Keypress: 1
15.8770 	EXP 	Stim: image = 'TMTstop-B_1_1redlinestimulus7.png'
15.8815 	EXP 	New trial (rep=0, index=10): {'NumberLetter': 6, 'corrAns': ['3'], 'StimFile': 'TMTstop-B_1_1linestimulus8.png', 'Correct_StimFile': 'TMTstop-B_1_1greenlinestimulus8.png', 'False_StimFile': 'TMTstop-B_1_1redlinestimulus8.png', 'DurationTrial': 10}
15.9498 	DATA 	Keypress: 3
15.9537 	EXP 	Stim: autoDraw = False
15.9537 	EXP 	Stim: image = 'TMTstop-B_1_1greenlinestimulus8.png'
15.9537 	EXP 	Stim: image = 'TMTstop-B_1_1greenlinestimulus8.png'
15.9537 	EXP 	Stim: autoDraw = True
16.0054 	DATA 	Keypress: 2
16.0508 	EXP 	Stim: image = 'TMTstop-B_1_1redlinestimulus8.png'
16.0924 	EXP 	Stim: image = 'TMTstop-B_1_1redlinestimulus8.png'
16.1301 	DATA 	Keypress: 3
16.1303 	DATA 	Keypress: 1
16.1337 	EXP 	Stim: image = 'TMTstop-B_1_1redlinestimulus8.png'
16.1382 	EXP 	New trial (rep=0, index=11): {'NumberLetter': 'F', 'corrAns': ['2'], 'StimFile': 'TMTstop-B_1_1linestimulus9.png', 'Correct_StimFile': 'TMTstop-B_1_1greenlinestimulus9.png', 'False_StimFile': 'TMTstop-B_1_1redlinestimulus9.png', 'DurationTrial': 10}
16.2068 	DATA 	Keypress: 2
16.2107 	EXP 	Stim: autoDraw = False
16.2107 	EXP 	Stim: image = 'TMTstop-B_1_1greenlinestimulus9.png'
16.2107 	EXP 	Stim: image = 'TMTstop-B_1_1greenlinestimulus9.png'
16.2107 	EXP 	Stim: autoDraw = True
16.2945 	DATA 	Keypress: 3
16.3036 	DATA 	Keypress: 1
16.3489 	EXP 	Stim: image = 'TMTstop-B_1_1redlinestimulus9.png'
16.3869 	DATA 	Keypress: 2
16.3907 	EXP 	Stim: image = 'TMTstop-B_1_1redlinestimulus9.png'
16.3951 	EXP 	New trial (rep=0, index=12): {'NumberLetter': 7, 'corrAns': ['1'], 'StimFile': 'TMTstop-B_1_1linestimulus10.png', 'Correct_StimFile': 'TMTstop-B_1_1greenlinestimulus10.png', 'False_StimFile': 'TMTstop-B_1_1redlinestimulus10.png', 'DurationTrial': 1}
16.4674 	EXP 	Stim: autoDraw = False
16.4674 	EXP 	Stim: image = 'TMTstop-B_1_1greenlinestimulus10.png'
16.4674 	EXP 	Stim: image = 'TMTstop-B_1_1greenlinestimulus10.png'
16.4674 	EXP 	Stim: autoDraw = True
16.4773 	DATA 	Keypress: 1
16.4777 	DATA 	Keypress: 3
16.5226 	EXP 	Stim: image = 'TMTstop-B_1_1redlinestimulus10.png'
16.5610 	DATA 	Keypress: 2
16.5647 	EXP 	Stim: image = 'TMTstop-B_1_1redlinestimulus10.png'
16.6061 	EXP 	Stim: image = 'TMTstop-B_1_1redlinestimulus10.png'
16.6441 	DATA 	Keypress: 1
16.6477 	EXP 	Stim: image = 'TMTstop-B_1_1redlinestimulus10.png'
16.6516 	EXP 	New trial (rep=0, index=13): {'NumberLetter': 'G', 'corrAns': ['3'], 'StimFile': 'TMTstop-B_1_1linestimulus11.png', 'Correct_StimFile': 'TMTstop-B_1_1greenlinestimulus11.png', 'False_StimFile': 'TMTstop-B_1_1redlinestimulus11.png', 'DurationTrial': None}
16.7206 	DATA 	Keypress: 3
16.7245 	EXP 	Stim: autoDraw = False
16.7245 	EXP 	Stim: image = 'TMTstop-B_1_1greenlinestimulus11.png'
16.7245 	EXP 	Stim: image = 'TMTstop-B_1_1greenlinestimulus11.png'
16.7245 	EXP 	Stim: autoDraw = True
16.7970 	DATA 	Keypress: 2
16.8007 	EXP 	Stim: image = 'TMTstop-B_1_1redlinestimulus11.png'
16.8392 	DATA 	Keypress: 1
16.8419 	EXP 	Stim: image = 'TMTstop-B_1_1redlinestimulus11.png'
16.8803 	DATA 	Keypress: 3
16.8843 	EXP 	Stim: image = 'TMTstop-B_1_1redlinestimulus11.png'
16.8875 	EXP 	New trial (rep=0, index=14): {'NumberLetter': 8, 'corrAns': ['1'], 'StimFile': 'TMTstop-B_1_1linestimulus12.png', 'Correct_StimFile': 'TMTstop-B_1_1greenlinestimulus12.png', 'False_StimFile': 'TMTstop-B_1_1redlinestimulus12.png', 'DurationTrial': None}
16.9568 	DATA 	Keypress: 2
16.9610 	EXP 	Stim: autoDraw = False
16.9610 	EXP 	Stim: image = 'TMTstop-B_1_1greenlinestimulus12.png'
16.9610 	EXP 	Stim: image = 'TMTstop-B_1_1greenlinestimulus12.png'
16.9610 	EXP 	Stim: autoDraw = True
17.0540 	DATA 	Keypress: 3
17.0679 	DATA 	Keypress: 1
17.0753 	EXP 	New trial (rep=0, index=15): {'NumberLetter': 'H', 'corrAns': ['2'], 'StimFile': 'TMTstop-B_1_1linestimulus13.png', 'Correct_StimFile': 'TMTstop-B_1_1greenlinestimulus13.png', 'False_StimFile': 'TMTstop-B_1_1redlinestimulus13.png', 'DurationTrial': None}
17.1481 	EXP 	Stim: autoDraw = False
17.1481 	EXP 	Stim: image = 'TMTstop-B_1_1greenlinestimulus13.png'
17.1481 	EXP 	Stim: image = 'TMTstop-B_1_1greenlinestimulus13.png'
17.1481 	EXP 	Stim: autoDraw = True
17.2902 	DATA 	Keypress: 1
17.5953 	DATA 	Keypress: 1
17.7408 	EXP 	New trial (rep=0, index=16): {'NumberLetter': 9, 'corrAns': ['3'], 'StimFile': 'TMTstop-B_1_1linestimulus14.png', 'Correct_StimFile': 'TMTstop-B_1_1greenlinestimulus14.png', 'False_StimFile': 'TMTstop-B_1_1redlinestimulus14.png', 'DurationTrial': None}
17.8174 	DATA 	Keypress: 2
17.8189 	DATA 	Keypress: 3
17.8191 	DATA 	Keypress: 1
17.8218 	EXP 	Stim: autoDraw = False
17.8218 	EXP 	Stim: image = 'TMTstop-B_1_1greenlinestimulus14.png'
17.8218 	EXP 	Stim: image = 'TMTstop-B_1_1greenlinestimulus14.png'
17.8218 	EXP 	Stim: autoDraw = True
17.8261 	EXP 	New trial (rep=0, index=17): {'NumberLetter': 'I', 'corrAns': ['2'], 'StimFile': 'TMTstop-B_1_1linestimulus15.png', 'Correct_StimFile': 'TMTstop-B_1_1greenlinestimulus15.png', 'False_StimFile': 'TMTstop-B_1_1redlinestimulus15.png', 'DurationTrial': None}
17.9007 	DATA 	Keypress: 2
17.9046 	EXP 	Stim: autoDraw = False
17.9046 	EXP 	Stim: image = 'TMTstop-B_1_1greenlinestimulus15.png'
17.9046 	EXP 	Stim: image = 'TMTstop-B_1_1greenlinestimulus15.png'
17.9046 	EXP 	Stim: autoDraw = True
17.9844 	DATA 	Keypress: 1
18.0327 	DATA 	Keypress: 3
18.0363 	EXP 	Stim: image = 'TMTstop-B_1_1redlinestimulus15.png'
18.0850 	EXP 	Stim: image = 'TMTstop-B_1_1redlinestimulus15.png'
18.1299 	DATA 	Keypress: 2
18.1334 	EXP 	Stim: image = 'TMTstop-B_1_1redlinestimulus15.png'
18.1376 	EXP 	New trial (rep=0, index=18): {'NumberLetter': 10, 'corrAns': ['1'], 'StimFile': 'TMTstop-B_1_1linestimulus16.png', 'Correct_StimFile': 'TMTstop-B_1_1greenlinestimulus16.png', 'False_StimFile': 'TMTstop-B_1_1redlinestimulus16.png', 'DurationTrial': None}
18.2138 	DATA 	Keypress: 1
18.2176 	EXP 	Stim: autoDraw = False
18.2176 	EXP 	Stim: image = 'TMTstop-B_1_1greenlinestimulus16.png'
18.2176 	EXP 	Stim: image = 'TMTstop-B_1_1greenlinestimulus16.png'
18.2176 	EXP 	Stim: autoDraw = True
18.2412 	DATA 	Keypress: 3
18.2922 	DATA 	Keypress: 2
18.2940 	EXP 	Stim: image = 'TMTstop-B_1_1redlinestimulus16.png'
18.3418 	EXP 	Stim: image = 'TMTstop-B_1_1redlinestimulus16.png'
18.3841 	EXP 	Stim: image = 'TMTstop-B_1_1redlinestimulus16.png'
18.4217 	DATA 	Keypress: 1
18.4254 	EXP 	Stim: image = 'TMTstop-B_1_1redlinestimulus16.png'
18.4300 	EXP 	New trial (rep=0, index=19): {'NumberLetter': 'J', 'corrAns': ['2'], 'StimFile': 'TMTstop-B_1_1linestimulus17.png', 'Correct_StimFile': 'TMTstop-B_1_1greenlinestimulus17.png', 'False_StimFile': 'TMTstop-B_1_1redlinestimulus17.png', 'DurationTrial': None}
18.5053 	DATA 	Keypress: 3
18.5092 	EXP 	Stim: autoDraw = False
18.5092 	EXP 	Stim: image = 'TMTstop-B_1_1greenlinestimulus17.png'
18.5092 	EXP 	Stim: image = 'TMTstop-B_1_1greenlinestimulus17.png'
18.5092 	EXP 	Stim: autoDraw = True
18.5328 	DATA 	Keypress: 2
18.5392 	EXP 	New trial (rep=0, index=20): {'NumberLetter': 11, 'corrAns': ['3'], 'StimFile': 'TMTstop-B_1_1linestimulus18.png', 'Correct_StimFile': 'TMTstop-B_1_1greenlinestimulus18.png', 'False_StimFile': 'TMTstop-B_1_1redlinestimulus18.png', 'DurationTrial': None}
18.6160 	DATA 	Keypress: 3
18.6203 	EXP 	Stim: autoDraw = False
18.6203 	EXP 	Stim: image = 'TMTstop-B_1_1greenlinestimulus18.png'
18.6203 	EXP 	Stim: image = 'TMTstop-B_1_1greenlinestimulus18.png'
18.6203 	EXP 	Stim: autoDraw = True
18.6247 	EXP 	New trial (rep=0, index=21): {'NumberLetter': 'K', 'corrAns': ['1'], 'StimFile': 'TMTstop-B_1_1linestimulus19.png', 'Correct_StimFile': 'TMTstop-B_1_1greenlinestimulus19.png', 'False_StimFile': 'TMTstop-B_1_1redlinestimulus19.png', 'DurationTrial': None}
18.6997 	DATA 	Keypress: 1
18.7000 	DATA 	Keypress: 2
18.7039 	EXP 	Stim: autoDraw = False
18.7039 	EXP 	Stim: image = 'TMTstop-B_1_1greenlinestimulus19.png'
18.7039 	EXP 	Stim: image = 'TMTstop-B_1_1greenlinestimulus19.png'
18.7039 	EXP 	Stim: autoDraw = True
18.8038 	DATA 	Keypress: 3
19.0884 	DATA 	Keypress: 1
19.0957 	EXP 	New trial (rep=0, index=22): {'NumberLetter': 12, 'corrAns': ['3'], 'StimFile': 'TMTstop-B_1_1linestimulus20.png', 'Correct_StimFile': 'TMTstop-B_1_1greenlinestimulus20.png', 'False_StimFile': 'TMTstop-B_1_1redlinestimulus20.png', 'DurationTrial': None}
19.1758 	EXP 	Stim: autoDraw = False
19.1758 	EXP 	Stim: image = 'TMTstop-B_1_1greenlinestimulus20.png'
19.1758 	EXP 	Stim: image = 'TMTstop-B_1_1greenlinestimulus20.png'
19.1758 	EXP 	Stim: autoDraw = True
19.2549 	DATA 	Keypress: 2
19.2586 	EXP 	Stim: image = 'TMTstop-B_1_1redlinestimulus20.png'
19.3010 	EXP 	Stim: image = 'TMTstop-B_1_1redlinestimulus20.png'
19.3475 	DATA 	Keypress: 1
19.3501 	EXP 	Stim: image = 'TMTstop-B_1_1redlinestimulus20.png'
19.3938 	DATA 	Keypress: 3
19.3974 	EXP 	Stim: image = 'TMTstop-B_1_1redlinestimulus20.png'
19.4008 	EXP 	New trial (rep=0, index=23): {'NumberLetter': 'L', 'corrAns': ['1'], 'StimFile': 'TMTstop-B_1_1linestimulus21.png', 'Correct_StimFile': 'TMTstop-B_1_1greenlinestimulus21.png', 'False_StimFile': 'TMTstop-B_1_1redlinestimulus21.png', 'DurationTrial': None}
19.4772 	DATA 	Keypress: 2
19.4812 	EXP 	Stim: autoDraw = False
19.4812 	EXP 	Stim: image = 'TMTstop-B_1_1greenlinestimulus21.png'
19.4812 	EXP 	Stim: image = 'TMTstop-B_1_1greenlinestimulus21.png'
19.4812 	EXP 	Stim: autoDraw = True
19.5053 	DATA 	Keypress: 3
20.3316 	DATA 	Keypress: 3
20.3352 	EXP 	Stim: image = 'TMTstop-B_1_1redlinestimulus21.png'
20.3766 	EXP 	Stim: image = 'TMTstop-B_1_1redlinestimulus21.png'
20.4184 	EXP 	Stim: image = 'TMTstop-B_1_1redlinestimulus21.png'
20.4675 	EXP 	Stim: image = 'TMTstop-B_1_1redlinestimulus21.png'
20.5121 	DATA 	Keypress: 3
20.5156 	EXP 	Stim: image = 'TMTstop-B_1_1redlinestimulus21.png'
20.5572 	EXP 	Stim: image = 'TMTstop-B_1_1redlinestimulus21.png'
20.6067 	EXP 	Stim: image = 'TMTstop-B_1_1redlinestimulus21.png'
20.6544 	EXP 	Stim: image = 'TMTstop-B_1_1redlinestimulus21.png'
20.7030 	EXP 	Stim: image = 'TMTstop-B_1_1redlinestimulus21.png'
20.7517 	EXP 	Stim: image = 'TMTstop-B_1_1redlinestimulus21.png'
20.8002 	EXP 	Stim: image = 'TMTstop-B_1_1redlinestimulus21.png'
20.8490 	EXP 	Stim: image = 'TMTstop-B_1_1redlinestimulus21.png'
20.8937 	DATA 	Keypress: 3
20.8972 	EXP 	Stim: image = 'TMTstop-B_1_1redlinestimulus21.png'
20.9396 	EXP 	Stim: image = 'TMTstop-B_1_1redlinestimulus21.png'
20.9875 	EXP 	Stim: image = 'TMTstop-B_1_1redlinestimulus21.png'
21.0365 	EXP 	Stim: image = 'TMTstop-B_1_1redlinestimulus21.png'
21.0779 	EXP 	Stim: image = 'TMTstop-B_1_1redlinestimulus21.png'
21.1163 	DATA 	Keypress: 3
21.1201 	EXP 	Stim: image = 'TMTstop-B_1_1redlinestimulus21.png'
21.1690 	EXP 	Stim: image = 'TMTstop-B_1_1redlinestimulus21.png'
21.2167 	EXP 	Stim: image = 'TMTstop-B_1_1redlinestimulus21.png'
21.2653 	EXP 	Stim: image = 'TMTstop-B_1_1redlinestimulus21.png'
21.3082 	EXP 	Stim: image = 'TMTstop-B_1_1redlinestimulus21.png'
21.3559 	EXP 	Stim: image = 'TMTstop-B_1_1redlinestimulus21.png'
21.4045 	EXP 	Stim: image = 'TMTstop-B_1_1redlinestimulus21.png'
21.4091 	EXP 	New trial (rep=0, index=24): {'NumberLetter': 13, 'corrAns': ['2'], 'StimFile': 'TMTstop-B_1_1linestimulus22.png', 'Correct_StimFile': 'TMTstop-B_1_1greenlinestimulus22.png', 'False_StimFile': 'TMTstop-B_1_1redlinestimulus22.png', 'DurationTrial': None}
21.4843 	DATA 	Keypress: 1
21.4890 	EXP 	Stim: autoDraw = False
21.4890 	EXP 	Stim: image = 'TMTstop-B_1_1greenlinestimulus22.png'
21.4890 	EXP 	Stim: image = 'TMTstop-B_1_1greenlinestimulus22.png'
21.4890 	EXP 	Stim: autoDraw = True
21.6106 	DATA 	Keypress: 1
22.4426 	DATA 	Keypress: 2
22.4500 	EXP 	New trial (rep=0, index=25): {'NumberLetter': None, 'corrAns': None, 'StimFile': 'TMTstop-B_1_1linestimulus23.png', 'Correct_StimFile': 'TMTstop-B_1_1greenlinestimulus23.png', 'False_StimFile': 'TMTstop-B_1_1redlinestimulus23.png', 'DurationTrial': None}
22.5298 	EXP 	Stim: autoDraw = False
22.5298 	EXP 	Stim: image = 'TMTstop-B_1_1greenlinestimulus23.png'
22.5298 	EXP 	Stim: image = 'TMTstop-B_1_1greenlinestimulus23.png'
22.5298 	EXP 	Stim: autoDraw = True
22.6302 	DATA 	Keypress: 2
23.5339 	EXP 	Stim: autoDraw = False
23.5339 	EXP 	polygon: autoDraw = True
26.5397 	EXP 	Imported TMTstop-B_1_2.xlsx as conditions, 26 conditions, 6 params
26.5400 	EXP 	Created sequence: sequential, trialTypes=26, nReps=1, seed=None
26.5403 	EXP 	New trial (rep=0, index=0): {'NumberLetter': 1, 'corrAns': ['2'], 'StimFile': 'TMTstop-B_1_2.png', 'Correct_StimFile': 'TMTstop-B_1_2.png', 'False_StimFile': 'TMTstop-B_1_2.png', 'DurationTrial': 10}
26.6057 	EXP 	polygon: autoDraw = False
26.6057 	EXP 	Stim: image = 'TMTstop-B_1_2.png'
26.6057 	EXP 	Stim: image = 'TMTstop-B_1_2.png'
26.6057 	EXP 	Stim: autoDraw = True
27.4909 	DATA 	Keypress: 1
27.5364 	EXP 	Stim: image = 'TMTstop-B_1_2.png'
27.5784 	EXP 	Stim: image = 'TMTstop-B_1_2.png'
27.6198 	EXP 	Stim: image = 'TMTstop-B_1_2.png'
27.6575 	DATA 	Keypress: 2
27.6612 	EXP 	Stim: image = 'TMTstop-B_1_2.png'
27.6650 	EXP 	New trial (rep=0, index=1): {'NumberLetter': 'A', 'corrAns': ['3'], 'StimFile': 'TMTstop-B_1_2.png', 'Correct_StimFile': 'TMTstop-B_1_2firstgreen.png', 'False_StimFile': 'TMTstop-B_1_2firstred.png', 'DurationTrial': 10}
27.7315 	EXP 	Stim: autoDraw = False
27.7315 	EXP 	Stim: image = 'TMTstop-B_1_2firstgreen.png'
27.7315 	EXP 	Stim: image = 'TMTstop-B_1_2firstgreen.png'
27.7315 	EXP 	Stim: autoDraw = True
27.7408 	DATA 	Keypress: 1
27.7547 	DATA 	Keypress: 3
27.7615 	EXP 	New trial (rep=0, index=2): {'NumberLetter': 2, 'corrAns': ['1'], 'StimFile': 'TMTstop-B_1_2linestimulus0.png', 'Correct_StimFile': 'TMTstop-B_1_2greenlinestimulus0.png', 'False_StimFile': 'TMTstop-B_1_2redlinestimulus0.png', 'DurationTrial': 10}
27.8281 	EXP 	Stim: autoDraw = False
27.8281 	EXP 	Stim: image = 'TMTstop-B_1_2greenlinestimulus0.png'
27.8281 	EXP 	Stim: image = 'TMTstop-B_1_2greenlinestimulus0.png'
27.8281 	EXP 	Stim: autoDraw = True
27.8384 	DATA 	Keypress: 2
27.9912 	DATA 	Keypress: 3
28.0537 	EXP 	New trial (rep=0, index=3): {'NumberLetter': 'B', 'corrAns': ['2'], 'StimFile': 'TMTstop-B_1_2linestimulus1.png', 'Correct_StimFile': 'TMTstop-B_1_2greenlinestimulus1.png', 'False_StimFile': 'TMTstop-B_1_2redlinestimulus1.png', 'DurationTrial': 10}
28.1228 	DATA 	Keypress: 1
28.1267 	EXP 	Stim: autoDraw = False
28.1267 	EXP 	Stim: image = 'TMTstop-B_1_2greenlinestimulus1.png'
28.1267 	EXP 	Stim: image = 'TMTstop-B_1_2greenlinestimulus1.png'
28.1267 	EXP 	Stim: autoDraw = True
28.1505 	DATA 	Keypress: 2
28.1580 	EXP 	New trial (rep=0, index=4): {'NumberLetter': 3, 'corrAns': ['3'], 'StimFile': 'TMTstop-B_1_2linestimulus2.png', 'Correct_StimFile': 'TMTstop-B_1_2greenlinestimulus2.png', 'False_StimFile': 'TMTstop-B_1_2redlinestimulus2.png', 'DurationTrial': 10}
28.2239 	EXP 	Stim: autoDraw = False
28.2239 	EXP 	Stim: image = 'TMTstop-B_1_2greenlinestimulus2.png'
28.2239 	EXP 	Stim: image = 'TMTstop-B_1_2greenlinestimulus2.png'
28.2239 	EXP 	Stim: autoDraw = True
28.2477 	DATA 	Keypress: 3
28.2540 	EXP 	New trial (rep=0, index=5): {'NumberLetter': 'C', 'corrAns': ['1'], 'StimFile': 'TMTstop-B_1_2linestimulus3.png', 'Correct_StimFile': 'TMTstop-B_1_2greenlinestimulus3.png', 'False_StimFile': 'TMTstop-B_1_2redlinestimulus3.png', 'DurationTrial': 10}
28.3178 	DATA 	Keypress: 1
28.3221 	EXP 	Stim: autoDraw = False
28.3221 	EXP 	Stim: image = 'TMTstop-B_1_2greenlinestimulus3.png'
28.3221 	EXP 	Stim: image = 'TMTstop-B_1_2greenlinestimulus3.png'
28.3221 	EXP 	Stim: autoDraw = True
28.3450 	DATA 	Keypress: 2
28.4074 	DATA 	Keypress: 1
28.4144 	EXP 	New trial (rep=0, index=6): {'NumberLetter': 4, 'corrAns': ['2'], 'StimFile': 'TMTstop-B_1_2linestimulus4.png', 'Correct_StimFile': 'TMTstop-B_1_2greenlinestimulus4.png', 'False_StimFile': 'TMTstop-B_1_2redlinestimulus4.png', 'DurationTrial': 10}
28.4769 	DATA 	Keypress: 3
28.4776 	DATA 	Keypress: 2
28.4810 	EXP 	Stim: autoDraw = False
28.4810 	EXP 	Stim: image = 'TMTstop-B_1_2greenlinestimulus4.png'
28.4810 	EXP 	Stim: image = 'TMTstop-B_1_2greenlinestimulus4.png'
28.4810 	EXP 	Stim: autoDraw = True
28.4853 	EXP 	New trial (rep=0, index=7): {'NumberLetter': 'D', 'corrAns': ['3'], 'StimFile': 'TMTstop-B_1_2linestimulus5.png', 'Correct_StimFile': 'TMTstop-B_1_2greenlinestimulus5.png', 'False_StimFile': 'TMTstop-B_1_2redlinestimulus5.png', 'DurationTrial': 10}
28.5505 	EXP 	Stim: autoDraw = False
28.5505 	EXP 	Stim: image = 'TMTstop-B_1_2greenlinestimulus5.png'
28.5505 	EXP 	Stim: image = 'TMTstop-B_1_2greenlinestimulus5.png'
28.5505 	EXP 	Stim: autoDraw = True
28.5953 	EXP 	New trial (rep=0, index=8): {'NumberLetter': 5, 'corrAns': ['2'], 'StimFile': 'TMTstop-B_1_2linestimulus6.png', 'Correct_StimFile': 'TMTstop-B_1_2greenlinestimulus6.png', 'False_StimFile': 'TMTstop-B_1_2redlinestimulus6.png', 'DurationTrial': 10}
28.6579 	DATA 	Keypress: 3
28.6581 	DATA 	Keypress: 1
28.6618 	EXP 	Stim: autoDraw = False
28.6618 	EXP 	Stim: image = 'TMTstop-B_1_2greenlinestimulus6.png'
28.6618 	EXP 	Stim: image = 'TMTstop-B_1_2greenlinestimulus6.png'
28.6618 	EXP 	Stim: autoDraw = True
28.6715 	DATA 	Keypress: 2
28.7408 	DATA 	Keypress: 1
28.7860 	EXP 	Stim: image = 'TMTstop-B_1_2redlinestimulus6.png'
28.8262 	DATA 	Keypress: 3
28.8263 	DATA 	Keypress: 2
28.8279 	EXP 	Stim: image = 'TMTstop-B_1_2redlinestimulus6.png'
28.8316 	EXP 	New trial (rep=0, index=9): {'NumberLetter': 'E', 'corrAns': ['1'], 'StimFile': 'TMTstop-B_1_2linestimulus7.png', 'Correct_StimFile': 'TMTstop-B_1_2greenlinestimulus7.png', 'False_StimFile': 'TMTstop-B_1_2redlinestimulus7.png', 'DurationTrial': 10}
28.9043 	EXP 	Stim: autoDraw = False
28.9043 	EXP 	Stim: image = 'TMTstop-B_1_2greenlinestimulus7.png'
28.9043 	EXP 	Stim: image = 'TMTstop-B_1_2greenlinestimulus7.png'
28.9043 	EXP 	Stim: autoDraw = True
28.9283 	DATA 	Keypress: 3
28.9772 	DATA 	Keypress: 1
28.9814 	EXP 	Stim: image = 'TMTstop-B_1_2redlinestimulus7.png'
29.0258 	DATA 	Keypress: 2
29.0293 	EXP 	Stim: image = 'TMTstop-B_1_2redlinestimulus7.png'
29.0706 	EXP 	Stim: image = 'TMTstop-B_1_2redlinestimulus7.png'
29.1088 	DATA 	Keypress: 1
29.1129 	EXP 	Stim: image = 'TMTstop-B_1_2redlinestimulus7.png'
29.1168 	EXP 	New trial (rep=0, index=10): {'NumberLetter': 6, 'corrAns': ['3'], 'StimFile': 'TMTstop-B_1_2linestimulus8.png', 'Correct_StimFile': 'TMTstop-B_1_2greenlinestimulus8.png', 'False_StimFile': 'TMTstop-B_1_2redlinestimulus8.png', 'DurationTrial': 10}
29.1925 	DATA 	Keypress: 3
29.1963 	EXP 	Stim: autoDraw = False
29.1963 	EXP 	Stim: image = 'TMTstop-B_1_2greenlinestimulus8.png'
29.1963 	EXP 	Stim: image = 'TMTstop-B_1_2greenlinestimulus8.png'
29.1963 	EXP 	Stim: autoDraw = True
29.2339 	DATA 	Keypress: 2
29.2374 	EXP 	Stim: image = 'TMTstop-B_1_2redlinestimulus8.png'
29.2795 	EXP 	Stim: image = 'TMTstop-B_1_2redlinestimulus8.png'
29.3172 	DATA 	Keypress: 3
29.3207 	EXP 	Stim: image = 'TMTstop-B_1_2redlinestimulus8.png'
29.3251 	EXP 	New trial (rep=0, index=11): {'NumberLetter': 'F', 'corrAns': ['1'], 'StimFile': 'TMTstop-B_1_2linestimulus9.png', 'Correct_StimFile': 'TMTstop-B_1_2greenlinestimulus9.png', 'False_StimFile': 'TMTstop-B_1_2redlinestimulus9.png', 'DurationTrial': 10}
29.3938 	DATA 	Keypress: 1
29.3945 	DATA 	Keypress: 2
29.3976 	EXP 	Stim: autoDraw = False
29.3976 	EXP 	Stim: image = 'TMTstop-B_1_2greenlinestimulus9.png'
29.3976 	EXP 	Stim: image = 'TMTstop-B_1_2greenlinestimulus9.png'
29.3976 	EXP 	Stim: autoDraw = True
29.4491 	DATA 	Keypress: 1
29.5190 	DATA 	Keypress: 3
29.5190 	DATA 	Keypress: 2
29.5636 	EXP 	Stim: image = 'TMTstop-B_1_2redlinestimulus9.png'
29.6054 	EXP 	Stim: image = 'TMTstop-B_1_2redlinestimulus9.png'
29.6435 	DATA 	Keypress: 3
29.6470 	EXP 	Stim: image = 'TMTstop-B_1_2redlinestimulus9.png'
29.6858 	DATA 	Keypress: 1
29.6891 	EXP 	Stim: image = 'TMTstop-B_1_2redlinestimulus9.png'
29.7268 	DATA 	Keypress: 2
29.7303 	EXP 	Stim: image = 'TMTstop-B_1_2redlinestimulus9.png'
29.7722 	EXP 	Stim: image = 'TMTstop-B_1_2redlinestimulus9.png'
29.8102 	DATA 	Keypress: 1
29.8138 	EXP 	Stim: image = 'TMTstop-B_1_2redlinestimulus9.png'
29.8175 	EXP 	New trial (rep=0, index=12): {'NumberLetter': 7, 'corrAns': ['3'], 'StimFile': 'TMTstop-B_1_2linestimulus10.png', 'Correct_StimFile': 'TMTstop-B_1_2greenlinestimulus10.png', 'False_StimFile': 'TMTstop-B_1_2redlinestimulus10.png', 'DurationTrial': 1}
29.8798 	DATA 	Keypress: 3
29.8800 	DATA 	Keypress: 2
29.8839 	EXP 	Stim: autoDraw = False
29.8839 	EXP 	Stim: image = 'TMTstop-B_1_2greenlinestimulus10.png'
29.8839 	EXP 	Stim: image = 'TMTstop-B_1_2greenlinestimulus10.png'
29.8839 	EXP 	Stim: autoDraw = True
29.9248 	EXP 	Stim: image = 'TMTstop-B_1_2redlinestimulus10.png'
29.9633 	DATA 	Keypress: 3
29.9667 	EXP 	Stim: image = 'TMTstop-B_1_2redlinestimulus10.png'
29.9710 	EXP 	New trial (rep=0, index=13): {'NumberLetter': 'G', 'corrAns': ['2'], 'StimFile': 'TMTstop-B_1_2linestimulus11.png', 'Correct_StimFile': 'TMTstop-B_1_2greenlinestimulus11.png', 'False_StimFile': 'TMTstop-B_1_2redlinestimulus11.png', 'DurationTrial': None}
30.0399 	DATA 	Keypress: 1
30.0435 	EXP 	Stim: autoDraw = False
30.0435 	EXP 	Stim: image = 'TMTstop-B_1_2greenlinestimulus11.png'
30.0435 	EXP 	Stim: image = 'TMTstop-B_1_2greenlinestimulus11.png'
30.0435 	EXP 	Stim: autoDraw = True
30.0537 	DATA 	Keypress: 2
30.1366 	DATA 	Keypress: 1
30.1819 	EXP 	Stim: image = 'TMTstop-B_1_2redlinestimulus11.png'
30.2199 	DATA 	Keypress: 3
30.2235 	EXP 	Stim: image = 'TMTstop-B_1_2redlinestimulus11.png'
30.2616 	DATA 	Keypress: 2
30.2653 	EXP 	Stim: image = 'TMTstop-B_1_2redlinestimulus11.png'
30.2691 	EXP 	New trial (rep=0, index=14): {'NumberLetter': 8, 'corrAns': ['3'], 'StimFile': 'TMTstop-B_1_2linestimulus12.png', 'Correct_StimFile': 'TMTstop-B_1_2greenlinestimulus12.png', 'False_StimFile': 'TMTstop-B_1_2redlinestimulus12.png', 'DurationTrial': None}
30.3426 	EXP 	Stim: autoDraw = False
30.3426 	EXP 	Stim: image = 'TMTstop-B_1_2greenlinestimulus12.png'
30.3426 	EXP 	Stim: image = 'TMTstop-B_1_2greenlinestimulus12.png'
30.3426 	EXP 	Stim: autoDraw = True
30.3590 	EXP 	New trial (rep=0, index=15): {'NumberLetter': 'H', 'corrAns': ['2'], 'StimFile': 'TMTstop-B_1_2linestimulus13.png', 'Correct_StimFile': 'TMTstop-B_1_2greenlinestimulus13.png', 'False_StimFile': 'TMTstop-B_1_2redlinestimulus13.png', 'DurationTrial': None}
30.4213 	DATA 	Keypress: 3
30.4216 	DATA 	Keypress: 1
30.4254 	EXP 	Stim: autoDraw = False
30.4254 	EXP 	Stim: image = 'TMTstop-B_1_2greenlinestimulus13.png'
30.4254 	EXP 	Stim: image = 'TMTstop-B_1_2greenlinestimulus13.png'
30.4254 	EXP 	Stim: autoDraw = True
30.4637 	DATA 	Keypress: 2
30.5328 	DATA 	Keypress: 1
30.5363 	EXP 	Stim: image = 'TMTstop-B_1_2redlinestimulus13.png'
30.5817 	DATA 	Keypress: 3
30.5851 	EXP 	Stim: image = 'TMTstop-B_1_2redlinestimulus13.png'
30.6323 	DATA 	Keypress: 2
30.6342 	EXP 	Stim: image = 'TMTstop-B_1_2redlinestimulus13.png'
30.6384 	EXP 	New trial (rep=0, index=16): {'NumberLetter': 9, 'corrAns': ['3'], 'StimFile': 'TMTstop-B_1_2linestimulus14.png', 'Correct_StimFile': 'TMTstop-B_1_2greenlinestimulus14.png', 'False_StimFile': 'TMTstop-B_1_2redlinestimulus14.png', 'DurationTrial': None}
30.7099 	EXP 	Stim: autoDraw = False
30.7099 	EXP 	Stim: image = 'TMTstop-B_1_2greenlinestimulus14.png'
30.7099 	EXP 	Stim: image = 'TMTstop-B_1_2greenlinestimulus14.png'
30.7099 	EXP 	Stim: autoDraw = True
30.7200 	DATA 	Keypress: 3
30.7284 	EXP 	New trial (rep=0, index=17): {'NumberLetter': 'I', 'corrAns': ['1'], 'StimFile': 'TMTstop-B_1_2linestimulus15.png', 'Correct_StimFile': 'TMTstop-B_1_2greenlinestimulus15.png', 'False_StimFile': 'TMTstop-B_1_2redlinestimulus15.png', 'DurationTrial': None}
30.8032 	DATA 	Keypress: 1
30.8035 	DATA 	Keypress: 2
30.8072 	EXP 	Stim: autoDraw = False
30.8072 	EXP 	Stim: image = 'TMTstop-B_1_2greenlinestimulus15.png'
30.8072 	EXP 	Stim: image = 'TMTstop-B_1_2greenlinestimulus15.png'
30.8072 	EXP 	Stim: autoDraw = True
30.8588 	DATA 	Keypress: 1
30.8657 	EXP 	New trial (rep=0, index=18): {'NumberLetter': 10, 'corrAns': ['2'], 'StimFile': 'TMTstop-B_1_2linestimulus16.png', 'Correct_StimFile': 'TMTstop-B_1_2greenlinestimulus16.png', 'False_StimFile': 'TMTstop-B_1_2redlinestimulus16.png', 'DurationTrial': None}
30.9356 	DATA 	Keypress: 3
30.9396 	EXP 	Stim: autoDraw = False
30.9396 	EXP 	Stim: image = 'TMTstop-B_1_2greenlinestimulus16.png'
30.9396 	EXP 	Stim: image = 'TMTstop-B_1_2greenlinestimulus16.png'
30.9396 	EXP 	Stim: autoDraw = True
30.9438 	EXP 	New trial (rep=0, index=19): {'NumberLetter': 'J', 'corrAns': ['3'], 'StimFile': 'TMTstop-B_1_2linestimulus17.png', 'Correct_StimFile': 'TMTstop-B_1_2greenlinestimulus17.png', 'False_StimFile': 'TMTstop-B_1_2redlinestimulus17.png', 'DurationTrial': None}
31.0117 	DATA 	Keypress: 2
31.0156 	EXP 	Stim: autoDraw = False
31.0156 	EXP 	Stim: image = 'TMTstop-B_1_2greenlinestimulus17.png'
31.0156 	EXP 	Stim: image = 'TMTstop-B_1_2greenlinestimulus17.png'
31.0156 	EXP 	Stim: autoDraw = True
31.0810 	DATA 	Keypress: 3
31.0876 	EXP 	New trial (rep=0, index=20): {'NumberLetter': 11, 'corrAns': ['2'], 'StimFile': 'TMTstop-B_1_2linestimulus18.png', 'Correct_StimFile': 'TMTstop-B_1_2greenlinestimulus18.png', 'False_StimFile': 'TMTstop-B_1_2redlinestimulus18.png', 'DurationTrial': None}
31.1576 	DATA 	Keypress: 1
31.1617 	EXP 	Stim: autoDraw = False
31.1617 	EXP 	Stim: image = 'TMTstop-B_1_2greenlinestimulus18.png'
31.1617 	EXP 	Stim: image = 'TMTstop-B_1_2greenlinestimulus18.png'
31.1617 	EXP 	Stim: autoDraw = True
31.1726 	DATA 	Keypress: 2
31.2407 	DATA 	Keypress: 1
31.2862 	EXP 	Stim: image = 'TMTstop-B_1_2redlinestimulus18.png'
31.3246 	DATA 	Keypress: 3
31.3248 	DATA 	Keypress: 2
31.3280 	EXP 	Stim: image = 'TMTstop-B_1_2redlinestimulus18.png'
31.3327 	EXP 	New trial (rep=0, index=21): {'NumberLetter': 'K', 'corrAns': ['3'], 'StimFile': 'TMTstop-B_1_2linestimulus19.png', 'Correct_StimFile': 'TMTstop-B_1_2greenlinestimulus19.png', 'False_StimFile': 'TMTstop-B_1_2redlinestimulus19.png', 'DurationTrial': None}
31.4045 	EXP 	Stim: autoDraw = False
31.4045 	EXP 	Stim: image = 'TMTstop-B_1_2greenlinestimulus19.png'
31.4045 	EXP 	Stim: image = 'TMTstop-B_1_2greenlinestimulus19.png'
31.4045 	EXP 	Stim: autoDraw = True
31.4841 	DATA 	Keypress: 1
31.5258 	DATA 	Keypress: 2
31.8175 	DATA 	Keypress: 1
31.8216 	EXP 	Stim: image = 'TMTstop-B_1_2redlinestimulus19.png'
31.8626 	EXP 	Stim: image = 'TMTstop-B_1_2redlinestimulus19.png'
31.9007 	DATA 	Keypress: 2
31.9042 	EXP 	Stim: image = 'TMTstop-B_1_2redlinestimulus19.png'
31.9462 	EXP 	Stim: image = 'TMTstop-B_1_2redlinestimulus19.png'
31.9839 	DATA 	Keypress: 3
31.9877 	EXP 	Stim: image = 'TMTstop-B_1_2redlinestimulus19.png'
31.9922 	EXP 	New trial (rep=0, index=22): {'NumberLetter': 12, 'corrAns': ['1'], 'StimFile': 'TMTstop-B_1_2linestimulus20.png', 'Correct_StimFile': 'TMTstop-B_1_2greenlinestimulus20.png', 'False_StimFile': 'TMTstop-B_1_2redlinestimulus20.png', 'DurationTrial': None}
32.0602 	DATA 	Keypress: 1
32.0604 	DATA 	Keypress: 2
32.0642 	EXP 	Stim: autoDraw = False
32.0642 	EXP 	Stim: image = 'TMTstop-B_1_2greenlinestimulus20.png'
32.0642 	EXP 	Stim: image = 'TMTstop-B_1_2greenlinestimulus20.png'
32.0642 	EXP 	Stim: autoDraw = True
32.1300 	DATA 	Keypress: 3
32.4286 	DATA 	Keypress: 3
32.4733 	EXP 	Stim: image = 'TMTstop-B_1_2redlinestimulus20.png'
32.5150 	EXP 	Stim: image = 'TMTstop-B_1_2redlinestimulus20.png'
32.5570 	EXP 	Stim: image = 'TMTstop-B_1_2redlinestimulus20.png'
32.5988 	EXP 	Stim: image = 'TMTstop-B_1_2redlinestimulus20.png'
32.6370 	DATA 	Keypress: 3
32.6403 	EXP 	Stim: image = 'TMTstop-B_1_2redlinestimulus20.png'
32.6820 	EXP 	Stim: image = 'TMTstop-B_1_2redlinestimulus20.png'
32.7238 	EXP 	Stim: image = 'TMTstop-B_1_2redlinestimulus20.png'
32.7649 	EXP 	Stim: image = 'TMTstop-B_1_2redlinestimulus20.png'
32.8071 	EXP 	Stim: image = 'TMTstop-B_1_2redlinestimulus20.png'
32.8451 	DATA 	Keypress: 3
32.8487 	EXP 	Stim: image = 'TMTstop-B_1_2redlinestimulus20.png'
32.8903 	EXP 	Stim: image = 'TMTstop-B_1_2redlinestimulus20.png'
32.9320 	EXP 	Stim: image = 'TMTstop-B_1_2redlinestimulus20.png'
32.9737 	EXP 	Stim: image = 'TMTstop-B_1_2redlinestimulus20.png'
33.0124 	DATA 	Keypress: 3
33.0155 	EXP 	Stim: image = 'TMTstop-B_1_2redlinestimulus20.png'
33.0569 	EXP 	Stim: image = 'TMTstop-B_1_2redlinestimulus20.png'
33.0951 	DATA 	Keypress: 1
33.0988 	EXP 	Stim: image = 'TMTstop-B_1_2redlinestimulus20.png'
33.1027 	EXP 	New trial (rep=0, index=23): {'NumberLetter': 'L', 'corrAns': ['2'], 'StimFile': 'TMTstop-B_1_2linestimulus21.png', 'Correct_StimFile': 'TMTstop-B_1_2greenlinestimulus21.png', 'False_StimFile': 'TMTstop-B_1_2redlinestimulus21.png', 'DurationTrial': None}
33.1753 	EXP 	Stim: autoDraw = False
33.1753 	EXP 	Stim: image = 'TMTstop-B_1_2greenlinestimulus21.png'
33.1753 	EXP 	Stim: image = 'TMTstop-B_1_2greenlinestimulus21.png'
33.1753 	EXP 	Stim: autoDraw = True
33.2833 	DATA 	Keypress: 1
33.6435 	DATA 	Keypress: 3
33.6472 	EXP 	Stim: image = 'TMTstop-B_1_2redlinestimulus21.png'
33.6894 	EXP 	Stim: image = 'TMTstop-B_1_2redlinestimulus21.png'
33.7306 	EXP 	Stim: image = 'TMTstop-B_1_2redlinestimulus21.png'
33.7721 	EXP 	Stim: image = 'TMTstop-B_1_2redlinestimulus21.png'
33.8104 	DATA 	Keypress: 3
33.8141 	EXP 	Stim: image = 'TMTstop-B_1_2redlinestimulus21.png'
33.8555 	EXP 	Stim: image = 'TMTstop-B_1_2redlinestimulus21.png'
33.8971 	EXP 	Stim: image = 'TMTstop-B_1_2redlinestimulus21.png'
33.9390 	EXP 	Stim: image = 'TMTstop-B_1_2redlinestimulus21.png'
33.9806 	EXP 	Stim: image = 'TMTstop-B_1_2redlinestimulus21.png'
34.0187 	DATA 	Keypress: 2
34.0224 	EXP 	Stim: image = 'TMTstop-B_1_2redlinestimulus21.png'
34.0268 	EXP 	New trial (rep=0, index=24): {'NumberLetter': 13, 'corrAns': ['3'], 'StimFile': 'TMTstop-B_1_2linestimulus22.png', 'Correct_StimFile': 'TMTstop-B_1_2greenlinestimulus22.png', 'False_StimFile': 'TMTstop-B_1_2redlinestimulus22.png', 'DurationTrial': None}
34.0992 	EXP 	Stim: autoDraw = False
34.0992 	EXP 	Stim: image = 'TMTstop-B_1_2greenlinestimulus22.png'
34.0992 	EXP 	Stim: image = 'TMTstop-B_1_2greenlinestimulus22.png'
34.0992 	EXP 	Stim: autoDraw = True
34.1783 	DATA 	Keypress: 2
34.7337 	DATA 	Keypress: 3
34.7410 	EXP 	New trial (rep=0, index=25): {'NumberLetter': None, 'corrAns': None, 'StimFile': 'TMTstop-B_1_2linestimulus23.png', 'Correct_StimFile': 'TMTstop-B_1_2greenlinestimulus23.png', 'False_StimFile': 'TMTstop-B_1_2redlinestimulus23.png', 'DurationTrial': None}
34.8074 	EXP 	Stim: autoDraw = False
34.8074 	EXP 	Stim: image = 'TMTstop-B_1_2greenlinestimulus23.png'
34.8074 	EXP 	Stim: image = 'TMTstop-B_1_2greenlinestimulus23.png'
34.8074 	EXP 	Stim: autoDraw = True
34.8870 	DATA 	Keypress: 3
35.8114 	EXP 	Stim: autoDraw = False
35.8114 	EXP 	text: autoDraw = True
38.9501 	DATA 	Keypress: esc
39.1908 	EXP 	window1: mouseVisible = True
