2.0978 	WARNING 	We strongly recommend you activate the PTB sound engine in PsychoPy prefs as the preferred audio engine. Its timing is vastly superior. Your prefs are currently set to use ['pyo'] (in that order).
7.1360 	EXP 	Created window1 = Window(allowGUI=True, allowStencil=False, autoLog=True, backendConf=UNKNOWN, bitsMode=UNKNOWN, blendMode='avg', bpc=(8, 8, 8), color=array([0, 0, 0]), colorSpace='rgb', depthBits=8, fullscr=<method-wrapper '__getattribute__' of attributeSetter object at 0x00000285254EC710>, gamma=None, gammaErrorPolicy='raise', lms=UNKNOWN, monitor=<psychopy.monitors.calibTools.Monitor object at 0x000002852548C9E8>, multiSample=False, name='window1', numSamples=2, pos=[0.0, 0.0], screen=0, size=array([1920, 1055]), stencilBits=0, stereo=False, units='height', useFBO=True, useRetina=False, viewOri=0.0, viewPos=None, viewScale=None, waitBlanking=True, winType='glfw')
7.1361 	EXP 	window1: mouseVisible = True
7.1362 	EXP 	window1: recordFrameIntervals = False
7.2057 	EXP 	window1: recordFrameIntervals = True
7.2818 	EXP 	window1: recordFrameIntervals = False
7.6018 	EXP 	Created Instruct = ImageStim(__class__=<class 'psychopy.visual.image.ImageStim'>, autoLog=True, color=array([1., 1., 1.]), colorSpace='rgb', contrast=1.0, depth=0.0, flipHoriz=False, flipVert=False, image='InkedInstructBfinal_LI.jpg', interpolate=True, mask=None, maskParams=None, name='Instruct', opacity=1, ori=0.0, pos=array([0., 0.]), size=array([0.8, 0.8]), texRes=128.0, units='height', win=Window(...))
7.7690 	EXP 	Created text_2 = TextStim(__class__=<class 'psychopy.visual.text.TextStim'>, alignHoriz=method-wrapper(...), alignText='center', alignVert=method-wrapper(...), anchorHoriz='center', anchorVert='center', antialias=True, autoLog=True, bold=False, color=array([1., 1., 1.]), colorSpace='rgb', contrast=1.0, depth=-2.0, flipHoriz=False, flipVert=False, font='Open Sans', fontFiles=[], height=0.04, italic=False, languageStyle='LTR', name='text_2', opacity=1, ori=0.5, pos=array([ 0.  , -0.45]), rgb=UNKNOWN, text=str(...), units='height', win=Window(...), wrapWidth=2.0)
7.7734 	EXP 	Created polygon = ShapeStim(__class__=<class 'psychopy.visual.shape.ShapeStim'>, autoDraw=False, autoLog=True, closeShape=True, color=method-wrapper(...), colorSpace='rgb', contrast=None, depth=0.0, fillColor=array([1, 1, 1]), fillColorSpace='rgb', fillRGB=array([1, 1, 1]), interpolate=True, lineColor=array([1., 1., 1.]), lineColorSpace='rgb', lineRGB=array([1, 1, 1]), lineWidth=1.0, name='polygon', opacity=1, ori=0.0, pos=array([0., 0.]), size=array([0.5, 0.5]), units='height', vertices=ndarray(...), win=Window(...), windingRule=None)
7.7791 	EXP 	Created Stim_practice = ImageStim(__class__=<class 'psychopy.visual.image.ImageStim'>, autoLog=True, color=array([1., 1., 1.]), colorSpace='rgb', contrast=1.0, depth=0.0, flipHoriz=False, flipVert=False, image='sin', interpolate=True, mask=None, maskParams=None, name='Stim_practice', opacity=1, ori=0.0, pos=array([0., 0.]), size=array([1.777, 1.   ]), texRes=128.0, units='height', win=Window(...))
7.7819 	EXP 	Created text_5 = TextStim(__class__=<class 'psychopy.visual.text.TextStim'>, alignHoriz=method-wrapper(...), alignText='center', alignVert=method-wrapper(...), anchorHoriz='center', anchorVert='center', antialias=True, autoLog=True, bold=False, color=array([1., 1., 1.]), colorSpace='rgb', contrast=1.0, depth=0.0, flipHoriz=False, flipVert=False, font='Open Sans', fontFiles=[], height=0.02, italic=False, languageStyle='LTR', name='text_5', opacity=1, ori=0.0, pos=array([0., 0.]), rgb=UNKNOWN, text='', units='height', win=Window(...), wrapWidth=1)
7.7851 	EXP 	Created polygon = ShapeStim(__class__=<class 'psychopy.visual.shape.ShapeStim'>, autoDraw=False, autoLog=True, closeShape=True, color=method-wrapper(...), colorSpace='rgb', contrast=None, depth=0.0, fillColor=array([1, 1, 1]), fillColorSpace='rgb', fillRGB=array([1, 1, 1]), interpolate=True, lineColor=array([1., 1., 1.]), lineColorSpace='rgb', lineRGB=array([1, 1, 1]), lineWidth=1.0, name='polygon', opacity=1, ori=0.0, pos=array([0., 0.]), size=array([0.5, 0.5]), units='height', vertices=ndarray(...), win=Window(...), windingRule=None)
7.7906 	EXP 	Created Stim = ImageStim(__class__=<class 'psychopy.visual.image.ImageStim'>, autoLog=True, color=array([1., 1., 1.]), colorSpace='rgb', contrast=1.0, depth=0.0, flipHoriz=False, flipVert=False, image='sin', interpolate=True, mask=None, maskParams=None, name='Stim', opacity=1, ori=0.0, pos=array([0., 0.]), size=array([1.777, 1.   ]), texRes=128.0, units='height', win=Window(...))
7.7938 	EXP 	Created polygon = ShapeStim(__class__=<class 'psychopy.visual.shape.ShapeStim'>, autoDraw=False, autoLog=True, closeShape=True, color=method-wrapper(...), colorSpace='rgb', contrast=None, depth=0.0, fillColor=array([1, 1, 1]), fillColorSpace='rgb', fillRGB=array([1, 1, 1]), interpolate=True, lineColor=array([1., 1., 1.]), lineColorSpace='rgb', lineRGB=array([1, 1, 1]), lineWidth=1.0, name='polygon', opacity=1, ori=0.0, pos=array([0., 0.]), size=array([0.5, 0.5]), units='height', vertices=ndarray(...), win=Window(...), windingRule=None)
7.7992 	EXP 	Created Stim = ImageStim(__class__=<class 'psychopy.visual.image.ImageStim'>, autoLog=True, color=array([1., 1., 1.]), colorSpace='rgb', contrast=1.0, depth=0.0, flipHoriz=False, flipVert=False, image='sin', interpolate=True, mask=None, maskParams=None, name='Stim', opacity=1, ori=0.0, pos=array([0., 0.]), size=array([1.777, 1.   ]), texRes=128.0, units='height', win=Window(...))
7.8025 	EXP 	Created polygon = ShapeStim(__class__=<class 'psychopy.visual.shape.ShapeStim'>, autoDraw=False, autoLog=True, closeShape=True, color=method-wrapper(...), colorSpace='rgb', contrast=None, depth=0.0, fillColor=array([1, 1, 1]), fillColorSpace='rgb', fillRGB=array([1, 1, 1]), interpolate=True, lineColor=array([1., 1., 1.]), lineColorSpace='rgb', lineRGB=array([1, 1, 1]), lineWidth=1.0, name='polygon', opacity=1, ori=0.0, pos=array([0., 0.]), size=array([0.5, 0.5]), units='height', vertices=ndarray(...), win=Window(...), windingRule=None)
7.8079 	EXP 	Created Stim = ImageStim(__class__=<class 'psychopy.visual.image.ImageStim'>, autoLog=True, color=array([1., 1., 1.]), colorSpace='rgb', contrast=1.0, depth=0.0, flipHoriz=False, flipVert=False, image='sin', interpolate=True, mask=None, maskParams=None, name='Stim', opacity=1, ori=0.0, pos=array([0., 0.]), size=array([1.777, 1.   ]), texRes=128.0, units='height', win=Window(...))
7.8112 	EXP 	Created polygon = ShapeStim(__class__=<class 'psychopy.visual.shape.ShapeStim'>, autoDraw=False, autoLog=True, closeShape=True, color=method-wrapper(...), colorSpace='rgb', contrast=None, depth=0.0, fillColor=array([1, 1, 1]), fillColorSpace='rgb', fillRGB=array([1, 1, 1]), interpolate=True, lineColor=array([1., 1., 1.]), lineColorSpace='rgb', lineRGB=array([1, 1, 1]), lineWidth=1.0, name='polygon', opacity=1, ori=0.0, pos=array([0., 0.]), size=array([0.5, 0.5]), units='height', vertices=ndarray(...), win=Window(...), windingRule=None)
7.8166 	EXP 	Created Stim = ImageStim(__class__=<class 'psychopy.visual.image.ImageStim'>, autoLog=True, color=array([1., 1., 1.]), colorSpace='rgb', contrast=1.0, depth=0.0, flipHoriz=False, flipVert=False, image='sin', interpolate=True, mask=None, maskParams=None, name='Stim', opacity=1, ori=0.0, pos=array([0., 0.]), size=array([1.777, 1.   ]), texRes=128.0, units='height', win=Window(...))
7.8511 	EXP 	Created text = TextStim(__class__=<class 'psychopy.visual.text.TextStim'>, alignHoriz=method-wrapper(...), alignText='center', alignVert=method-wrapper(...), anchorHoriz='center', anchorVert='center', antialias=True, autoLog=True, bold=False, color=array([1., 1., 1.]), colorSpace='rgb', contrast=1.0, depth=0.0, flipHoriz=False, flipVert=False, font='Open Sans', fontFiles=[], height=0.1, italic=False, languageStyle='LTR', name='text', opacity=1, ori=0.0, pos=array([0., 0.]), rgb=UNKNOWN, text=str(...), units='height', win=Window(...), wrapWidth=1)
7.9153 	EXP 	Instruct: autoDraw = True
7.9153 	EXP 	text_2: autoDraw = True
8.4243 	DATA 	Keypress: 1
8.4395 	EXP 	Instruct: autoDraw = False
8.4395 	EXP 	text_2: autoDraw = False
8.4395 	EXP 	polygon: autoDraw = True
8.5906 	DATA 	Keypress: 1
11.4397 	EXP 	Created sequence: sequential, trialTypes=1, nReps=100, seed=None
11.4402 	EXP 	New trial (rep=0, index=0): None
11.4528 	EXP 	Imported TMTstop-A_1_practice.xlsx as conditions, 13 conditions, 6 params
11.4531 	EXP 	Created sequence: sequential, trialTypes=13, nReps=1, seed=None
11.4534 	EXP 	New trial (rep=0, index=0): {'NumberLetter': 1, 'corrAns': ['1'], 'StimFile': 'TMTstop-A_1_practice.png', 'Correct_StimFile': 'TMTstop-A_1_practice.png', 'False_StimFile': 'TMTstop-A_1_practice.png', 'DurationTrial': 10}
11.5245 	EXP 	polygon: autoDraw = False
11.5245 	EXP 	Stim_practice: image = 'TMTstop-A_1_practice.png'
11.5245 	EXP 	Stim_practice: autoDraw = True
12.2852 	DATA 	Keypress: 1
12.2938 	EXP 	New trial (rep=0, index=1): {'NumberLetter': 2, 'corrAns': ['2'], 'StimFile': 'TMTstop-A_1_practice.png', 'Correct_StimFile': 'TMTstop-A_1_practicefirstgreen.png', 'False_StimFile': 'TMTstop-A_1_practicefirstred.png', 'DurationTrial': 10}
12.3926 	EXP 	Stim_practice: autoDraw = False
12.3926 	EXP 	Stim_practice: image = 'TMTstop-A_1_practicefirstgreen.png'
12.3926 	EXP 	Stim_practice: image = 'TMTstop-A_1_practicefirstgreen.png'
12.3926 	EXP 	Stim_practice: autoDraw = True
12.4318 	EXP 	New trial (rep=0, index=2): {'NumberLetter': 3, 'corrAns': ['3'], 'StimFile': 'TMTstop-A_1_practicelinestimulus0.png', 'Correct_StimFile': 'TMTstop-A_1_practicegreenlinestimulus0.png', 'False_StimFile': 'TMTstop-A_1_practiceredlinestimulus0.png', 'DurationTrial': 10}
12.5139 	DATA 	Keypress: 2
12.5142 	DATA 	Keypress: 1
12.5184 	EXP 	Stim_practice: autoDraw = False
12.5184 	EXP 	Stim_practice: image = 'TMTstop-A_1_practicegreenlinestimulus0.png'
12.5184 	EXP 	Stim_practice: image = 'TMTstop-A_1_practicegreenlinestimulus0.png'
12.5184 	EXP 	Stim_practice: autoDraw = True
12.5277 	DATA 	Keypress: 3
12.5350 	EXP 	New trial (rep=0, index=3): {'NumberLetter': 4, 'corrAns': ['1'], 'StimFile': 'TMTstop-A_1_practicelinestimulus1.png', 'Correct_StimFile': 'TMTstop-A_1_practicegreenlinestimulus1.png', 'False_StimFile': 'TMTstop-A_1_practiceredlinestimulus1.png', 'DurationTrial': 10}
12.6085 	EXP 	Stim_practice: autoDraw = False
12.6085 	EXP 	Stim_practice: image = 'TMTstop-A_1_practicegreenlinestimulus1.png'
12.6085 	EXP 	Stim_practice: image = 'TMTstop-A_1_practicegreenlinestimulus1.png'
12.6085 	EXP 	Stim_practice: autoDraw = True
12.6184 	DATA 	Keypress: 2
12.6738 	DATA 	Keypress: 1
12.6810 	EXP 	New trial (rep=0, index=4): {'NumberLetter': 5, 'corrAns': ['2'], 'StimFile': 'TMTstop-A_1_practicelinestimulus2.png', 'Correct_StimFile': 'TMTstop-A_1_practicegreenlinestimulus2.png', 'False_StimFile': 'TMTstop-A_1_practiceredlinestimulus2.png', 'DurationTrial': 10}
12.7575 	DATA 	Keypress: 3
12.7577 	DATA 	Keypress: 2
12.7622 	EXP 	Stim_practice: autoDraw = False
12.7622 	EXP 	Stim_practice: image = 'TMTstop-A_1_practicegreenlinestimulus2.png'
12.7622 	EXP 	Stim_practice: image = 'TMTstop-A_1_practicegreenlinestimulus2.png'
12.7622 	EXP 	Stim_practice: autoDraw = True
12.8894 	DATA 	Keypress: 3
12.8897 	DATA 	Keypress: 1
12.8937 	EXP 	Stim_practice: image = 'TMTstop-A_1_practiceredlinestimulus2.png'
12.9380 	DATA 	Keypress: 2
12.9420 	EXP 	Stim_practice: image = 'TMTstop-A_1_practiceredlinestimulus2.png'
12.9868 	DATA 	Keypress: 1
12.9919 	EXP 	Stim_practice: image = 'TMTstop-A_1_practiceredlinestimulus2.png'
13.0420 	DATA 	Keypress: 2
13.0463 	EXP 	Stim_practice: image = 'TMTstop-A_1_practiceredlinestimulus2.png'
13.0511 	EXP 	New trial (rep=0, index=5): {'NumberLetter': 6, 'corrAns': ['3'], 'StimFile': 'TMTstop-A_1_practicelinestimulus3.png', 'Correct_StimFile': 'TMTstop-A_1_practicegreenlinestimulus3.png', 'False_StimFile': 'TMTstop-A_1_practiceredlinestimulus3.png', 'DurationTrial': 10}
13.1526 	DATA 	Keypress: 3
13.1528 	DATA 	Keypress: 3
13.1579 	EXP 	Stim_practice: autoDraw = False
13.1579 	EXP 	Stim_practice: image = 'TMTstop-A_1_practicegreenlinestimulus3.png'
13.1579 	EXP 	Stim_practice: image = 'TMTstop-A_1_practicegreenlinestimulus3.png'
13.1579 	EXP 	Stim_practice: autoDraw = True
13.1804 	DATA 	Keypress: 1
13.2502 	DATA 	Keypress: 2
13.3056 	DATA 	Keypress: 1
13.3546 	DATA 	Keypress: 3
13.3588 	EXP 	Stim_practice: image = 'TMTstop-A_1_practiceredlinestimulus3.png'
13.4032 	DATA 	Keypress: 2
13.4067 	EXP 	Stim_practice: image = 'TMTstop-A_1_practiceredlinestimulus3.png'
13.4485 	EXP 	Stim_practice: image = 'TMTstop-A_1_practiceredlinestimulus3.png'
13.4934 	DATA 	Keypress: 3
13.4973 	EXP 	Stim_practice: image = 'TMTstop-A_1_practiceredlinestimulus3.png'
13.5024 	EXP 	New trial (rep=0, index=6): {'NumberLetter': 7, 'corrAns': ['1'], 'StimFile': 'TMTstop-A_1_practicelinestimulus4.png', 'Correct_StimFile': 'TMTstop-A_1_practicegreenlinestimulus4.png', 'False_StimFile': 'TMTstop-A_1_practiceredlinestimulus4.png', 'DurationTrial': 10}
13.5770 	DATA 	Keypress: 1
13.5772 	DATA 	Keypress: 2
13.5812 	EXP 	Stim_practice: autoDraw = False
13.5812 	EXP 	Stim_practice: image = 'TMTstop-A_1_practicegreenlinestimulus4.png'
13.5812 	EXP 	Stim_practice: image = 'TMTstop-A_1_practicegreenlinestimulus4.png'
13.5812 	EXP 	Stim_practice: autoDraw = True
13.6185 	DATA 	Keypress: 1
13.6253 	EXP 	New trial (rep=0, index=7): {'NumberLetter': 8, 'corrAns': ['3'], 'StimFile': 'TMTstop-A_1_practicelinestimulus5.png', 'Correct_StimFile': 'TMTstop-A_1_practicegreenlinestimulus5.png', 'False_StimFile': 'TMTstop-A_1_practiceredlinestimulus5.png', 'DurationTrial': 10}
13.6951 	DATA 	Keypress: 2
13.6954 	DATA 	Keypress: 3
13.6993 	EXP 	Stim_practice: autoDraw = False
13.6993 	EXP 	Stim_practice: image = 'TMTstop-A_1_practicegreenlinestimulus5.png'
13.6993 	EXP 	Stim_practice: image = 'TMTstop-A_1_practicegreenlinestimulus5.png'
13.6993 	EXP 	Stim_practice: autoDraw = True
13.8006 	EXP 	New trial (rep=0, index=8): {'NumberLetter': 9, 'corrAns': ['2'], 'StimFile': 'TMTstop-A_1_practicelinestimulus6.png', 'Correct_StimFile': 'TMTstop-A_1_practicegreenlinestimulus6.png', 'False_StimFile': 'TMTstop-A_1_practiceredlinestimulus6.png', 'DurationTrial': 10}
13.8684 	DATA 	Keypress: 3
13.8687 	DATA 	Keypress: 1
13.8689 	DATA 	Keypress: 2
13.8730 	EXP 	Stim_practice: autoDraw = False
13.8730 	EXP 	Stim_practice: image = 'TMTstop-A_1_practicegreenlinestimulus6.png'
13.8730 	EXP 	Stim_practice: image = 'TMTstop-A_1_practicegreenlinestimulus6.png'
13.8730 	EXP 	Stim_practice: autoDraw = True
13.9588 	DATA 	Keypress: 1
13.9636 	EXP 	Stim_practice: image = 'TMTstop-A_1_practiceredlinestimulus6.png'
14.0072 	DATA 	Keypress: 3
14.0074 	DATA 	Keypress: 2
14.0109 	EXP 	Stim_practice: image = 'TMTstop-A_1_practiceredlinestimulus6.png'
14.0155 	EXP 	New trial (rep=0, index=9): {'NumberLetter': 10, 'corrAns': ['3'], 'StimFile': 'TMTstop-A_1_practicelinestimulus7.png', 'Correct_StimFile': 'TMTstop-A_1_practicegreenlinestimulus7.png', 'False_StimFile': 'TMTstop-A_1_practiceredlinestimulus7.png', 'DurationTrial': 10}
14.0878 	EXP 	Stim_practice: autoDraw = False
14.0878 	EXP 	Stim_practice: image = 'TMTstop-A_1_practicegreenlinestimulus7.png'
14.0878 	EXP 	Stim_practice: image = 'TMTstop-A_1_practicegreenlinestimulus7.png'
14.0878 	EXP 	Stim_practice: autoDraw = True
14.1111 	DATA 	Keypress: 3
14.1180 	EXP 	New trial (rep=0, index=10): {'NumberLetter': 11, 'corrAns': ['1'], 'StimFile': 'TMTstop-A_1_practicelinestimulus8.png', 'Correct_StimFile': 'TMTstop-A_1_practicegreenlinestimulus8.png', 'False_StimFile': 'TMTstop-A_1_practiceredlinestimulus8.png', 'DurationTrial': 10}
14.1948 	DATA 	Keypress: 1
14.1964 	DATA 	Keypress: 2
14.1996 	EXP 	Stim_practice: autoDraw = False
14.1996 	EXP 	Stim_practice: image = 'TMTstop-A_1_practicegreenlinestimulus8.png'
14.1996 	EXP 	Stim_practice: image = 'TMTstop-A_1_practicegreenlinestimulus8.png'
14.1996 	EXP 	Stim_practice: autoDraw = True
14.2158 	EXP 	New trial (rep=0, index=11): {'NumberLetter': 12, 'corrAns': ['2'], 'StimFile': 'TMTstop-A_1_practicelinestimulus9.png', 'Correct_StimFile': 'TMTstop-A_1_practicegreenlinestimulus9.png', 'False_StimFile': 'TMTstop-A_1_practiceredlinestimulus9.png', 'DurationTrial': 10}
14.2872 	DATA 	Keypress: 1
14.2874 	DATA 	Keypress: 3
14.2907 	EXP 	Stim_practice: autoDraw = False
14.2907 	EXP 	Stim_practice: image = 'TMTstop-A_1_practicegreenlinestimulus9.png'
14.2907 	EXP 	Stim_practice: image = 'TMTstop-A_1_practicegreenlinestimulus9.png'
14.2907 	EXP 	Stim_practice: autoDraw = True
14.3126 	DATA 	Keypress: 2
14.3196 	EXP 	New trial (rep=0, index=12): {'NumberLetter': None, 'corrAns': None, 'StimFile': 'TMTstop-A_1_practicelinestimulus10.png', 'Correct_StimFile': 'TMTstop-A_1_practicegreenlinestimulus10.png', 'False_StimFile': 'TMTstop-A_1_practiceredlinestimulus10.png', 'DurationTrial': None}
14.3934 	EXP 	Stim_practice: autoDraw = False
14.3934 	EXP 	Stim_practice: image = 'TMTstop-A_1_practicegreenlinestimulus10.png'
14.3934 	EXP 	Stim_practice: image = 'TMTstop-A_1_practicegreenlinestimulus10.png'
14.3934 	EXP 	Stim_practice: autoDraw = True
14.4723 	DATA 	Keypress: 1
14.4865 	DATA 	Keypress: 2
15.4740 	EXP 	Stim_practice: autoDraw = False
15.4740 	EXP 	text_5: text = 'You have finished the practice. If you understood the task correctly please read on, otherwise ask the experiment leader or press X to restart the practice.\n\nFrom here on there will be 25 trails instead of 12. If you finish all trails you will get 25 new trails and start from 1. The experiments will end automatically after three minutes. \n\nPress 1, 2 or 3  to start the experiment.\n\n\n\n'
15.4740 	EXP 	text_5: autoDraw = True
18.4867 	EXP 	New trial (rep=1, index=0): None
18.5009 	EXP 	Imported TMTstop-A_1_practice.xlsx as conditions, 13 conditions, 6 params
18.5015 	EXP 	Created sequence: sequential, trialTypes=13, nReps=1, seed=None
18.5019 	EXP 	New trial (rep=0, index=0): {'NumberLetter': 1, 'corrAns': ['1'], 'StimFile': 'TMTstop-A_1_practice.png', 'Correct_StimFile': 'TMTstop-A_1_practice.png', 'False_StimFile': 'TMTstop-A_1_practice.png', 'DurationTrial': 10}
18.5974 	DATA 	Keypress: x
18.6017 	EXP 	text_5: autoDraw = False
18.6017 	EXP 	Stim_practice: image = 'TMTstop-A_1_practice.png'
18.6017 	EXP 	Stim_practice: image = 'TMTstop-A_1_practice.png'
18.6017 	EXP 	Stim_practice: autoDraw = True
18.6527 	DATA 	Keypress: x
19.0554 	DATA 	Keypress: 1
19.0643 	EXP 	New trial (rep=0, index=1): {'NumberLetter': 2, 'corrAns': ['2'], 'StimFile': 'TMTstop-A_1_practice.png', 'Correct_StimFile': 'TMTstop-A_1_practicefirstgreen.png', 'False_StimFile': 'TMTstop-A_1_practicefirstred.png', 'DurationTrial': 10}
19.1597 	DATA 	Keypress: 2
19.1636 	EXP 	Stim_practice: autoDraw = False
19.1636 	EXP 	Stim_practice: image = 'TMTstop-A_1_practicefirstgreen.png'
19.1636 	EXP 	Stim_practice: image = 'TMTstop-A_1_practicefirstgreen.png'
19.1636 	EXP 	Stim_practice: autoDraw = True
19.2639 	DATA 	Keypress: 3
19.3197 	DATA 	Keypress: 1
19.3234 	EXP 	Stim_practice: image = 'TMTstop-A_1_practicefirstred.png'
19.3683 	DATA 	Keypress: 2
19.3720 	EXP 	Stim_practice: image = 'TMTstop-A_1_practicefirstred.png'
19.4238 	DATA 	Keypress: 1
19.4277 	EXP 	Stim_practice: image = 'TMTstop-A_1_practicefirstred.png'
19.4725 	DATA 	Keypress: 3
19.4727 	DATA 	Keypress: 2
19.4767 	EXP 	Stim_practice: image = 'TMTstop-A_1_practicefirstred.png'
19.4813 	EXP 	New trial (rep=0, index=2): {'NumberLetter': 3, 'corrAns': ['3'], 'StimFile': 'TMTstop-A_1_practicelinestimulus0.png', 'Correct_StimFile': 'TMTstop-A_1_practicegreenlinestimulus0.png', 'False_StimFile': 'TMTstop-A_1_practiceredlinestimulus0.png', 'DurationTrial': 10}
19.5696 	DATA 	Keypress: 3
19.5737 	EXP 	Stim_practice: autoDraw = False
19.5737 	EXP 	Stim_practice: image = 'TMTstop-A_1_practicegreenlinestimulus0.png'
19.5737 	EXP 	Stim_practice: image = 'TMTstop-A_1_practicegreenlinestimulus0.png'
19.5737 	EXP 	Stim_practice: autoDraw = True
19.5972 	DATA 	Keypress: 1
19.6389 	DATA 	Keypress: 2
19.7152 	DATA 	Keypress: 1
19.7641 	DATA 	Keypress: 2
19.7678 	EXP 	Stim_practice: image = 'TMTstop-A_1_practiceredlinestimulus0.png'
19.8197 	DATA 	Keypress: 3
19.8234 	EXP 	Stim_practice: image = 'TMTstop-A_1_practiceredlinestimulus0.png'
19.8752 	DATA 	Keypress: 3
19.8800 	EXP 	Stim_practice: image = 'TMTstop-A_1_practiceredlinestimulus0.png'
19.8842 	EXP 	New trial (rep=0, index=3): {'NumberLetter': 4, 'corrAns': ['1'], 'StimFile': 'TMTstop-A_1_practicelinestimulus1.png', 'Correct_StimFile': 'TMTstop-A_1_practicegreenlinestimulus1.png', 'False_StimFile': 'TMTstop-A_1_practiceredlinestimulus1.png', 'DurationTrial': 10}
19.9724 	DATA 	Keypress: 1
19.9736 	DATA 	Keypress: 2
19.9771 	EXP 	Stim_practice: autoDraw = False
19.9771 	EXP 	Stim_practice: image = 'TMTstop-A_1_practicegreenlinestimulus1.png'
19.9771 	EXP 	Stim_practice: image = 'TMTstop-A_1_practicegreenlinestimulus1.png'
19.9771 	EXP 	Stim_practice: autoDraw = True
20.0207 	DATA 	Keypress: 1
20.0283 	EXP 	New trial (rep=0, index=4): {'NumberLetter': 5, 'corrAns': ['2'], 'StimFile': 'TMTstop-A_1_practicelinestimulus2.png', 'Correct_StimFile': 'TMTstop-A_1_practicegreenlinestimulus2.png', 'False_StimFile': 'TMTstop-A_1_practiceredlinestimulus2.png', 'DurationTrial': 10}
20.1183 	DATA 	Keypress: 2
20.1187 	DATA 	Keypress: 3
20.1227 	EXP 	Stim_practice: autoDraw = False
20.1227 	EXP 	Stim_practice: image = 'TMTstop-A_1_practicegreenlinestimulus2.png'
20.1227 	EXP 	Stim_practice: image = 'TMTstop-A_1_practicegreenlinestimulus2.png'
20.1227 	EXP 	Stim_practice: autoDraw = True
20.2082 	DATA 	Keypress: 3
20.2641 	DATA 	Keypress: 1
20.2678 	EXP 	Stim_practice: image = 'TMTstop-A_1_practiceredlinestimulus2.png'
20.3334 	DATA 	Keypress: 2
20.3336 	DATA 	Keypress: 1
20.3372 	EXP 	Stim_practice: image = 'TMTstop-A_1_practiceredlinestimulus2.png'
20.3958 	DATA 	Keypress: 2
20.3961 	DATA 	Keypress: 3
20.3999 	EXP 	Stim_practice: image = 'TMTstop-A_1_practiceredlinestimulus2.png'
20.4048 	EXP 	New trial (rep=0, index=5): {'NumberLetter': 6, 'corrAns': ['3'], 'StimFile': 'TMTstop-A_1_practicelinestimulus3.png', 'Correct_StimFile': 'TMTstop-A_1_practicegreenlinestimulus3.png', 'False_StimFile': 'TMTstop-A_1_practiceredlinestimulus3.png', 'DurationTrial': 10}
20.5139 	DATA 	Keypress: 3
20.5211 	EXP 	Stim_practice: autoDraw = False
20.5211 	EXP 	Stim_practice: image = 'TMTstop-A_1_practicegreenlinestimulus3.png'
20.5211 	EXP 	Stim_practice: image = 'TMTstop-A_1_practicegreenlinestimulus3.png'
20.5211 	EXP 	Stim_practice: autoDraw = True
20.5486 	DATA 	Keypress: 1
20.6043 	DATA 	Keypress: 2
20.7156 	DATA 	Keypress: 1
20.7160 	DATA 	Keypress: 3
20.7205 	EXP 	Stim_practice: image = 'TMTstop-A_1_practiceredlinestimulus3.png'
20.7916 	DATA 	Keypress: 2
20.7975 	EXP 	Stim_practice: image = 'TMTstop-A_1_practiceredlinestimulus3.png'
20.8671 	EXP 	Stim_practice: image = 'TMTstop-A_1_practiceredlinestimulus3.png'
20.8716 	EXP 	New trial (rep=0, index=6): {'NumberLetter': 7, 'corrAns': ['1'], 'StimFile': 'TMTstop-A_1_practicelinestimulus4.png', 'Correct_StimFile': 'TMTstop-A_1_practicegreenlinestimulus4.png', 'False_StimFile': 'TMTstop-A_1_practiceredlinestimulus4.png', 'DurationTrial': 10}
20.9654 	DATA 	Keypress: 3
20.9658 	DATA 	Keypress: 1
20.9660 	DATA 	Keypress: 2
20.9702 	EXP 	Stim_practice: autoDraw = False
20.9702 	EXP 	Stim_practice: image = 'TMTstop-A_1_practicegreenlinestimulus4.png'
20.9702 	EXP 	Stim_practice: image = 'TMTstop-A_1_practicegreenlinestimulus4.png'
20.9702 	EXP 	Stim_practice: autoDraw = True
21.0276 	DATA 	Keypress: 1
21.0344 	EXP 	New trial (rep=0, index=7): {'NumberLetter': 8, 'corrAns': ['3'], 'StimFile': 'TMTstop-A_1_practicelinestimulus5.png', 'Correct_StimFile': 'TMTstop-A_1_practicegreenlinestimulus5.png', 'False_StimFile': 'TMTstop-A_1_practiceredlinestimulus5.png', 'DurationTrial': 10}
21.1184 	DATA 	Keypress: 3
21.1186 	DATA 	Keypress: 2
21.1228 	EXP 	Stim_practice: autoDraw = False
21.1228 	EXP 	Stim_practice: image = 'TMTstop-A_1_practicegreenlinestimulus5.png'
21.1228 	EXP 	Stim_practice: image = 'TMTstop-A_1_practicegreenlinestimulus5.png'
21.1228 	EXP 	Stim_practice: autoDraw = True
21.2291 	DATA 	Keypress: 3
21.2357 	EXP 	New trial (rep=0, index=8): {'NumberLetter': 9, 'corrAns': ['2'], 'StimFile': 'TMTstop-A_1_practicelinestimulus6.png', 'Correct_StimFile': 'TMTstop-A_1_practicegreenlinestimulus6.png', 'False_StimFile': 'TMTstop-A_1_practiceredlinestimulus6.png', 'DurationTrial': 10}
21.3264 	DATA 	Keypress: 1
21.3266 	DATA 	Keypress: 2
21.3305 	EXP 	Stim_practice: autoDraw = False
21.3305 	EXP 	Stim_practice: image = 'TMTstop-A_1_practicegreenlinestimulus6.png'
21.3305 	EXP 	Stim_practice: image = 'TMTstop-A_1_practicegreenlinestimulus6.png'
21.3305 	EXP 	Stim_practice: autoDraw = True
21.3819 	DATA 	Keypress: 3
21.4932 	DATA 	Keypress: 1
21.4969 	EXP 	Stim_practice: image = 'TMTstop-A_1_practiceredlinestimulus6.png'
21.5453 	EXP 	Stim_practice: image = 'TMTstop-A_1_practiceredlinestimulus6.png'
21.6007 	EXP 	Stim_practice: image = 'TMTstop-A_1_practiceredlinestimulus6.png'
21.6563 	EXP 	Stim_practice: image = 'TMTstop-A_1_practiceredlinestimulus6.png'
21.7085 	DATA 	Keypress: 1
21.7126 	EXP 	Stim_practice: image = 'TMTstop-A_1_practiceredlinestimulus6.png'
21.7708 	DATA 	Keypress: 2
21.7750 	EXP 	Stim_practice: image = 'TMTstop-A_1_practiceredlinestimulus6.png'
21.7791 	EXP 	New trial (rep=0, index=9): {'NumberLetter': 10, 'corrAns': ['3'], 'StimFile': 'TMTstop-A_1_practicelinestimulus7.png', 'Correct_StimFile': 'TMTstop-A_1_practicegreenlinestimulus7.png', 'False_StimFile': 'TMTstop-A_1_practiceredlinestimulus7.png', 'DurationTrial': 10}
21.9024 	DATA 	Keypress: 3
21.9064 	EXP 	Stim_practice: autoDraw = False
21.9064 	EXP 	Stim_practice: image = 'TMTstop-A_1_practicegreenlinestimulus7.png'
21.9064 	EXP 	Stim_practice: image = 'TMTstop-A_1_practicegreenlinestimulus7.png'
21.9064 	EXP 	Stim_practice: autoDraw = True
21.9791 	DATA 	Keypress: 2
22.1529 	DATA 	Keypress: 1
22.1532 	DATA 	Keypress: 3
22.1566 	EXP 	Stim_practice: image = 'TMTstop-A_1_practiceredlinestimulus7.png'
22.2123 	EXP 	Stim_practice: image = 'TMTstop-A_1_practiceredlinestimulus7.png'
22.2571 	DATA 	Keypress: 2
22.2607 	EXP 	Stim_practice: image = 'TMTstop-A_1_practiceredlinestimulus7.png'
22.3177 	EXP 	Stim_practice: image = 'TMTstop-A_1_practiceredlinestimulus7.png'
22.3753 	DATA 	Keypress: 1
22.3788 	EXP 	Stim_practice: image = 'TMTstop-A_1_practiceredlinestimulus7.png'
22.4306 	DATA 	Keypress: 2
22.4342 	EXP 	Stim_practice: image = 'TMTstop-A_1_practiceredlinestimulus7.png'
22.4918 	EXP 	Stim_practice: image = 'TMTstop-A_1_practiceredlinestimulus7.png'
22.5522 	EXP 	Stim_practice: image = 'TMTstop-A_1_practiceredlinestimulus7.png'
22.6008 	EXP 	Stim_practice: image = 'TMTstop-A_1_practiceredlinestimulus7.png'
22.6562 	EXP 	Stim_practice: image = 'TMTstop-A_1_practiceredlinestimulus7.png'
22.7082 	DATA 	Keypress: 3
22.7129 	EXP 	Stim_practice: image = 'TMTstop-A_1_practiceredlinestimulus7.png'
22.7173 	EXP 	New trial (rep=0, index=10): {'NumberLetter': 11, 'corrAns': ['1'], 'StimFile': 'TMTstop-A_1_practicelinestimulus8.png', 'Correct_StimFile': 'TMTstop-A_1_practicegreenlinestimulus8.png', 'False_StimFile': 'TMTstop-A_1_practiceredlinestimulus8.png', 'DurationTrial': 10}
22.8097 	EXP 	Stim_practice: autoDraw = False
22.8097 	EXP 	Stim_practice: image = 'TMTstop-A_1_practicegreenlinestimulus8.png'
22.8097 	EXP 	Stim_practice: image = 'TMTstop-A_1_practicegreenlinestimulus8.png'
22.8097 	EXP 	Stim_practice: autoDraw = True
22.9167 	DATA 	Keypress: 3
23.1386 	DATA 	Keypress: 1
23.1456 	EXP 	New trial (rep=0, index=11): {'NumberLetter': 12, 'corrAns': ['2'], 'StimFile': 'TMTstop-A_1_practicelinestimulus9.png', 'Correct_StimFile': 'TMTstop-A_1_practicegreenlinestimulus9.png', 'False_StimFile': 'TMTstop-A_1_practiceredlinestimulus9.png', 'DurationTrial': 10}
23.2341 	EXP 	Stim_practice: autoDraw = False
23.2341 	EXP 	Stim_practice: image = 'TMTstop-A_1_practicegreenlinestimulus9.png'
23.2341 	EXP 	Stim_practice: image = 'TMTstop-A_1_practicegreenlinestimulus9.png'
23.2341 	EXP 	Stim_practice: autoDraw = True
23.3207 	DATA 	Keypress: 1
23.7012 	DATA 	Keypress: 2
23.9097 	DATA 	Keypress: 2
26.1739 	DATA 	Keypress: 2
26.1820 	EXP 	New trial (rep=0, index=12): {'NumberLetter': None, 'corrAns': None, 'StimFile': 'TMTstop-A_1_practicelinestimulus10.png', 'Correct_StimFile': 'TMTstop-A_1_practicegreenlinestimulus10.png', 'False_StimFile': 'TMTstop-A_1_practiceredlinestimulus10.png', 'DurationTrial': None}
26.2746 	EXP 	Stim_practice: autoDraw = False
26.2746 	EXP 	Stim_practice: image = 'TMTstop-A_1_practicegreenlinestimulus10.png'
26.2746 	EXP 	Stim_practice: image = 'TMTstop-A_1_practicegreenlinestimulus10.png'
26.2746 	EXP 	Stim_practice: autoDraw = True
26.4096 	DATA 	Keypress: 2
27.2721 	EXP 	Stim_practice: autoDraw = False
27.2721 	EXP 	text_5: text = 'You have finished the practice. If you understood the task correctly please read on, otherwise ask the experiment leader or press X to restart the practice.\n\nFrom here on there will be 25 trails instead of 12. If you finish all trails you will get 25 new trails and start from 1. The experiments will end automatically after three minutes. \n\nPress 1, 2 or 3  to start the experiment.\n\n\n\n'
27.2721 	EXP 	text_5: autoDraw = True
28.1331 	DATA 	Keypress: 2
28.3335 	DATA 	Keypress: 2
31.9788 	DATA 	Keypress: 1
31.9804 	EXP 	text_5: autoDraw = False
31.9804 	EXP 	polygon: autoDraw = True
32.2084 	DATA 	Keypress: 1
34.9957 	EXP 	Imported TMTstop-A_1_1.xlsx as conditions, 26 conditions, 6 params
34.9961 	EXP 	Created sequence: sequential, trialTypes=26, nReps=1, seed=None
34.9965 	EXP 	New trial (rep=0, index=0): {'NumberLetter': 1, 'corrAns': ['2'], 'StimFile': 'TMTstop-A_1_1.png', 'Correct_StimFile': 'TMTstop-A_1_1.png', 'False_StimFile': 'TMTstop-A_1_1.png', 'DurationTrial': 10}
35.0460 	EXP 	polygon: autoDraw = False
35.0460 	EXP 	Stim: image = 'TMTstop-A_1_1.png'
35.0460 	EXP 	Stim: autoDraw = True
36.4093 	DATA 	Keypress: esc
36.5701 	DATA 	Keypress: esc
36.6097 	EXP 	window1: mouseVisible = True
2.8297 	WARNING 	We strongly recommend you activate the PTB sound engine in PsychoPy prefs as the preferred audio engine. Its timing is vastly superior. Your prefs are currently set to use ['pyo'] (in that order).
7.9029 	EXP 	Created window1 = Window(allowGUI=True, allowStencil=False, autoLog=True, backendConf=UNKNOWN, bitsMode=UNKNOWN, blendMode='avg', bpc=(8, 8, 8), color=array([0, 0, 0]), colorSpace='rgb', depthBits=8, fullscr=<method-wrapper '__getattribute__' of attributeSetter object at 0x0000026A155CC710>, gamma=None, gammaErrorPolicy='raise', lms=UNKNOWN, monitor=<psychopy.monitors.calibTools.Monitor object at 0x0000026A155EB9E8>, multiSample=False, name='window1', numSamples=2, pos=[0.0, 0.0], screen=0, size=array([1920, 1055]), stencilBits=0, stereo=False, units='height', useFBO=True, useRetina=False, viewOri=0.0, viewPos=None, viewScale=None, waitBlanking=True, winType='glfw')
7.9030 	EXP 	window1: mouseVisible = True
7.9030 	EXP 	window1: recordFrameIntervals = False
7.9722 	EXP 	window1: recordFrameIntervals = True
8.0488 	EXP 	window1: recordFrameIntervals = False
8.4207 	EXP 	Created Instruct = ImageStim(__class__=<class 'psychopy.visual.image.ImageStim'>, autoLog=True, color=array([1., 1., 1.]), colorSpace='rgb', contrast=1.0, depth=0.0, flipHoriz=False, flipVert=False, image='InkedInstructBfinal_LI.jpg', interpolate=True, mask=None, maskParams=None, name='Instruct', opacity=1, ori=0.0, pos=array([0., 0.]), size=array([0.8, 0.8]), texRes=128.0, units='height', win=Window(...))
8.5945 	EXP 	Created text_2 = TextStim(__class__=<class 'psychopy.visual.text.TextStim'>, alignHoriz=method-wrapper(...), alignText='center', alignVert=method-wrapper(...), anchorHoriz='center', anchorVert='center', antialias=True, autoLog=True, bold=False, color=array([1., 1., 1.]), colorSpace='rgb', contrast=1.0, depth=-2.0, flipHoriz=False, flipVert=False, font='Open Sans', fontFiles=[], height=0.04, italic=False, languageStyle='LTR', name='text_2', opacity=1, ori=0.5, pos=array([ 0.  , -0.45]), rgb=UNKNOWN, text=str(...), units='height', win=Window(...), wrapWidth=2.0)
8.5987 	EXP 	Created polygon = ShapeStim(__class__=<class 'psychopy.visual.shape.ShapeStim'>, autoDraw=False, autoLog=True, closeShape=True, color=method-wrapper(...), colorSpace='rgb', contrast=None, depth=0.0, fillColor=array([1, 1, 1]), fillColorSpace='rgb', fillRGB=array([1, 1, 1]), interpolate=True, lineColor=array([1., 1., 1.]), lineColorSpace='rgb', lineRGB=array([1, 1, 1]), lineWidth=1.0, name='polygon', opacity=1, ori=0.0, pos=array([0., 0.]), size=array([0.5, 0.5]), units='height', vertices=ndarray(...), win=Window(...), windingRule=None)
8.6059 	EXP 	Created Stim_practice = ImageStim(__class__=<class 'psychopy.visual.image.ImageStim'>, autoLog=True, color=array([1., 1., 1.]), colorSpace='rgb', contrast=1.0, depth=0.0, flipHoriz=False, flipVert=False, image='sin', interpolate=True, mask=None, maskParams=None, name='Stim_practice', opacity=1, ori=0.0, pos=array([0., 0.]), size=array([1.777, 1.   ]), texRes=128.0, units='height', win=Window(...))
8.6088 	EXP 	Created text_5 = TextStim(__class__=<class 'psychopy.visual.text.TextStim'>, alignHoriz=method-wrapper(...), alignText='center', alignVert=method-wrapper(...), anchorHoriz='center', anchorVert='center', antialias=True, autoLog=True, bold=False, color=array([1., 1., 1.]), colorSpace='rgb', contrast=1.0, depth=0.0, flipHoriz=False, flipVert=False, font='Open Sans', fontFiles=[], height=0.02, italic=False, languageStyle='LTR', name='text_5', opacity=1, ori=0.0, pos=array([0., 0.]), rgb=UNKNOWN, text='', units='height', win=Window(...), wrapWidth=1)
8.6123 	EXP 	Created polygon = ShapeStim(__class__=<class 'psychopy.visual.shape.ShapeStim'>, autoDraw=False, autoLog=True, closeShape=True, color=method-wrapper(...), colorSpace='rgb', contrast=None, depth=0.0, fillColor=array([1, 1, 1]), fillColorSpace='rgb', fillRGB=array([1, 1, 1]), interpolate=True, lineColor=array([1., 1., 1.]), lineColorSpace='rgb', lineRGB=array([1, 1, 1]), lineWidth=1.0, name='polygon', opacity=1, ori=0.0, pos=array([0., 0.]), size=array([0.5, 0.5]), units='height', vertices=ndarray(...), win=Window(...), windingRule=None)
8.6192 	EXP 	Created Stim = ImageStim(__class__=<class 'psychopy.visual.image.ImageStim'>, autoLog=True, color=array([1., 1., 1.]), colorSpace='rgb', contrast=1.0, depth=0.0, flipHoriz=False, flipVert=False, image='sin', interpolate=True, mask=None, maskParams=None, name='Stim', opacity=1, ori=0.0, pos=array([0., 0.]), size=array([1.777, 1.   ]), texRes=128.0, units='height', win=Window(...))
8.6228 	EXP 	Created polygon = ShapeStim(__class__=<class 'psychopy.visual.shape.ShapeStim'>, autoDraw=False, autoLog=True, closeShape=True, color=method-wrapper(...), colorSpace='rgb', contrast=None, depth=0.0, fillColor=array([1, 1, 1]), fillColorSpace='rgb', fillRGB=array([1, 1, 1]), interpolate=True, lineColor=array([1., 1., 1.]), lineColorSpace='rgb', lineRGB=array([1, 1, 1]), lineWidth=1.0, name='polygon', opacity=1, ori=0.0, pos=array([0., 0.]), size=array([0.5, 0.5]), units='height', vertices=ndarray(...), win=Window(...), windingRule=None)
8.6287 	EXP 	Created Stim = ImageStim(__class__=<class 'psychopy.visual.image.ImageStim'>, autoLog=True, color=array([1., 1., 1.]), colorSpace='rgb', contrast=1.0, depth=0.0, flipHoriz=False, flipVert=False, image='sin', interpolate=True, mask=None, maskParams=None, name='Stim', opacity=1, ori=0.0, pos=array([0., 0.]), size=array([1.777, 1.   ]), texRes=128.0, units='height', win=Window(...))
8.6324 	EXP 	Created polygon = ShapeStim(__class__=<class 'psychopy.visual.shape.ShapeStim'>, autoDraw=False, autoLog=True, closeShape=True, color=method-wrapper(...), colorSpace='rgb', contrast=None, depth=0.0, fillColor=array([1, 1, 1]), fillColorSpace='rgb', fillRGB=array([1, 1, 1]), interpolate=True, lineColor=array([1., 1., 1.]), lineColorSpace='rgb', lineRGB=array([1, 1, 1]), lineWidth=1.0, name='polygon', opacity=1, ori=0.0, pos=array([0., 0.]), size=array([0.5, 0.5]), units='height', vertices=ndarray(...), win=Window(...), windingRule=None)
8.6382 	EXP 	Created Stim = ImageStim(__class__=<class 'psychopy.visual.image.ImageStim'>, autoLog=True, color=array([1., 1., 1.]), colorSpace='rgb', contrast=1.0, depth=0.0, flipHoriz=False, flipVert=False, image='sin', interpolate=True, mask=None, maskParams=None, name='Stim', opacity=1, ori=0.0, pos=array([0., 0.]), size=array([1.777, 1.   ]), texRes=128.0, units='height', win=Window(...))
8.6418 	EXP 	Created polygon = ShapeStim(__class__=<class 'psychopy.visual.shape.ShapeStim'>, autoDraw=False, autoLog=True, closeShape=True, color=method-wrapper(...), colorSpace='rgb', contrast=None, depth=0.0, fillColor=array([1, 1, 1]), fillColorSpace='rgb', fillRGB=array([1, 1, 1]), interpolate=True, lineColor=array([1., 1., 1.]), lineColorSpace='rgb', lineRGB=array([1, 1, 1]), lineWidth=1.0, name='polygon', opacity=1, ori=0.0, pos=array([0., 0.]), size=array([0.5, 0.5]), units='height', vertices=ndarray(...), win=Window(...), windingRule=None)
8.6477 	EXP 	Created Stim = ImageStim(__class__=<class 'psychopy.visual.image.ImageStim'>, autoLog=True, color=array([1., 1., 1.]), colorSpace='rgb', contrast=1.0, depth=0.0, flipHoriz=False, flipVert=False, image='sin', interpolate=True, mask=None, maskParams=None, name='Stim', opacity=1, ori=0.0, pos=array([0., 0.]), size=array([1.777, 1.   ]), texRes=128.0, units='height', win=Window(...))
8.6821 	EXP 	Created text = TextStim(__class__=<class 'psychopy.visual.text.TextStim'>, alignHoriz=method-wrapper(...), alignText='center', alignVert=method-wrapper(...), anchorHoriz='center', anchorVert='center', antialias=True, autoLog=True, bold=False, color=array([1., 1., 1.]), colorSpace='rgb', contrast=1.0, depth=0.0, flipHoriz=False, flipVert=False, font='Open Sans', fontFiles=[], height=0.1, italic=False, languageStyle='LTR', name='text', opacity=1, ori=0.0, pos=array([0., 0.]), rgb=UNKNOWN, text=str(...), units='height', win=Window(...), wrapWidth=1)
8.7517 	EXP 	Instruct: autoDraw = True
8.7517 	EXP 	text_2: autoDraw = True
9.4483 	DATA 	Keypress: 2
9.4633 	EXP 	Instruct: autoDraw = False
9.4633 	EXP 	text_2: autoDraw = False
9.4633 	EXP 	polygon: autoDraw = True
9.6075 	DATA 	Keypress: 2
12.4636 	EXP 	Created sequence: sequential, trialTypes=1, nReps=100, seed=None
12.4642 	EXP 	New trial (rep=0, index=0): None
12.4768 	EXP 	Imported TMTstop-A_1_practice.xlsx as conditions, 13 conditions, 6 params
12.4772 	EXP 	Created sequence: sequential, trialTypes=13, nReps=1, seed=None
12.4776 	EXP 	New trial (rep=0, index=0): {'NumberLetter': 1, 'corrAns': ['1'], 'StimFile': 'TMTstop-A_1_practice.png', 'Correct_StimFile': 'TMTstop-A_1_practice.png', 'False_StimFile': 'TMTstop-A_1_practice.png', 'DurationTrial': 10}
12.5522 	EXP 	polygon: autoDraw = False
12.5522 	EXP 	Stim_practice: image = 'TMTstop-A_1_practice.png'
12.5522 	EXP 	Stim_practice: autoDraw = True
13.0379 	DATA 	Keypress: 1
13.0457 	EXP 	New trial (rep=0, index=1): {'NumberLetter': 2, 'corrAns': ['2'], 'StimFile': 'TMTstop-A_1_practice.png', 'Correct_StimFile': 'TMTstop-A_1_practicefirstgreen.png', 'False_StimFile': 'TMTstop-A_1_practicefirstred.png', 'DurationTrial': 10}
13.1557 	DATA 	Keypress: 2
13.1597 	EXP 	Stim_practice: autoDraw = False
13.1597 	EXP 	Stim_practice: image = 'TMTstop-A_1_practicefirstgreen.png'
13.1597 	EXP 	Stim_practice: image = 'TMTstop-A_1_practicefirstgreen.png'
13.1597 	EXP 	Stim_practice: autoDraw = True
13.2115 	DATA 	Keypress: 3
13.2740 	DATA 	Keypress: 1
13.2786 	EXP 	Stim_practice: image = 'TMTstop-A_1_practicefirstred.png'
13.3297 	DATA 	Keypress: 2
13.3338 	EXP 	Stim_practice: image = 'TMTstop-A_1_practicefirstred.png'
13.3854 	DATA 	Keypress: 1
13.3893 	EXP 	Stim_practice: image = 'TMTstop-A_1_practicefirstred.png'
13.4408 	DATA 	Keypress: 2
13.4411 	DATA 	Keypress: 3
13.4453 	EXP 	Stim_practice: image = 'TMTstop-A_1_practicefirstred.png'
13.4498 	EXP 	New trial (rep=0, index=2): {'NumberLetter': 3, 'corrAns': ['3'], 'StimFile': 'TMTstop-A_1_practicelinestimulus0.png', 'Correct_StimFile': 'TMTstop-A_1_practicegreenlinestimulus0.png', 'False_StimFile': 'TMTstop-A_1_practiceredlinestimulus0.png', 'DurationTrial': 10}
13.5793 	DATA 	Keypress: 3
13.5795 	DATA 	Keypress: 1
13.5842 	EXP 	Stim_practice: autoDraw = False
13.5842 	EXP 	Stim_practice: image = 'TMTstop-A_1_practicegreenlinestimulus0.png'
13.5842 	EXP 	Stim_practice: image = 'TMTstop-A_1_practicegreenlinestimulus0.png'
13.5842 	EXP 	Stim_practice: autoDraw = True
13.5932 	DATA 	Keypress: 2
13.6352 	DATA 	Keypress: 1
13.6950 	EXP 	Stim_practice: image = 'TMTstop-A_1_practiceredlinestimulus0.png'
13.7466 	DATA 	Keypress: 2
13.7469 	DATA 	Keypress: 3
13.7509 	EXP 	Stim_practice: image = 'TMTstop-A_1_practiceredlinestimulus0.png'
13.8020 	DATA 	Keypress: 3
13.8056 	EXP 	Stim_practice: image = 'TMTstop-A_1_practiceredlinestimulus0.png'
13.8100 	EXP 	New trial (rep=0, index=3): {'NumberLetter': 4, 'corrAns': ['1'], 'StimFile': 'TMTstop-A_1_practicelinestimulus1.png', 'Correct_StimFile': 'TMTstop-A_1_practicegreenlinestimulus1.png', 'False_StimFile': 'TMTstop-A_1_practiceredlinestimulus1.png', 'DurationTrial': 10}
13.8993 	DATA 	Keypress: 1
13.8996 	DATA 	Keypress: 2
13.9036 	EXP 	Stim_practice: autoDraw = False
13.9036 	EXP 	Stim_practice: image = 'TMTstop-A_1_practicegreenlinestimulus1.png'
13.9036 	EXP 	Stim_practice: image = 'TMTstop-A_1_practicegreenlinestimulus1.png'
13.9036 	EXP 	Stim_practice: autoDraw = True
13.9199 	EXP 	New trial (rep=0, index=4): {'NumberLetter': 5, 'corrAns': ['2'], 'StimFile': 'TMTstop-A_1_practicelinestimulus2.png', 'Correct_StimFile': 'TMTstop-A_1_practicegreenlinestimulus2.png', 'False_StimFile': 'TMTstop-A_1_practiceredlinestimulus2.png', 'DurationTrial': 10}
14.0033 	DATA 	Keypress: 1
14.0037 	DATA 	Keypress: 3
14.0039 	DATA 	Keypress: 2
14.0076 	EXP 	Stim_practice: autoDraw = False
14.0076 	EXP 	Stim_practice: image = 'TMTstop-A_1_practicegreenlinestimulus2.png'
14.0076 	EXP 	Stim_practice: image = 'TMTstop-A_1_practicegreenlinestimulus2.png'
14.0076 	EXP 	Stim_practice: autoDraw = True
14.1143 	DATA 	Keypress: 3
14.1701 	DATA 	Keypress: 1
14.1704 	DATA 	Keypress: 2
14.1740 	EXP 	Stim_practice: image = 'TMTstop-A_1_practiceredlinestimulus2.png'
14.2255 	DATA 	Keypress: 1
14.2295 	EXP 	Stim_practice: image = 'TMTstop-A_1_practiceredlinestimulus2.png'
14.2812 	DATA 	Keypress: 3
14.2853 	EXP 	Stim_practice: image = 'TMTstop-A_1_practiceredlinestimulus2.png'
14.2899 	EXP 	New trial (rep=0, index=5): {'NumberLetter': 6, 'corrAns': ['3'], 'StimFile': 'TMTstop-A_1_practicelinestimulus3.png', 'Correct_StimFile': 'TMTstop-A_1_practicegreenlinestimulus3.png', 'False_StimFile': 'TMTstop-A_1_practiceredlinestimulus3.png', 'DurationTrial': 10}
14.3782 	DATA 	Keypress: 2
14.3785 	DATA 	Keypress: 3
14.3824 	EXP 	Stim_practice: autoDraw = False
14.3824 	EXP 	Stim_practice: image = 'TMTstop-A_1_practicegreenlinestimulus3.png'
14.3824 	EXP 	Stim_practice: image = 'TMTstop-A_1_practicegreenlinestimulus3.png'
14.3824 	EXP 	Stim_practice: autoDraw = True
14.4129 	DATA 	Keypress: 1
14.4684 	DATA 	Keypress: 2
14.5244 	DATA 	Keypress: 1
14.5833 	EXP 	Stim_practice: image = 'TMTstop-A_1_practiceredlinestimulus3.png'
14.6354 	DATA 	Keypress: 3
14.6356 	DATA 	Keypress: 2
14.6392 	EXP 	Stim_practice: image = 'TMTstop-A_1_practiceredlinestimulus3.png'
14.6874 	EXP 	Stim_practice: image = 'TMTstop-A_1_practiceredlinestimulus3.png'
14.7393 	DATA 	Keypress: 3
14.7430 	EXP 	Stim_practice: image = 'TMTstop-A_1_practiceredlinestimulus3.png'
14.7473 	EXP 	New trial (rep=0, index=6): {'NumberLetter': 7, 'corrAns': ['1'], 'StimFile': 'TMTstop-A_1_practicelinestimulus4.png', 'Correct_StimFile': 'TMTstop-A_1_practicegreenlinestimulus4.png', 'False_StimFile': 'TMTstop-A_1_practiceredlinestimulus4.png', 'DurationTrial': 10}
14.8436 	DATA 	Keypress: 1
14.8439 	DATA 	Keypress: 2
14.8490 	EXP 	Stim_practice: autoDraw = False
14.8490 	EXP 	Stim_practice: image = 'TMTstop-A_1_practicegreenlinestimulus4.png'
14.8490 	EXP 	Stim_practice: image = 'TMTstop-A_1_practicegreenlinestimulus4.png'
14.8490 	EXP 	Stim_practice: autoDraw = True
14.8573 	DATA 	Keypress: 1
14.9336 	DATA 	Keypress: 2
14.9894 	DATA 	Keypress: 3
14.9945 	EXP 	Stim_practice: image = 'TMTstop-A_1_practiceredlinestimulus4.png'
15.0488 	EXP 	Stim_practice: image = 'TMTstop-A_1_practiceredlinestimulus4.png'
15.1004 	DATA 	Keypress: 3
15.1008 	DATA 	Keypress: 1
15.1042 	EXP 	Stim_practice: image = 'TMTstop-A_1_practiceredlinestimulus4.png'
15.1562 	DATA 	Keypress: 2
15.1598 	EXP 	Stim_practice: image = 'TMTstop-A_1_practiceredlinestimulus4.png'
15.2116 	DATA 	Keypress: 1
15.2159 	EXP 	Stim_practice: image = 'TMTstop-A_1_practiceredlinestimulus4.png'
15.2208 	EXP 	New trial (rep=0, index=7): {'NumberLetter': 8, 'corrAns': ['3'], 'StimFile': 'TMTstop-A_1_practicelinestimulus5.png', 'Correct_StimFile': 'TMTstop-A_1_practicegreenlinestimulus5.png', 'False_StimFile': 'TMTstop-A_1_practiceredlinestimulus5.png', 'DurationTrial': 10}
15.3298 	DATA 	Keypress: 3
15.3300 	DATA 	Keypress: 2
15.3339 	EXP 	Stim_practice: autoDraw = False
15.3339 	EXP 	Stim_practice: image = 'TMTstop-A_1_practicegreenlinestimulus5.png'
15.3339 	EXP 	Stim_practice: image = 'TMTstop-A_1_practicegreenlinestimulus5.png'
15.3339 	EXP 	Stim_practice: autoDraw = True
15.4197 	DATA 	Keypress: 3
15.4266 	EXP 	New trial (rep=0, index=8): {'NumberLetter': 9, 'corrAns': ['2'], 'StimFile': 'TMTstop-A_1_practicelinestimulus6.png', 'Correct_StimFile': 'TMTstop-A_1_practicegreenlinestimulus6.png', 'False_StimFile': 'TMTstop-A_1_practiceredlinestimulus6.png', 'DurationTrial': 10}
15.5172 	DATA 	Keypress: 1
15.5174 	DATA 	Keypress: 2
15.5212 	EXP 	Stim_practice: autoDraw = False
15.5212 	EXP 	Stim_practice: image = 'TMTstop-A_1_practicegreenlinestimulus6.png'
15.5212 	EXP 	Stim_practice: image = 'TMTstop-A_1_practicegreenlinestimulus6.png'
15.5212 	EXP 	Stim_practice: autoDraw = True
15.5867 	DATA 	Keypress: 1
15.5902 	EXP 	Stim_practice: image = 'TMTstop-A_1_practiceredlinestimulus6.png'
15.6353 	DATA 	Keypress: 3
15.6355 	DATA 	Keypress: 2
15.6390 	EXP 	Stim_practice: image = 'TMTstop-A_1_practiceredlinestimulus6.png'
15.6438 	EXP 	New trial (rep=0, index=9): {'NumberLetter': 10, 'corrAns': ['3'], 'StimFile': 'TMTstop-A_1_practicelinestimulus7.png', 'Correct_StimFile': 'TMTstop-A_1_practicegreenlinestimulus7.png', 'False_StimFile': 'TMTstop-A_1_practiceredlinestimulus7.png', 'DurationTrial': 10}
15.7362 	EXP 	Stim_practice: autoDraw = False
15.7362 	EXP 	Stim_practice: image = 'TMTstop-A_1_practicegreenlinestimulus7.png'
15.7362 	EXP 	Stim_practice: image = 'TMTstop-A_1_practicegreenlinestimulus7.png'
15.7362 	EXP 	Stim_practice: autoDraw = True
15.7549 	EXP 	New trial (rep=0, index=10): {'NumberLetter': 11, 'corrAns': ['1'], 'StimFile': 'TMTstop-A_1_practicelinestimulus8.png', 'Correct_StimFile': 'TMTstop-A_1_practicegreenlinestimulus8.png', 'False_StimFile': 'TMTstop-A_1_practiceredlinestimulus8.png', 'DurationTrial': 10}
15.8435 	DATA 	Keypress: 3
15.8438 	DATA 	Keypress: 1
15.8488 	EXP 	Stim_practice: autoDraw = False
15.8488 	EXP 	Stim_practice: image = 'TMTstop-A_1_practicegreenlinestimulus8.png'
15.8488 	EXP 	Stim_practice: image = 'TMTstop-A_1_practicegreenlinestimulus8.png'
15.8488 	EXP 	Stim_practice: autoDraw = True
15.8572 	DATA 	Keypress: 2
15.9152 	EXP 	New trial (rep=0, index=11): {'NumberLetter': 12, 'corrAns': ['2'], 'StimFile': 'TMTstop-A_1_practicelinestimulus9.png', 'Correct_StimFile': 'TMTstop-A_1_practicegreenlinestimulus9.png', 'False_StimFile': 'TMTstop-A_1_practiceredlinestimulus9.png', 'DurationTrial': 10}
15.9964 	DATA 	Keypress: 1
15.9967 	DATA 	Keypress: 3
16.0011 	EXP 	Stim_practice: autoDraw = False
16.0011 	EXP 	Stim_practice: image = 'TMTstop-A_1_practicegreenlinestimulus9.png'
16.0011 	EXP 	Stim_practice: image = 'TMTstop-A_1_practicegreenlinestimulus9.png'
16.0011 	EXP 	Stim_practice: autoDraw = True
16.1290 	DATA 	Keypress: 1
16.4612 	EXP 	New trial (rep=0, index=12): {'NumberLetter': None, 'corrAns': None, 'StimFile': 'TMTstop-A_1_practicelinestimulus10.png', 'Correct_StimFile': 'TMTstop-A_1_practicegreenlinestimulus10.png', 'False_StimFile': 'TMTstop-A_1_practiceredlinestimulus10.png', 'DurationTrial': None}
16.5518 	DATA 	Keypress: 2
16.5569 	EXP 	Stim_practice: autoDraw = False
16.5569 	EXP 	Stim_practice: image = 'TMTstop-A_1_practicegreenlinestimulus10.png'
16.5569 	EXP 	Stim_practice: image = 'TMTstop-A_1_practicegreenlinestimulus10.png'
16.5569 	EXP 	Stim_practice: autoDraw = True
16.6490 	DATA 	Keypress: 2
17.6089 	EXP 	Stim_practice: autoDraw = False
17.6089 	EXP 	text_5: text = 'You have finished the practice. If you understood the task correctly please read on, otherwise ask the experiment leader or press X to restart the practice.\n\nFrom here on there will be 25 trails instead of 12. If you finish all trails you will get 25 new trails and start from 1. The experiments will end automatically after three minutes. \n\nPress 1, 2 or 3  to start the experiment.\n\n\n\n'
17.6089 	EXP 	text_5: autoDraw = True
18.8370 	DATA 	Keypress: 3
19.0657 	DATA 	Keypress: 3
19.8850 	DATA 	Keypress: 2
20.1072 	DATA 	Keypress: 2
20.5240 	DATA 	Keypress: 3
20.7600 	DATA 	Keypress: 3
21.1627 	DATA 	Keypress: 2
21.3572 	DATA 	Keypress: 2
21.6487 	DATA 	Keypress: 1
21.6508 	EXP 	text_5: autoDraw = False
21.6508 	EXP 	polygon: autoDraw = True
21.8017 	DATA 	Keypress: 1
22.2878 	DATA 	Keypress: esc
22.4268 	DATA 	Keypress: esc
22.4639 	EXP 	window1: mouseVisible = True
