1.5839 	WARNING 	We strongly recommend you activate the PTB sound engine in PsychoPy prefs as the preferred audio engine. Its timing is vastly superior. Your prefs are currently set to use ['pyo'] (in that order).
5.1747 	EXP 	Created window1 = Window(allowGUI=True, allowStencil=False, autoLog=True, backendConf=UNKNOWN, bitsMode=UNKNOWN, blendMode='avg', bpc=(8, 8, 8), color=array([0, 0, 0]), colorSpace='rgb', depthBits=8, fullscr=<method-wrapper '__getattribute__' of attributeSetter object at 0x000002E90221C710>, gamma=None, gammaErrorPolicy='raise', lms=UNKNOWN, monitor=<psychopy.monitors.calibTools.Monitor object at 0x000002E9021BE9E8>, multiSample=False, name='window1', numSamples=2, pos=[0.0, 0.0], screen=0, size=array([1920, 1055]), stencilBits=0, stereo=False, units='height', useFBO=True, useRetina=False, viewOri=0.0, viewPos=None, viewScale=None, waitBlanking=True, winType='glfw')
5.1748 	EXP 	window1: mouseVisible = True
5.1748 	EXP 	window1: recordFrameIntervals = False
5.2433 	EXP 	window1: recordFrameIntervals = True
5.3198 	EXP 	window1: recordFrameIntervals = False
5.6006 	EXP 	Created Instruct = ImageStim(__class__=<class 'psychopy.visual.image.ImageStim'>, autoLog=True, color=array([1., 1., 1.]), colorSpace='rgb', contrast=1.0, depth=0.0, flipHoriz=False, flipVert=False, image='InkedInstructBfinal_LI.jpg', interpolate=True, mask=None, maskParams=None, name='Instruct', opacity=1, ori=0.0, pos=array([0., 0.]), size=array([0.8, 0.8]), texRes=128.0, units='height', win=Window(...))
5.7061 	EXP 	Created text_2 = TextStim(__class__=<class 'psychopy.visual.text.TextStim'>, alignHoriz=method-wrapper(...), alignText='center', alignVert=method-wrapper(...), anchorHoriz='center', anchorVert='center', antialias=True, autoLog=True, bold=False, color=array([1., 1., 1.]), colorSpace='rgb', contrast=1.0, depth=-2.0, flipHoriz=False, flipVert=False, font='Open Sans', fontFiles=[], height=0.04, italic=False, languageStyle='LTR', name='text_2', opacity=1, ori=0.5, pos=array([ 0.  , -0.45]), rgb=UNKNOWN, text=str(...), units='height', win=Window(...), wrapWidth=2.0)
5.7085 	EXP 	Created polygon = ShapeStim(__class__=<class 'psychopy.visual.shape.ShapeStim'>, autoDraw=False, autoLog=True, closeShape=True, color=method-wrapper(...), colorSpace='rgb', contrast=None, depth=0.0, fillColor=array([1, 1, 1]), fillColorSpace='rgb', fillRGB=array([1, 1, 1]), interpolate=True, lineColor=array([1., 1., 1.]), lineColorSpace='rgb', lineRGB=array([1, 1, 1]), lineWidth=1.0, name='polygon', opacity=1, ori=0.0, pos=array([0., 0.]), size=array([0.5, 0.5]), units='height', vertices=ndarray(...), win=Window(...), windingRule=None)
5.7114 	EXP 	Created Stim_practice = ImageStim(__class__=<class 'psychopy.visual.image.ImageStim'>, autoLog=True, color=array([1., 1., 1.]), colorSpace='rgb', contrast=1.0, depth=0.0, flipHoriz=False, flipVert=False, image='sin', interpolate=True, mask=None, maskParams=None, name='Stim_practice', opacity=1, ori=0.0, pos=array([0., 0.]), size=array([1.777, 1.   ]), texRes=128.0, units='height', win=Window(...))
5.7621 	EXP 	Created text_5 = TextStim(__class__=<class 'psychopy.visual.text.TextStim'>, alignHoriz=method-wrapper(...), alignText='center', alignVert=method-wrapper(...), anchorHoriz='center', anchorVert='center', antialias=True, autoLog=True, bold=False, color=array([1., 1., 1.]), colorSpace='rgb', contrast=1.0, depth=0.0, flipHoriz=False, flipVert=False, font='Open Sans', fontFiles=[], height=0.1, italic=False, languageStyle='LTR', name='text_5', opacity=1, ori=0.0, pos=array([0., 0.]), rgb=UNKNOWN, text=str(...), units='height', win=Window(...), wrapWidth=1)
5.7639 	EXP 	Created polygon = ShapeStim(__class__=<class 'psychopy.visual.shape.ShapeStim'>, autoDraw=False, autoLog=True, closeShape=True, color=method-wrapper(...), colorSpace='rgb', contrast=None, depth=0.0, fillColor=array([1, 1, 1]), fillColorSpace='rgb', fillRGB=array([1, 1, 1]), interpolate=True, lineColor=array([1., 1., 1.]), lineColorSpace='rgb', lineRGB=array([1, 1, 1]), lineWidth=1.0, name='polygon', opacity=1, ori=0.0, pos=array([0., 0.]), size=array([0.5, 0.5]), units='height', vertices=ndarray(...), win=Window(...), windingRule=None)
5.7663 	EXP 	Created Stim = ImageStim(__class__=<class 'psychopy.visual.image.ImageStim'>, autoLog=True, color=array([1., 1., 1.]), colorSpace='rgb', contrast=1.0, depth=0.0, flipHoriz=False, flipVert=False, image='sin', interpolate=True, mask=None, maskParams=None, name='Stim', opacity=1, ori=0.0, pos=array([0., 0.]), size=array([1.777, 1.   ]), texRes=128.0, units='height', win=Window(...))
5.7680 	EXP 	Created polygon = ShapeStim(__class__=<class 'psychopy.visual.shape.ShapeStim'>, autoDraw=False, autoLog=True, closeShape=True, color=method-wrapper(...), colorSpace='rgb', contrast=None, depth=0.0, fillColor=array([1, 1, 1]), fillColorSpace='rgb', fillRGB=array([1, 1, 1]), interpolate=True, lineColor=array([1., 1., 1.]), lineColorSpace='rgb', lineRGB=array([1, 1, 1]), lineWidth=1.0, name='polygon', opacity=1, ori=0.0, pos=array([0., 0.]), size=array([0.5, 0.5]), units='height', vertices=ndarray(...), win=Window(...), windingRule=None)
5.7717 	EXP 	Created Stim = ImageStim(__class__=<class 'psychopy.visual.image.ImageStim'>, autoLog=True, color=array([1., 1., 1.]), colorSpace='rgb', contrast=1.0, depth=0.0, flipHoriz=False, flipVert=False, image='sin', interpolate=True, mask=None, maskParams=None, name='Stim', opacity=1, ori=0.0, pos=array([0., 0.]), size=array([1.777, 1.   ]), texRes=128.0, units='height', win=Window(...))
5.7735 	EXP 	Created polygon = ShapeStim(__class__=<class 'psychopy.visual.shape.ShapeStim'>, autoDraw=False, autoLog=True, closeShape=True, color=method-wrapper(...), colorSpace='rgb', contrast=None, depth=0.0, fillColor=array([1, 1, 1]), fillColorSpace='rgb', fillRGB=array([1, 1, 1]), interpolate=True, lineColor=array([1., 1., 1.]), lineColorSpace='rgb', lineRGB=array([1, 1, 1]), lineWidth=1.0, name='polygon', opacity=1, ori=0.0, pos=array([0., 0.]), size=array([0.5, 0.5]), units='height', vertices=ndarray(...), win=Window(...), windingRule=None)
5.7764 	EXP 	Created Stim = ImageStim(__class__=<class 'psychopy.visual.image.ImageStim'>, autoLog=True, color=array([1., 1., 1.]), colorSpace='rgb', contrast=1.0, depth=0.0, flipHoriz=False, flipVert=False, image='sin', interpolate=True, mask=None, maskParams=None, name='Stim', opacity=1, ori=0.0, pos=array([0., 0.]), size=array([1.777, 1.   ]), texRes=128.0, units='height', win=Window(...))
5.7784 	EXP 	Created polygon = ShapeStim(__class__=<class 'psychopy.visual.shape.ShapeStim'>, autoDraw=False, autoLog=True, closeShape=True, color=method-wrapper(...), colorSpace='rgb', contrast=None, depth=0.0, fillColor=array([1, 1, 1]), fillColorSpace='rgb', fillRGB=array([1, 1, 1]), interpolate=True, lineColor=array([1., 1., 1.]), lineColorSpace='rgb', lineRGB=array([1, 1, 1]), lineWidth=1.0, name='polygon', opacity=1, ori=0.0, pos=array([0., 0.]), size=array([0.5, 0.5]), units='height', vertices=ndarray(...), win=Window(...), windingRule=None)
5.7813 	EXP 	Created Stim = ImageStim(__class__=<class 'psychopy.visual.image.ImageStim'>, autoLog=True, color=array([1., 1., 1.]), colorSpace='rgb', contrast=1.0, depth=0.0, flipHoriz=False, flipVert=False, image='sin', interpolate=True, mask=None, maskParams=None, name='Stim', opacity=1, ori=0.0, pos=array([0., 0.]), size=array([1.777, 1.   ]), texRes=128.0, units='height', win=Window(...))
5.7900 	EXP 	Created text = TextStim(__class__=<class 'psychopy.visual.text.TextStim'>, alignHoriz=method-wrapper(...), alignText='center', alignVert=method-wrapper(...), anchorHoriz='center', anchorVert='center', antialias=True, autoLog=True, bold=False, color=array([1., 1., 1.]), colorSpace='rgb', contrast=1.0, depth=0.0, flipHoriz=False, flipVert=False, font='Open Sans', fontFiles=[], height=0.1, italic=False, languageStyle='LTR', name='text', opacity=1, ori=0.0, pos=array([0., 0.]), rgb=UNKNOWN, text=str(...), units='height', win=Window(...), wrapWidth=1)
5.8415 	EXP 	Instruct: autoDraw = True
5.8415 	EXP 	text_2: autoDraw = True
6.5047 	DATA 	Keypress: 1
6.5200 	EXP 	Instruct: autoDraw = False
6.5200 	EXP 	text_2: autoDraw = False
6.5200 	EXP 	polygon: autoDraw = True
6.6375 	DATA 	Keypress: 1
9.5151 	EXP 	Created sequence: sequential, trialTypes=1, nReps=5, seed=None
9.5153 	EXP 	New trial (rep=0, index=0): None
9.5228 	EXP 	Imported TMTstop-A_1_practice.xlsx as conditions, 13 conditions, 6 params
9.5230 	EXP 	Created sequence: sequential, trialTypes=13, nReps=1, seed=None
9.5232 	EXP 	New trial (rep=0, index=0): {'NumberLetter': 1, 'corrAns': ['1'], 'StimFile': 'TMTstop-A_1_practice.png', 'Correct_StimFile': 'TMTstop-A_1_practice.png', 'False_StimFile': 'TMTstop-A_1_practice.png', 'DurationTrial': 10}
9.5704 	EXP 	polygon: autoDraw = False
9.5704 	EXP 	Stim_practice: image = 'TMTstop-A_1_practice.png'
9.5704 	EXP 	Stim_practice: autoDraw = True
10.0600 	EXP 	New trial (rep=0, index=1): {'NumberLetter': 2, 'corrAns': ['2'], 'StimFile': 'TMTstop-A_1_practice.png', 'Correct_StimFile': 'TMTstop-A_1_practicefirstgreen.png', 'False_StimFile': 'TMTstop-A_1_practicefirstred.png', 'DurationTrial': 10}
10.1291 	DATA 	Keypress: 1
10.1330 	EXP 	Stim_practice: autoDraw = False
10.1330 	EXP 	Stim_practice: image = 'TMTstop-A_1_practicefirstgreen.png'
10.1330 	EXP 	Stim_practice: image = 'TMTstop-A_1_practicefirstgreen.png'
10.1330 	EXP 	Stim_practice: autoDraw = True
10.2545 	DATA 	Keypress: 1
10.2956 	EXP 	New trial (rep=0, index=2): {'NumberLetter': 3, 'corrAns': ['3'], 'StimFile': 'TMTstop-A_1_practicelinestimulus0.png', 'Correct_StimFile': 'TMTstop-A_1_practicegreenlinestimulus0.png', 'False_StimFile': 'TMTstop-A_1_practiceredlinestimulus0.png', 'DurationTrial': 10}
10.3585 	DATA 	Keypress: 2
10.3624 	EXP 	Stim_practice: autoDraw = False
10.3624 	EXP 	Stim_practice: image = 'TMTstop-A_1_practicegreenlinestimulus0.png'
10.3624 	EXP 	Stim_practice: image = 'TMTstop-A_1_practicegreenlinestimulus0.png'
10.3624 	EXP 	Stim_practice: autoDraw = True
10.4491 	EXP 	New trial (rep=0, index=3): {'NumberLetter': 4, 'corrAns': ['1'], 'StimFile': 'TMTstop-A_1_practicelinestimulus1.png', 'Correct_StimFile': 'TMTstop-A_1_practicegreenlinestimulus1.png', 'False_StimFile': 'TMTstop-A_1_practiceredlinestimulus1.png', 'DurationTrial': 10}
10.5114 	DATA 	Keypress: 3
10.5115 	DATA 	Keypress: 2
10.5153 	EXP 	Stim_practice: autoDraw = False
10.5153 	EXP 	Stim_practice: image = 'TMTstop-A_1_practicegreenlinestimulus1.png'
10.5153 	EXP 	Stim_practice: image = 'TMTstop-A_1_practicegreenlinestimulus1.png'
10.5153 	EXP 	Stim_practice: autoDraw = True
10.6500 	DATA 	Keypress: 1
10.6571 	EXP 	New trial (rep=0, index=4): {'NumberLetter': 5, 'corrAns': ['2'], 'StimFile': 'TMTstop-A_1_practicelinestimulus2.png', 'Correct_StimFile': 'TMTstop-A_1_practicegreenlinestimulus2.png', 'False_StimFile': 'TMTstop-A_1_practiceredlinestimulus2.png', 'DurationTrial': 10}
10.7198 	DATA 	Keypress: 3
10.7236 	EXP 	Stim_practice: autoDraw = False
10.7236 	EXP 	Stim_practice: image = 'TMTstop-A_1_practicegreenlinestimulus2.png'
10.7236 	EXP 	Stim_practice: image = 'TMTstop-A_1_practicegreenlinestimulus2.png'
10.7236 	EXP 	Stim_practice: autoDraw = True
10.7613 	DATA 	Keypress: 2
10.7682 	EXP 	New trial (rep=0, index=5): {'NumberLetter': 6, 'corrAns': ['3'], 'StimFile': 'TMTstop-A_1_practicelinestimulus3.png', 'Correct_StimFile': 'TMTstop-A_1_practicegreenlinestimulus3.png', 'False_StimFile': 'TMTstop-A_1_practiceredlinestimulus3.png', 'DurationTrial': 10}
10.8347 	EXP 	Stim_practice: autoDraw = False
10.8347 	EXP 	Stim_practice: image = 'TMTstop-A_1_practicegreenlinestimulus3.png'
10.8347 	EXP 	Stim_practice: image = 'TMTstop-A_1_practicegreenlinestimulus3.png'
10.8347 	EXP 	Stim_practice: autoDraw = True
10.8522 	EXP 	New trial (rep=0, index=6): {'NumberLetter': 7, 'corrAns': ['1'], 'StimFile': 'TMTstop-A_1_practicelinestimulus4.png', 'Correct_StimFile': 'TMTstop-A_1_practicegreenlinestimulus4.png', 'False_StimFile': 'TMTstop-A_1_practiceredlinestimulus4.png', 'DurationTrial': 10}
10.9143 	DATA 	Keypress: 3
10.9145 	DATA 	Keypress: 1
10.9184 	EXP 	Stim_practice: autoDraw = False
10.9184 	EXP 	Stim_practice: image = 'TMTstop-A_1_practicegreenlinestimulus4.png'
10.9184 	EXP 	Stim_practice: image = 'TMTstop-A_1_practicegreenlinestimulus4.png'
10.9184 	EXP 	Stim_practice: autoDraw = True
10.9420 	DATA 	Keypress: 2
11.0043 	EXP 	New trial (rep=0, index=7): {'NumberLetter': 8, 'corrAns': ['3'], 'StimFile': 'TMTstop-A_1_practicelinestimulus5.png', 'Correct_StimFile': 'TMTstop-A_1_practicegreenlinestimulus5.png', 'False_StimFile': 'TMTstop-A_1_practiceredlinestimulus5.png', 'DurationTrial': 10}
11.0669 	DATA 	Keypress: 1
11.0670 	DATA 	Keypress: 3
11.0708 	EXP 	Stim_practice: autoDraw = False
11.0708 	EXP 	Stim_practice: image = 'TMTstop-A_1_practicegreenlinestimulus5.png'
11.0708 	EXP 	Stim_practice: image = 'TMTstop-A_1_practicegreenlinestimulus5.png'
11.0708 	EXP 	Stim_practice: autoDraw = True
11.0946 	DATA 	Keypress: 2
11.1397 	EXP 	Stim_practice: image = 'TMTstop-A_1_practiceredlinestimulus5.png'
11.1815 	EXP 	Stim_practice: image = 'TMTstop-A_1_practiceredlinestimulus5.png'
11.2196 	DATA 	Keypress: 3
11.2232 	EXP 	Stim_practice: image = 'TMTstop-A_1_practiceredlinestimulus5.png'
11.2268 	EXP 	New trial (rep=0, index=8): {'NumberLetter': 9, 'corrAns': ['2'], 'StimFile': 'TMTstop-A_1_practicelinestimulus6.png', 'Correct_StimFile': 'TMTstop-A_1_practicegreenlinestimulus6.png', 'False_StimFile': 'TMTstop-A_1_practiceredlinestimulus6.png', 'DurationTrial': 10}
11.2956 	DATA 	Keypress: 1
11.2957 	DATA 	Keypress: 2
11.2995 	EXP 	Stim_practice: autoDraw = False
11.2995 	EXP 	Stim_practice: image = 'TMTstop-A_1_practicegreenlinestimulus6.png'
11.2995 	EXP 	Stim_practice: image = 'TMTstop-A_1_practicegreenlinestimulus6.png'
11.2995 	EXP 	Stim_practice: autoDraw = True
11.3795 	DATA 	Keypress: 1
11.3831 	EXP 	Stim_practice: image = 'TMTstop-A_1_practiceredlinestimulus6.png'
11.4212 	DATA 	Keypress: 3
11.4249 	EXP 	Stim_practice: image = 'TMTstop-A_1_practiceredlinestimulus6.png'
11.4288 	EXP 	New trial (rep=0, index=9): {'NumberLetter': 10, 'corrAns': ['3'], 'StimFile': 'TMTstop-A_1_practicelinestimulus7.png', 'Correct_StimFile': 'TMTstop-A_1_practicegreenlinestimulus7.png', 'False_StimFile': 'TMTstop-A_1_practiceredlinestimulus7.png', 'DurationTrial': 10}
11.4905 	DATA 	Keypress: 2
11.4944 	EXP 	Stim_practice: autoDraw = False
11.4944 	EXP 	Stim_practice: image = 'TMTstop-A_1_practicegreenlinestimulus7.png'
11.4944 	EXP 	Stim_practice: image = 'TMTstop-A_1_practicegreenlinestimulus7.png'
11.4944 	EXP 	Stim_practice: autoDraw = True
11.5600 	DATA 	Keypress: 3
11.5671 	EXP 	New trial (rep=0, index=10): {'NumberLetter': 11, 'corrAns': ['1'], 'StimFile': 'TMTstop-A_1_practicelinestimulus8.png', 'Correct_StimFile': 'TMTstop-A_1_practicegreenlinestimulus8.png', 'False_StimFile': 'TMTstop-A_1_practiceredlinestimulus8.png', 'DurationTrial': 10}
11.6295 	DATA 	Keypress: 1
11.6334 	EXP 	Stim_practice: autoDraw = False
11.6334 	EXP 	Stim_practice: image = 'TMTstop-A_1_practicegreenlinestimulus8.png'
11.6334 	EXP 	Stim_practice: image = 'TMTstop-A_1_practicegreenlinestimulus8.png'
11.6334 	EXP 	Stim_practice: autoDraw = True
11.6726 	DATA 	Keypress: 2
11.8170 	DATA 	Keypress: 3
12.1638 	DATA 	Keypress: 2
12.2095 	EXP 	Stim_practice: image = 'TMTstop-A_1_practiceredlinestimulus8.png'
12.2510 	EXP 	Stim_practice: image = 'TMTstop-A_1_practiceredlinestimulus8.png'
12.2928 	EXP 	Stim_practice: image = 'TMTstop-A_1_practiceredlinestimulus8.png'
12.3343 	EXP 	Stim_practice: image = 'TMTstop-A_1_practiceredlinestimulus8.png'
12.3727 	DATA 	Keypress: 2
12.3761 	EXP 	Stim_practice: image = 'TMTstop-A_1_practiceredlinestimulus8.png'
12.4175 	EXP 	Stim_practice: image = 'TMTstop-A_1_practiceredlinestimulus8.png'
12.4592 	EXP 	Stim_practice: image = 'TMTstop-A_1_practiceredlinestimulus8.png'
12.4971 	DATA 	Keypress: 1
12.5009 	EXP 	Stim_practice: image = 'TMTstop-A_1_practiceredlinestimulus8.png'
12.5056 	EXP 	New trial (rep=0, index=11): {'NumberLetter': 12, 'corrAns': ['2'], 'StimFile': 'TMTstop-A_1_practicelinestimulus9.png', 'Correct_StimFile': 'TMTstop-A_1_practicegreenlinestimulus9.png', 'False_StimFile': 'TMTstop-A_1_practiceredlinestimulus9.png', 'DurationTrial': 10}
12.5708 	EXP 	Stim_practice: autoDraw = False
12.5708 	EXP 	Stim_practice: image = 'TMTstop-A_1_practicegreenlinestimulus9.png'
12.5708 	EXP 	Stim_practice: image = 'TMTstop-A_1_practicegreenlinestimulus9.png'
12.5708 	EXP 	Stim_practice: autoDraw = True
12.6916 	DATA 	Keypress: 1
12.9349 	DATA 	Keypress: 2
12.9428 	EXP 	New trial (rep=0, index=12): {'NumberLetter': None, 'corrAns': None, 'StimFile': 'TMTstop-A_1_practicelinestimulus10.png', 'Correct_StimFile': 'TMTstop-A_1_practicegreenlinestimulus10.png', 'False_StimFile': 'TMTstop-A_1_practiceredlinestimulus10.png', 'DurationTrial': None}
13.0083 	EXP 	Stim_practice: autoDraw = False
13.0083 	EXP 	Stim_practice: image = 'TMTstop-A_1_practicegreenlinestimulus10.png'
13.0083 	EXP 	Stim_practice: image = 'TMTstop-A_1_practicegreenlinestimulus10.png'
13.0083 	EXP 	Stim_practice: autoDraw = True
13.1364 	DATA 	Keypress: 2
14.0201 	EXP 	Stim_practice: autoDraw = False
14.0201 	EXP 	text_5: autoDraw = True
17.5182 	DATA 	Keypress: 1
17.7058 	DATA 	Keypress: 1
19.8098 	DATA 	Keypress: 3
20.0182 	DATA 	Keypress: 3
20.7473 	DATA 	Keypress: 2
20.9209 	DATA 	Keypress: 2
22.1496 	DATA 	Keypress: x
22.3862 	DATA 	Keypress: x
25.6778 	DATA 	Keypress: x
25.9417 	DATA 	Keypress: x
26.6569 	DATA 	Keypress: 2
26.8930 	DATA 	Keypress: 2
27.2333 	DATA 	Keypress: 3
27.4282 	DATA 	Keypress: 3
27.6639 	DATA 	Keypress: 1
27.8791 	DATA 	Keypress: 1
28.0744 	DATA 	Keypress: 2
28.3026 	DATA 	Keypress: 2
29.2333 	DATA 	Keypress: x
29.4763 	DATA 	Keypress: x
33.4067 	DATA 	Keypress: esc
33.6248 	EXP 	window1: mouseVisible = True
