1.7572 	WARNING 	We strongly recommend you activate the PTB sound engine in PsychoPy prefs as the preferred audio engine. Its timing is vastly superior. Your prefs are currently set to use ['pyo'] (in that order).
5.5444 	WARNING 	User requested fullscreen with size [2560 1440], but screen is actually [1920, 1080]. Using actual size
6.2685 	EXP 	Created window1 = Window(allowGUI=True, allowStencil=False, autoLog=True, backendConf=UNKNOWN, bitsMode=UNKNOWN, blendMode='avg', bpc=(8, 8, 8), color=array([1, 1, 1]), colorSpace='rgb', depthBits=8, fullscr=<method-wrapper '__getattribute__' of attributeSetter object at 0x000002B11EA5BD30>, gamma=None, gammaErrorPolicy='raise', lms=UNKNOWN, monitor=<psychopy.monitors.calibTools.Monitor object at 0x000002B1247E0190>, multiSample=False, name='window1', numSamples=2, pos=(-16, 1080), screen=0, size=array([1920, 1080]), stencilBits=0, stereo=False, units='height', useFBO=True, useRetina=False, viewOri=0.0, viewPos=None, viewScale=None, waitBlanking=True, winType='pyglet')
6.2687 	EXP 	window1: mouseVisible = True
6.2688 	EXP 	window1: mouseVisible = False
6.2688 	EXP 	window1: Attempting to measure frame rate of screen (0) ...
6.2688 	EXP 	window1: recordFrameIntervals = False
6.4347 	EXP 	window1: recordFrameIntervals = True
6.6184 	EXP 	Screen (0) actual frame rate measured at 59.99Hz
6.6184 	EXP 	window1: recordFrameIntervals = False
8.0891 	EXP 	Created image_2 = ImageStim(__class__=<class 'psychopy.visual.image.ImageStim'>, anchor=('center', 'center'), autoLog=True, color=array([1, 1, 1]), colorSpace='rgb', contrast=1.0, depth=0.0, flipHoriz=False, flipVert=False, image='Instructions_TMT.png', interpolate=True, mask=None, maskParams=None, name='image_2', opacity=1.0, ori=0.0, pos=array([0., 0.]), size=array([1.25, 0.45]), texRes=128.0, units='height', win=Window(...))
8.0913 	EXP 	Created polygon_2 = ShapeStim(__class__=<class 'psychopy.visual.shape.ShapeStim'>, anchor=('center', 'center'), autoDraw=False, autoLog=True, closeShape=True, color=method-wrapper(...), colorSpace='rgb', contrast=None, depth=-1.0, fillColor=array([-1, -1, -1]), fillColorSpace='rgb', fillRGB=array([-1, -1, -1]), interpolate=True, lineColor=array([0, 0, 0]), lineColorSpace='rgb', lineRGB=array([0, 0, 0]), lineWidth=0.1, name='polygon_2', opacity=0.5, ori=0.0, pos=array([0., 0.]), size=array([0.1, 0.1]), units='height', vertices=ndarray(...), win=Window(...), windingRule=None)
8.1524 	EXP 	Created text_2 = TextStim(__class__=<class 'psychopy.visual.text.TextStim'>, alignHoriz=method-wrapper(...), alignText='center', alignVert=method-wrapper(...), anchorHoriz='center', anchorVert='center', antialias=True, autoDraw=False, autoLog=True, bold=False, color=array([-1, -1, -1]), colorSpace='rgb', contrast=1.0, depth=0.0, flipHoriz=False, flipVert=False, font='Open Sans', fontFiles=[], height=0.1, italic=False, languageStyle='LTR', name='text_2', opacity=1.0, ori=0.0, pos=array([0., 0.]), rgb=UNKNOWN, text='Numerisk ordning.\n\n(1-2-3-4...)', units='height', win=Window(...), wrapWidth=1)
8.1565 	EXP 	Created cirkel = TextStim(__class__=<class 'psychopy.visual.text.TextStim'>, alignHoriz=method-wrapper(...), alignText='center', alignVert=method-wrapper(...), anchorHoriz='center', anchorVert='center', antialias=True, autoDraw=False, autoLog=True, bold=False, color=array([-1, -1, -1]), colorSpace='rgb', contrast=1.0, depth=-2.0, flipHoriz=False, flipVert=False, font='Open Sans', fontFiles=[], height=0.1, italic=False, languageStyle='LTR', name='cirkel', opacity=1.0, ori=0.0, pos=array([0., 0.]), rgb=UNKNOWN, text='Cirkelform', units='height', win=Window(...), wrapWidth=1)
8.1594 	EXP 	Created Stim = ImageStim(__class__=<class 'psychopy.visual.image.ImageStim'>, anchor=('center', 'center'), autoLog=True, color=array([1, 1, 1]), colorSpace='rgb', contrast=1.0, depth=0.0, flipHoriz=False, flipVert=False, image='sin', interpolate=True, mask=None, maskParams=None, name='Stim', opacity=1.0, ori=0.0, pos=array([0., 0.]), size=array([1.777, 1.   ]), texRes=128.0, units='height', win=Window(...))
8.1605 	EXP 	Created polygon_4 = ShapeStim(__class__=<class 'psychopy.visual.shape.ShapeStim'>, anchor=('center', 'center'), autoDraw=False, autoLog=True, closeShape=True, color=method-wrapper(...), colorSpace='rgb', contrast=None, depth=0.0, fillColor=array([-1, -1, -1]), fillColorSpace='rgb', fillRGB=array([-1, -1, -1]), interpolate=True, lineColor=array([0, 0, 0]), lineColorSpace='rgb', lineRGB=array([0, 0, 0]), lineWidth=0.1, name='polygon_4', opacity=0.5, ori=0.0, pos=array([0., 0.]), size=array([0.1, 0.1]), units='height', vertices=ndarray(...), win=Window(...), windingRule=None)
8.1615 	EXP 	Created polygon = ShapeStim(__class__=<class 'psychopy.visual.shape.ShapeStim'>, anchor=('center', 'center'), autoDraw=False, autoLog=True, closeShape=True, color=method-wrapper(...), colorSpace='rgb', contrast=None, depth=0.0, fillColor=array([-1, -1, -1]), fillColorSpace='rgb', fillRGB=array([-1, -1, -1]), interpolate=True, lineColor=array([0, 0, 0]), lineColorSpace='rgb', lineRGB=array([0, 0, 0]), lineWidth=0.1, name='polygon', opacity=0.5, ori=0.0, pos=array([0., 0.]), size=array([0.1, 0.1]), units='height', vertices=ndarray(...), win=Window(...), windingRule=None)
8.1672 	EXP 	Created utspritt_txt = TextStim(__class__=<class 'psychopy.visual.text.TextStim'>, alignHoriz=method-wrapper(...), alignText='center', alignVert=method-wrapper(...), anchorHoriz='center', anchorVert='center', antialias=True, autoDraw=False, autoLog=True, bold=False, color=array([-1, -1, -1]), colorSpace='rgb', contrast=1.0, depth=0.0, flipHoriz=False, flipVert=False, font='Open Sans', fontFiles=[], height=0.1, italic=False, languageStyle='LTR', name='utspritt_txt', opacity=1.0, ori=0.0, pos=array([0., 0.]), rgb=UNKNOWN, text='Utspridda ', units='height', win=Window(...), wrapWidth=1)
8.1694 	EXP 	Created Stim = ImageStim(__class__=<class 'psychopy.visual.image.ImageStim'>, anchor=('center', 'center'), autoLog=True, color=array([1, 1, 1]), colorSpace='rgb', contrast=1.0, depth=0.0, flipHoriz=False, flipVert=False, image='sin', interpolate=True, mask=None, maskParams=None, name='Stim', opacity=1.0, ori=0.0, pos=array([0., 0.]), size=array([1.777, 1.   ]), texRes=128.0, units='height', win=Window(...))
8.1704 	EXP 	Created polygon_4 = ShapeStim(__class__=<class 'psychopy.visual.shape.ShapeStim'>, anchor=('center', 'center'), autoDraw=False, autoLog=True, closeShape=True, color=method-wrapper(...), colorSpace='rgb', contrast=None, depth=0.0, fillColor=array([-1, -1, -1]), fillColorSpace='rgb', fillRGB=array([-1, -1, -1]), interpolate=True, lineColor=array([0, 0, 0]), lineColorSpace='rgb', lineRGB=array([0, 0, 0]), lineWidth=0.1, name='polygon_4', opacity=0.5, ori=0.0, pos=array([0., 0.]), size=array([0.1, 0.1]), units='height', vertices=ndarray(...), win=Window(...), windingRule=None)
8.1714 	EXP 	Created polygon = ShapeStim(__class__=<class 'psychopy.visual.shape.ShapeStim'>, anchor=('center', 'center'), autoDraw=False, autoLog=True, closeShape=True, color=method-wrapper(...), colorSpace='rgb', contrast=None, depth=0.0, fillColor=array([-1, -1, -1]), fillColorSpace='rgb', fillRGB=array([-1, -1, -1]), interpolate=True, lineColor=array([0, 0, 0]), lineColorSpace='rgb', lineRGB=array([0, 0, 0]), lineWidth=0.1, name='polygon', opacity=0.5, ori=0.0, pos=array([0., 0.]), size=array([0.1, 0.1]), units='height', vertices=ndarray(...), win=Window(...), windingRule=None)
8.1755 	EXP 	Created cirkel_2 = TextStim(__class__=<class 'psychopy.visual.text.TextStim'>, alignHoriz=method-wrapper(...), alignText='center', alignVert=method-wrapper(...), anchorHoriz='center', anchorVert='center', antialias=True, autoDraw=False, autoLog=True, bold=False, color=array([-1, -1, -1]), colorSpace='rgb', contrast=1.0, depth=0.0, flipHoriz=False, flipVert=False, font='Open Sans', fontFiles=[], height=0.1, italic=False, languageStyle='LTR', name='cirkel_2', opacity=1.0, ori=0.0, pos=array([0., 0.]), rgb=UNKNOWN, text='Cirkelform\n', units='height', win=Window(...), wrapWidth=1)
8.1792 	EXP 	Created Stim = ImageStim(__class__=<class 'psychopy.visual.image.ImageStim'>, anchor=('center', 'center'), autoLog=True, color=array([1, 1, 1]), colorSpace='rgb', contrast=1.0, depth=0.0, flipHoriz=False, flipVert=False, image='sin', interpolate=True, mask=None, maskParams=None, name='Stim', opacity=1.0, ori=0.0, pos=array([0., 0.]), size=array([1.777, 1.   ]), texRes=128.0, units='height', win=Window(...))
8.1803 	EXP 	Created polygon_4 = ShapeStim(__class__=<class 'psychopy.visual.shape.ShapeStim'>, anchor=('center', 'center'), autoDraw=False, autoLog=True, closeShape=True, color=method-wrapper(...), colorSpace='rgb', contrast=None, depth=0.0, fillColor=array([-1, -1, -1]), fillColorSpace='rgb', fillRGB=array([-1, -1, -1]), interpolate=True, lineColor=array([0, 0, 0]), lineColorSpace='rgb', lineRGB=array([0, 0, 0]), lineWidth=0.1, name='polygon_4', opacity=0.5, ori=0.0, pos=array([0., 0.]), size=array([0.1, 0.1]), units='height', vertices=ndarray(...), win=Window(...), windingRule=None)
8.1813 	EXP 	Created polygon = ShapeStim(__class__=<class 'psychopy.visual.shape.ShapeStim'>, anchor=('center', 'center'), autoDraw=False, autoLog=True, closeShape=True, color=method-wrapper(...), colorSpace='rgb', contrast=None, depth=0.0, fillColor=array([-1, -1, -1]), fillColorSpace='rgb', fillRGB=array([-1, -1, -1]), interpolate=True, lineColor=array([0, 0, 0]), lineColorSpace='rgb', lineRGB=array([0, 0, 0]), lineWidth=0.1, name='polygon', opacity=0.5, ori=0.0, pos=array([0., 0.]), size=array([0.1, 0.1]), units='height', vertices=ndarray(...), win=Window(...), windingRule=None)
8.1915 	EXP 	Created Info2 = TextStim(__class__=<class 'psychopy.visual.text.TextStim'>, alignHoriz=method-wrapper(...), alignText='center', alignVert=method-wrapper(...), anchorHoriz='center', anchorVert='center', antialias=True, autoDraw=False, autoLog=True, bold=False, color=array([-1, -1, -1]), colorSpace='rgb', contrast=1.0, depth=0.0, flipHoriz=False, flipVert=False, font='Open Sans', fontFiles=[], height=0.1, italic=False, languageStyle='LTR', name='Info2', opacity=1.0, ori=0.0, pos=array([0., 0.]), rgb=UNKNOWN, text=str(...), units='height', win=Window(...), wrapWidth=1)
8.1936 	EXP 	Created Stim = ImageStim(__class__=<class 'psychopy.visual.image.ImageStim'>, anchor=('center', 'center'), autoLog=True, color=array([1, 1, 1]), colorSpace='rgb', contrast=1.0, depth=0.0, flipHoriz=False, flipVert=False, image='sin', interpolate=True, mask=None, maskParams=None, name='Stim', opacity=1.0, ori=0.0, pos=array([0., 0.]), size=array([1.777, 1.   ]), texRes=128.0, units='height', win=Window(...))
8.1946 	EXP 	Created polygon_4 = ShapeStim(__class__=<class 'psychopy.visual.shape.ShapeStim'>, anchor=('center', 'center'), autoDraw=False, autoLog=True, closeShape=True, color=method-wrapper(...), colorSpace='rgb', contrast=None, depth=0.0, fillColor=array([-1, -1, -1]), fillColorSpace='rgb', fillRGB=array([-1, -1, -1]), interpolate=True, lineColor=array([0, 0, 0]), lineColorSpace='rgb', lineRGB=array([0, 0, 0]), lineWidth=0.1, name='polygon_4', opacity=0.5, ori=0.0, pos=array([0., 0.]), size=array([0.1, 0.1]), units='height', vertices=ndarray(...), win=Window(...), windingRule=None)
8.1956 	EXP 	Created polygon = ShapeStim(__class__=<class 'psychopy.visual.shape.ShapeStim'>, anchor=('center', 'center'), autoDraw=False, autoLog=True, closeShape=True, color=method-wrapper(...), colorSpace='rgb', contrast=None, depth=0.0, fillColor=array([-1, -1, -1]), fillColorSpace='rgb', fillRGB=array([-1, -1, -1]), interpolate=True, lineColor=array([0, 0, 0]), lineColorSpace='rgb', lineRGB=array([0, 0, 0]), lineWidth=0.1, name='polygon', opacity=0.5, ori=0.0, pos=array([0., 0.]), size=array([0.1, 0.1]), units='height', vertices=ndarray(...), win=Window(...), windingRule=None)
8.1990 	EXP 	Created text_2 = TextStim(__class__=<class 'psychopy.visual.text.TextStim'>, alignHoriz=method-wrapper(...), alignText='center', alignVert=method-wrapper(...), anchorHoriz='center', anchorVert='center', antialias=True, autoDraw=False, autoLog=True, bold=False, color=array([-1, -1, -1]), colorSpace='rgb', contrast=1.0, depth=0.0, flipHoriz=False, flipVert=False, font='Open Sans', fontFiles=[], height=0.1, italic=False, languageStyle='LTR', name='text_2', opacity=1.0, ori=0.0, pos=array([0., 0.]), rgb=UNKNOWN, text='Numerisk ordning.\n\n(1-2-3-4...)', units='height', win=Window(...), wrapWidth=1)
8.2010 	EXP 	Created cirkel = TextStim(__class__=<class 'psychopy.visual.text.TextStim'>, alignHoriz=method-wrapper(...), alignText='center', alignVert=method-wrapper(...), anchorHoriz='center', anchorVert='center', antialias=True, autoDraw=False, autoLog=True, bold=False, color=array([-1, -1, -1]), colorSpace='rgb', contrast=1.0, depth=-2.0, flipHoriz=False, flipVert=False, font='Open Sans', fontFiles=[], height=0.1, italic=False, languageStyle='LTR', name='cirkel', opacity=1.0, ori=0.0, pos=array([0., 0.]), rgb=UNKNOWN, text='Cirkelform', units='height', win=Window(...), wrapWidth=1)
8.2033 	EXP 	Created Stim = ImageStim(__class__=<class 'psychopy.visual.image.ImageStim'>, anchor=('center', 'center'), autoLog=True, color=array([1, 1, 1]), colorSpace='rgb', contrast=1.0, depth=0.0, flipHoriz=False, flipVert=False, image='sin', interpolate=True, mask=None, maskParams=None, name='Stim', opacity=1.0, ori=0.0, pos=array([0., 0.]), size=array([1.777, 1.   ]), texRes=128.0, units='height', win=Window(...))
8.2043 	EXP 	Created polygon_4 = ShapeStim(__class__=<class 'psychopy.visual.shape.ShapeStim'>, anchor=('center', 'center'), autoDraw=False, autoLog=True, closeShape=True, color=method-wrapper(...), colorSpace='rgb', contrast=None, depth=0.0, fillColor=array([-1, -1, -1]), fillColorSpace='rgb', fillRGB=array([-1, -1, -1]), interpolate=True, lineColor=array([0, 0, 0]), lineColorSpace='rgb', lineRGB=array([0, 0, 0]), lineWidth=0.1, name='polygon_4', opacity=0.5, ori=0.0, pos=array([0., 0.]), size=array([0.1, 0.1]), units='height', vertices=ndarray(...), win=Window(...), windingRule=None)
8.2053 	EXP 	Created polygon = ShapeStim(__class__=<class 'psychopy.visual.shape.ShapeStim'>, anchor=('center', 'center'), autoDraw=False, autoLog=True, closeShape=True, color=method-wrapper(...), colorSpace='rgb', contrast=None, depth=0.0, fillColor=array([-1, -1, -1]), fillColorSpace='rgb', fillRGB=array([-1, -1, -1]), interpolate=True, lineColor=array([0, 0, 0]), lineColorSpace='rgb', lineRGB=array([0, 0, 0]), lineWidth=0.1, name='polygon', opacity=0.5, ori=0.0, pos=array([0., 0.]), size=array([0.1, 0.1]), units='height', vertices=ndarray(...), win=Window(...), windingRule=None)
8.2075 	EXP 	Created utspritt_txt = TextStim(__class__=<class 'psychopy.visual.text.TextStim'>, alignHoriz=method-wrapper(...), alignText='center', alignVert=method-wrapper(...), anchorHoriz='center', anchorVert='center', antialias=True, autoDraw=False, autoLog=True, bold=False, color=array([-1, -1, -1]), colorSpace='rgb', contrast=1.0, depth=0.0, flipHoriz=False, flipVert=False, font='Open Sans', fontFiles=[], height=0.1, italic=False, languageStyle='LTR', name='utspritt_txt', opacity=1.0, ori=0.0, pos=array([0., 0.]), rgb=UNKNOWN, text='Utspridda ', units='height', win=Window(...), wrapWidth=1)
8.2107 	EXP 	Created Stim = ImageStim(__class__=<class 'psychopy.visual.image.ImageStim'>, anchor=('center', 'center'), autoLog=True, color=array([1, 1, 1]), colorSpace='rgb', contrast=1.0, depth=0.0, flipHoriz=False, flipVert=False, image='sin', interpolate=True, mask=None, maskParams=None, name='Stim', opacity=1.0, ori=0.0, pos=array([0., 0.]), size=array([1.777, 1.   ]), texRes=128.0, units='height', win=Window(...))
8.2118 	EXP 	Created polygon_4 = ShapeStim(__class__=<class 'psychopy.visual.shape.ShapeStim'>, anchor=('center', 'center'), autoDraw=False, autoLog=True, closeShape=True, color=method-wrapper(...), colorSpace='rgb', contrast=None, depth=0.0, fillColor=array([-1, -1, -1]), fillColorSpace='rgb', fillRGB=array([-1, -1, -1]), interpolate=True, lineColor=array([0, 0, 0]), lineColorSpace='rgb', lineRGB=array([0, 0, 0]), lineWidth=0.1, name='polygon_4', opacity=0.5, ori=0.0, pos=array([0., 0.]), size=array([0.1, 0.1]), units='height', vertices=ndarray(...), win=Window(...), windingRule=None)
8.2127 	EXP 	Created polygon = ShapeStim(__class__=<class 'psychopy.visual.shape.ShapeStim'>, anchor=('center', 'center'), autoDraw=False, autoLog=True, closeShape=True, color=method-wrapper(...), colorSpace='rgb', contrast=None, depth=0.0, fillColor=array([-1, -1, -1]), fillColorSpace='rgb', fillRGB=array([-1, -1, -1]), interpolate=True, lineColor=array([0, 0, 0]), lineColorSpace='rgb', lineRGB=array([0, 0, 0]), lineWidth=0.1, name='polygon', opacity=0.5, ori=0.0, pos=array([0., 0.]), size=array([0.1, 0.1]), units='height', vertices=ndarray(...), win=Window(...), windingRule=None)
8.2150 	EXP 	Created cirkel_2 = TextStim(__class__=<class 'psychopy.visual.text.TextStim'>, alignHoriz=method-wrapper(...), alignText='center', alignVert=method-wrapper(...), anchorHoriz='center', anchorVert='center', antialias=True, autoDraw=False, autoLog=True, bold=False, color=array([-1, -1, -1]), colorSpace='rgb', contrast=1.0, depth=0.0, flipHoriz=False, flipVert=False, font='Open Sans', fontFiles=[], height=0.1, italic=False, languageStyle='LTR', name='cirkel_2', opacity=1.0, ori=0.0, pos=array([0., 0.]), rgb=UNKNOWN, text='Cirkelform\n', units='height', win=Window(...), wrapWidth=1)
8.2183 	EXP 	Created Stim = ImageStim(__class__=<class 'psychopy.visual.image.ImageStim'>, anchor=('center', 'center'), autoLog=True, color=array([1, 1, 1]), colorSpace='rgb', contrast=1.0, depth=0.0, flipHoriz=False, flipVert=False, image='sin', interpolate=True, mask=None, maskParams=None, name='Stim', opacity=1.0, ori=0.0, pos=array([0., 0.]), size=array([1.777, 1.   ]), texRes=128.0, units='height', win=Window(...))
8.2193 	EXP 	Created polygon_4 = ShapeStim(__class__=<class 'psychopy.visual.shape.ShapeStim'>, anchor=('center', 'center'), autoDraw=False, autoLog=True, closeShape=True, color=method-wrapper(...), colorSpace='rgb', contrast=None, depth=0.0, fillColor=array([-1, -1, -1]), fillColorSpace='rgb', fillRGB=array([-1, -1, -1]), interpolate=True, lineColor=array([0, 0, 0]), lineColorSpace='rgb', lineRGB=array([0, 0, 0]), lineWidth=0.1, name='polygon_4', opacity=0.5, ori=0.0, pos=array([0., 0.]), size=array([0.1, 0.1]), units='height', vertices=ndarray(...), win=Window(...), windingRule=None)
8.2203 	EXP 	Created polygon = ShapeStim(__class__=<class 'psychopy.visual.shape.ShapeStim'>, anchor=('center', 'center'), autoDraw=False, autoLog=True, closeShape=True, color=method-wrapper(...), colorSpace='rgb', contrast=None, depth=0.0, fillColor=array([-1, -1, -1]), fillColorSpace='rgb', fillRGB=array([-1, -1, -1]), interpolate=True, lineColor=array([0, 0, 0]), lineColorSpace='rgb', lineRGB=array([0, 0, 0]), lineWidth=0.1, name='polygon', opacity=0.5, ori=0.0, pos=array([0., 0.]), size=array([0.1, 0.1]), units='height', vertices=ndarray(...), win=Window(...), windingRule=None)
8.2250 	EXP 	Created Info2 = TextStim(__class__=<class 'psychopy.visual.text.TextStim'>, alignHoriz=method-wrapper(...), alignText='center', alignVert=method-wrapper(...), anchorHoriz='center', anchorVert='center', antialias=True, autoDraw=False, autoLog=True, bold=False, color=array([-1, -1, -1]), colorSpace='rgb', contrast=1.0, depth=0.0, flipHoriz=False, flipVert=False, font='Open Sans', fontFiles=[], height=0.1, italic=False, languageStyle='LTR', name='Info2', opacity=1.0, ori=0.0, pos=array([0., 0.]), rgb=UNKNOWN, text=str(...), units='height', win=Window(...), wrapWidth=1)
8.2279 	EXP 	Created Stim = ImageStim(__class__=<class 'psychopy.visual.image.ImageStim'>, anchor=('center', 'center'), autoLog=True, color=array([1, 1, 1]), colorSpace='rgb', contrast=1.0, depth=0.0, flipHoriz=False, flipVert=False, image='sin', interpolate=True, mask=None, maskParams=None, name='Stim', opacity=1.0, ori=0.0, pos=array([0., 0.]), size=array([1.777, 1.   ]), texRes=128.0, units='height', win=Window(...))
8.2290 	EXP 	Created polygon_4 = ShapeStim(__class__=<class 'psychopy.visual.shape.ShapeStim'>, anchor=('center', 'center'), autoDraw=False, autoLog=True, closeShape=True, color=method-wrapper(...), colorSpace='rgb', contrast=None, depth=0.0, fillColor=array([-1, -1, -1]), fillColorSpace='rgb', fillRGB=array([-1, -1, -1]), interpolate=True, lineColor=array([0, 0, 0]), lineColorSpace='rgb', lineRGB=array([0, 0, 0]), lineWidth=0.1, name='polygon_4', opacity=0.5, ori=0.0, pos=array([0., 0.]), size=array([0.1, 0.1]), units='height', vertices=ndarray(...), win=Window(...), windingRule=None)
8.2300 	EXP 	Created polygon = ShapeStim(__class__=<class 'psychopy.visual.shape.ShapeStim'>, anchor=('center', 'center'), autoDraw=False, autoLog=True, closeShape=True, color=method-wrapper(...), colorSpace='rgb', contrast=None, depth=0.0, fillColor=array([-1, -1, -1]), fillColorSpace='rgb', fillRGB=array([-1, -1, -1]), interpolate=True, lineColor=array([0, 0, 0]), lineColorSpace='rgb', lineRGB=array([0, 0, 0]), lineWidth=0.1, name='polygon', opacity=0.5, ori=0.0, pos=array([0., 0.]), size=array([0.1, 0.1]), units='height', vertices=ndarray(...), win=Window(...), windingRule=None)
8.2413 	EXP 	Created text = TextStim(__class__=<class 'psychopy.visual.text.TextStim'>, alignHoriz=method-wrapper(...), alignText='center', alignVert=method-wrapper(...), anchorHoriz='center', anchorVert='center', antialias=True, autoDraw=False, autoLog=True, bold=False, color=array([-1, -1, -1]), colorSpace='rgb', contrast=1.0, depth=0.0, flipHoriz=False, flipVert=False, font='Open Sans', fontFiles=[], height=0.04, italic=False, languageStyle='LTR', name='text', opacity=1.0, ori=0.0, pos=array([0., 0.]), rgb=UNKNOWN, text=str(...), units='height', win=Window(...), wrapWidth=1)
8.2534 	EXP 	image_2: autoDraw = True
10.1197 	DATA 	Keypress: space
10.1340 	EXP 	image_2: autoDraw = False
10.1340 	EXP 	polygon_2: autoDraw = True
18.7352 	DATA 	Keypress: s
18.9398 	EXP 	polygon_2: autoDraw = False
18.9398 	EXP 	text_2: autoDraw = True
24.4505 	EXP 	text_2: autoDraw = False
24.4505 	EXP 	cirkel: autoDraw = True
25.0860 	DATA 	Keypress: 2
25.9395 	EXP 	Imported TMT_conditions.xlsx as conditions, 4 conditions, 2 params
25.9399 	EXP 	Created sequence: sequential, trialTypes=4, nReps=1, seed=None
25.9400 	EXP 	New trial (rep=0, index=0): {'Block_paper': 'C1', 'Condition_rows': '0:26'}
26.1544 	EXP 	Imported TMT_trials.xlsx as conditions, 26 conditions, 12 params
26.1550 	EXP 	Created sequence: sequential, trialTypes=26, nReps=1, seed=None
26.1552 	EXP 	New trial (rep=0, index=0): {'NumberLetter': 1, 'corrAns': ['2'], 'Correct': 2, 'StimFile': 'Images/TMTstop-control_1_1.png', 'Correct_StimFile': 'Images/TMTstop-control_1_1.png', 'False_StimFile': 'Images/TMTstop-control_1_1.png', 'Version': 'TMT_Control', 'Paper': 'C1', 'TrialNumber_Version': 1, 'Round': 1, 'Block': 1, 'TrialNumber_total': 1}
26.1954 	EXP 	cirkel: autoDraw = False
26.1954 	EXP 	text_2: autoDraw = False
26.1954 	EXP 	cirkel: autoDraw = False
26.1954 	EXP 	Stim: image = 'Images/TMTstop-control_1_1.png'
26.1954 	EXP 	Stim: autoDraw = True
27.1613 	DATA 	Keypress: 1
27.1656 	EXP 	Stim: image = 'Images/TMTstop-control_1_1.png'
27.2052 	EXP 	Stim: image = 'Images/TMTstop-control_1_1.png'
27.2326 	EXP 	Stim: image = 'Images/TMTstop-control_1_1.png'
27.2564 	DATA 	Keypress: 2
27.2605 	EXP 	Stim: image = 'Images/TMTstop-control_1_1.png'
27.2616 	EXP 	New trial (rep=0, index=1): {'NumberLetter': 2, 'corrAns': ['1'], 'Correct': 1, 'StimFile': 'Images/TMTstop-control_1_1.png', 'Correct_StimFile': 'Images/TMTstop-control_1_1firstgreen.png', 'False_StimFile': 'Images/TMTstop-control_1_1firstred.png', 'Version': 'TMT_Control', 'Paper': 'C1', 'TrialNumber_Version': 2, 'Round': None, 'Block': 1, 'TrialNumber_total': 2}
27.2928 	EXP 	Stim: autoDraw = False
27.2928 	EXP 	Stim: image = 'Images/TMTstop-control_1_1firstgreen.png'
27.2928 	EXP 	Stim: autoDraw = True
27.3638 	DATA 	Keypress: 3
27.3681 	EXP 	Stim: image = 'Images/TMTstop-control_1_1firstred.png'
27.4002 	EXP 	Stim: image = 'Images/TMTstop-control_1_1firstred.png'
27.4338 	EXP 	Stim: image = 'Images/TMTstop-control_1_1firstred.png'
27.4681 	EXP 	Stim: image = 'Images/TMTstop-control_1_1firstred.png'
27.5034 	EXP 	Stim: image = 'Images/TMTstop-control_1_1firstred.png'
27.5380 	EXP 	Stim: image = 'Images/TMTstop-control_1_1firstred.png'
27.5721 	EXP 	Stim: image = 'Images/TMTstop-control_1_1firstred.png'
27.6021 	DATA 	Keypress: 1
27.6060 	EXP 	Stim: image = 'Images/TMTstop-control_1_1firstred.png'
27.6072 	EXP 	New trial (rep=0, index=2): {'NumberLetter': 3, 'corrAns': ['3'], 'Correct': 3, 'StimFile': 'Images/TMTstop-control_1_1linestimulus0.png', 'Correct_StimFile': 'Images/TMTstop-control_1_1greenlinestimulus0.png', 'False_StimFile': 'Images/TMTstop-control_1_1redlinestimulus0.png', 'Version': 'TMT_Control', 'Paper': 'C1', 'TrialNumber_Version': 3, 'Round': None, 'Block': 1, 'TrialNumber_total': 3}
27.6403 	EXP 	Stim: autoDraw = False
27.6403 	EXP 	Stim: image = 'Images/TMTstop-control_1_1greenlinestimulus0.png'
27.6403 	EXP 	Stim: autoDraw = True
27.7155 	DATA 	Keypress: 2
27.7196 	EXP 	Stim: image = 'Images/TMTstop-control_1_1redlinestimulus0.png'
27.7537 	EXP 	Stim: image = 'Images/TMTstop-control_1_1redlinestimulus0.png'
27.7857 	DATA 	Keypress: 3
27.7899 	EXP 	Stim: image = 'Images/TMTstop-control_1_1redlinestimulus0.png'
27.7909 	EXP 	New trial (rep=0, index=3): {'NumberLetter': 4, 'corrAns': ['1'], 'Correct': 1, 'StimFile': 'Images/TMTstop-control_1_1linestimulus1.png', 'Correct_StimFile': 'Images/TMTstop-control_1_1greenlinestimulus1.png', 'False_StimFile': 'Images/TMTstop-control_1_1redlinestimulus1.png', 'Version': 'TMT_Control', 'Paper': 'C1', 'TrialNumber_Version': 4, 'Round': None, 'Block': 1, 'TrialNumber_total': 4}
27.8243 	EXP 	Stim: autoDraw = False
27.8243 	EXP 	Stim: image = 'Images/TMTstop-control_1_1greenlinestimulus1.png'
27.8243 	EXP 	Stim: autoDraw = True
28.0016 	EXP 	New trial (rep=0, index=4): {'NumberLetter': 5, 'corrAns': ['3'], 'Correct': 3, 'StimFile': 'Images/TMTstop-control_1_1linestimulus2.png', 'Correct_StimFile': 'Images/TMTstop-control_1_1greenlinestimulus2.png', 'False_StimFile': 'Images/TMTstop-control_1_1redlinestimulus2.png', 'Version': 'TMT_Control', 'Paper': 'C1', 'TrialNumber_Version': 5, 'Round': None, 'Block': 1, 'TrialNumber_total': 5}
28.0351 	DATA 	Keypress: 1
28.0390 	EXP 	Stim: autoDraw = False
28.0390 	EXP 	Stim: image = 'Images/TMTstop-control_1_1greenlinestimulus2.png'
28.0390 	EXP 	Stim: autoDraw = True
28.1331 	DATA 	Keypress: 2
28.1374 	EXP 	Stim: image = 'Images/TMTstop-control_1_1redlinestimulus2.png'
28.1668 	DATA 	Keypress: 3
28.1708 	EXP 	Stim: image = 'Images/TMTstop-control_1_1redlinestimulus2.png'
28.1719 	EXP 	New trial (rep=0, index=5): {'NumberLetter': 6, 'corrAns': ['1'], 'Correct': 1, 'StimFile': 'Images/TMTstop-control_1_1linestimulus3.png', 'Correct_StimFile': 'Images/TMTstop-control_1_1greenlinestimulus3.png', 'False_StimFile': 'Images/TMTstop-control_1_1redlinestimulus3.png', 'Version': 'TMT_Control', 'Paper': 'C1', 'TrialNumber_Version': 6, 'Round': None, 'Block': 1, 'TrialNumber_total': 6}
28.2030 	EXP 	Stim: autoDraw = False
28.2030 	EXP 	Stim: image = 'Images/TMTstop-control_1_1greenlinestimulus3.png'
28.2030 	EXP 	Stim: autoDraw = True
28.4192 	EXP 	New trial (rep=0, index=6): {'NumberLetter': 7, 'corrAns': ['2'], 'Correct': 2, 'StimFile': 'Images/TMTstop-control_1_1linestimulus4.png', 'Correct_StimFile': 'Images/TMTstop-control_1_1greenlinestimulus4.png', 'False_StimFile': 'Images/TMTstop-control_1_1redlinestimulus4.png', 'Version': 'TMT_Control', 'Paper': 'C1', 'TrialNumber_Version': 7, 'Round': None, 'Block': 1, 'TrialNumber_total': 7}
28.4483 	DATA 	Keypress: 1
28.4526 	EXP 	Stim: autoDraw = False
28.4526 	EXP 	Stim: image = 'Images/TMTstop-control_1_1greenlinestimulus4.png'
28.4526 	EXP 	Stim: autoDraw = True
28.5531 	EXP 	New trial (rep=0, index=7): {'NumberLetter': 8, 'corrAns': ['1'], 'Correct': 1, 'StimFile': 'Images/TMTstop-control_1_1linestimulus4.png', 'Correct_StimFile': 'Images/TMTstop-control_1_1greenlinestimulus5.png', 'False_StimFile': 'Images/TMTstop-control_1_1redlinestimulus5.png', 'Version': 'TMT_Control', 'Paper': 'C1', 'TrialNumber_Version': 8, 'Round': None, 'Block': 1, 'TrialNumber_total': 8}
28.5812 	DATA 	Keypress: 2
28.5851 	EXP 	Stim: autoDraw = False
28.5851 	EXP 	Stim: image = 'Images/TMTstop-control_1_1greenlinestimulus5.png'
28.5851 	EXP 	Stim: autoDraw = True
28.6448 	DATA 	Keypress: 3
28.6490 	EXP 	Stim: image = 'Images/TMTstop-control_1_1redlinestimulus5.png'
28.6826 	EXP 	Stim: image = 'Images/TMTstop-control_1_1redlinestimulus5.png'
28.7174 	EXP 	Stim: image = 'Images/TMTstop-control_1_1redlinestimulus5.png'
28.7510 	EXP 	Stim: image = 'Images/TMTstop-control_1_1redlinestimulus5.png'
28.7854 	EXP 	Stim: image = 'Images/TMTstop-control_1_1redlinestimulus5.png'
28.8190 	EXP 	Stim: image = 'Images/TMTstop-control_1_1redlinestimulus5.png'
28.8594 	DATA 	Keypress: 1
28.8633 	EXP 	Stim: image = 'Images/TMTstop-control_1_1redlinestimulus5.png'
28.8643 	EXP 	New trial (rep=0, index=8): {'NumberLetter': 9, 'corrAns': ['3'], 'Correct': 3, 'StimFile': 'Images/TMTstop-control_1_1linestimulus6.png', 'Correct_StimFile': 'Images/TMTstop-control_1_1greenlinestimulus6.png', 'False_StimFile': 'Images/TMTstop-control_1_1redlinestimulus6.png', 'Version': 'TMT_Control', 'Paper': 'C1', 'TrialNumber_Version': 9, 'Round': None, 'Block': 1, 'TrialNumber_total': 9}
28.8947 	DATA 	Keypress: 2
28.8986 	EXP 	Stim: autoDraw = False
28.8986 	EXP 	Stim: image = 'Images/TMTstop-control_1_1greenlinestimulus6.png'
28.8986 	EXP 	Stim: autoDraw = True
28.9680 	EXP 	New trial (rep=0, index=9): {'NumberLetter': 10, 'corrAns': ['2'], 'Correct': 2, 'StimFile': 'Images/TMTstop-control_1_1linestimulus7.png', 'Correct_StimFile': 'Images/TMTstop-control_1_1greenlinestimulus7.png', 'False_StimFile': 'Images/TMTstop-control_1_1redlinestimulus7.png', 'Version': 'TMT_Control', 'Paper': 'C1', 'TrialNumber_Version': 10, 'Round': None, 'Block': 1, 'TrialNumber_total': 10}
28.9979 	DATA 	Keypress: 3
29.0020 	EXP 	Stim: autoDraw = False
29.0020 	EXP 	Stim: image = 'Images/TMTstop-control_1_1greenlinestimulus7.png'
29.0020 	EXP 	Stim: autoDraw = True
29.2628 	DATA 	Keypress: 1
29.2670 	EXP 	Stim: image = 'Images/TMTstop-control_1_1redlinestimulus7.png'
29.2941 	DATA 	Keypress: 2
29.2983 	EXP 	Stim: image = 'Images/TMTstop-control_1_1redlinestimulus7.png'
29.2994 	EXP 	New trial (rep=0, index=10): {'NumberLetter': 11, 'corrAns': ['1'], 'Correct': 1, 'StimFile': 'Images/TMTstop-control_1_1linestimulus8.png', 'Correct_StimFile': 'Images/TMTstop-control_1_1greenlinestimulus8.png', 'False_StimFile': 'Images/TMTstop-control_1_1redlinestimulus8.png', 'Version': 'TMT_Control', 'Paper': 'C1', 'TrialNumber_Version': 11, 'Round': None, 'Block': 1, 'TrialNumber_total': 11}
29.3308 	EXP 	Stim: autoDraw = False
29.3308 	EXP 	Stim: image = 'Images/TMTstop-control_1_1greenlinestimulus8.png'
29.3308 	EXP 	Stim: autoDraw = True
29.4339 	DATA 	Keypress: 3
29.4379 	EXP 	Stim: image = 'Images/TMTstop-control_1_1redlinestimulus8.png'
29.4710 	EXP 	Stim: image = 'Images/TMTstop-control_1_1redlinestimulus8.png'
29.5057 	EXP 	Stim: image = 'Images/TMTstop-control_1_1redlinestimulus8.png'
29.5393 	EXP 	Stim: image = 'Images/TMTstop-control_1_1redlinestimulus8.png'
29.5764 	EXP 	Stim: image = 'Images/TMTstop-control_1_1redlinestimulus8.png'
29.6101 	EXP 	Stim: image = 'Images/TMTstop-control_1_1redlinestimulus8.png'
29.6416 	DATA 	Keypress: 1
29.6456 	EXP 	Stim: image = 'Images/TMTstop-control_1_1redlinestimulus8.png'
29.6467 	EXP 	New trial (rep=0, index=11): {'NumberLetter': 12, 'corrAns': ['2'], 'Correct': 2, 'StimFile': 'Images/TMTstop-control_1_1linestimulus9.png', 'Correct_StimFile': 'Images/TMTstop-control_1_1greenlinestimulus9.png', 'False_StimFile': 'Images/TMTstop-control_1_1redlinestimulus9.png', 'Version': 'TMT_Control', 'Paper': 'C1', 'TrialNumber_Version': 12, 'Round': None, 'Block': 1, 'TrialNumber_total': 12}
29.6804 	EXP 	Stim: autoDraw = False
29.6804 	EXP 	Stim: image = 'Images/TMTstop-control_1_1greenlinestimulus9.png'
29.6804 	EXP 	Stim: autoDraw = True
29.7001 	EXP 	New trial (rep=0, index=12): {'NumberLetter': 13, 'corrAns': ['3'], 'Correct': 3, 'StimFile': 'Images/TMTstop-control_1_1linestimulus10.png', 'Correct_StimFile': 'Images/TMTstop-control_1_1greenlinestimulus10.png', 'False_StimFile': 'Images/TMTstop-control_1_1redlinestimulus10.png', 'Version': 'TMT_Control', 'Paper': 'C1', 'TrialNumber_Version': 13, 'Round': None, 'Block': 1, 'TrialNumber_total': 13}
29.7297 	DATA 	Keypress: 2
29.7336 	EXP 	Stim: autoDraw = False
29.7336 	EXP 	Stim: image = 'Images/TMTstop-control_1_1greenlinestimulus10.png'
29.7336 	EXP 	Stim: autoDraw = True
29.8362 	EXP 	New trial (rep=0, index=13): {'NumberLetter': 14, 'corrAns': ['2'], 'Correct': 2, 'StimFile': 'Images/TMTstop-control_1_1linestimulus11.png', 'Correct_StimFile': 'Images/TMTstop-control_1_1greenlinestimulus11.png', 'False_StimFile': 'Images/TMTstop-control_1_1redlinestimulus11.png', 'Version': 'TMT_Control', 'Paper': 'C1', 'TrialNumber_Version': 14, 'Round': None, 'Block': 1, 'TrialNumber_total': 14}
29.8682 	DATA 	Keypress: 3
29.8722 	EXP 	Stim: autoDraw = False
29.8722 	EXP 	Stim: image = 'Images/TMTstop-control_1_1greenlinestimulus11.png'
29.8722 	EXP 	Stim: autoDraw = True
30.0999 	DATA 	Keypress: 1
30.1040 	EXP 	Stim: image = 'Images/TMTstop-control_1_1redlinestimulus11.png'
30.1421 	EXP 	Stim: image = 'Images/TMTstop-control_1_1redlinestimulus11.png'
30.1817 	EXP 	Stim: image = 'Images/TMTstop-control_1_1redlinestimulus11.png'
30.2135 	DATA 	Keypress: 2
30.2177 	EXP 	Stim: image = 'Images/TMTstop-control_1_1redlinestimulus11.png'
30.2188 	EXP 	New trial (rep=0, index=14): {'NumberLetter': 15, 'corrAns': ['3'], 'Correct': 3, 'StimFile': 'Images/TMTstop-control_1_1linestimulus12.png', 'Correct_StimFile': 'Images/TMTstop-control_1_1greenlinestimulus12.png', 'False_StimFile': 'Images/TMTstop-control_1_1redlinestimulus12.png', 'Version': 'TMT_Control', 'Paper': 'C1', 'TrialNumber_Version': 15, 'Round': None, 'Block': 1, 'TrialNumber_total': 15}
30.2490 	EXP 	Stim: autoDraw = False
30.2490 	EXP 	Stim: image = 'Images/TMTstop-control_1_1greenlinestimulus12.png'
30.2490 	EXP 	Stim: autoDraw = True
30.2679 	EXP 	New trial (rep=0, index=15): {'NumberLetter': 16, 'corrAns': ['2'], 'Correct': 2, 'StimFile': 'Images/TMTstop-control_1_1linestimulus13.png', 'Correct_StimFile': 'Images/TMTstop-control_1_1greenlinestimulus13.png', 'False_StimFile': 'Images/TMTstop-control_1_1redlinestimulus13.png', 'Version': 'TMT_Control', 'Paper': 'C1', 'TrialNumber_Version': 16, 'Round': None, 'Block': 1, 'TrialNumber_total': 16}
30.2951 	DATA 	Keypress: 3
30.2991 	EXP 	Stim: autoDraw = False
30.2991 	EXP 	Stim: image = 'Images/TMTstop-control_1_1greenlinestimulus13.png'
30.2991 	EXP 	Stim: autoDraw = True
30.5801 	DATA 	Keypress: 1
30.5843 	EXP 	Stim: image = 'Images/TMTstop-control_1_1redlinestimulus13.png'
30.6138 	DATA 	Keypress: 2
30.6182 	EXP 	Stim: image = 'Images/TMTstop-control_1_1redlinestimulus13.png'
30.6196 	EXP 	New trial (rep=0, index=16): {'NumberLetter': 17, 'corrAns': ['3'], 'Correct': 3, 'StimFile': 'Images/TMTstop-control_1_1linestimulus14.png', 'Correct_StimFile': 'Images/TMTstop-control_1_1greenlinestimulus14.png', 'False_StimFile': 'Images/TMTstop-control_1_1redlinestimulus14.png', 'Version': 'TMT_Control', 'Paper': 'C1', 'TrialNumber_Version': 17, 'Round': None, 'Block': 1, 'TrialNumber_total': 17}
30.6577 	EXP 	Stim: autoDraw = False
30.6577 	EXP 	Stim: image = 'Images/TMTstop-control_1_1greenlinestimulus14.png'
30.6577 	EXP 	Stim: autoDraw = True
30.7351 	EXP 	New trial (rep=0, index=17): {'NumberLetter': 18, 'corrAns': ['2'], 'Correct': 2, 'StimFile': 'Images/TMTstop-control_1_1linestimulus15.png', 'Correct_StimFile': 'Images/TMTstop-control_1_1greenlinestimulus15.png', 'False_StimFile': 'Images/TMTstop-control_1_1redlinestimulus15.png', 'Version': 'TMT_Control', 'Paper': 'C1', 'TrialNumber_Version': 18, 'Round': None, 'Block': 1, 'TrialNumber_total': 18}
30.7636 	DATA 	Keypress: 3
30.7681 	EXP 	Stim: autoDraw = False
30.7681 	EXP 	Stim: image = 'Images/TMTstop-control_1_1greenlinestimulus15.png'
30.7681 	EXP 	Stim: autoDraw = True
31.0483 	DATA 	Keypress: 1
31.0525 	EXP 	Stim: image = 'Images/TMTstop-control_1_1redlinestimulus15.png'
31.0849 	EXP 	Stim: image = 'Images/TMTstop-control_1_1redlinestimulus15.png'
31.1189 	EXP 	Stim: image = 'Images/TMTstop-control_1_1redlinestimulus15.png'
31.1526 	DATA 	Keypress: 2
31.1569 	EXP 	Stim: image = 'Images/TMTstop-control_1_1redlinestimulus15.png'
31.1580 	EXP 	New trial (rep=0, index=18): {'NumberLetter': 19, 'corrAns': ['1'], 'Correct': 1, 'StimFile': 'Images/TMTstop-control_1_1linestimulus16.png', 'Correct_StimFile': 'Images/TMTstop-control_1_1greenlinestimulus16.png', 'False_StimFile': 'Images/TMTstop-control_1_1redlinestimulus16.png', 'Version': 'TMT_Control', 'Paper': 'C1', 'TrialNumber_Version': 19, 'Round': None, 'Block': 1, 'TrialNumber_total': 19}
31.1891 	DATA 	Keypress: 3
31.1934 	EXP 	Stim: autoDraw = False
31.1934 	EXP 	Stim: image = 'Images/TMTstop-control_1_1greenlinestimulus16.png'
31.1934 	EXP 	Stim: autoDraw = True
31.4358 	EXP 	New trial (rep=0, index=19): {'NumberLetter': 20, 'corrAns': ['3'], 'Correct': 3, 'StimFile': 'Images/TMTstop-control_1_1linestimulus17.png', 'Correct_StimFile': 'Images/TMTstop-control_1_1greenlinestimulus17.png', 'False_StimFile': 'Images/TMTstop-control_1_1redlinestimulus17.png', 'Version': 'TMT_Control', 'Paper': 'C1', 'TrialNumber_Version': 20, 'Round': None, 'Block': 1, 'TrialNumber_total': 20}
31.4640 	DATA 	Keypress: 1
31.4641 	DATA 	Keypress: 2
31.4681 	EXP 	Stim: autoDraw = False
31.4681 	EXP 	Stim: image = 'Images/TMTstop-control_1_1greenlinestimulus17.png'
31.4681 	EXP 	Stim: autoDraw = True
31.6523 	EXP 	New trial (rep=0, index=20): {'NumberLetter': 21, 'corrAns': ['1'], 'Correct': 1, 'StimFile': 'Images/TMTstop-control_1_1linestimulus18.png', 'Correct_StimFile': 'Images/TMTstop-control_1_1greenlinestimulus18.png', 'False_StimFile': 'Images/TMTstop-control_1_1redlinestimulus18.png', 'Version': 'TMT_Control', 'Paper': 'C1', 'TrialNumber_Version': 21, 'Round': None, 'Block': 1, 'TrialNumber_total': 21}
31.6800 	DATA 	Keypress: 3
31.6843 	EXP 	Stim: autoDraw = False
31.6843 	EXP 	Stim: image = 'Images/TMTstop-control_1_1greenlinestimulus18.png'
31.6843 	EXP 	Stim: autoDraw = True
31.8516 	DATA 	Keypress: 1
31.8684 	EXP 	New trial (rep=0, index=21): {'NumberLetter': 22, 'corrAns': ['2'], 'Correct': 2, 'StimFile': 'Images/TMTstop-control_1_1linestimulus19.png', 'Correct_StimFile': 'Images/TMTstop-control_1_1greenlinestimulus19.png', 'False_StimFile': 'Images/TMTstop-control_1_1redlinestimulus19.png', 'Version': 'TMT_Control', 'Paper': 'C1', 'TrialNumber_Version': 22, 'Round': None, 'Block': 1, 'TrialNumber_total': 22}
31.9082 	EXP 	Stim: autoDraw = False
31.9082 	EXP 	Stim: image = 'Images/TMTstop-control_1_1greenlinestimulus19.png'
31.9082 	EXP 	Stim: autoDraw = True
31.9518 	EXP 	New trial (rep=0, index=22): {'NumberLetter': 23, 'corrAns': ['3'], 'Correct': 3, 'StimFile': 'Images/TMTstop-control_1_1linestimulus20.png', 'Correct_StimFile': 'Images/TMTstop-control_1_1greenlinestimulus20.png', 'False_StimFile': 'Images/TMTstop-control_1_1redlinestimulus20.png', 'Version': 'TMT_Control', 'Paper': 'C1', 'TrialNumber_Version': 23, 'Round': None, 'Block': 1, 'TrialNumber_total': 23}
31.9797 	DATA 	Keypress: 2
31.9837 	EXP 	Stim: autoDraw = False
31.9837 	EXP 	Stim: image = 'Images/TMTstop-control_1_1greenlinestimulus20.png'
31.9837 	EXP 	Stim: autoDraw = True
32.0350 	EXP 	New trial (rep=0, index=23): {'NumberLetter': 24, 'corrAns': ['2'], 'Correct': 2, 'StimFile': 'Images/TMTstop-control_1_1linestimulus21.png', 'Correct_StimFile': 'Images/TMTstop-control_1_1greenlinestimulus21.png', 'False_StimFile': 'Images/TMTstop-control_1_1redlinestimulus21.png', 'Version': 'TMT_Control', 'Paper': 'C1', 'TrialNumber_Version': 24, 'Round': None, 'Block': 1, 'TrialNumber_total': 24}
32.0679 	DATA 	Keypress: 3
32.0720 	EXP 	Stim: autoDraw = False
32.0720 	EXP 	Stim: image = 'Images/TMTstop-control_1_1greenlinestimulus21.png'
32.0720 	EXP 	Stim: autoDraw = True
32.3109 	DATA 	Keypress: 1
32.3110 	DATA 	Keypress: 2
32.3152 	EXP 	Stim: image = 'Images/TMTstop-control_1_1redlinestimulus21.png'
32.3162 	EXP 	New trial (rep=0, index=24): {'NumberLetter': 25, 'corrAns': ['1'], 'Correct': 1, 'StimFile': 'Images/TMTstop-control_1_1linestimulus22.png', 'Correct_StimFile': 'Images/TMTstop-control_1_1greenlinestimulus22.png', 'False_StimFile': 'Images/TMTstop-control_1_1redlinestimulus22.png', 'Version': 'TMT_Control', 'Paper': 'C1', 'TrialNumber_Version': 25, 'Round': None, 'Block': 1, 'TrialNumber_total': 25}
32.3470 	EXP 	Stim: autoDraw = False
32.3470 	EXP 	Stim: image = 'Images/TMTstop-control_1_1greenlinestimulus22.png'
32.3470 	EXP 	Stim: autoDraw = True
32.7465 	DATA 	Keypress: 3
32.7507 	EXP 	Stim: image = 'Images/TMTstop-control_1_1redlinestimulus22.png'
32.7818 	EXP 	Stim: image = 'Images/TMTstop-control_1_1redlinestimulus22.png'
32.8097 	DATA 	Keypress: 2
32.8137 	EXP 	Stim: image = 'Images/TMTstop-control_1_1redlinestimulus22.png'
32.8429 	DATA 	Keypress: 1
32.8470 	EXP 	Stim: image = 'Images/TMTstop-control_1_1redlinestimulus22.png'
32.8481 	EXP 	New trial (rep=0, index=25): {'NumberLetter': None, 'corrAns': None, 'Correct': None, 'StimFile': 'Images/TMTstop-control_1_1linestimulus23.png', 'Correct_StimFile': 'Images/TMTstop-control_1_1greenlinestimulus23.png', 'False_StimFile': 'Images/TMTstop-control_1_1redlinestimulus23.png', 'Version': 'TMT_Control', 'Paper': 'C1', 'TrialNumber_Version': 'Feedback_last', 'Round': None, 'Block': 1, 'TrialNumber_total': 'Feedback_last'}
32.8815 	EXP 	Stim: autoDraw = False
32.8815 	EXP 	Stim: image = 'Images/TMTstop-control_1_1greenlinestimulus23.png'
32.8815 	EXP 	Stim: autoDraw = True
33.2446 	DATA 	Keypress: 1
33.2488 	EXP 	Stim: image = 'Images/TMTstop-control_1_1redlinestimulus23.png'
33.2762 	DATA 	Keypress: 2
33.2803 	EXP 	Stim: image = 'Images/TMTstop-control_1_1redlinestimulus23.png'
33.3113 	EXP 	Stim: image = 'Images/TMTstop-control_1_1redlinestimulus23.png'
33.3432 	EXP 	Stim: image = 'Images/TMTstop-control_1_1redlinestimulus23.png'
33.3779 	EXP 	Stim: image = 'Images/TMTstop-control_1_1redlinestimulus23.png'
33.4113 	EXP 	Stim: image = 'Images/TMTstop-control_1_1redlinestimulus23.png'
33.4448 	EXP 	Stim: image = 'Images/TMTstop-control_1_1redlinestimulus23.png'
33.4785 	EXP 	Stim: image = 'Images/TMTstop-control_1_1redlinestimulus23.png'
33.5122 	EXP 	Stim: image = 'Images/TMTstop-control_1_1redlinestimulus23.png'
33.5457 	EXP 	Stim: image = 'Images/TMTstop-control_1_1redlinestimulus23.png'
33.5791 	EXP 	Stim: image = 'Images/TMTstop-control_1_1redlinestimulus23.png'
33.6139 	EXP 	Stim: image = 'Images/TMTstop-control_1_1redlinestimulus23.png'
33.6541 	EXP 	Stim: image = 'Images/TMTstop-control_1_1redlinestimulus23.png'
33.6895 	DATA 	Keypress: 2
33.6934 	EXP 	Stim: image = 'Images/TMTstop-control_1_1redlinestimulus23.png'
33.7272 	EXP 	Stim: image = 'Images/TMTstop-control_1_1redlinestimulus23.png'
33.7608 	EXP 	Stim: image = 'Images/TMTstop-control_1_1redlinestimulus23.png'
33.7952 	EXP 	Stim: image = 'Images/TMTstop-control_1_1redlinestimulus23.png'
33.8287 	EXP 	Stim: image = 'Images/TMTstop-control_1_1redlinestimulus23.png'
33.8627 	EXP 	Stim: image = 'Images/TMTstop-control_1_1redlinestimulus23.png'
33.9433 	EXP 	Stim: image = 'Images/TMTstop-control_1_1redlinestimulus23.png'
33.9433 	EXP 	Stim: autoDraw = False
33.9433 	EXP 	polygon_4: autoDraw = True
34.8363 	DATA 	Keypress: 2
36.9014 	EXP 	New trial (rep=0, index=1): {'Block_paper': 'C2', 'Condition_rows': '26:52'}
37.0767 	EXP 	Imported TMT_trials.xlsx as conditions, 26 conditions, 12 params
37.0774 	EXP 	Created sequence: sequential, trialTypes=26, nReps=1, seed=None
37.0776 	EXP 	New trial (rep=0, index=0): {'NumberLetter': 1, 'corrAns': ['2'], 'Correct': 2, 'StimFile': 'Images/TMTstop-control_1_2.png', 'Correct_StimFile': 'Images/TMTstop-control_1_2.png', 'False_StimFile': 'Images/TMTstop-control_1_2.png', 'Version': 'TMT_Control', 'Paper': 'C2', 'TrialNumber_Version': 26, 'Round': None, 'Block': 1, 'TrialNumber_total': 26}
37.1033 	EXP 	polygon_4: autoDraw = False
37.1033 	EXP 	Stim: image = 'Images/TMTstop-control_1_2.png'
37.1033 	EXP 	Stim: autoDraw = True
37.7234 	DATA 	Keypress: 1
37.7274 	EXP 	Stim: image = 'Images/TMTstop-control_1_2.png'
37.7538 	EXP 	Stim: image = 'Images/TMTstop-control_1_2.png'
37.7828 	EXP 	Stim: image = 'Images/TMTstop-control_1_2.png'
37.8092 	EXP 	Stim: image = 'Images/TMTstop-control_1_2.png'
37.8357 	EXP 	Stim: image = 'Images/TMTstop-control_1_2.png'
37.8684 	EXP 	Stim: image = 'Images/TMTstop-control_1_2.png'
37.8932 	DATA 	Keypress: 2
37.8970 	EXP 	Stim: image = 'Images/TMTstop-control_1_2.png'
37.8986 	EXP 	New trial (rep=0, index=1): {'NumberLetter': 2, 'corrAns': ['3'], 'Correct': 3, 'StimFile': 'Images/TMTstop-control_1_2.png', 'Correct_StimFile': 'Images/TMTstop-control_1_2firstgreen.png', 'False_StimFile': 'Images/TMTstop-control_1_2firstred.png', 'Version': 'TMT_Control', 'Paper': 'C2', 'TrialNumber_Version': 27, 'Round': None, 'Block': 1, 'TrialNumber_total': 27}
37.9344 	EXP 	Stim: autoDraw = False
37.9344 	EXP 	Stim: image = 'Images/TMTstop-control_1_2firstgreen.png'
37.9344 	EXP 	Stim: autoDraw = True
38.2804 	DATA 	Keypress: 1
38.2846 	EXP 	Stim: image = 'Images/TMTstop-control_1_2firstred.png'
38.3160 	EXP 	Stim: image = 'Images/TMTstop-control_1_2firstred.png'
38.3497 	EXP 	Stim: image = 'Images/TMTstop-control_1_2firstred.png'
38.3806 	EXP 	Stim: image = 'Images/TMTstop-control_1_2firstred.png'
38.4135 	EXP 	Stim: image = 'Images/TMTstop-control_1_2firstred.png'
38.4416 	DATA 	Keypress: 2
38.4456 	EXP 	Stim: image = 'Images/TMTstop-control_1_2firstred.png'
38.4780 	EXP 	Stim: image = 'Images/TMTstop-control_1_2firstred.png'
38.5121 	EXP 	Stim: image = 'Images/TMTstop-control_1_2firstred.png'
38.5406 	DATA 	Keypress: 3
38.5446 	EXP 	Stim: image = 'Images/TMTstop-control_1_2firstred.png'
38.5457 	EXP 	New trial (rep=0, index=2): {'NumberLetter': 3, 'corrAns': ['2'], 'Correct': 2, 'StimFile': 'Images/TMTstop-control_1_2linestimulus0.png', 'Correct_StimFile': 'Images/TMTstop-control_1_2greenlinestimulus0.png', 'False_StimFile': 'Images/TMTstop-control_1_2redlinestimulus0.png', 'Version': 'TMT_Control', 'Paper': 'C2', 'TrialNumber_Version': 28, 'Round': None, 'Block': 1, 'TrialNumber_total': 28}
38.5792 	EXP 	Stim: autoDraw = False
38.5792 	EXP 	Stim: image = 'Images/TMTstop-control_1_2greenlinestimulus0.png'
38.5792 	EXP 	Stim: autoDraw = True
38.8333 	DATA 	Keypress: 1
38.8374 	EXP 	Stim: image = 'Images/TMTstop-control_1_2redlinestimulus0.png'
38.8755 	EXP 	Stim: image = 'Images/TMTstop-control_1_2redlinestimulus0.png'
38.9132 	EXP 	Stim: image = 'Images/TMTstop-control_1_2redlinestimulus0.png'
38.9515 	EXP 	Stim: image = 'Images/TMTstop-control_1_2redlinestimulus0.png'
38.9921 	EXP 	Stim: image = 'Images/TMTstop-control_1_2redlinestimulus0.png'
39.0244 	DATA 	Keypress: 3
39.0284 	EXP 	Stim: image = 'Images/TMTstop-control_1_2redlinestimulus0.png'
39.0634 	EXP 	Stim: image = 'Images/TMTstop-control_1_2redlinestimulus0.png'
39.0943 	DATA 	Keypress: 2
39.0984 	EXP 	Stim: image = 'Images/TMTstop-control_1_2redlinestimulus0.png'
39.0995 	EXP 	New trial (rep=0, index=3): {'NumberLetter': 4, 'corrAns': ['3'], 'Correct': 3, 'StimFile': 'Images/TMTstop-control_1_2linestimulus1.png', 'Correct_StimFile': 'Images/TMTstop-control_1_2greenlinestimulus1.png', 'False_StimFile': 'Images/TMTstop-control_1_2redlinestimulus1.png', 'Version': 'TMT_Control', 'Paper': 'C2', 'TrialNumber_Version': 29, 'Round': None, 'Block': 1, 'TrialNumber_total': 29}
39.1346 	EXP 	Stim: autoDraw = False
39.1346 	EXP 	Stim: image = 'Images/TMTstop-control_1_2greenlinestimulus1.png'
39.1346 	EXP 	Stim: autoDraw = True
39.3625 	DATA 	Keypress: 1
39.3666 	EXP 	Stim: image = 'Images/TMTstop-control_1_2redlinestimulus1.png'
39.3969 	EXP 	Stim: image = 'Images/TMTstop-control_1_2redlinestimulus1.png'
39.4266 	EXP 	Stim: image = 'Images/TMTstop-control_1_2redlinestimulus1.png'
39.4575 	EXP 	Stim: image = 'Images/TMTstop-control_1_2redlinestimulus1.png'
39.4888 	EXP 	Stim: image = 'Images/TMTstop-control_1_2redlinestimulus1.png'
39.5189 	DATA 	Keypress: 3
39.5229 	EXP 	Stim: image = 'Images/TMTstop-control_1_2redlinestimulus1.png'
39.5239 	EXP 	New trial (rep=0, index=4): {'NumberLetter': 5, 'corrAns': ['2'], 'Correct': 2, 'StimFile': 'Images/TMTstop-control_1_2linestimulus2.png', 'Correct_StimFile': 'Images/TMTstop-control_1_2greenlinestimulus2.png', 'False_StimFile': 'Images/TMTstop-control_1_2redlinestimulus2.png', 'Version': 'TMT_Control', 'Paper': 'C2', 'TrialNumber_Version': 30, 'Round': None, 'Block': 1, 'TrialNumber_total': 30}
39.5566 	EXP 	Stim: autoDraw = False
39.5566 	EXP 	Stim: image = 'Images/TMTstop-control_1_2greenlinestimulus2.png'
39.5566 	EXP 	Stim: autoDraw = True
39.7378 	EXP 	New trial (rep=0, index=5): {'NumberLetter': 6, 'corrAns': ['3'], 'Correct': 3, 'StimFile': 'Images/TMTstop-control_1_2linestimulus3.png', 'Correct_StimFile': 'Images/TMTstop-control_1_2greenlinestimulus3.png', 'False_StimFile': 'Images/TMTstop-control_1_2redlinestimulus3.png', 'Version': 'TMT_Control', 'Paper': 'C2', 'TrialNumber_Version': 31, 'Round': None, 'Block': 1, 'TrialNumber_total': 31}
39.7656 	DATA 	Keypress: 1
39.7657 	DATA 	Keypress: 2
39.7698 	EXP 	Stim: autoDraw = False
39.7698 	EXP 	Stim: image = 'Images/TMTstop-control_1_2greenlinestimulus3.png'
39.7698 	EXP 	Stim: autoDraw = True
40.4687 	DATA 	KeyPress: ยง
40.7351 	DATA 	Keypress: escape
41.0899 	EXP 	window1: mouseVisible = True
