1.6182 	WARNING 	We strongly recommend you activate the PTB sound engine in PsychoPy prefs as the preferred audio engine. Its timing is vastly superior. Your prefs are currently set to use ['pyo'] (in that order).
5.4915 	EXP 	Created window1 = Window(allowGUI=True, allowStencil=False, autoLog=True, backendConf=UNKNOWN, bitsMode=UNKNOWN, blendMode='avg', bpc=(8, 8, 8), color=array([0, 0, 0]), colorSpace='rgb', depthBits=8, fullscr=<method-wrapper '__getattribute__' of attributeSetter object at 0x0000018861A0CCF8>, gamma=None, gammaErrorPolicy='raise', lms=UNKNOWN, monitor=<psychopy.monitors.calibTools.Monitor object at 0x00000188619AFFD0>, multiSample=False, name='window1', numSamples=2, pos=[760.0, 180.0], screen=0, size=array([1920, 1080]), stencilBits=0, stereo=False, units='height', useFBO=True, useRetina=False, viewOri=0.0, viewPos=None, viewScale=None, waitBlanking=True, winType='glfw')
5.4916 	EXP 	window1: mouseVisible = True
5.4916 	EXP 	window1: recordFrameIntervals = False
5.6578 	EXP 	window1: recordFrameIntervals = True
5.8412 	EXP 	window1: recordFrameIntervals = False
6.1940 	EXP 	Created Instruct = ImageStim(__class__=<class 'psychopy.visual.image.ImageStim'>, autoLog=True, color=array([1., 1., 1.]), colorSpace='rgb', contrast=1.0, depth=0.0, flipHoriz=False, flipVert=False, image=str(...), interpolate=True, mask=None, maskParams=None, name='Instruct', opacity=1, ori=0.0, pos=array([0., 0.]), size=array([1.28, 0.72]), texRes=128.0, units='height', win=Window(...))
6.2835 	EXP 	Created image_2 = ImageStim(__class__=<class 'psychopy.visual.image.ImageStim'>, autoLog=True, color=array([1., 1., 1.]), colorSpace='rgb', contrast=1.0, depth=0.0, flipHoriz=False, flipVert=False, image=str(...), interpolate=True, mask=None, maskParams=None, name='image_2', opacity=1, ori=0.0, pos=array([0., 0.]), size=array([1.28, 0.72]), texRes=128.0, units='height', win=Window(...))
6.2870 	EXP 	Created polygon = ShapeStim(__class__=<class 'psychopy.visual.shape.ShapeStim'>, autoDraw=False, autoLog=True, closeShape=True, color=method-wrapper(...), colorSpace='rgb', contrast=None, depth=0.0, fillColor=array([1, 1, 1]), fillColorSpace='rgb', fillRGB=array([1, 1, 1]), interpolate=True, lineColor=array([1., 1., 1.]), lineColorSpace='rgb', lineRGB=array([1, 1, 1]), lineWidth=1.0, name='polygon', opacity=1, ori=0.0, pos=array([0., 0.]), size=array([0.5, 0.5]), units='height', vertices=ndarray(...), win=Window(...), windingRule=None)
6.2935 	EXP 	Created Stim_practice = ImageStim(__class__=<class 'psychopy.visual.image.ImageStim'>, autoLog=True, color=array([1., 1., 1.]), colorSpace='rgb', contrast=1.0, depth=0.0, flipHoriz=False, flipVert=False, image='sin', interpolate=True, mask=None, maskParams=None, name='Stim_practice', opacity=1, ori=0.0, pos=array([0., 0.]), size=array([1.777, 1.   ]), texRes=128.0, units='height', win=Window(...))
6.3522 	EXP 	Created text_5 = TextStim(__class__=<class 'psychopy.visual.text.TextStim'>, alignHoriz=method-wrapper(...), alignText='center', alignVert=method-wrapper(...), anchorHoriz='center', anchorVert='center', antialias=True, autoLog=True, bold=False, color=array([1., 1., 1.]), colorSpace='rgb', contrast=1.0, depth=0.0, flipHoriz=False, flipVert=False, font='Open Sans', fontFiles=[], height=0.03, italic=False, languageStyle='LTR', name='text_5', opacity=1, ori=0.0, pos=array([0., 0.]), rgb=UNKNOWN, text='', units='height', win=Window(...), wrapWidth=1)
6.3542 	EXP 	Created polygon = ShapeStim(__class__=<class 'psychopy.visual.shape.ShapeStim'>, autoDraw=False, autoLog=True, closeShape=True, color=method-wrapper(...), colorSpace='rgb', contrast=None, depth=0.0, fillColor=array([1, 1, 1]), fillColorSpace='rgb', fillRGB=array([1, 1, 1]), interpolate=True, lineColor=array([1., 1., 1.]), lineColorSpace='rgb', lineRGB=array([1, 1, 1]), lineWidth=1.0, name='polygon', opacity=1, ori=0.0, pos=array([0., 0.]), size=array([0.5, 0.5]), units='height', vertices=ndarray(...), win=Window(...), windingRule=None)
6.3596 	EXP 	Created Stim = ImageStim(__class__=<class 'psychopy.visual.image.ImageStim'>, autoLog=True, color=array([1., 1., 1.]), colorSpace='rgb', contrast=1.0, depth=0.0, flipHoriz=False, flipVert=False, image='sin', interpolate=True, mask=None, maskParams=None, name='Stim', opacity=1, ori=0.0, pos=array([0., 0.]), size=array([1.777, 1.   ]), texRes=128.0, units='height', win=Window(...))
6.3615 	EXP 	Created polygon = ShapeStim(__class__=<class 'psychopy.visual.shape.ShapeStim'>, autoDraw=False, autoLog=True, closeShape=True, color=method-wrapper(...), colorSpace='rgb', contrast=None, depth=0.0, fillColor=array([1, 1, 1]), fillColorSpace='rgb', fillRGB=array([1, 1, 1]), interpolate=True, lineColor=array([1., 1., 1.]), lineColorSpace='rgb', lineRGB=array([1, 1, 1]), lineWidth=1.0, name='polygon', opacity=1, ori=0.0, pos=array([0., 0.]), size=array([0.5, 0.5]), units='height', vertices=ndarray(...), win=Window(...), windingRule=None)
6.4187 	EXP 	Created text = TextStim(__class__=<class 'psychopy.visual.text.TextStim'>, alignHoriz=method-wrapper(...), alignText='center', alignVert=method-wrapper(...), anchorHoriz='center', anchorVert='center', antialias=True, autoLog=True, bold=False, color=array([1., 1., 1.]), colorSpace='rgb', contrast=1.0, depth=0.0, flipHoriz=False, flipVert=False, font='Open Sans', fontFiles=[], height=0.04, italic=False, languageStyle='LTR', name='text', opacity=1, ori=0.0, pos=array([0., 0.]), rgb=UNKNOWN, text=str(...), units='height', win=Window(...), wrapWidth=1)
6.5192 	EXP 	Instruct: autoDraw = True
7.6726 	DATA 	Keypress: 2
7.6929 	EXP 	Instruct: autoDraw = False
7.6929 	EXP 	image_2: autoDraw = True
7.8390 	DATA 	Keypress: 2
8.1557 	DATA 	Keypress: 2
8.1755 	EXP 	image_2: autoDraw = False
8.1755 	EXP 	polygon: autoDraw = True
8.3725 	DATA 	Keypress: 2
11.1617 	EXP 	Created sequence: sequential, trialTypes=1, nReps=100, seed=None
11.1621 	EXP 	New trial (rep=0, index=0): None
11.1692 	EXP 	Imported TMTstop-A_1_practice.xlsx as conditions, 13 conditions, 6 params
11.1695 	EXP 	Created sequence: sequential, trialTypes=13, nReps=1, seed=None
11.1697 	EXP 	New trial (rep=0, index=0): {'NumberLetter': 1, 'corrAns': ['1'], 'StimFile': 'TMTstop-A_1_practice.png', 'Correct_StimFile': 'TMTstop-A_1_practice.png', 'False_StimFile': 'TMTstop-A_1_practice.png', 'DurationTrial': 10}
11.2777 	EXP 	polygon: autoDraw = False
11.2777 	EXP 	polygon: autoDraw = False
11.2777 	EXP 	Stim_practice: image = 'TMTstop-A_1_practice.png'
11.2777 	EXP 	Stim_practice: autoDraw = True
11.9242 	DATA 	Keypress: 2
11.9789 	EXP 	Stim_practice: image = 'TMTstop-A_1_practice.png'
12.0288 	EXP 	Stim_practice: image = 'TMTstop-A_1_practice.png'
12.0788 	EXP 	Stim_practice: image = 'TMTstop-A_1_practice.png'
12.1242 	DATA 	Keypress: 2
12.1290 	EXP 	Stim_practice: image = 'TMTstop-A_1_practice.png'
12.1787 	EXP 	Stim_practice: image = 'TMTstop-A_1_practice.png'
12.2304 	EXP 	Stim_practice: image = 'TMTstop-A_1_practice.png'
12.2789 	EXP 	Stim_practice: image = 'TMTstop-A_1_practice.png'
12.3236 	DATA 	Keypress: 1
12.3289 	EXP 	Stim_practice: image = 'TMTstop-A_1_practice.png'
12.3323 	EXP 	New trial (rep=0, index=1): {'NumberLetter': 2, 'corrAns': ['2'], 'StimFile': 'TMTstop-A_1_practice.png', 'Correct_StimFile': 'TMTstop-A_1_practicefirstgreen.png', 'False_StimFile': 'TMTstop-A_1_practicefirstred.png', 'DurationTrial': 10}
12.3951 	EXP 	Stim_practice: autoDraw = False
12.3951 	EXP 	Stim_practice: image = 'TMTstop-A_1_practicefirstgreen.png'
12.3951 	EXP 	Stim_practice: image = 'TMTstop-A_1_practicefirstgreen.png'
12.3951 	EXP 	Stim_practice: autoDraw = True
12.5413 	DATA 	Keypress: 1
12.5904 	DATA 	Keypress: 3
12.5961 	EXP 	Stim_practice: image = 'TMTstop-A_1_practicefirstred.png'
12.6458 	EXP 	Stim_practice: image = 'TMTstop-A_1_practicefirstred.png'
12.6956 	EXP 	Stim_practice: image = 'TMTstop-A_1_practicefirstred.png'
12.7413 	DATA 	Keypress: 1
12.7465 	EXP 	Stim_practice: image = 'TMTstop-A_1_practicefirstred.png'
12.7905 	DATA 	Keypress: 2
12.7957 	EXP 	Stim_practice: image = 'TMTstop-A_1_practicefirstred.png'
12.7991 	EXP 	New trial (rep=0, index=2): {'NumberLetter': 3, 'corrAns': ['3'], 'StimFile': 'TMTstop-A_1_practicelinestimulus0.png', 'Correct_StimFile': 'TMTstop-A_1_practicegreenlinestimulus0.png', 'False_StimFile': 'TMTstop-A_1_practiceredlinestimulus0.png', 'DurationTrial': 10}
12.8739 	DATA 	Keypress: 3
12.8792 	EXP 	Stim_practice: autoDraw = False
12.8792 	EXP 	Stim_practice: image = 'TMTstop-A_1_practicegreenlinestimulus0.png'
12.8792 	EXP 	Stim_practice: image = 'TMTstop-A_1_practicegreenlinestimulus0.png'
12.8792 	EXP 	Stim_practice: autoDraw = True
12.8995 	EXP 	New trial (rep=0, index=3): {'NumberLetter': 4, 'corrAns': ['1'], 'StimFile': 'TMTstop-A_1_practicelinestimulus1.png', 'Correct_StimFile': 'TMTstop-A_1_practicegreenlinestimulus1.png', 'False_StimFile': 'TMTstop-A_1_practiceredlinestimulus1.png', 'DurationTrial': 10}
12.9740 	DATA 	Keypress: 3
12.9741 	DATA 	Keypress: 1
12.9792 	EXP 	Stim_practice: autoDraw = False
12.9792 	EXP 	Stim_practice: image = 'TMTstop-A_1_practicegreenlinestimulus1.png'
12.9792 	EXP 	Stim_practice: image = 'TMTstop-A_1_practicegreenlinestimulus1.png'
12.9792 	EXP 	Stim_practice: autoDraw = True
12.9913 	DATA 	Keypress: 2
13.0418 	DATA 	Keypress: 1
13.0495 	EXP 	New trial (rep=0, index=4): {'NumberLetter': 5, 'corrAns': ['2'], 'StimFile': 'TMTstop-A_1_practicelinestimulus2.png', 'Correct_StimFile': 'TMTstop-A_1_practicegreenlinestimulus2.png', 'False_StimFile': 'TMTstop-A_1_practiceredlinestimulus2.png', 'DurationTrial': 10}
13.1243 	DATA 	Keypress: 3
13.1244 	DATA 	Keypress: 2
13.1293 	EXP 	Stim_practice: autoDraw = False
13.1293 	EXP 	Stim_practice: image = 'TMTstop-A_1_practicegreenlinestimulus2.png'
13.1293 	EXP 	Stim_practice: image = 'TMTstop-A_1_practicegreenlinestimulus2.png'
13.1293 	EXP 	Stim_practice: autoDraw = True
13.2414 	DATA 	Keypress: 3
13.2908 	DATA 	Keypress: 1
13.2964 	EXP 	Stim_practice: image = 'TMTstop-A_1_practiceredlinestimulus2.png'
13.3411 	DATA 	Keypress: 2
13.3463 	EXP 	Stim_practice: image = 'TMTstop-A_1_practiceredlinestimulus2.png'
13.3908 	DATA 	Keypress: 1
13.3960 	EXP 	Stim_practice: image = 'TMTstop-A_1_practiceredlinestimulus2.png'
13.4408 	DATA 	Keypress: 3
13.4461 	EXP 	Stim_practice: image = 'TMTstop-A_1_practiceredlinestimulus2.png'
13.4908 	DATA 	Keypress: 2
13.4961 	EXP 	Stim_practice: image = 'TMTstop-A_1_practiceredlinestimulus2.png'
13.4993 	EXP 	New trial (rep=0, index=5): {'NumberLetter': 6, 'corrAns': ['3'], 'StimFile': 'TMTstop-A_1_practicelinestimulus3.png', 'Correct_StimFile': 'TMTstop-A_1_practicegreenlinestimulus3.png', 'False_StimFile': 'TMTstop-A_1_practiceredlinestimulus3.png', 'DurationTrial': 10}
13.5742 	DATA 	Keypress: 3
13.5795 	EXP 	Stim_practice: autoDraw = False
13.5795 	EXP 	Stim_practice: image = 'TMTstop-A_1_practicegreenlinestimulus3.png'
13.5795 	EXP 	Stim_practice: image = 'TMTstop-A_1_practicegreenlinestimulus3.png'
13.5795 	EXP 	Stim_practice: autoDraw = True
13.5920 	DATA 	Keypress: 1
13.6418 	DATA 	Keypress: 2
13.7576 	DATA 	Keypress: 1
13.7632 	EXP 	Stim_practice: image = 'TMTstop-A_1_practiceredlinestimulus3.png'
13.8083 	DATA 	Keypress: 3
13.8151 	EXP 	Stim_practice: image = 'TMTstop-A_1_practiceredlinestimulus3.png'
13.8578 	DATA 	Keypress: 2
13.8634 	EXP 	Stim_practice: image = 'TMTstop-A_1_practiceredlinestimulus3.png'
13.9131 	EXP 	Stim_practice: image = 'TMTstop-A_1_practiceredlinestimulus3.png'
13.9167 	EXP 	New trial (rep=0, index=6): {'NumberLetter': 7, 'corrAns': ['1'], 'StimFile': 'TMTstop-A_1_practicelinestimulus4.png', 'Correct_StimFile': 'TMTstop-A_1_practicegreenlinestimulus4.png', 'False_StimFile': 'TMTstop-A_1_practiceredlinestimulus4.png', 'DurationTrial': 10}
13.9912 	DATA 	Keypress: 3
13.9913 	DATA 	Keypress: 1
13.9913 	DATA 	Keypress: 2
13.9965 	EXP 	Stim_practice: autoDraw = False
13.9965 	EXP 	Stim_practice: image = 'TMTstop-A_1_practicegreenlinestimulus4.png'
13.9965 	EXP 	Stim_practice: image = 'TMTstop-A_1_practicegreenlinestimulus4.png'
13.9965 	EXP 	Stim_practice: autoDraw = True
14.1419 	DATA 	Keypress: 3
14.2349 	EXP 	New trial (rep=0, index=7): {'NumberLetter': 8, 'corrAns': ['3'], 'StimFile': 'TMTstop-A_1_practicelinestimulus5.png', 'Correct_StimFile': 'TMTstop-A_1_practicegreenlinestimulus5.png', 'False_StimFile': 'TMTstop-A_1_practiceredlinestimulus5.png', 'DurationTrial': 10}
14.3080 	DATA 	Keypress: 1
14.3081 	DATA 	Keypress: 2
14.3135 	EXP 	Stim_practice: autoDraw = False
14.3135 	EXP 	Stim_practice: image = 'TMTstop-A_1_practicegreenlinestimulus5.png'
14.3135 	EXP 	Stim_practice: image = 'TMTstop-A_1_practicegreenlinestimulus5.png'
14.3135 	EXP 	Stim_practice: autoDraw = True
14.4086 	DATA 	Keypress: 3
14.4168 	EXP 	New trial (rep=0, index=8): {'NumberLetter': 9, 'corrAns': ['2'], 'StimFile': 'TMTstop-A_1_practicelinestimulus6.png', 'Correct_StimFile': 'TMTstop-A_1_practicegreenlinestimulus6.png', 'False_StimFile': 'TMTstop-A_1_practiceredlinestimulus6.png', 'DurationTrial': 10}
14.4913 	DATA 	Keypress: 1
14.4914 	DATA 	Keypress: 2
14.4966 	EXP 	Stim_practice: autoDraw = False
14.4966 	EXP 	Stim_practice: image = 'TMTstop-A_1_practicegreenlinestimulus6.png'
14.4966 	EXP 	Stim_practice: image = 'TMTstop-A_1_practicegreenlinestimulus6.png'
14.4966 	EXP 	Stim_practice: autoDraw = True
14.5914 	DATA 	Keypress: 1
14.5971 	EXP 	Stim_practice: image = 'TMTstop-A_1_practiceredlinestimulus6.png'
14.6414 	DATA 	Keypress: 3
14.6418 	DATA 	Keypress: 2
14.6468 	EXP 	Stim_practice: image = 'TMTstop-A_1_practiceredlinestimulus6.png'
14.6499 	EXP 	New trial (rep=0, index=9): {'NumberLetter': 10, 'corrAns': ['3'], 'StimFile': 'TMTstop-A_1_practicelinestimulus7.png', 'Correct_StimFile': 'TMTstop-A_1_practicegreenlinestimulus7.png', 'False_StimFile': 'TMTstop-A_1_practiceredlinestimulus7.png', 'DurationTrial': 10}
14.7300 	EXP 	Stim_practice: autoDraw = False
14.7300 	EXP 	Stim_practice: image = 'TMTstop-A_1_practicegreenlinestimulus7.png'
14.7300 	EXP 	Stim_practice: image = 'TMTstop-A_1_practicegreenlinestimulus7.png'
14.7300 	EXP 	Stim_practice: autoDraw = True
14.7422 	DATA 	Keypress: 3
14.7502 	EXP 	New trial (rep=0, index=10): {'NumberLetter': 11, 'corrAns': ['1'], 'StimFile': 'TMTstop-A_1_practicelinestimulus8.png', 'Correct_StimFile': 'TMTstop-A_1_practicegreenlinestimulus8.png', 'False_StimFile': 'TMTstop-A_1_practiceredlinestimulus8.png', 'DurationTrial': 10}
14.8248 	DATA 	Keypress: 1
14.8248 	DATA 	Keypress: 2
14.8306 	EXP 	Stim_practice: autoDraw = False
14.8306 	EXP 	Stim_practice: image = 'TMTstop-A_1_practicegreenlinestimulus8.png'
14.8306 	EXP 	Stim_practice: image = 'TMTstop-A_1_practicegreenlinestimulus8.png'
14.8306 	EXP 	Stim_practice: autoDraw = True
14.8927 	DATA 	Keypress: 1
14.9006 	EXP 	New trial (rep=0, index=11): {'NumberLetter': 12, 'corrAns': ['2'], 'StimFile': 'TMTstop-A_1_practicelinestimulus9.png', 'Correct_StimFile': 'TMTstop-A_1_practicegreenlinestimulus9.png', 'False_StimFile': 'TMTstop-A_1_practiceredlinestimulus9.png', 'DurationTrial': 10}
14.9752 	DATA 	Keypress: 3
14.9753 	DATA 	Keypress: 2
14.9804 	EXP 	Stim_practice: autoDraw = False
14.9804 	EXP 	Stim_practice: image = 'TMTstop-A_1_practicegreenlinestimulus9.png'
14.9804 	EXP 	Stim_practice: image = 'TMTstop-A_1_practicegreenlinestimulus9.png'
14.9804 	EXP 	Stim_practice: autoDraw = True
15.0757 	DATA 	Keypress: 3
15.1251 	DATA 	Keypress: 1
15.1305 	EXP 	Stim_practice: image = 'TMTstop-A_1_practiceredlinestimulus9.png'
15.1749 	DATA 	Keypress: 2
15.1805 	EXP 	Stim_practice: image = 'TMTstop-A_1_practiceredlinestimulus9.png'
15.2250 	DATA 	Keypress: 1
15.2302 	EXP 	Stim_practice: image = 'TMTstop-A_1_practiceredlinestimulus9.png'
15.2751 	DATA 	Keypress: 3
15.2806 	EXP 	Stim_practice: image = 'TMTstop-A_1_practiceredlinestimulus9.png'
15.2841 	EXP 	New trial (rep=0, index=12): {'NumberLetter': None, 'corrAns': None, 'StimFile': 'TMTstop-A_1_practicelinestimulus10.png', 'Correct_StimFile': 'TMTstop-A_1_practicegreenlinestimulus10.png', 'False_StimFile': 'TMTstop-A_1_practiceredlinestimulus10.png', 'DurationTrial': None}
15.3583 	DATA 	Keypress: 2
15.3637 	EXP 	Stim_practice: autoDraw = False
15.3637 	EXP 	Stim_practice: image = 'TMTstop-A_1_practicegreenlinestimulus10.png'
15.3637 	EXP 	Stim_practice: image = 'TMTstop-A_1_practicegreenlinestimulus10.png'
15.3637 	EXP 	Stim_practice: autoDraw = True
15.4417 	DATA 	Keypress: 3
15.4418 	DATA 	Keypress: 1
15.4472 	EXP 	Stim_practice: image = 'TMTstop-A_1_practiceredlinestimulus10.png'
15.4925 	DATA 	Keypress: 2
15.4977 	EXP 	Stim_practice: image = 'TMTstop-A_1_practiceredlinestimulus10.png'
15.5421 	DATA 	Keypress: 1
15.5472 	EXP 	Stim_practice: image = 'TMTstop-A_1_practiceredlinestimulus10.png'
15.5973 	EXP 	Stim_practice: image = 'TMTstop-A_1_practiceredlinestimulus10.png'
15.6422 	DATA 	Keypress: 3
15.6422 	DATA 	Keypress: 2
15.6474 	EXP 	Stim_practice: image = 'TMTstop-A_1_practiceredlinestimulus10.png'
15.6982 	EXP 	Stim_practice: image = 'TMTstop-A_1_practiceredlinestimulus10.png'
15.7421 	DATA 	Keypress: 3
15.7473 	EXP 	Stim_practice: image = 'TMTstop-A_1_practiceredlinestimulus10.png'
15.7922 	DATA 	Keypress: 1
15.7973 	EXP 	Stim_practice: image = 'TMTstop-A_1_practiceredlinestimulus10.png'
15.8420 	DATA 	Keypress: 2
15.8473 	EXP 	Stim_practice: image = 'TMTstop-A_1_practiceredlinestimulus10.png'
15.8926 	DATA 	Keypress: 1
15.8994 	EXP 	Stim_practice: image = 'TMTstop-A_1_practiceredlinestimulus10.png'
15.9420 	DATA 	Keypress: 3
15.9471 	EXP 	Stim_practice: image = 'TMTstop-A_1_practiceredlinestimulus10.png'
15.9973 	EXP 	Stim_practice: image = 'TMTstop-A_1_practiceredlinestimulus10.png'
16.0421 	DATA 	Keypress: 1
16.0474 	EXP 	Stim_practice: image = 'TMTstop-A_1_practiceredlinestimulus10.png'
16.0972 	EXP 	Stim_practice: image = 'TMTstop-A_1_practiceredlinestimulus10.png'
16.1473 	EXP 	Stim_practice: image = 'TMTstop-A_1_practiceredlinestimulus10.png'
16.1974 	EXP 	Stim_practice: image = 'TMTstop-A_1_practiceredlinestimulus10.png'
16.2475 	EXP 	Stim_practice: image = 'TMTstop-A_1_practiceredlinestimulus10.png'
16.2974 	EXP 	Stim_practice: image = 'TMTstop-A_1_practiceredlinestimulus10.png'
16.3474 	EXP 	Stim_practice: image = 'TMTstop-A_1_practiceredlinestimulus10.png'
16.4445 	EXP 	Stim_practice: image = 'TMTstop-A_1_practiceredlinestimulus10.png'
16.4445 	EXP 	Stim_practice: autoDraw = False
16.4445 	EXP 	text_5: text = 'You have finished the practice. If you understood the task correctly please read on, otherwise ask the experiment leader or press X to restart the practice.\n\nFrom here on there will be 25 circles instead of 12. If you finish all circles you will see a white cross for a few seconds then you will get 25 new circles and start again from 1. The experiments will end automatically after three minutes. \n\nPress 1, 2 or 3  to start the experiment.\n\n\n\nDu har slutfört provomgången. Om du förstod uppgiften rätt, läs vidare, annars fråga experimentledaren eller tryck på X för att starta om provomgången.\n\nHärifrån kommer det att finnas 25 circlar istället för 12. Om du slutför alla circlar kommer du att se ett vitt kors i några sekunder, sedan får du 25 nya circlar och börjar om från 1. Experimenten avslutas automatiskt efter tre minuter.\n\nTryck på 1, 2 eller 3 för att starta experimentet.\n\n\n'
16.4445 	EXP 	text_5: autoDraw = True
17.0098 	DATA 	Keypress: 2
17.0944 	EXP 	text_5: autoDraw = False
17.0944 	EXP 	polygon: autoDraw = True
17.1600 	DATA 	Keypress: 2
20.0351 	EXP 	Imported TMTstop-A_1_conditions.xlsx as conditions, 6 conditions, 2 params
20.0354 	EXP 	Created sequence: sequential, trialTypes=6, nReps=1, seed=None
20.0357 	EXP 	New trial (rep=0, index=0): {'Block_file': 'TMTstop-A_1_1.xlsx', 'Condition_rows': '0:26'}
20.0441 	EXP 	Imported TMTstop-A_1_1.xlsx as conditions, 26 conditions, 6 params
20.0444 	EXP 	Created sequence: sequential, trialTypes=26, nReps=1, seed=None
20.0446 	EXP 	New trial (rep=0, index=0): {'NumberLetter': 1, 'corrAns': ['2'], 'StimFile': 'TMTstop-A_1_1.png', 'Correct_StimFile': 'TMTstop-A_1_1.png', 'False_StimFile': 'TMTstop-A_1_1.png', 'DurationTrial': 10}
20.1485 	EXP 	polygon: autoDraw = False
20.1485 	EXP 	Stim: image = 'TMTstop-A_1_1.png'
20.1485 	EXP 	Stim: autoDraw = True
20.6282 	DATA 	Keypress: 1
20.6829 	EXP 	Stim: image = 'TMTstop-A_1_1.png'
20.7344 	EXP 	Stim: image = 'TMTstop-A_1_1.png'
20.7830 	EXP 	Stim: image = 'TMTstop-A_1_1.png'
20.8275 	DATA 	Keypress: 2
20.8329 	EXP 	Stim: image = 'TMTstop-A_1_1.png'
20.8776 	DATA 	Keypress: 3
20.8777 	DATA 	Keypress: 1
20.8830 	EXP 	Stim: image = 'TMTstop-A_1_1.png'
20.9279 	DATA 	Keypress: 2
20.9328 	EXP 	Stim: image = 'TMTstop-A_1_1.png'
20.9829 	EXP 	Stim: image = 'TMTstop-A_1_1.png'
21.0329 	EXP 	Stim: image = 'TMTstop-A_1_1.png'
21.0782 	DATA 	Keypress: 3
21.0850 	EXP 	Stim: image = 'TMTstop-A_1_1.png'
21.1277 	DATA 	Keypress: 1
21.1328 	EXP 	Stim: image = 'TMTstop-A_1_1.png'
21.1830 	EXP 	Stim: image = 'TMTstop-A_1_1.png'
21.2277 	DATA 	Keypress: 1
21.2278 	DATA 	Keypress: 2
21.2332 	EXP 	Stim: image = 'TMTstop-A_1_1.png'
21.2366 	EXP 	New trial (rep=0, index=1): {'NumberLetter': 2, 'corrAns': ['1'], 'StimFile': 'TMTstop-A_1_1.png', 'Correct_StimFile': 'TMTstop-A_1_1firstgreen.png', 'False_StimFile': 'TMTstop-A_1_1firstred.png', 'DurationTrial': 10}
21.3164 	EXP 	Stim: autoDraw = False
21.3164 	EXP 	Stim: image = 'TMTstop-A_1_1firstgreen.png'
21.3164 	EXP 	Stim: image = 'TMTstop-A_1_1firstgreen.png'
21.3164 	EXP 	Stim: autoDraw = True
21.4288 	DATA 	Keypress: 2
21.5954 	DATA 	Keypress: 3
21.6502 	EXP 	Stim: image = 'TMTstop-A_1_1firstred.png'
21.6999 	EXP 	Stim: image = 'TMTstop-A_1_1firstred.png'
21.7500 	EXP 	Stim: image = 'TMTstop-A_1_1firstred.png'
21.8001 	EXP 	Stim: image = 'TMTstop-A_1_1firstred.png'
21.8033 	EXP 	New trial (rep=0, index=2): {'NumberLetter': 3, 'corrAns': ['2'], 'StimFile': 'TMTstop-A_1_1linestimulus0.png', 'Correct_StimFile': 'TMTstop-A_1_1greenlinestimulus0.png', 'False_StimFile': 'TMTstop-A_1_1redlinestimulus0.png', 'DurationTrial': 10}
21.8780 	DATA 	Keypress: 1
21.8781 	DATA 	Keypress: 3
21.8782 	DATA 	Keypress: 2
21.8833 	EXP 	Stim: autoDraw = False
21.8833 	EXP 	Stim: image = 'TMTstop-A_1_1greenlinestimulus0.png'
21.8833 	EXP 	Stim: image = 'TMTstop-A_1_1greenlinestimulus0.png'
21.8833 	EXP 	Stim: autoDraw = True
21.8862 	EXP 	New trial (rep=0, index=3): {'NumberLetter': 4, 'corrAns': ['3'], 'StimFile': 'TMTstop-A_1_1linestimulus1.png', 'Correct_StimFile': 'TMTstop-A_1_1greenlinestimulus1.png', 'False_StimFile': 'TMTstop-A_1_1redlinestimulus1.png', 'DurationTrial': 10}
21.9667 	EXP 	Stim: autoDraw = False
21.9667 	EXP 	Stim: image = 'TMTstop-A_1_1greenlinestimulus1.png'
21.9667 	EXP 	Stim: image = 'TMTstop-A_1_1greenlinestimulus1.png'
21.9667 	EXP 	Stim: autoDraw = True
21.9956 	DATA 	Keypress: 3
22.0039 	EXP 	New trial (rep=0, index=4): {'NumberLetter': 5, 'corrAns': ['2'], 'StimFile': 'TMTstop-A_1_1linestimulus2.png', 'Correct_StimFile': 'TMTstop-A_1_1greenlinestimulus2.png', 'False_StimFile': 'TMTstop-A_1_1redlinestimulus2.png', 'DurationTrial': 10}
22.0785 	DATA 	Keypress: 1
22.0787 	DATA 	Keypress: 2
22.0835 	EXP 	Stim: autoDraw = False
22.0835 	EXP 	Stim: image = 'TMTstop-A_1_1greenlinestimulus2.png'
22.0835 	EXP 	Stim: image = 'TMTstop-A_1_1greenlinestimulus2.png'
22.0835 	EXP 	Stim: autoDraw = True
22.1790 	DATA 	Keypress: 1
22.2283 	DATA 	Keypress: 3
22.2341 	EXP 	Stim: image = 'TMTstop-A_1_1redlinestimulus2.png'
22.2377 	EXP 	New trial (rep=0, index=5): {'NumberLetter': 6, 'corrAns': ['3'], 'StimFile': 'TMTstop-A_1_1linestimulus3.png', 'Correct_StimFile': 'TMTstop-A_1_1greenlinestimulus3.png', 'False_StimFile': 'TMTstop-A_1_1redlinestimulus3.png', 'DurationTrial': 10}
22.3116 	DATA 	Keypress: 2
22.3175 	EXP 	Stim: autoDraw = False
22.3175 	EXP 	Stim: image = 'TMTstop-A_1_1greenlinestimulus3.png'
22.3175 	EXP 	Stim: image = 'TMTstop-A_1_1greenlinestimulus3.png'
22.3175 	EXP 	Stim: autoDraw = True
22.3457 	DATA 	Keypress: 3
22.3538 	EXP 	New trial (rep=0, index=6): {'NumberLetter': 7, 'corrAns': ['2'], 'StimFile': 'TMTstop-A_1_1linestimulus4.png', 'Correct_StimFile': 'TMTstop-A_1_1greenlinestimulus4.png', 'False_StimFile': 'TMTstop-A_1_1redlinestimulus4.png', 'DurationTrial': 10}
22.4284 	DATA 	Keypress: 1
22.4284 	DATA 	Keypress: 2
22.4338 	EXP 	Stim: autoDraw = False
22.4338 	EXP 	Stim: image = 'TMTstop-A_1_1greenlinestimulus4.png'
22.4338 	EXP 	Stim: image = 'TMTstop-A_1_1greenlinestimulus4.png'
22.4338 	EXP 	Stim: autoDraw = True
22.5284 	DATA 	Keypress: 1
22.5338 	EXP 	Stim: image = 'TMTstop-A_1_1redlinestimulus4.png'
22.5784 	DATA 	Keypress: 3
22.5837 	EXP 	Stim: image = 'TMTstop-A_1_1redlinestimulus4.png'
22.6284 	DATA 	Keypress: 2
22.6337 	EXP 	Stim: image = 'TMTstop-A_1_1redlinestimulus4.png'
22.6372 	EXP 	New trial (rep=0, index=7): {'NumberLetter': 8, 'corrAns': ['1'], 'StimFile': 'TMTstop-A_1_1linestimulus5.png', 'Correct_StimFile': 'TMTstop-A_1_1greenlinestimulus5.png', 'False_StimFile': 'TMTstop-A_1_1redlinestimulus5.png', 'DurationTrial': 10}
22.7118 	DATA 	Keypress: 3
22.7119 	DATA 	Keypress: 1
22.7172 	EXP 	Stim: autoDraw = False
22.7172 	EXP 	Stim: image = 'TMTstop-A_1_1greenlinestimulus5.png'
22.7172 	EXP 	Stim: image = 'TMTstop-A_1_1greenlinestimulus5.png'
22.7172 	EXP 	Stim: autoDraw = True
22.7618 	DATA 	Keypress: 2
22.7674 	EXP 	Stim: image = 'TMTstop-A_1_1redlinestimulus5.png'
22.8173 	EXP 	Stim: image = 'TMTstop-A_1_1redlinestimulus5.png'
22.8618 	DATA 	Keypress: 1
22.8671 	EXP 	Stim: image = 'TMTstop-A_1_1redlinestimulus5.png'
22.8704 	EXP 	New trial (rep=0, index=8): {'NumberLetter': 9, 'corrAns': ['2'], 'StimFile': 'TMTstop-A_1_1linestimulus6.png', 'Correct_StimFile': 'TMTstop-A_1_1greenlinestimulus6.png', 'False_StimFile': 'TMTstop-A_1_1redlinestimulus6.png', 'DurationTrial': 10}
22.9453 	DATA 	Keypress: 3
22.9454 	DATA 	Keypress: 2
22.9507 	EXP 	Stim: autoDraw = False
22.9507 	EXP 	Stim: image = 'TMTstop-A_1_1greenlinestimulus6.png'
22.9507 	EXP 	Stim: image = 'TMTstop-A_1_1greenlinestimulus6.png'
22.9507 	EXP 	Stim: autoDraw = True
22.9540 	EXP 	New trial (rep=0, index=9): {'NumberLetter': 10, 'corrAns': ['1'], 'StimFile': 'TMTstop-A_1_1linestimulus7.png', 'Correct_StimFile': 'TMTstop-A_1_1greenlinestimulus7.png', 'False_StimFile': 'TMTstop-A_1_1redlinestimulus7.png', 'DurationTrial': 10}
23.0340 	EXP 	Stim: autoDraw = False
23.0340 	EXP 	Stim: image = 'TMTstop-A_1_1greenlinestimulus7.png'
23.0340 	EXP 	Stim: image = 'TMTstop-A_1_1greenlinestimulus7.png'
23.0340 	EXP 	Stim: autoDraw = True
23.0460 	DATA 	Keypress: 3
23.0953 	DATA 	Keypress: 1
23.1011 	EXP 	Stim: image = 'TMTstop-A_1_1redlinestimulus7.png'
23.1454 	DATA 	Keypress: 2
23.1507 	EXP 	Stim: image = 'TMTstop-A_1_1redlinestimulus7.png'
23.1953 	DATA 	Keypress: 1
23.2007 	EXP 	Stim: image = 'TMTstop-A_1_1redlinestimulus7.png'
23.2043 	EXP 	New trial (rep=0, index=10): {'NumberLetter': 11, 'corrAns': ['2'], 'StimFile': 'TMTstop-A_1_1linestimulus8.png', 'Correct_StimFile': 'TMTstop-A_1_1greenlinestimulus8.png', 'False_StimFile': 'TMTstop-A_1_1redlinestimulus8.png', 'DurationTrial': 10}
23.2787 	DATA 	Keypress: 2
23.2788 	DATA 	Keypress: 3
23.2839 	EXP 	Stim: autoDraw = False
23.2839 	EXP 	Stim: image = 'TMTstop-A_1_1greenlinestimulus8.png'
23.2839 	EXP 	Stim: image = 'TMTstop-A_1_1greenlinestimulus8.png'
23.2839 	EXP 	Stim: autoDraw = True
23.2872 	EXP 	New trial (rep=0, index=11): {'NumberLetter': 12, 'corrAns': ['3'], 'StimFile': 'TMTstop-A_1_1linestimulus9.png', 'Correct_StimFile': 'TMTstop-A_1_1greenlinestimulus9.png', 'False_StimFile': 'TMTstop-A_1_1redlinestimulus9.png', 'DurationTrial': 10}
23.3674 	EXP 	Stim: autoDraw = False
23.3674 	EXP 	Stim: image = 'TMTstop-A_1_1greenlinestimulus9.png'
23.3674 	EXP 	Stim: image = 'TMTstop-A_1_1greenlinestimulus9.png'
23.3674 	EXP 	Stim: autoDraw = True
23.3797 	DATA 	Keypress: 3
23.3875 	EXP 	New trial (rep=0, index=12): {'NumberLetter': 13, 'corrAns': ['2'], 'StimFile': 'TMTstop-A_1_1linestimulus10.png', 'Correct_StimFile': 'TMTstop-A_1_1greenlinestimulus10.png', 'False_StimFile': 'TMTstop-A_1_1redlinestimulus10.png', 'DurationTrial': 1}
23.4623 	DATA 	Keypress: 1
23.4624 	DATA 	Keypress: 2
23.4676 	EXP 	Stim: autoDraw = False
23.4676 	EXP 	Stim: image = 'TMTstop-A_1_1greenlinestimulus10.png'
23.4676 	EXP 	Stim: image = 'TMTstop-A_1_1greenlinestimulus10.png'
23.4676 	EXP 	Stim: autoDraw = True
23.5130 	DATA 	Keypress: 1
23.5676 	EXP 	Stim: image = 'TMTstop-A_1_1redlinestimulus10.png'
23.6122 	DATA 	Keypress: 3
23.6122 	DATA 	Keypress: 2
23.6175 	EXP 	Stim: image = 'TMTstop-A_1_1redlinestimulus10.png'
23.6208 	EXP 	New trial (rep=0, index=13): {'NumberLetter': 14, 'corrAns': ['3'], 'StimFile': 'TMTstop-A_1_1linestimulus11.png', 'Correct_StimFile': 'TMTstop-A_1_1greenlinestimulus11.png', 'False_StimFile': 'TMTstop-A_1_1redlinestimulus11.png', 'DurationTrial': None}
23.7008 	EXP 	Stim: autoDraw = False
23.7008 	EXP 	Stim: image = 'TMTstop-A_1_1greenlinestimulus11.png'
23.7008 	EXP 	Stim: image = 'TMTstop-A_1_1greenlinestimulus11.png'
23.7008 	EXP 	Stim: autoDraw = True
23.7043 	EXP 	New trial (rep=0, index=14): {'NumberLetter': 15, 'corrAns': ['1'], 'StimFile': 'TMTstop-A_1_1linestimulus12.png', 'Correct_StimFile': 'TMTstop-A_1_1greenlinestimulus12.png', 'False_StimFile': 'TMTstop-A_1_1redlinestimulus12.png', 'DurationTrial': None}
23.7789 	DATA 	Keypress: 3
23.7791 	DATA 	Keypress: 1
23.7841 	EXP 	Stim: autoDraw = False
23.7841 	EXP 	Stim: image = 'TMTstop-A_1_1greenlinestimulus12.png'
23.7841 	EXP 	Stim: image = 'TMTstop-A_1_1greenlinestimulus12.png'
23.7841 	EXP 	Stim: autoDraw = True
23.7966 	DATA 	Keypress: 2
23.8549 	EXP 	New trial (rep=0, index=15): {'NumberLetter': 16, 'corrAns': ['3'], 'StimFile': 'TMTstop-A_1_1linestimulus13.png', 'Correct_StimFile': 'TMTstop-A_1_1greenlinestimulus13.png', 'False_StimFile': 'TMTstop-A_1_1redlinestimulus13.png', 'DurationTrial': None}
23.9294 	DATA 	Keypress: 1
23.9295 	DATA 	Keypress: 3
23.9296 	DATA 	Keypress: 2
23.9345 	EXP 	Stim: autoDraw = False
23.9345 	EXP 	Stim: image = 'TMTstop-A_1_1greenlinestimulus13.png'
23.9345 	EXP 	Stim: image = 'TMTstop-A_1_1greenlinestimulus13.png'
23.9345 	EXP 	Stim: autoDraw = True
23.9847 	EXP 	Stim: image = 'TMTstop-A_1_1redlinestimulus13.png'
24.0292 	DATA 	Keypress: 3
24.0345 	EXP 	Stim: image = 'TMTstop-A_1_1redlinestimulus13.png'
24.0378 	EXP 	New trial (rep=0, index=16): {'NumberLetter': 17, 'corrAns': ['2'], 'StimFile': 'TMTstop-A_1_1linestimulus14.png', 'Correct_StimFile': 'TMTstop-A_1_1greenlinestimulus14.png', 'False_StimFile': 'TMTstop-A_1_1redlinestimulus14.png', 'DurationTrial': None}
24.1125 	DATA 	Keypress: 1
24.1179 	EXP 	Stim: autoDraw = False
24.1179 	EXP 	Stim: image = 'TMTstop-A_1_1greenlinestimulus14.png'
24.1179 	EXP 	Stim: image = 'TMTstop-A_1_1greenlinestimulus14.png'
24.1179 	EXP 	Stim: autoDraw = True
24.1298 	DATA 	Keypress: 2
24.2134 	DATA 	Keypress: 1
24.2626 	DATA 	Keypress: 3
24.2683 	EXP 	Stim: image = 'TMTstop-A_1_1redlinestimulus14.png'
24.3178 	EXP 	Stim: image = 'TMTstop-A_1_1redlinestimulus14.png'
24.3630 	DATA 	Keypress: 2
24.3688 	EXP 	Stim: image = 'TMTstop-A_1_1redlinestimulus14.png'
24.3722 	EXP 	New trial (rep=0, index=17): {'NumberLetter': 18, 'corrAns': ['3'], 'StimFile': 'TMTstop-A_1_1linestimulus15.png', 'Correct_StimFile': 'TMTstop-A_1_1greenlinestimulus15.png', 'False_StimFile': 'TMTstop-A_1_1redlinestimulus15.png', 'DurationTrial': None}
24.4460 	DATA 	Keypress: 3
24.4461 	DATA 	Keypress: 1
24.4512 	EXP 	Stim: autoDraw = False
24.4512 	EXP 	Stim: image = 'TMTstop-A_1_1greenlinestimulus15.png'
24.4512 	EXP 	Stim: image = 'TMTstop-A_1_1greenlinestimulus15.png'
24.4512 	EXP 	Stim: autoDraw = True
24.4545 	EXP 	New trial (rep=0, index=18): {'NumberLetter': 19, 'corrAns': ['1'], 'StimFile': 'TMTstop-A_1_1linestimulus16.png', 'Correct_StimFile': 'TMTstop-A_1_1greenlinestimulus16.png', 'False_StimFile': 'TMTstop-A_1_1redlinestimulus16.png', 'DurationTrial': None}
24.5295 	DATA 	Keypress: 2
24.5347 	EXP 	Stim: autoDraw = False
24.5347 	EXP 	Stim: image = 'TMTstop-A_1_1greenlinestimulus16.png'
24.5347 	EXP 	Stim: image = 'TMTstop-A_1_1greenlinestimulus16.png'
24.5347 	EXP 	Stim: autoDraw = True
24.5636 	DATA 	Keypress: 1
24.5716 	EXP 	New trial (rep=0, index=19): {'NumberLetter': 20, 'corrAns': ['3'], 'StimFile': 'TMTstop-A_1_1linestimulus17.png', 'Correct_StimFile': 'TMTstop-A_1_1greenlinestimulus17.png', 'False_StimFile': 'TMTstop-A_1_1redlinestimulus17.png', 'DurationTrial': None}
24.6460 	DATA 	Keypress: 2
24.6461 	DATA 	Keypress: 3
24.6516 	EXP 	Stim: autoDraw = False
24.6516 	EXP 	Stim: image = 'TMTstop-A_1_1greenlinestimulus17.png'
24.6516 	EXP 	Stim: image = 'TMTstop-A_1_1greenlinestimulus17.png'
24.6516 	EXP 	Stim: autoDraw = True
24.7017 	EXP 	Stim: image = 'TMTstop-A_1_1redlinestimulus17.png'
24.7514 	EXP 	Stim: image = 'TMTstop-A_1_1redlinestimulus17.png'
24.7551 	EXP 	New trial (rep=0, index=20): {'NumberLetter': 21, 'corrAns': ['1'], 'StimFile': 'TMTstop-A_1_1linestimulus18.png', 'Correct_StimFile': 'TMTstop-A_1_1greenlinestimulus18.png', 'False_StimFile': 'TMTstop-A_1_1redlinestimulus18.png', 'DurationTrial': None}
24.8295 	DATA 	Keypress: 3
24.8296 	DATA 	Keypress: 1
24.8297 	DATA 	Keypress: 2
24.8347 	EXP 	Stim: autoDraw = False
24.8347 	EXP 	Stim: image = 'TMTstop-A_1_1greenlinestimulus18.png'
24.8347 	EXP 	Stim: image = 'TMTstop-A_1_1greenlinestimulus18.png'
24.8347 	EXP 	Stim: autoDraw = True
24.9135 	DATA 	Keypress: 1
24.9215 	EXP 	New trial (rep=0, index=21): {'NumberLetter': 22, 'corrAns': ['3'], 'StimFile': 'TMTstop-A_1_1linestimulus19.png', 'Correct_StimFile': 'TMTstop-A_1_1greenlinestimulus19.png', 'False_StimFile': 'TMTstop-A_1_1redlinestimulus19.png', 'DurationTrial': None}
24.9962 	DATA 	Keypress: 3
24.9963 	DATA 	Keypress: 2
25.0014 	EXP 	Stim: autoDraw = False
25.0014 	EXP 	Stim: image = 'TMTstop-A_1_1greenlinestimulus19.png'
25.0014 	EXP 	Stim: image = 'TMTstop-A_1_1greenlinestimulus19.png'
25.0014 	EXP 	Stim: autoDraw = True
25.0516 	EXP 	Stim: image = 'TMTstop-A_1_1redlinestimulus19.png'
25.1016 	EXP 	Stim: image = 'TMTstop-A_1_1redlinestimulus19.png'
25.1517 	EXP 	Stim: image = 'TMTstop-A_1_1redlinestimulus19.png'
25.1969 	DATA 	Keypress: 1
25.2038 	EXP 	Stim: image = 'TMTstop-A_1_1redlinestimulus19.png'
25.2464 	DATA 	Keypress: 2
25.2516 	EXP 	Stim: image = 'TMTstop-A_1_1redlinestimulus19.png'
25.3015 	EXP 	Stim: image = 'TMTstop-A_1_1redlinestimulus19.png'
25.3517 	EXP 	Stim: image = 'TMTstop-A_1_1redlinestimulus19.png'
25.4016 	EXP 	Stim: image = 'TMTstop-A_1_1redlinestimulus19.png'
25.4515 	EXP 	Stim: image = 'TMTstop-A_1_1redlinestimulus19.png'
25.4965 	DATA 	Keypress: 1
25.5018 	EXP 	Stim: image = 'TMTstop-A_1_1redlinestimulus19.png'
25.5464 	DATA 	Keypress: 2
25.5518 	EXP 	Stim: image = 'TMTstop-A_1_1redlinestimulus19.png'
25.6017 	EXP 	Stim: image = 'TMTstop-A_1_1redlinestimulus19.png'
25.6466 	DATA 	Keypress: 3
25.6518 	EXP 	Stim: image = 'TMTstop-A_1_1redlinestimulus19.png'
25.6551 	EXP 	New trial (rep=0, index=22): {'NumberLetter': 23, 'corrAns': ['1'], 'StimFile': 'TMTstop-A_1_1linestimulus20.png', 'Correct_StimFile': 'TMTstop-A_1_1greenlinestimulus20.png', 'False_StimFile': 'TMTstop-A_1_1redlinestimulus20.png', 'DurationTrial': None}
25.7299 	DATA 	Keypress: 1
25.7300 	DATA 	Keypress: 2
25.7353 	EXP 	Stim: autoDraw = False
25.7353 	EXP 	Stim: image = 'TMTstop-A_1_1greenlinestimulus20.png'
25.7353 	EXP 	Stim: image = 'TMTstop-A_1_1greenlinestimulus20.png'
25.7353 	EXP 	Stim: autoDraw = True
25.7974 	DATA 	Keypress: 1
25.8054 	EXP 	New trial (rep=0, index=23): {'NumberLetter': 24, 'corrAns': ['2'], 'StimFile': 'TMTstop-A_1_1linestimulus21.png', 'Correct_StimFile': 'TMTstop-A_1_1greenlinestimulus21.png', 'False_StimFile': 'TMTstop-A_1_1redlinestimulus21.png', 'DurationTrial': None}
25.8802 	DATA 	Keypress: 2
25.8803 	DATA 	Keypress: 3
25.8853 	EXP 	Stim: autoDraw = False
25.8853 	EXP 	Stim: image = 'TMTstop-A_1_1greenlinestimulus21.png'
25.8853 	EXP 	Stim: image = 'TMTstop-A_1_1greenlinestimulus21.png'
25.8853 	EXP 	Stim: autoDraw = True
25.8888 	EXP 	New trial (rep=0, index=24): {'NumberLetter': 25, 'corrAns': ['3'], 'StimFile': 'TMTstop-A_1_1linestimulus22.png', 'Correct_StimFile': 'TMTstop-A_1_1greenlinestimulus22.png', 'False_StimFile': 'TMTstop-A_1_1redlinestimulus22.png', 'DurationTrial': None}
25.9803 	DATA 	Keypress: 3
25.9856 	EXP 	Stim: autoDraw = False
25.9856 	EXP 	Stim: image = 'TMTstop-A_1_1greenlinestimulus22.png'
25.9856 	EXP 	Stim: image = 'TMTstop-A_1_1greenlinestimulus22.png'
25.9856 	EXP 	Stim: autoDraw = True
25.9890 	EXP 	New trial (rep=0, index=25): {'NumberLetter': None, 'corrAns': None, 'StimFile': 'TMTstop-A_1_1linestimulus23.png', 'Correct_StimFile': 'TMTstop-A_1_1greenlinestimulus23.png', 'False_StimFile': 'TMTstop-A_1_1redlinestimulus23.png', 'DurationTrial': None}
26.0633 	DATA 	Keypress: 1
26.0634 	DATA 	Keypress: 2
26.0686 	EXP 	Stim: autoDraw = False
26.0686 	EXP 	Stim: image = 'TMTstop-A_1_1greenlinestimulus23.png'
26.0686 	EXP 	Stim: image = 'TMTstop-A_1_1greenlinestimulus23.png'
26.0686 	EXP 	Stim: autoDraw = True
26.1477 	DATA 	Keypress: 1
26.2025 	EXP 	Stim: image = 'TMTstop-A_1_1redlinestimulus23.png'
26.2471 	DATA 	Keypress: 3
26.2471 	DATA 	Keypress: 2
26.2523 	EXP 	Stim: image = 'TMTstop-A_1_1redlinestimulus23.png'
26.3021 	EXP 	Stim: image = 'TMTstop-A_1_1redlinestimulus23.png'
26.3468 	DATA 	Keypress: 3
26.3521 	EXP 	Stim: image = 'TMTstop-A_1_1redlinestimulus23.png'
26.3970 	DATA 	Keypress: 1
26.4023 	EXP 	Stim: image = 'TMTstop-A_1_1redlinestimulus23.png'
26.4469 	DATA 	Keypress: 2
26.4521 	EXP 	Stim: image = 'TMTstop-A_1_1redlinestimulus23.png'
26.5023 	EXP 	Stim: image = 'TMTstop-A_1_1redlinestimulus23.png'
26.5469 	DATA 	Keypress: 3
26.5522 	EXP 	Stim: image = 'TMTstop-A_1_1redlinestimulus23.png'
26.6022 	EXP 	Stim: image = 'TMTstop-A_1_1redlinestimulus23.png'
26.6524 	EXP 	Stim: image = 'TMTstop-A_1_1redlinestimulus23.png'
26.7024 	EXP 	Stim: image = 'TMTstop-A_1_1redlinestimulus23.png'
26.7523 	EXP 	Stim: image = 'TMTstop-A_1_1redlinestimulus23.png'
26.8022 	EXP 	Stim: image = 'TMTstop-A_1_1redlinestimulus23.png'
26.8523 	EXP 	Stim: image = 'TMTstop-A_1_1redlinestimulus23.png'
26.9023 	EXP 	Stim: image = 'TMTstop-A_1_1redlinestimulus23.png'
26.9525 	EXP 	Stim: image = 'TMTstop-A_1_1redlinestimulus23.png'
27.0025 	EXP 	Stim: image = 'TMTstop-A_1_1redlinestimulus23.png'
27.0525 	EXP 	Stim: image = 'TMTstop-A_1_1redlinestimulus23.png'
27.2006 	EXP 	Stim: image = 'TMTstop-A_1_1redlinestimulus23.png'
27.2006 	EXP 	Stim: autoDraw = False
27.2006 	EXP 	polygon: autoDraw = True
30.1025 	EXP 	New trial (rep=0, index=1): {'Block_file': 'TMTstop-A_1_2.xlsx', 'Condition_rows': '26:52'}
30.1127 	EXP 	Imported TMTstop-A_1_2.xlsx as conditions, 26 conditions, 7 params
30.1130 	EXP 	Created sequence: sequential, trialTypes=26, nReps=1, seed=None
30.1132 	EXP 	New trial (rep=0, index=0): {'NumberLetter': 1, 'corrAns': ['3'], 'Correct': 3, 'StimFile': 'TMTstop-A_1_2.png', 'Correct_StimFile': 'TMTstop-A_1_2.png', 'False_StimFile': 'TMTstop-A_1_2.png', 'DurationTrial': 10}
30.1538 	EXP 	polygon: autoDraw = False
30.1538 	EXP 	Stim: image = 'TMTstop-A_1_2.png'
30.1538 	EXP 	Stim: autoDraw = True
30.6161 	DATA 	Keypress: 1
30.6707 	EXP 	Stim: image = 'TMTstop-A_1_2.png'
30.7208 	EXP 	Stim: image = 'TMTstop-A_1_2.png'
30.7655 	DATA 	Keypress: 2
30.7708 	EXP 	Stim: image = 'TMTstop-A_1_2.png'
30.8208 	EXP 	Stim: image = 'TMTstop-A_1_2.png'
30.8655 	DATA 	Keypress: 3
30.8656 	DATA 	Keypress: 1
30.8708 	EXP 	Stim: image = 'TMTstop-A_1_2.png'
30.8744 	EXP 	New trial (rep=0, index=1): {'NumberLetter': 2, 'corrAns': ['2'], 'Correct': 2, 'StimFile': 'TMTstop-A_1_2.png', 'Correct_StimFile': 'TMTstop-A_1_2firstgreen.png', 'False_StimFile': 'TMTstop-A_1_2firstred.png', 'DurationTrial': 10}
30.9323 	DATA 	Keypress: 2
30.9379 	EXP 	Stim: autoDraw = False
30.9379 	EXP 	Stim: image = 'TMTstop-A_1_2firstgreen.png'
30.9379 	EXP 	Stim: image = 'TMTstop-A_1_2firstgreen.png'
30.9379 	EXP 	Stim: autoDraw = True
31.0329 	DATA 	Keypress: 1
31.0824 	DATA 	Keypress: 3
31.0878 	EXP 	Stim: image = 'TMTstop-A_1_2firstred.png'
31.1325 	DATA 	Keypress: 2
31.1376 	EXP 	Stim: image = 'TMTstop-A_1_2firstred.png'
31.1409 	EXP 	New trial (rep=0, index=2): {'NumberLetter': 3, 'corrAns': ['3'], 'Correct': 3, 'StimFile': 'TMTstop-A_1_2linestimulus0.png', 'Correct_StimFile': 'TMTstop-A_1_2greenlinestimulus0.png', 'False_StimFile': 'TMTstop-A_1_2redlinestimulus0.png', 'DurationTrial': 10}
31.2157 	DATA 	Keypress: 3
31.2212 	EXP 	Stim: autoDraw = False
31.2212 	EXP 	Stim: image = 'TMTstop-A_1_2greenlinestimulus0.png'
31.2212 	EXP 	Stim: image = 'TMTstop-A_1_2greenlinestimulus0.png'
31.2212 	EXP 	Stim: autoDraw = True
31.2241 	EXP 	New trial (rep=0, index=3): {'NumberLetter': 4, 'corrAns': ['1'], 'Correct': 1, 'StimFile': 'TMTstop-A_1_2linestimulus1.png', 'Correct_StimFile': 'TMTstop-A_1_2greenlinestimulus1.png', 'False_StimFile': 'TMTstop-A_1_2redlinestimulus1.png', 'DurationTrial': 10}
31.2991 	DATA 	Keypress: 1
31.2992 	DATA 	Keypress: 2
31.3043 	EXP 	Stim: autoDraw = False
31.3043 	EXP 	Stim: image = 'TMTstop-A_1_2greenlinestimulus1.png'
31.3043 	EXP 	Stim: image = 'TMTstop-A_1_2greenlinestimulus1.png'
31.3043 	EXP 	Stim: autoDraw = True
31.3667 	DATA 	Keypress: 1
31.3750 	EXP 	New trial (rep=0, index=4): {'NumberLetter': 5, 'corrAns': ['2'], 'Correct': 2, 'StimFile': 'TMTstop-A_1_2linestimulus2.png', 'Correct_StimFile': 'TMTstop-A_1_2greenlinestimulus2.png', 'False_StimFile': 'TMTstop-A_1_2redlinestimulus2.png', 'DurationTrial': 10}
31.4492 	DATA 	Keypress: 3
31.4492 	DATA 	Keypress: 2
31.4544 	EXP 	Stim: autoDraw = False
31.4544 	EXP 	Stim: image = 'TMTstop-A_1_2greenlinestimulus2.png'
31.4544 	EXP 	Stim: image = 'TMTstop-A_1_2greenlinestimulus2.png'
31.4544 	EXP 	Stim: autoDraw = True
31.4577 	EXP 	New trial (rep=0, index=5): {'NumberLetter': 6, 'corrAns': ['3'], 'Correct': 3, 'StimFile': 'TMTstop-A_1_2linestimulus3.png', 'Correct_StimFile': 'TMTstop-A_1_2greenlinestimulus3.png', 'False_StimFile': 'TMTstop-A_1_2redlinestimulus3.png', 'DurationTrial': 10}
31.5216 	EXP 	Stim: autoDraw = False
31.5216 	EXP 	Stim: image = 'TMTstop-A_1_2greenlinestimulus3.png'
31.5216 	EXP 	Stim: image = 'TMTstop-A_1_2greenlinestimulus3.png'
31.5216 	EXP 	Stim: autoDraw = True
31.5334 	DATA 	Keypress: 3
31.5416 	EXP 	New trial (rep=0, index=6): {'NumberLetter': 7, 'corrAns': ['2'], 'Correct': 2, 'StimFile': 'TMTstop-A_1_2linestimulus4.png', 'Correct_StimFile': 'TMTstop-A_1_2greenlinestimulus4.png', 'False_StimFile': 'TMTstop-A_1_2redlinestimulus4.png', 'DurationTrial': 10}
31.6159 	DATA 	Keypress: 1
31.6160 	DATA 	Keypress: 2
31.6211 	EXP 	Stim: autoDraw = False
31.6211 	EXP 	Stim: image = 'TMTstop-A_1_2greenlinestimulus4.png'
31.6211 	EXP 	Stim: image = 'TMTstop-A_1_2greenlinestimulus4.png'
31.6211 	EXP 	Stim: autoDraw = True
31.6833 	DATA 	Keypress: 1
31.7336 	DATA 	Keypress: 3
31.7386 	EXP 	Stim: image = 'TMTstop-A_1_2redlinestimulus4.png'
31.7826 	DATA 	Keypress: 2
31.7879 	EXP 	Stim: image = 'TMTstop-A_1_2redlinestimulus4.png'
31.7911 	EXP 	New trial (rep=0, index=7): {'NumberLetter': 8, 'corrAns': ['1'], 'Correct': 1, 'StimFile': 'TMTstop-A_1_2linestimulus5.png', 'Correct_StimFile': 'TMTstop-A_1_2greenlinestimulus5.png', 'False_StimFile': 'TMTstop-A_1_2redlinestimulus5.png', 'DurationTrial': 10}
31.8661 	DATA 	Keypress: 3
31.8714 	EXP 	Stim: autoDraw = False
31.8714 	EXP 	Stim: image = 'TMTstop-A_1_2greenlinestimulus5.png'
31.8714 	EXP 	Stim: image = 'TMTstop-A_1_2greenlinestimulus5.png'
31.8714 	EXP 	Stim: autoDraw = True
31.9161 	DATA 	Keypress: 1
31.9217 	EXP 	Stim: image = 'TMTstop-A_1_2redlinestimulus5.png'
31.9672 	DATA 	Keypress: 2
31.9720 	EXP 	Stim: image = 'TMTstop-A_1_2redlinestimulus5.png'
32.0161 	DATA 	Keypress: 1
32.0214 	EXP 	Stim: image = 'TMTstop-A_1_2redlinestimulus5.png'
32.0246 	EXP 	New trial (rep=0, index=8): {'NumberLetter': 9, 'corrAns': ['2'], 'Correct': 2, 'StimFile': 'TMTstop-A_1_2linestimulus6.png', 'Correct_StimFile': 'TMTstop-A_1_2greenlinestimulus6.png', 'False_StimFile': 'TMTstop-A_1_2redlinestimulus6.png', 'DurationTrial': 10}
32.0995 	DATA 	Keypress: 3
32.1048 	EXP 	Stim: autoDraw = False
32.1048 	EXP 	Stim: image = 'TMTstop-A_1_2greenlinestimulus6.png'
32.1048 	EXP 	Stim: image = 'TMTstop-A_1_2greenlinestimulus6.png'
32.1048 	EXP 	Stim: autoDraw = True
32.1171 	DATA 	Keypress: 2
32.1253 	EXP 	New trial (rep=0, index=9): {'NumberLetter': 10, 'corrAns': ['3'], 'Correct': 3, 'StimFile': 'TMTstop-A_1_2linestimulus7.png', 'Correct_StimFile': 'TMTstop-A_1_2greenlinestimulus7.png', 'False_StimFile': 'TMTstop-A_1_2redlinestimulus7.png', 'DurationTrial': 10}
32.1995 	DATA 	Keypress: 3
32.2048 	EXP 	Stim: autoDraw = False
32.2048 	EXP 	Stim: image = 'TMTstop-A_1_2greenlinestimulus7.png'
32.2048 	EXP 	Stim: image = 'TMTstop-A_1_2greenlinestimulus7.png'
32.2048 	EXP 	Stim: autoDraw = True
32.2083 	EXP 	New trial (rep=0, index=10): {'NumberLetter': 11, 'corrAns': ['1'], 'Correct': 1, 'StimFile': 'TMTstop-A_1_2linestimulus8.png', 'Correct_StimFile': 'TMTstop-A_1_2greenlinestimulus8.png', 'False_StimFile': 'TMTstop-A_1_2redlinestimulus8.png', 'DurationTrial': 10}
32.2829 	DATA 	Keypress: 1
32.2830 	DATA 	Keypress: 2
32.2881 	EXP 	Stim: autoDraw = False
32.2881 	EXP 	Stim: image = 'TMTstop-A_1_2greenlinestimulus8.png'
32.2881 	EXP 	Stim: image = 'TMTstop-A_1_2greenlinestimulus8.png'
32.2881 	EXP 	Stim: autoDraw = True
32.3169 	DATA 	Keypress: 1
32.3252 	EXP 	New trial (rep=0, index=11): {'NumberLetter': 12, 'corrAns': ['2'], 'Correct': 2, 'StimFile': 'TMTstop-A_1_2linestimulus9.png', 'Correct_StimFile': 'TMTstop-A_1_2greenlinestimulus9.png', 'False_StimFile': 'TMTstop-A_1_2redlinestimulus9.png', 'DurationTrial': 10}
32.3996 	DATA 	Keypress: 3
32.4054 	EXP 	Stim: autoDraw = False
32.4054 	EXP 	Stim: image = 'TMTstop-A_1_2greenlinestimulus9.png'
32.4054 	EXP 	Stim: image = 'TMTstop-A_1_2greenlinestimulus9.png'
32.4054 	EXP 	Stim: autoDraw = True
32.4087 	EXP 	New trial (rep=0, index=12): {'NumberLetter': 13, 'corrAns': ['3'], 'Correct': 3, 'StimFile': 'TMTstop-A_1_2linestimulus10.png', 'Correct_StimFile': 'TMTstop-A_1_2greenlinestimulus10.png', 'False_StimFile': 'TMTstop-A_1_2redlinestimulus10.png', 'DurationTrial': 1}
32.4830 	DATA 	Keypress: 2
32.4831 	DATA 	Keypress: 3
32.4884 	EXP 	Stim: autoDraw = False
32.4884 	EXP 	Stim: image = 'TMTstop-A_1_2greenlinestimulus10.png'
32.4884 	EXP 	Stim: image = 'TMTstop-A_1_2greenlinestimulus10.png'
32.4884 	EXP 	Stim: autoDraw = True
32.4918 	EXP 	New trial (rep=0, index=13): {'NumberLetter': 14, 'corrAns': ['1'], 'Correct': 1, 'StimFile': 'TMTstop-A_1_2linestimulus11.png', 'Correct_StimFile': 'TMTstop-A_1_2greenlinestimulus11.png', 'False_StimFile': 'TMTstop-A_1_2redlinestimulus11.png', 'DurationTrial': None}
32.5664 	DATA 	Keypress: 1
32.5717 	EXP 	Stim: autoDraw = False
32.5717 	EXP 	Stim: image = 'TMTstop-A_1_2greenlinestimulus11.png'
32.5717 	EXP 	Stim: image = 'TMTstop-A_1_2greenlinestimulus11.png'
32.5717 	EXP 	Stim: autoDraw = True
32.6173 	DATA 	Keypress: 2
32.6425 	EXP 	New trial (rep=0, index=14): {'NumberLetter': 15, 'corrAns': ['3'], 'Correct': 3, 'StimFile': 'TMTstop-A_1_2linestimulus12.png', 'Correct_StimFile': 'TMTstop-A_1_2greenlinestimulus12.png', 'False_StimFile': 'TMTstop-A_1_2redlinestimulus12.png', 'DurationTrial': None}
32.7165 	DATA 	Keypress: 1
32.7166 	DATA 	Keypress: 3
32.7216 	EXP 	Stim: autoDraw = False
32.7216 	EXP 	Stim: image = 'TMTstop-A_1_2greenlinestimulus12.png'
32.7216 	EXP 	Stim: image = 'TMTstop-A_1_2greenlinestimulus12.png'
32.7216 	EXP 	Stim: autoDraw = True
32.8166 	DATA 	Keypress: 2
32.8221 	EXP 	Stim: image = 'TMTstop-A_1_2redlinestimulus12.png'
32.8665 	DATA 	Keypress: 3
32.8719 	EXP 	Stim: image = 'TMTstop-A_1_2redlinestimulus12.png'
32.8753 	EXP 	New trial (rep=0, index=15): {'NumberLetter': 16, 'corrAns': ['1'], 'Correct': 1, 'StimFile': 'TMTstop-A_1_2linestimulus13.png', 'Correct_StimFile': 'TMTstop-A_1_2greenlinestimulus13.png', 'False_StimFile': 'TMTstop-A_1_2redlinestimulus13.png', 'DurationTrial': None}
32.9498 	DATA 	Keypress: 1
32.9499 	DATA 	Keypress: 2
32.9552 	EXP 	Stim: autoDraw = False
32.9552 	EXP 	Stim: image = 'TMTstop-A_1_2greenlinestimulus13.png'
32.9552 	EXP 	Stim: image = 'TMTstop-A_1_2greenlinestimulus13.png'
32.9552 	EXP 	Stim: autoDraw = True
32.9922 	EXP 	New trial (rep=0, index=16): {'NumberLetter': 17, 'corrAns': ['2'], 'Correct': 2, 'StimFile': 'TMTstop-A_1_2linestimulus14.png', 'Correct_StimFile': 'TMTstop-A_1_2greenlinestimulus14.png', 'False_StimFile': 'TMTstop-A_1_2redlinestimulus14.png', 'DurationTrial': None}
33.0666 	DATA 	Keypress: 1
33.0666 	DATA 	Keypress: 3
33.0718 	EXP 	Stim: autoDraw = False
33.0718 	EXP 	Stim: image = 'TMTstop-A_1_2greenlinestimulus14.png'
33.0718 	EXP 	Stim: image = 'TMTstop-A_1_2greenlinestimulus14.png'
33.0718 	EXP 	Stim: autoDraw = True
33.1088 	EXP 	New trial (rep=0, index=17): {'NumberLetter': 18, 'corrAns': ['1'], 'Correct': 1, 'StimFile': 'TMTstop-A_1_2linestimulus15.png', 'Correct_StimFile': 'TMTstop-A_1_2greenlinestimulus15.png', 'False_StimFile': 'TMTstop-A_1_2redlinestimulus15.png', 'DurationTrial': None}
33.1837 	DATA 	Keypress: 2
33.1897 	EXP 	Stim: autoDraw = False
33.1897 	EXP 	Stim: image = 'TMTstop-A_1_2greenlinestimulus15.png'
33.1897 	EXP 	Stim: image = 'TMTstop-A_1_2greenlinestimulus15.png'
33.1897 	EXP 	Stim: autoDraw = True
33.2174 	DATA 	Keypress: 3
33.2667 	DATA 	Keypress: 1
33.2722 	EXP 	Stim: image = 'TMTstop-A_1_2redlinestimulus15.png'
33.3167 	DATA 	Keypress: 2
33.3219 	EXP 	Stim: image = 'TMTstop-A_1_2redlinestimulus15.png'
33.3722 	EXP 	Stim: image = 'TMTstop-A_1_2redlinestimulus15.png'
33.4168 	DATA 	Keypress: 1
33.4221 	EXP 	Stim: image = 'TMTstop-A_1_2redlinestimulus15.png'
33.4254 	EXP 	New trial (rep=0, index=18): {'NumberLetter': 19, 'corrAns': ['3'], 'Correct': 3, 'StimFile': 'TMTstop-A_1_2linestimulus16.png', 'Correct_StimFile': 'TMTstop-A_1_2greenlinestimulus16.png', 'False_StimFile': 'TMTstop-A_1_2redlinestimulus16.png', 'DurationTrial': None}
33.5002 	DATA 	Keypress: 3
33.5002 	DATA 	Keypress: 2
33.5055 	EXP 	Stim: autoDraw = False
33.5055 	EXP 	Stim: image = 'TMTstop-A_1_2greenlinestimulus16.png'
33.5055 	EXP 	Stim: image = 'TMTstop-A_1_2greenlinestimulus16.png'
33.5055 	EXP 	Stim: autoDraw = True
33.5560 	EXP 	Stim: image = 'TMTstop-A_1_2redlinestimulus16.png'
33.6001 	DATA 	Keypress: 3
33.6002 	DATA 	Keypress: 1
33.6055 	EXP 	Stim: image = 'TMTstop-A_1_2redlinestimulus16.png'
33.6088 	EXP 	New trial (rep=0, index=19): {'NumberLetter': 20, 'corrAns': ['1'], 'Correct': 1, 'StimFile': 'TMTstop-A_1_2linestimulus17.png', 'Correct_StimFile': 'TMTstop-A_1_2greenlinestimulus17.png', 'False_StimFile': 'TMTstop-A_1_2redlinestimulus17.png', 'DurationTrial': None}
33.6836 	DATA 	Keypress: 2
33.6888 	EXP 	Stim: autoDraw = False
33.6888 	EXP 	Stim: image = 'TMTstop-A_1_2greenlinestimulus17.png'
33.6888 	EXP 	Stim: image = 'TMTstop-A_1_2greenlinestimulus17.png'
33.6888 	EXP 	Stim: autoDraw = True
33.7260 	EXP 	New trial (rep=0, index=20): {'NumberLetter': 21, 'corrAns': ['2'], 'Correct': 2, 'StimFile': 'TMTstop-A_1_2linestimulus18.png', 'Correct_StimFile': 'TMTstop-A_1_2greenlinestimulus18.png', 'False_StimFile': 'TMTstop-A_1_2redlinestimulus18.png', 'DurationTrial': None}
33.8002 	DATA 	Keypress: 1
33.8003 	DATA 	Keypress: 3
33.8004 	DATA 	Keypress: 2
33.8055 	EXP 	Stim: autoDraw = False
33.8055 	EXP 	Stim: image = 'TMTstop-A_1_2greenlinestimulus18.png'
33.8055 	EXP 	Stim: image = 'TMTstop-A_1_2greenlinestimulus18.png'
33.8055 	EXP 	Stim: autoDraw = True
33.8090 	EXP 	New trial (rep=0, index=21): {'NumberLetter': 22, 'corrAns': ['1'], 'Correct': 1, 'StimFile': 'TMTstop-A_1_2linestimulus19.png', 'Correct_StimFile': 'TMTstop-A_1_2greenlinestimulus19.png', 'False_StimFile': 'TMTstop-A_1_2redlinestimulus19.png', 'DurationTrial': None}
33.8894 	EXP 	Stim: autoDraw = False
33.8894 	EXP 	Stim: image = 'TMTstop-A_1_2greenlinestimulus19.png'
33.8894 	EXP 	Stim: image = 'TMTstop-A_1_2greenlinestimulus19.png'
33.8894 	EXP 	Stim: autoDraw = True
33.9674 	DATA 	Keypress: 3
33.9675 	DATA 	Keypress: 1
33.9729 	EXP 	Stim: image = 'TMTstop-A_1_2redlinestimulus19.png'
34.0171 	DATA 	Keypress: 2
34.0225 	EXP 	Stim: image = 'TMTstop-A_1_2redlinestimulus19.png'
34.0672 	DATA 	Keypress: 1
34.0725 	EXP 	Stim: image = 'TMTstop-A_1_2redlinestimulus19.png'
34.0759 	EXP 	New trial (rep=0, index=22): {'NumberLetter': 23, 'corrAns': ['2'], 'Correct': 2, 'StimFile': 'TMTstop-A_1_2linestimulus20.png', 'Correct_StimFile': 'TMTstop-A_1_2greenlinestimulus20.png', 'False_StimFile': 'TMTstop-A_1_2redlinestimulus20.png', 'DurationTrial': None}
34.1504 	DATA 	Keypress: 2
34.1505 	DATA 	Keypress: 3
34.1558 	EXP 	Stim: autoDraw = False
34.1558 	EXP 	Stim: image = 'TMTstop-A_1_2greenlinestimulus20.png'
34.1558 	EXP 	Stim: image = 'TMTstop-A_1_2greenlinestimulus20.png'
34.1558 	EXP 	Stim: autoDraw = True
34.1592 	EXP 	New trial (rep=0, index=23): {'NumberLetter': 24, 'corrAns': ['1'], 'Correct': 1, 'StimFile': 'TMTstop-A_1_2linestimulus21.png', 'Correct_StimFile': 'TMTstop-A_1_2greenlinestimulus21.png', 'False_StimFile': 'TMTstop-A_1_2redlinestimulus21.png', 'DurationTrial': None}
34.2394 	EXP 	Stim: autoDraw = False
34.2394 	EXP 	Stim: image = 'TMTstop-A_1_2greenlinestimulus21.png'
34.2394 	EXP 	Stim: image = 'TMTstop-A_1_2greenlinestimulus21.png'
34.2394 	EXP 	Stim: autoDraw = True
34.2838 	DATA 	Keypress: 3
34.2839 	DATA 	Keypress: 1
34.2895 	EXP 	Stim: image = 'TMTstop-A_1_2redlinestimulus21.png'
34.3339 	DATA 	Keypress: 2
34.3393 	EXP 	Stim: image = 'TMTstop-A_1_2redlinestimulus21.png'
34.3840 	DATA 	Keypress: 1
34.3893 	EXP 	Stim: image = 'TMTstop-A_1_2redlinestimulus21.png'
34.3924 	EXP 	New trial (rep=0, index=24): {'NumberLetter': 25, 'corrAns': ['2'], 'Correct': 2, 'StimFile': 'TMTstop-A_1_2linestimulus22.png', 'Correct_StimFile': 'TMTstop-A_1_2greenlinestimulus22.png', 'False_StimFile': 'TMTstop-A_1_2redlinestimulus22.png', 'DurationTrial': None}
34.4672 	DATA 	Keypress: 2
34.4673 	DATA 	Keypress: 3
34.4730 	EXP 	Stim: autoDraw = False
34.4730 	EXP 	Stim: image = 'TMTstop-A_1_2greenlinestimulus22.png'
34.4730 	EXP 	Stim: image = 'TMTstop-A_1_2greenlinestimulus22.png'
34.4730 	EXP 	Stim: autoDraw = True
34.4764 	EXP 	New trial (rep=0, index=25): {'NumberLetter': None, 'corrAns': None, 'Correct': None, 'StimFile': 'TMTstop-A_1_2linestimulus23.png', 'Correct_StimFile': 'TMTstop-A_1_2greenlinestimulus23.png', 'False_StimFile': 'TMTstop-A_1_2redlinestimulus23.png', 'DurationTrial': None}
34.5559 	EXP 	Stim: autoDraw = False
34.5559 	EXP 	Stim: image = 'TMTstop-A_1_2greenlinestimulus23.png'
34.5559 	EXP 	Stim: image = 'TMTstop-A_1_2greenlinestimulus23.png'
34.5559 	EXP 	Stim: autoDraw = True
34.6016 	DATA 	Keypress: 3
34.6507 	DATA 	Keypress: 1
34.6562 	EXP 	Stim: image = 'TMTstop-A_1_2redlinestimulus23.png'
34.7006 	DATA 	Keypress: 2
34.7059 	EXP 	Stim: image = 'TMTstop-A_1_2redlinestimulus23.png'
34.7560 	EXP 	Stim: image = 'TMTstop-A_1_2redlinestimulus23.png'
34.8007 	DATA 	Keypress: 1
34.8060 	EXP 	Stim: image = 'TMTstop-A_1_2redlinestimulus23.png'
34.8507 	DATA 	Keypress: 3
34.8559 	EXP 	Stim: image = 'TMTstop-A_1_2redlinestimulus23.png'
34.9008 	DATA 	Keypress: 2
34.9061 	EXP 	Stim: image = 'TMTstop-A_1_2redlinestimulus23.png'
34.9561 	EXP 	Stim: image = 'TMTstop-A_1_2redlinestimulus23.png'
35.0060 	EXP 	Stim: image = 'TMTstop-A_1_2redlinestimulus23.png'
35.0508 	DATA 	Keypress: 1
35.0561 	EXP 	Stim: image = 'TMTstop-A_1_2redlinestimulus23.png'
35.1009 	DATA 	Keypress: 2
35.1062 	EXP 	Stim: image = 'TMTstop-A_1_2redlinestimulus23.png'
35.1562 	EXP 	Stim: image = 'TMTstop-A_1_2redlinestimulus23.png'
35.2066 	EXP 	Stim: image = 'TMTstop-A_1_2redlinestimulus23.png'
35.2568 	EXP 	Stim: image = 'TMTstop-A_1_2redlinestimulus23.png'
35.3061 	EXP 	Stim: image = 'TMTstop-A_1_2redlinestimulus23.png'
35.3562 	EXP 	Stim: image = 'TMTstop-A_1_2redlinestimulus23.png'
35.4076 	EXP 	Stim: image = 'TMTstop-A_1_2redlinestimulus23.png'
35.4563 	EXP 	Stim: image = 'TMTstop-A_1_2redlinestimulus23.png'
35.5068 	EXP 	Stim: image = 'TMTstop-A_1_2redlinestimulus23.png'
35.5564 	EXP 	Stim: image = 'TMTstop-A_1_2redlinestimulus23.png'
35.7047 	EXP 	Stim: image = 'TMTstop-A_1_2redlinestimulus23.png'
35.7047 	EXP 	Stim: autoDraw = False
35.7047 	EXP 	polygon: autoDraw = True
38.5897 	EXP 	New trial (rep=0, index=2): {'Block_file': 'TMTstop-A_1_3.xlsx', 'Condition_rows': '52:78'}
38.6001 	EXP 	Imported TMTstop-A_1_3.xlsx as conditions, 26 conditions, 7 params
38.6005 	EXP 	Created sequence: sequential, trialTypes=26, nReps=1, seed=None
38.6007 	EXP 	New trial (rep=0, index=0): {'NumberLetter': 1, 'corrAns': ['2'], 'Correct': 2, 'StimFile': 'TMTstop-A_1_3.png', 'Correct_StimFile': 'TMTstop-A_1_3.png', 'False_StimFile': 'TMTstop-A_1_3.png', 'DurationTrial': 10}
38.6411 	EXP 	polygon: autoDraw = False
38.6411 	EXP 	Stim: image = 'TMTstop-A_1_3.png'
38.6411 	EXP 	Stim: autoDraw = True
39.2035 	DATA 	Keypress: 1
39.2582 	EXP 	Stim: image = 'TMTstop-A_1_3.png'
39.3080 	EXP 	Stim: image = 'TMTstop-A_1_3.png'
39.3528 	DATA 	Keypress: 2
39.3580 	EXP 	Stim: image = 'TMTstop-A_1_3.png'
39.3615 	EXP 	New trial (rep=0, index=1): {'NumberLetter': 2, 'corrAns': ['1'], 'Correct': 1, 'StimFile': 'TMTstop-A_1_3.png', 'Correct_StimFile': 'TMTstop-A_1_3firstgreen.png', 'False_StimFile': 'TMTstop-A_1_3firstred.png', 'DurationTrial': 10}
39.4362 	DATA 	Keypress: 3
39.4413 	EXP 	Stim: autoDraw = False
39.4413 	EXP 	Stim: image = 'TMTstop-A_1_3firstgreen.png'
39.4413 	EXP 	Stim: image = 'TMTstop-A_1_3firstgreen.png'
39.4413 	EXP 	Stim: autoDraw = True
39.4863 	DATA 	Keypress: 1
39.4918 	EXP 	Stim: image = 'TMTstop-A_1_3firstred.png'
39.5362 	DATA 	Keypress: 2
39.5415 	EXP 	Stim: image = 'TMTstop-A_1_3firstred.png'
39.5862 	DATA 	Keypress: 1
39.5916 	EXP 	Stim: image = 'TMTstop-A_1_3firstred.png'
39.5950 	EXP 	New trial (rep=0, index=2): {'NumberLetter': 3, 'corrAns': ['3'], 'Correct': 3, 'StimFile': 'TMTstop-A_1_3linestimulus0.png', 'Correct_StimFile': 'TMTstop-A_1_3greenlinestimulus0.png', 'False_StimFile': 'TMTstop-A_1_3redlinestimulus0.png', 'DurationTrial': 10}
39.6699 	DATA 	Keypress: 3
39.6700 	DATA 	Keypress: 2
39.6759 	EXP 	Stim: autoDraw = False
39.6759 	EXP 	Stim: image = 'TMTstop-A_1_3greenlinestimulus0.png'
39.6759 	EXP 	Stim: image = 'TMTstop-A_1_3greenlinestimulus0.png'
39.6759 	EXP 	Stim: autoDraw = True
39.7264 	EXP 	Stim: image = 'TMTstop-A_1_3redlinestimulus0.png'
39.7696 	DATA 	Keypress: 3
39.7750 	EXP 	Stim: image = 'TMTstop-A_1_3redlinestimulus0.png'
39.7784 	EXP 	New trial (rep=0, index=3): {'NumberLetter': 4, 'corrAns': ['2'], 'Correct': 2, 'StimFile': 'TMTstop-A_1_3linestimulus1.png', 'Correct_StimFile': 'TMTstop-A_1_3greenlinestimulus1.png', 'False_StimFile': 'TMTstop-A_1_3redlinestimulus1.png', 'DurationTrial': 10}
39.8531 	DATA 	Keypress: 1
39.8532 	DATA 	Keypress: 2
39.8583 	EXP 	Stim: autoDraw = False
39.8583 	EXP 	Stim: image = 'TMTstop-A_1_3greenlinestimulus1.png'
39.8583 	EXP 	Stim: image = 'TMTstop-A_1_3greenlinestimulus1.png'
39.8583 	EXP 	Stim: autoDraw = True
39.9038 	DATA 	Keypress: 1
39.9587 	EXP 	Stim: image = 'TMTstop-A_1_3redlinestimulus1.png'
40.0031 	DATA 	Keypress: 3
40.0032 	DATA 	Keypress: 2
40.0084 	EXP 	Stim: image = 'TMTstop-A_1_3redlinestimulus1.png'
40.0115 	EXP 	New trial (rep=0, index=4): {'NumberLetter': 5, 'corrAns': ['3'], 'Correct': 3, 'StimFile': 'TMTstop-A_1_3linestimulus2.png', 'Correct_StimFile': 'TMTstop-A_1_3greenlinestimulus2.png', 'False_StimFile': 'TMTstop-A_1_3redlinestimulus2.png', 'DurationTrial': 10}
40.0872 	DATA 	Keypress: 3
40.0920 	EXP 	Stim: autoDraw = False
40.0920 	EXP 	Stim: image = 'TMTstop-A_1_3greenlinestimulus2.png'
40.0920 	EXP 	Stim: image = 'TMTstop-A_1_3greenlinestimulus2.png'
40.0920 	EXP 	Stim: autoDraw = True
40.0955 	EXP 	New trial (rep=0, index=5): {'NumberLetter': 6, 'corrAns': ['2'], 'Correct': 2, 'StimFile': 'TMTstop-A_1_3linestimulus3.png', 'Correct_StimFile': 'TMTstop-A_1_3greenlinestimulus3.png', 'False_StimFile': 'TMTstop-A_1_3redlinestimulus3.png', 'DurationTrial': 10}
40.1699 	DATA 	Keypress: 1
40.1700 	DATA 	Keypress: 2
40.1752 	EXP 	Stim: autoDraw = False
40.1752 	EXP 	Stim: image = 'TMTstop-A_1_3greenlinestimulus3.png'
40.1752 	EXP 	Stim: image = 'TMTstop-A_1_3greenlinestimulus3.png'
40.1752 	EXP 	Stim: autoDraw = True
40.2533 	DATA 	Keypress: 1
40.2593 	EXP 	Stim: image = 'TMTstop-A_1_3redlinestimulus3.png'
40.3034 	DATA 	Keypress: 3
40.3035 	DATA 	Keypress: 2
40.3086 	EXP 	Stim: image = 'TMTstop-A_1_3redlinestimulus3.png'
40.3118 	EXP 	New trial (rep=0, index=6): {'NumberLetter': 7, 'corrAns': ['1'], 'Correct': 1, 'StimFile': 'TMTstop-A_1_3linestimulus4.png', 'Correct_StimFile': 'TMTstop-A_1_3greenlinestimulus4.png', 'False_StimFile': 'TMTstop-A_1_3redlinestimulus4.png', 'DurationTrial': 10}
40.3917 	EXP 	Stim: autoDraw = False
40.3917 	EXP 	Stim: image = 'TMTstop-A_1_3greenlinestimulus4.png'
40.3917 	EXP 	Stim: image = 'TMTstop-A_1_3greenlinestimulus4.png'
40.3917 	EXP 	Stim: autoDraw = True
40.4367 	DATA 	Keypress: 3
40.4368 	DATA 	Keypress: 1
40.4423 	EXP 	Stim: image = 'TMTstop-A_1_3redlinestimulus4.png'
40.4867 	DATA 	Keypress: 2
40.4920 	EXP 	Stim: image = 'TMTstop-A_1_3redlinestimulus4.png'
40.5374 	DATA 	Keypress: 1
40.5445 	EXP 	Stim: image = 'TMTstop-A_1_3redlinestimulus4.png'
40.5480 	EXP 	New trial (rep=0, index=7): {'NumberLetter': 8, 'corrAns': ['2'], 'Correct': 2, 'StimFile': 'TMTstop-A_1_3linestimulus5.png', 'Correct_StimFile': 'TMTstop-A_1_3greenlinestimulus5.png', 'False_StimFile': 'TMTstop-A_1_3redlinestimulus5.png', 'DurationTrial': 10}
40.6202 	DATA 	Keypress: 2
40.6207 	DATA 	Keypress: 3
40.6255 	EXP 	Stim: autoDraw = False
40.6255 	EXP 	Stim: image = 'TMTstop-A_1_3greenlinestimulus5.png'
40.6255 	EXP 	Stim: image = 'TMTstop-A_1_3greenlinestimulus5.png'
40.6255 	EXP 	Stim: autoDraw = True
40.6286 	EXP 	New trial (rep=0, index=8): {'NumberLetter': 9, 'corrAns': ['3'], 'Correct': 3, 'StimFile': 'TMTstop-A_1_3linestimulus6.png', 'Correct_StimFile': 'TMTstop-A_1_3greenlinestimulus6.png', 'False_StimFile': 'TMTstop-A_1_3redlinestimulus6.png', 'DurationTrial': 10}
40.7036 	DATA 	Keypress: 1
40.7038 	DATA 	Keypress: 2
40.7090 	EXP 	Stim: autoDraw = False
40.7090 	EXP 	Stim: image = 'TMTstop-A_1_3greenlinestimulus6.png'
40.7090 	EXP 	Stim: image = 'TMTstop-A_1_3greenlinestimulus6.png'
40.7090 	EXP 	Stim: autoDraw = True
41.1045 	DATA 	Keypress: esc
41.2379 	DATA 	Keypress: esc
41.3111 	EXP 	window1: mouseVisible = True
