2.2232 	WARNING 	We strongly recommend you activate the PTB sound engine in PsychoPy prefs as the preferred audio engine. Its timing is vastly superior. Your prefs are currently set to use ['pyo'] (in that order).
6.8561 	EXP 	Created window1 = Window(allowGUI=True, allowStencil=False, autoLog=True, backendConf=UNKNOWN, bitsMode=UNKNOWN, blendMode='avg', bpc=(8, 8, 8), color=array([0, 0, 0]), colorSpace='rgb', depthBits=8, fullscr=<method-wrapper '__getattribute__' of attributeSetter object at 0x0000022E2E4C73C8>, gamma=None, gammaErrorPolicy='raise', lms=UNKNOWN, monitor=<psychopy.monitors.calibTools.Monitor object at 0x0000022E2E51D668>, multiSample=False, name='window1', numSamples=2, pos=[0.0, 0.0], screen=0, size=array([1920, 1055]), stencilBits=0, stereo=False, units='height', useFBO=True, useRetina=False, viewOri=0.0, viewPos=None, viewScale=None, waitBlanking=True, winType='glfw')
6.8561 	EXP 	window1: mouseVisible = True
6.8561 	EXP 	window1: recordFrameIntervals = False
6.9261 	EXP 	window1: recordFrameIntervals = True
7.0020 	EXP 	window1: recordFrameIntervals = False
7.4003 	EXP 	Created image_2 = ImageStim(__class__=<class 'psychopy.visual.image.ImageStim'>, autoLog=True, color=array([1., 1., 1.]), colorSpace='rgb', contrast=1.0, depth=0.0, flipHoriz=False, flipVert=False, image='Instruktioner TMTstopA.png', interpolate=True, mask=None, maskParams=None, name='image_2', opacity=1, ori=0.0, pos=array([0., 0.]), size=array([1.28, 0.72]), texRes=128.0, units='height', win=Window(...))
7.4043 	EXP 	Created polygon = ShapeStim(__class__=<class 'psychopy.visual.shape.ShapeStim'>, autoDraw=False, autoLog=True, closeShape=True, color=method-wrapper(...), colorSpace='rgb', contrast=None, depth=0.0, fillColor=array([1, 1, 1]), fillColorSpace='rgb', fillRGB=array([1, 1, 1]), interpolate=True, lineColor=array([1., 1., 1.]), lineColorSpace='rgb', lineRGB=array([1, 1, 1]), lineWidth=1.0, name='polygon', opacity=1, ori=0.0, pos=array([0., 0.]), size=array([0.5, 0.5]), units='height', vertices=ndarray(...), win=Window(...), windingRule=None)
7.4074 	EXP 	Created Stim = ImageStim(__class__=<class 'psychopy.visual.image.ImageStim'>, autoLog=True, color=array([1., 1., 1.]), colorSpace='rgb', contrast=1.0, depth=0.0, flipHoriz=False, flipVert=False, image='sin', interpolate=True, mask=None, maskParams=None, name='Stim', opacity=1, ori=0.0, pos=array([0., 0.]), size=array([1.777, 1.   ]), texRes=128.0, units='height', win=Window(...))
7.4094 	EXP 	Created polygon = ShapeStim(__class__=<class 'psychopy.visual.shape.ShapeStim'>, autoDraw=False, autoLog=True, closeShape=True, color=method-wrapper(...), colorSpace='rgb', contrast=None, depth=0.0, fillColor=array([1, 1, 1]), fillColorSpace='rgb', fillRGB=array([1, 1, 1]), interpolate=True, lineColor=array([1., 1., 1.]), lineColorSpace='rgb', lineRGB=array([1, 1, 1]), lineWidth=1.0, name='polygon', opacity=1, ori=0.0, pos=array([0., 0.]), size=array([0.5, 0.5]), units='height', vertices=ndarray(...), win=Window(...), windingRule=None)
7.4693 	EXP 	Created image_3 = ImageStim(__class__=<class 'psychopy.visual.image.ImageStim'>, autoLog=True, color=array([1., 1., 1.]), colorSpace='rgb', contrast=1.0, depth=0.0, flipHoriz=False, flipVert=False, image='Instruktioner TMTstopA.png', interpolate=True, mask=None, maskParams=None, name='image_3', opacity=1, ori=0.0, pos=array([0., 0.]), size=array([1.28, 0.72]), texRes=128.0, units='height', win=Window(...))
7.4725 	EXP 	Created Stim = ImageStim(__class__=<class 'psychopy.visual.image.ImageStim'>, autoLog=True, color=array([1., 1., 1.]), colorSpace='rgb', contrast=1.0, depth=0.0, flipHoriz=False, flipVert=False, image='sin', interpolate=True, mask=None, maskParams=None, name='Stim', opacity=1, ori=0.0, pos=array([0., 0.]), size=array([1.777, 1.   ]), texRes=128.0, units='height', win=Window(...))
7.4745 	EXP 	Created polygon = ShapeStim(__class__=<class 'psychopy.visual.shape.ShapeStim'>, autoDraw=False, autoLog=True, closeShape=True, color=method-wrapper(...), colorSpace='rgb', contrast=None, depth=0.0, fillColor=array([1, 1, 1]), fillColorSpace='rgb', fillRGB=array([1, 1, 1]), interpolate=True, lineColor=array([1., 1., 1.]), lineColorSpace='rgb', lineRGB=array([1, 1, 1]), lineWidth=1.0, name='polygon', opacity=1, ori=0.0, pos=array([0., 0.]), size=array([0.5, 0.5]), units='height', vertices=ndarray(...), win=Window(...), windingRule=None)
7.5399 	EXP 	Created image_4 = ImageStim(__class__=<class 'psychopy.visual.image.ImageStim'>, autoLog=True, color=array([1., 1., 1.]), colorSpace='rgb', contrast=1.0, depth=0.0, flipHoriz=False, flipVert=False, image='Instruktioner TMTstopB.png', interpolate=True, mask=None, maskParams=None, name='image_4', opacity=1, ori=0.0, pos=array([0., 0.]), size=array([1.28, 0.72]), texRes=128.0, units='height', win=Window(...))
7.5431 	EXP 	Created Stim = ImageStim(__class__=<class 'psychopy.visual.image.ImageStim'>, autoLog=True, color=array([1., 1., 1.]), colorSpace='rgb', contrast=1.0, depth=0.0, flipHoriz=False, flipVert=False, image='sin', interpolate=True, mask=None, maskParams=None, name='Stim', opacity=1, ori=0.0, pos=array([0., 0.]), size=array([1.777, 1.   ]), texRes=128.0, units='height', win=Window(...))
7.5450 	EXP 	Created polygon = ShapeStim(__class__=<class 'psychopy.visual.shape.ShapeStim'>, autoDraw=False, autoLog=True, closeShape=True, color=method-wrapper(...), colorSpace='rgb', contrast=None, depth=0.0, fillColor=array([1, 1, 1]), fillColorSpace='rgb', fillRGB=array([1, 1, 1]), interpolate=True, lineColor=array([1., 1., 1.]), lineColorSpace='rgb', lineRGB=array([1, 1, 1]), lineWidth=1.0, name='polygon', opacity=1, ori=0.0, pos=array([0., 0.]), size=array([0.5, 0.5]), units='height', vertices=ndarray(...), win=Window(...), windingRule=None)
7.7347 	EXP 	Created text = TextStim(__class__=<class 'psychopy.visual.text.TextStim'>, alignHoriz=method-wrapper(...), alignText='center', alignVert=method-wrapper(...), anchorHoriz='center', anchorVert='center', antialias=True, autoLog=True, bold=False, color=array([1., 1., 1.]), colorSpace='rgb', contrast=1.0, depth=0.0, flipHoriz=False, flipVert=False, font='Open Sans', fontFiles=[], height=0.04, italic=False, languageStyle='LTR', name='text', opacity=1, ori=0.0, pos=array([0., 0.]), rgb=UNKNOWN, text=str(...), units='height', win=Window(...), wrapWidth=1)
7.7858 	EXP 	image_2: autoDraw = True
9.7007 	DATA 	Keypress: 2
9.7178 	EXP 	image_2: autoDraw = False
9.7178 	EXP 	polygon: autoDraw = True
9.8545 	DATA 	Keypress: 2
12.7156 	EXP 	Imported TMTstop-Control_1_conditions.xlsx as conditions, 8 conditions, 2 params
12.7160 	EXP 	Created sequence: sequential, trialTypes=8, nReps=1, seed=None
12.7162 	EXP 	New trial (rep=0, index=0): {'Block_file': 'TMTstop-Control_1_1.xlsx', 'Condition_rows': '0:26'}
12.7771 	EXP 	Imported TMTstop-control_1_merged.xlsx as conditions, 26 conditions, 9 params
12.7775 	EXP 	Created sequence: sequential, trialTypes=26, nReps=1, seed=None
12.7777 	EXP 	New trial (rep=0, index=0): {'NumberLetter': 1, 'corrAns': ['2'], 'Correct': 2, 'StimFile': 'TMTstop-control_1_1.png', 'Correct_StimFile': 'TMTstop-control_1_1.png', 'False_StimFile': 'TMTstop-control_1_1.png', 'Version': 'TMT_Control', 'Block': 1, 'TrialNumber_session': 1}
12.7780 	WARNING 	Requested image 'TMTstop-control_1_1.png' not found but similar filename 'TMTstop-control_1_1.jpg' exists. This will be used instead but changing the filename is advised.
12.8082 	EXP 	polygon: autoDraw = False
12.8082 	EXP 	Stim: image = 'TMTstop-control_1_1.png'
12.8082 	EXP 	Stim: autoDraw = True
12.9294 	DATA 	Keypress: s
13.0544 	DATA 	Keypress: s
14.8213 	EXP 	New trial (rep=0, index=1): {'NumberLetter': 2, 'corrAns': ['1'], 'Correct': 1, 'StimFile': 'TMTstop-control_1_1.png', 'Correct_StimFile': 'TMTstop-control_1_1firstgreen.png', 'False_StimFile': 'TMTstop-control_1_1firstred.png', 'Version': 'TMT_Control', 'Block': 1, 'TrialNumber_session': 2}
14.8806 	DATA 	Keypress: 2
14.8848 	EXP 	Stim: autoDraw = False
14.8848 	EXP 	Stim: image = 'TMTstop-control_1_1firstgreen.png'
14.8848 	EXP 	Stim: image = 'TMTstop-control_1_1firstgreen.png'
14.8848 	EXP 	Stim: autoDraw = True
14.9505 	DATA 	Keypress: 2
15.3255 	DATA 	Keypress: 3
15.3704 	EXP 	Stim: image = 'TMTstop-control_1_1firstred.png'
15.4123 	EXP 	Stim: image = 'TMTstop-control_1_1firstred.png'
15.4537 	EXP 	Stim: image = 'TMTstop-control_1_1firstred.png'
15.4917 	DATA 	Keypress: 3
15.4953 	EXP 	Stim: image = 'TMTstop-control_1_1firstred.png'
15.5369 	EXP 	Stim: image = 'TMTstop-control_1_1firstred.png'
15.5790 	EXP 	Stim: image = 'TMTstop-control_1_1firstred.png'
15.6201 	EXP 	Stim: image = 'TMTstop-control_1_1firstred.png'
15.6618 	EXP 	Stim: image = 'TMTstop-control_1_1firstred.png'
15.7036 	EXP 	Stim: image = 'TMTstop-control_1_1firstred.png'
15.7451 	EXP 	Stim: image = 'TMTstop-control_1_1firstred.png'
15.7868 	EXP 	Stim: image = 'TMTstop-control_1_1firstred.png'
15.8286 	EXP 	Stim: image = 'TMTstop-control_1_1firstred.png'
15.8701 	EXP 	Stim: image = 'TMTstop-control_1_1firstred.png'
15.9123 	EXP 	Stim: image = 'TMTstop-control_1_1firstred.png'
15.9536 	EXP 	Stim: image = 'TMTstop-control_1_1firstred.png'
15.9952 	EXP 	Stim: image = 'TMTstop-control_1_1firstred.png'
16.0368 	EXP 	Stim: image = 'TMTstop-control_1_1firstred.png'
16.0785 	EXP 	Stim: image = 'TMTstop-control_1_1firstred.png'
16.1216 	EXP 	Stim: image = 'TMTstop-control_1_1firstred.png'
16.1619 	EXP 	Stim: image = 'TMTstop-control_1_1firstred.png'
16.2036 	EXP 	Stim: image = 'TMTstop-control_1_1firstred.png'
16.2456 	EXP 	Stim: image = 'TMTstop-control_1_1firstred.png'
16.2869 	EXP 	Stim: image = 'TMTstop-control_1_1firstred.png'
16.3286 	EXP 	Stim: image = 'TMTstop-control_1_1firstred.png'
16.3848 	EXP 	Stim: image = 'TMTstop-control_1_1firstred.png'
16.4611 	EXP 	Stim: image = 'TMTstop-control_1_1firstred.png'
16.5486 	EXP 	Stim: image = 'TMTstop-control_1_1firstred.png'
16.5937 	EXP 	Stim: image = 'TMTstop-control_1_1firstred.png'
16.6339 	EXP 	Stim: image = 'TMTstop-control_1_1firstred.png'
16.6758 	EXP 	Stim: image = 'TMTstop-control_1_1firstred.png'
16.7174 	EXP 	Stim: image = 'TMTstop-control_1_1firstred.png'
16.7591 	EXP 	Stim: image = 'TMTstop-control_1_1firstred.png'
16.8007 	EXP 	Stim: image = 'TMTstop-control_1_1firstred.png'
16.8423 	EXP 	Stim: image = 'TMTstop-control_1_1firstred.png'
16.8841 	EXP 	Stim: image = 'TMTstop-control_1_1firstred.png'
16.9222 	DATA 	Keypress: 1
16.9259 	EXP 	Stim: image = 'TMTstop-control_1_1firstred.png'
16.9318 	EXP 	New trial (rep=0, index=2): {'NumberLetter': 3, 'corrAns': ['3'], 'Correct': 3, 'StimFile': 'TMTstop-control_1_1linestimulus0.png', 'Correct_StimFile': 'TMTstop-control_1_1greenlinestimulus0.png', 'False_StimFile': 'TMTstop-control_1_1redlinestimulus0.png', 'Version': 'TMT_Control', 'Block': 1, 'TrialNumber_session': 3}
17.0025 	EXP 	Stim: autoDraw = False
17.0025 	EXP 	Stim: image = 'TMTstop-control_1_1greenlinestimulus0.png'
17.0025 	EXP 	Stim: image = 'TMTstop-control_1_1greenlinestimulus0.png'
17.0025 	EXP 	Stim: autoDraw = True
17.1110 	DATA 	Keypress: 1
17.7070 	DATA 	Keypress: 3
17.7159 	EXP 	New trial (rep=0, index=3): {'NumberLetter': 4, 'corrAns': ['1'], 'Correct': 1, 'StimFile': 'TMTstop-control_1_1linestimulus1.png', 'Correct_StimFile': 'TMTstop-control_1_1greenlinestimulus1.png', 'False_StimFile': 'TMTstop-control_1_1redlinestimulus1.png', 'Version': 'TMT_Control', 'Block': 1, 'TrialNumber_session': 4}
17.7807 	EXP 	Stim: autoDraw = False
17.7807 	EXP 	Stim: image = 'TMTstop-control_1_1greenlinestimulus1.png'
17.7807 	EXP 	Stim: image = 'TMTstop-control_1_1greenlinestimulus1.png'
17.7807 	EXP 	Stim: autoDraw = True
17.9153 	DATA 	Keypress: 3
18.1327 	EXP 	New trial (rep=0, index=4): {'NumberLetter': 5, 'corrAns': ['3'], 'Correct': 3, 'StimFile': 'TMTstop-control_1_1linestimulus2.png', 'Correct_StimFile': 'TMTstop-control_1_1greenlinestimulus2.png', 'False_StimFile': 'TMTstop-control_1_1redlinestimulus2.png', 'Version': 'TMT_Control', 'Block': 1, 'TrialNumber_session': 5}
18.1999 	DATA 	Keypress: 1
18.2039 	EXP 	Stim: autoDraw = False
18.2039 	EXP 	Stim: image = 'TMTstop-control_1_1greenlinestimulus2.png'
18.2039 	EXP 	Stim: image = 'TMTstop-control_1_1greenlinestimulus2.png'
18.2039 	EXP 	Stim: autoDraw = True
18.3528 	DATA 	Keypress: 1
18.5056 	DATA 	Keypress: 3
18.5141 	EXP 	New trial (rep=0, index=5): {'NumberLetter': 6, 'corrAns': ['1'], 'Correct': 1, 'StimFile': 'TMTstop-control_1_1linestimulus3.png', 'Correct_StimFile': 'TMTstop-control_1_1greenlinestimulus3.png', 'False_StimFile': 'TMTstop-control_1_1redlinestimulus3.png', 'Version': 'TMT_Control', 'Block': 1, 'TrialNumber_session': 6}
18.5788 	EXP 	Stim: autoDraw = False
18.5788 	EXP 	Stim: image = 'TMTstop-control_1_1greenlinestimulus3.png'
18.5788 	EXP 	Stim: image = 'TMTstop-control_1_1greenlinestimulus3.png'
18.5788 	EXP 	Stim: autoDraw = True
18.7279 	DATA 	Keypress: 3
18.8389 	DATA 	Keypress: 1
18.8481 	EXP 	New trial (rep=0, index=6): {'NumberLetter': 7, 'corrAns': ['2'], 'Correct': 2, 'StimFile': 'TMTstop-control_1_1linestimulus4.png', 'Correct_StimFile': 'TMTstop-control_1_1greenlinestimulus4.png', 'False_StimFile': 'TMTstop-control_1_1redlinestimulus4.png', 'Version': 'TMT_Control', 'Block': 1, 'TrialNumber_session': 7}
18.9123 	EXP 	Stim: autoDraw = False
18.9123 	EXP 	Stim: image = 'TMTstop-control_1_1greenlinestimulus4.png'
18.9123 	EXP 	Stim: image = 'TMTstop-control_1_1greenlinestimulus4.png'
18.9123 	EXP 	Stim: autoDraw = True
19.1367 	DATA 	Keypress: 1
19.4638 	DATA 	Keypress: 2
19.4725 	EXP 	New trial (rep=0, index=7): {'NumberLetter': 8, 'corrAns': ['1'], 'Correct': 1, 'StimFile': 'TMTstop-control_1_1linestimulus4.png', 'Correct_StimFile': 'TMTstop-control_1_1greenlinestimulus5.png', 'False_StimFile': 'TMTstop-control_1_1redlinestimulus5.png', 'Version': 'TMT_Control', 'Block': 1, 'TrialNumber_session': 8}
19.5373 	EXP 	Stim: autoDraw = False
19.5373 	EXP 	Stim: image = 'TMTstop-control_1_1greenlinestimulus5.png'
19.5373 	EXP 	Stim: image = 'TMTstop-control_1_1greenlinestimulus5.png'
19.5373 	EXP 	Stim: autoDraw = True
19.6584 	DATA 	Keypress: 2
19.9082 	DATA 	Keypress: 3
19.9536 	EXP 	Stim: image = 'TMTstop-control_1_1redlinestimulus5.png'
19.9951 	EXP 	Stim: image = 'TMTstop-control_1_1redlinestimulus5.png'
20.0371 	EXP 	Stim: image = 'TMTstop-control_1_1redlinestimulus5.png'
20.0784 	EXP 	Stim: image = 'TMTstop-control_1_1redlinestimulus5.png'
20.1201 	EXP 	Stim: image = 'TMTstop-control_1_1redlinestimulus5.png'
20.1582 	DATA 	Keypress: 3
20.1617 	EXP 	Stim: image = 'TMTstop-control_1_1redlinestimulus5.png'
20.1999 	DATA 	Keypress: 1
20.2035 	EXP 	Stim: image = 'TMTstop-control_1_1redlinestimulus5.png'
20.2092 	EXP 	New trial (rep=0, index=8): {'NumberLetter': 9, 'corrAns': ['3'], 'Correct': 3, 'StimFile': 'TMTstop-control_1_1linestimulus6.png', 'Correct_StimFile': 'TMTstop-control_1_1greenlinestimulus6.png', 'False_StimFile': 'TMTstop-control_1_1redlinestimulus6.png', 'Version': 'TMT_Control', 'Block': 1, 'TrialNumber_session': 9}
20.2734 	EXP 	Stim: autoDraw = False
20.2734 	EXP 	Stim: image = 'TMTstop-control_1_1greenlinestimulus6.png'
20.2734 	EXP 	Stim: image = 'TMTstop-control_1_1greenlinestimulus6.png'
20.2734 	EXP 	Stim: autoDraw = True
20.3250 	DATA 	Keypress: 2
20.3286 	EXP 	Stim: image = 'TMTstop-control_1_1redlinestimulus6.png'
20.3666 	DATA 	Keypress: 1
20.3705 	EXP 	Stim: image = 'TMTstop-control_1_1redlinestimulus6.png'
20.3767 	EXP 	New trial (rep=0, index=9): {'NumberLetter': 10, 'corrAns': ['2'], 'Correct': 2, 'StimFile': 'TMTstop-control_1_1linestimulus7.png', 'Correct_StimFile': 'TMTstop-control_1_1greenlinestimulus7.png', 'False_StimFile': 'TMTstop-control_1_1redlinestimulus7.png', 'Version': 'TMT_Control', 'Block': 1, 'TrialNumber_session': 10}
20.4430 	DATA 	Keypress: 3
20.4475 	EXP 	Stim: autoDraw = False
20.4475 	EXP 	Stim: image = 'TMTstop-control_1_1greenlinestimulus7.png'
20.4475 	EXP 	Stim: image = 'TMTstop-control_1_1greenlinestimulus7.png'
20.4475 	EXP 	Stim: autoDraw = True
20.4708 	DATA 	Keypress: 2
20.5264 	DATA 	Keypress: 1
20.5302 	EXP 	Stim: image = 'TMTstop-control_1_1redlinestimulus7.png'
20.5683 	DATA 	Keypress: 3
20.5685 	DATA 	Keypress: 2
20.5719 	EXP 	Stim: image = 'TMTstop-control_1_1redlinestimulus7.png'
20.5781 	EXP 	New trial (rep=0, index=10): {'NumberLetter': 11, 'corrAns': ['1'], 'Correct': 1, 'StimFile': 'TMTstop-control_1_1linestimulus8.png', 'Correct_StimFile': 'TMTstop-control_1_1greenlinestimulus8.png', 'False_StimFile': 'TMTstop-control_1_1redlinestimulus8.png', 'Version': 'TMT_Control', 'Block': 1, 'TrialNumber_session': 11}
20.6418 	EXP 	Stim: autoDraw = False
20.6418 	EXP 	Stim: image = 'TMTstop-control_1_1greenlinestimulus8.png'
20.6418 	EXP 	Stim: image = 'TMTstop-control_1_1greenlinestimulus8.png'
20.6418 	EXP 	Stim: autoDraw = True
20.6790 	DATA 	Keypress: 3
20.6792 	DATA 	Keypress: 1
20.6825 	EXP 	Stim: image = 'TMTstop-control_1_1redlinestimulus8.png'
20.7207 	DATA 	Keypress: 2
20.7243 	EXP 	Stim: image = 'TMTstop-control_1_1redlinestimulus8.png'
20.7624 	DATA 	Keypress: 1
20.7659 	EXP 	Stim: image = 'TMTstop-control_1_1redlinestimulus8.png'
20.7722 	EXP 	New trial (rep=0, index=11): {'NumberLetter': 12, 'corrAns': ['2'], 'Correct': 2, 'StimFile': 'TMTstop-control_1_1linestimulus9.png', 'Correct_StimFile': 'TMTstop-control_1_1greenlinestimulus9.png', 'False_StimFile': 'TMTstop-control_1_1redlinestimulus9.png', 'Version': 'TMT_Control', 'Block': 1, 'TrialNumber_session': 12}
20.8387 	DATA 	Keypress: 2
20.8389 	DATA 	Keypress: 3
20.8428 	EXP 	Stim: autoDraw = False
20.8428 	EXP 	Stim: image = 'TMTstop-control_1_1greenlinestimulus9.png'
20.8428 	EXP 	Stim: image = 'TMTstop-control_1_1greenlinestimulus9.png'
20.8428 	EXP 	Stim: autoDraw = True
20.8490 	EXP 	New trial (rep=0, index=12): {'NumberLetter': 13, 'corrAns': ['3'], 'Correct': 3, 'StimFile': 'TMTstop-control_1_1linestimulus10.png', 'Correct_StimFile': 'TMTstop-control_1_1greenlinestimulus10.png', 'False_StimFile': 'TMTstop-control_1_1redlinestimulus10.png', 'Version': 'TMT_Control', 'Block': 1, 'TrialNumber_session': 13}
20.9221 	DATA 	Keypress: 3
20.9260 	EXP 	Stim: autoDraw = False
20.9260 	EXP 	Stim: image = 'TMTstop-control_1_1greenlinestimulus10.png'
20.9260 	EXP 	Stim: image = 'TMTstop-control_1_1greenlinestimulus10.png'
20.9260 	EXP 	Stim: autoDraw = True
20.9328 	EXP 	New trial (rep=0, index=13): {'NumberLetter': 14, 'corrAns': ['2'], 'Correct': 2, 'StimFile': 'TMTstop-control_1_1linestimulus11.png', 'Correct_StimFile': 'TMTstop-control_1_1greenlinestimulus11.png', 'False_StimFile': 'TMTstop-control_1_1redlinestimulus11.png', 'Version': 'TMT_Control', 'Block': 1, 'TrialNumber_session': 14}
20.9986 	DATA 	Keypress: 1
20.9988 	DATA 	Keypress: 2
21.0032 	EXP 	Stim: autoDraw = False
21.0032 	EXP 	Stim: image = 'TMTstop-control_1_1greenlinestimulus11.png'
21.0032 	EXP 	Stim: image = 'TMTstop-control_1_1greenlinestimulus11.png'
21.0032 	EXP 	Stim: autoDraw = True
21.0402 	DATA 	Keypress: 1
21.0438 	EXP 	Stim: image = 'TMTstop-control_1_1redlinestimulus11.png'
21.0819 	DATA 	Keypress: 3
21.0820 	DATA 	Keypress: 2
21.0855 	EXP 	Stim: image = 'TMTstop-control_1_1redlinestimulus11.png'
21.0924 	EXP 	New trial (rep=0, index=14): {'NumberLetter': 15, 'corrAns': ['3'], 'Correct': 3, 'StimFile': 'TMTstop-control_1_1linestimulus12.png', 'Correct_StimFile': 'TMTstop-control_1_1greenlinestimulus12.png', 'False_StimFile': 'TMTstop-control_1_1redlinestimulus12.png', 'Version': 'TMT_Control', 'Block': 1, 'TrialNumber_session': 15}
21.1594 	DATA 	Keypress: 3
21.1626 	EXP 	Stim: autoDraw = False
21.1626 	EXP 	Stim: image = 'TMTstop-control_1_1greenlinestimulus12.png'
21.1626 	EXP 	Stim: image = 'TMTstop-control_1_1greenlinestimulus12.png'
21.1626 	EXP 	Stim: autoDraw = True
21.2081 	EXP 	New trial (rep=0, index=15): {'NumberLetter': 16, 'corrAns': ['2'], 'Correct': 2, 'StimFile': 'TMTstop-control_1_1linestimulus13.png', 'Correct_StimFile': 'TMTstop-control_1_1greenlinestimulus13.png', 'False_StimFile': 'TMTstop-control_1_1redlinestimulus13.png', 'Version': 'TMT_Control', 'Block': 1, 'TrialNumber_session': 16}
21.2699 	DATA 	Keypress: 1
21.2701 	DATA 	Keypress: 2
21.2702 	DATA 	Keypress: 1
21.2742 	EXP 	Stim: autoDraw = False
21.2742 	EXP 	Stim: image = 'TMTstop-control_1_1greenlinestimulus13.png'
21.2742 	EXP 	Stim: image = 'TMTstop-control_1_1greenlinestimulus13.png'
21.2742 	EXP 	Stim: autoDraw = True
21.2799 	EXP 	New trial (rep=0, index=16): {'NumberLetter': 17, 'corrAns': ['3'], 'Correct': 3, 'StimFile': 'TMTstop-control_1_1linestimulus14.png', 'Correct_StimFile': 'TMTstop-control_1_1greenlinestimulus14.png', 'False_StimFile': 'TMTstop-control_1_1redlinestimulus14.png', 'Version': 'TMT_Control', 'Block': 1, 'TrialNumber_session': 17}
21.3457 	DATA 	Keypress: 2
21.3460 	DATA 	Keypress: 3
21.3502 	EXP 	Stim: autoDraw = False
21.3502 	EXP 	Stim: image = 'TMTstop-control_1_1greenlinestimulus14.png'
21.3502 	EXP 	Stim: image = 'TMTstop-control_1_1greenlinestimulus14.png'
21.3502 	EXP 	Stim: autoDraw = True
21.3735 	DATA 	Keypress: 3
21.3826 	EXP 	New trial (rep=0, index=17): {'NumberLetter': 18, 'corrAns': ['2'], 'Correct': 2, 'StimFile': 'TMTstop-control_1_1linestimulus15.png', 'Correct_StimFile': 'TMTstop-control_1_1greenlinestimulus15.png', 'False_StimFile': 'TMTstop-control_1_1redlinestimulus15.png', 'Version': 'TMT_Control', 'Block': 1, 'TrialNumber_session': 18}
21.4499 	DATA 	Keypress: 1
21.4501 	DATA 	Keypress: 2
21.4543 	EXP 	Stim: autoDraw = False
21.4543 	EXP 	Stim: image = 'TMTstop-control_1_1greenlinestimulus15.png'
21.4543 	EXP 	Stim: image = 'TMTstop-control_1_1greenlinestimulus15.png'
21.4543 	EXP 	Stim: autoDraw = True
21.5263 	DATA 	Keypress: 1
21.5299 	EXP 	Stim: image = 'TMTstop-control_1_1redlinestimulus15.png'
21.5680 	DATA 	Keypress: 3
21.5681 	DATA 	Keypress: 2
21.5716 	EXP 	Stim: image = 'TMTstop-control_1_1redlinestimulus15.png'
21.5771 	EXP 	New trial (rep=0, index=18): {'NumberLetter': 19, 'corrAns': ['1'], 'Correct': 1, 'StimFile': 'TMTstop-control_1_1linestimulus16.png', 'Correct_StimFile': 'TMTstop-control_1_1greenlinestimulus16.png', 'False_StimFile': 'TMTstop-control_1_1redlinestimulus16.png', 'Version': 'TMT_Control', 'Block': 1, 'TrialNumber_session': 19}
21.6416 	EXP 	Stim: autoDraw = False
21.6416 	EXP 	Stim: image = 'TMTstop-control_1_1greenlinestimulus16.png'
21.6416 	EXP 	Stim: image = 'TMTstop-control_1_1greenlinestimulus16.png'
21.6416 	EXP 	Stim: autoDraw = True
21.6791 	DATA 	Keypress: 3
21.6793 	DATA 	Keypress: 1
21.6830 	EXP 	Stim: image = 'TMTstop-control_1_1redlinestimulus16.png'
21.7208 	DATA 	Keypress: 2
21.7243 	EXP 	Stim: image = 'TMTstop-control_1_1redlinestimulus16.png'
21.7627 	DATA 	Keypress: 1
21.7663 	EXP 	Stim: image = 'TMTstop-control_1_1redlinestimulus16.png'
21.7716 	EXP 	New trial (rep=0, index=19): {'NumberLetter': 20, 'corrAns': ['3'], 'Correct': 3, 'StimFile': 'TMTstop-control_1_1linestimulus17.png', 'Correct_StimFile': 'TMTstop-control_1_1greenlinestimulus17.png', 'False_StimFile': 'TMTstop-control_1_1redlinestimulus17.png', 'Version': 'TMT_Control', 'Block': 1, 'TrialNumber_session': 20}
21.8389 	DATA 	Keypress: 3
21.8390 	DATA 	Keypress: 2
21.8430 	EXP 	Stim: autoDraw = False
21.8430 	EXP 	Stim: image = 'TMTstop-control_1_1greenlinestimulus17.png'
21.8430 	EXP 	Stim: image = 'TMTstop-control_1_1greenlinestimulus17.png'
21.8430 	EXP 	Stim: autoDraw = True
21.8841 	EXP 	Stim: image = 'TMTstop-control_1_1redlinestimulus17.png'
21.9221 	DATA 	Keypress: 3
21.9257 	EXP 	Stim: image = 'TMTstop-control_1_1redlinestimulus17.png'
21.9311 	EXP 	New trial (rep=0, index=20): {'NumberLetter': 21, 'corrAns': ['1'], 'Correct': 1, 'StimFile': 'TMTstop-control_1_1linestimulus18.png', 'Correct_StimFile': 'TMTstop-control_1_1greenlinestimulus18.png', 'False_StimFile': 'TMTstop-control_1_1redlinestimulus18.png', 'Version': 'TMT_Control', 'Block': 1, 'TrialNumber_session': 21}
21.9915 	DATA 	Keypress: 1
21.9917 	DATA 	Keypress: 2
21.9957 	EXP 	Stim: autoDraw = False
21.9957 	EXP 	Stim: image = 'TMTstop-control_1_1greenlinestimulus18.png'
21.9957 	EXP 	Stim: image = 'TMTstop-control_1_1greenlinestimulus18.png'
21.9957 	EXP 	Stim: autoDraw = True
22.0193 	DATA 	Keypress: 1
22.0279 	EXP 	New trial (rep=0, index=21): {'NumberLetter': 22, 'corrAns': ['2'], 'Correct': 2, 'StimFile': 'TMTstop-control_1_1linestimulus19.png', 'Correct_StimFile': 'TMTstop-control_1_1greenlinestimulus19.png', 'False_StimFile': 'TMTstop-control_1_1redlinestimulus19.png', 'Version': 'TMT_Control', 'Block': 1, 'TrialNumber_session': 22}
22.0887 	DATA 	Keypress: 3
22.0888 	DATA 	Keypress: 2
22.0927 	EXP 	Stim: autoDraw = False
22.0927 	EXP 	Stim: image = 'TMTstop-control_1_1greenlinestimulus19.png'
22.0927 	EXP 	Stim: image = 'TMTstop-control_1_1greenlinestimulus19.png'
22.0927 	EXP 	Stim: autoDraw = True
22.0996 	EXP 	New trial (rep=0, index=22): {'NumberLetter': 23, 'corrAns': ['3'], 'Correct': 3, 'StimFile': 'TMTstop-control_1_1linestimulus20.png', 'Correct_StimFile': 'TMTstop-control_1_1greenlinestimulus20.png', 'False_StimFile': 'TMTstop-control_1_1redlinestimulus20.png', 'Version': 'TMT_Control', 'Block': 1, 'TrialNumber_session': 23}
22.1650 	DATA 	Keypress: 3
22.1690 	EXP 	Stim: autoDraw = False
22.1690 	EXP 	Stim: image = 'TMTstop-control_1_1greenlinestimulus20.png'
22.1690 	EXP 	Stim: image = 'TMTstop-control_1_1greenlinestimulus20.png'
22.1690 	EXP 	Stim: autoDraw = True
22.1744 	EXP 	New trial (rep=0, index=23): {'NumberLetter': 24, 'corrAns': ['2'], 'Correct': 2, 'StimFile': 'TMTstop-control_1_1linestimulus21.png', 'Correct_StimFile': 'TMTstop-control_1_1greenlinestimulus21.png', 'False_StimFile': 'TMTstop-control_1_1redlinestimulus21.png', 'Version': 'TMT_Control', 'Block': 1, 'TrialNumber_session': 24}
22.2415 	DATA 	Keypress: 1
22.2417 	DATA 	Keypress: 2
22.2455 	EXP 	Stim: autoDraw = False
22.2455 	EXP 	Stim: image = 'TMTstop-control_1_1greenlinestimulus21.png'
22.2455 	EXP 	Stim: image = 'TMTstop-control_1_1greenlinestimulus21.png'
22.2455 	EXP 	Stim: autoDraw = True
22.2833 	DATA 	Keypress: 1
22.3248 	DATA 	Keypress: 2
22.3285 	EXP 	Stim: image = 'TMTstop-control_1_1redlinestimulus21.png'
22.3357 	EXP 	New trial (rep=0, index=24): {'NumberLetter': 25, 'corrAns': ['1'], 'Correct': 1, 'StimFile': 'TMTstop-control_1_1linestimulus22.png', 'Correct_StimFile': 'TMTstop-control_1_1greenlinestimulus22.png', 'False_StimFile': 'TMTstop-control_1_1redlinestimulus22.png', 'Version': 'TMT_Control', 'Block': 1, 'TrialNumber_session': 25}
22.4012 	DATA 	Keypress: 3
22.4054 	EXP 	Stim: autoDraw = False
22.4054 	EXP 	Stim: image = 'TMTstop-control_1_1greenlinestimulus22.png'
22.4054 	EXP 	Stim: image = 'TMTstop-control_1_1greenlinestimulus22.png'
22.4054 	EXP 	Stim: autoDraw = True
22.4152 	DATA 	Keypress: 3
22.4569 	DATA 	Keypress: 1
22.4609 	EXP 	Stim: image = 'TMTstop-control_1_1redlinestimulus22.png'
22.5012 	DATA 	Keypress: 2
22.5033 	EXP 	Stim: image = 'TMTstop-control_1_1redlinestimulus22.png'
22.5402 	DATA 	Keypress: 1
22.5437 	EXP 	Stim: image = 'TMTstop-control_1_1redlinestimulus22.png'
22.5492 	EXP 	New trial (rep=0, index=25): {'NumberLetter': None, 'corrAns': None, 'Correct': None, 'StimFile': 'TMTstop-control_1_1linestimulus23.png', 'Correct_StimFile': 'TMTstop-control_1_1greenlinestimulus23.png', 'False_StimFile': 'TMTstop-control_1_1redlinestimulus23.png', 'Version': 'TMT_Control', 'Block': 1, 'TrialNumber_session': 'Feedback_last'}
22.6165 	DATA 	Keypress: 3
22.6167 	DATA 	Keypress: 2
22.6207 	EXP 	Stim: autoDraw = False
22.6207 	EXP 	Stim: image = 'TMTstop-control_1_1greenlinestimulus23.png'
22.6207 	EXP 	Stim: image = 'TMTstop-control_1_1greenlinestimulus23.png'
22.6207 	EXP 	Stim: autoDraw = True
22.6619 	EXP 	Stim: image = 'TMTstop-control_1_1redlinestimulus23.png'
22.7000 	DATA 	Keypress: 3
22.7002 	DATA 	Keypress: 1
22.7035 	EXP 	Stim: image = 'TMTstop-control_1_1redlinestimulus23.png'
22.7452 	EXP 	Stim: image = 'TMTstop-control_1_1redlinestimulus23.png'
22.7832 	DATA 	Keypress: 2
22.7868 	EXP 	Stim: image = 'TMTstop-control_1_1redlinestimulus23.png'
22.8249 	DATA 	Keypress: 3
22.8284 	EXP 	Stim: image = 'TMTstop-control_1_1redlinestimulus23.png'
22.8700 	EXP 	Stim: image = 'TMTstop-control_1_1redlinestimulus23.png'
22.9117 	EXP 	Stim: image = 'TMTstop-control_1_1redlinestimulus23.png'
22.9534 	EXP 	Stim: image = 'TMTstop-control_1_1redlinestimulus23.png'
22.9882 	EXP 	Stim: image = 'TMTstop-control_1_1redlinestimulus23.png'
23.0229 	EXP 	Stim: image = 'TMTstop-control_1_1redlinestimulus23.png'
23.0648 	EXP 	Stim: image = 'TMTstop-control_1_1redlinestimulus23.png'
23.1060 	EXP 	Stim: image = 'TMTstop-control_1_1redlinestimulus23.png'
23.1479 	EXP 	Stim: image = 'TMTstop-control_1_1redlinestimulus23.png'
23.1896 	EXP 	Stim: image = 'TMTstop-control_1_1redlinestimulus23.png'
23.2310 	EXP 	Stim: image = 'TMTstop-control_1_1redlinestimulus23.png'
23.2728 	EXP 	Stim: image = 'TMTstop-control_1_1redlinestimulus23.png'
23.3144 	EXP 	Stim: image = 'TMTstop-control_1_1redlinestimulus23.png'
23.3494 	EXP 	Stim: image = 'TMTstop-control_1_1redlinestimulus23.png'
23.3908 	EXP 	Stim: image = 'TMTstop-control_1_1redlinestimulus23.png'
23.4325 	EXP 	Stim: image = 'TMTstop-control_1_1redlinestimulus23.png'
23.4742 	EXP 	Stim: image = 'TMTstop-control_1_1redlinestimulus23.png'
23.5092 	EXP 	Stim: image = 'TMTstop-control_1_1redlinestimulus23.png'
23.5506 	EXP 	Stim: image = 'TMTstop-control_1_1redlinestimulus23.png'
23.5922 	EXP 	Stim: image = 'TMTstop-control_1_1redlinestimulus23.png'
23.6338 	EXP 	Stim: image = 'TMTstop-control_1_1redlinestimulus23.png'
23.7084 	EXP 	Stim: image = 'TMTstop-control_1_1redlinestimulus23.png'
23.7084 	EXP 	Stim: autoDraw = False
23.7084 	EXP 	polygon: autoDraw = True
26.6753 	EXP 	New trial (rep=0, index=1): {'Block_file': 'TMTstop-Control_1_2.xlsx', 'Condition_rows': '26:52'}
26.7353 	EXP 	Imported TMTstop-control_1_merged.xlsx as conditions, 26 conditions, 9 params
26.7356 	EXP 	Created sequence: sequential, trialTypes=26, nReps=1, seed=None
26.7359 	EXP 	New trial (rep=0, index=0): {'NumberLetter': 1, 'corrAns': ['2'], 'Correct': 2, 'StimFile': 'TMTstop-control_1_2.png', 'Correct_StimFile': 'TMTstop-control_1_2.png', 'False_StimFile': 'TMTstop-control_1_2.png', 'Version': 'TMT_Control', 'Block': 2, 'TrialNumber_session': 26}
26.7362 	WARNING 	Requested image 'TMTstop-control_1_2.png' not found but similar filename 'TMTstop-control_1_2.jpg' exists. This will be used instead but changing the filename is advised.
26.7659 	EXP 	polygon: autoDraw = False
26.7659 	EXP 	Stim: image = 'TMTstop-control_1_2.png'
26.7659 	EXP 	Stim: autoDraw = True
27.3824 	EXP 	New trial (rep=0, index=1): {'NumberLetter': 2, 'corrAns': ['3'], 'Correct': 3, 'StimFile': 'TMTstop-control_1_2.png', 'Correct_StimFile': 'TMTstop-control_1_2firstgreen.png', 'False_StimFile': 'TMTstop-control_1_2firstred.png', 'Version': 'TMT_Control', 'Block': 2, 'TrialNumber_session': 27}
27.4428 	DATA 	Keypress: 2
27.4469 	EXP 	Stim: autoDraw = False
27.4469 	EXP 	Stim: image = 'TMTstop-control_1_2firstgreen.png'
27.4469 	EXP 	Stim: image = 'TMTstop-control_1_2firstgreen.png'
27.4469 	EXP 	Stim: autoDraw = True
27.6236 	DATA 	Keypress: 2
27.7293 	EXP 	New trial (rep=0, index=2): {'NumberLetter': 3, 'corrAns': ['2'], 'Correct': 2, 'StimFile': 'TMTstop-control_1_2linestimulus0.png', 'Correct_StimFile': 'TMTstop-control_1_2greenlinestimulus0.png', 'False_StimFile': 'TMTstop-control_1_2redlinestimulus0.png', 'Version': 'TMT_Control', 'Block': 2, 'TrialNumber_session': 28}
27.7901 	DATA 	Keypress: 3
27.7941 	EXP 	Stim: autoDraw = False
27.7941 	EXP 	Stim: image = 'TMTstop-control_1_2greenlinestimulus0.png'
27.7941 	EXP 	Stim: image = 'TMTstop-control_1_2greenlinestimulus0.png'
27.7941 	EXP 	Stim: autoDraw = True
27.8676 	EXP 	Stim: autoDraw = False
27.8676 	EXP 	polygon: autoDraw = True
27.9094 	DATA 	Keypress: 3
30.8217 	EXP 	polygon: autoDraw = False
30.8217 	EXP 	image_3: autoDraw = True
32.9202 	EXP 	Imported TMTstop-A_1_conditions.xlsx as conditions, 6 conditions, 2 params
32.9205 	EXP 	Created sequence: sequential, trialTypes=6, nReps=1, seed=None
32.9207 	EXP 	New trial (rep=0, index=0): {'Block_file': 'TMTstop-A_1_1.xlsx', 'Condition_rows': '0:26'}
32.9644 	EXP 	Imported TMTstop-A_1_merged.xlsx as conditions, 26 conditions, 9 params
32.9647 	EXP 	Created sequence: sequential, trialTypes=26, nReps=1, seed=None
32.9650 	EXP 	New trial (rep=0, index=0): {'NumberLetter': 1, 'corrAns': ['1'], 'Correct': 1, 'StimFile': 'TMTstop-A_1_1.png', 'Correct_StimFile': 'TMTstop-A_1_1.png', 'False_StimFile': 'TMTstop-A_1_1.png', 'Version': 'TMT_A', 'Block': 1, 'TrialNumber_session': 1}
32.9983 	DATA 	Keypress: 2
33.0019 	EXP 	image_3: autoDraw = False
33.0019 	EXP 	Stim: image = 'TMTstop-A_1_1.png'
33.0019 	EXP 	Stim: autoDraw = True
33.0678 	DATA 	Keypress: 2
34.2691 	DATA 	Keypress: 1
34.2775 	EXP 	New trial (rep=0, index=1): {'NumberLetter': 2, 'corrAns': ['3'], 'Correct': 3, 'StimFile': 'TMTstop-A_1_1.png', 'Correct_StimFile': 'TMTstop-A_1_1firstgreen.png', 'False_StimFile': 'TMTstop-A_1_1firstred.png', 'Version': 'TMT_A', 'Block': 1, 'TrialNumber_session': 2}
34.3425 	EXP 	Stim: autoDraw = False
34.3425 	EXP 	Stim: image = 'TMTstop-A_1_1firstgreen.png'
34.3425 	EXP 	Stim: image = 'TMTstop-A_1_1firstgreen.png'
34.3425 	EXP 	Stim: autoDraw = True
34.4636 	DATA 	Keypress: 1
35.1024 	DATA 	Keypress: 3
35.1110 	EXP 	New trial (rep=0, index=2): {'NumberLetter': 3, 'corrAns': ['1'], 'Correct': 1, 'StimFile': 'TMTstop-A_1_1linestimulus0.png', 'Correct_StimFile': 'TMTstop-A_1_1greenlinestimulus0.png', 'False_StimFile': 'TMTstop-A_1_1redlinestimulus0.png', 'Version': 'TMT_A', 'Block': 1, 'TrialNumber_session': 3}
35.1759 	EXP 	Stim: autoDraw = False
35.1759 	EXP 	Stim: image = 'TMTstop-A_1_1greenlinestimulus0.png'
35.1759 	EXP 	Stim: image = 'TMTstop-A_1_1greenlinestimulus0.png'
35.1759 	EXP 	Stim: autoDraw = True
35.3246 	DATA 	Keypress: 3
36.0607 	DATA 	Keypress: 1
36.0699 	EXP 	New trial (rep=0, index=3): {'NumberLetter': 4, 'corrAns': ['3'], 'Correct': 3, 'StimFile': 'TMTstop-A_1_1linestimulus1.png', 'Correct_StimFile': 'TMTstop-A_1_1greenlinestimulus1.png', 'False_StimFile': 'TMTstop-A_1_1redlinestimulus1.png', 'Version': 'TMT_A', 'Block': 1, 'TrialNumber_session': 4}
36.1346 	EXP 	Stim: autoDraw = False
36.1346 	EXP 	Stim: image = 'TMTstop-A_1_1greenlinestimulus1.png'
36.1346 	EXP 	Stim: image = 'TMTstop-A_1_1greenlinestimulus1.png'
36.1346 	EXP 	Stim: autoDraw = True
36.2492 	DATA 	Keypress: 1
36.5816 	DATA 	Keypress: 3
36.5902 	EXP 	New trial (rep=0, index=4): {'NumberLetter': 5, 'corrAns': ['1'], 'Correct': 1, 'StimFile': 'TMTstop-A_1_1linestimulus2.png', 'Correct_StimFile': 'TMTstop-A_1_1greenlinestimulus2.png', 'False_StimFile': 'TMTstop-A_1_1redlinestimulus2.png', 'Version': 'TMT_A', 'Block': 1, 'TrialNumber_session': 5}
36.6550 	EXP 	Stim: autoDraw = False
36.6550 	EXP 	Stim: image = 'TMTstop-A_1_1greenlinestimulus2.png'
36.6550 	EXP 	Stim: image = 'TMTstop-A_1_1greenlinestimulus2.png'
36.6550 	EXP 	Stim: autoDraw = True
36.7969 	DATA 	Keypress: 3
37.0051 	DATA 	Keypress: 1
37.0141 	EXP 	New trial (rep=0, index=5): {'NumberLetter': 6, 'corrAns': ['3'], 'Correct': 3, 'StimFile': 'TMTstop-A_1_1linestimulus3.png', 'Correct_StimFile': 'TMTstop-A_1_1greenlinestimulus3.png', 'False_StimFile': 'TMTstop-A_1_1redlinestimulus3.png', 'Version': 'TMT_A', 'Block': 1, 'TrialNumber_session': 6}
37.0855 	EXP 	Stim: autoDraw = False
37.0855 	EXP 	Stim: image = 'TMTstop-A_1_1greenlinestimulus3.png'
37.0855 	EXP 	Stim: image = 'TMTstop-A_1_1greenlinestimulus3.png'
37.0855 	EXP 	Stim: autoDraw = True
37.2210 	DATA 	Keypress: 1
37.3940 	DATA 	Keypress: 2
37.4397 	EXP 	Stim: image = 'TMTstop-A_1_1redlinestimulus3.png'
37.4809 	EXP 	Stim: image = 'TMTstop-A_1_1redlinestimulus3.png'
37.5226 	EXP 	Stim: image = 'TMTstop-A_1_1redlinestimulus3.png'
37.5642 	EXP 	Stim: image = 'TMTstop-A_1_1redlinestimulus3.png'
37.6058 	EXP 	Stim: image = 'TMTstop-A_1_1redlinestimulus3.png'
37.6448 	DATA 	Keypress: 2
37.6478 	EXP 	Stim: image = 'TMTstop-A_1_1redlinestimulus3.png'
37.6891 	EXP 	Stim: image = 'TMTstop-A_1_1redlinestimulus3.png'
37.7272 	DATA 	Keypress: 3
37.7307 	EXP 	Stim: image = 'TMTstop-A_1_1redlinestimulus3.png'
37.7365 	EXP 	New trial (rep=0, index=6): {'NumberLetter': 7, 'corrAns': ['1'], 'Correct': 1, 'StimFile': 'TMTstop-A_1_1linestimulus4.png', 'Correct_StimFile': 'TMTstop-A_1_1greenlinestimulus4.png', 'False_StimFile': 'TMTstop-A_1_1redlinestimulus4.png', 'Version': 'TMT_A', 'Block': 1, 'TrialNumber_session': 7}
37.8079 	EXP 	Stim: autoDraw = False
37.8079 	EXP 	Stim: image = 'TMTstop-A_1_1greenlinestimulus4.png'
37.8079 	EXP 	Stim: image = 'TMTstop-A_1_1greenlinestimulus4.png'
37.8079 	EXP 	Stim: autoDraw = True
37.9100 	EXP 	New trial (rep=0, index=7): {'NumberLetter': 8, 'corrAns': ['2'], 'Correct': 2, 'StimFile': 'TMTstop-A_1_1linestimulus5.png', 'Correct_StimFile': 'TMTstop-A_1_1greenlinestimulus5.png', 'False_StimFile': 'TMTstop-A_1_1redlinestimulus5.png', 'Version': 'TMT_A', 'Block': 1, 'TrialNumber_session': 8}
37.9778 	DATA 	Keypress: 1
37.9780 	DATA 	Keypress: 3
37.9819 	EXP 	Stim: autoDraw = False
37.9819 	EXP 	Stim: image = 'TMTstop-A_1_1greenlinestimulus5.png'
37.9819 	EXP 	Stim: image = 'TMTstop-A_1_1greenlinestimulus5.png'
37.9819 	EXP 	Stim: autoDraw = True
38.0051 	DATA 	Keypress: 2
38.0139 	EXP 	New trial (rep=0, index=8): {'NumberLetter': 9, 'corrAns': ['3'], 'Correct': 3, 'StimFile': 'TMTstop-A_1_1linestimulus6.png', 'Correct_StimFile': 'TMTstop-A_1_1greenlinestimulus6.png', 'False_StimFile': 'TMTstop-A_1_1redlinestimulus6.png', 'Version': 'TMT_A', 'Block': 1, 'TrialNumber_session': 9}
38.0786 	EXP 	Stim: autoDraw = False
38.0786 	EXP 	Stim: image = 'TMTstop-A_1_1greenlinestimulus6.png'
38.0786 	EXP 	Stim: image = 'TMTstop-A_1_1greenlinestimulus6.png'
38.0786 	EXP 	Stim: autoDraw = True
38.0846 	EXP 	New trial (rep=0, index=9): {'NumberLetter': 10, 'corrAns': ['1'], 'Correct': 1, 'StimFile': 'TMTstop-A_1_1linestimulus7.png', 'Correct_StimFile': 'TMTstop-A_1_1greenlinestimulus7.png', 'False_StimFile': 'TMTstop-A_1_1redlinestimulus7.png', 'Version': 'TMT_A', 'Block': 1, 'TrialNumber_session': 10}
38.1577 	DATA 	Keypress: 3
38.1579 	DATA 	Keypress: 1
38.1616 	EXP 	Stim: autoDraw = False
38.1616 	EXP 	Stim: image = 'TMTstop-A_1_1greenlinestimulus7.png'
38.1616 	EXP 	Stim: image = 'TMTstop-A_1_1greenlinestimulus7.png'
38.1616 	EXP 	Stim: autoDraw = True
38.1856 	DATA 	Keypress: 2
38.2412 	DATA 	Keypress: 1
38.2501 	EXP 	New trial (rep=0, index=10): {'NumberLetter': 11, 'corrAns': ['3'], 'Correct': 3, 'StimFile': 'TMTstop-A_1_1linestimulus8.png', 'Correct_StimFile': 'TMTstop-A_1_1greenlinestimulus8.png', 'False_StimFile': 'TMTstop-A_1_1redlinestimulus8.png', 'Version': 'TMT_A', 'Block': 1, 'TrialNumber_session': 11}
38.3176 	DATA 	Keypress: 3
38.3177 	DATA 	Keypress: 2
38.3215 	EXP 	Stim: autoDraw = False
38.3215 	EXP 	Stim: image = 'TMTstop-A_1_1greenlinestimulus8.png'
38.3215 	EXP 	Stim: image = 'TMTstop-A_1_1greenlinestimulus8.png'
38.3215 	EXP 	Stim: autoDraw = True
38.3628 	EXP 	Stim: image = 'TMTstop-A_1_1redlinestimulus8.png'
38.4009 	DATA 	Keypress: 3
38.4045 	EXP 	Stim: image = 'TMTstop-A_1_1redlinestimulus8.png'
38.4118 	EXP 	New trial (rep=0, index=11): {'NumberLetter': 12, 'corrAns': ['2'], 'Correct': 2, 'StimFile': 'TMTstop-A_1_1linestimulus9.png', 'Correct_StimFile': 'TMTstop-A_1_1greenlinestimulus9.png', 'False_StimFile': 'TMTstop-A_1_1redlinestimulus9.png', 'Version': 'TMT_A', 'Block': 1, 'TrialNumber_session': 12}
38.4775 	DATA 	Keypress: 1
38.4777 	DATA 	Keypress: 2
38.4815 	EXP 	Stim: autoDraw = False
38.4815 	EXP 	Stim: image = 'TMTstop-A_1_1greenlinestimulus9.png'
38.4815 	EXP 	Stim: image = 'TMTstop-A_1_1greenlinestimulus9.png'
38.4815 	EXP 	Stim: autoDraw = True
38.5191 	DATA 	Keypress: 1
38.5644 	EXP 	Stim: image = 'TMTstop-A_1_1redlinestimulus9.png'
38.6023 	DATA 	Keypress: 3
38.6024 	DATA 	Keypress: 2
38.6058 	EXP 	Stim: image = 'TMTstop-A_1_1redlinestimulus9.png'
38.6121 	EXP 	New trial (rep=0, index=12): {'NumberLetter': 13, 'corrAns': ['1'], 'Correct': 1, 'StimFile': 'TMTstop-A_1_1linestimulus10.png', 'Correct_StimFile': 'TMTstop-A_1_1greenlinestimulus10.png', 'False_StimFile': 'TMTstop-A_1_1redlinestimulus10.png', 'Version': 'TMT_A', 'Block': 1, 'TrialNumber_session': 13}
38.6787 	DATA 	Keypress: 3
38.6829 	EXP 	Stim: autoDraw = False
38.6829 	EXP 	Stim: image = 'TMTstop-A_1_1greenlinestimulus10.png'
38.6829 	EXP 	Stim: image = 'TMTstop-A_1_1greenlinestimulus10.png'
38.6829 	EXP 	Stim: autoDraw = True
38.7204 	DATA 	Keypress: 1
38.7241 	EXP 	Stim: image = 'TMTstop-A_1_1redlinestimulus10.png'
38.7620 	DATA 	Keypress: 2
38.7656 	EXP 	Stim: image = 'TMTstop-A_1_1redlinestimulus10.png'
38.8036 	DATA 	Keypress: 1
38.8072 	EXP 	Stim: image = 'TMTstop-A_1_1redlinestimulus10.png'
38.8135 	EXP 	New trial (rep=0, index=13): {'NumberLetter': 14, 'corrAns': ['2'], 'Correct': 2, 'StimFile': 'TMTstop-A_1_1linestimulus11.png', 'Correct_StimFile': 'TMTstop-A_1_1greenlinestimulus11.png', 'False_StimFile': 'TMTstop-A_1_1redlinestimulus11.png', 'Version': 'TMT_A', 'Block': 1, 'TrialNumber_session': 14}
38.8731 	DATA 	Keypress: 2
38.8733 	DATA 	Keypress: 3
38.8771 	EXP 	Stim: autoDraw = False
38.8771 	EXP 	Stim: image = 'TMTstop-A_1_1greenlinestimulus11.png'
38.8771 	EXP 	Stim: image = 'TMTstop-A_1_1greenlinestimulus11.png'
38.8771 	EXP 	Stim: autoDraw = True
38.8835 	EXP 	New trial (rep=0, index=14): {'NumberLetter': 15, 'corrAns': ['1'], 'Correct': 1, 'StimFile': 'TMTstop-A_1_1linestimulus12.png', 'Correct_StimFile': 'TMTstop-A_1_1greenlinestimulus12.png', 'False_StimFile': 'TMTstop-A_1_1redlinestimulus12.png', 'Version': 'TMT_A', 'Block': 1, 'TrialNumber_session': 15}
38.9494 	DATA 	Keypress: 3
38.9535 	EXP 	Stim: autoDraw = False
38.9535 	EXP 	Stim: image = 'TMTstop-A_1_1greenlinestimulus12.png'
38.9535 	EXP 	Stim: image = 'TMTstop-A_1_1greenlinestimulus12.png'
38.9535 	EXP 	Stim: autoDraw = True
38.9912 	DATA 	Keypress: 1
38.9948 	EXP 	Stim: image = 'TMTstop-A_1_1redlinestimulus12.png'
39.0329 	DATA 	Keypress: 2
39.0364 	EXP 	Stim: image = 'TMTstop-A_1_1redlinestimulus12.png'
39.0782 	EXP 	Stim: image = 'TMTstop-A_1_1redlinestimulus12.png'
39.1162 	DATA 	Keypress: 1
39.1197 	EXP 	Stim: image = 'TMTstop-A_1_1redlinestimulus12.png'
39.1258 	EXP 	New trial (rep=0, index=15): {'NumberLetter': 16, 'corrAns': ['2'], 'Correct': 2, 'StimFile': 'TMTstop-A_1_1linestimulus13.png', 'Correct_StimFile': 'TMTstop-A_1_1greenlinestimulus13.png', 'False_StimFile': 'TMTstop-A_1_1redlinestimulus13.png', 'Version': 'TMT_A', 'Block': 1, 'TrialNumber_session': 16}
39.1925 	DATA 	Keypress: 2
39.1927 	DATA 	Keypress: 3
39.1967 	EXP 	Stim: autoDraw = False
39.1967 	EXP 	Stim: image = 'TMTstop-A_1_1greenlinestimulus13.png'
39.1967 	EXP 	Stim: image = 'TMTstop-A_1_1greenlinestimulus13.png'
39.1967 	EXP 	Stim: autoDraw = True
39.2027 	EXP 	New trial (rep=0, index=16): {'NumberLetter': 17, 'corrAns': ['1'], 'Correct': 1, 'StimFile': 'TMTstop-A_1_1linestimulus14.png', 'Correct_StimFile': 'TMTstop-A_1_1greenlinestimulus14.png', 'False_StimFile': 'TMTstop-A_1_1redlinestimulus14.png', 'Version': 'TMT_A', 'Block': 1, 'TrialNumber_session': 17}
39.2688 	DATA 	Keypress: 3
39.2731 	EXP 	Stim: autoDraw = False
39.2731 	EXP 	Stim: image = 'TMTstop-A_1_1greenlinestimulus14.png'
39.2731 	EXP 	Stim: image = 'TMTstop-A_1_1greenlinestimulus14.png'
39.2731 	EXP 	Stim: autoDraw = True
39.3107 	DATA 	Keypress: 1
39.3143 	EXP 	Stim: image = 'TMTstop-A_1_1redlinestimulus14.png'
39.3525 	DATA 	Keypress: 2
39.3560 	EXP 	Stim: image = 'TMTstop-A_1_1redlinestimulus14.png'
39.3940 	DATA 	Keypress: 1
39.3976 	EXP 	Stim: image = 'TMTstop-A_1_1redlinestimulus14.png'
39.4044 	EXP 	New trial (rep=0, index=17): {'NumberLetter': 18, 'corrAns': ['3'], 'Correct': 3, 'StimFile': 'TMTstop-A_1_1linestimulus15.png', 'Correct_StimFile': 'TMTstop-A_1_1greenlinestimulus15.png', 'False_StimFile': 'TMTstop-A_1_1redlinestimulus15.png', 'Version': 'TMT_A', 'Block': 1, 'TrialNumber_session': 18}
39.4705 	DATA 	Keypress: 2
39.4708 	DATA 	Keypress: 3
39.4747 	EXP 	Stim: autoDraw = False
39.4747 	EXP 	Stim: image = 'TMTstop-A_1_1greenlinestimulus15.png'
39.4747 	EXP 	Stim: image = 'TMTstop-A_1_1greenlinestimulus15.png'
39.4747 	EXP 	Stim: autoDraw = True
39.5156 	EXP 	Stim: image = 'TMTstop-A_1_1redlinestimulus15.png'
39.5536 	DATA 	Keypress: 3
39.5572 	EXP 	Stim: image = 'TMTstop-A_1_1redlinestimulus15.png'
39.5630 	EXP 	New trial (rep=0, index=18): {'NumberLetter': 19, 'corrAns': ['2'], 'Correct': 2, 'StimFile': 'TMTstop-A_1_1linestimulus16.png', 'Correct_StimFile': 'TMTstop-A_1_1greenlinestimulus16.png', 'False_StimFile': 'TMTstop-A_1_1redlinestimulus16.png', 'Version': 'TMT_A', 'Block': 1, 'TrialNumber_session': 19}
39.6231 	DATA 	Keypress: 1
39.6233 	DATA 	Keypress: 2
39.6272 	EXP 	Stim: autoDraw = False
39.6272 	EXP 	Stim: image = 'TMTstop-A_1_1greenlinestimulus16.png'
39.6272 	EXP 	Stim: image = 'TMTstop-A_1_1greenlinestimulus16.png'
39.6272 	EXP 	Stim: autoDraw = True
39.6654 	DATA 	Keypress: 1
39.7100 	EXP 	Stim: image = 'TMTstop-A_1_1redlinestimulus16.png'
39.7481 	DATA 	Keypress: 2
39.7483 	DATA 	Keypress: 3
39.7519 	EXP 	Stim: image = 'TMTstop-A_1_1redlinestimulus16.png'
39.7575 	EXP 	New trial (rep=0, index=19): {'NumberLetter': 20, 'corrAns': ['3'], 'Correct': 3, 'StimFile': 'TMTstop-A_1_1linestimulus17.png', 'Correct_StimFile': 'TMTstop-A_1_1greenlinestimulus17.png', 'False_StimFile': 'TMTstop-A_1_1redlinestimulus17.png', 'Version': 'TMT_A', 'Block': 1, 'TrialNumber_session': 20}
39.8245 	DATA 	Keypress: 3
39.8285 	EXP 	Stim: autoDraw = False
39.8285 	EXP 	Stim: image = 'TMTstop-A_1_1greenlinestimulus17.png'
39.8285 	EXP 	Stim: image = 'TMTstop-A_1_1greenlinestimulus17.png'
39.8285 	EXP 	Stim: autoDraw = True
39.8345 	EXP 	New trial (rep=0, index=20): {'NumberLetter': 21, 'corrAns': ['1'], 'Correct': 1, 'StimFile': 'TMTstop-A_1_1linestimulus18.png', 'Correct_StimFile': 'TMTstop-A_1_1greenlinestimulus18.png', 'False_StimFile': 'TMTstop-A_1_1redlinestimulus18.png', 'Version': 'TMT_A', 'Block': 1, 'TrialNumber_session': 21}
39.9019 	DATA 	Keypress: 1
39.9033 	DATA 	Keypress: 2
39.9054 	EXP 	Stim: autoDraw = False
39.9054 	EXP 	Stim: image = 'TMTstop-A_1_1greenlinestimulus18.png'
39.9054 	EXP 	Stim: image = 'TMTstop-A_1_1greenlinestimulus18.png'
39.9054 	EXP 	Stim: autoDraw = True
39.9564 	DATA 	Keypress: 1
39.9655 	EXP 	New trial (rep=0, index=21): {'NumberLetter': 22, 'corrAns': ['3'], 'Correct': 3, 'StimFile': 'TMTstop-A_1_1linestimulus19.png', 'Correct_StimFile': 'TMTstop-A_1_1greenlinestimulus19.png', 'False_StimFile': 'TMTstop-A_1_1redlinestimulus19.png', 'Version': 'TMT_A', 'Block': 1, 'TrialNumber_session': 22}
40.0328 	DATA 	Keypress: 2
40.0330 	DATA 	Keypress: 3
40.0368 	EXP 	Stim: autoDraw = False
40.0368 	EXP 	Stim: image = 'TMTstop-A_1_1greenlinestimulus19.png'
40.0368 	EXP 	Stim: image = 'TMTstop-A_1_1greenlinestimulus19.png'
40.0368 	EXP 	Stim: autoDraw = True
40.0780 	EXP 	Stim: image = 'TMTstop-A_1_1redlinestimulus19.png'
40.1202 	EXP 	Stim: image = 'TMTstop-A_1_1redlinestimulus19.png'
40.1585 	DATA 	Keypress: 3
40.1586 	DATA 	Keypress: 1
40.1613 	EXP 	Stim: image = 'TMTstop-A_1_1redlinestimulus19.png'
40.1670 	EXP 	New trial (rep=0, index=22): {'NumberLetter': 23, 'corrAns': ['1'], 'Correct': 1, 'StimFile': 'TMTstop-A_1_1linestimulus20.png', 'Correct_StimFile': 'TMTstop-A_1_1greenlinestimulus20.png', 'False_StimFile': 'TMTstop-A_1_1redlinestimulus20.png', 'Version': 'TMT_A', 'Block': 1, 'TrialNumber_session': 23}
40.2341 	DATA 	Keypress: 2
40.2381 	EXP 	Stim: autoDraw = False
40.2381 	EXP 	Stim: image = 'TMTstop-A_1_1greenlinestimulus20.png'
40.2381 	EXP 	Stim: image = 'TMTstop-A_1_1greenlinestimulus20.png'
40.2381 	EXP 	Stim: autoDraw = True
40.2480 	DATA 	Keypress: 1
40.2567 	EXP 	New trial (rep=0, index=23): {'NumberLetter': 24, 'corrAns': ['3'], 'Correct': 3, 'StimFile': 'TMTstop-A_1_1linestimulus21.png', 'Correct_StimFile': 'TMTstop-A_1_1greenlinestimulus21.png', 'False_StimFile': 'TMTstop-A_1_1redlinestimulus21.png', 'Version': 'TMT_A', 'Block': 1, 'TrialNumber_session': 24}
40.3243 	DATA 	Keypress: 2
40.3245 	DATA 	Keypress: 3
40.3284 	EXP 	Stim: autoDraw = False
40.3284 	EXP 	Stim: image = 'TMTstop-A_1_1greenlinestimulus21.png'
40.3284 	EXP 	Stim: image = 'TMTstop-A_1_1greenlinestimulus21.png'
40.3284 	EXP 	Stim: autoDraw = True
40.3700 	EXP 	Stim: image = 'TMTstop-A_1_1redlinestimulus21.png'
40.4078 	DATA 	Keypress: 3
40.4115 	EXP 	Stim: image = 'TMTstop-A_1_1redlinestimulus21.png'
40.4184 	EXP 	New trial (rep=0, index=24): {'NumberLetter': 25, 'corrAns': ['1'], 'Correct': 1, 'StimFile': 'TMTstop-A_1_1linestimulus22.png', 'Correct_StimFile': 'TMTstop-A_1_1greenlinestimulus22.png', 'False_StimFile': 'TMTstop-A_1_1redlinestimulus22.png', 'Version': 'TMT_A', 'Block': 1, 'TrialNumber_session': 25}
40.4914 	DATA 	Keypress: 1
40.4919 	DATA 	Keypress: 2
40.4960 	EXP 	Stim: autoDraw = False
40.4960 	EXP 	Stim: image = 'TMTstop-A_1_1greenlinestimulus22.png'
40.4960 	EXP 	Stim: image = 'TMTstop-A_1_1greenlinestimulus22.png'
40.4960 	EXP 	Stim: autoDraw = True
40.5189 	DATA 	Keypress: 1
40.5280 	EXP 	New trial (rep=0, index=25): {'NumberLetter': None, 'corrAns': None, 'Correct': None, 'StimFile': 'TMTstop-A_1_1linestimulus23.png', 'Correct_StimFile': 'TMTstop-A_1_1greenlinestimulus23.png', 'False_StimFile': 'TMTstop-A_1_1redlinestimulus23.png', 'Version': 'TMT_A', 'Block': 1, 'TrialNumber_session': 'Feedback_last'}
40.5953 	DATA 	Keypress: 3
40.5954 	DATA 	Keypress: 2
40.5998 	EXP 	Stim: autoDraw = False
40.5998 	EXP 	Stim: image = 'TMTstop-A_1_1greenlinestimulus23.png'
40.5998 	EXP 	Stim: image = 'TMTstop-A_1_1greenlinestimulus23.png'
40.5998 	EXP 	Stim: autoDraw = True
40.6408 	EXP 	Stim: image = 'TMTstop-A_1_1redlinestimulus23.png'
40.6794 	DATA 	Keypress: 3
40.6822 	EXP 	Stim: image = 'TMTstop-A_1_1redlinestimulus23.png'
40.7281 	DATA 	Keypress: 1
40.7314 	EXP 	Stim: image = 'TMTstop-A_1_1redlinestimulus23.png'
40.8097 	DATA 	Keypress: 2
40.8129 	DATA 	Keypress: 1
40.8172 	EXP 	Stim: image = 'TMTstop-A_1_1redlinestimulus23.png'
40.8595 	DATA 	Keypress: 3
40.8597 	DATA 	Keypress: 2
40.8627 	EXP 	Stim: image = 'TMTstop-A_1_1redlinestimulus23.png'
40.9052 	EXP 	Stim: image = 'TMTstop-A_1_1redlinestimulus23.png'
40.9461 	EXP 	Stim: image = 'TMTstop-A_1_1redlinestimulus23.png'
40.9841 	DATA 	Keypress: 3
40.9844 	DATA 	Keypress: 1
40.9878 	EXP 	Stim: image = 'TMTstop-A_1_1redlinestimulus23.png'
41.0364 	EXP 	Stim: image = 'TMTstop-A_1_1redlinestimulus23.png'
41.0744 	DATA 	Keypress: 2
41.0746 	DATA 	Keypress: 1
41.0779 	EXP 	Stim: image = 'TMTstop-A_1_1redlinestimulus23.png'
41.1197 	EXP 	Stim: image = 'TMTstop-A_1_1redlinestimulus23.png'
41.1585 	DATA 	Keypress: 2
41.1588 	DATA 	Keypress: 3
41.1624 	EXP 	Stim: image = 'TMTstop-A_1_1redlinestimulus23.png'
41.2030 	EXP 	Stim: image = 'TMTstop-A_1_1redlinestimulus23.png'
41.2515 	EXP 	Stim: image = 'TMTstop-A_1_1redlinestimulus23.png'
41.2898 	DATA 	Keypress: 3
41.2934 	EXP 	Stim: image = 'TMTstop-A_1_1redlinestimulus23.png'
41.3315 	DATA 	Keypress: 1
41.3350 	EXP 	Stim: image = 'TMTstop-A_1_1redlinestimulus23.png'
41.3730 	DATA 	Keypress: 2
41.3732 	DATA 	Keypress: 2
41.3767 	EXP 	Stim: image = 'TMTstop-A_1_1redlinestimulus23.png'
41.4170 	DATA 	Keypress: 3
41.4175 	DATA 	Keypress: 2
41.4176 	DATA 	Keypress: 2
41.4191 	EXP 	Stim: image = 'TMTstop-A_1_1redlinestimulus23.png'
41.4600 	EXP 	Stim: image = 'TMTstop-A_1_1redlinestimulus23.png'
41.5016 	EXP 	Stim: image = 'TMTstop-A_1_1redlinestimulus23.png'
41.5436 	EXP 	Stim: image = 'TMTstop-A_1_1redlinestimulus23.png'
41.5813 	DATA 	Keypress: 2
41.5849 	EXP 	Stim: image = 'TMTstop-A_1_1redlinestimulus23.png'
41.6230 	DATA 	Keypress: 2
41.6265 	EXP 	Stim: image = 'TMTstop-A_1_1redlinestimulus23.png'
41.7202 	DATA 	Keypress: 2
41.7219 	EXP 	Stim: image = 'TMTstop-A_1_1redlinestimulus23.png'
41.7219 	EXP 	Stim: autoDraw = False
41.7219 	EXP 	polygon: autoDraw = True
44.6613 	EXP 	New trial (rep=0, index=1): {'Block_file': 'TMTstop-A_1_2.xlsx', 'Condition_rows': '26:52'}
44.7087 	EXP 	Imported TMTstop-A_1_merged.xlsx as conditions, 26 conditions, 9 params
44.7091 	EXP 	Created sequence: sequential, trialTypes=26, nReps=1, seed=None
44.7093 	EXP 	New trial (rep=0, index=0): {'NumberLetter': 1, 'corrAns': ['1'], 'Correct': 1, 'StimFile': 'TMTstop-A_1_2.png', 'Correct_StimFile': 'TMTstop-A_1_2.png', 'False_StimFile': 'TMTstop-A_1_2.png', 'Version': 'TMT_A', 'Block': 2, 'TrialNumber_session': 26}
44.7454 	EXP 	polygon: autoDraw = False
44.7454 	EXP 	Stim: image = 'TMTstop-A_1_2.png'
44.7454 	EXP 	Stim: autoDraw = True
45.5535 	DATA 	Keypress: 1
45.5620 	EXP 	New trial (rep=0, index=1): {'NumberLetter': 2, 'corrAns': ['3'], 'Correct': 3, 'StimFile': 'TMTstop-A_1_2.png', 'Correct_StimFile': 'TMTstop-A_1_2firstgreen.png', 'False_StimFile': 'TMTstop-A_1_2firstred.png', 'Version': 'TMT_A', 'Block': 2, 'TrialNumber_session': 27}
45.6271 	EXP 	Stim: autoDraw = False
45.6271 	EXP 	Stim: image = 'TMTstop-A_1_2firstgreen.png'
45.6271 	EXP 	Stim: image = 'TMTstop-A_1_2firstgreen.png'
45.6271 	EXP 	Stim: autoDraw = True
45.6369 	DATA 	Keypress: 2
45.6821 	EXP 	Stim: image = 'TMTstop-A_1_2firstred.png'
45.7208 	DATA 	Keypress: 3
45.7245 	EXP 	Stim: image = 'TMTstop-A_1_2firstred.png'
45.7304 	EXP 	New trial (rep=0, index=2): {'NumberLetter': 3, 'corrAns': ['1'], 'Correct': 1, 'StimFile': 'TMTstop-A_1_2linestimulus0.png', 'Correct_StimFile': 'TMTstop-A_1_2greenlinestimulus0.png', 'False_StimFile': 'TMTstop-A_1_2redlinestimulus0.png', 'Version': 'TMT_A', 'Block': 2, 'TrialNumber_session': 28}
45.7896 	DATA 	Keypress: 1
45.7897 	DATA 	Keypress: 2
45.7937 	EXP 	Stim: autoDraw = False
45.7937 	EXP 	Stim: image = 'TMTstop-A_1_2greenlinestimulus0.png'
45.7937 	EXP 	Stim: image = 'TMTstop-A_1_2greenlinestimulus0.png'
45.7937 	EXP 	Stim: autoDraw = True
45.8452 	DATA 	Keypress: 1
45.8541 	EXP 	New trial (rep=0, index=3): {'NumberLetter': 4, 'corrAns': ['2'], 'Correct': 2, 'StimFile': 'TMTstop-A_1_2linestimulus1.png', 'Correct_StimFile': 'TMTstop-A_1_2greenlinestimulus1.png', 'False_StimFile': 'TMTstop-A_1_2redlinestimulus1.png', 'Version': 'TMT_A', 'Block': 2, 'TrialNumber_session': 29}
45.9147 	DATA 	Keypress: 3
45.9148 	DATA 	Keypress: 2
45.9189 	EXP 	Stim: autoDraw = False
45.9189 	EXP 	Stim: image = 'TMTstop-A_1_2greenlinestimulus1.png'
45.9189 	EXP 	Stim: image = 'TMTstop-A_1_2greenlinestimulus1.png'
45.9189 	EXP 	Stim: autoDraw = True
45.9249 	EXP 	New trial (rep=0, index=4): {'NumberLetter': 5, 'corrAns': ['1'], 'Correct': 1, 'StimFile': 'TMTstop-A_1_2linestimulus2.png', 'Correct_StimFile': 'TMTstop-A_1_2greenlinestimulus2.png', 'False_StimFile': 'TMTstop-A_1_2redlinestimulus2.png', 'Version': 'TMT_A', 'Block': 2, 'TrialNumber_session': 30}
45.9910 	DATA 	Keypress: 3
45.9951 	EXP 	Stim: autoDraw = False
45.9951 	EXP 	Stim: image = 'TMTstop-A_1_2greenlinestimulus2.png'
45.9951 	EXP 	Stim: image = 'TMTstop-A_1_2greenlinestimulus2.png'
45.9951 	EXP 	Stim: autoDraw = True
46.0329 	DATA 	Keypress: 1
46.0370 	EXP 	Stim: image = 'TMTstop-A_1_2redlinestimulus2.png'
46.0817 	DATA 	Keypress: 2
46.0859 	EXP 	Stim: image = 'TMTstop-A_1_2redlinestimulus2.png'
46.1301 	DATA 	Keypress: 1
46.1344 	EXP 	Stim: image = 'TMTstop-A_1_2redlinestimulus2.png'
46.1414 	EXP 	New trial (rep=0, index=5): {'NumberLetter': 6, 'corrAns': ['3'], 'Correct': 3, 'StimFile': 'TMTstop-A_1_2linestimulus3.png', 'Correct_StimFile': 'TMTstop-A_1_2greenlinestimulus3.png', 'False_StimFile': 'TMTstop-A_1_2redlinestimulus3.png', 'Version': 'TMT_A', 'Block': 2, 'TrialNumber_session': 31}
46.2134 	DATA 	Keypress: 2
46.2137 	DATA 	Keypress: 3
46.2193 	EXP 	Stim: autoDraw = False
46.2193 	EXP 	Stim: image = 'TMTstop-A_1_2greenlinestimulus3.png'
46.2193 	EXP 	Stim: image = 'TMTstop-A_1_2greenlinestimulus3.png'
46.2193 	EXP 	Stim: autoDraw = True
46.2771 	DATA 	Keypress: 3
46.2810 	EXP 	Stim: image = 'TMTstop-A_1_2redlinestimulus3.png'
46.2881 	EXP 	New trial (rep=0, index=6): {'NumberLetter': 7, 'corrAns': ['2'], 'Correct': 2, 'StimFile': 'TMTstop-A_1_2linestimulus4.png', 'Correct_StimFile': 'TMTstop-A_1_2greenlinestimulus4.png', 'False_StimFile': 'TMTstop-A_1_2redlinestimulus4.png', 'Version': 'TMT_A', 'Block': 2, 'TrialNumber_session': 32}
46.4643 	DATA 	Keypress: 1
46.4670 	DATA 	Keypress: 2
46.4699 	DATA 	Keypress: 1
46.4749 	DATA 	Keypress: 3
46.4770 	DATA 	Keypress: 2
46.4787 	EXP 	Stim: autoDraw = False
46.4787 	EXP 	Stim: image = 'TMTstop-A_1_2greenlinestimulus4.png'
46.4787 	EXP 	Stim: image = 'TMTstop-A_1_2greenlinestimulus4.png'
46.4787 	EXP 	Stim: autoDraw = True
46.4844 	EXP 	New trial (rep=0, index=7): {'NumberLetter': 8, 'corrAns': ['1'], 'Correct': 1, 'StimFile': 'TMTstop-A_1_2linestimulus5.png', 'Correct_StimFile': 'TMTstop-A_1_2greenlinestimulus5.png', 'False_StimFile': 'TMTstop-A_1_2redlinestimulus5.png', 'Version': 'TMT_A', 'Block': 2, 'TrialNumber_session': 33}
46.5535 	DATA 	Keypress: 3
46.5576 	EXP 	Stim: autoDraw = False
46.5576 	EXP 	Stim: image = 'TMTstop-A_1_2greenlinestimulus5.png'
46.5576 	EXP 	Stim: image = 'TMTstop-A_1_2greenlinestimulus5.png'
46.5576 	EXP 	Stim: autoDraw = True
46.5952 	DATA 	Keypress: 1
46.5989 	EXP 	Stim: image = 'TMTstop-A_1_2redlinestimulus5.png'
46.6369 	DATA 	Keypress: 2
46.6408 	EXP 	Stim: image = 'TMTstop-A_1_2redlinestimulus5.png'
46.6785 	DATA 	Keypress: 1
46.6822 	EXP 	Stim: image = 'TMTstop-A_1_2redlinestimulus5.png'
46.6879 	EXP 	New trial (rep=0, index=8): {'NumberLetter': 9, 'corrAns': ['3'], 'Correct': 3, 'StimFile': 'TMTstop-A_1_2linestimulus6.png', 'Correct_StimFile': 'TMTstop-A_1_2greenlinestimulus6.png', 'False_StimFile': 'TMTstop-A_1_2redlinestimulus6.png', 'Version': 'TMT_A', 'Block': 2, 'TrialNumber_session': 34}
46.7479 	DATA 	Keypress: 2
46.7481 	DATA 	Keypress: 3
46.7524 	EXP 	Stim: autoDraw = False
46.7524 	EXP 	Stim: image = 'TMTstop-A_1_2greenlinestimulus6.png'
46.7524 	EXP 	Stim: image = 'TMTstop-A_1_2greenlinestimulus6.png'
46.7524 	EXP 	Stim: autoDraw = True
46.7931 	EXP 	Stim: image = 'TMTstop-A_1_2redlinestimulus6.png'
46.8320 	DATA 	Keypress: 3
46.8322 	DATA 	Keypress: 1
46.8348 	EXP 	Stim: image = 'TMTstop-A_1_2redlinestimulus6.png'
46.8405 	EXP 	New trial (rep=0, index=9): {'NumberLetter': 10, 'corrAns': ['2'], 'Correct': 2, 'StimFile': 'TMTstop-A_1_2linestimulus7.png', 'Correct_StimFile': 'TMTstop-A_1_2greenlinestimulus7.png', 'False_StimFile': 'TMTstop-A_1_2redlinestimulus7.png', 'Version': 'TMT_A', 'Block': 2, 'TrialNumber_session': 35}
46.9076 	DATA 	Keypress: 2
46.9119 	EXP 	Stim: autoDraw = False
46.9119 	EXP 	Stim: image = 'TMTstop-A_1_2greenlinestimulus7.png'
46.9119 	EXP 	Stim: image = 'TMTstop-A_1_2greenlinestimulus7.png'
46.9119 	EXP 	Stim: autoDraw = True
46.9771 	DATA 	Keypress: 1
46.9807 	EXP 	Stim: image = 'TMTstop-A_1_2redlinestimulus7.png'
47.0191 	DATA 	Keypress: 3
47.0193 	DATA 	Keypress: 2
47.0227 	EXP 	Stim: image = 'TMTstop-A_1_2redlinestimulus7.png'
47.0289 	EXP 	New trial (rep=0, index=10): {'NumberLetter': 11, 'corrAns': ['1'], 'Correct': 1, 'StimFile': 'TMTstop-A_1_2linestimulus8.png', 'Correct_StimFile': 'TMTstop-A_1_2greenlinestimulus8.png', 'False_StimFile': 'TMTstop-A_1_2redlinestimulus8.png', 'Version': 'TMT_A', 'Block': 2, 'TrialNumber_session': 36}
47.0999 	EXP 	Stim: autoDraw = False
47.0999 	EXP 	Stim: image = 'TMTstop-A_1_2greenlinestimulus8.png'
47.0999 	EXP 	Stim: image = 'TMTstop-A_1_2greenlinestimulus8.png'
47.0999 	EXP 	Stim: autoDraw = True
47.1090 	DATA 	Keypress: 3
47.1507 	DATA 	Keypress: 1
47.1543 	EXP 	Stim: image = 'TMTstop-A_1_2redlinestimulus8.png'
47.1923 	DATA 	Keypress: 2
47.1961 	EXP 	Stim: image = 'TMTstop-A_1_2redlinestimulus8.png'
47.2375 	EXP 	Stim: image = 'TMTstop-A_1_2redlinestimulus8.png'
47.2434 	EXP 	New trial (rep=0, index=11): {'NumberLetter': 12, 'corrAns': ['2'], 'Correct': 2, 'StimFile': 'TMTstop-A_1_2linestimulus9.png', 'Correct_StimFile': 'TMTstop-A_1_2greenlinestimulus9.png', 'False_StimFile': 'TMTstop-A_1_2redlinestimulus9.png', 'Version': 'TMT_A', 'Block': 2, 'TrialNumber_session': 37}
47.3103 	DATA 	Keypress: 1
47.3105 	DATA 	Keypress: 3
47.3144 	EXP 	Stim: autoDraw = False
47.3144 	EXP 	Stim: image = 'TMTstop-A_1_2greenlinestimulus9.png'
47.3144 	EXP 	Stim: image = 'TMTstop-A_1_2greenlinestimulus9.png'
47.3144 	EXP 	Stim: autoDraw = True
47.3243 	DATA 	Keypress: 2
47.3332 	EXP 	New trial (rep=0, index=12): {'NumberLetter': 13, 'corrAns': ['1'], 'Correct': 1, 'StimFile': 'TMTstop-A_1_2linestimulus10.png', 'Correct_StimFile': 'TMTstop-A_1_2greenlinestimulus10.png', 'False_StimFile': 'TMTstop-A_1_2redlinestimulus10.png', 'Version': 'TMT_A', 'Block': 2, 'TrialNumber_session': 38}
47.4010 	DATA 	Keypress: 3
47.4049 	EXP 	Stim: autoDraw = False
47.4049 	EXP 	Stim: image = 'TMTstop-A_1_2greenlinestimulus10.png'
47.4049 	EXP 	Stim: image = 'TMTstop-A_1_2greenlinestimulus10.png'
47.4049 	EXP 	Stim: autoDraw = True
47.4423 	DATA 	Keypress: 1
47.4459 	EXP 	Stim: image = 'TMTstop-A_1_2redlinestimulus10.png'
47.4840 	DATA 	Keypress: 2
47.4876 	EXP 	Stim: image = 'TMTstop-A_1_2redlinestimulus10.png'
47.5293 	EXP 	Stim: image = 'TMTstop-A_1_2redlinestimulus10.png'
47.5347 	EXP 	New trial (rep=0, index=13): {'NumberLetter': 14, 'corrAns': ['3'], 'Correct': 3, 'StimFile': 'TMTstop-A_1_2linestimulus11.png', 'Correct_StimFile': 'TMTstop-A_1_2greenlinestimulus11.png', 'False_StimFile': 'TMTstop-A_1_2redlinestimulus11.png', 'Version': 'TMT_A', 'Block': 2, 'TrialNumber_session': 39}
47.6020 	DATA 	Keypress: 1
47.6022 	DATA 	Keypress: 3
47.6023 	DATA 	Keypress: 2
47.6063 	EXP 	Stim: autoDraw = False
47.6063 	EXP 	Stim: image = 'TMTstop-A_1_2greenlinestimulus11.png'
47.6063 	EXP 	Stim: image = 'TMTstop-A_1_2greenlinestimulus11.png'
47.6063 	EXP 	Stim: autoDraw = True
47.6477 	EXP 	Stim: image = 'TMTstop-A_1_2redlinestimulus11.png'
47.6854 	DATA 	Keypress: 3
47.6889 	EXP 	Stim: image = 'TMTstop-A_1_2redlinestimulus11.png'
47.6944 	EXP 	New trial (rep=0, index=14): {'NumberLetter': 15, 'corrAns': ['1'], 'Correct': 1, 'StimFile': 'TMTstop-A_1_2linestimulus12.png', 'Correct_StimFile': 'TMTstop-A_1_2greenlinestimulus12.png', 'False_StimFile': 'TMTstop-A_1_2redlinestimulus12.png', 'Version': 'TMT_A', 'Block': 2, 'TrialNumber_session': 40}
47.7618 	DATA 	Keypress: 1
47.7619 	DATA 	Keypress: 2
47.7660 	EXP 	Stim: autoDraw = False
47.7660 	EXP 	Stim: image = 'TMTstop-A_1_2greenlinestimulus12.png'
47.7660 	EXP 	Stim: image = 'TMTstop-A_1_2greenlinestimulus12.png'
47.7660 	EXP 	Stim: autoDraw = True
47.7899 	DATA 	Keypress: 1
47.8001 	EXP 	New trial (rep=0, index=15): {'NumberLetter': 16, 'corrAns': ['3'], 'Correct': 3, 'StimFile': 'TMTstop-A_1_2linestimulus13.png', 'Correct_StimFile': 'TMTstop-A_1_2greenlinestimulus13.png', 'False_StimFile': 'TMTstop-A_1_2redlinestimulus13.png', 'Version': 'TMT_A', 'Block': 2, 'TrialNumber_session': 41}
47.8663 	DATA 	Keypress: 3
47.8667 	DATA 	Keypress: 2
47.8713 	EXP 	Stim: autoDraw = False
47.8713 	EXP 	Stim: image = 'TMTstop-A_1_2greenlinestimulus13.png'
47.8713 	EXP 	Stim: image = 'TMTstop-A_1_2greenlinestimulus13.png'
47.8713 	EXP 	Stim: autoDraw = True
47.9112 	EXP 	Stim: image = 'TMTstop-A_1_2redlinestimulus13.png'
47.9533 	EXP 	Stim: image = 'TMTstop-A_1_2redlinestimulus13.png'
47.9587 	EXP 	New trial (rep=0, index=16): {'NumberLetter': 17, 'corrAns': ['1'], 'Correct': 1, 'StimFile': 'TMTstop-A_1_2linestimulus14.png', 'Correct_StimFile': 'TMTstop-A_1_2greenlinestimulus14.png', 'False_StimFile': 'TMTstop-A_1_2redlinestimulus14.png', 'Version': 'TMT_A', 'Block': 2, 'TrialNumber_session': 42}
48.0881 	DATA 	Keypress: 3
48.0883 	DATA 	Keypress: 1
48.0884 	DATA 	Keypress: 2
48.0885 	DATA 	Keypress: 1
48.0905 	EXP 	Stim: autoDraw = False
48.0905 	EXP 	Stim: image = 'TMTstop-A_1_2greenlinestimulus14.png'
48.0905 	EXP 	Stim: image = 'TMTstop-A_1_2greenlinestimulus14.png'
48.0905 	EXP 	Stim: autoDraw = True
48.0905 	EXP 	Stim: autoDraw = False
48.0905 	EXP 	polygon: autoDraw = True
48.1373 	DATA 	Keypress: 2
48.1448 	DATA 	Keypress: 3
48.2419 	DATA 	Keypress: 3
48.2701 	DATA 	Keypress: 1
48.3185 	DATA 	Keypress: 2
48.3603 	DATA 	Keypress: 1
48.4299 	DATA 	Keypress: 3
48.4436 	DATA 	Keypress: 1
51.0366 	EXP 	polygon: autoDraw = False
51.0366 	EXP 	image_4: autoDraw = True
55.4454 	EXP 	Imported TMTstop-B_1_conditions.xlsx as conditions, 6 conditions, 2 params
55.4457 	EXP 	Created sequence: sequential, trialTypes=6, nReps=1, seed=None
55.4458 	EXP 	New trial (rep=0, index=0): {'Block_file': 'TMTstop-B_1_1.xlsx', 'Condition_rows': '0:26'}
55.4836 	EXP 	Imported TMTstop-B_1_merged.xlsx as conditions, 26 conditions, 9 params
55.4839 	EXP 	Created sequence: sequential, trialTypes=26, nReps=1, seed=None
55.4842 	EXP 	New trial (rep=0, index=0): {'NumberLetter': 1, 'corrAns': ['3'], 'Correct': 3, 'StimFile': 'TMTstop-B_1_1.png', 'Correct_StimFile': 'TMTstop-B_1_1.png', 'False_StimFile': 'TMTstop-B_1_1.png', 'Version': 'TMT_B', 'Block': 1, 'TrialNumber_session': 1}
55.5186 	DATA 	Keypress: 2
55.5221 	EXP 	image_4: autoDraw = False
55.5221 	EXP 	Stim: image = 'TMTstop-B_1_1.png'
55.5221 	EXP 	Stim: autoDraw = True
55.6161 	DATA 	Keypress: 2
56.7346 	DATA 	Keypress: 2
56.7387 	EXP 	Stim: image = 'TMTstop-B_1_1.png'
56.7805 	EXP 	Stim: image = 'TMTstop-B_1_1.png'
56.8287 	EXP 	Stim: image = 'TMTstop-B_1_1.png'
56.8658 	DATA 	Keypress: 3
56.8694 	EXP 	Stim: image = 'TMTstop-B_1_1.png'
56.8761 	EXP 	New trial (rep=0, index=1): {'NumberLetter': 'A', 'corrAns': ['1'], 'Correct': 1, 'StimFile': 'TMTstop-B_1_1.png', 'Correct_StimFile': 'TMTstop-B_1_1firstgreen.png', 'False_StimFile': 'TMTstop-B_1_1firstred.png', 'Version': 'TMT_B', 'Block': 1, 'TrialNumber_session': 2}
56.9354 	DATA 	Keypress: 2
56.9393 	EXP 	Stim: autoDraw = False
56.9393 	EXP 	Stim: image = 'TMTstop-B_1_1firstgreen.png'
56.9393 	EXP 	Stim: image = 'TMTstop-B_1_1firstgreen.png'
56.9393 	EXP 	Stim: autoDraw = True
56.9908 	DATA 	Keypress: 1
56.9999 	EXP 	New trial (rep=0, index=2): {'NumberLetter': 2, 'corrAns': ['3'], 'Correct': 3, 'StimFile': 'TMTstop-B_1_1linestimulus0.png', 'Correct_StimFile': 'TMTstop-B_1_1greenlinestimulus0.png', 'False_StimFile': 'TMTstop-B_1_1redlinestimulus0.png', 'Version': 'TMT_B', 'Block': 1, 'TrialNumber_session': 3}
57.0644 	EXP 	Stim: autoDraw = False
57.0644 	EXP 	Stim: image = 'TMTstop-B_1_1greenlinestimulus0.png'
57.0644 	EXP 	Stim: image = 'TMTstop-B_1_1greenlinestimulus0.png'
57.0644 	EXP 	Stim: autoDraw = True
57.0741 	DATA 	Keypress: 3
57.0880 	DATA 	Keypress: 2
57.1331 	EXP 	Stim: image = 'TMTstop-B_1_1redlinestimulus0.png'
57.1722 	DATA 	Keypress: 3
57.1754 	EXP 	Stim: image = 'TMTstop-B_1_1redlinestimulus0.png'
57.1814 	EXP 	New trial (rep=0, index=3): {'NumberLetter': 'B', 'corrAns': ['2'], 'Correct': 2, 'StimFile': 'TMTstop-B_1_1linestimulus1.png', 'Correct_StimFile': 'TMTstop-B_1_1greenlinestimulus1.png', 'False_StimFile': 'TMTstop-B_1_1redlinestimulus1.png', 'Version': 'TMT_B', 'Block': 1, 'TrialNumber_session': 4}
57.2477 	DATA 	Keypress: 1
57.2518 	EXP 	Stim: autoDraw = False
57.2518 	EXP 	Stim: image = 'TMTstop-B_1_1greenlinestimulus1.png'
57.2518 	EXP 	Stim: image = 'TMTstop-B_1_1greenlinestimulus1.png'
57.2518 	EXP 	Stim: autoDraw = True
57.2755 	DATA 	Keypress: 2
57.3450 	DATA 	Keypress: 1
57.3833 	EXP 	Stim: image = 'TMTstop-B_1_1redlinestimulus1.png'
57.4213 	DATA 	Keypress: 3
57.4215 	DATA 	Keypress: 2
57.4248 	EXP 	Stim: image = 'TMTstop-B_1_1redlinestimulus1.png'
57.4307 	EXP 	New trial (rep=0, index=4): {'NumberLetter': 3, 'corrAns': ['1'], 'Correct': 1, 'StimFile': 'TMTstop-B_1_1linestimulus2.png', 'Correct_StimFile': 'TMTstop-B_1_1greenlinestimulus2.png', 'False_StimFile': 'TMTstop-B_1_1redlinestimulus2.png', 'Version': 'TMT_B', 'Block': 1, 'TrialNumber_session': 5}
57.4907 	DATA 	Keypress: 3
57.4946 	EXP 	Stim: autoDraw = False
57.4946 	EXP 	Stim: image = 'TMTstop-B_1_1greenlinestimulus2.png'
57.4946 	EXP 	Stim: image = 'TMTstop-B_1_1greenlinestimulus2.png'
57.4946 	EXP 	Stim: autoDraw = True
57.5324 	DATA 	Keypress: 1
57.5361 	EXP 	Stim: image = 'TMTstop-B_1_1redlinestimulus2.png'
57.5741 	DATA 	Keypress: 2
57.5777 	EXP 	Stim: image = 'TMTstop-B_1_1redlinestimulus2.png'
57.6192 	EXP 	Stim: image = 'TMTstop-B_1_1redlinestimulus2.png'
57.6579 	DATA 	Keypress: 1
57.6616 	EXP 	Stim: image = 'TMTstop-B_1_1redlinestimulus2.png'
57.6683 	EXP 	New trial (rep=0, index=5): {'NumberLetter': 'C', 'corrAns': ['3'], 'Correct': 3, 'StimFile': 'TMTstop-B_1_1linestimulus3.png', 'Correct_StimFile': 'TMTstop-B_1_1greenlinestimulus3.png', 'False_StimFile': 'TMTstop-B_1_1redlinestimulus3.png', 'Version': 'TMT_B', 'Block': 1, 'TrialNumber_session': 6}
57.8179 	DATA 	Keypress: 2
57.8186 	DATA 	Keypress: 3
57.8188 	DATA 	Keypress: 3
57.8191 	DATA 	Keypress: 1
57.8221 	EXP 	Stim: autoDraw = False
57.8221 	EXP 	Stim: image = 'TMTstop-B_1_1greenlinestimulus3.png'
57.8221 	EXP 	Stim: image = 'TMTstop-B_1_1greenlinestimulus3.png'
57.8221 	EXP 	Stim: autoDraw = True
57.8287 	EXP 	New trial (rep=0, index=6): {'NumberLetter': 4, 'corrAns': ['2'], 'Correct': 2, 'StimFile': 'TMTstop-B_1_1linestimulus4.png', 'Correct_StimFile': 'TMTstop-B_1_1greenlinestimulus4.png', 'False_StimFile': 'TMTstop-B_1_1redlinestimulus4.png', 'Version': 'TMT_B', 'Block': 1, 'TrialNumber_session': 7}
57.9420 	DATA 	Keypress: 2
57.9422 	DATA 	Keypress: 1
57.9459 	EXP 	Stim: autoDraw = False
57.9459 	EXP 	Stim: image = 'TMTstop-B_1_1greenlinestimulus4.png'
57.9459 	EXP 	Stim: image = 'TMTstop-B_1_1greenlinestimulus4.png'
57.9459 	EXP 	Stim: autoDraw = True
57.9837 	DATA 	Keypress: 2
57.9840 	DATA 	Keypress: 3
57.9873 	EXP 	Stim: image = 'TMTstop-B_1_1redlinestimulus4.png'
57.9941 	EXP 	New trial (rep=0, index=7): {'NumberLetter': 'D', 'corrAns': ['1'], 'Correct': 1, 'StimFile': 'TMTstop-B_1_1linestimulus5.png', 'Correct_StimFile': 'TMTstop-B_1_1greenlinestimulus5.png', 'False_StimFile': 'TMTstop-B_1_1redlinestimulus5.png', 'Version': 'TMT_B', 'Block': 1, 'TrialNumber_session': 8}
58.0601 	DATA 	Keypress: 3
58.0640 	EXP 	Stim: autoDraw = False
58.0640 	EXP 	Stim: image = 'TMTstop-B_1_1greenlinestimulus5.png'
58.0640 	EXP 	Stim: image = 'TMTstop-B_1_1greenlinestimulus5.png'
58.0640 	EXP 	Stim: autoDraw = True
58.1028 	DATA 	Keypress: 1
58.1055 	EXP 	Stim: image = 'TMTstop-B_1_1redlinestimulus5.png'
58.1472 	EXP 	Stim: image = 'TMTstop-B_1_1redlinestimulus5.png'
58.1851 	DATA 	Keypress: 2
58.1886 	EXP 	Stim: image = 'TMTstop-B_1_1redlinestimulus5.png'
58.2268 	DATA 	Keypress: 1
58.2307 	EXP 	Stim: image = 'TMTstop-B_1_1redlinestimulus5.png'
58.2375 	EXP 	New trial (rep=0, index=8): {'NumberLetter': 5, 'corrAns': ['3'], 'Correct': 3, 'StimFile': 'TMTstop-B_1_1linestimulus6.png', 'Correct_StimFile': 'TMTstop-B_1_1greenlinestimulus6.png', 'False_StimFile': 'TMTstop-B_1_1redlinestimulus6.png', 'Version': 'TMT_B', 'Block': 1, 'TrialNumber_session': 9}
58.3033 	DATA 	Keypress: 3
58.3035 	DATA 	Keypress: 2
58.3074 	EXP 	Stim: autoDraw = False
58.3074 	EXP 	Stim: image = 'TMTstop-B_1_1greenlinestimulus6.png'
58.3074 	EXP 	Stim: image = 'TMTstop-B_1_1greenlinestimulus6.png'
58.3074 	EXP 	Stim: autoDraw = True
58.3486 	EXP 	Stim: image = 'TMTstop-B_1_1redlinestimulus6.png'
58.3973 	EXP 	Stim: image = 'TMTstop-B_1_1redlinestimulus6.png'
58.4353 	DATA 	Keypress: 1
58.4393 	EXP 	Stim: image = 'TMTstop-B_1_1redlinestimulus6.png'
58.4804 	EXP 	Stim: image = 'TMTstop-B_1_1redlinestimulus6.png'
58.5186 	DATA 	Keypress: 2
58.5221 	EXP 	Stim: image = 'TMTstop-B_1_1redlinestimulus6.png'
58.5641 	EXP 	Stim: image = 'TMTstop-B_1_1redlinestimulus6.png'
58.6135 	EXP 	Stim: image = 'TMTstop-B_1_1redlinestimulus6.png'
58.6615 	EXP 	Stim: image = 'TMTstop-B_1_1redlinestimulus6.png'
58.7028 	EXP 	Stim: image = 'TMTstop-B_1_1redlinestimulus6.png'
58.7450 	EXP 	Stim: image = 'TMTstop-B_1_1redlinestimulus6.png'
58.7930 	EXP 	Stim: image = 'TMTstop-B_1_1redlinestimulus6.png'
58.8416 	EXP 	Stim: image = 'TMTstop-B_1_1redlinestimulus6.png'
58.8835 	EXP 	Stim: image = 'TMTstop-B_1_1redlinestimulus6.png'
58.9248 	EXP 	Stim: image = 'TMTstop-B_1_1redlinestimulus6.png'
58.9663 	EXP 	Stim: image = 'TMTstop-B_1_1redlinestimulus6.png'
59.0080 	EXP 	Stim: image = 'TMTstop-B_1_1redlinestimulus6.png'
59.0497 	EXP 	Stim: image = 'TMTstop-B_1_1redlinestimulus6.png'
59.0921 	EXP 	Stim: image = 'TMTstop-B_1_1redlinestimulus6.png'
59.1330 	EXP 	Stim: image = 'TMTstop-B_1_1redlinestimulus6.png'
59.1747 	EXP 	Stim: image = 'TMTstop-B_1_1redlinestimulus6.png'
59.2165 	EXP 	Stim: image = 'TMTstop-B_1_1redlinestimulus6.png'
59.2580 	EXP 	Stim: image = 'TMTstop-B_1_1redlinestimulus6.png'
59.2997 	EXP 	Stim: image = 'TMTstop-B_1_1redlinestimulus6.png'
59.3414 	EXP 	Stim: image = 'TMTstop-B_1_1redlinestimulus6.png'
59.3830 	EXP 	Stim: image = 'TMTstop-B_1_1redlinestimulus6.png'
59.4248 	EXP 	Stim: image = 'TMTstop-B_1_1redlinestimulus6.png'
59.4665 	EXP 	Stim: image = 'TMTstop-B_1_1redlinestimulus6.png'
59.5080 	EXP 	Stim: image = 'TMTstop-B_1_1redlinestimulus6.png'
59.5463 	DATA 	Keypress: 2
59.5503 	EXP 	Stim: image = 'TMTstop-B_1_1redlinestimulus6.png'
59.5913 	EXP 	Stim: image = 'TMTstop-B_1_1redlinestimulus6.png'
59.6330 	EXP 	Stim: image = 'TMTstop-B_1_1redlinestimulus6.png'
59.6749 	EXP 	Stim: image = 'TMTstop-B_1_1redlinestimulus6.png'
59.7164 	EXP 	Stim: image = 'TMTstop-B_1_1redlinestimulus6.png'
59.7545 	DATA 	Keypress: 2
59.7580 	EXP 	Stim: image = 'TMTstop-B_1_1redlinestimulus6.png'
59.7996 	EXP 	Stim: image = 'TMTstop-B_1_1redlinestimulus6.png'
59.8413 	EXP 	Stim: image = 'TMTstop-B_1_1redlinestimulus6.png'
59.8836 	EXP 	Stim: image = 'TMTstop-B_1_1redlinestimulus6.png'
59.9211 	DATA 	Keypress: 3
59.9247 	EXP 	Stim: image = 'TMTstop-B_1_1redlinestimulus6.png'
59.9319 	EXP 	New trial (rep=0, index=9): {'NumberLetter': 'E', 'corrAns': ['1'], 'Correct': 1, 'StimFile': 'TMTstop-B_1_1linestimulus7.png', 'Correct_StimFile': 'TMTstop-B_1_1greenlinestimulus7.png', 'False_StimFile': 'TMTstop-B_1_1redlinestimulus7.png', 'Version': 'TMT_B', 'Block': 1, 'TrialNumber_session': 10}
60.0017 	EXP 	Stim: autoDraw = False
60.0017 	EXP 	Stim: image = 'TMTstop-B_1_1greenlinestimulus7.png'
60.0017 	EXP 	Stim: image = 'TMTstop-B_1_1greenlinestimulus7.png'
60.0017 	EXP 	Stim: autoDraw = True
60.1087 	DATA 	Keypress: 3
61.3676 	EXP 	New trial (rep=0, index=10): {'NumberLetter': 6, 'corrAns': ['3'], 'Correct': 3, 'StimFile': 'TMTstop-B_1_1linestimulus8.png', 'Correct_StimFile': 'TMTstop-B_1_1greenlinestimulus8.png', 'False_StimFile': 'TMTstop-B_1_1redlinestimulus8.png', 'Version': 'TMT_B', 'Block': 1, 'TrialNumber_session': 11}
61.4282 	DATA 	Keypress: 1
61.4322 	EXP 	Stim: autoDraw = False
61.4322 	EXP 	Stim: image = 'TMTstop-B_1_1greenlinestimulus8.png'
61.4322 	EXP 	Stim: image = 'TMTstop-B_1_1greenlinestimulus8.png'
61.4322 	EXP 	Stim: autoDraw = True
61.5532 	DATA 	Keypress: 1
62.9701 	DATA 	Keypress: 3
62.9802 	EXP 	New trial (rep=0, index=11): {'NumberLetter': 'F', 'corrAns': ['1'], 'Correct': 1, 'StimFile': 'TMTstop-B_1_1linestimulus9.png', 'Correct_StimFile': 'TMTstop-B_1_1greenlinestimulus9.png', 'False_StimFile': 'TMTstop-B_1_1redlinestimulus9.png', 'Version': 'TMT_B', 'Block': 1, 'TrialNumber_session': 12}
63.1504 	EXP 	Stim: autoDraw = False
63.1504 	EXP 	Stim: image = 'TMTstop-B_1_1greenlinestimulus9.png'
63.1504 	EXP 	Stim: image = 'TMTstop-B_1_1greenlinestimulus9.png'
63.1504 	EXP 	Stim: autoDraw = True
63.1685 	DATA 	Keypress: 3
64.6295 	DATA 	Keypress: 1
64.6383 	EXP 	New trial (rep=0, index=12): {'NumberLetter': 7, 'corrAns': ['3'], 'Correct': 3, 'StimFile': 'TMTstop-B_1_1linestimulus10.png', 'Correct_StimFile': 'TMTstop-B_1_1greenlinestimulus10.png', 'False_StimFile': 'TMTstop-B_1_1redlinestimulus10.png', 'Version': 'TMT_B', 'Block': 1, 'TrialNumber_session': 13}
64.7032 	EXP 	Stim: autoDraw = False
64.7032 	EXP 	Stim: image = 'TMTstop-B_1_1greenlinestimulus10.png'
64.7032 	EXP 	Stim: image = 'TMTstop-B_1_1greenlinestimulus10.png'
64.7032 	EXP 	Stim: autoDraw = True
64.8238 	DATA 	Keypress: 1
66.8170 	DATA 	Keypress: 2
66.8629 	EXP 	Stim: image = 'TMTstop-B_1_1redlinestimulus10.png'
66.9117 	EXP 	Stim: image = 'TMTstop-B_1_1redlinestimulus10.png'
66.9602 	EXP 	Stim: image = 'TMTstop-B_1_1redlinestimulus10.png'
67.0048 	DATA 	Keypress: 2
67.0090 	EXP 	Stim: image = 'TMTstop-B_1_1redlinestimulus10.png'
67.0577 	EXP 	Stim: image = 'TMTstop-B_1_1redlinestimulus10.png'
67.1061 	EXP 	Stim: image = 'TMTstop-B_1_1redlinestimulus10.png'
67.1548 	EXP 	Stim: image = 'TMTstop-B_1_1redlinestimulus10.png'
67.2026 	EXP 	Stim: image = 'TMTstop-B_1_1redlinestimulus10.png'
67.2442 	EXP 	Stim: image = 'TMTstop-B_1_1redlinestimulus10.png'
67.2857 	EXP 	Stim: image = 'TMTstop-B_1_1redlinestimulus10.png'
67.3274 	EXP 	Stim: image = 'TMTstop-B_1_1redlinestimulus10.png'
67.3689 	EXP 	Stim: image = 'TMTstop-B_1_1redlinestimulus10.png'
67.4105 	EXP 	Stim: image = 'TMTstop-B_1_1redlinestimulus10.png'
67.4522 	EXP 	Stim: image = 'TMTstop-B_1_1redlinestimulus10.png'
67.4941 	EXP 	Stim: image = 'TMTstop-B_1_1redlinestimulus10.png'
67.5357 	EXP 	Stim: image = 'TMTstop-B_1_1redlinestimulus10.png'
67.5778 	EXP 	Stim: image = 'TMTstop-B_1_1redlinestimulus10.png'
67.6189 	EXP 	Stim: image = 'TMTstop-B_1_1redlinestimulus10.png'
67.6606 	EXP 	Stim: image = 'TMTstop-B_1_1redlinestimulus10.png'
67.7022 	EXP 	Stim: image = 'TMTstop-B_1_1redlinestimulus10.png'
67.7439 	EXP 	Stim: image = 'TMTstop-B_1_1redlinestimulus10.png'
67.7860 	EXP 	Stim: image = 'TMTstop-B_1_1redlinestimulus10.png'
67.8282 	EXP 	Stim: image = 'TMTstop-B_1_1redlinestimulus10.png'
67.8696 	EXP 	Stim: image = 'TMTstop-B_1_1redlinestimulus10.png'
67.9107 	EXP 	Stim: image = 'TMTstop-B_1_1redlinestimulus10.png'
67.9524 	EXP 	Stim: image = 'TMTstop-B_1_1redlinestimulus10.png'
67.9941 	EXP 	Stim: image = 'TMTstop-B_1_1redlinestimulus10.png'
68.0357 	EXP 	Stim: image = 'TMTstop-B_1_1redlinestimulus10.png'
68.0775 	EXP 	Stim: image = 'TMTstop-B_1_1redlinestimulus10.png'
68.1190 	EXP 	Stim: image = 'TMTstop-B_1_1redlinestimulus10.png'
68.1607 	EXP 	Stim: image = 'TMTstop-B_1_1redlinestimulus10.png'
68.2024 	EXP 	Stim: image = 'TMTstop-B_1_1redlinestimulus10.png'
68.2443 	EXP 	Stim: image = 'TMTstop-B_1_1redlinestimulus10.png'
68.2928 	EXP 	Stim: image = 'TMTstop-B_1_1redlinestimulus10.png'
68.3347 	EXP 	Stim: image = 'TMTstop-B_1_1redlinestimulus10.png'
68.3766 	EXP 	Stim: image = 'TMTstop-B_1_1redlinestimulus10.png'
68.4176 	EXP 	Stim: image = 'TMTstop-B_1_1redlinestimulus10.png'
68.4592 	EXP 	Stim: image = 'TMTstop-B_1_1redlinestimulus10.png'
68.4973 	DATA 	Keypress: 2
68.5011 	EXP 	Stim: image = 'TMTstop-B_1_1redlinestimulus10.png'
68.5426 	EXP 	Stim: image = 'TMTstop-B_1_1redlinestimulus10.png'
68.5844 	EXP 	Stim: image = 'TMTstop-B_1_1redlinestimulus10.png'
68.6261 	EXP 	Stim: image = 'TMTstop-B_1_1redlinestimulus10.png'
68.6675 	EXP 	Stim: image = 'TMTstop-B_1_1redlinestimulus10.png'
68.7060 	DATA 	Keypress: 2
68.7094 	EXP 	Stim: image = 'TMTstop-B_1_1redlinestimulus10.png'
68.7509 	EXP 	Stim: image = 'TMTstop-B_1_1redlinestimulus10.png'
68.7926 	EXP 	Stim: image = 'TMTstop-B_1_1redlinestimulus10.png'
68.8360 	EXP 	Stim: image = 'TMTstop-B_1_1redlinestimulus10.png'
68.8759 	EXP 	Stim: image = 'TMTstop-B_1_1redlinestimulus10.png'
68.9178 	EXP 	Stim: image = 'TMTstop-B_1_1redlinestimulus10.png'
68.9593 	EXP 	Stim: image = 'TMTstop-B_1_1redlinestimulus10.png'
69.0008 	EXP 	Stim: image = 'TMTstop-B_1_1redlinestimulus10.png'
69.0425 	EXP 	Stim: image = 'TMTstop-B_1_1redlinestimulus10.png'
69.0842 	EXP 	Stim: image = 'TMTstop-B_1_1redlinestimulus10.png'
69.1258 	EXP 	Stim: image = 'TMTstop-B_1_1redlinestimulus10.png'
69.1677 	EXP 	Stim: image = 'TMTstop-B_1_1redlinestimulus10.png'
69.2092 	EXP 	Stim: image = 'TMTstop-B_1_1redlinestimulus10.png'
69.2517 	EXP 	Stim: image = 'TMTstop-B_1_1redlinestimulus10.png'
69.2928 	EXP 	Stim: image = 'TMTstop-B_1_1redlinestimulus10.png'
69.3343 	EXP 	Stim: image = 'TMTstop-B_1_1redlinestimulus10.png'
69.3758 	EXP 	Stim: image = 'TMTstop-B_1_1redlinestimulus10.png'
69.4175 	EXP 	Stim: image = 'TMTstop-B_1_1redlinestimulus10.png'
69.4591 	EXP 	Stim: image = 'TMTstop-B_1_1redlinestimulus10.png'
69.5009 	EXP 	Stim: image = 'TMTstop-B_1_1redlinestimulus10.png'
69.5425 	EXP 	Stim: image = 'TMTstop-B_1_1redlinestimulus10.png'
69.5844 	EXP 	Stim: image = 'TMTstop-B_1_1redlinestimulus10.png'
69.6260 	EXP 	Stim: image = 'TMTstop-B_1_1redlinestimulus10.png'
69.6675 	EXP 	Stim: image = 'TMTstop-B_1_1redlinestimulus10.png'
69.7093 	EXP 	Stim: image = 'TMTstop-B_1_1redlinestimulus10.png'
69.7150 	EXP 	New trial (rep=0, index=13): {'NumberLetter': 'G', 'corrAns': ['2'], 'Correct': 2, 'StimFile': 'TMTstop-B_1_1linestimulus11.png', 'Correct_StimFile': 'TMTstop-B_1_1greenlinestimulus11.png', 'False_StimFile': 'TMTstop-B_1_1redlinestimulus11.png', 'Version': 'TMT_B', 'Block': 1, 'TrialNumber_session': 14}
69.7752 	DATA 	Keypress: 3
69.7793 	EXP 	Stim: autoDraw = False
69.7793 	EXP 	Stim: image = 'TMTstop-B_1_1greenlinestimulus11.png'
69.7793 	EXP 	Stim: image = 'TMTstop-B_1_1greenlinestimulus11.png'
69.7793 	EXP 	Stim: autoDraw = True
69.9562 	DATA 	Keypress: 3
70.6027 	EXP 	Stim: autoDraw = False
70.6027 	EXP 	polygon: autoDraw = True
73.5335 	EXP 	polygon: autoDraw = False
73.5335 	EXP 	text: autoDraw = True
74.6376 	DATA 	Keypress: esc
74.8382 	DATA 	Keypress: esc
74.9177 	EXP 	window1: mouseVisible = True
