1.8067 	WARNING 	We strongly recommend you activate the PTB sound engine in PsychoPy prefs as the preferred audio engine. Its timing is vastly superior. Your prefs are currently set to use ['pyo'] (in that order).
5.7991 	EXP 	Created window1 = Window(allowGUI=True, allowStencil=False, autoLog=True, backendConf=UNKNOWN, bitsMode=UNKNOWN, blendMode='avg', bpc=(8, 8, 8), color=array([0, 0, 0]), colorSpace='rgb', depthBits=8, fullscr=<method-wrapper '__getattribute__' of attributeSetter object at 0x000002806E30CC18>, gamma=None, gammaErrorPolicy='raise', lms=UNKNOWN, monitor=<psychopy.monitors.calibTools.Monitor object at 0x000002806E2F3EB8>, multiSample=False, name='window1', numSamples=2, pos=[0.0, 0.0], screen=0, size=array([1920, 1055]), stencilBits=0, stereo=False, units='height', useFBO=True, useRetina=False, viewOri=0.0, viewPos=None, viewScale=None, waitBlanking=True, winType='glfw')
5.7992 	EXP 	window1: mouseVisible = True
5.7992 	EXP 	window1: recordFrameIntervals = False
5.8682 	EXP 	window1: recordFrameIntervals = True
5.9454 	EXP 	window1: recordFrameIntervals = False
6.2542 	EXP 	Created Instruct = ImageStim(__class__=<class 'psychopy.visual.image.ImageStim'>, autoLog=True, color=array([1., 1., 1.]), colorSpace='rgb', contrast=1.0, depth=0.0, flipHoriz=False, flipVert=False, image='InkedInstructBfinal_LI.jpg', interpolate=True, mask=None, maskParams=None, name='Instruct', opacity=1, ori=0.0, pos=array([0., 0.]), size=array([0.8, 0.8]), texRes=128.0, units='height', win=Window(...))
6.3707 	EXP 	Created text_2 = TextStim(__class__=<class 'psychopy.visual.text.TextStim'>, alignHoriz=method-wrapper(...), alignText='center', alignVert=method-wrapper(...), anchorHoriz='center', anchorVert='center', antialias=True, autoLog=True, bold=False, color=array([1., 1., 1.]), colorSpace='rgb', contrast=1.0, depth=-2.0, flipHoriz=False, flipVert=False, font='Open Sans', fontFiles=[], height=0.04, italic=False, languageStyle='LTR', name='text_2', opacity=1, ori=0.5, pos=array([ 0.  , -0.45]), rgb=UNKNOWN, text=str(...), units='height', win=Window(...), wrapWidth=2.0)
6.3742 	EXP 	Created Stim = ImageStim(__class__=<class 'psychopy.visual.image.ImageStim'>, autoLog=True, color=array([1., 1., 1.]), colorSpace='rgb', contrast=1.0, depth=0.0, flipHoriz=False, flipVert=False, image='sin', interpolate=True, mask=None, maskParams=None, name='Stim', opacity=1, ori=0.0, pos=array([0., 0.]), size=array([1.777, 1.   ]), texRes=128.0, units='height', win=Window(...))
6.3768 	EXP 	Created polygon = ShapeStim(__class__=<class 'psychopy.visual.shape.ShapeStim'>, autoDraw=False, autoLog=True, closeShape=True, color=method-wrapper(...), colorSpace='rgb', contrast=None, depth=0.0, fillColor=array([1, 1, 1]), fillColorSpace='rgb', fillRGB=array([1, 1, 1]), interpolate=True, lineColor=array([1., 1., 1.]), lineColorSpace='rgb', lineRGB=array([1, 1, 1]), lineWidth=1.0, name='polygon', opacity=1, ori=0.0, pos=array([0., 0.]), size=array([0.5, 0.5]), units='height', vertices=ndarray(...), win=Window(...), windingRule=None)
6.3803 	EXP 	Created Stim = ImageStim(__class__=<class 'psychopy.visual.image.ImageStim'>, autoLog=True, color=array([1., 1., 1.]), colorSpace='rgb', contrast=1.0, depth=0.0, flipHoriz=False, flipVert=False, image='sin', interpolate=True, mask=None, maskParams=None, name='Stim', opacity=1, ori=0.0, pos=array([0., 0.]), size=array([1.777, 1.   ]), texRes=128.0, units='height', win=Window(...))
6.3821 	EXP 	Created polygon = ShapeStim(__class__=<class 'psychopy.visual.shape.ShapeStim'>, autoDraw=False, autoLog=True, closeShape=True, color=method-wrapper(...), colorSpace='rgb', contrast=None, depth=0.0, fillColor=array([1, 1, 1]), fillColorSpace='rgb', fillRGB=array([1, 1, 1]), interpolate=True, lineColor=array([1., 1., 1.]), lineColorSpace='rgb', lineRGB=array([1, 1, 1]), lineWidth=1.0, name='polygon', opacity=1, ori=0.0, pos=array([0., 0.]), size=array([0.5, 0.5]), units='height', vertices=ndarray(...), win=Window(...), windingRule=None)
6.3856 	EXP 	Created Stim = ImageStim(__class__=<class 'psychopy.visual.image.ImageStim'>, autoLog=True, color=array([1., 1., 1.]), colorSpace='rgb', contrast=1.0, depth=0.0, flipHoriz=False, flipVert=False, image='sin', interpolate=True, mask=None, maskParams=None, name='Stim', opacity=1, ori=0.0, pos=array([0., 0.]), size=array([1.777, 1.   ]), texRes=128.0, units='height', win=Window(...))
6.3875 	EXP 	Created polygon = ShapeStim(__class__=<class 'psychopy.visual.shape.ShapeStim'>, autoDraw=False, autoLog=True, closeShape=True, color=method-wrapper(...), colorSpace='rgb', contrast=None, depth=0.0, fillColor=array([1, 1, 1]), fillColorSpace='rgb', fillRGB=array([1, 1, 1]), interpolate=True, lineColor=array([1., 1., 1.]), lineColorSpace='rgb', lineRGB=array([1, 1, 1]), lineWidth=1.0, name='polygon', opacity=1, ori=0.0, pos=array([0., 0.]), size=array([0.5, 0.5]), units='height', vertices=ndarray(...), win=Window(...), windingRule=None)
6.3907 	EXP 	Created Stim = ImageStim(__class__=<class 'psychopy.visual.image.ImageStim'>, autoLog=True, color=array([1., 1., 1.]), colorSpace='rgb', contrast=1.0, depth=0.0, flipHoriz=False, flipVert=False, image='sin', interpolate=True, mask=None, maskParams=None, name='Stim', opacity=1, ori=0.0, pos=array([0., 0.]), size=array([1.777, 1.   ]), texRes=128.0, units='height', win=Window(...))
6.4114 	EXP 	Created text = TextStim(__class__=<class 'psychopy.visual.text.TextStim'>, alignHoriz=method-wrapper(...), alignText='center', alignVert=method-wrapper(...), anchorHoriz='center', anchorVert='center', antialias=True, autoLog=True, bold=False, color=array([1., 1., 1.]), colorSpace='rgb', contrast=1.0, depth=0.0, flipHoriz=False, flipVert=False, font='Open Sans', fontFiles=[], height=0.1, italic=False, languageStyle='LTR', name='text', opacity=1, ori=0.0, pos=array([0., 0.]), rgb=UNKNOWN, text=str(...), units='height', win=Window(...), wrapWidth=1)
6.4737 	EXP 	Instruct: autoDraw = True
6.4737 	EXP 	text_2: autoDraw = True
7.1162 	EXP 	Imported TMTstop-B_1_1.xlsx as conditions, 26 conditions, 6 params
7.1165 	EXP 	Created sequence: sequential, trialTypes=26, nReps=1, seed=None
7.1168 	EXP 	New trial (rep=0, index=0): {'NumB_1_1erLetter': 1, 'corrAns': 2, 'StimFile': 'TMTstop-B_1_1.png', 'Correct_StimFile': 'TMTstop-B_1_1.png', 'False_StimFile': 'TMTstop-B_1_1.png', 'DurationTrial': 10}
7.2059 	DATA 	Keypress: 1
7.2096 	EXP 	Instruct: autoDraw = False
7.2096 	EXP 	text_2: autoDraw = False
7.2096 	EXP 	Stim: image = 'TMTstop-B_1_1.png'
7.2096 	EXP 	Stim: image = 'TMTstop-B_1_1.png'
7.2096 	EXP 	Stim: autoDraw = True
7.4211 	DATA 	Keypress: 1
8.4556 	DATA 	Keypress: 1
8.4638 	EXP 	New trial (rep=0, index=1): {'NumB_1_1erLetter': 'A', 'corrAns': 1, 'StimFile': 'TMTstop-B_1_1.png', 'Correct_StimFile': 'TMTstop-B_1_1firstgreen.png', 'False_StimFile': 'TMTstop-B_1_1firstred.png', 'DurationTrial': 10}
8.5298 	EXP 	Stim: autoDraw = False
8.5298 	EXP 	Stim: image = 'TMTstop-B_1_1firstgreen.png'
8.5298 	EXP 	Stim: image = 'TMTstop-B_1_1firstred.png'
8.5298 	EXP 	Stim: autoDraw = True
8.6640 	DATA 	Keypress: 1
11.2198 	DATA 	Keypress: 1
11.2269 	EXP 	New trial (rep=0, index=2): {'NumB_1_1erLetter': 2, 'corrAns': 3, 'StimFile': 'TMTstop-B_1_1linestimulus0.png', 'Correct_StimFile': 'TMTstop-B_1_1greenlinestimulus0.png', 'False_StimFile': 'TMTstop-B_1_1redlinestimulus0.png', 'DurationTrial': 10}
11.2924 	EXP 	Stim: autoDraw = False
11.2924 	EXP 	Stim: image = 'TMTstop-B_1_1greenlinestimulus0.png'
11.2924 	EXP 	Stim: image = 'TMTstop-B_1_1redlinestimulus0.png'
11.2924 	EXP 	Stim: autoDraw = True
11.4416 	DATA 	Keypress: 1
12.0108 	DATA 	Keypress: 1
12.0174 	EXP 	New trial (rep=0, index=3): {'NumB_1_1erLetter': 'B', 'corrAns': 2, 'StimFile': 'TMTstop-B_1_1linestimulus1.png', 'Correct_StimFile': 'TMTstop-B_1_1greenlinestimulus1.png', 'False_StimFile': 'TMTstop-B_1_1redlinestimulus1.png', 'DurationTrial': 10}
12.0842 	EXP 	Stim: autoDraw = False
12.0842 	EXP 	Stim: image = 'TMTstop-B_1_1greenlinestimulus1.png'
12.0842 	EXP 	Stim: image = 'TMTstop-B_1_1redlinestimulus1.png'
12.0842 	EXP 	Stim: autoDraw = True
12.2336 	DATA 	Keypress: 1
12.4972 	DATA 	Keypress: 1
12.5049 	EXP 	New trial (rep=0, index=4): {'NumB_1_1erLetter': 3, 'corrAns': 1, 'StimFile': 'TMTstop-B_1_1linestimulus2.png', 'Correct_StimFile': 'TMTstop-B_1_1greenlinestimulus2.png', 'False_StimFile': 'TMTstop-B_1_1redlinestimulus2.png', 'DurationTrial': 10}
12.5850 	EXP 	Stim: autoDraw = False
12.5850 	EXP 	Stim: image = 'TMTstop-B_1_1greenlinestimulus2.png'
12.5850 	EXP 	Stim: image = 'TMTstop-B_1_1redlinestimulus2.png'
12.5850 	EXP 	Stim: autoDraw = True
12.7056 	DATA 	Keypress: 1
12.9209 	DATA 	Keypress: 1
12.9284 	EXP 	New trial (rep=0, index=5): {'NumB_1_1erLetter': 'C', 'corrAns': 2, 'StimFile': 'TMTstop-B_1_1linestimulus3.png', 'Correct_StimFile': 'TMTstop-B_1_1greenlinestimulus3.png', 'False_StimFile': 'TMTstop-B_1_1redlinestimulus3.png', 'DurationTrial': 10}
13.0011 	EXP 	Stim: autoDraw = False
13.0011 	EXP 	Stim: image = 'TMTstop-B_1_1greenlinestimulus3.png'
13.0011 	EXP 	Stim: image = 'TMTstop-B_1_1redlinestimulus3.png'
13.0011 	EXP 	Stim: autoDraw = True
13.1428 	DATA 	Keypress: 1
13.3095 	EXP 	New trial (rep=0, index=6): {'NumB_1_1erLetter': 4, 'corrAns': 1, 'StimFile': 'TMTstop-B_1_1linestimulus4.png', 'Correct_StimFile': 'TMTstop-B_1_1greenlinestimulus4.png', 'False_StimFile': 'TMTstop-B_1_1redlinestimulus4.png', 'DurationTrial': 10}
13.3791 	DATA 	Keypress: 1
13.3830 	EXP 	Stim: autoDraw = False
13.3830 	EXP 	Stim: image = 'TMTstop-B_1_1greenlinestimulus4.png'
13.3830 	EXP 	Stim: image = 'TMTstop-B_1_1redlinestimulus4.png'
13.3830 	EXP 	Stim: autoDraw = True
13.5255 	DATA 	Keypress: 1
13.6712 	EXP 	New trial (rep=0, index=7): {'NumB_1_1erLetter': 'D', 'corrAns': 2, 'StimFile': 'TMTstop-B_1_1linestimulus5.png', 'Correct_StimFile': 'TMTstop-B_1_1greenlinestimulus5.png', 'False_StimFile': 'TMTstop-B_1_1redlinestimulus5.png', 'DurationTrial': 10}
13.7332 	DATA 	Keypress: 1
13.7372 	EXP 	Stim: autoDraw = False
13.7372 	EXP 	Stim: image = 'TMTstop-B_1_1greenlinestimulus5.png'
13.7372 	EXP 	Stim: image = 'TMTstop-B_1_1redlinestimulus5.png'
13.7372 	EXP 	Stim: autoDraw = True
13.8859 	DATA 	Keypress: 1
14.0319 	DATA 	Keypress: 1
14.0388 	EXP 	New trial (rep=0, index=8): {'NumB_1_1erLetter': 5, 'corrAns': 3, 'StimFile': 'TMTstop-B_1_1linestimulus6.png', 'Correct_StimFile': 'TMTstop-B_1_1greenlinestimulus6.png', 'False_StimFile': 'TMTstop-B_1_1redlinestimulus6.png', 'DurationTrial': 10}
14.1121 	EXP 	Stim: autoDraw = False
14.1121 	EXP 	Stim: image = 'TMTstop-B_1_1greenlinestimulus6.png'
14.1121 	EXP 	Stim: image = 'TMTstop-B_1_1redlinestimulus6.png'
14.1121 	EXP 	Stim: autoDraw = True
14.2752 	DATA 	Keypress: 1
14.4690 	DATA 	Keypress: 1
14.4763 	EXP 	New trial (rep=0, index=9): {'NumB_1_1erLetter': 'E', 'corrAns': 1, 'StimFile': 'TMTstop-B_1_1linestimulus7.png', 'Correct_StimFile': 'TMTstop-B_1_1greenlinestimulus7.png', 'False_StimFile': 'TMTstop-B_1_1redlinestimulus7.png', 'DurationTrial': 10}
14.5564 	EXP 	Stim: autoDraw = False
14.5564 	EXP 	Stim: image = 'TMTstop-B_1_1greenlinestimulus7.png'
14.5564 	EXP 	Stim: image = 'TMTstop-B_1_1redlinestimulus7.png'
14.5564 	EXP 	Stim: autoDraw = True
14.6778 	DATA 	Keypress: 1
14.8789 	EXP 	New trial (rep=0, index=10): {'NumB_1_1erLetter': 6, 'corrAns': 3, 'StimFile': 'TMTstop-B_1_1linestimulus8.png', 'Correct_StimFile': 'TMTstop-B_1_1greenlinestimulus8.png', 'False_StimFile': 'TMTstop-B_1_1redlinestimulus8.png', 'DurationTrial': 10}
14.9482 	DATA 	Keypress: 1
14.9526 	EXP 	Stim: autoDraw = False
14.9526 	EXP 	Stim: image = 'TMTstop-B_1_1greenlinestimulus8.png'
14.9526 	EXP 	Stim: image = 'TMTstop-B_1_1redlinestimulus8.png'
14.9526 	EXP 	Stim: autoDraw = True
15.0951 	DATA 	Keypress: 1
15.2679 	DATA 	Keypress: 1
15.2741 	EXP 	New trial (rep=0, index=11): {'NumB_1_1erLetter': 'F', 'corrAns': 2, 'StimFile': 'TMTstop-B_1_1linestimulus9.png', 'Correct_StimFile': 'TMTstop-B_1_1greenlinestimulus9.png', 'False_StimFile': 'TMTstop-B_1_1redlinestimulus9.png', 'DurationTrial': 10}
15.3488 	EXP 	Stim: autoDraw = False
15.3488 	EXP 	Stim: image = 'TMTstop-B_1_1greenlinestimulus9.png'
15.3488 	EXP 	Stim: image = 'TMTstop-B_1_1redlinestimulus9.png'
15.3488 	EXP 	Stim: autoDraw = True
15.5254 	DATA 	Keypress: 1
15.6776 	DATA 	Keypress: 1
15.6847 	EXP 	New trial (rep=0, index=12): {'NumB_1_1erLetter': 7, 'corrAns': 1, 'StimFile': 'TMTstop-B_1_1linestimulus10.png', 'Correct_StimFile': 'TMTstop-B_1_1greenlinestimulus10.png', 'False_StimFile': 'TMTstop-B_1_1redlinestimulus10.png', 'DurationTrial': 1}
15.7583 	EXP 	Stim: autoDraw = False
15.7583 	EXP 	Stim: image = 'TMTstop-B_1_1greenlinestimulus10.png'
15.7583 	EXP 	Stim: image = 'TMTstop-B_1_1redlinestimulus10.png'
15.7583 	EXP 	Stim: autoDraw = True
15.8447 	DATA 	Keypress: 1
15.9342 	EXP 	New trial (rep=0, index=13): {'NumB_1_1erLetter': 'G', 'corrAns': 3, 'StimFile': 'TMTstop-B_1_1linestimulus11.png', 'Correct_StimFile': 'TMTstop-B_1_1greenlinestimulus11.png', 'False_StimFile': 'TMTstop-B_1_1redlinestimulus11.png', 'DurationTrial': None}
16.0038 	DATA 	Keypress: 1
16.0078 	EXP 	Stim: autoDraw = False
16.0078 	EXP 	Stim: image = 'TMTstop-B_1_1greenlinestimulus11.png'
16.0078 	EXP 	Stim: image = 'TMTstop-B_1_1redlinestimulus11.png'
16.0078 	EXP 	Stim: autoDraw = True
16.1011 	DATA 	Keypress: 1
16.1875 	DATA 	Keypress: 1
16.1933 	EXP 	New trial (rep=0, index=14): {'NumB_1_1erLetter': 8, 'corrAns': 1, 'StimFile': 'TMTstop-B_1_1linestimulus12.png', 'Correct_StimFile': 'TMTstop-B_1_1greenlinestimulus12.png', 'False_StimFile': 'TMTstop-B_1_1redlinestimulus12.png', 'DurationTrial': None}
16.2651 	EXP 	Stim: autoDraw = False
16.2651 	EXP 	Stim: image = 'TMTstop-B_1_1greenlinestimulus12.png'
16.2651 	EXP 	Stim: image = 'TMTstop-B_1_1redlinestimulus12.png'
16.2651 	EXP 	Stim: autoDraw = True
16.3930 	DATA 	Keypress: 1
16.4628 	DATA 	Keypress: 1
16.4690 	EXP 	New trial (rep=0, index=15): {'NumB_1_1erLetter': 'H', 'corrAns': 2, 'StimFile': 'TMTstop-B_1_1linestimulus13.png', 'Correct_StimFile': 'TMTstop-B_1_1greenlinestimulus13.png', 'False_StimFile': 'TMTstop-B_1_1redlinestimulus13.png', 'DurationTrial': None}
16.5495 	EXP 	Stim: autoDraw = False
16.5495 	EXP 	Stim: image = 'TMTstop-B_1_1greenlinestimulus13.png'
16.5495 	EXP 	Stim: image = 'TMTstop-B_1_1redlinestimulus13.png'
16.5495 	EXP 	Stim: autoDraw = True
16.6571 	DATA 	Keypress: 1
16.7399 	DATA 	Keypress: 1
16.7472 	EXP 	New trial (rep=0, index=16): {'NumB_1_1erLetter': 9, 'corrAns': 3, 'StimFile': 'TMTstop-B_1_1linestimulus14.png', 'Correct_StimFile': 'TMTstop-B_1_1greenlinestimulus14.png', 'False_StimFile': 'TMTstop-B_1_1redlinestimulus14.png', 'DurationTrial': None}
16.8277 	EXP 	Stim: autoDraw = False
16.8277 	EXP 	Stim: image = 'TMTstop-B_1_1greenlinestimulus14.png'
16.8277 	EXP 	Stim: image = 'TMTstop-B_1_1redlinestimulus14.png'
16.8277 	EXP 	Stim: autoDraw = True
16.9347 	DATA 	Keypress: 1
17.0108 	EXP 	New trial (rep=0, index=17): {'NumB_1_1erLetter': 'I', 'corrAns': 2, 'StimFile': 'TMTstop-B_1_1linestimulus15.png', 'Correct_StimFile': 'TMTstop-B_1_1greenlinestimulus15.png', 'False_StimFile': 'TMTstop-B_1_1redlinestimulus15.png', 'DurationTrial': None}
17.0884 	DATA 	Keypress: 1
17.0922 	EXP 	Stim: autoDraw = False
17.0922 	EXP 	Stim: image = 'TMTstop-B_1_1greenlinestimulus15.png'
17.0922 	EXP 	Stim: image = 'TMTstop-B_1_1redlinestimulus15.png'
17.0922 	EXP 	Stim: autoDraw = True
17.2123 	DATA 	Keypress: 1
17.2955 	DATA 	Keypress: 1
17.3033 	EXP 	New trial (rep=0, index=18): {'NumB_1_1erLetter': 10, 'corrAns': 1, 'StimFile': 'TMTstop-B_1_1linestimulus16.png', 'Correct_StimFile': 'TMTstop-B_1_1greenlinestimulus16.png', 'False_StimFile': 'TMTstop-B_1_1redlinestimulus16.png', 'DurationTrial': None}
17.3828 	EXP 	Stim: autoDraw = False
17.3828 	EXP 	Stim: image = 'TMTstop-B_1_1greenlinestimulus16.png'
17.3828 	EXP 	Stim: image = 'TMTstop-B_1_1redlinestimulus16.png'
17.3828 	EXP 	Stim: autoDraw = True
17.5040 	DATA 	Keypress: 1
17.6566 	DATA 	Keypress: 1
17.6651 	EXP 	New trial (rep=0, index=19): {'NumB_1_1erLetter': 'J', 'corrAns': 2, 'StimFile': 'TMTstop-B_1_1linestimulus17.png', 'Correct_StimFile': 'TMTstop-B_1_1greenlinestimulus17.png', 'False_StimFile': 'TMTstop-B_1_1redlinestimulus17.png', 'DurationTrial': None}
17.7510 	EXP 	Stim: autoDraw = False
17.7510 	EXP 	Stim: image = 'TMTstop-B_1_1greenlinestimulus17.png'
17.7510 	EXP 	Stim: image = 'TMTstop-B_1_1redlinestimulus17.png'
17.7510 	EXP 	Stim: autoDraw = True
17.9014 	DATA 	Keypress: 1
18.5029 	EXP 	New trial (rep=0, index=20): {'NumB_1_1erLetter': 11, 'corrAns': 3, 'StimFile': 'TMTstop-B_1_1linestimulus18.png', 'Correct_StimFile': 'TMTstop-B_1_1greenlinestimulus18.png', 'False_StimFile': 'TMTstop-B_1_1redlinestimulus18.png', 'DurationTrial': None}
18.5732 	DATA 	Keypress: 1
18.5773 	EXP 	Stim: autoDraw = False
18.5773 	EXP 	Stim: image = 'TMTstop-B_1_1greenlinestimulus18.png'
18.5773 	EXP 	Stim: image = 'TMTstop-B_1_1redlinestimulus18.png'
18.5773 	EXP 	Stim: autoDraw = True
18.7414 	DATA 	Keypress: 1
18.8231 	DATA 	Keypress: 2
18.8298 	EXP 	New trial (rep=0, index=21): {'NumB_1_1erLetter': 'K', 'corrAns': 1, 'StimFile': 'TMTstop-B_1_1linestimulus19.png', 'Correct_StimFile': 'TMTstop-B_1_1greenlinestimulus19.png', 'False_StimFile': 'TMTstop-B_1_1redlinestimulus19.png', 'DurationTrial': None}
18.9173 	EXP 	Stim: autoDraw = False
18.9173 	EXP 	Stim: image = 'TMTstop-B_1_1greenlinestimulus19.png'
18.9173 	EXP 	Stim: image = 'TMTstop-B_1_1redlinestimulus19.png'
18.9173 	EXP 	Stim: autoDraw = True
19.0942 	DATA 	Keypress: 3
19.1013 	EXP 	New trial (rep=0, index=22): {'NumB_1_1erLetter': 12, 'corrAns': 3, 'StimFile': 'TMTstop-B_1_1linestimulus20.png', 'Correct_StimFile': 'TMTstop-B_1_1greenlinestimulus20.png', 'False_StimFile': 'TMTstop-B_1_1redlinestimulus20.png', 'DurationTrial': None}
19.1781 	DATA 	Keypress: 2
19.1817 	EXP 	Stim: autoDraw = False
19.1817 	EXP 	Stim: image = 'TMTstop-B_1_1greenlinestimulus20.png'
19.1817 	EXP 	Stim: image = 'TMTstop-B_1_1redlinestimulus20.png'
19.1817 	EXP 	Stim: autoDraw = True
19.2677 	DATA 	Keypress: 1
19.2753 	EXP 	New trial (rep=0, index=23): {'NumB_1_1erLetter': 'L', 'corrAns': 1, 'StimFile': 'TMTstop-B_1_1linestimulus21.png', 'Correct_StimFile': 'TMTstop-B_1_1greenlinestimulus21.png', 'False_StimFile': 'TMTstop-B_1_1redlinestimulus21.png', 'DurationTrial': None}
19.3587 	DATA 	Keypress: 3
19.3621 	EXP 	Stim: autoDraw = False
19.3621 	EXP 	Stim: image = 'TMTstop-B_1_1greenlinestimulus21.png'
19.3621 	EXP 	Stim: image = 'TMTstop-B_1_1redlinestimulus21.png'
19.3621 	EXP 	Stim: autoDraw = True
19.5387 	DATA 	Keypress: 1
19.5939 	DATA 	Keypress: 1
19.6024 	EXP 	New trial (rep=0, index=24): {'NumB_1_1erLetter': 13, 'corrAns': 2, 'StimFile': 'TMTstop-B_1_1linestimulus22.png', 'Correct_StimFile': 'TMTstop-B_1_1greenlinestimulus22.png', 'False_StimFile': 'TMTstop-B_1_1redlinestimulus22.png', 'DurationTrial': None}
19.6748 	EXP 	Stim: autoDraw = False
19.6748 	EXP 	Stim: image = 'TMTstop-B_1_1greenlinestimulus22.png'
19.6748 	EXP 	Stim: image = 'TMTstop-B_1_1redlinestimulus22.png'
19.6748 	EXP 	Stim: autoDraw = True
19.7820 	DATA 	Keypress: 1
19.8231 	DATA 	Keypress: 1
19.8307 	EXP 	New trial (rep=0, index=25): {'NumB_1_1erLetter': None, 'corrAns': None, 'StimFile': 'TMTstop-B_1_1linestimulus23.png', 'Correct_StimFile': 'TMTstop-B_1_1greenlinestimulus23.png', 'False_StimFile': 'TMTstop-B_1_1redlinestimulus23.png', 'DurationTrial': None}
19.9104 	EXP 	Stim: autoDraw = False
19.9104 	EXP 	Stim: image = 'TMTstop-B_1_1greenlinestimulus23.png'
19.9104 	EXP 	Stim: image = 'TMTstop-B_1_1redlinestimulus23.png'
19.9104 	EXP 	Stim: autoDraw = True
20.0043 	DATA 	Keypress: 1
20.0592 	DATA 	Keypress: 1
20.0745 	EXP 	Stim: autoDraw = False
20.0745 	EXP 	polygon: autoDraw = True
20.2276 	DATA 	Keypress: 1
20.3105 	DATA 	Keypress: 1
20.4346 	DATA 	Keypress: 1
21.0332 	DATA 	Keypress: esc
21.2338 	DATA 	Keypress: esc
21.2696 	EXP 	window1: mouseVisible = True
