1.6085 	WARNING 	We strongly recommend you activate the PTB sound engine in PsychoPy prefs as the preferred audio engine. Its timing is vastly superior. Your prefs are currently set to use ['pyo'] (in that order).
5.2554 	EXP 	Created window1 = Window(allowGUI=True, allowStencil=False, autoLog=True, backendConf=UNKNOWN, bitsMode=UNKNOWN, blendMode='avg', bpc=(8, 8, 8), color=array([0, 0, 0]), colorSpace='rgb', depthBits=8, fullscr=<method-wrapper '__getattribute__' of attributeSetter object at 0x000001DEE6DB46A0>, gamma=None, gammaErrorPolicy='raise', lms=UNKNOWN, monitor=<psychopy.monitors.calibTools.Monitor object at 0x000001DEE6D11978>, multiSample=False, name='window1', numSamples=2, pos=[760.0, 180.0], screen=0, size=array([1920, 1080]), stencilBits=0, stereo=False, units='height', useFBO=True, useRetina=False, viewOri=0.0, viewPos=None, viewScale=None, waitBlanking=True, winType='glfw')
5.2555 	EXP 	window1: mouseVisible = True
5.2555 	EXP 	window1: recordFrameIntervals = False
5.4220 	EXP 	window1: recordFrameIntervals = True
5.6062 	EXP 	window1: recordFrameIntervals = False
5.8869 	EXP 	Created Instruct = ImageStim(__class__=<class 'psychopy.visual.image.ImageStim'>, autoLog=True, color=array([1., 1., 1.]), colorSpace='rgb', contrast=1.0, depth=0.0, flipHoriz=False, flipVert=False, image='InkedInstructBfinal_LI.jpg', interpolate=True, mask=None, maskParams=None, name='Instruct', opacity=1, ori=0.0, pos=array([0., 0.]), size=array([0.8, 0.8]), texRes=128.0, units='height', win=Window(...))
5.9914 	EXP 	Created text_2 = TextStim(__class__=<class 'psychopy.visual.text.TextStim'>, alignHoriz=method-wrapper(...), alignText='center', alignVert=method-wrapper(...), anchorHoriz='center', anchorVert='center', antialias=True, autoLog=True, bold=False, color=array([1., 1., 1.]), colorSpace='rgb', contrast=1.0, depth=-2.0, flipHoriz=False, flipVert=False, font='Open Sans', fontFiles=[], height=0.04, italic=False, languageStyle='LTR', name='text_2', opacity=1, ori=0.5, pos=array([ 0.  , -0.45]), rgb=UNKNOWN, text=str(...), units='height', win=Window(...), wrapWidth=2.0)
5.9940 	EXP 	Created polygon = ShapeStim(__class__=<class 'psychopy.visual.shape.ShapeStim'>, autoDraw=False, autoLog=True, closeShape=True, color=method-wrapper(...), colorSpace='rgb', contrast=None, depth=0.0, fillColor=array([1, 1, 1]), fillColorSpace='rgb', fillRGB=array([1, 1, 1]), interpolate=True, lineColor=array([1., 1., 1.]), lineColorSpace='rgb', lineRGB=array([1, 1, 1]), lineWidth=1.0, name='polygon', opacity=1, ori=0.0, pos=array([0., 0.]), size=array([0.5, 0.5]), units='height', vertices=ndarray(...), win=Window(...), windingRule=None)
5.9984 	EXP 	Created Stim_practice = ImageStim(__class__=<class 'psychopy.visual.image.ImageStim'>, autoLog=True, color=array([1., 1., 1.]), colorSpace='rgb', contrast=1.0, depth=0.0, flipHoriz=False, flipVert=False, image='sin', interpolate=True, mask=None, maskParams=None, name='Stim_practice', opacity=1, ori=0.0, pos=array([0., 0.]), size=array([1.777, 1.   ]), texRes=128.0, units='height', win=Window(...))
5.9997 	EXP 	Created text_5 = TextStim(__class__=<class 'psychopy.visual.text.TextStim'>, alignHoriz=method-wrapper(...), alignText='center', alignVert=method-wrapper(...), anchorHoriz='center', anchorVert='center', antialias=True, autoLog=True, bold=False, color=array([1., 1., 1.]), colorSpace='rgb', contrast=1.0, depth=0.0, flipHoriz=False, flipVert=False, font='Open Sans', fontFiles=[], height=0.1, italic=False, languageStyle='LTR', name='text_5', opacity=1, ori=0.0, pos=array([0., 0.]), rgb=UNKNOWN, text='', units='height', win=Window(...), wrapWidth=1)
6.0016 	EXP 	Created polygon = ShapeStim(__class__=<class 'psychopy.visual.shape.ShapeStim'>, autoDraw=False, autoLog=True, closeShape=True, color=method-wrapper(...), colorSpace='rgb', contrast=None, depth=0.0, fillColor=array([1, 1, 1]), fillColorSpace='rgb', fillRGB=array([1, 1, 1]), interpolate=True, lineColor=array([1., 1., 1.]), lineColorSpace='rgb', lineRGB=array([1, 1, 1]), lineWidth=1.0, name='polygon', opacity=1, ori=0.0, pos=array([0., 0.]), size=array([0.5, 0.5]), units='height', vertices=ndarray(...), win=Window(...), windingRule=None)
6.0057 	EXP 	Created Stim = ImageStim(__class__=<class 'psychopy.visual.image.ImageStim'>, autoLog=True, color=array([1., 1., 1.]), colorSpace='rgb', contrast=1.0, depth=0.0, flipHoriz=False, flipVert=False, image='sin', interpolate=True, mask=None, maskParams=None, name='Stim', opacity=1, ori=0.0, pos=array([0., 0.]), size=array([1.777, 1.   ]), texRes=128.0, units='height', win=Window(...))
6.0075 	EXP 	Created polygon = ShapeStim(__class__=<class 'psychopy.visual.shape.ShapeStim'>, autoDraw=False, autoLog=True, closeShape=True, color=method-wrapper(...), colorSpace='rgb', contrast=None, depth=0.0, fillColor=array([1, 1, 1]), fillColorSpace='rgb', fillRGB=array([1, 1, 1]), interpolate=True, lineColor=array([1., 1., 1.]), lineColorSpace='rgb', lineRGB=array([1, 1, 1]), lineWidth=1.0, name='polygon', opacity=1, ori=0.0, pos=array([0., 0.]), size=array([0.5, 0.5]), units='height', vertices=ndarray(...), win=Window(...), windingRule=None)
6.0122 	EXP 	Created Stim = ImageStim(__class__=<class 'psychopy.visual.image.ImageStim'>, autoLog=True, color=array([1., 1., 1.]), colorSpace='rgb', contrast=1.0, depth=0.0, flipHoriz=False, flipVert=False, image='sin', interpolate=True, mask=None, maskParams=None, name='Stim', opacity=1, ori=0.0, pos=array([0., 0.]), size=array([1.777, 1.   ]), texRes=128.0, units='height', win=Window(...))
6.0148 	EXP 	Created polygon = ShapeStim(__class__=<class 'psychopy.visual.shape.ShapeStim'>, autoDraw=False, autoLog=True, closeShape=True, color=method-wrapper(...), colorSpace='rgb', contrast=None, depth=0.0, fillColor=array([1, 1, 1]), fillColorSpace='rgb', fillRGB=array([1, 1, 1]), interpolate=True, lineColor=array([1., 1., 1.]), lineColorSpace='rgb', lineRGB=array([1, 1, 1]), lineWidth=1.0, name='polygon', opacity=1, ori=0.0, pos=array([0., 0.]), size=array([0.5, 0.5]), units='height', vertices=ndarray(...), win=Window(...), windingRule=None)
6.0194 	EXP 	Created Stim = ImageStim(__class__=<class 'psychopy.visual.image.ImageStim'>, autoLog=True, color=array([1., 1., 1.]), colorSpace='rgb', contrast=1.0, depth=0.0, flipHoriz=False, flipVert=False, image='sin', interpolate=True, mask=None, maskParams=None, name='Stim', opacity=1, ori=0.0, pos=array([0., 0.]), size=array([1.777, 1.   ]), texRes=128.0, units='height', win=Window(...))
6.0213 	EXP 	Created polygon = ShapeStim(__class__=<class 'psychopy.visual.shape.ShapeStim'>, autoDraw=False, autoLog=True, closeShape=True, color=method-wrapper(...), colorSpace='rgb', contrast=None, depth=0.0, fillColor=array([1, 1, 1]), fillColorSpace='rgb', fillRGB=array([1, 1, 1]), interpolate=True, lineColor=array([1., 1., 1.]), lineColorSpace='rgb', lineRGB=array([1, 1, 1]), lineWidth=1.0, name='polygon', opacity=1, ori=0.0, pos=array([0., 0.]), size=array([0.5, 0.5]), units='height', vertices=ndarray(...), win=Window(...), windingRule=None)
6.0257 	EXP 	Created Stim = ImageStim(__class__=<class 'psychopy.visual.image.ImageStim'>, autoLog=True, color=array([1., 1., 1.]), colorSpace='rgb', contrast=1.0, depth=0.0, flipHoriz=False, flipVert=False, image='sin', interpolate=True, mask=None, maskParams=None, name='Stim', opacity=1, ori=0.0, pos=array([0., 0.]), size=array([1.777, 1.   ]), texRes=128.0, units='height', win=Window(...))
6.0431 	EXP 	Created text = TextStim(__class__=<class 'psychopy.visual.text.TextStim'>, alignHoriz=method-wrapper(...), alignText='center', alignVert=method-wrapper(...), anchorHoriz='center', anchorVert='center', antialias=True, autoLog=True, bold=False, color=array([1., 1., 1.]), colorSpace='rgb', contrast=1.0, depth=0.0, flipHoriz=False, flipVert=False, font='Open Sans', fontFiles=[], height=0.1, italic=False, languageStyle='LTR', name='text', opacity=1, ori=0.0, pos=array([0., 0.]), rgb=UNKNOWN, text=str(...), units='height', win=Window(...), wrapWidth=1)
6.1351 	EXP 	Instruct: autoDraw = True
6.1351 	EXP 	text_2: autoDraw = True
6.5852 	DATA 	Keypress: 1
6.5884 	EXP 	Instruct: autoDraw = False
6.5884 	EXP 	text_2: autoDraw = False
6.5884 	EXP 	polygon: autoDraw = True
6.7849 	DATA 	Keypress: 1
9.5754 	EXP 	Created sequence: sequential, trialTypes=1, nReps=5, seed=None
9.5755 	EXP 	New trial (rep=0, index=0): None
9.5826 	EXP 	Imported TMTstop-A_1_practice.xlsx as conditions, 13 conditions, 6 params
9.5828 	EXP 	Created sequence: sequential, trialTypes=13, nReps=1, seed=None
9.5830 	EXP 	New trial (rep=0, index=0): {'NumberLetter': 1, 'corrAns': ['1'], 'StimFile': 'TMTstop-A_1_practice.png', 'Correct_StimFile': 'TMTstop-A_1_practice.png', 'False_StimFile': 'TMTstop-A_1_practice.png', 'DurationTrial': 10}
9.6903 	EXP 	polygon: autoDraw = False
9.6903 	EXP 	polygon: autoDraw = False
9.6903 	EXP 	Stim_practice: image = 'TMTstop-A_1_practice.png'
9.6903 	EXP 	Stim_practice: autoDraw = True
10.2797 	EXP 	New trial (rep=0, index=1): {'NumberLetter': 2, 'corrAns': ['2'], 'StimFile': 'TMTstop-A_1_practice.png', 'Correct_StimFile': 'TMTstop-A_1_practicefirstgreen.png', 'False_StimFile': 'TMTstop-A_1_practicefirstred.png', 'DurationTrial': 10}
10.3529 	DATA 	Keypress: 1
10.3583 	EXP 	Stim_practice: autoDraw = False
10.3583 	EXP 	Stim_practice: image = 'TMTstop-A_1_practicefirstgreen.png'
10.3583 	EXP 	Stim_practice: image = 'TMTstop-A_1_practicefirstgreen.png'
10.3583 	EXP 	Stim_practice: autoDraw = True
10.4032 	DATA 	Keypress: 2
10.4129 	EXP 	New trial (rep=0, index=2): {'NumberLetter': 3, 'corrAns': ['3'], 'StimFile': 'TMTstop-A_1_practicelinestimulus0.png', 'Correct_StimFile': 'TMTstop-A_1_practicegreenlinestimulus0.png', 'False_StimFile': 'TMTstop-A_1_practiceredlinestimulus0.png', 'DurationTrial': 10}
10.4916 	EXP 	Stim_practice: autoDraw = False
10.4916 	EXP 	Stim_practice: image = 'TMTstop-A_1_practicegreenlinestimulus0.png'
10.4916 	EXP 	Stim_practice: image = 'TMTstop-A_1_practicegreenlinestimulus0.png'
10.4916 	EXP 	Stim_practice: autoDraw = True
10.5038 	DATA 	Keypress: 3
10.5038 	DATA 	Keypress: 1
10.5871 	DATA 	Keypress: 2
10.6863 	DATA 	Keypress: 1
10.6918 	EXP 	Stim_practice: image = 'TMTstop-A_1_practiceredlinestimulus0.png'
10.7363 	DATA 	Keypress: 3
10.7364 	DATA 	Keypress: 2
10.7415 	EXP 	Stim_practice: image = 'TMTstop-A_1_practiceredlinestimulus0.png'
10.7915 	EXP 	Stim_practice: image = 'TMTstop-A_1_practiceredlinestimulus0.png'
10.8372 	DATA 	Keypress: 3
10.8421 	EXP 	Stim_practice: image = 'TMTstop-A_1_practiceredlinestimulus0.png'
10.8457 	EXP 	New trial (rep=0, index=3): {'NumberLetter': 4, 'corrAns': ['1'], 'StimFile': 'TMTstop-A_1_practicelinestimulus1.png', 'Correct_StimFile': 'TMTstop-A_1_practicegreenlinestimulus1.png', 'False_StimFile': 'TMTstop-A_1_practiceredlinestimulus1.png', 'DurationTrial': 10}
10.9031 	DATA 	Keypress: 1
10.9032 	DATA 	Keypress: 2
10.9081 	EXP 	Stim_practice: autoDraw = False
10.9081 	EXP 	Stim_practice: image = 'TMTstop-A_1_practicegreenlinestimulus1.png'
10.9081 	EXP 	Stim_practice: image = 'TMTstop-A_1_practicegreenlinestimulus1.png'
10.9081 	EXP 	Stim_practice: autoDraw = True
10.9464 	EXP 	New trial (rep=0, index=4): {'NumberLetter': 5, 'corrAns': ['2'], 'StimFile': 'TMTstop-A_1_practicelinestimulus2.png', 'Correct_StimFile': 'TMTstop-A_1_practicegreenlinestimulus2.png', 'False_StimFile': 'TMTstop-A_1_practiceredlinestimulus2.png', 'DurationTrial': 10}
11.0031 	DATA 	Keypress: 1
11.0032 	DATA 	Keypress: 3
11.0091 	EXP 	Stim_practice: autoDraw = False
11.0091 	EXP 	Stim_practice: image = 'TMTstop-A_1_practicegreenlinestimulus2.png'
11.0091 	EXP 	Stim_practice: image = 'TMTstop-A_1_practicegreenlinestimulus2.png'
11.0091 	EXP 	Stim_practice: autoDraw = True
11.0295 	EXP 	New trial (rep=0, index=5): {'NumberLetter': 6, 'corrAns': ['3'], 'StimFile': 'TMTstop-A_1_practicelinestimulus3.png', 'Correct_StimFile': 'TMTstop-A_1_practicegreenlinestimulus3.png', 'False_StimFile': 'TMTstop-A_1_practiceredlinestimulus3.png', 'DurationTrial': 10}
11.0865 	DATA 	Keypress: 2
11.0913 	EXP 	Stim_practice: autoDraw = False
11.0913 	EXP 	Stim_practice: image = 'TMTstop-A_1_practicegreenlinestimulus3.png'
11.0913 	EXP 	Stim_practice: image = 'TMTstop-A_1_practicegreenlinestimulus3.png'
11.0913 	EXP 	Stim_practice: autoDraw = True
11.1130 	EXP 	New trial (rep=0, index=6): {'NumberLetter': 7, 'corrAns': ['1'], 'StimFile': 'TMTstop-A_1_practicelinestimulus4.png', 'Correct_StimFile': 'TMTstop-A_1_practicegreenlinestimulus4.png', 'False_StimFile': 'TMTstop-A_1_practiceredlinestimulus4.png', 'DurationTrial': 10}
11.1864 	DATA 	Keypress: 3
11.1865 	DATA 	Keypress: 1
11.1866 	DATA 	Keypress: 2
11.1916 	EXP 	Stim_practice: autoDraw = False
11.1916 	EXP 	Stim_practice: image = 'TMTstop-A_1_practicegreenlinestimulus4.png'
11.1916 	EXP 	Stim_practice: image = 'TMTstop-A_1_practicegreenlinestimulus4.png'
11.1916 	EXP 	Stim_practice: autoDraw = True
11.2373 	DATA 	Keypress: 1
11.2463 	EXP 	New trial (rep=0, index=7): {'NumberLetter': 8, 'corrAns': ['3'], 'StimFile': 'TMTstop-A_1_practicelinestimulus5.png', 'Correct_StimFile': 'TMTstop-A_1_practicegreenlinestimulus5.png', 'False_StimFile': 'TMTstop-A_1_practiceredlinestimulus5.png', 'DurationTrial': 10}
11.3033 	DATA 	Keypress: 3
11.3088 	EXP 	Stim_practice: autoDraw = False
11.3088 	EXP 	Stim_practice: image = 'TMTstop-A_1_practicegreenlinestimulus5.png'
11.3088 	EXP 	Stim_practice: image = 'TMTstop-A_1_practicegreenlinestimulus5.png'
11.3088 	EXP 	Stim_practice: autoDraw = True
11.3699 	DATA 	Keypress: 2
11.3753 	EXP 	Stim_practice: image = 'TMTstop-A_1_practiceredlinestimulus5.png'
11.4198 	DATA 	Keypress: 3
11.4250 	EXP 	Stim_practice: image = 'TMTstop-A_1_practiceredlinestimulus5.png'
11.4281 	EXP 	New trial (rep=0, index=8): {'NumberLetter': 9, 'corrAns': ['2'], 'StimFile': 'TMTstop-A_1_practicelinestimulus6.png', 'Correct_StimFile': 'TMTstop-A_1_practicegreenlinestimulus6.png', 'False_StimFile': 'TMTstop-A_1_practiceredlinestimulus6.png', 'DurationTrial': 10}
11.4866 	DATA 	Keypress: 1
11.4917 	EXP 	Stim_practice: autoDraw = False
11.4917 	EXP 	Stim_practice: image = 'TMTstop-A_1_practicegreenlinestimulus6.png'
11.4917 	EXP 	Stim_practice: image = 'TMTstop-A_1_practicegreenlinestimulus6.png'
11.4917 	EXP 	Stim_practice: autoDraw = True
11.5206 	DATA 	Keypress: 2
11.6035 	DATA 	Keypress: 1
11.6090 	EXP 	Stim_practice: image = 'TMTstop-A_1_practiceredlinestimulus6.png'
11.6533 	DATA 	Keypress: 3
11.6534 	DATA 	Keypress: 2
11.6584 	EXP 	Stim_practice: image = 'TMTstop-A_1_practiceredlinestimulus6.png'
11.6613 	EXP 	New trial (rep=0, index=9): {'NumberLetter': 10, 'corrAns': ['3'], 'StimFile': 'TMTstop-A_1_practicelinestimulus7.png', 'Correct_StimFile': 'TMTstop-A_1_practicegreenlinestimulus7.png', 'False_StimFile': 'TMTstop-A_1_practiceredlinestimulus7.png', 'DurationTrial': 10}
11.7254 	EXP 	Stim_practice: autoDraw = False
11.7254 	EXP 	Stim_practice: image = 'TMTstop-A_1_practicegreenlinestimulus7.png'
11.7254 	EXP 	Stim_practice: image = 'TMTstop-A_1_practicegreenlinestimulus7.png'
11.7254 	EXP 	Stim_practice: autoDraw = True
11.7541 	DATA 	Keypress: 3
11.7631 	EXP 	New trial (rep=0, index=10): {'NumberLetter': 11, 'corrAns': ['1'], 'StimFile': 'TMTstop-A_1_practicelinestimulus8.png', 'Correct_StimFile': 'TMTstop-A_1_practicegreenlinestimulus8.png', 'False_StimFile': 'TMTstop-A_1_practiceredlinestimulus8.png', 'DurationTrial': 10}
11.8201 	DATA 	Keypress: 1
11.8247 	EXP 	Stim_practice: autoDraw = False
11.8247 	EXP 	Stim_practice: image = 'TMTstop-A_1_practicegreenlinestimulus8.png'
11.8247 	EXP 	Stim_practice: image = 'TMTstop-A_1_practicegreenlinestimulus8.png'
11.8247 	EXP 	Stim_practice: autoDraw = True
11.8373 	DATA 	Keypress: 2
11.8630 	EXP 	New trial (rep=0, index=11): {'NumberLetter': 12, 'corrAns': ['2'], 'StimFile': 'TMTstop-A_1_practicelinestimulus9.png', 'Correct_StimFile': 'TMTstop-A_1_practicegreenlinestimulus9.png', 'False_StimFile': 'TMTstop-A_1_practiceredlinestimulus9.png', 'DurationTrial': 10}
11.9201 	DATA 	Keypress: 1
11.9247 	EXP 	Stim_practice: autoDraw = False
11.9247 	EXP 	Stim_practice: image = 'TMTstop-A_1_practicegreenlinestimulus9.png'
11.9247 	EXP 	Stim_practice: image = 'TMTstop-A_1_practicegreenlinestimulus9.png'
11.9247 	EXP 	Stim_practice: autoDraw = True
11.9373 	DATA 	Keypress: 3
11.9636 	EXP 	New trial (rep=0, index=12): {'NumberLetter': None, 'corrAns': None, 'StimFile': 'TMTstop-A_1_practicelinestimulus10.png', 'Correct_StimFile': 'TMTstop-A_1_practicegreenlinestimulus10.png', 'False_StimFile': 'TMTstop-A_1_practiceredlinestimulus10.png', 'DurationTrial': None}
12.0371 	DATA 	Keypress: 2
12.0423 	EXP 	Stim_practice: autoDraw = False
12.0423 	EXP 	Stim_practice: image = 'TMTstop-A_1_practicegreenlinestimulus10.png'
12.0423 	EXP 	Stim_practice: image = 'TMTstop-A_1_practicegreenlinestimulus10.png'
12.0423 	EXP 	Stim_practice: autoDraw = True
12.1036 	DATA 	Keypress: 3
12.1037 	DATA 	Keypress: 1
12.1090 	EXP 	Stim_practice: image = 'TMTstop-A_1_practiceredlinestimulus10.png'
12.1587 	EXP 	Stim_practice: image = 'TMTstop-A_1_practiceredlinestimulus10.png'
12.2037 	DATA 	Keypress: 1
12.2038 	DATA 	Keypress: 2
12.2038 	DATA 	Keypress: 3
12.2089 	EXP 	Stim_practice: image = 'TMTstop-A_1_practiceredlinestimulus10.png'
12.2589 	EXP 	Stim_practice: image = 'TMTstop-A_1_practiceredlinestimulus10.png'
12.3089 	EXP 	Stim_practice: image = 'TMTstop-A_1_practiceredlinestimulus10.png'
12.3537 	DATA 	Keypress: 1
12.3588 	EXP 	Stim_practice: image = 'TMTstop-A_1_practiceredlinestimulus10.png'
12.4090 	EXP 	Stim_practice: image = 'TMTstop-A_1_practiceredlinestimulus10.png'
12.4589 	EXP 	Stim_practice: image = 'TMTstop-A_1_practiceredlinestimulus10.png'
12.5090 	EXP 	Stim_practice: image = 'TMTstop-A_1_practiceredlinestimulus10.png'
12.5589 	EXP 	Stim_practice: image = 'TMTstop-A_1_practiceredlinestimulus10.png'
12.6089 	EXP 	Stim_practice: image = 'TMTstop-A_1_practiceredlinestimulus10.png'
12.6589 	EXP 	Stim_practice: image = 'TMTstop-A_1_practiceredlinestimulus10.png'
12.7089 	EXP 	Stim_practice: image = 'TMTstop-A_1_practiceredlinestimulus10.png'
12.7591 	EXP 	Stim_practice: image = 'TMTstop-A_1_practiceredlinestimulus10.png'
12.8091 	EXP 	Stim_practice: image = 'TMTstop-A_1_practiceredlinestimulus10.png'
12.8591 	EXP 	Stim_practice: image = 'TMTstop-A_1_practiceredlinestimulus10.png'
12.9093 	EXP 	Stim_practice: image = 'TMTstop-A_1_practiceredlinestimulus10.png'
12.9590 	EXP 	Stim_practice: image = 'TMTstop-A_1_practiceredlinestimulus10.png'
13.0090 	EXP 	Stim_practice: image = 'TMTstop-A_1_practiceredlinestimulus10.png'
13.0593 	EXP 	Stim_practice: image = 'TMTstop-A_1_practiceredlinestimulus10.png'
13.1402 	EXP 	Stim_practice: image = 'TMTstop-A_1_practiceredlinestimulus10.png'
13.1402 	EXP 	Stim_practice: autoDraw = False
13.1402 	EXP 	text_5: text = 'You have finished the practice. If you understood the task correctly please read on. Otherwise ask the experiment leader or pres X to restart the practice.\n\nFrom here on there will be 25 trails instead of 12. If you finish all trails you will get 25 new trails and start from 1. The experiments will end automatically after three minutes. \n\nPress any button when you are ready to start the experiment.\n\n\n\n'
13.1402 	EXP 	text_5: autoDraw = True
15.7394 	DATA 	Keypress: x
16.0229 	DATA 	Keypress: x
17.6239 	DATA 	Keypress: x
17.7909 	DATA 	Keypress: x
17.9902 	DATA 	Keypress: esc
18.1737 	DATA 	Keypress: esc
18.2011 	EXP 	window1: mouseVisible = True
