1.9062 	WARNING 	We strongly recommend you activate the PTB sound engine in PsychoPy prefs as the preferred audio engine. Its timing is vastly superior. Your prefs are currently set to use ['pyo'] (in that order).
5.8441 	EXP 	Created window1 = Window(allowGUI=True, allowStencil=False, autoLog=True, backendConf=UNKNOWN, bitsMode=UNKNOWN, blendMode='avg', bpc=(8, 8, 8), color=array([0, 0, 0]), colorSpace='rgb', depthBits=8, fullscr=<method-wrapper '__getattribute__' of attributeSetter object at 0x00000281972225C0>, gamma=None, gammaErrorPolicy='raise', lms=UNKNOWN, monitor=<psychopy.monitors.calibTools.Monitor object at 0x00000281971C2898>, multiSample=False, name='window1', numSamples=2, pos=[760.0, 180.0], screen=0, size=array([1920, 1080]), stencilBits=0, stereo=False, units='height', useFBO=True, useRetina=False, viewOri=0.0, viewPos=None, viewScale=None, waitBlanking=True, winType='glfw')
5.8441 	EXP 	window1: mouseVisible = True
5.8442 	EXP 	window1: recordFrameIntervals = False
6.0105 	EXP 	window1: recordFrameIntervals = True
6.3274 	EXP 	window1: recordFrameIntervals = False
6.6881 	EXP 	Created Instruct = ImageStim(__class__=<class 'psychopy.visual.image.ImageStim'>, autoLog=True, color=array([1., 1., 1.]), colorSpace='rgb', contrast=1.0, depth=0.0, flipHoriz=False, flipVert=False, image=str(...), interpolate=True, mask=None, maskParams=None, name='Instruct', opacity=1, ori=0.0, pos=array([0., 0.]), size=array([1.28, 0.72]), texRes=128.0, units='height', win=Window(...))
6.7813 	EXP 	Created image_2 = ImageStim(__class__=<class 'psychopy.visual.image.ImageStim'>, autoLog=True, color=array([1., 1., 1.]), colorSpace='rgb', contrast=1.0, depth=0.0, flipHoriz=False, flipVert=False, image=str(...), interpolate=True, mask=None, maskParams=None, name='image_2', opacity=1, ori=0.0, pos=array([0., 0.]), size=array([1.28, 0.72]), texRes=128.0, units='height', win=Window(...))
6.7868 	EXP 	Created polygon = ShapeStim(__class__=<class 'psychopy.visual.shape.ShapeStim'>, autoDraw=False, autoLog=True, closeShape=True, color=method-wrapper(...), colorSpace='rgb', contrast=None, depth=0.0, fillColor=array([1, 1, 1]), fillColorSpace='rgb', fillRGB=array([1, 1, 1]), interpolate=True, lineColor=array([1., 1., 1.]), lineColorSpace='rgb', lineRGB=array([1, 1, 1]), lineWidth=1.0, name='polygon', opacity=1, ori=0.0, pos=array([0., 0.]), size=array([0.5, 0.5]), units='height', vertices=ndarray(...), win=Window(...), windingRule=None)
6.7940 	EXP 	Created Stim_practice = ImageStim(__class__=<class 'psychopy.visual.image.ImageStim'>, autoLog=True, color=array([1., 1., 1.]), colorSpace='rgb', contrast=1.0, depth=0.0, flipHoriz=False, flipVert=False, image='sin', interpolate=True, mask=None, maskParams=None, name='Stim_practice', opacity=1, ori=0.0, pos=array([0., 0.]), size=array([1.777, 1.   ]), texRes=128.0, units='height', win=Window(...))
6.9193 	EXP 	Created text_5 = TextStim(__class__=<class 'psychopy.visual.text.TextStim'>, alignHoriz=method-wrapper(...), alignText='center', alignVert=method-wrapper(...), anchorHoriz='center', anchorVert='center', antialias=True, autoLog=True, bold=False, color=array([1., 1., 1.]), colorSpace='rgb', contrast=1.0, depth=0.0, flipHoriz=False, flipVert=False, font='Open Sans', fontFiles=[], height=0.03, italic=False, languageStyle='LTR', name='text_5', opacity=1, ori=0.0, pos=array([0., 0.]), rgb=UNKNOWN, text='', units='height', win=Window(...), wrapWidth=1)
6.9215 	EXP 	Created polygon = ShapeStim(__class__=<class 'psychopy.visual.shape.ShapeStim'>, autoDraw=False, autoLog=True, closeShape=True, color=method-wrapper(...), colorSpace='rgb', contrast=None, depth=0.0, fillColor=array([1, 1, 1]), fillColorSpace='rgb', fillRGB=array([1, 1, 1]), interpolate=True, lineColor=array([1., 1., 1.]), lineColorSpace='rgb', lineRGB=array([1, 1, 1]), lineWidth=1.0, name='polygon', opacity=1, ori=0.0, pos=array([0., 0.]), size=array([0.5, 0.5]), units='height', vertices=ndarray(...), win=Window(...), windingRule=None)
6.9272 	EXP 	Created Stim = ImageStim(__class__=<class 'psychopy.visual.image.ImageStim'>, autoLog=True, color=array([1., 1., 1.]), colorSpace='rgb', contrast=1.0, depth=0.0, flipHoriz=False, flipVert=False, image='sin', interpolate=True, mask=None, maskParams=None, name='Stim', opacity=1, ori=0.0, pos=array([0., 0.]), size=array([1.777, 1.   ]), texRes=128.0, units='height', win=Window(...))
6.9292 	EXP 	Created polygon = ShapeStim(__class__=<class 'psychopy.visual.shape.ShapeStim'>, autoDraw=False, autoLog=True, closeShape=True, color=method-wrapper(...), colorSpace='rgb', contrast=None, depth=0.0, fillColor=array([1, 1, 1]), fillColorSpace='rgb', fillRGB=array([1, 1, 1]), interpolate=True, lineColor=array([1., 1., 1.]), lineColorSpace='rgb', lineRGB=array([1, 1, 1]), lineWidth=1.0, name='polygon', opacity=1, ori=0.0, pos=array([0., 0.]), size=array([0.5, 0.5]), units='height', vertices=ndarray(...), win=Window(...), windingRule=None)
6.9353 	EXP 	Created Stim = ImageStim(__class__=<class 'psychopy.visual.image.ImageStim'>, autoLog=True, color=array([1., 1., 1.]), colorSpace='rgb', contrast=1.0, depth=0.0, flipHoriz=False, flipVert=False, image='sin', interpolate=True, mask=None, maskParams=None, name='Stim', opacity=1, ori=0.0, pos=array([0., 0.]), size=array([1.777, 1.   ]), texRes=128.0, units='height', win=Window(...))
6.9372 	EXP 	Created polygon = ShapeStim(__class__=<class 'psychopy.visual.shape.ShapeStim'>, autoDraw=False, autoLog=True, closeShape=True, color=method-wrapper(...), colorSpace='rgb', contrast=None, depth=0.0, fillColor=array([1, 1, 1]), fillColorSpace='rgb', fillRGB=array([1, 1, 1]), interpolate=True, lineColor=array([1., 1., 1.]), lineColorSpace='rgb', lineRGB=array([1, 1, 1]), lineWidth=1.0, name='polygon', opacity=1, ori=0.0, pos=array([0., 0.]), size=array([0.5, 0.5]), units='height', vertices=ndarray(...), win=Window(...), windingRule=None)
6.9418 	EXP 	Created Stim = ImageStim(__class__=<class 'psychopy.visual.image.ImageStim'>, autoLog=True, color=array([1., 1., 1.]), colorSpace='rgb', contrast=1.0, depth=0.0, flipHoriz=False, flipVert=False, image='sin', interpolate=True, mask=None, maskParams=None, name='Stim', opacity=1, ori=0.0, pos=array([0., 0.]), size=array([1.777, 1.   ]), texRes=128.0, units='height', win=Window(...))
6.9437 	EXP 	Created polygon = ShapeStim(__class__=<class 'psychopy.visual.shape.ShapeStim'>, autoDraw=False, autoLog=True, closeShape=True, color=method-wrapper(...), colorSpace='rgb', contrast=None, depth=0.0, fillColor=array([1, 1, 1]), fillColorSpace='rgb', fillRGB=array([1, 1, 1]), interpolate=True, lineColor=array([1., 1., 1.]), lineColorSpace='rgb', lineRGB=array([1, 1, 1]), lineWidth=1.0, name='polygon', opacity=1, ori=0.0, pos=array([0., 0.]), size=array([0.5, 0.5]), units='height', vertices=ndarray(...), win=Window(...), windingRule=None)
6.9484 	EXP 	Created Stim = ImageStim(__class__=<class 'psychopy.visual.image.ImageStim'>, autoLog=True, color=array([1., 1., 1.]), colorSpace='rgb', contrast=1.0, depth=0.0, flipHoriz=False, flipVert=False, image='sin', interpolate=True, mask=None, maskParams=None, name='Stim', opacity=1, ori=0.0, pos=array([0., 0.]), size=array([1.777, 1.   ]), texRes=128.0, units='height', win=Window(...))
6.9504 	EXP 	Created polygon = ShapeStim(__class__=<class 'psychopy.visual.shape.ShapeStim'>, autoDraw=False, autoLog=True, closeShape=True, color=method-wrapper(...), colorSpace='rgb', contrast=None, depth=0.0, fillColor=array([1, 1, 1]), fillColorSpace='rgb', fillRGB=array([1, 1, 1]), interpolate=True, lineColor=array([1., 1., 1.]), lineColorSpace='rgb', lineRGB=array([1, 1, 1]), lineWidth=1.0, name='polygon', opacity=1, ori=0.0, pos=array([0., 0.]), size=array([0.5, 0.5]), units='height', vertices=ndarray(...), win=Window(...), windingRule=None)
6.9563 	EXP 	Created Stim = ImageStim(__class__=<class 'psychopy.visual.image.ImageStim'>, autoLog=True, color=array([1., 1., 1.]), colorSpace='rgb', contrast=1.0, depth=0.0, flipHoriz=False, flipVert=False, image='sin', interpolate=True, mask=None, maskParams=None, name='Stim', opacity=1, ori=0.0, pos=array([0., 0.]), size=array([1.777, 1.   ]), texRes=128.0, units='height', win=Window(...))
6.9582 	EXP 	Created polygon = ShapeStim(__class__=<class 'psychopy.visual.shape.ShapeStim'>, autoDraw=False, autoLog=True, closeShape=True, color=method-wrapper(...), colorSpace='rgb', contrast=None, depth=0.0, fillColor=array([1, 1, 1]), fillColorSpace='rgb', fillRGB=array([1, 1, 1]), interpolate=True, lineColor=array([1., 1., 1.]), lineColorSpace='rgb', lineRGB=array([1, 1, 1]), lineWidth=1.0, name='polygon', opacity=1, ori=0.0, pos=array([0., 0.]), size=array([0.5, 0.5]), units='height', vertices=ndarray(...), win=Window(...), windingRule=None)
6.9627 	EXP 	Created Stim = ImageStim(__class__=<class 'psychopy.visual.image.ImageStim'>, autoLog=True, color=array([1., 1., 1.]), colorSpace='rgb', contrast=1.0, depth=0.0, flipHoriz=False, flipVert=False, image='sin', interpolate=True, mask=None, maskParams=None, name='Stim', opacity=1, ori=0.0, pos=array([0., 0.]), size=array([1.777, 1.   ]), texRes=128.0, units='height', win=Window(...))
7.0890 	EXP 	Created text = TextStim(__class__=<class 'psychopy.visual.text.TextStim'>, alignHoriz=method-wrapper(...), alignText='center', alignVert=method-wrapper(...), anchorHoriz='center', anchorVert='center', antialias=True, autoLog=True, bold=False, color=array([1., 1., 1.]), colorSpace='rgb', contrast=1.0, depth=0.0, flipHoriz=False, flipVert=False, font='Open Sans', fontFiles=[], height=0.04, italic=False, languageStyle='LTR', name='text', opacity=1, ori=0.0, pos=array([0., 0.]), rgb=UNKNOWN, text=str(...), units='height', win=Window(...), wrapWidth=1)
7.1801 	EXP 	Instruct: autoDraw = True
8.5416 	DATA 	Keypress: q
8.5584 	DATA 	Keypress: 1
8.5625 	EXP 	Instruct: autoDraw = False
8.5625 	EXP 	image_2: autoDraw = True
8.6250 	DATA 	Keypress: 1
8.6917 	DATA 	Keypress: q
8.9745 	DATA 	Keypress: 2
8.9767 	EXP 	image_2: autoDraw = False
8.9767 	EXP 	polygon: autoDraw = True
8.9919 	DATA 	Keypress: 1
9.0751 	DATA 	Keypress: 1
9.1751 	DATA 	Keypress: 2
11.9636 	EXP 	Created sequence: sequential, trialTypes=1, nReps=100, seed=None
11.9640 	EXP 	New trial (rep=0, index=0): None
11.9712 	EXP 	Imported TMTstop-A_1_practice.xlsx as conditions, 13 conditions, 6 params
11.9715 	EXP 	Created sequence: sequential, trialTypes=13, nReps=1, seed=None
11.9717 	EXP 	New trial (rep=0, index=0): {'NumberLetter': 1, 'corrAns': ['1'], 'StimFile': 'TMTstop-A_1_practice.png', 'Correct_StimFile': 'TMTstop-A_1_practice.png', 'False_StimFile': 'TMTstop-A_1_practice.png', 'DurationTrial': 10}
12.0813 	EXP 	polygon: autoDraw = False
12.0813 	EXP 	Stim_practice: image = 'TMTstop-A_1_practice.png'
12.0813 	EXP 	Stim_practice: autoDraw = True
12.6105 	DATA 	Keypress: 2
12.6655 	EXP 	Stim_practice: image = 'TMTstop-A_1_practice.png'
12.7155 	EXP 	Stim_practice: image = 'TMTstop-A_1_practice.png'
12.7654 	EXP 	Stim_practice: image = 'TMTstop-A_1_practice.png'
12.8155 	EXP 	Stim_practice: image = 'TMTstop-A_1_practice.png'
12.8598 	DATA 	Keypress: 2
12.8654 	EXP 	Stim_practice: image = 'TMTstop-A_1_practice.png'
12.9154 	EXP 	Stim_practice: image = 'TMTstop-A_1_practice.png'
12.9655 	EXP 	Stim_practice: image = 'TMTstop-A_1_practice.png'
13.0155 	EXP 	Stim_practice: image = 'TMTstop-A_1_practice.png'
13.0665 	EXP 	Stim_practice: image = 'TMTstop-A_1_practice.png'
13.1100 	DATA 	Keypress: 3
13.1161 	EXP 	Stim_practice: image = 'TMTstop-A_1_practice.png'
13.1599 	DATA 	Keypress: 1
13.1654 	EXP 	Stim_practice: image = 'TMTstop-A_1_practice.png'
13.1689 	EXP 	New trial (rep=0, index=1): {'NumberLetter': 2, 'corrAns': ['2'], 'StimFile': 'TMTstop-A_1_practice.png', 'Correct_StimFile': 'TMTstop-A_1_practicefirstgreen.png', 'False_StimFile': 'TMTstop-A_1_practicefirstred.png', 'DurationTrial': 10}
13.2432 	DATA 	Keypress: 3
13.2490 	EXP 	Stim_practice: autoDraw = False
13.2490 	EXP 	Stim_practice: image = 'TMTstop-A_1_practicefirstgreen.png'
13.2490 	EXP 	Stim_practice: image = 'TMTstop-A_1_practicefirstgreen.png'
13.2490 	EXP 	Stim_practice: autoDraw = True
13.3940 	DATA 	Keypress: 1
13.5601 	DATA 	Keypress: 1
13.5659 	EXP 	Stim_practice: image = 'TMTstop-A_1_practicefirstred.png'
13.6105 	DATA 	Keypress: 2
13.6162 	EXP 	Stim_practice: image = 'TMTstop-A_1_practicefirstred.png'
13.6194 	EXP 	New trial (rep=0, index=2): {'NumberLetter': 3, 'corrAns': ['3'], 'StimFile': 'TMTstop-A_1_practicelinestimulus0.png', 'Correct_StimFile': 'TMTstop-A_1_practicegreenlinestimulus0.png', 'False_StimFile': 'TMTstop-A_1_practiceredlinestimulus0.png', 'DurationTrial': 10}
13.6993 	EXP 	Stim_practice: autoDraw = False
13.6993 	EXP 	Stim_practice: image = 'TMTstop-A_1_practicegreenlinestimulus0.png'
13.6993 	EXP 	Stim_practice: image = 'TMTstop-A_1_practicegreenlinestimulus0.png'
13.6993 	EXP 	Stim_practice: autoDraw = True
13.7109 	DATA 	Keypress: 3
13.7442 	DATA 	Keypress: 1
13.7941 	DATA 	Keypress: 2
13.9103 	DATA 	Keypress: 1
13.9164 	EXP 	Stim_practice: image = 'TMTstop-A_1_practiceredlinestimulus0.png'
13.9603 	DATA 	Keypress: 3
13.9604 	DATA 	Keypress: 2
13.9660 	EXP 	Stim_practice: image = 'TMTstop-A_1_practiceredlinestimulus0.png'
14.0164 	EXP 	Stim_practice: image = 'TMTstop-A_1_practiceredlinestimulus0.png'
14.0603 	DATA 	Keypress: 3
14.0604 	DATA 	Keypress: 1
14.0661 	EXP 	Stim_practice: image = 'TMTstop-A_1_practiceredlinestimulus0.png'
14.0694 	EXP 	New trial (rep=0, index=3): {'NumberLetter': 4, 'corrAns': ['1'], 'StimFile': 'TMTstop-A_1_practicelinestimulus1.png', 'Correct_StimFile': 'TMTstop-A_1_practicegreenlinestimulus1.png', 'False_StimFile': 'TMTstop-A_1_practiceredlinestimulus1.png', 'DurationTrial': 10}
14.1437 	DATA 	Keypress: 2
14.1494 	EXP 	Stim_practice: autoDraw = False
14.1494 	EXP 	Stim_practice: image = 'TMTstop-A_1_practicegreenlinestimulus1.png'
14.1494 	EXP 	Stim_practice: image = 'TMTstop-A_1_practicegreenlinestimulus1.png'
14.1494 	EXP 	Stim_practice: autoDraw = True
14.1608 	DATA 	Keypress: 1
14.1691 	EXP 	New trial (rep=0, index=4): {'NumberLetter': 5, 'corrAns': ['2'], 'StimFile': 'TMTstop-A_1_practicelinestimulus2.png', 'Correct_StimFile': 'TMTstop-A_1_practicegreenlinestimulus2.png', 'False_StimFile': 'TMTstop-A_1_practiceredlinestimulus2.png', 'DurationTrial': 10}
14.2437 	DATA 	Keypress: 3
14.2438 	DATA 	Keypress: 2
14.2495 	EXP 	Stim_practice: autoDraw = False
14.2495 	EXP 	Stim_practice: image = 'TMTstop-A_1_practicegreenlinestimulus2.png'
14.2495 	EXP 	Stim_practice: image = 'TMTstop-A_1_practicegreenlinestimulus2.png'
14.2495 	EXP 	Stim_practice: autoDraw = True
14.3110 	DATA 	Keypress: 3
14.3605 	DATA 	Keypress: 1
14.3666 	EXP 	Stim_practice: image = 'TMTstop-A_1_practiceredlinestimulus2.png'
14.4107 	DATA 	Keypress: 2
14.4163 	EXP 	Stim_practice: image = 'TMTstop-A_1_practiceredlinestimulus2.png'
14.4605 	DATA 	Keypress: 1
14.4606 	DATA 	Keypress: 3
14.4661 	EXP 	Stim_practice: image = 'TMTstop-A_1_practiceredlinestimulus2.png'
14.5106 	DATA 	Keypress: 2
14.5164 	EXP 	Stim_practice: image = 'TMTstop-A_1_practiceredlinestimulus2.png'
14.5198 	EXP 	New trial (rep=0, index=5): {'NumberLetter': 6, 'corrAns': ['3'], 'StimFile': 'TMTstop-A_1_practicelinestimulus3.png', 'Correct_StimFile': 'TMTstop-A_1_practicegreenlinestimulus3.png', 'False_StimFile': 'TMTstop-A_1_practiceredlinestimulus3.png', 'DurationTrial': 10}
14.5939 	DATA 	Keypress: 3
14.5995 	EXP 	Stim_practice: autoDraw = False
14.5995 	EXP 	Stim_practice: image = 'TMTstop-A_1_practicegreenlinestimulus3.png'
14.5995 	EXP 	Stim_practice: image = 'TMTstop-A_1_practicegreenlinestimulus3.png'
14.5995 	EXP 	Stim_practice: autoDraw = True
14.6279 	DATA 	Keypress: 1
14.6446 	DATA 	Keypress: 2
14.7112 	DATA 	Keypress: 1
14.7607 	DATA 	Keypress: 3
14.7607 	DATA 	Keypress: 2
14.7666 	EXP 	Stim_practice: image = 'TMTstop-A_1_practiceredlinestimulus3.png'
14.8167 	EXP 	Stim_practice: image = 'TMTstop-A_1_practiceredlinestimulus3.png'
14.8606 	DATA 	Keypress: 3
14.8664 	EXP 	Stim_practice: image = 'TMTstop-A_1_practiceredlinestimulus3.png'
14.8697 	EXP 	New trial (rep=0, index=6): {'NumberLetter': 7, 'corrAns': ['1'], 'StimFile': 'TMTstop-A_1_practicelinestimulus4.png', 'Correct_StimFile': 'TMTstop-A_1_practicegreenlinestimulus4.png', 'False_StimFile': 'TMTstop-A_1_practiceredlinestimulus4.png', 'DurationTrial': 10}
14.9441 	DATA 	Keypress: 1
14.9442 	DATA 	Keypress: 2
14.9498 	EXP 	Stim_practice: autoDraw = False
14.9498 	EXP 	Stim_practice: image = 'TMTstop-A_1_practicegreenlinestimulus4.png'
14.9498 	EXP 	Stim_practice: image = 'TMTstop-A_1_practicegreenlinestimulus4.png'
14.9498 	EXP 	Stim_practice: autoDraw = True
14.9782 	DATA 	Keypress: 1
14.9865 	EXP 	New trial (rep=0, index=7): {'NumberLetter': 8, 'corrAns': ['3'], 'StimFile': 'TMTstop-A_1_practicelinestimulus5.png', 'Correct_StimFile': 'TMTstop-A_1_practicegreenlinestimulus5.png', 'False_StimFile': 'TMTstop-A_1_practiceredlinestimulus5.png', 'DurationTrial': 10}
15.0608 	DATA 	Keypress: 3
15.0608 	DATA 	Keypress: 2
15.0665 	EXP 	Stim_practice: autoDraw = False
15.0665 	EXP 	Stim_practice: image = 'TMTstop-A_1_practicegreenlinestimulus5.png'
15.0665 	EXP 	Stim_practice: image = 'TMTstop-A_1_practicegreenlinestimulus5.png'
15.0665 	EXP 	Stim_practice: autoDraw = True
15.1376 	EXP 	New trial (rep=0, index=8): {'NumberLetter': 9, 'corrAns': ['2'], 'StimFile': 'TMTstop-A_1_practicelinestimulus6.png', 'Correct_StimFile': 'TMTstop-A_1_practicegreenlinestimulus6.png', 'False_StimFile': 'TMTstop-A_1_practiceredlinestimulus6.png', 'DurationTrial': 10}
15.2109 	DATA 	Keypress: 3
15.2110 	DATA 	Keypress: 1
15.2111 	DATA 	Keypress: 2
15.2167 	EXP 	Stim_practice: autoDraw = False
15.2167 	EXP 	Stim_practice: image = 'TMTstop-A_1_practicegreenlinestimulus6.png'
15.2167 	EXP 	Stim_practice: image = 'TMTstop-A_1_practicegreenlinestimulus6.png'
15.2167 	EXP 	Stim_practice: autoDraw = True
15.2615 	DATA 	Keypress: 1
15.3110 	DATA 	Keypress: 3
15.3111 	DATA 	Keypress: 2
15.3170 	EXP 	Stim_practice: image = 'TMTstop-A_1_practiceredlinestimulus6.png'
15.3203 	EXP 	New trial (rep=0, index=9): {'NumberLetter': 10, 'corrAns': ['3'], 'StimFile': 'TMTstop-A_1_practicelinestimulus7.png', 'Correct_StimFile': 'TMTstop-A_1_practicegreenlinestimulus7.png', 'False_StimFile': 'TMTstop-A_1_practiceredlinestimulus7.png', 'DurationTrial': 10}
15.4000 	EXP 	Stim_practice: autoDraw = False
15.4000 	EXP 	Stim_practice: image = 'TMTstop-A_1_practicegreenlinestimulus7.png'
15.4000 	EXP 	Stim_practice: image = 'TMTstop-A_1_practicegreenlinestimulus7.png'
15.4000 	EXP 	Stim_practice: autoDraw = True
15.4195 	EXP 	New trial (rep=0, index=10): {'NumberLetter': 11, 'corrAns': ['1'], 'StimFile': 'TMTstop-A_1_practicelinestimulus8.png', 'Correct_StimFile': 'TMTstop-A_1_practicegreenlinestimulus8.png', 'False_StimFile': 'TMTstop-A_1_practiceredlinestimulus8.png', 'DurationTrial': 10}
15.4943 	DATA 	Keypress: 3
15.4944 	DATA 	Keypress: 1
15.5001 	EXP 	Stim_practice: autoDraw = False
15.5001 	EXP 	Stim_practice: image = 'TMTstop-A_1_practicegreenlinestimulus8.png'
15.5001 	EXP 	Stim_practice: image = 'TMTstop-A_1_practicegreenlinestimulus8.png'
15.5001 	EXP 	Stim_practice: autoDraw = True
15.5115 	DATA 	Keypress: 2
15.5450 	DATA 	Keypress: 1
15.5531 	EXP 	New trial (rep=0, index=11): {'NumberLetter': 12, 'corrAns': ['2'], 'StimFile': 'TMTstop-A_1_practicelinestimulus9.png', 'Correct_StimFile': 'TMTstop-A_1_practicegreenlinestimulus9.png', 'False_StimFile': 'TMTstop-A_1_practiceredlinestimulus9.png', 'DurationTrial': 10}
15.6277 	DATA 	Keypress: 3
15.6278 	DATA 	Keypress: 2
15.6334 	EXP 	Stim_practice: autoDraw = False
15.6334 	EXP 	Stim_practice: image = 'TMTstop-A_1_practicegreenlinestimulus9.png'
15.6334 	EXP 	Stim_practice: image = 'TMTstop-A_1_practicegreenlinestimulus9.png'
15.6334 	EXP 	Stim_practice: autoDraw = True
15.7116 	DATA 	Keypress: 3
15.7611 	DATA 	Keypress: 1
15.7671 	EXP 	Stim_practice: image = 'TMTstop-A_1_practiceredlinestimulus9.png'
15.8111 	DATA 	Keypress: 2
15.8170 	EXP 	Stim_practice: image = 'TMTstop-A_1_practiceredlinestimulus9.png'
15.8611 	DATA 	Keypress: 1
15.8612 	DATA 	Keypress: 3
15.8668 	EXP 	Stim_practice: image = 'TMTstop-A_1_practiceredlinestimulus9.png'
15.9111 	DATA 	Keypress: 2
15.9169 	EXP 	Stim_practice: image = 'TMTstop-A_1_practiceredlinestimulus9.png'
15.9202 	EXP 	New trial (rep=0, index=12): {'NumberLetter': None, 'corrAns': None, 'StimFile': 'TMTstop-A_1_practicelinestimulus10.png', 'Correct_StimFile': 'TMTstop-A_1_practicegreenlinestimulus10.png', 'False_StimFile': 'TMTstop-A_1_practiceredlinestimulus10.png', 'DurationTrial': None}
15.9946 	DATA 	Keypress: 3
16.0004 	EXP 	Stim_practice: autoDraw = False
16.0004 	EXP 	Stim_practice: image = 'TMTstop-A_1_practicegreenlinestimulus10.png'
16.0004 	EXP 	Stim_practice: image = 'TMTstop-A_1_practicegreenlinestimulus10.png'
16.0004 	EXP 	Stim_practice: autoDraw = True
16.0285 	DATA 	Keypress: 1
16.0785 	DATA 	Keypress: 2
16.1119 	DATA 	Keypress: 1
16.1614 	DATA 	Keypress: 3
16.1675 	EXP 	Stim_practice: image = 'TMTstop-A_1_practiceredlinestimulus10.png'
16.2113 	DATA 	Keypress: 2
16.2172 	EXP 	Stim_practice: image = 'TMTstop-A_1_practiceredlinestimulus10.png'
16.2670 	EXP 	Stim_practice: image = 'TMTstop-A_1_practiceredlinestimulus10.png'
16.3114 	DATA 	Keypress: 3
16.3115 	DATA 	Keypress: 1
16.3172 	EXP 	Stim_practice: image = 'TMTstop-A_1_practiceredlinestimulus10.png'
16.3674 	EXP 	Stim_practice: image = 'TMTstop-A_1_practiceredlinestimulus10.png'
16.4114 	DATA 	Keypress: 2
16.4115 	DATA 	Keypress: 3
16.4170 	EXP 	Stim_practice: image = 'TMTstop-A_1_practiceredlinestimulus10.png'
16.4676 	EXP 	Stim_practice: image = 'TMTstop-A_1_practiceredlinestimulus10.png'
16.5174 	EXP 	Stim_practice: image = 'TMTstop-A_1_practiceredlinestimulus10.png'
16.5672 	EXP 	Stim_practice: image = 'TMTstop-A_1_practiceredlinestimulus10.png'
16.6172 	EXP 	Stim_practice: image = 'TMTstop-A_1_practiceredlinestimulus10.png'
16.6676 	EXP 	Stim_practice: image = 'TMTstop-A_1_practiceredlinestimulus10.png'
16.7179 	EXP 	Stim_practice: image = 'TMTstop-A_1_practiceredlinestimulus10.png'
16.7672 	EXP 	Stim_practice: image = 'TMTstop-A_1_practiceredlinestimulus10.png'
16.8176 	EXP 	Stim_practice: image = 'TMTstop-A_1_practiceredlinestimulus10.png'
16.8674 	EXP 	Stim_practice: image = 'TMTstop-A_1_practiceredlinestimulus10.png'
16.9174 	EXP 	Stim_practice: image = 'TMTstop-A_1_practiceredlinestimulus10.png'
16.9672 	EXP 	Stim_practice: image = 'TMTstop-A_1_practiceredlinestimulus10.png'
17.0174 	EXP 	Stim_practice: image = 'TMTstop-A_1_practiceredlinestimulus10.png'
17.1472 	EXP 	Stim_practice: image = 'TMTstop-A_1_practiceredlinestimulus10.png'
17.1472 	EXP 	Stim_practice: autoDraw = False
17.1472 	EXP 	text_5: text = 'You have finished the practice. If you understood the task correctly please read on, otherwise ask the experiment leader or press X to restart the practice.\n\nFrom here on there will be 25 circles instead of 12. If you finish all circles you will see a white cross for a few seconds then you will get 25 new circles and start again from 1. The experiments will end automatically after three minutes. \n\nPress 1, 2 or 3  to start the experiment.\n\n\n\nDu har slutfört provomgången. Om du förstod uppgiften rätt, läs vidare, annars fråga experimentledaren eller tryck på X för att starta om provomgången.\n\nHärifrån kommer det att finnas 25 circlar istället för 12. Om du slutför alla circlar kommer du att se ett vitt kors i några sekunder, sedan får du 25 nya circlar och börjar om från 1. Experimenten avslutas automatiskt efter tre minuter.\n\nTryck på 1, 2 eller 3 för att starta experimentet.\n\n\n'
17.1472 	EXP 	text_5: autoDraw = True
17.6126 	DATA 	Keypress: 1
17.7121 	DATA 	Keypress: 2
17.7140 	EXP 	text_5: autoDraw = False
17.7140 	EXP 	polygon: autoDraw = True
17.7959 	DATA 	Keypress: 3
17.8128 	DATA 	Keypress: 1
17.8459 	DATA 	Keypress: 2
17.8961 	DATA 	Keypress: 3
20.6430 	EXP 	Imported TMTstop-A_1_1.xlsx as conditions, 26 conditions, 6 params
20.6433 	EXP 	Created sequence: sequential, trialTypes=26, nReps=1, seed=None
20.6436 	EXP 	New trial (rep=0, index=0): {'NumberLetter': 1, 'corrAns': ['2'], 'StimFile': 'TMTstop-A_1_1.png', 'Correct_StimFile': 'TMTstop-A_1_1.png', 'False_StimFile': 'TMTstop-A_1_1.png', 'DurationTrial': 10}
20.7516 	EXP 	polygon: autoDraw = False
20.7516 	EXP 	Stim: image = 'TMTstop-A_1_1.png'
20.7516 	EXP 	Stim: autoDraw = True
20.8024 	EXP 	Stim: image = 'TMTstop-A_1_1.png'
20.8524 	EXP 	Stim: image = 'TMTstop-A_1_1.png'
20.9024 	EXP 	Stim: image = 'TMTstop-A_1_1.png'
20.9523 	EXP 	Stim: image = 'TMTstop-A_1_1.png'
21.0023 	EXP 	Stim: image = 'TMTstop-A_1_1.png'
21.0524 	EXP 	Stim: image = 'TMTstop-A_1_1.png'
21.1028 	EXP 	Stim: image = 'TMTstop-A_1_1.png'
21.1469 	DATA 	Keypress: 1
21.1524 	EXP 	Stim: image = 'TMTstop-A_1_1.png'
21.2024 	EXP 	Stim: image = 'TMTstop-A_1_1.png'
21.2527 	EXP 	Stim: image = 'TMTstop-A_1_1.png'
21.2970 	DATA 	Keypress: 2
21.2971 	DATA 	Keypress: 3
21.3026 	EXP 	Stim: image = 'TMTstop-A_1_1.png'
21.3471 	DATA 	Keypress: 1
21.3525 	EXP 	Stim: image = 'TMTstop-A_1_1.png'
21.3971 	DATA 	Keypress: 2
21.4038 	EXP 	Stim: image = 'TMTstop-A_1_1.png'
21.4470 	DATA 	Keypress: 1
21.4526 	EXP 	Stim: image = 'TMTstop-A_1_1.png'
21.5025 	EXP 	Stim: image = 'TMTstop-A_1_1.png'
21.5472 	DATA 	Keypress: 3
21.5472 	DATA 	Keypress: 2
21.5525 	EXP 	Stim: image = 'TMTstop-A_1_1.png'
21.5560 	EXP 	New trial (rep=0, index=1): {'NumberLetter': 2, 'corrAns': ['1'], 'StimFile': 'TMTstop-A_1_1.png', 'Correct_StimFile': 'TMTstop-A_1_1firstgreen.png', 'False_StimFile': 'TMTstop-A_1_1firstred.png', 'DurationTrial': 10}
21.6306 	DATA 	Keypress: 3
21.6359 	EXP 	Stim: autoDraw = False
21.6359 	EXP 	Stim: image = 'TMTstop-A_1_1firstgreen.png'
21.6359 	EXP 	Stim: image = 'TMTstop-A_1_1firstgreen.png'
21.6359 	EXP 	Stim: autoDraw = True
21.6805 	DATA 	Keypress: 1
21.6867 	EXP 	Stim: image = 'TMTstop-A_1_1firstred.png'
21.7308 	DATA 	Keypress: 2
21.7309 	DATA 	Keypress: 1
21.7370 	EXP 	Stim: image = 'TMTstop-A_1_1firstred.png'
21.7403 	EXP 	New trial (rep=0, index=2): {'NumberLetter': 3, 'corrAns': ['2'], 'StimFile': 'TMTstop-A_1_1linestimulus0.png', 'Correct_StimFile': 'TMTstop-A_1_1greenlinestimulus0.png', 'False_StimFile': 'TMTstop-A_1_1redlinestimulus0.png', 'DurationTrial': 10}
21.8139 	DATA 	Keypress: 3
21.8140 	DATA 	Keypress: 2
21.8195 	EXP 	Stim: autoDraw = False
21.8195 	EXP 	Stim: image = 'TMTstop-A_1_1greenlinestimulus0.png'
21.8195 	EXP 	Stim: image = 'TMTstop-A_1_1greenlinestimulus0.png'
21.8195 	EXP 	Stim: autoDraw = True
21.8227 	EXP 	New trial (rep=0, index=3): {'NumberLetter': 4, 'corrAns': ['3'], 'StimFile': 'TMTstop-A_1_1linestimulus1.png', 'Correct_StimFile': 'TMTstop-A_1_1greenlinestimulus1.png', 'False_StimFile': 'TMTstop-A_1_1redlinestimulus1.png', 'DurationTrial': 10}
21.9033 	EXP 	Stim: autoDraw = False
21.9033 	EXP 	Stim: image = 'TMTstop-A_1_1greenlinestimulus1.png'
21.9033 	EXP 	Stim: image = 'TMTstop-A_1_1greenlinestimulus1.png'
21.9033 	EXP 	Stim: autoDraw = True
21.9148 	DATA 	Keypress: 1
21.9645 	DATA 	Keypress: 2
22.0312 	DATA 	Keypress: 1
22.0807 	DATA 	Keypress: 2
22.0864 	EXP 	Stim: image = 'TMTstop-A_1_1redlinestimulus1.png'
22.1364 	EXP 	Stim: image = 'TMTstop-A_1_1redlinestimulus1.png'
22.1808 	DATA 	Keypress: 3
22.1864 	EXP 	Stim: image = 'TMTstop-A_1_1redlinestimulus1.png'
22.1900 	EXP 	New trial (rep=0, index=4): {'NumberLetter': 5, 'corrAns': ['2'], 'StimFile': 'TMTstop-A_1_1linestimulus2.png', 'Correct_StimFile': 'TMTstop-A_1_1greenlinestimulus2.png', 'False_StimFile': 'TMTstop-A_1_1redlinestimulus2.png', 'DurationTrial': 10}
22.2649 	DATA 	Keypress: 1
22.2650 	DATA 	Keypress: 2
22.2697 	EXP 	Stim: autoDraw = False
22.2697 	EXP 	Stim: image = 'TMTstop-A_1_1greenlinestimulus2.png'
22.2697 	EXP 	Stim: image = 'TMTstop-A_1_1greenlinestimulus2.png'
22.2697 	EXP 	Stim: autoDraw = True
22.3975 	DATA 	Keypress: 1
22.3976 	DATA 	Keypress: 3
22.3977 	DATA 	Keypress: 2
22.4034 	EXP 	Stim: image = 'TMTstop-A_1_1redlinestimulus2.png'
22.4070 	EXP 	New trial (rep=0, index=5): {'NumberLetter': 6, 'corrAns': ['3'], 'StimFile': 'TMTstop-A_1_1linestimulus3.png', 'Correct_StimFile': 'TMTstop-A_1_1greenlinestimulus3.png', 'False_StimFile': 'TMTstop-A_1_1redlinestimulus3.png', 'DurationTrial': 10}
22.4864 	EXP 	Stim: autoDraw = False
22.4864 	EXP 	Stim: image = 'TMTstop-A_1_1greenlinestimulus3.png'
22.4864 	EXP 	Stim: image = 'TMTstop-A_1_1greenlinestimulus3.png'
22.4864 	EXP 	Stim: autoDraw = True
22.5484 	DATA 	Keypress: 3
22.5566 	EXP 	New trial (rep=0, index=6): {'NumberLetter': 7, 'corrAns': ['2'], 'StimFile': 'TMTstop-A_1_1linestimulus4.png', 'Correct_StimFile': 'TMTstop-A_1_1greenlinestimulus4.png', 'False_StimFile': 'TMTstop-A_1_1redlinestimulus4.png', 'DurationTrial': 10}
22.6309 	DATA 	Keypress: 1
22.6310 	DATA 	Keypress: 2
22.6364 	EXP 	Stim: autoDraw = False
22.6364 	EXP 	Stim: image = 'TMTstop-A_1_1greenlinestimulus4.png'
22.6364 	EXP 	Stim: image = 'TMTstop-A_1_1greenlinestimulus4.png'
22.6364 	EXP 	Stim: autoDraw = True
22.6814 	DATA 	Keypress: 1
22.7310 	DATA 	Keypress: 3
22.7368 	EXP 	Stim: image = 'TMTstop-A_1_1redlinestimulus4.png'
22.7811 	DATA 	Keypress: 2
22.7865 	EXP 	Stim: image = 'TMTstop-A_1_1redlinestimulus4.png'
22.7898 	EXP 	New trial (rep=0, index=7): {'NumberLetter': 8, 'corrAns': ['1'], 'StimFile': 'TMTstop-A_1_1linestimulus5.png', 'Correct_StimFile': 'TMTstop-A_1_1greenlinestimulus5.png', 'False_StimFile': 'TMTstop-A_1_1redlinestimulus5.png', 'DurationTrial': 10}
22.8644 	DATA 	Keypress: 3
22.8645 	DATA 	Keypress: 1
22.8699 	EXP 	Stim: autoDraw = False
22.8699 	EXP 	Stim: image = 'TMTstop-A_1_1greenlinestimulus5.png'
22.8699 	EXP 	Stim: image = 'TMTstop-A_1_1greenlinestimulus5.png'
22.8699 	EXP 	Stim: autoDraw = True
22.9145 	DATA 	Keypress: 2
22.9202 	EXP 	Stim: image = 'TMTstop-A_1_1redlinestimulus5.png'
22.9700 	EXP 	Stim: image = 'TMTstop-A_1_1redlinestimulus5.png'
23.0144 	DATA 	Keypress: 3
23.0145 	DATA 	Keypress: 1
23.0200 	EXP 	Stim: image = 'TMTstop-A_1_1redlinestimulus5.png'
23.0233 	EXP 	New trial (rep=0, index=8): {'NumberLetter': 9, 'corrAns': ['2'], 'StimFile': 'TMTstop-A_1_1linestimulus6.png', 'Correct_StimFile': 'TMTstop-A_1_1greenlinestimulus6.png', 'False_StimFile': 'TMTstop-A_1_1redlinestimulus6.png', 'DurationTrial': 10}
23.0979 	DATA 	Keypress: 2
23.1033 	EXP 	Stim: autoDraw = False
23.1033 	EXP 	Stim: image = 'TMTstop-A_1_1greenlinestimulus6.png'
23.1033 	EXP 	Stim: image = 'TMTstop-A_1_1greenlinestimulus6.png'
23.1033 	EXP 	Stim: autoDraw = True
23.1067 	EXP 	New trial (rep=0, index=9): {'NumberLetter': 10, 'corrAns': ['1'], 'StimFile': 'TMTstop-A_1_1linestimulus7.png', 'Correct_StimFile': 'TMTstop-A_1_1greenlinestimulus7.png', 'False_StimFile': 'TMTstop-A_1_1redlinestimulus7.png', 'DurationTrial': 10}
23.1812 	DATA 	Keypress: 3
23.1867 	EXP 	Stim: autoDraw = False
23.1867 	EXP 	Stim: image = 'TMTstop-A_1_1greenlinestimulus7.png'
23.1867 	EXP 	Stim: image = 'TMTstop-A_1_1greenlinestimulus7.png'
23.1867 	EXP 	Stim: autoDraw = True
23.2316 	DATA 	Keypress: 1
23.2371 	EXP 	Stim: image = 'TMTstop-A_1_1redlinestimulus7.png'
23.2813 	DATA 	Keypress: 2
23.2867 	EXP 	Stim: image = 'TMTstop-A_1_1redlinestimulus7.png'
23.3314 	DATA 	Keypress: 1
23.3372 	EXP 	Stim: image = 'TMTstop-A_1_1redlinestimulus7.png'
23.3404 	EXP 	New trial (rep=0, index=10): {'NumberLetter': 11, 'corrAns': ['2'], 'StimFile': 'TMTstop-A_1_1linestimulus8.png', 'Correct_StimFile': 'TMTstop-A_1_1greenlinestimulus8.png', 'False_StimFile': 'TMTstop-A_1_1redlinestimulus8.png', 'DurationTrial': 10}
23.4147 	DATA 	Keypress: 3
23.4148 	DATA 	Keypress: 2
23.4203 	EXP 	Stim: autoDraw = False
23.4203 	EXP 	Stim: image = 'TMTstop-A_1_1greenlinestimulus8.png'
23.4203 	EXP 	Stim: image = 'TMTstop-A_1_1greenlinestimulus8.png'
23.4203 	EXP 	Stim: autoDraw = True
23.4240 	EXP 	New trial (rep=0, index=11): {'NumberLetter': 12, 'corrAns': ['3'], 'StimFile': 'TMTstop-A_1_1linestimulus9.png', 'Correct_StimFile': 'TMTstop-A_1_1greenlinestimulus9.png', 'False_StimFile': 'TMTstop-A_1_1redlinestimulus9.png', 'DurationTrial': 10}
23.4980 	DATA 	Keypress: 3
23.4981 	DATA 	Keypress: 1
23.5034 	EXP 	Stim: autoDraw = False
23.5034 	EXP 	Stim: image = 'TMTstop-A_1_1greenlinestimulus9.png'
23.5034 	EXP 	Stim: image = 'TMTstop-A_1_1greenlinestimulus9.png'
23.5034 	EXP 	Stim: autoDraw = True
23.5069 	EXP 	New trial (rep=0, index=12): {'NumberLetter': 13, 'corrAns': ['2'], 'StimFile': 'TMTstop-A_1_1linestimulus10.png', 'Correct_StimFile': 'TMTstop-A_1_1greenlinestimulus10.png', 'False_StimFile': 'TMTstop-A_1_1redlinestimulus10.png', 'DurationTrial': 1}
23.5814 	DATA 	Keypress: 2
23.5814 	DATA 	Keypress: 1
23.5868 	EXP 	Stim: autoDraw = False
23.5868 	EXP 	Stim: image = 'TMTstop-A_1_1greenlinestimulus10.png'
23.5868 	EXP 	Stim: image = 'TMTstop-A_1_1greenlinestimulus10.png'
23.5868 	EXP 	Stim: autoDraw = True
23.6315 	DATA 	Keypress: 3
23.6324 	DATA 	Keypress: 2
23.6373 	EXP 	Stim: image = 'TMTstop-A_1_1redlinestimulus10.png'
23.6404 	EXP 	New trial (rep=0, index=13): {'NumberLetter': 14, 'corrAns': ['3'], 'StimFile': 'TMTstop-A_1_1linestimulus11.png', 'Correct_StimFile': 'TMTstop-A_1_1greenlinestimulus11.png', 'False_StimFile': 'TMTstop-A_1_1redlinestimulus11.png', 'DurationTrial': None}
23.7218 	EXP 	Stim: autoDraw = False
23.7218 	EXP 	Stim: image = 'TMTstop-A_1_1greenlinestimulus11.png'
23.7218 	EXP 	Stim: image = 'TMTstop-A_1_1greenlinestimulus11.png'
23.7218 	EXP 	Stim: autoDraw = True
23.7405 	EXP 	New trial (rep=0, index=14): {'NumberLetter': 15, 'corrAns': ['1'], 'StimFile': 'TMTstop-A_1_1linestimulus12.png', 'Correct_StimFile': 'TMTstop-A_1_1greenlinestimulus12.png', 'False_StimFile': 'TMTstop-A_1_1redlinestimulus12.png', 'DurationTrial': None}
23.8149 	DATA 	Keypress: 3
23.8150 	DATA 	Keypress: 1
23.8150 	DATA 	Keypress: 2
23.8204 	EXP 	Stim: autoDraw = False
23.8204 	EXP 	Stim: image = 'TMTstop-A_1_1greenlinestimulus12.png'
23.8204 	EXP 	Stim: image = 'TMTstop-A_1_1greenlinestimulus12.png'
23.8204 	EXP 	Stim: autoDraw = True
23.8821 	DATA 	Keypress: 1
23.8901 	EXP 	New trial (rep=0, index=15): {'NumberLetter': 16, 'corrAns': ['3'], 'StimFile': 'TMTstop-A_1_1linestimulus13.png', 'Correct_StimFile': 'TMTstop-A_1_1greenlinestimulus13.png', 'False_StimFile': 'TMTstop-A_1_1redlinestimulus13.png', 'DurationTrial': None}
23.9649 	DATA 	Keypress: 3
23.9649 	DATA 	Keypress: 2
23.9709 	EXP 	Stim: autoDraw = False
23.9709 	EXP 	Stim: image = 'TMTstop-A_1_1greenlinestimulus13.png'
23.9709 	EXP 	Stim: image = 'TMTstop-A_1_1greenlinestimulus13.png'
23.9709 	EXP 	Stim: autoDraw = True
24.0206 	EXP 	Stim: image = 'TMTstop-A_1_1redlinestimulus13.png'
24.0650 	DATA 	Keypress: 3
24.0706 	EXP 	Stim: image = 'TMTstop-A_1_1redlinestimulus13.png'
24.0738 	EXP 	New trial (rep=0, index=16): {'NumberLetter': 17, 'corrAns': ['2'], 'StimFile': 'TMTstop-A_1_1linestimulus14.png', 'Correct_StimFile': 'TMTstop-A_1_1greenlinestimulus14.png', 'False_StimFile': 'TMTstop-A_1_1redlinestimulus14.png', 'DurationTrial': None}
24.1483 	DATA 	Keypress: 1
24.1484 	DATA 	Keypress: 2
24.1552 	EXP 	Stim: autoDraw = False
24.1552 	EXP 	Stim: image = 'TMTstop-A_1_1greenlinestimulus14.png'
24.1552 	EXP 	Stim: image = 'TMTstop-A_1_1greenlinestimulus14.png'
24.1552 	EXP 	Stim: autoDraw = True
24.1992 	DATA 	Keypress: 1
24.2485 	DATA 	Keypress: 3
24.2542 	EXP 	Stim: image = 'TMTstop-A_1_1redlinestimulus14.png'
24.2985 	DATA 	Keypress: 2
24.3040 	EXP 	Stim: image = 'TMTstop-A_1_1redlinestimulus14.png'
24.3072 	EXP 	New trial (rep=0, index=17): {'NumberLetter': 18, 'corrAns': ['3'], 'StimFile': 'TMTstop-A_1_1linestimulus15.png', 'Correct_StimFile': 'TMTstop-A_1_1greenlinestimulus15.png', 'False_StimFile': 'TMTstop-A_1_1redlinestimulus15.png', 'DurationTrial': None}
24.3818 	DATA 	Keypress: 3
24.3819 	DATA 	Keypress: 2
24.3819 	DATA 	Keypress: 1
24.3872 	EXP 	Stim: autoDraw = False
24.3872 	EXP 	Stim: image = 'TMTstop-A_1_1greenlinestimulus15.png'
24.3872 	EXP 	Stim: image = 'TMTstop-A_1_1greenlinestimulus15.png'
24.3872 	EXP 	Stim: autoDraw = True
24.3908 	EXP 	New trial (rep=0, index=18): {'NumberLetter': 19, 'corrAns': ['1'], 'StimFile': 'TMTstop-A_1_1linestimulus16.png', 'Correct_StimFile': 'TMTstop-A_1_1greenlinestimulus16.png', 'False_StimFile': 'TMTstop-A_1_1redlinestimulus16.png', 'DurationTrial': None}
24.4706 	EXP 	Stim: autoDraw = False
24.4706 	EXP 	Stim: image = 'TMTstop-A_1_1greenlinestimulus16.png'
24.4706 	EXP 	Stim: image = 'TMTstop-A_1_1greenlinestimulus16.png'
24.4706 	EXP 	Stim: autoDraw = True
24.5243 	EXP 	New trial (rep=0, index=19): {'NumberLetter': 20, 'corrAns': ['3'], 'StimFile': 'TMTstop-A_1_1linestimulus17.png', 'Correct_StimFile': 'TMTstop-A_1_1greenlinestimulus17.png', 'False_StimFile': 'TMTstop-A_1_1redlinestimulus17.png', 'DurationTrial': None}
24.5985 	DATA 	Keypress: 1
24.5986 	DATA 	Keypress: 3
24.6040 	EXP 	Stim: autoDraw = False
24.6040 	EXP 	Stim: image = 'TMTstop-A_1_1greenlinestimulus17.png'
24.6040 	EXP 	Stim: image = 'TMTstop-A_1_1greenlinestimulus17.png'
24.6040 	EXP 	Stim: autoDraw = True
24.7159 	DATA 	Keypress: 2
24.7160 	DATA 	Keypress: 3
24.7243 	EXP 	New trial (rep=0, index=20): {'NumberLetter': 21, 'corrAns': ['1'], 'StimFile': 'TMTstop-A_1_1linestimulus18.png', 'Correct_StimFile': 'TMTstop-A_1_1greenlinestimulus18.png', 'False_StimFile': 'TMTstop-A_1_1redlinestimulus18.png', 'DurationTrial': None}
24.7987 	DATA 	Keypress: 1
24.7988 	DATA 	Keypress: 2
24.8042 	EXP 	Stim: autoDraw = False
24.8042 	EXP 	Stim: image = 'TMTstop-A_1_1greenlinestimulus18.png'
24.8042 	EXP 	Stim: image = 'TMTstop-A_1_1greenlinestimulus18.png'
24.8042 	EXP 	Stim: autoDraw = True
24.8493 	DATA 	Keypress: 1
24.8574 	EXP 	New trial (rep=0, index=21): {'NumberLetter': 22, 'corrAns': ['3'], 'StimFile': 'TMTstop-A_1_1linestimulus19.png', 'Correct_StimFile': 'TMTstop-A_1_1greenlinestimulus19.png', 'False_StimFile': 'TMTstop-A_1_1redlinestimulus19.png', 'DurationTrial': None}
24.9320 	DATA 	Keypress: 3
24.9321 	DATA 	Keypress: 2
24.9375 	EXP 	Stim: autoDraw = False
24.9375 	EXP 	Stim: image = 'TMTstop-A_1_1greenlinestimulus19.png'
24.9375 	EXP 	Stim: image = 'TMTstop-A_1_1greenlinestimulus19.png'
24.9375 	EXP 	Stim: autoDraw = True
24.9885 	EXP 	Stim: image = 'TMTstop-A_1_1redlinestimulus19.png'
25.0377 	EXP 	Stim: image = 'TMTstop-A_1_1redlinestimulus19.png'
25.0821 	DATA 	Keypress: 3
25.0876 	EXP 	Stim: image = 'TMTstop-A_1_1redlinestimulus19.png'
25.0911 	EXP 	New trial (rep=0, index=22): {'NumberLetter': 23, 'corrAns': ['1'], 'StimFile': 'TMTstop-A_1_1linestimulus20.png', 'Correct_StimFile': 'TMTstop-A_1_1greenlinestimulus20.png', 'False_StimFile': 'TMTstop-A_1_1redlinestimulus20.png', 'DurationTrial': None}
25.1654 	DATA 	Keypress: 1
25.1655 	DATA 	Keypress: 2
25.1710 	EXP 	Stim: autoDraw = False
25.1710 	EXP 	Stim: image = 'TMTstop-A_1_1greenlinestimulus20.png'
25.1710 	EXP 	Stim: image = 'TMTstop-A_1_1greenlinestimulus20.png'
25.1710 	EXP 	Stim: autoDraw = True
25.2164 	DATA 	Keypress: 3
25.2164 	DATA 	Keypress: 1
25.2243 	EXP 	New trial (rep=0, index=23): {'NumberLetter': 24, 'corrAns': ['2'], 'StimFile': 'TMTstop-A_1_1linestimulus21.png', 'Correct_StimFile': 'TMTstop-A_1_1greenlinestimulus21.png', 'False_StimFile': 'TMTstop-A_1_1redlinestimulus21.png', 'DurationTrial': None}
25.3044 	EXP 	Stim: autoDraw = False
25.3044 	EXP 	Stim: image = 'TMTstop-A_1_1greenlinestimulus21.png'
25.3044 	EXP 	Stim: image = 'TMTstop-A_1_1greenlinestimulus21.png'
25.3044 	EXP 	Stim: autoDraw = True
25.3244 	EXP 	New trial (rep=0, index=24): {'NumberLetter': 25, 'corrAns': ['3'], 'StimFile': 'TMTstop-A_1_1linestimulus22.png', 'Correct_StimFile': 'TMTstop-A_1_1greenlinestimulus22.png', 'False_StimFile': 'TMTstop-A_1_1redlinestimulus22.png', 'DurationTrial': None}
25.3989 	DATA 	Keypress: 2
25.4046 	EXP 	Stim: autoDraw = False
25.4046 	EXP 	Stim: image = 'TMTstop-A_1_1greenlinestimulus22.png'
25.4046 	EXP 	Stim: image = 'TMTstop-A_1_1greenlinestimulus22.png'
25.4046 	EXP 	Stim: autoDraw = True
25.5663 	DATA 	Keypress: 1
25.6330 	DATA 	Keypress: 2
25.7496 	DATA 	Keypress: 2
25.8052 	EXP 	Stim: image = 'TMTstop-A_1_1redlinestimulus22.png'
25.8557 	EXP 	Stim: image = 'TMTstop-A_1_1redlinestimulus22.png'
25.9047 	EXP 	Stim: image = 'TMTstop-A_1_1redlinestimulus22.png'
25.9546 	EXP 	Stim: image = 'TMTstop-A_1_1redlinestimulus22.png'
25.9992 	DATA 	Keypress: 2
26.0046 	EXP 	Stim: image = 'TMTstop-A_1_1redlinestimulus22.png'
26.0561 	EXP 	Stim: image = 'TMTstop-A_1_1redlinestimulus22.png'
26.1047 	EXP 	Stim: image = 'TMTstop-A_1_1redlinestimulus22.png'
26.1547 	EXP 	Stim: image = 'TMTstop-A_1_1redlinestimulus22.png'
26.2001 	DATA 	Keypress: 3
26.2049 	EXP 	Stim: image = 'TMTstop-A_1_1redlinestimulus22.png'
26.2082 	EXP 	New trial (rep=0, index=25): {'NumberLetter': None, 'corrAns': None, 'StimFile': 'TMTstop-A_1_1linestimulus23.png', 'Correct_StimFile': 'TMTstop-A_1_1greenlinestimulus23.png', 'False_StimFile': 'TMTstop-A_1_1redlinestimulus23.png', 'DurationTrial': None}
26.2881 	EXP 	Stim: autoDraw = False
26.2881 	EXP 	Stim: image = 'TMTstop-A_1_1greenlinestimulus23.png'
26.2881 	EXP 	Stim: image = 'TMTstop-A_1_1greenlinestimulus23.png'
26.2881 	EXP 	Stim: autoDraw = True
26.3667 	DATA 	Keypress: 3
27.3684 	EXP 	Stim: autoDraw = False
27.3684 	EXP 	polygon: autoDraw = True
30.2988 	EXP 	Imported TMTstop-A_1_2.xlsx as conditions, 26 conditions, 7 params
30.2991 	EXP 	Created sequence: sequential, trialTypes=26, nReps=1, seed=None
30.2994 	EXP 	New trial (rep=0, index=0): {'NumberLetter': 1, 'corrAns': ['3'], 'Correct': 3, 'StimFile': 'TMTstop-A_1_2.png', 'Correct_StimFile': 'TMTstop-A_1_2.png', 'False_StimFile': 'TMTstop-A_1_2.png', 'DurationTrial': 10}
30.3734 	EXP 	polygon: autoDraw = False
30.3734 	EXP 	Stim: image = 'TMTstop-A_1_2.png'
30.3734 	EXP 	Stim: image = 'TMTstop-A_1_2.png'
30.3734 	EXP 	Stim: autoDraw = True
30.8853 	DATA 	Keypress: 1
30.9412 	EXP 	Stim: image = 'TMTstop-A_1_2.png'
30.9903 	EXP 	Stim: image = 'TMTstop-A_1_2.png'
31.0348 	DATA 	Keypress: 2
31.0403 	EXP 	Stim: image = 'TMTstop-A_1_2.png'
31.0849 	DATA 	Keypress: 3
31.0905 	EXP 	Stim: image = 'TMTstop-A_1_2.png'
31.0944 	EXP 	New trial (rep=0, index=1): {'NumberLetter': 2, 'corrAns': ['2'], 'Correct': 2, 'StimFile': 'TMTstop-A_1_2.png', 'Correct_StimFile': 'TMTstop-A_1_2firstgreen.png', 'False_StimFile': 'TMTstop-A_1_2firstred.png', 'DurationTrial': 10}
31.1683 	DATA 	Keypress: 1
31.1684 	DATA 	Keypress: 2
31.1739 	EXP 	Stim: autoDraw = False
31.1739 	EXP 	Stim: image = 'TMTstop-A_1_2firstgreen.png'
31.1739 	EXP 	Stim: image = 'TMTstop-A_1_2firstgreen.png'
31.1739 	EXP 	Stim: autoDraw = True
31.2354 	DATA 	Keypress: 1
31.2849 	DATA 	Keypress: 3
31.2910 	EXP 	Stim: image = 'TMTstop-A_1_2firstred.png'
31.3349 	DATA 	Keypress: 2
31.3405 	EXP 	Stim: image = 'TMTstop-A_1_2firstred.png'
31.3439 	EXP 	New trial (rep=0, index=2): {'NumberLetter': 3, 'corrAns': ['3'], 'Correct': 3, 'StimFile': 'TMTstop-A_1_2linestimulus0.png', 'Correct_StimFile': 'TMTstop-A_1_2greenlinestimulus0.png', 'False_StimFile': 'TMTstop-A_1_2redlinestimulus0.png', 'DurationTrial': 10}
31.4184 	DATA 	Keypress: 3
31.4238 	EXP 	Stim: autoDraw = False
31.4238 	EXP 	Stim: image = 'TMTstop-A_1_2greenlinestimulus0.png'
31.4238 	EXP 	Stim: image = 'TMTstop-A_1_2greenlinestimulus0.png'
31.4238 	EXP 	Stim: autoDraw = True
31.4523 	DATA 	Keypress: 1
31.4689 	DATA 	Keypress: 2
31.5355 	DATA 	Keypress: 1
31.5910 	EXP 	Stim: image = 'TMTstop-A_1_2redlinestimulus0.png'
31.6355 	DATA 	Keypress: 3
31.6356 	DATA 	Keypress: 2
31.6428 	EXP 	Stim: image = 'TMTstop-A_1_2redlinestimulus0.png'
31.6906 	EXP 	Stim: image = 'TMTstop-A_1_2redlinestimulus0.png'
31.7351 	DATA 	Keypress: 3
31.7352 	DATA 	Keypress: 1
31.7406 	EXP 	Stim: image = 'TMTstop-A_1_2redlinestimulus0.png'
31.7436 	EXP 	New trial (rep=0, index=3): {'NumberLetter': 4, 'corrAns': ['1'], 'Correct': 1, 'StimFile': 'TMTstop-A_1_2linestimulus1.png', 'Correct_StimFile': 'TMTstop-A_1_2greenlinestimulus1.png', 'False_StimFile': 'TMTstop-A_1_2redlinestimulus1.png', 'DurationTrial': 10}
31.8186 	DATA 	Keypress: 2
31.8241 	EXP 	Stim: autoDraw = False
31.8241 	EXP 	Stim: image = 'TMTstop-A_1_2greenlinestimulus1.png'
31.8241 	EXP 	Stim: image = 'TMTstop-A_1_2greenlinestimulus1.png'
31.8241 	EXP 	Stim: autoDraw = True
31.8357 	DATA 	Keypress: 1
31.8439 	EXP 	New trial (rep=0, index=4): {'NumberLetter': 5, 'corrAns': ['2'], 'Correct': 2, 'StimFile': 'TMTstop-A_1_2linestimulus2.png', 'Correct_StimFile': 'TMTstop-A_1_2greenlinestimulus2.png', 'False_StimFile': 'TMTstop-A_1_2redlinestimulus2.png', 'DurationTrial': 10}
31.9187 	DATA 	Keypress: 3
31.9188 	DATA 	Keypress: 2
31.9240 	EXP 	Stim: autoDraw = False
31.9240 	EXP 	Stim: image = 'TMTstop-A_1_2greenlinestimulus2.png'
31.9240 	EXP 	Stim: image = 'TMTstop-A_1_2greenlinestimulus2.png'
31.9240 	EXP 	Stim: autoDraw = True
31.9273 	EXP 	New trial (rep=0, index=5): {'NumberLetter': 6, 'corrAns': ['3'], 'Correct': 3, 'StimFile': 'TMTstop-A_1_2linestimulus3.png', 'Correct_StimFile': 'TMTstop-A_1_2greenlinestimulus3.png', 'False_StimFile': 'TMTstop-A_1_2redlinestimulus3.png', 'DurationTrial': 10}
32.0019 	DATA 	Keypress: 3
32.0073 	EXP 	Stim: autoDraw = False
32.0073 	EXP 	Stim: image = 'TMTstop-A_1_2greenlinestimulus3.png'
32.0073 	EXP 	Stim: image = 'TMTstop-A_1_2greenlinestimulus3.png'
32.0073 	EXP 	Stim: autoDraw = True
32.0106 	EXP 	New trial (rep=0, index=6): {'NumberLetter': 7, 'corrAns': ['2'], 'Correct': 2, 'StimFile': 'TMTstop-A_1_2linestimulus4.png', 'Correct_StimFile': 'TMTstop-A_1_2greenlinestimulus4.png', 'False_StimFile': 'TMTstop-A_1_2redlinestimulus4.png', 'DurationTrial': 10}
32.0854 	DATA 	Keypress: 1
32.0854 	DATA 	Keypress: 2
32.0907 	EXP 	Stim: autoDraw = False
32.0907 	EXP 	Stim: image = 'TMTstop-A_1_2greenlinestimulus4.png'
32.0907 	EXP 	Stim: image = 'TMTstop-A_1_2greenlinestimulus4.png'
32.0907 	EXP 	Stim: autoDraw = True
32.1029 	DATA 	Keypress: 1
32.1520 	DATA 	Keypress: 3
32.1582 	EXP 	Stim: image = 'TMTstop-A_1_2redlinestimulus4.png'
32.2023 	DATA 	Keypress: 2
32.2086 	EXP 	Stim: image = 'TMTstop-A_1_2redlinestimulus4.png'
32.2505 	EXP 	New trial (rep=0, index=7): {'NumberLetter': 8, 'corrAns': ['1'], 'Correct': 1, 'StimFile': 'TMTstop-A_1_2linestimulus5.png', 'Correct_StimFile': 'TMTstop-A_1_2greenlinestimulus5.png', 'False_StimFile': 'TMTstop-A_1_2redlinestimulus5.png', 'DurationTrial': 10}
32.3188 	DATA 	Keypress: 3
32.3189 	DATA 	Keypress: 1
32.3242 	EXP 	Stim: autoDraw = False
32.3242 	EXP 	Stim: image = 'TMTstop-A_1_2greenlinestimulus5.png'
32.3242 	EXP 	Stim: image = 'TMTstop-A_1_2greenlinestimulus5.png'
32.3242 	EXP 	Stim: autoDraw = True
32.3688 	DATA 	Keypress: 2
32.3745 	EXP 	Stim: image = 'TMTstop-A_1_2redlinestimulus5.png'
32.4188 	DATA 	Keypress: 1
32.4243 	EXP 	Stim: image = 'TMTstop-A_1_2redlinestimulus5.png'
32.4274 	EXP 	New trial (rep=0, index=8): {'NumberLetter': 9, 'corrAns': ['2'], 'Correct': 2, 'StimFile': 'TMTstop-A_1_2linestimulus6.png', 'Correct_StimFile': 'TMTstop-A_1_2greenlinestimulus6.png', 'False_StimFile': 'TMTstop-A_1_2redlinestimulus6.png', 'DurationTrial': 10}
32.4856 	DATA 	Keypress: 3
32.4856 	DATA 	Keypress: 2
32.4917 	EXP 	Stim: autoDraw = False
32.4917 	EXP 	Stim: image = 'TMTstop-A_1_2greenlinestimulus6.png'
32.4917 	EXP 	Stim: image = 'TMTstop-A_1_2greenlinestimulus6.png'
32.4917 	EXP 	Stim: autoDraw = True
32.4953 	EXP 	New trial (rep=0, index=9): {'NumberLetter': 10, 'corrAns': ['3'], 'Correct': 3, 'StimFile': 'TMTstop-A_1_2linestimulus7.png', 'Correct_StimFile': 'TMTstop-A_1_2greenlinestimulus7.png', 'False_StimFile': 'TMTstop-A_1_2redlinestimulus7.png', 'DurationTrial': 10}
32.5689 	DATA 	Keypress: 3
32.5758 	EXP 	Stim: autoDraw = False
32.5758 	EXP 	Stim: image = 'TMTstop-A_1_2greenlinestimulus7.png'
32.5758 	EXP 	Stim: image = 'TMTstop-A_1_2greenlinestimulus7.png'
32.5758 	EXP 	Stim: autoDraw = True
32.5791 	EXP 	New trial (rep=0, index=10): {'NumberLetter': 11, 'corrAns': ['1'], 'Correct': 1, 'StimFile': 'TMTstop-A_1_2linestimulus8.png', 'Correct_StimFile': 'TMTstop-A_1_2greenlinestimulus8.png', 'False_StimFile': 'TMTstop-A_1_2redlinestimulus8.png', 'DurationTrial': 10}
32.6522 	DATA 	Keypress: 1
32.6523 	DATA 	Keypress: 2
32.6579 	EXP 	Stim: autoDraw = False
32.6579 	EXP 	Stim: image = 'TMTstop-A_1_2greenlinestimulus8.png'
32.6579 	EXP 	Stim: image = 'TMTstop-A_1_2greenlinestimulus8.png'
32.6579 	EXP 	Stim: autoDraw = True
32.6864 	DATA 	Keypress: 1
32.6946 	EXP 	New trial (rep=0, index=11): {'NumberLetter': 12, 'corrAns': ['2'], 'Correct': 2, 'StimFile': 'TMTstop-A_1_2linestimulus9.png', 'Correct_StimFile': 'TMTstop-A_1_2greenlinestimulus9.png', 'False_StimFile': 'TMTstop-A_1_2redlinestimulus9.png', 'DurationTrial': 10}
32.7690 	DATA 	Keypress: 3
32.7690 	DATA 	Keypress: 2
32.7747 	EXP 	Stim: autoDraw = False
32.7747 	EXP 	Stim: image = 'TMTstop-A_1_2greenlinestimulus9.png'
32.7747 	EXP 	Stim: image = 'TMTstop-A_1_2greenlinestimulus9.png'
32.7747 	EXP 	Stim: autoDraw = True
32.7778 	EXP 	New trial (rep=0, index=12): {'NumberLetter': 13, 'corrAns': ['3'], 'Correct': 3, 'StimFile': 'TMTstop-A_1_2linestimulus10.png', 'Correct_StimFile': 'TMTstop-A_1_2greenlinestimulus10.png', 'False_StimFile': 'TMTstop-A_1_2redlinestimulus10.png', 'DurationTrial': 1}
32.8580 	EXP 	Stim: autoDraw = False
32.8580 	EXP 	Stim: image = 'TMTstop-A_1_2greenlinestimulus10.png'
32.8580 	EXP 	Stim: image = 'TMTstop-A_1_2greenlinestimulus10.png'
32.8580 	EXP 	Stim: autoDraw = True
32.8616 	EXP 	New trial (rep=0, index=13): {'NumberLetter': 14, 'corrAns': ['1'], 'Correct': 1, 'StimFile': 'TMTstop-A_1_2linestimulus11.png', 'Correct_StimFile': 'TMTstop-A_1_2greenlinestimulus11.png', 'False_StimFile': 'TMTstop-A_1_2redlinestimulus11.png', 'DurationTrial': None}
32.9357 	DATA 	Keypress: 3
32.9359 	DATA 	Keypress: 1
32.9360 	DATA 	Keypress: 2
32.9412 	EXP 	Stim: autoDraw = False
32.9412 	EXP 	Stim: image = 'TMTstop-A_1_2greenlinestimulus11.png'
32.9412 	EXP 	Stim: image = 'TMTstop-A_1_2greenlinestimulus11.png'
32.9412 	EXP 	Stim: autoDraw = True
32.9780 	EXP 	New trial (rep=0, index=14): {'NumberLetter': 15, 'corrAns': ['3'], 'Correct': 3, 'StimFile': 'TMTstop-A_1_2linestimulus12.png', 'Correct_StimFile': 'TMTstop-A_1_2greenlinestimulus12.png', 'False_StimFile': 'TMTstop-A_1_2redlinestimulus12.png', 'DurationTrial': None}
33.0524 	DATA 	Keypress: 1
33.0525 	DATA 	Keypress: 3
33.0526 	DATA 	Keypress: 2
33.0580 	EXP 	Stim: autoDraw = False
33.0580 	EXP 	Stim: image = 'TMTstop-A_1_2greenlinestimulus12.png'
33.0580 	EXP 	Stim: image = 'TMTstop-A_1_2greenlinestimulus12.png'
33.0580 	EXP 	Stim: autoDraw = True
33.1081 	EXP 	Stim: image = 'TMTstop-A_1_2redlinestimulus12.png'
33.1525 	DATA 	Keypress: 3
33.1580 	EXP 	Stim: image = 'TMTstop-A_1_2redlinestimulus12.png'
33.1616 	EXP 	New trial (rep=0, index=15): {'NumberLetter': 16, 'corrAns': ['1'], 'Correct': 1, 'StimFile': 'TMTstop-A_1_2linestimulus13.png', 'Correct_StimFile': 'TMTstop-A_1_2greenlinestimulus13.png', 'False_StimFile': 'TMTstop-A_1_2redlinestimulus13.png', 'DurationTrial': None}
33.2360 	DATA 	Keypress: 1
33.2416 	EXP 	Stim: autoDraw = False
33.2416 	EXP 	Stim: image = 'TMTstop-A_1_2greenlinestimulus13.png'
33.2416 	EXP 	Stim: image = 'TMTstop-A_1_2greenlinestimulus13.png'
33.2416 	EXP 	Stim: autoDraw = True
33.2533 	DATA 	Keypress: 2
33.2783 	EXP 	New trial (rep=0, index=16): {'NumberLetter': 17, 'corrAns': ['2'], 'Correct': 2, 'StimFile': 'TMTstop-A_1_2linestimulus14.png', 'Correct_StimFile': 'TMTstop-A_1_2greenlinestimulus14.png', 'False_StimFile': 'TMTstop-A_1_2redlinestimulus14.png', 'DurationTrial': None}
33.3526 	DATA 	Keypress: 1
33.3528 	DATA 	Keypress: 3
33.3528 	DATA 	Keypress: 2
33.3582 	EXP 	Stim: autoDraw = False
33.3582 	EXP 	Stim: image = 'TMTstop-A_1_2greenlinestimulus14.png'
33.3582 	EXP 	Stim: image = 'TMTstop-A_1_2greenlinestimulus14.png'
33.3582 	EXP 	Stim: autoDraw = True
33.3615 	EXP 	New trial (rep=0, index=17): {'NumberLetter': 18, 'corrAns': ['1'], 'Correct': 1, 'StimFile': 'TMTstop-A_1_2linestimulus15.png', 'Correct_StimFile': 'TMTstop-A_1_2greenlinestimulus15.png', 'False_StimFile': 'TMTstop-A_1_2redlinestimulus15.png', 'DurationTrial': None}
33.4415 	EXP 	Stim: autoDraw = False
33.4415 	EXP 	Stim: image = 'TMTstop-A_1_2greenlinestimulus15.png'
33.4415 	EXP 	Stim: image = 'TMTstop-A_1_2greenlinestimulus15.png'
33.4415 	EXP 	Stim: autoDraw = True
33.5361 	DATA 	Keypress: 3
33.5362 	DATA 	Keypress: 1
33.5419 	EXP 	Stim: image = 'TMTstop-A_1_2redlinestimulus15.png'
33.5861 	DATA 	Keypress: 2
33.5916 	EXP 	Stim: image = 'TMTstop-A_1_2redlinestimulus15.png'
33.6360 	DATA 	Keypress: 1
33.6416 	EXP 	Stim: image = 'TMTstop-A_1_2redlinestimulus15.png'
33.6452 	EXP 	New trial (rep=0, index=18): {'NumberLetter': 19, 'corrAns': ['3'], 'Correct': 3, 'StimFile': 'TMTstop-A_1_2linestimulus16.png', 'Correct_StimFile': 'TMTstop-A_1_2greenlinestimulus16.png', 'False_StimFile': 'TMTstop-A_1_2redlinestimulus16.png', 'DurationTrial': None}
33.7197 	DATA 	Keypress: 3
33.7199 	DATA 	Keypress: 2
33.7251 	EXP 	Stim: autoDraw = False
33.7251 	EXP 	Stim: image = 'TMTstop-A_1_2greenlinestimulus16.png'
33.7251 	EXP 	Stim: image = 'TMTstop-A_1_2greenlinestimulus16.png'
33.7251 	EXP 	Stim: autoDraw = True
33.7753 	EXP 	Stim: image = 'TMTstop-A_1_2redlinestimulus16.png'
33.8194 	DATA 	Keypress: 3
33.8251 	EXP 	Stim: image = 'TMTstop-A_1_2redlinestimulus16.png'
33.8285 	EXP 	New trial (rep=0, index=19): {'NumberLetter': 20, 'corrAns': ['1'], 'Correct': 1, 'StimFile': 'TMTstop-A_1_2linestimulus17.png', 'Correct_StimFile': 'TMTstop-A_1_2greenlinestimulus17.png', 'False_StimFile': 'TMTstop-A_1_2redlinestimulus17.png', 'DurationTrial': None}
33.9028 	DATA 	Keypress: 1
33.9029 	DATA 	Keypress: 2
33.9084 	EXP 	Stim: autoDraw = False
33.9084 	EXP 	Stim: image = 'TMTstop-A_1_2greenlinestimulus17.png'
33.9084 	EXP 	Stim: image = 'TMTstop-A_1_2greenlinestimulus17.png'
33.9084 	EXP 	Stim: autoDraw = True
33.9119 	EXP 	New trial (rep=0, index=20): {'NumberLetter': 21, 'corrAns': ['2'], 'Correct': 2, 'StimFile': 'TMTstop-A_1_2linestimulus18.png', 'Correct_StimFile': 'TMTstop-A_1_2greenlinestimulus18.png', 'False_StimFile': 'TMTstop-A_1_2redlinestimulus18.png', 'DurationTrial': None}
33.9862 	DATA 	Keypress: 1
33.9863 	DATA 	Keypress: 3
33.9918 	EXP 	Stim: autoDraw = False
33.9918 	EXP 	Stim: image = 'TMTstop-A_1_2greenlinestimulus18.png'
33.9918 	EXP 	Stim: image = 'TMTstop-A_1_2greenlinestimulus18.png'
33.9918 	EXP 	Stim: autoDraw = True
34.0035 	DATA 	Keypress: 2
34.0130 	EXP 	New trial (rep=0, index=21): {'NumberLetter': 22, 'corrAns': ['1'], 'Correct': 1, 'StimFile': 'TMTstop-A_1_2linestimulus19.png', 'Correct_StimFile': 'TMTstop-A_1_2greenlinestimulus19.png', 'False_StimFile': 'TMTstop-A_1_2redlinestimulus19.png', 'DurationTrial': None}
34.0918 	EXP 	Stim: autoDraw = False
34.0918 	EXP 	Stim: image = 'TMTstop-A_1_2greenlinestimulus19.png'
34.0918 	EXP 	Stim: image = 'TMTstop-A_1_2greenlinestimulus19.png'
34.0918 	EXP 	Stim: autoDraw = True
34.1368 	DATA 	Keypress: 3
34.1864 	DATA 	Keypress: 1
34.1945 	EXP 	Stim: image = 'TMTstop-A_1_2redlinestimulus19.png'
34.2365 	DATA 	Keypress: 2
34.2425 	EXP 	Stim: image = 'TMTstop-A_1_2redlinestimulus19.png'
34.2865 	DATA 	Keypress: 1
34.2926 	EXP 	Stim: image = 'TMTstop-A_1_2redlinestimulus19.png'
34.2963 	EXP 	New trial (rep=0, index=22): {'NumberLetter': 23, 'corrAns': ['2'], 'Correct': 2, 'StimFile': 'TMTstop-A_1_2linestimulus20.png', 'Correct_StimFile': 'TMTstop-A_1_2greenlinestimulus20.png', 'False_StimFile': 'TMTstop-A_1_2redlinestimulus20.png', 'DurationTrial': None}
34.3698 	DATA 	Keypress: 3
34.3699 	DATA 	Keypress: 2
34.3752 	EXP 	Stim: autoDraw = False
34.3752 	EXP 	Stim: image = 'TMTstop-A_1_2greenlinestimulus20.png'
34.3752 	EXP 	Stim: image = 'TMTstop-A_1_2greenlinestimulus20.png'
34.3752 	EXP 	Stim: autoDraw = True
34.3784 	EXP 	New trial (rep=0, index=23): {'NumberLetter': 24, 'corrAns': ['1'], 'Correct': 1, 'StimFile': 'TMTstop-A_1_2linestimulus21.png', 'Correct_StimFile': 'TMTstop-A_1_2greenlinestimulus21.png', 'False_StimFile': 'TMTstop-A_1_2redlinestimulus21.png', 'DurationTrial': None}
34.4531 	DATA 	Keypress: 3
34.4586 	EXP 	Stim: autoDraw = False
34.4586 	EXP 	Stim: image = 'TMTstop-A_1_2greenlinestimulus21.png'
34.4586 	EXP 	Stim: image = 'TMTstop-A_1_2greenlinestimulus21.png'
34.4586 	EXP 	Stim: autoDraw = True
34.5031 	DATA 	Keypress: 1
34.5090 	EXP 	Stim: image = 'TMTstop-A_1_2redlinestimulus21.png'
34.5532 	DATA 	Keypress: 2
34.5533 	DATA 	Keypress: 1
34.5588 	EXP 	Stim: image = 'TMTstop-A_1_2redlinestimulus21.png'
34.5624 	EXP 	New trial (rep=0, index=24): {'NumberLetter': 25, 'corrAns': ['2'], 'Correct': 2, 'StimFile': 'TMTstop-A_1_2linestimulus22.png', 'Correct_StimFile': 'TMTstop-A_1_2greenlinestimulus22.png', 'False_StimFile': 'TMTstop-A_1_2redlinestimulus22.png', 'DurationTrial': None}
34.6365 	DATA 	Keypress: 2
34.6366 	DATA 	Keypress: 3
34.6422 	EXP 	Stim: autoDraw = False
34.6422 	EXP 	Stim: image = 'TMTstop-A_1_2greenlinestimulus22.png'
34.6422 	EXP 	Stim: image = 'TMTstop-A_1_2greenlinestimulus22.png'
34.6422 	EXP 	Stim: autoDraw = True
34.6454 	EXP 	New trial (rep=0, index=25): {'NumberLetter': None, 'corrAns': None, 'Correct': None, 'StimFile': 'TMTstop-A_1_2linestimulus23.png', 'Correct_StimFile': 'TMTstop-A_1_2greenlinestimulus23.png', 'False_StimFile': 'TMTstop-A_1_2redlinestimulus23.png', 'DurationTrial': None}
34.7255 	EXP 	Stim: autoDraw = False
34.7255 	EXP 	Stim: image = 'TMTstop-A_1_2greenlinestimulus23.png'
34.7255 	EXP 	Stim: image = 'TMTstop-A_1_2greenlinestimulus23.png'
34.7255 	EXP 	Stim: autoDraw = True
34.7703 	DATA 	Keypress: 3
34.8199 	DATA 	Keypress: 1
34.8257 	EXP 	Stim: image = 'TMTstop-A_1_2redlinestimulus23.png'
34.8705 	DATA 	Keypress: 2
34.8759 	EXP 	Stim: image = 'TMTstop-A_1_2redlinestimulus23.png'
34.9199 	DATA 	Keypress: 1
34.9255 	EXP 	Stim: image = 'TMTstop-A_1_2redlinestimulus23.png'
34.9700 	DATA 	Keypress: 2
34.9701 	DATA 	Keypress: 3
34.9755 	EXP 	Stim: image = 'TMTstop-A_1_2redlinestimulus23.png'
35.0257 	EXP 	Stim: image = 'TMTstop-A_1_2redlinestimulus23.png'
35.0760 	EXP 	Stim: image = 'TMTstop-A_1_2redlinestimulus23.png'
35.1201 	DATA 	Keypress: 2
35.1201 	DATA 	Keypress: 1
35.1255 	EXP 	Stim: image = 'TMTstop-A_1_2redlinestimulus23.png'
35.1756 	EXP 	Stim: image = 'TMTstop-A_1_2redlinestimulus23.png'
35.2256 	EXP 	Stim: image = 'TMTstop-A_1_2redlinestimulus23.png'
35.2757 	EXP 	Stim: image = 'TMTstop-A_1_2redlinestimulus23.png'
35.3264 	EXP 	Stim: image = 'TMTstop-A_1_2redlinestimulus23.png'
35.3757 	EXP 	Stim: image = 'TMTstop-A_1_2redlinestimulus23.png'
35.4256 	EXP 	Stim: image = 'TMTstop-A_1_2redlinestimulus23.png'
35.4758 	EXP 	Stim: image = 'TMTstop-A_1_2redlinestimulus23.png'
35.5257 	EXP 	Stim: image = 'TMTstop-A_1_2redlinestimulus23.png'
35.5758 	EXP 	Stim: image = 'TMTstop-A_1_2redlinestimulus23.png'
35.6258 	EXP 	Stim: image = 'TMTstop-A_1_2redlinestimulus23.png'
35.6758 	EXP 	Stim: image = 'TMTstop-A_1_2redlinestimulus23.png'
35.7259 	EXP 	Stim: image = 'TMTstop-A_1_2redlinestimulus23.png'
35.8411 	EXP 	Stim: image = 'TMTstop-A_1_2redlinestimulus23.png'
35.8411 	EXP 	Stim: autoDraw = False
35.8411 	EXP 	polygon: autoDraw = True
38.7686 	EXP 	Imported TMTstop-A_1_3.xlsx as conditions, 26 conditions, 7 params
38.7689 	EXP 	Created sequence: sequential, trialTypes=26, nReps=1, seed=None
38.7691 	EXP 	New trial (rep=0, index=0): {'NumberLetter': 1, 'corrAns': ['2'], 'Correct': 2, 'StimFile': 'TMTstop-A_1_3.png', 'Correct_StimFile': 'TMTstop-A_1_3.png', 'False_StimFile': 'TMTstop-A_1_3.png', 'DurationTrial': 10}
38.8108 	EXP 	polygon: autoDraw = False
38.8108 	EXP 	Stim: image = 'TMTstop-A_1_3.png'
38.8108 	EXP 	Stim: autoDraw = True
40.3319 	EXP 	New trial (rep=0, index=1): {'NumberLetter': 2, 'corrAns': ['1'], 'Correct': 1, 'StimFile': 'TMTstop-A_1_3.png', 'Correct_StimFile': 'TMTstop-A_1_3firstgreen.png', 'False_StimFile': 'TMTstop-A_1_3firstred.png', 'DurationTrial': 10}
40.4058 	DATA 	Keypress: 2
40.4114 	EXP 	Stim: autoDraw = False
40.4114 	EXP 	Stim: image = 'TMTstop-A_1_3firstgreen.png'
40.4114 	EXP 	Stim: image = 'TMTstop-A_1_3firstgreen.png'
40.4114 	EXP 	Stim: autoDraw = True
40.5064 	DATA 	Keypress: 2
41.2900 	DATA 	Keypress: esc
41.5421 	EXP 	window1: mouseVisible = True
