1.6136 	WARNING 	We strongly recommend you activate the PTB sound engine in PsychoPy prefs as the preferred audio engine. Its timing is vastly superior. Your prefs are currently set to use ['pyo'] (in that order).
5.3560 	EXP 	Created window1 = Window(allowGUI=True, allowStencil=False, autoLog=True, backendConf=UNKNOWN, bitsMode=UNKNOWN, blendMode='avg', bpc=(8, 8, 8), color=array([0, 0, 0]), colorSpace='rgb', depthBits=8, fullscr=<method-wrapper '__getattribute__' of attributeSetter object at 0x000002B871D81860>, gamma=None, gammaErrorPolicy='raise', lms=UNKNOWN, monitor=<psychopy.monitors.calibTools.Monitor object at 0x000002B871D25B38>, multiSample=False, name='window1', numSamples=2, pos=[760.0, 180.0], screen=0, size=array([1920, 1080]), stencilBits=0, stereo=False, units='height', useFBO=True, useRetina=False, viewOri=0.0, viewPos=None, viewScale=None, waitBlanking=True, winType='glfw')
5.3560 	EXP 	window1: mouseVisible = True
5.3561 	EXP 	window1: recordFrameIntervals = False
5.5225 	EXP 	window1: recordFrameIntervals = True
5.7118 	WARNING 	t of last frame was 22.83ms (=1/43)
5.8892 	EXP 	window1: recordFrameIntervals = False
6.2432 	EXP 	Created Instruct = ImageStim(__class__=<class 'psychopy.visual.image.ImageStim'>, autoLog=True, color=array([1., 1., 1.]), colorSpace='rgb', contrast=1.0, depth=0.0, flipHoriz=False, flipVert=False, image=str(...), interpolate=True, mask=None, maskParams=None, name='Instruct', opacity=1, ori=0.0, pos=array([0., 0.]), size=array([1.28, 0.72]), texRes=128.0, units='height', win=Window(...))
6.3284 	EXP 	Created image_2 = ImageStim(__class__=<class 'psychopy.visual.image.ImageStim'>, autoLog=True, color=array([1., 1., 1.]), colorSpace='rgb', contrast=1.0, depth=0.0, flipHoriz=False, flipVert=False, image=str(...), interpolate=True, mask=None, maskParams=None, name='image_2', opacity=1, ori=0.0, pos=array([0., 0.]), size=array([1.28, 0.72]), texRes=128.0, units='height', win=Window(...))
6.3311 	EXP 	Created polygon = ShapeStim(__class__=<class 'psychopy.visual.shape.ShapeStim'>, autoDraw=False, autoLog=True, closeShape=True, color=method-wrapper(...), colorSpace='rgb', contrast=None, depth=0.0, fillColor=array([1, 1, 1]), fillColorSpace='rgb', fillRGB=array([1, 1, 1]), interpolate=True, lineColor=array([1., 1., 1.]), lineColorSpace='rgb', lineRGB=array([1, 1, 1]), lineWidth=1.0, name='polygon', opacity=1, ori=0.0, pos=array([0., 0.]), size=array([0.5, 0.5]), units='height', vertices=ndarray(...), win=Window(...), windingRule=None)
6.3373 	EXP 	Created Stim_practice = ImageStim(__class__=<class 'psychopy.visual.image.ImageStim'>, autoLog=True, color=array([1., 1., 1.]), colorSpace='rgb', contrast=1.0, depth=0.0, flipHoriz=False, flipVert=False, image='sin', interpolate=True, mask=None, maskParams=None, name='Stim_practice', opacity=1, ori=0.0, pos=array([0., 0.]), size=array([1.777, 1.   ]), texRes=128.0, units='height', win=Window(...))
6.3942 	EXP 	Created text_5 = TextStim(__class__=<class 'psychopy.visual.text.TextStim'>, alignHoriz=method-wrapper(...), alignText='center', alignVert=method-wrapper(...), anchorHoriz='center', anchorVert='center', antialias=True, autoLog=True, bold=False, color=array([1., 1., 1.]), colorSpace='rgb', contrast=1.0, depth=0.0, flipHoriz=False, flipVert=False, font='Open Sans', fontFiles=[], height=0.03, italic=False, languageStyle='LTR', name='text_5', opacity=1, ori=0.0, pos=array([0., 0.]), rgb=UNKNOWN, text='', units='height', win=Window(...), wrapWidth=1)
6.3963 	EXP 	Created polygon = ShapeStim(__class__=<class 'psychopy.visual.shape.ShapeStim'>, autoDraw=False, autoLog=True, closeShape=True, color=method-wrapper(...), colorSpace='rgb', contrast=None, depth=0.0, fillColor=array([1, 1, 1]), fillColorSpace='rgb', fillRGB=array([1, 1, 1]), interpolate=True, lineColor=array([1., 1., 1.]), lineColorSpace='rgb', lineRGB=array([1, 1, 1]), lineWidth=1.0, name='polygon', opacity=1, ori=0.0, pos=array([0., 0.]), size=array([0.5, 0.5]), units='height', vertices=ndarray(...), win=Window(...), windingRule=None)
6.4027 	EXP 	Created Stim = ImageStim(__class__=<class 'psychopy.visual.image.ImageStim'>, autoLog=True, color=array([1., 1., 1.]), colorSpace='rgb', contrast=1.0, depth=0.0, flipHoriz=False, flipVert=False, image='sin', interpolate=True, mask=None, maskParams=None, name='Stim', opacity=1, ori=0.0, pos=array([0., 0.]), size=array([1.777, 1.   ]), texRes=128.0, units='height', win=Window(...))
6.4047 	EXP 	Created polygon = ShapeStim(__class__=<class 'psychopy.visual.shape.ShapeStim'>, autoDraw=False, autoLog=True, closeShape=True, color=method-wrapper(...), colorSpace='rgb', contrast=None, depth=0.0, fillColor=array([1, 1, 1]), fillColorSpace='rgb', fillRGB=array([1, 1, 1]), interpolate=True, lineColor=array([1., 1., 1.]), lineColorSpace='rgb', lineRGB=array([1, 1, 1]), lineWidth=1.0, name='polygon', opacity=1, ori=0.0, pos=array([0., 0.]), size=array([0.5, 0.5]), units='height', vertices=ndarray(...), win=Window(...), windingRule=None)
6.4096 	EXP 	Created Stim = ImageStim(__class__=<class 'psychopy.visual.image.ImageStim'>, autoLog=True, color=array([1., 1., 1.]), colorSpace='rgb', contrast=1.0, depth=0.0, flipHoriz=False, flipVert=False, image='sin', interpolate=True, mask=None, maskParams=None, name='Stim', opacity=1, ori=0.0, pos=array([0., 0.]), size=array([1.777, 1.   ]), texRes=128.0, units='height', win=Window(...))
6.4116 	EXP 	Created polygon = ShapeStim(__class__=<class 'psychopy.visual.shape.ShapeStim'>, autoDraw=False, autoLog=True, closeShape=True, color=method-wrapper(...), colorSpace='rgb', contrast=None, depth=0.0, fillColor=array([1, 1, 1]), fillColorSpace='rgb', fillRGB=array([1, 1, 1]), interpolate=True, lineColor=array([1., 1., 1.]), lineColorSpace='rgb', lineRGB=array([1, 1, 1]), lineWidth=1.0, name='polygon', opacity=1, ori=0.0, pos=array([0., 0.]), size=array([0.5, 0.5]), units='height', vertices=ndarray(...), win=Window(...), windingRule=None)
6.4173 	EXP 	Created Stim = ImageStim(__class__=<class 'psychopy.visual.image.ImageStim'>, autoLog=True, color=array([1., 1., 1.]), colorSpace='rgb', contrast=1.0, depth=0.0, flipHoriz=False, flipVert=False, image='sin', interpolate=True, mask=None, maskParams=None, name='Stim', opacity=1, ori=0.0, pos=array([0., 0.]), size=array([1.777, 1.   ]), texRes=128.0, units='height', win=Window(...))
6.4193 	EXP 	Created polygon = ShapeStim(__class__=<class 'psychopy.visual.shape.ShapeStim'>, autoDraw=False, autoLog=True, closeShape=True, color=method-wrapper(...), colorSpace='rgb', contrast=None, depth=0.0, fillColor=array([1, 1, 1]), fillColorSpace='rgb', fillRGB=array([1, 1, 1]), interpolate=True, lineColor=array([1., 1., 1.]), lineColorSpace='rgb', lineRGB=array([1, 1, 1]), lineWidth=1.0, name='polygon', opacity=1, ori=0.0, pos=array([0., 0.]), size=array([0.5, 0.5]), units='height', vertices=ndarray(...), win=Window(...), windingRule=None)
6.4241 	EXP 	Created Stim = ImageStim(__class__=<class 'psychopy.visual.image.ImageStim'>, autoLog=True, color=array([1., 1., 1.]), colorSpace='rgb', contrast=1.0, depth=0.0, flipHoriz=False, flipVert=False, image='sin', interpolate=True, mask=None, maskParams=None, name='Stim', opacity=1, ori=0.0, pos=array([0., 0.]), size=array([1.777, 1.   ]), texRes=128.0, units='height', win=Window(...))
6.4262 	EXP 	Created polygon = ShapeStim(__class__=<class 'psychopy.visual.shape.ShapeStim'>, autoDraw=False, autoLog=True, closeShape=True, color=method-wrapper(...), colorSpace='rgb', contrast=None, depth=0.0, fillColor=array([1, 1, 1]), fillColorSpace='rgb', fillRGB=array([1, 1, 1]), interpolate=True, lineColor=array([1., 1., 1.]), lineColorSpace='rgb', lineRGB=array([1, 1, 1]), lineWidth=1.0, name='polygon', opacity=1, ori=0.0, pos=array([0., 0.]), size=array([0.5, 0.5]), units='height', vertices=ndarray(...), win=Window(...), windingRule=None)
6.4311 	EXP 	Created Stim = ImageStim(__class__=<class 'psychopy.visual.image.ImageStim'>, autoLog=True, color=array([1., 1., 1.]), colorSpace='rgb', contrast=1.0, depth=0.0, flipHoriz=False, flipVert=False, image='sin', interpolate=True, mask=None, maskParams=None, name='Stim', opacity=1, ori=0.0, pos=array([0., 0.]), size=array([1.777, 1.   ]), texRes=128.0, units='height', win=Window(...))
6.4331 	EXP 	Created polygon = ShapeStim(__class__=<class 'psychopy.visual.shape.ShapeStim'>, autoDraw=False, autoLog=True, closeShape=True, color=method-wrapper(...), colorSpace='rgb', contrast=None, depth=0.0, fillColor=array([1, 1, 1]), fillColorSpace='rgb', fillRGB=array([1, 1, 1]), interpolate=True, lineColor=array([1., 1., 1.]), lineColorSpace='rgb', lineRGB=array([1, 1, 1]), lineWidth=1.0, name='polygon', opacity=1, ori=0.0, pos=array([0., 0.]), size=array([0.5, 0.5]), units='height', vertices=ndarray(...), win=Window(...), windingRule=None)
6.4381 	EXP 	Created Stim = ImageStim(__class__=<class 'psychopy.visual.image.ImageStim'>, autoLog=True, color=array([1., 1., 1.]), colorSpace='rgb', contrast=1.0, depth=0.0, flipHoriz=False, flipVert=False, image='sin', interpolate=True, mask=None, maskParams=None, name='Stim', opacity=1, ori=0.0, pos=array([0., 0.]), size=array([1.777, 1.   ]), texRes=128.0, units='height', win=Window(...))
6.4954 	EXP 	Created text = TextStim(__class__=<class 'psychopy.visual.text.TextStim'>, alignHoriz=method-wrapper(...), alignText='center', alignVert=method-wrapper(...), anchorHoriz='center', anchorVert='center', antialias=True, autoLog=True, bold=False, color=array([1., 1., 1.]), colorSpace='rgb', contrast=1.0, depth=0.0, flipHoriz=False, flipVert=False, font='Open Sans', fontFiles=[], height=0.04, italic=False, languageStyle='LTR', name='text', opacity=1, ori=0.0, pos=array([0., 0.]), rgb=UNKNOWN, text=str(...), units='height', win=Window(...), wrapWidth=1)
6.5949 	EXP 	Instruct: autoDraw = True
7.7870 	DATA 	Keypress: 2
7.8072 	EXP 	Instruct: autoDraw = False
7.8072 	EXP 	image_2: autoDraw = True
7.9534 	DATA 	Keypress: 2
8.3701 	DATA 	Keypress: 3
8.3898 	EXP 	image_2: autoDraw = False
8.3898 	EXP 	polygon: autoDraw = True
8.5539 	DATA 	Keypress: 3
11.3761 	EXP 	Created sequence: sequential, trialTypes=1, nReps=100, seed=None
11.3765 	EXP 	New trial (rep=0, index=0): None
11.3837 	EXP 	Imported TMTstop-A_1_practice.xlsx as conditions, 13 conditions, 6 params
11.3840 	EXP 	Created sequence: sequential, trialTypes=13, nReps=1, seed=None
11.3842 	EXP 	New trial (rep=0, index=0): {'NumberLetter': 1, 'corrAns': ['1'], 'StimFile': 'TMTstop-A_1_practice.png', 'Correct_StimFile': 'TMTstop-A_1_practice.png', 'False_StimFile': 'TMTstop-A_1_practice.png', 'DurationTrial': 10}
11.4927 	EXP 	polygon: autoDraw = False
11.4927 	EXP 	polygon: autoDraw = False
11.4927 	EXP 	Stim_practice: image = 'TMTstop-A_1_practice.png'
11.4927 	EXP 	Stim_practice: autoDraw = True
12.2714 	DATA 	Keypress: 2
12.2771 	EXP 	Stim_practice: image = 'TMTstop-A_1_practice.png'
12.3272 	EXP 	Stim_practice: image = 'TMTstop-A_1_practice.png'
12.3771 	EXP 	Stim_practice: image = 'TMTstop-A_1_practice.png'
12.4270 	EXP 	Stim_practice: image = 'TMTstop-A_1_practice.png'
12.4772 	EXP 	Stim_practice: image = 'TMTstop-A_1_practice.png'
12.5216 	DATA 	Keypress: 2
12.5217 	DATA 	Keypress: 3
12.5272 	EXP 	Stim_practice: image = 'TMTstop-A_1_practice.png'
12.5772 	EXP 	Stim_practice: image = 'TMTstop-A_1_practice.png'
12.6272 	EXP 	Stim_practice: image = 'TMTstop-A_1_practice.png'
12.6715 	DATA 	Keypress: 1
12.6772 	EXP 	Stim_practice: image = 'TMTstop-A_1_practice.png'
12.6804 	EXP 	New trial (rep=0, index=1): {'NumberLetter': 2, 'corrAns': ['2'], 'StimFile': 'TMTstop-A_1_practice.png', 'Correct_StimFile': 'TMTstop-A_1_practicefirstgreen.png', 'False_StimFile': 'TMTstop-A_1_practicefirstred.png', 'DurationTrial': 10}
12.7384 	DATA 	Keypress: 3
12.7438 	EXP 	Stim_practice: autoDraw = False
12.7438 	EXP 	Stim_practice: image = 'TMTstop-A_1_practicefirstgreen.png'
12.7438 	EXP 	Stim_practice: image = 'TMTstop-A_1_practicefirstgreen.png'
12.7438 	EXP 	Stim_practice: autoDraw = True
12.9056 	DATA 	Keypress: 2
12.9139 	EXP 	New trial (rep=0, index=2): {'NumberLetter': 3, 'corrAns': ['3'], 'StimFile': 'TMTstop-A_1_practicelinestimulus0.png', 'Correct_StimFile': 'TMTstop-A_1_practicegreenlinestimulus0.png', 'False_StimFile': 'TMTstop-A_1_practiceredlinestimulus0.png', 'DurationTrial': 10}
12.9884 	DATA 	Keypress: 1
12.9889 	DATA 	Keypress: 3
12.9940 	EXP 	Stim_practice: autoDraw = False
12.9940 	EXP 	Stim_practice: image = 'TMTstop-A_1_practicegreenlinestimulus0.png'
12.9940 	EXP 	Stim_practice: image = 'TMTstop-A_1_practicegreenlinestimulus0.png'
12.9940 	EXP 	Stim_practice: autoDraw = True
13.0731 	DATA 	Keypress: 2
13.1893 	DATA 	Keypress: 3
13.2386 	DATA 	Keypress: 1
13.2447 	EXP 	Stim_practice: image = 'TMTstop-A_1_practiceredlinestimulus0.png'
13.2942 	EXP 	Stim_practice: image = 'TMTstop-A_1_practiceredlinestimulus0.png'
13.3385 	DATA 	Keypress: 2
13.3442 	EXP 	Stim_practice: image = 'TMTstop-A_1_practiceredlinestimulus0.png'
13.3474 	EXP 	New trial (rep=0, index=3): {'NumberLetter': 4, 'corrAns': ['1'], 'StimFile': 'TMTstop-A_1_practicelinestimulus1.png', 'Correct_StimFile': 'TMTstop-A_1_practicegreenlinestimulus1.png', 'False_StimFile': 'TMTstop-A_1_practiceredlinestimulus1.png', 'DurationTrial': 10}
13.4219 	DATA 	Keypress: 3
13.4220 	DATA 	Keypress: 1
13.4276 	EXP 	Stim_practice: autoDraw = False
13.4276 	EXP 	Stim_practice: image = 'TMTstop-A_1_practicegreenlinestimulus1.png'
13.4276 	EXP 	Stim_practice: image = 'TMTstop-A_1_practicegreenlinestimulus1.png'
13.4276 	EXP 	Stim_practice: autoDraw = True
13.4562 	DATA 	Keypress: 2
13.5395 	DATA 	Keypress: 1
13.5474 	EXP 	New trial (rep=0, index=4): {'NumberLetter': 5, 'corrAns': ['2'], 'StimFile': 'TMTstop-A_1_practicelinestimulus2.png', 'Correct_StimFile': 'TMTstop-A_1_practicegreenlinestimulus2.png', 'False_StimFile': 'TMTstop-A_1_practiceredlinestimulus2.png', 'DurationTrial': 10}
13.6222 	DATA 	Keypress: 3
13.6277 	EXP 	Stim_practice: autoDraw = False
13.6277 	EXP 	Stim_practice: image = 'TMTstop-A_1_practicegreenlinestimulus2.png'
13.6277 	EXP 	Stim_practice: image = 'TMTstop-A_1_practicegreenlinestimulus2.png'
13.6277 	EXP 	Stim_practice: autoDraw = True
13.6729 	DATA 	Keypress: 2
13.6808 	EXP 	New trial (rep=0, index=5): {'NumberLetter': 6, 'corrAns': ['3'], 'StimFile': 'TMTstop-A_1_practicelinestimulus3.png', 'Correct_StimFile': 'TMTstop-A_1_practicegreenlinestimulus3.png', 'False_StimFile': 'TMTstop-A_1_practiceredlinestimulus3.png', 'DurationTrial': 10}
13.7612 	EXP 	Stim_practice: autoDraw = False
13.7612 	EXP 	Stim_practice: image = 'TMTstop-A_1_practicegreenlinestimulus3.png'
13.7612 	EXP 	Stim_practice: image = 'TMTstop-A_1_practicegreenlinestimulus3.png'
13.7612 	EXP 	Stim_practice: autoDraw = True
13.7727 	DATA 	Keypress: 1
13.8061 	DATA 	Keypress: 3
13.8143 	EXP 	New trial (rep=0, index=6): {'NumberLetter': 7, 'corrAns': ['1'], 'StimFile': 'TMTstop-A_1_practicelinestimulus4.png', 'Correct_StimFile': 'TMTstop-A_1_practicegreenlinestimulus4.png', 'False_StimFile': 'TMTstop-A_1_practiceredlinestimulus4.png', 'DurationTrial': 10}
13.8888 	DATA 	Keypress: 2
13.8944 	EXP 	Stim_practice: autoDraw = False
13.8944 	EXP 	Stim_practice: image = 'TMTstop-A_1_practicegreenlinestimulus4.png'
13.8944 	EXP 	Stim_practice: image = 'TMTstop-A_1_practicegreenlinestimulus4.png'
13.8944 	EXP 	Stim_practice: autoDraw = True
13.9395 	DATA 	Keypress: 3
14.3396 	DATA 	Keypress: 1
14.3477 	EXP 	New trial (rep=0, index=7): {'NumberLetter': 8, 'corrAns': ['3'], 'StimFile': 'TMTstop-A_1_practicelinestimulus5.png', 'Correct_StimFile': 'TMTstop-A_1_practicegreenlinestimulus5.png', 'False_StimFile': 'TMTstop-A_1_practiceredlinestimulus5.png', 'DurationTrial': 10}
14.4281 	EXP 	Stim_practice: autoDraw = False
14.4281 	EXP 	Stim_practice: image = 'TMTstop-A_1_practicegreenlinestimulus5.png'
14.4281 	EXP 	Stim_practice: image = 'TMTstop-A_1_practicegreenlinestimulus5.png'
14.4281 	EXP 	Stim_practice: autoDraw = True
14.5397 	DATA 	Keypress: 3
14.5478 	EXP 	New trial (rep=0, index=8): {'NumberLetter': 9, 'corrAns': ['2'], 'StimFile': 'TMTstop-A_1_practicelinestimulus6.png', 'Correct_StimFile': 'TMTstop-A_1_practicegreenlinestimulus6.png', 'False_StimFile': 'TMTstop-A_1_practiceredlinestimulus6.png', 'DurationTrial': 10}
14.6225 	DATA 	Keypress: 1
14.6282 	EXP 	Stim_practice: autoDraw = False
14.6282 	EXP 	Stim_practice: image = 'TMTstop-A_1_practicegreenlinestimulus6.png'
14.6282 	EXP 	Stim_practice: image = 'TMTstop-A_1_practicegreenlinestimulus6.png'
14.6282 	EXP 	Stim_practice: autoDraw = True
14.7398 	DATA 	Keypress: 1
14.7954 	EXP 	Stim_practice: image = 'TMTstop-A_1_practiceredlinestimulus6.png'
14.8393 	DATA 	Keypress: 3
14.8393 	DATA 	Keypress: 2
14.8455 	EXP 	Stim_practice: image = 'TMTstop-A_1_practiceredlinestimulus6.png'
14.8486 	EXP 	New trial (rep=0, index=9): {'NumberLetter': 10, 'corrAns': ['3'], 'StimFile': 'TMTstop-A_1_practicelinestimulus7.png', 'Correct_StimFile': 'TMTstop-A_1_practicegreenlinestimulus7.png', 'False_StimFile': 'TMTstop-A_1_practiceredlinestimulus7.png', 'DurationTrial': 10}
14.9282 	EXP 	Stim_practice: autoDraw = False
14.9282 	EXP 	Stim_practice: image = 'TMTstop-A_1_practicegreenlinestimulus7.png'
14.9282 	EXP 	Stim_practice: image = 'TMTstop-A_1_practicegreenlinestimulus7.png'
14.9282 	EXP 	Stim_practice: autoDraw = True
14.9900 	DATA 	Keypress: 1
14.9901 	DATA 	Keypress: 3
14.9980 	EXP 	New trial (rep=0, index=10): {'NumberLetter': 11, 'corrAns': ['1'], 'StimFile': 'TMTstop-A_1_practicelinestimulus8.png', 'Correct_StimFile': 'TMTstop-A_1_practicegreenlinestimulus8.png', 'False_StimFile': 'TMTstop-A_1_practiceredlinestimulus8.png', 'DurationTrial': 10}
15.0727 	DATA 	Keypress: 2
15.0783 	EXP 	Stim_practice: autoDraw = False
15.0783 	EXP 	Stim_practice: image = 'TMTstop-A_1_practicegreenlinestimulus8.png'
15.0783 	EXP 	Stim_practice: image = 'TMTstop-A_1_practicegreenlinestimulus8.png'
15.0783 	EXP 	Stim_practice: autoDraw = True
15.1816 	EXP 	New trial (rep=0, index=11): {'NumberLetter': 12, 'corrAns': ['2'], 'StimFile': 'TMTstop-A_1_practicelinestimulus9.png', 'Correct_StimFile': 'TMTstop-A_1_practicegreenlinestimulus9.png', 'False_StimFile': 'TMTstop-A_1_practiceredlinestimulus9.png', 'DurationTrial': 10}
15.2577 	DATA 	Keypress: 1
15.2579 	DATA 	Keypress: 3
15.2621 	EXP 	Stim_practice: autoDraw = False
15.2621 	EXP 	Stim_practice: image = 'TMTstop-A_1_practicegreenlinestimulus9.png'
15.2621 	EXP 	Stim_practice: image = 'TMTstop-A_1_practicegreenlinestimulus9.png'
15.2621 	EXP 	Stim_practice: autoDraw = True
15.2667 	EXP 	New trial (rep=0, index=12): {'NumberLetter': None, 'corrAns': None, 'StimFile': 'TMTstop-A_1_practicelinestimulus10.png', 'Correct_StimFile': 'TMTstop-A_1_practicegreenlinestimulus10.png', 'False_StimFile': 'TMTstop-A_1_practiceredlinestimulus10.png', 'DurationTrial': None}
15.3394 	DATA 	Keypress: 2
15.3451 	EXP 	Stim_practice: autoDraw = False
15.3451 	EXP 	Stim_practice: image = 'TMTstop-A_1_practicegreenlinestimulus10.png'
15.3451 	EXP 	Stim_practice: image = 'TMTstop-A_1_practicegreenlinestimulus10.png'
15.3451 	EXP 	Stim_practice: autoDraw = True
15.3568 	DATA 	Keypress: 3
15.4062 	DATA 	Keypress: 1
15.4122 	EXP 	Stim_practice: image = 'TMTstop-A_1_practiceredlinestimulus10.png'
15.4562 	DATA 	Keypress: 2
15.4618 	EXP 	Stim_practice: image = 'TMTstop-A_1_practiceredlinestimulus10.png'
15.5119 	EXP 	Stim_practice: image = 'TMTstop-A_1_practiceredlinestimulus10.png'
15.5619 	EXP 	Stim_practice: image = 'TMTstop-A_1_practiceredlinestimulus10.png'
15.6063 	DATA 	Keypress: 1
15.6064 	DATA 	Keypress: 3
15.6119 	EXP 	Stim_practice: image = 'TMTstop-A_1_practiceredlinestimulus10.png'
15.6620 	EXP 	Stim_practice: image = 'TMTstop-A_1_practiceredlinestimulus10.png'
15.7063 	DATA 	Keypress: 1
15.7119 	EXP 	Stim_practice: image = 'TMTstop-A_1_practiceredlinestimulus10.png'
15.7619 	EXP 	Stim_practice: image = 'TMTstop-A_1_practiceredlinestimulus10.png'
15.8120 	EXP 	Stim_practice: image = 'TMTstop-A_1_practiceredlinestimulus10.png'
15.8632 	EXP 	Stim_practice: image = 'TMTstop-A_1_practiceredlinestimulus10.png'
15.9122 	EXP 	Stim_practice: image = 'TMTstop-A_1_practiceredlinestimulus10.png'
15.9621 	EXP 	Stim_practice: image = 'TMTstop-A_1_practiceredlinestimulus10.png'
16.0121 	EXP 	Stim_practice: image = 'TMTstop-A_1_practiceredlinestimulus10.png'
16.0622 	EXP 	Stim_practice: image = 'TMTstop-A_1_practiceredlinestimulus10.png'
16.1121 	EXP 	Stim_practice: image = 'TMTstop-A_1_practiceredlinestimulus10.png'
16.1621 	EXP 	Stim_practice: image = 'TMTstop-A_1_practiceredlinestimulus10.png'
16.2122 	EXP 	Stim_practice: image = 'TMTstop-A_1_practiceredlinestimulus10.png'
16.2621 	EXP 	Stim_practice: image = 'TMTstop-A_1_practiceredlinestimulus10.png'
16.3122 	EXP 	Stim_practice: image = 'TMTstop-A_1_practiceredlinestimulus10.png'
16.3642 	EXP 	Stim_practice: image = 'TMTstop-A_1_practiceredlinestimulus10.png'
16.4918 	EXP 	Stim_practice: image = 'TMTstop-A_1_practiceredlinestimulus10.png'
16.4918 	EXP 	Stim_practice: autoDraw = False
16.4918 	EXP 	text_5: text = 'You have finished the practice. If you understood the task correctly please read on, otherwise ask the experiment leader or press X to restart the practice.\n\nFrom here on there will be 25 circles instead of 12. If you finish all circles you will see a white cross for a few seconds then you will get 25 new circles and start again from 1. The experiments will end automatically after three minutes. \n\nPress 1, 2 or 3  to start the experiment.\n\n\n\nDu har slutfört provomgången. Om du förstod uppgiften rätt, läs vidare, annars fråga experimentledaren eller tryck på X för att starta om provomgången.\n\nHärifrån kommer det att finnas 25 circlar istället för 12. Om du slutför alla circlar kommer du att se ett vitt kors i några sekunder, sedan får du 25 nya circlar och börjar om från 1. Experimenten avslutas automatiskt efter tre minuter.\n\nTryck på 1, 2 eller 3 för att starta experimentet.\n\n\n'
16.4918 	EXP 	text_5: autoDraw = True
17.1912 	DATA 	Keypress: 2
17.2754 	EXP 	text_5: autoDraw = False
17.2754 	EXP 	polygon: autoDraw = True
17.3912 	DATA 	Keypress: 2
20.2163 	EXP 	Imported TMTstop-A_1_conditions.xlsx as conditions, 8 conditions, 2 params
20.2165 	EXP 	Created sequence: sequential, trialTypes=8, nReps=1, seed=None
20.2167 	EXP 	New trial (rep=0, index=0): {'Block_file': 'TMTstop-A_1_1.xlsx', 'Condition_rows': '0:26'}
20.2258 	EXP 	Imported TMTstop-A_1_1.xlsx as conditions, 26 conditions, 6 params
20.2261 	EXP 	Created sequence: sequential, trialTypes=26, nReps=1, seed=None
20.2264 	EXP 	New trial (rep=0, index=0): {'NumberLetter': 1, 'corrAns': ['2'], 'StimFile': 'TMTstop-A_1_1.png', 'Correct_StimFile': 'TMTstop-A_1_1.png', 'False_StimFile': 'TMTstop-A_1_1.png', 'DurationTrial': 10}
20.3301 	EXP 	polygon: autoDraw = False
20.3301 	EXP 	Stim: image = 'TMTstop-A_1_1.png'
20.3301 	EXP 	Stim: autoDraw = True
21.0100 	DATA 	Keypress: 2
21.0181 	EXP 	New trial (rep=0, index=1): {'NumberLetter': 2, 'corrAns': ['1'], 'StimFile': 'TMTstop-A_1_1.png', 'Correct_StimFile': 'TMTstop-A_1_1firstgreen.png', 'False_StimFile': 'TMTstop-A_1_1firstred.png', 'DurationTrial': 10}
21.0976 	EXP 	Stim: autoDraw = False
21.0976 	EXP 	Stim: image = 'TMTstop-A_1_1firstgreen.png'
21.0976 	EXP 	Stim: image = 'TMTstop-A_1_1firstgreen.png'
21.0976 	EXP 	Stim: autoDraw = True
21.2428 	DATA 	Keypress: 1
21.2508 	EXP 	New trial (rep=0, index=2): {'NumberLetter': 3, 'corrAns': ['2'], 'StimFile': 'TMTstop-A_1_1linestimulus0.png', 'Correct_StimFile': 'TMTstop-A_1_1greenlinestimulus0.png', 'False_StimFile': 'TMTstop-A_1_1redlinestimulus0.png', 'DurationTrial': 10}
21.3258 	DATA 	Keypress: 3
21.3316 	EXP 	Stim: autoDraw = False
21.3316 	EXP 	Stim: image = 'TMTstop-A_1_1greenlinestimulus0.png'
21.3316 	EXP 	Stim: image = 'TMTstop-A_1_1greenlinestimulus0.png'
21.3316 	EXP 	Stim: autoDraw = True
21.3756 	DATA 	Keypress: 2
21.3813 	EXP 	Stim: image = 'TMTstop-A_1_1redlinestimulus0.png'
21.4314 	EXP 	Stim: image = 'TMTstop-A_1_1redlinestimulus0.png'
21.4757 	DATA 	Keypress: 1
21.4811 	EXP 	Stim: image = 'TMTstop-A_1_1redlinestimulus0.png'
21.5312 	EXP 	Stim: image = 'TMTstop-A_1_1redlinestimulus0.png'
21.5757 	DATA 	Keypress: 1
21.5812 	EXP 	Stim: image = 'TMTstop-A_1_1redlinestimulus0.png'
21.6257 	DATA 	Keypress: 3
21.6312 	EXP 	Stim: image = 'TMTstop-A_1_1redlinestimulus0.png'
21.6345 	EXP 	New trial (rep=0, index=3): {'NumberLetter': 4, 'corrAns': ['3'], 'StimFile': 'TMTstop-A_1_1linestimulus1.png', 'Correct_StimFile': 'TMTstop-A_1_1greenlinestimulus1.png', 'False_StimFile': 'TMTstop-A_1_1redlinestimulus1.png', 'DurationTrial': 10}
21.7091 	DATA 	Keypress: 2
21.7146 	EXP 	Stim: autoDraw = False
21.7146 	EXP 	Stim: image = 'TMTstop-A_1_1greenlinestimulus1.png'
21.7146 	EXP 	Stim: image = 'TMTstop-A_1_1greenlinestimulus1.png'
21.7146 	EXP 	Stim: autoDraw = True
21.7429 	DATA 	Keypress: 3
21.7511 	EXP 	New trial (rep=0, index=4): {'NumberLetter': 5, 'corrAns': ['2'], 'StimFile': 'TMTstop-A_1_1linestimulus2.png', 'Correct_StimFile': 'TMTstop-A_1_1greenlinestimulus2.png', 'False_StimFile': 'TMTstop-A_1_1redlinestimulus2.png', 'DurationTrial': 10}
21.8258 	DATA 	Keypress: 1
21.8314 	EXP 	Stim: autoDraw = False
21.8314 	EXP 	Stim: image = 'TMTstop-A_1_1greenlinestimulus2.png'
21.8314 	EXP 	Stim: image = 'TMTstop-A_1_1greenlinestimulus2.png'
21.8314 	EXP 	Stim: autoDraw = True
21.8436 	DATA 	Keypress: 2
21.9099 	DATA 	Keypress: 1
21.9593 	DATA 	Keypress: 3
21.9651 	EXP 	Stim: image = 'TMTstop-A_1_1redlinestimulus2.png'
22.0093 	DATA 	Keypress: 2
22.0149 	EXP 	Stim: image = 'TMTstop-A_1_1redlinestimulus2.png'
22.0183 	EXP 	New trial (rep=0, index=5): {'NumberLetter': 6, 'corrAns': ['3'], 'StimFile': 'TMTstop-A_1_1linestimulus3.png', 'Correct_StimFile': 'TMTstop-A_1_1greenlinestimulus3.png', 'False_StimFile': 'TMTstop-A_1_1redlinestimulus3.png', 'DurationTrial': 10}
22.0926 	DATA 	Keypress: 3
22.0986 	EXP 	Stim: autoDraw = False
22.0986 	EXP 	Stim: image = 'TMTstop-A_1_1greenlinestimulus3.png'
22.0986 	EXP 	Stim: image = 'TMTstop-A_1_1greenlinestimulus3.png'
22.0986 	EXP 	Stim: autoDraw = True
22.1024 	EXP 	New trial (rep=0, index=6): {'NumberLetter': 7, 'corrAns': ['2'], 'StimFile': 'TMTstop-A_1_1linestimulus4.png', 'Correct_StimFile': 'TMTstop-A_1_1greenlinestimulus4.png', 'False_StimFile': 'TMTstop-A_1_1redlinestimulus4.png', 'DurationTrial': 10}
22.1760 	DATA 	Keypress: 1
22.1761 	DATA 	Keypress: 2
22.1816 	EXP 	Stim: autoDraw = False
22.1816 	EXP 	Stim: image = 'TMTstop-A_1_1greenlinestimulus4.png'
22.1816 	EXP 	Stim: image = 'TMTstop-A_1_1greenlinestimulus4.png'
22.1816 	EXP 	Stim: autoDraw = True
22.2433 	DATA 	Keypress: 1
22.2987 	EXP 	Stim: image = 'TMTstop-A_1_1redlinestimulus4.png'
22.3427 	DATA 	Keypress: 3
22.3428 	DATA 	Keypress: 2
22.3483 	EXP 	Stim: image = 'TMTstop-A_1_1redlinestimulus4.png'
22.3514 	EXP 	New trial (rep=0, index=7): {'NumberLetter': 8, 'corrAns': ['1'], 'StimFile': 'TMTstop-A_1_1linestimulus5.png', 'Correct_StimFile': 'TMTstop-A_1_1greenlinestimulus5.png', 'False_StimFile': 'TMTstop-A_1_1redlinestimulus5.png', 'DurationTrial': 10}
22.4316 	EXP 	Stim: autoDraw = False
22.4316 	EXP 	Stim: image = 'TMTstop-A_1_1greenlinestimulus5.png'
22.4316 	EXP 	Stim: image = 'TMTstop-A_1_1greenlinestimulus5.png'
22.4316 	EXP 	Stim: autoDraw = True
22.4761 	DATA 	Keypress: 3
22.4762 	DATA 	Keypress: 1
22.4819 	EXP 	Stim: image = 'TMTstop-A_1_1redlinestimulus5.png'
22.5263 	DATA 	Keypress: 2
22.5318 	EXP 	Stim: image = 'TMTstop-A_1_1redlinestimulus5.png'
22.5817 	EXP 	Stim: image = 'TMTstop-A_1_1redlinestimulus5.png'
22.6262 	DATA 	Keypress: 1
22.6317 	EXP 	Stim: image = 'TMTstop-A_1_1redlinestimulus5.png'
22.6349 	EXP 	New trial (rep=0, index=8): {'NumberLetter': 9, 'corrAns': ['2'], 'StimFile': 'TMTstop-A_1_1linestimulus6.png', 'Correct_StimFile': 'TMTstop-A_1_1greenlinestimulus6.png', 'False_StimFile': 'TMTstop-A_1_1redlinestimulus6.png', 'DurationTrial': 10}
22.7096 	DATA 	Keypress: 3
22.7096 	DATA 	Keypress: 2
22.7151 	EXP 	Stim: autoDraw = False
22.7151 	EXP 	Stim: image = 'TMTstop-A_1_1greenlinestimulus6.png'
22.7151 	EXP 	Stim: image = 'TMTstop-A_1_1greenlinestimulus6.png'
22.7151 	EXP 	Stim: autoDraw = True
22.7186 	EXP 	New trial (rep=0, index=9): {'NumberLetter': 10, 'corrAns': ['1'], 'StimFile': 'TMTstop-A_1_1linestimulus7.png', 'Correct_StimFile': 'TMTstop-A_1_1greenlinestimulus7.png', 'False_StimFile': 'TMTstop-A_1_1redlinestimulus7.png', 'DurationTrial': 10}
22.7929 	DATA 	Keypress: 3
22.7930 	DATA 	Keypress: 1
22.7985 	EXP 	Stim: autoDraw = False
22.7985 	EXP 	Stim: image = 'TMTstop-A_1_1greenlinestimulus7.png'
22.7985 	EXP 	Stim: image = 'TMTstop-A_1_1greenlinestimulus7.png'
22.7985 	EXP 	Stim: autoDraw = True
22.8486 	EXP 	Stim: image = 'TMTstop-A_1_1redlinestimulus7.png'
22.8930 	DATA 	Keypress: 2
22.8985 	EXP 	Stim: image = 'TMTstop-A_1_1redlinestimulus7.png'
22.9430 	DATA 	Keypress: 1
22.9486 	EXP 	Stim: image = 'TMTstop-A_1_1redlinestimulus7.png'
22.9519 	EXP 	New trial (rep=0, index=10): {'NumberLetter': 11, 'corrAns': ['2'], 'StimFile': 'TMTstop-A_1_1linestimulus8.png', 'Correct_StimFile': 'TMTstop-A_1_1greenlinestimulus8.png', 'False_StimFile': 'TMTstop-A_1_1redlinestimulus8.png', 'DurationTrial': 10}
23.0264 	DATA 	Keypress: 3
23.0273 	DATA 	Keypress: 2
23.0320 	EXP 	Stim: autoDraw = False
23.0320 	EXP 	Stim: image = 'TMTstop-A_1_1greenlinestimulus8.png'
23.0320 	EXP 	Stim: image = 'TMTstop-A_1_1greenlinestimulus8.png'
23.0320 	EXP 	Stim: autoDraw = True
23.0354 	EXP 	New trial (rep=0, index=11): {'NumberLetter': 12, 'corrAns': ['3'], 'StimFile': 'TMTstop-A_1_1linestimulus9.png', 'Correct_StimFile': 'TMTstop-A_1_1greenlinestimulus9.png', 'False_StimFile': 'TMTstop-A_1_1redlinestimulus9.png', 'DurationTrial': 10}
23.1099 	DATA 	Keypress: 3
23.1153 	EXP 	Stim: autoDraw = False
23.1153 	EXP 	Stim: image = 'TMTstop-A_1_1greenlinestimulus9.png'
23.1153 	EXP 	Stim: image = 'TMTstop-A_1_1greenlinestimulus9.png'
23.1153 	EXP 	Stim: autoDraw = True
23.1185 	EXP 	New trial (rep=0, index=12): {'NumberLetter': 13, 'corrAns': ['2'], 'StimFile': 'TMTstop-A_1_1linestimulus10.png', 'Correct_StimFile': 'TMTstop-A_1_1greenlinestimulus10.png', 'False_StimFile': 'TMTstop-A_1_1redlinestimulus10.png', 'DurationTrial': 1}
23.1931 	DATA 	Keypress: 1
23.1986 	EXP 	Stim: autoDraw = False
23.1986 	EXP 	Stim: image = 'TMTstop-A_1_1greenlinestimulus10.png'
23.1986 	EXP 	Stim: image = 'TMTstop-A_1_1greenlinestimulus10.png'
23.1986 	EXP 	Stim: autoDraw = True
23.2105 	DATA 	Keypress: 2
23.3265 	DATA 	Keypress: 1
23.3322 	EXP 	Stim: image = 'TMTstop-A_1_1redlinestimulus10.png'
23.3765 	DATA 	Keypress: 3
23.3766 	DATA 	Keypress: 2
23.3821 	EXP 	Stim: image = 'TMTstop-A_1_1redlinestimulus10.png'
23.3856 	EXP 	New trial (rep=0, index=13): {'NumberLetter': 14, 'corrAns': ['3'], 'StimFile': 'TMTstop-A_1_1linestimulus11.png', 'Correct_StimFile': 'TMTstop-A_1_1greenlinestimulus11.png', 'False_StimFile': 'TMTstop-A_1_1redlinestimulus11.png', 'DurationTrial': None}
23.4654 	EXP 	Stim: autoDraw = False
23.4654 	EXP 	Stim: image = 'TMTstop-A_1_1greenlinestimulus11.png'
23.4654 	EXP 	Stim: image = 'TMTstop-A_1_1greenlinestimulus11.png'
23.4654 	EXP 	Stim: autoDraw = True
23.4686 	EXP 	New trial (rep=0, index=14): {'NumberLetter': 15, 'corrAns': ['1'], 'StimFile': 'TMTstop-A_1_1linestimulus12.png', 'Correct_StimFile': 'TMTstop-A_1_1greenlinestimulus12.png', 'False_StimFile': 'TMTstop-A_1_1redlinestimulus12.png', 'DurationTrial': None}
23.5433 	DATA 	Keypress: 3
23.5434 	DATA 	Keypress: 1
23.5490 	EXP 	Stim: autoDraw = False
23.5490 	EXP 	Stim: image = 'TMTstop-A_1_1greenlinestimulus12.png'
23.5490 	EXP 	Stim: image = 'TMTstop-A_1_1greenlinestimulus12.png'
23.5490 	EXP 	Stim: autoDraw = True
23.5774 	DATA 	Keypress: 2
23.6272 	DATA 	Keypress: 1
23.6354 	EXP 	New trial (rep=0, index=15): {'NumberLetter': 16, 'corrAns': ['3'], 'StimFile': 'TMTstop-A_1_1linestimulus13.png', 'Correct_StimFile': 'TMTstop-A_1_1greenlinestimulus13.png', 'False_StimFile': 'TMTstop-A_1_1redlinestimulus13.png', 'DurationTrial': None}
23.7100 	DATA 	Keypress: 3
23.7101 	DATA 	Keypress: 2
23.7155 	EXP 	Stim: autoDraw = False
23.7155 	EXP 	Stim: image = 'TMTstop-A_1_1greenlinestimulus13.png'
23.7155 	EXP 	Stim: image = 'TMTstop-A_1_1greenlinestimulus13.png'
23.7155 	EXP 	Stim: autoDraw = True
23.7657 	EXP 	Stim: image = 'TMTstop-A_1_1redlinestimulus13.png'
23.8157 	EXP 	Stim: image = 'TMTstop-A_1_1redlinestimulus13.png'
23.8601 	DATA 	Keypress: 3
23.8602 	DATA 	Keypress: 1
23.8656 	EXP 	Stim: image = 'TMTstop-A_1_1redlinestimulus13.png'
23.8689 	EXP 	New trial (rep=0, index=16): {'NumberLetter': 17, 'corrAns': ['2'], 'StimFile': 'TMTstop-A_1_1linestimulus14.png', 'Correct_StimFile': 'TMTstop-A_1_1greenlinestimulus14.png', 'False_StimFile': 'TMTstop-A_1_1redlinestimulus14.png', 'DurationTrial': None}
23.9435 	DATA 	Keypress: 2
23.9490 	EXP 	Stim: autoDraw = False
23.9490 	EXP 	Stim: image = 'TMTstop-A_1_1greenlinestimulus14.png'
23.9490 	EXP 	Stim: image = 'TMTstop-A_1_1greenlinestimulus14.png'
23.9490 	EXP 	Stim: autoDraw = True
23.9946 	DATA 	Keypress: 1
24.0435 	DATA 	Keypress: 3
24.0494 	EXP 	Stim: image = 'TMTstop-A_1_1redlinestimulus14.png'
24.0936 	DATA 	Keypress: 2
24.0991 	EXP 	Stim: image = 'TMTstop-A_1_1redlinestimulus14.png'
24.1022 	EXP 	New trial (rep=0, index=17): {'NumberLetter': 18, 'corrAns': ['3'], 'StimFile': 'TMTstop-A_1_1linestimulus15.png', 'Correct_StimFile': 'TMTstop-A_1_1greenlinestimulus15.png', 'False_StimFile': 'TMTstop-A_1_1redlinestimulus15.png', 'DurationTrial': None}
24.1773 	DATA 	Keypress: 3
24.1845 	EXP 	Stim: autoDraw = False
24.1845 	EXP 	Stim: image = 'TMTstop-A_1_1greenlinestimulus15.png'
24.1845 	EXP 	Stim: image = 'TMTstop-A_1_1greenlinestimulus15.png'
24.1845 	EXP 	Stim: autoDraw = True
24.1880 	EXP 	New trial (rep=0, index=18): {'NumberLetter': 19, 'corrAns': ['1'], 'StimFile': 'TMTstop-A_1_1linestimulus16.png', 'Correct_StimFile': 'TMTstop-A_1_1greenlinestimulus16.png', 'False_StimFile': 'TMTstop-A_1_1redlinestimulus16.png', 'DurationTrial': None}
24.2602 	DATA 	Keypress: 1
24.2658 	EXP 	Stim: autoDraw = False
24.2658 	EXP 	Stim: image = 'TMTstop-A_1_1greenlinestimulus16.png'
24.2658 	EXP 	Stim: image = 'TMTstop-A_1_1greenlinestimulus16.png'
24.2658 	EXP 	Stim: autoDraw = True
24.2778 	DATA 	Keypress: 2
24.3283 	DATA 	Keypress: 1
24.3360 	EXP 	New trial (rep=0, index=19): {'NumberLetter': 20, 'corrAns': ['3'], 'StimFile': 'TMTstop-A_1_1linestimulus17.png', 'Correct_StimFile': 'TMTstop-A_1_1greenlinestimulus17.png', 'False_StimFile': 'TMTstop-A_1_1redlinestimulus17.png', 'DurationTrial': None}
24.4104 	DATA 	Keypress: 3
24.4105 	DATA 	Keypress: 2
24.4158 	EXP 	Stim: autoDraw = False
24.4158 	EXP 	Stim: image = 'TMTstop-A_1_1greenlinestimulus17.png'
24.4158 	EXP 	Stim: image = 'TMTstop-A_1_1greenlinestimulus17.png'
24.4158 	EXP 	Stim: autoDraw = True
24.4661 	EXP 	Stim: image = 'TMTstop-A_1_1redlinestimulus17.png'
24.5104 	DATA 	Keypress: 3
24.5161 	EXP 	Stim: image = 'TMTstop-A_1_1redlinestimulus17.png'
24.5196 	EXP 	New trial (rep=0, index=20): {'NumberLetter': 21, 'corrAns': ['1'], 'StimFile': 'TMTstop-A_1_1linestimulus18.png', 'Correct_StimFile': 'TMTstop-A_1_1greenlinestimulus18.png', 'False_StimFile': 'TMTstop-A_1_1redlinestimulus18.png', 'DurationTrial': None}
24.5938 	DATA 	Keypress: 1
24.5994 	EXP 	Stim: autoDraw = False
24.5994 	EXP 	Stim: image = 'TMTstop-A_1_1greenlinestimulus18.png'
24.5994 	EXP 	Stim: image = 'TMTstop-A_1_1greenlinestimulus18.png'
24.5994 	EXP 	Stim: autoDraw = True
24.6113 	DATA 	Keypress: 2
24.6779 	DATA 	Keypress: 1
24.6867 	EXP 	New trial (rep=0, index=21): {'NumberLetter': 22, 'corrAns': ['3'], 'StimFile': 'TMTstop-A_1_1linestimulus19.png', 'Correct_StimFile': 'TMTstop-A_1_1greenlinestimulus19.png', 'False_StimFile': 'TMTstop-A_1_1redlinestimulus19.png', 'DurationTrial': None}
24.7607 	DATA 	Keypress: 3
24.7665 	EXP 	Stim: autoDraw = False
24.7665 	EXP 	Stim: image = 'TMTstop-A_1_1greenlinestimulus19.png'
24.7665 	EXP 	Stim: image = 'TMTstop-A_1_1greenlinestimulus19.png'
24.7665 	EXP 	Stim: autoDraw = True
24.8106 	DATA 	Keypress: 2
24.8164 	EXP 	Stim: image = 'TMTstop-A_1_1redlinestimulus19.png'
24.8661 	EXP 	Stim: image = 'TMTstop-A_1_1redlinestimulus19.png'
24.9105 	DATA 	Keypress: 3
24.9106 	DATA 	Keypress: 1
24.9163 	EXP 	Stim: image = 'TMTstop-A_1_1redlinestimulus19.png'
24.9197 	EXP 	New trial (rep=0, index=22): {'NumberLetter': 23, 'corrAns': ['1'], 'StimFile': 'TMTstop-A_1_1linestimulus20.png', 'Correct_StimFile': 'TMTstop-A_1_1greenlinestimulus20.png', 'False_StimFile': 'TMTstop-A_1_1redlinestimulus20.png', 'DurationTrial': None}
24.9940 	DATA 	Keypress: 2
25.0003 	EXP 	Stim: autoDraw = False
25.0003 	EXP 	Stim: image = 'TMTstop-A_1_1greenlinestimulus20.png'
25.0003 	EXP 	Stim: image = 'TMTstop-A_1_1greenlinestimulus20.png'
25.0003 	EXP 	Stim: autoDraw = True
25.0446 	DATA 	Keypress: 1
25.0528 	EXP 	New trial (rep=0, index=23): {'NumberLetter': 24, 'corrAns': ['2'], 'StimFile': 'TMTstop-A_1_1linestimulus21.png', 'Correct_StimFile': 'TMTstop-A_1_1greenlinestimulus21.png', 'False_StimFile': 'TMTstop-A_1_1redlinestimulus21.png', 'DurationTrial': None}
25.1273 	DATA 	Keypress: 3
25.1278 	DATA 	Keypress: 2
25.1330 	EXP 	Stim: autoDraw = False
25.1330 	EXP 	Stim: image = 'TMTstop-A_1_1greenlinestimulus21.png'
25.1330 	EXP 	Stim: image = 'TMTstop-A_1_1greenlinestimulus21.png'
25.1330 	EXP 	Stim: autoDraw = True
25.1364 	EXP 	New trial (rep=0, index=24): {'NumberLetter': 25, 'corrAns': ['3'], 'StimFile': 'TMTstop-A_1_1linestimulus22.png', 'Correct_StimFile': 'TMTstop-A_1_1greenlinestimulus22.png', 'False_StimFile': 'TMTstop-A_1_1redlinestimulus22.png', 'DurationTrial': None}
25.2111 	DATA 	Keypress: 3
25.2184 	EXP 	Stim: autoDraw = False
25.2184 	EXP 	Stim: image = 'TMTstop-A_1_1greenlinestimulus22.png'
25.2184 	EXP 	Stim: image = 'TMTstop-A_1_1greenlinestimulus22.png'
25.2184 	EXP 	Stim: autoDraw = True
25.2219 	EXP 	New trial (rep=0, index=25): {'NumberLetter': None, 'corrAns': None, 'StimFile': 'TMTstop-A_1_1linestimulus23.png', 'Correct_StimFile': 'TMTstop-A_1_1greenlinestimulus23.png', 'False_StimFile': 'TMTstop-A_1_1redlinestimulus23.png', 'DurationTrial': None}
25.2940 	DATA 	Keypress: 1
25.2941 	DATA 	Keypress: 2
25.2996 	EXP 	Stim: autoDraw = False
25.2996 	EXP 	Stim: image = 'TMTstop-A_1_1greenlinestimulus23.png'
25.2996 	EXP 	Stim: image = 'TMTstop-A_1_1greenlinestimulus23.png'
25.2996 	EXP 	Stim: autoDraw = True
25.3448 	DATA 	Keypress: 1
25.4001 	EXP 	Stim: image = 'TMTstop-A_1_1redlinestimulus23.png'
25.4442 	DATA 	Keypress: 3
25.4442 	DATA 	Keypress: 2
25.4496 	EXP 	Stim: image = 'TMTstop-A_1_1redlinestimulus23.png'
25.4998 	EXP 	Stim: image = 'TMTstop-A_1_1redlinestimulus23.png'
25.5444 	DATA 	Keypress: 3
25.5501 	EXP 	Stim: image = 'TMTstop-A_1_1redlinestimulus23.png'
25.5942 	DATA 	Keypress: 1
25.5997 	EXP 	Stim: image = 'TMTstop-A_1_1redlinestimulus23.png'
25.6443 	DATA 	Keypress: 2
25.6444 	DATA 	Keypress: 3
25.6501 	EXP 	Stim: image = 'TMTstop-A_1_1redlinestimulus23.png'
25.6999 	EXP 	Stim: image = 'TMTstop-A_1_1redlinestimulus23.png'
25.7498 	EXP 	Stim: image = 'TMTstop-A_1_1redlinestimulus23.png'
25.7999 	EXP 	Stim: image = 'TMTstop-A_1_1redlinestimulus23.png'
25.8500 	EXP 	Stim: image = 'TMTstop-A_1_1redlinestimulus23.png'
25.8998 	EXP 	Stim: image = 'TMTstop-A_1_1redlinestimulus23.png'
25.9512 	EXP 	Stim: image = 'TMTstop-A_1_1redlinestimulus23.png'
25.9999 	EXP 	Stim: image = 'TMTstop-A_1_1redlinestimulus23.png'
26.0499 	EXP 	Stim: image = 'TMTstop-A_1_1redlinestimulus23.png'
26.1001 	EXP 	Stim: image = 'TMTstop-A_1_1redlinestimulus23.png'
26.1499 	EXP 	Stim: image = 'TMTstop-A_1_1redlinestimulus23.png'
26.2003 	EXP 	Stim: image = 'TMTstop-A_1_1redlinestimulus23.png'
26.2501 	EXP 	Stim: image = 'TMTstop-A_1_1redlinestimulus23.png'
26.3001 	EXP 	Stim: image = 'TMTstop-A_1_1redlinestimulus23.png'
26.3983 	EXP 	Stim: image = 'TMTstop-A_1_1redlinestimulus23.png'
26.3983 	EXP 	Stim: autoDraw = False
26.3983 	EXP 	polygon: autoDraw = True
29.3501 	EXP 	New trial (rep=0, index=1): {'Block_file': 'TMTstop-A_1_2.xlsx', 'Condition_rows': '26:52'}
29.3602 	EXP 	Imported TMTstop-A_1_2.xlsx as conditions, 26 conditions, 7 params
29.3605 	EXP 	Created sequence: sequential, trialTypes=26, nReps=1, seed=None
29.3607 	EXP 	New trial (rep=0, index=0): {'NumberLetter': 1, 'corrAns': ['3'], 'Correct': 3, 'StimFile': 'TMTstop-A_1_2.png', 'Correct_StimFile': 'TMTstop-A_1_2.png', 'False_StimFile': 'TMTstop-A_1_2.png', 'DurationTrial': 10}
29.4016 	EXP 	polygon: autoDraw = False
29.4016 	EXP 	Stim: image = 'TMTstop-A_1_2.png'
29.4016 	EXP 	Stim: autoDraw = True
30.0964 	DATA 	Keypress: 1
30.1019 	EXP 	Stim: image = 'TMTstop-A_1_2.png'
30.1521 	EXP 	Stim: image = 'TMTstop-A_1_2.png'
30.2019 	EXP 	Stim: image = 'TMTstop-A_1_2.png'
30.2472 	DATA 	Keypress: 2
30.2519 	EXP 	Stim: image = 'TMTstop-A_1_2.png'
30.3019 	EXP 	Stim: image = 'TMTstop-A_1_2.png'
30.3464 	DATA 	Keypress: 1
30.3465 	DATA 	Keypress: 3
30.3519 	EXP 	Stim: image = 'TMTstop-A_1_2.png'
30.3556 	EXP 	New trial (rep=0, index=1): {'NumberLetter': 2, 'corrAns': ['2'], 'Correct': 2, 'StimFile': 'TMTstop-A_1_2.png', 'Correct_StimFile': 'TMTstop-A_1_2firstgreen.png', 'False_StimFile': 'TMTstop-A_1_2firstred.png', 'DurationTrial': 10}
30.4298 	DATA 	Keypress: 2
30.4354 	EXP 	Stim: autoDraw = False
30.4354 	EXP 	Stim: image = 'TMTstop-A_1_2firstgreen.png'
30.4354 	EXP 	Stim: image = 'TMTstop-A_1_2firstgreen.png'
30.4354 	EXP 	Stim: autoDraw = True
30.5639 	DATA 	Keypress: 3
30.6133 	DATA 	Keypress: 1
30.6191 	EXP 	Stim: image = 'TMTstop-A_1_2firstred.png'
30.6689 	EXP 	Stim: image = 'TMTstop-A_1_2firstred.png'
30.7133 	DATA 	Keypress: 2
30.7188 	EXP 	Stim: image = 'TMTstop-A_1_2firstred.png'
30.7222 	EXP 	New trial (rep=0, index=2): {'NumberLetter': 3, 'corrAns': ['3'], 'Correct': 3, 'StimFile': 'TMTstop-A_1_2linestimulus0.png', 'Correct_StimFile': 'TMTstop-A_1_2greenlinestimulus0.png', 'False_StimFile': 'TMTstop-A_1_2redlinestimulus0.png', 'DurationTrial': 10}
30.7967 	DATA 	Keypress: 1
30.8022 	EXP 	Stim: autoDraw = False
30.8022 	EXP 	Stim: image = 'TMTstop-A_1_2greenlinestimulus0.png'
30.8022 	EXP 	Stim: image = 'TMTstop-A_1_2greenlinestimulus0.png'
30.8022 	EXP 	Stim: autoDraw = True
30.8558 	EXP 	New trial (rep=0, index=3): {'NumberLetter': 4, 'corrAns': ['1'], 'Correct': 1, 'StimFile': 'TMTstop-A_1_2linestimulus1.png', 'Correct_StimFile': 'TMTstop-A_1_2greenlinestimulus1.png', 'False_StimFile': 'TMTstop-A_1_2redlinestimulus1.png', 'DurationTrial': 10}
30.9300 	DATA 	Keypress: 3
30.9301 	DATA 	Keypress: 2
30.9357 	EXP 	Stim: autoDraw = False
30.9357 	EXP 	Stim: image = 'TMTstop-A_1_2greenlinestimulus1.png'
30.9357 	EXP 	Stim: image = 'TMTstop-A_1_2greenlinestimulus1.png'
30.9357 	EXP 	Stim: autoDraw = True
31.0141 	DATA 	Keypress: 1
31.0223 	EXP 	New trial (rep=0, index=4): {'NumberLetter': 5, 'corrAns': ['2'], 'Correct': 2, 'StimFile': 'TMTstop-A_1_2linestimulus2.png', 'Correct_StimFile': 'TMTstop-A_1_2greenlinestimulus2.png', 'False_StimFile': 'TMTstop-A_1_2redlinestimulus2.png', 'DurationTrial': 10}
31.0968 	DATA 	Keypress: 3
31.0968 	DATA 	Keypress: 2
31.1023 	EXP 	Stim: autoDraw = False
31.1023 	EXP 	Stim: image = 'TMTstop-A_1_2greenlinestimulus2.png'
31.1023 	EXP 	Stim: image = 'TMTstop-A_1_2greenlinestimulus2.png'
31.1023 	EXP 	Stim: autoDraw = True
31.1056 	EXP 	New trial (rep=0, index=5): {'NumberLetter': 6, 'corrAns': ['3'], 'Correct': 3, 'StimFile': 'TMTstop-A_1_2linestimulus3.png', 'Correct_StimFile': 'TMTstop-A_1_2greenlinestimulus3.png', 'False_StimFile': 'TMTstop-A_1_2redlinestimulus3.png', 'DurationTrial': 10}
31.1801 	DATA 	Keypress: 3
31.1857 	EXP 	Stim: autoDraw = False
31.1857 	EXP 	Stim: image = 'TMTstop-A_1_2greenlinestimulus3.png'
31.1857 	EXP 	Stim: image = 'TMTstop-A_1_2greenlinestimulus3.png'
31.1857 	EXP 	Stim: autoDraw = True
31.1889 	EXP 	New trial (rep=0, index=6): {'NumberLetter': 7, 'corrAns': ['2'], 'Correct': 2, 'StimFile': 'TMTstop-A_1_2linestimulus4.png', 'Correct_StimFile': 'TMTstop-A_1_2greenlinestimulus4.png', 'False_StimFile': 'TMTstop-A_1_2redlinestimulus4.png', 'DurationTrial': 10}
31.2640 	DATA 	Keypress: 1
31.2693 	EXP 	Stim: autoDraw = False
31.2693 	EXP 	Stim: image = 'TMTstop-A_1_2greenlinestimulus4.png'
31.2693 	EXP 	Stim: image = 'TMTstop-A_1_2greenlinestimulus4.png'
31.2693 	EXP 	Stim: autoDraw = True
31.2808 	DATA 	Keypress: 2
31.3969 	DATA 	Keypress: 1
31.4032 	EXP 	Stim: image = 'TMTstop-A_1_2redlinestimulus4.png'
31.4472 	DATA 	Keypress: 3
31.4473 	DATA 	Keypress: 2
31.4527 	EXP 	Stim: image = 'TMTstop-A_1_2redlinestimulus4.png'
31.4558 	EXP 	New trial (rep=0, index=7): {'NumberLetter': 8, 'corrAns': ['1'], 'Correct': 1, 'StimFile': 'TMTstop-A_1_2linestimulus5.png', 'Correct_StimFile': 'TMTstop-A_1_2greenlinestimulus5.png', 'False_StimFile': 'TMTstop-A_1_2redlinestimulus5.png', 'DurationTrial': 10}
31.5308 	DATA 	Keypress: 3
31.5358 	EXP 	Stim: autoDraw = False
31.5358 	EXP 	Stim: image = 'TMTstop-A_1_2greenlinestimulus5.png'
31.5358 	EXP 	Stim: image = 'TMTstop-A_1_2greenlinestimulus5.png'
31.5358 	EXP 	Stim: autoDraw = True
31.5803 	DATA 	Keypress: 1
31.5862 	EXP 	Stim: image = 'TMTstop-A_1_2redlinestimulus5.png'
31.6304 	DATA 	Keypress: 2
31.6360 	EXP 	Stim: image = 'TMTstop-A_1_2redlinestimulus5.png'
31.6859 	EXP 	Stim: image = 'TMTstop-A_1_2redlinestimulus5.png'
31.6893 	EXP 	New trial (rep=0, index=8): {'NumberLetter': 9, 'corrAns': ['2'], 'Correct': 2, 'StimFile': 'TMTstop-A_1_2linestimulus6.png', 'Correct_StimFile': 'TMTstop-A_1_2greenlinestimulus6.png', 'False_StimFile': 'TMTstop-A_1_2redlinestimulus6.png', 'DurationTrial': 10}
31.7638 	DATA 	Keypress: 1
31.7639 	DATA 	Keypress: 3
31.7640 	DATA 	Keypress: 2
31.7694 	EXP 	Stim: autoDraw = False
31.7694 	EXP 	Stim: image = 'TMTstop-A_1_2greenlinestimulus6.png'
31.7694 	EXP 	Stim: image = 'TMTstop-A_1_2greenlinestimulus6.png'
31.7694 	EXP 	Stim: autoDraw = True
31.7726 	EXP 	New trial (rep=0, index=9): {'NumberLetter': 10, 'corrAns': ['3'], 'Correct': 3, 'StimFile': 'TMTstop-A_1_2linestimulus7.png', 'Correct_StimFile': 'TMTstop-A_1_2greenlinestimulus7.png', 'False_StimFile': 'TMTstop-A_1_2redlinestimulus7.png', 'DurationTrial': 10}
31.8529 	EXP 	Stim: autoDraw = False
31.8529 	EXP 	Stim: image = 'TMTstop-A_1_2greenlinestimulus7.png'
31.8529 	EXP 	Stim: image = 'TMTstop-A_1_2greenlinestimulus7.png'
31.8529 	EXP 	Stim: autoDraw = True
31.8565 	EXP 	New trial (rep=0, index=10): {'NumberLetter': 11, 'corrAns': ['1'], 'Correct': 1, 'StimFile': 'TMTstop-A_1_2linestimulus8.png', 'Correct_StimFile': 'TMTstop-A_1_2greenlinestimulus8.png', 'False_StimFile': 'TMTstop-A_1_2redlinestimulus8.png', 'DurationTrial': 10}
31.9305 	DATA 	Keypress: 3
31.9306 	DATA 	Keypress: 1
31.9360 	EXP 	Stim: autoDraw = False
31.9360 	EXP 	Stim: image = 'TMTstop-A_1_2greenlinestimulus8.png'
31.9360 	EXP 	Stim: image = 'TMTstop-A_1_2greenlinestimulus8.png'
31.9360 	EXP 	Stim: autoDraw = True
31.9478 	DATA 	Keypress: 2
32.0802 	EXP 	New trial (rep=0, index=11): {'NumberLetter': 12, 'corrAns': ['2'], 'Correct': 2, 'StimFile': 'TMTstop-A_1_2linestimulus9.png', 'Correct_StimFile': 'TMTstop-A_1_2greenlinestimulus9.png', 'False_StimFile': 'TMTstop-A_1_2redlinestimulus9.png', 'DurationTrial': 10}
32.1473 	DATA 	Keypress: 1
32.1474 	DATA 	Keypress: 3
32.1474 	DATA 	Keypress: 2
32.1528 	EXP 	Stim: autoDraw = False
32.1528 	EXP 	Stim: image = 'TMTstop-A_1_2greenlinestimulus9.png'
32.1528 	EXP 	Stim: image = 'TMTstop-A_1_2greenlinestimulus9.png'
32.1528 	EXP 	Stim: autoDraw = True
32.1564 	EXP 	New trial (rep=0, index=12): {'NumberLetter': 13, 'corrAns': ['3'], 'Correct': 3, 'StimFile': 'TMTstop-A_1_2linestimulus10.png', 'Correct_StimFile': 'TMTstop-A_1_2greenlinestimulus10.png', 'False_StimFile': 'TMTstop-A_1_2redlinestimulus10.png', 'DurationTrial': 1}
32.2306 	DATA 	Keypress: 3
32.2362 	EXP 	Stim: autoDraw = False
32.2362 	EXP 	Stim: image = 'TMTstop-A_1_2greenlinestimulus10.png'
32.2362 	EXP 	Stim: image = 'TMTstop-A_1_2greenlinestimulus10.png'
32.2362 	EXP 	Stim: autoDraw = True
32.2396 	EXP 	New trial (rep=0, index=13): {'NumberLetter': 14, 'corrAns': ['1'], 'Correct': 1, 'StimFile': 'TMTstop-A_1_2linestimulus11.png', 'Correct_StimFile': 'TMTstop-A_1_2greenlinestimulus11.png', 'False_StimFile': 'TMTstop-A_1_2redlinestimulus11.png', 'DurationTrial': None}
32.3140 	DATA 	Keypress: 1
32.3141 	DATA 	Keypress: 2
32.3195 	EXP 	Stim: autoDraw = False
32.3195 	EXP 	Stim: image = 'TMTstop-A_1_2greenlinestimulus11.png'
32.3195 	EXP 	Stim: image = 'TMTstop-A_1_2greenlinestimulus11.png'
32.3195 	EXP 	Stim: autoDraw = True
32.3815 	DATA 	Keypress: 1
32.3900 	EXP 	New trial (rep=0, index=14): {'NumberLetter': 15, 'corrAns': ['3'], 'Correct': 3, 'StimFile': 'TMTstop-A_1_2linestimulus12.png', 'Correct_StimFile': 'TMTstop-A_1_2greenlinestimulus12.png', 'False_StimFile': 'TMTstop-A_1_2redlinestimulus12.png', 'DurationTrial': None}
32.4641 	DATA 	Keypress: 3
32.4641 	DATA 	Keypress: 2
32.4694 	EXP 	Stim: autoDraw = False
32.4694 	EXP 	Stim: image = 'TMTstop-A_1_2greenlinestimulus12.png'
32.4694 	EXP 	Stim: image = 'TMTstop-A_1_2greenlinestimulus12.png'
32.4694 	EXP 	Stim: autoDraw = True
32.5199 	EXP 	Stim: image = 'TMTstop-A_1_2redlinestimulus12.png'
32.5641 	DATA 	Keypress: 3
32.5642 	DATA 	Keypress: 1
32.5698 	EXP 	Stim: image = 'TMTstop-A_1_2redlinestimulus12.png'
32.5728 	EXP 	New trial (rep=0, index=15): {'NumberLetter': 16, 'corrAns': ['1'], 'Correct': 1, 'StimFile': 'TMTstop-A_1_2linestimulus13.png', 'Correct_StimFile': 'TMTstop-A_1_2greenlinestimulus13.png', 'False_StimFile': 'TMTstop-A_1_2redlinestimulus13.png', 'DurationTrial': None}
32.6479 	DATA 	Keypress: 2
32.6534 	EXP 	Stim: autoDraw = False
32.6534 	EXP 	Stim: image = 'TMTstop-A_1_2greenlinestimulus13.png'
32.6534 	EXP 	Stim: image = 'TMTstop-A_1_2greenlinestimulus13.png'
32.6534 	EXP 	Stim: autoDraw = True
32.6898 	EXP 	New trial (rep=0, index=16): {'NumberLetter': 17, 'corrAns': ['2'], 'Correct': 2, 'StimFile': 'TMTstop-A_1_2linestimulus14.png', 'Correct_StimFile': 'TMTstop-A_1_2greenlinestimulus14.png', 'False_StimFile': 'TMTstop-A_1_2redlinestimulus14.png', 'DurationTrial': None}
32.7642 	DATA 	Keypress: 1
32.7643 	DATA 	Keypress: 3
32.7644 	DATA 	Keypress: 2
32.7698 	EXP 	Stim: autoDraw = False
32.7698 	EXP 	Stim: image = 'TMTstop-A_1_2greenlinestimulus14.png'
32.7698 	EXP 	Stim: image = 'TMTstop-A_1_2greenlinestimulus14.png'
32.7698 	EXP 	Stim: autoDraw = True
32.7730 	EXP 	New trial (rep=0, index=17): {'NumberLetter': 18, 'corrAns': ['1'], 'Correct': 1, 'StimFile': 'TMTstop-A_1_2linestimulus15.png', 'Correct_StimFile': 'TMTstop-A_1_2greenlinestimulus15.png', 'False_StimFile': 'TMTstop-A_1_2redlinestimulus15.png', 'DurationTrial': None}
32.8532 	EXP 	Stim: autoDraw = False
32.8532 	EXP 	Stim: image = 'TMTstop-A_1_2greenlinestimulus15.png'
32.8532 	EXP 	Stim: image = 'TMTstop-A_1_2greenlinestimulus15.png'
32.8532 	EXP 	Stim: autoDraw = True
32.8982 	DATA 	Keypress: 3
32.9477 	DATA 	Keypress: 1
32.9536 	EXP 	Stim: image = 'TMTstop-A_1_2redlinestimulus15.png'
32.9977 	DATA 	Keypress: 2
33.0031 	EXP 	Stim: image = 'TMTstop-A_1_2redlinestimulus15.png'
33.0533 	EXP 	Stim: image = 'TMTstop-A_1_2redlinestimulus15.png'
33.0569 	EXP 	New trial (rep=0, index=18): {'NumberLetter': 19, 'corrAns': ['3'], 'Correct': 3, 'StimFile': 'TMTstop-A_1_2linestimulus16.png', 'Correct_StimFile': 'TMTstop-A_1_2greenlinestimulus16.png', 'False_StimFile': 'TMTstop-A_1_2redlinestimulus16.png', 'DurationTrial': None}
33.1311 	DATA 	Keypress: 1
33.1312 	DATA 	Keypress: 2
33.1313 	DATA 	Keypress: 3
33.1365 	EXP 	Stim: autoDraw = False
33.1365 	EXP 	Stim: image = 'TMTstop-A_1_2greenlinestimulus16.png'
33.1365 	EXP 	Stim: image = 'TMTstop-A_1_2greenlinestimulus16.png'
33.1365 	EXP 	Stim: autoDraw = True
33.1869 	EXP 	Stim: image = 'TMTstop-A_1_2redlinestimulus16.png'
33.2367 	EXP 	Stim: image = 'TMTstop-A_1_2redlinestimulus16.png'
33.2813 	DATA 	Keypress: 3
33.2814 	DATA 	Keypress: 1
33.2869 	EXP 	Stim: image = 'TMTstop-A_1_2redlinestimulus16.png'
33.2902 	EXP 	New trial (rep=0, index=19): {'NumberLetter': 20, 'corrAns': ['1'], 'Correct': 1, 'StimFile': 'TMTstop-A_1_2linestimulus17.png', 'Correct_StimFile': 'TMTstop-A_1_2greenlinestimulus17.png', 'False_StimFile': 'TMTstop-A_1_2redlinestimulus17.png', 'DurationTrial': None}
33.3645 	DATA 	Keypress: 2
33.3700 	EXP 	Stim: autoDraw = False
33.3700 	EXP 	Stim: image = 'TMTstop-A_1_2greenlinestimulus17.png'
33.3700 	EXP 	Stim: image = 'TMTstop-A_1_2greenlinestimulus17.png'
33.3700 	EXP 	Stim: autoDraw = True
33.3988 	DATA 	Keypress: 1
33.4079 	EXP 	New trial (rep=0, index=20): {'NumberLetter': 21, 'corrAns': ['2'], 'Correct': 2, 'StimFile': 'TMTstop-A_1_2linestimulus18.png', 'Correct_StimFile': 'TMTstop-A_1_2greenlinestimulus18.png', 'False_StimFile': 'TMTstop-A_1_2redlinestimulus18.png', 'DurationTrial': None}
33.4816 	DATA 	Keypress: 2
33.4818 	DATA 	Keypress: 3
33.4890 	EXP 	Stim: autoDraw = False
33.4890 	EXP 	Stim: image = 'TMTstop-A_1_2greenlinestimulus18.png'
33.4890 	EXP 	Stim: image = 'TMTstop-A_1_2greenlinestimulus18.png'
33.4890 	EXP 	Stim: autoDraw = True
33.4925 	EXP 	New trial (rep=0, index=21): {'NumberLetter': 22, 'corrAns': ['1'], 'Correct': 1, 'StimFile': 'TMTstop-A_1_2linestimulus19.png', 'Correct_StimFile': 'TMTstop-A_1_2greenlinestimulus19.png', 'False_StimFile': 'TMTstop-A_1_2redlinestimulus19.png', 'DurationTrial': None}
33.5701 	EXP 	Stim: autoDraw = False
33.5701 	EXP 	Stim: image = 'TMTstop-A_1_2greenlinestimulus19.png'
33.5701 	EXP 	Stim: image = 'TMTstop-A_1_2greenlinestimulus19.png'
33.5701 	EXP 	Stim: autoDraw = True
33.5821 	DATA 	Keypress: 3
33.6318 	DATA 	Keypress: 1
33.6371 	EXP 	Stim: image = 'TMTstop-A_1_2redlinestimulus19.png'
33.6813 	DATA 	Keypress: 2
33.6870 	EXP 	Stim: image = 'TMTstop-A_1_2redlinestimulus19.png'
33.7369 	EXP 	Stim: image = 'TMTstop-A_1_2redlinestimulus19.png'
33.7813 	DATA 	Keypress: 1
33.7870 	EXP 	Stim: image = 'TMTstop-A_1_2redlinestimulus19.png'
33.7905 	EXP 	New trial (rep=0, index=22): {'NumberLetter': 23, 'corrAns': ['2'], 'Correct': 2, 'StimFile': 'TMTstop-A_1_2linestimulus20.png', 'Correct_StimFile': 'TMTstop-A_1_2greenlinestimulus20.png', 'False_StimFile': 'TMTstop-A_1_2redlinestimulus20.png', 'DurationTrial': None}
33.8648 	DATA 	Keypress: 3
33.8648 	DATA 	Keypress: 2
33.8703 	EXP 	Stim: autoDraw = False
33.8703 	EXP 	Stim: image = 'TMTstop-A_1_2greenlinestimulus20.png'
33.8703 	EXP 	Stim: image = 'TMTstop-A_1_2greenlinestimulus20.png'
33.8703 	EXP 	Stim: autoDraw = True
33.8738 	EXP 	New trial (rep=0, index=23): {'NumberLetter': 24, 'corrAns': ['1'], 'Correct': 1, 'StimFile': 'TMTstop-A_1_2linestimulus21.png', 'Correct_StimFile': 'TMTstop-A_1_2greenlinestimulus21.png', 'False_StimFile': 'TMTstop-A_1_2redlinestimulus21.png', 'DurationTrial': None}
33.9482 	DATA 	Keypress: 3
33.9538 	EXP 	Stim: autoDraw = False
33.9538 	EXP 	Stim: image = 'TMTstop-A_1_2greenlinestimulus21.png'
33.9538 	EXP 	Stim: image = 'TMTstop-A_1_2greenlinestimulus21.png'
33.9538 	EXP 	Stim: autoDraw = True
33.9981 	DATA 	Keypress: 1
34.0042 	EXP 	Stim: image = 'TMTstop-A_1_2redlinestimulus21.png'
34.0482 	DATA 	Keypress: 2
34.0537 	EXP 	Stim: image = 'TMTstop-A_1_2redlinestimulus21.png'
34.0982 	DATA 	Keypress: 1
34.1036 	EXP 	Stim: image = 'TMTstop-A_1_2redlinestimulus21.png'
34.1069 	EXP 	New trial (rep=0, index=24): {'NumberLetter': 25, 'corrAns': ['2'], 'Correct': 2, 'StimFile': 'TMTstop-A_1_2linestimulus22.png', 'Correct_StimFile': 'TMTstop-A_1_2greenlinestimulus22.png', 'False_StimFile': 'TMTstop-A_1_2redlinestimulus22.png', 'DurationTrial': None}
34.1816 	DATA 	Keypress: 3
34.1816 	DATA 	Keypress: 2
34.1871 	EXP 	Stim: autoDraw = False
34.1871 	EXP 	Stim: image = 'TMTstop-A_1_2greenlinestimulus22.png'
34.1871 	EXP 	Stim: image = 'TMTstop-A_1_2greenlinestimulus22.png'
34.1871 	EXP 	Stim: autoDraw = True
34.1907 	EXP 	New trial (rep=0, index=25): {'NumberLetter': None, 'corrAns': None, 'Correct': None, 'StimFile': 'TMTstop-A_1_2linestimulus23.png', 'Correct_StimFile': 'TMTstop-A_1_2greenlinestimulus23.png', 'False_StimFile': 'TMTstop-A_1_2redlinestimulus23.png', 'DurationTrial': None}
34.2705 	EXP 	Stim: autoDraw = False
34.2705 	EXP 	Stim: image = 'TMTstop-A_1_2greenlinestimulus23.png'
34.2705 	EXP 	Stim: image = 'TMTstop-A_1_2greenlinestimulus23.png'
34.2705 	EXP 	Stim: autoDraw = True
34.2823 	DATA 	Keypress: 3
34.3316 	DATA 	Keypress: 1
34.3376 	EXP 	Stim: image = 'TMTstop-A_1_2redlinestimulus23.png'
34.3816 	DATA 	Keypress: 2
34.3873 	EXP 	Stim: image = 'TMTstop-A_1_2redlinestimulus23.png'
34.4372 	EXP 	Stim: image = 'TMTstop-A_1_2redlinestimulus23.png'
34.4817 	DATA 	Keypress: 1
34.4877 	EXP 	Stim: image = 'TMTstop-A_1_2redlinestimulus23.png'
34.5317 	DATA 	Keypress: 3
34.5318 	DATA 	Keypress: 2
34.5372 	EXP 	Stim: image = 'TMTstop-A_1_2redlinestimulus23.png'
34.5873 	EXP 	Stim: image = 'TMTstop-A_1_2redlinestimulus23.png'
34.6317 	DATA 	Keypress: 3
34.6372 	EXP 	Stim: image = 'TMTstop-A_1_2redlinestimulus23.png'
34.6818 	DATA 	Keypress: 1
34.6874 	EXP 	Stim: image = 'TMTstop-A_1_2redlinestimulus23.png'
34.7320 	DATA 	Keypress: 2
34.7374 	EXP 	Stim: image = 'TMTstop-A_1_2redlinestimulus23.png'
34.7818 	DATA 	Keypress: 1
34.7874 	EXP 	Stim: image = 'TMTstop-A_1_2redlinestimulus23.png'
34.8318 	DATA 	Keypress: 3
34.8374 	EXP 	Stim: image = 'TMTstop-A_1_2redlinestimulus23.png'
34.8819 	DATA 	Keypress: 2
34.8874 	EXP 	Stim: image = 'TMTstop-A_1_2redlinestimulus23.png'
34.9377 	EXP 	Stim: image = 'TMTstop-A_1_2redlinestimulus23.png'
34.9878 	EXP 	Stim: image = 'TMTstop-A_1_2redlinestimulus23.png'
35.0320 	DATA 	Keypress: 3
35.0326 	DATA 	Keypress: 1
35.0375 	EXP 	Stim: image = 'TMTstop-A_1_2redlinestimulus23.png'
35.0820 	DATA 	Keypress: 3
35.0876 	EXP 	Stim: image = 'TMTstop-A_1_2redlinestimulus23.png'
35.1320 	DATA 	Keypress: 2
35.1375 	EXP 	Stim: image = 'TMTstop-A_1_2redlinestimulus23.png'
35.1877 	EXP 	Stim: image = 'TMTstop-A_1_2redlinestimulus23.png'
35.2376 	EXP 	Stim: image = 'TMTstop-A_1_2redlinestimulus23.png'
35.2875 	EXP 	Stim: image = 'TMTstop-A_1_2redlinestimulus23.png'
35.4193 	EXP 	Stim: image = 'TMTstop-A_1_2redlinestimulus23.png'
35.4193 	EXP 	Stim: autoDraw = False
35.4193 	EXP 	polygon: autoDraw = True
38.3209 	EXP 	New trial (rep=0, index=2): {'Block_file': 'TMTstop-A_1_3.xlsx', 'Condition_rows': '52:78'}
38.3306 	EXP 	Imported TMTstop-A_1_3.xlsx as conditions, 26 conditions, 7 params
38.3309 	EXP 	Created sequence: sequential, trialTypes=26, nReps=1, seed=None
38.3311 	EXP 	New trial (rep=0, index=0): {'NumberLetter': 1, 'corrAns': ['2'], 'Correct': 2, 'StimFile': 'TMTstop-A_1_3.png', 'Correct_StimFile': 'TMTstop-A_1_3.png', 'False_StimFile': 'TMTstop-A_1_3.png', 'DurationTrial': 10}
38.3739 	EXP 	polygon: autoDraw = False
38.3739 	EXP 	Stim: image = 'TMTstop-A_1_3.png'
38.3739 	EXP 	Stim: autoDraw = True
39.7186 	DATA 	Keypress: esc
39.9577 	EXP 	window1: mouseVisible = True
