1.8024 	WARNING 	We strongly recommend you activate the PTB sound engine in PsychoPy prefs as the preferred audio engine. Its timing is vastly superior. Your prefs are currently set to use ['pyo'] (in that order).
8.1141 	WARNING 	Couldn't measure a consistent frame rate.
  - Is your graphics card set to sync to vertical blank?
  - Are you running other processes on your computer?

8.1143 	EXP 	Created window1 = Window(allowGUI=True, allowStencil=False, autoLog=True, backendConf=UNKNOWN, bitsMode=UNKNOWN, blendMode='avg', bpc=(8, 8, 8), color=array([0, 0, 0]), colorSpace='rgb', depthBits=8, fullscr=<method-wrapper '__getattribute__' of attributeSetter object at 0x00000248341FF4A8>, gamma=None, gammaErrorPolicy='raise', lms=UNKNOWN, monitor=<psychopy.monitors.calibTools.Monitor object at 0x0000024834258780>, multiSample=False, name='window1', numSamples=2, pos=[760.0, 180.0], screen=0, size=array([1920, 1080]), stencilBits=0, stereo=False, units='height', useFBO=True, useRetina=False, viewOri=0.0, viewPos=None, viewScale=None, waitBlanking=True, winType='glfw')
8.1144 	EXP 	window1: mouseVisible = True
8.1144 	EXP 	window1: recordFrameIntervals = False
8.2722 	EXP 	window1: recordFrameIntervals = True
8.3792 	WARNING 	t of last frame was 82.40ms (=1/12)
8.5034 	WARNING 	t of last frame was 73.13ms (=1/13)
8.6404 	WARNING 	t of last frame was 76.93ms (=1/12)
8.7682 	WARNING 	t of last frame was 78.63ms (=1/12)
8.8928 	WARNING 	Multiple dropped frames have occurred - I'll stop bothering you about them!
10.1219 	WARNING 	Couldn't measure a consistent frame rate.
  - Is your graphics card set to sync to vertical blank?
  - Are you running other processes on your computer?

10.5276 	EXP 	Created image_2 = ImageStim(__class__=<class 'psychopy.visual.image.ImageStim'>, autoLog=True, color=array([1., 1., 1.]), colorSpace='rgb', contrast=1.0, depth=0.0, flipHoriz=False, flipVert=False, image='Instruktioner TMTstopA.png', interpolate=True, mask=None, maskParams=None, name='image_2', opacity=1, ori=0.0, pos=array([0., 0.]), size=array([1.28, 0.72]), texRes=128.0, units='height', win=Window(...))
10.5303 	EXP 	Created polygon_2 = ShapeStim(__class__=<class 'psychopy.visual.shape.ShapeStim'>, autoDraw=False, autoLog=True, closeShape=True, color=method-wrapper(...), colorSpace='rgb', contrast=None, depth=-1.0, fillColor=array([1, 1, 1]), fillColorSpace='rgb', fillRGB=array([1, 1, 1]), interpolate=True, lineColor=array([1., 1., 1.]), lineColorSpace='rgb', lineRGB=array([1, 1, 1]), lineWidth=1.0, name='polygon_2', opacity=1, ori=0.0, pos=array([0., 0.]), size=array([0.5, 0.5]), units='height', vertices=ndarray(...), win=Window(...), windingRule=None)
10.5349 	EXP 	Created Stim = ImageStim(__class__=<class 'psychopy.visual.image.ImageStim'>, autoLog=True, color=array([1., 1., 1.]), colorSpace='rgb', contrast=1.0, depth=0.0, flipHoriz=False, flipVert=False, image='sin', interpolate=True, mask=None, maskParams=None, name='Stim', opacity=1, ori=0.0, pos=array([0., 0.]), size=array([1.777, 1.   ]), texRes=128.0, units='height', win=Window(...))
10.5370 	EXP 	Created polygon = ShapeStim(__class__=<class 'psychopy.visual.shape.ShapeStim'>, autoDraw=False, autoLog=True, closeShape=True, color=method-wrapper(...), colorSpace='rgb', contrast=None, depth=0.0, fillColor=array([1, 1, 1]), fillColorSpace='rgb', fillRGB=array([1, 1, 1]), interpolate=True, lineColor=array([1., 1., 1.]), lineColorSpace='rgb', lineRGB=array([1, 1, 1]), lineWidth=1.0, name='polygon', opacity=1, ori=0.0, pos=array([0., 0.]), size=array([0.5, 0.5]), units='height', vertices=ndarray(...), win=Window(...), windingRule=None)
10.6343 	EXP 	Created image_3 = ImageStim(__class__=<class 'psychopy.visual.image.ImageStim'>, autoLog=True, color=array([1., 1., 1.]), colorSpace='rgb', contrast=1.0, depth=0.0, flipHoriz=False, flipVert=False, image='Instruktioner TMTstopA.png', interpolate=True, mask=None, maskParams=None, name='image_3', opacity=1, ori=0.0, pos=array([0., 0.]), size=array([1.28, 0.72]), texRes=128.0, units='height', win=Window(...))
10.6414 	EXP 	Created Stim = ImageStim(__class__=<class 'psychopy.visual.image.ImageStim'>, autoLog=True, color=array([1., 1., 1.]), colorSpace='rgb', contrast=1.0, depth=0.0, flipHoriz=False, flipVert=False, image='sin', interpolate=True, mask=None, maskParams=None, name='Stim', opacity=1, ori=0.0, pos=array([0., 0.]), size=array([1.777, 1.   ]), texRes=128.0, units='height', win=Window(...))
10.6436 	EXP 	Created polygon = ShapeStim(__class__=<class 'psychopy.visual.shape.ShapeStim'>, autoDraw=False, autoLog=True, closeShape=True, color=method-wrapper(...), colorSpace='rgb', contrast=None, depth=0.0, fillColor=array([1, 1, 1]), fillColorSpace='rgb', fillRGB=array([1, 1, 1]), interpolate=True, lineColor=array([1., 1., 1.]), lineColorSpace='rgb', lineRGB=array([1, 1, 1]), lineWidth=1.0, name='polygon', opacity=1, ori=0.0, pos=array([0., 0.]), size=array([0.5, 0.5]), units='height', vertices=ndarray(...), win=Window(...), windingRule=None)
10.7400 	EXP 	Created image_4 = ImageStim(__class__=<class 'psychopy.visual.image.ImageStim'>, autoLog=True, color=array([1., 1., 1.]), colorSpace='rgb', contrast=1.0, depth=0.0, flipHoriz=False, flipVert=False, image='Instruktioner TMTstopB.png', interpolate=True, mask=None, maskParams=None, name='image_4', opacity=1, ori=0.0, pos=array([0., 0.]), size=array([1.28, 0.72]), texRes=128.0, units='height', win=Window(...))
10.7549 	EXP 	Created Stim = ImageStim(__class__=<class 'psychopy.visual.image.ImageStim'>, autoLog=True, color=array([1., 1., 1.]), colorSpace='rgb', contrast=1.0, depth=0.0, flipHoriz=False, flipVert=False, image='sin', interpolate=True, mask=None, maskParams=None, name='Stim', opacity=1, ori=0.0, pos=array([0., 0.]), size=array([1.777, 1.   ]), texRes=128.0, units='height', win=Window(...))
10.7570 	EXP 	Created polygon = ShapeStim(__class__=<class 'psychopy.visual.shape.ShapeStim'>, autoDraw=False, autoLog=True, closeShape=True, color=method-wrapper(...), colorSpace='rgb', contrast=None, depth=0.0, fillColor=array([1, 1, 1]), fillColorSpace='rgb', fillRGB=array([1, 1, 1]), interpolate=True, lineColor=array([1., 1., 1.]), lineColorSpace='rgb', lineRGB=array([1, 1, 1]), lineWidth=1.0, name='polygon', opacity=1, ori=0.0, pos=array([0., 0.]), size=array([0.5, 0.5]), units='height', vertices=ndarray(...), win=Window(...), windingRule=None)
10.8504 	EXP 	Created image_3 = ImageStim(__class__=<class 'psychopy.visual.image.ImageStim'>, autoLog=True, color=array([1., 1., 1.]), colorSpace='rgb', contrast=1.0, depth=0.0, flipHoriz=False, flipVert=False, image='Instruktioner TMTstopA.png', interpolate=True, mask=None, maskParams=None, name='image_3', opacity=1, ori=0.0, pos=array([0., 0.]), size=array([1.28, 0.72]), texRes=128.0, units='height', win=Window(...))
10.8552 	EXP 	Created Stim = ImageStim(__class__=<class 'psychopy.visual.image.ImageStim'>, autoLog=True, color=array([1., 1., 1.]), colorSpace='rgb', contrast=1.0, depth=0.0, flipHoriz=False, flipVert=False, image='sin', interpolate=True, mask=None, maskParams=None, name='Stim', opacity=1, ori=0.0, pos=array([0., 0.]), size=array([1.777, 1.   ]), texRes=128.0, units='height', win=Window(...))
10.8572 	EXP 	Created polygon = ShapeStim(__class__=<class 'psychopy.visual.shape.ShapeStim'>, autoDraw=False, autoLog=True, closeShape=True, color=method-wrapper(...), colorSpace='rgb', contrast=None, depth=0.0, fillColor=array([1, 1, 1]), fillColorSpace='rgb', fillRGB=array([1, 1, 1]), interpolate=True, lineColor=array([1., 1., 1.]), lineColorSpace='rgb', lineRGB=array([1, 1, 1]), lineWidth=1.0, name='polygon', opacity=1, ori=0.0, pos=array([0., 0.]), size=array([0.5, 0.5]), units='height', vertices=ndarray(...), win=Window(...), windingRule=None)
10.9434 	EXP 	Created image_3 = ImageStim(__class__=<class 'psychopy.visual.image.ImageStim'>, autoLog=True, color=array([1., 1., 1.]), colorSpace='rgb', contrast=1.0, depth=0.0, flipHoriz=False, flipVert=False, image='Instruktioner TMTstopA.png', interpolate=True, mask=None, maskParams=None, name='image_3', opacity=1, ori=0.0, pos=array([0., 0.]), size=array([1.28, 0.72]), texRes=128.0, units='height', win=Window(...))
10.9487 	EXP 	Created Stim = ImageStim(__class__=<class 'psychopy.visual.image.ImageStim'>, autoLog=True, color=array([1., 1., 1.]), colorSpace='rgb', contrast=1.0, depth=0.0, flipHoriz=False, flipVert=False, image='sin', interpolate=True, mask=None, maskParams=None, name='Stim', opacity=1, ori=0.0, pos=array([0., 0.]), size=array([1.777, 1.   ]), texRes=128.0, units='height', win=Window(...))
10.9507 	EXP 	Created polygon = ShapeStim(__class__=<class 'psychopy.visual.shape.ShapeStim'>, autoDraw=False, autoLog=True, closeShape=True, color=method-wrapper(...), colorSpace='rgb', contrast=None, depth=0.0, fillColor=array([1, 1, 1]), fillColorSpace='rgb', fillRGB=array([1, 1, 1]), interpolate=True, lineColor=array([1., 1., 1.]), lineColorSpace='rgb', lineRGB=array([1, 1, 1]), lineWidth=1.0, name='polygon', opacity=1, ori=0.0, pos=array([0., 0.]), size=array([0.5, 0.5]), units='height', vertices=ndarray(...), win=Window(...), windingRule=None)
11.0378 	EXP 	Created image_4 = ImageStim(__class__=<class 'psychopy.visual.image.ImageStim'>, autoLog=True, color=array([1., 1., 1.]), colorSpace='rgb', contrast=1.0, depth=0.0, flipHoriz=False, flipVert=False, image='Instruktioner TMTstopB.png', interpolate=True, mask=None, maskParams=None, name='image_4', opacity=1, ori=0.0, pos=array([0., 0.]), size=array([1.28, 0.72]), texRes=128.0, units='height', win=Window(...))
11.0437 	EXP 	Created Stim = ImageStim(__class__=<class 'psychopy.visual.image.ImageStim'>, autoLog=True, color=array([1., 1., 1.]), colorSpace='rgb', contrast=1.0, depth=0.0, flipHoriz=False, flipVert=False, image='sin', interpolate=True, mask=None, maskParams=None, name='Stim', opacity=1, ori=0.0, pos=array([0., 0.]), size=array([1.777, 1.   ]), texRes=128.0, units='height', win=Window(...))
11.0456 	EXP 	Created polygon = ShapeStim(__class__=<class 'psychopy.visual.shape.ShapeStim'>, autoDraw=False, autoLog=True, closeShape=True, color=method-wrapper(...), colorSpace='rgb', contrast=None, depth=0.0, fillColor=array([1, 1, 1]), fillColorSpace='rgb', fillRGB=array([1, 1, 1]), interpolate=True, lineColor=array([1., 1., 1.]), lineColorSpace='rgb', lineRGB=array([1, 1, 1]), lineWidth=1.0, name='polygon', opacity=1, ori=0.0, pos=array([0., 0.]), size=array([0.5, 0.5]), units='height', vertices=ndarray(...), win=Window(...), windingRule=None)
11.1607 	EXP 	Created text = TextStim(__class__=<class 'psychopy.visual.text.TextStim'>, alignHoriz=method-wrapper(...), alignText='center', alignVert=method-wrapper(...), anchorHoriz='center', anchorVert='center', antialias=True, autoLog=True, bold=False, color=array([1., 1., 1.]), colorSpace='rgb', contrast=1.0, depth=0.0, flipHoriz=False, flipVert=False, font='Open Sans', fontFiles=[], height=0.04, italic=False, languageStyle='LTR', name='text', opacity=1, ori=0.0, pos=array([0., 0.]), rgb=UNKNOWN, text=str(...), units='height', win=Window(...), wrapWidth=1)
11.3229 	EXP 	image_2: autoDraw = True
12.5524 	DATA 	Keypress: 2
12.5706 	EXP 	image_2: autoDraw = False
12.5706 	EXP 	polygon_2: autoDraw = True
12.8152 	DATA 	Keypress: 2
15.1468 	DATA 	Keypress: s
15.1568 	EXP 	Imported TMTstop-Control_1_conditions.xlsx as conditions, 4 conditions, 2 params
15.1571 	EXP 	Created sequence: sequential, trialTypes=4, nReps=1, seed=None
15.1573 	EXP 	New trial (rep=0, index=0): {'Block_file': 'TMTstop-Control_1_1.xlsx', 'Condition_rows': '0:26'}
15.2139 	EXP 	Imported TMTstop-control_1_merged.xlsx as conditions, 26 conditions, 9 params
15.2142 	EXP 	Created sequence: sequential, trialTypes=26, nReps=1, seed=None
15.2145 	EXP 	New trial (rep=0, index=0): {'NumberLetter': 1, 'corrAns': ['2'], 'Correct': 2, 'StimFile': 'TMTstop-control_1_1.png', 'Correct_StimFile': 'TMTstop-control_1_1.png', 'False_StimFile': 'TMTstop-control_1_1.png', 'Version': 'TMT_Control', 'Block': 1, 'TrialNumber_session': 1}
15.2148 	WARNING 	Requested image 'TMTstop-control_1_1.png' not found but similar filename 'TMTstop-control_1_1.jpg' exists. This will be used instead but changing the filename is advised.
15.3288 	EXP 	polygon_2: autoDraw = False
15.3288 	EXP 	Stim: image = 'TMTstop-control_1_1.png'
15.3288 	EXP 	Stim: autoDraw = True
15.3777 	DATA 	Keypress: s
15.9900 	DATA 	Keypress: 1
15.9971 	WARNING 	Requested image 'TMTstop-control_1_1.png' not found but similar filename 'TMTstop-control_1_1.jpg' exists. This will be used instead but changing the filename is advised.
16.0322 	EXP 	Stim: image = 'TMTstop-control_1_1.png'
16.0341 	WARNING 	Requested image 'TMTstop-control_1_1.png' not found but similar filename 'TMTstop-control_1_1.jpg' exists. This will be used instead but changing the filename is advised.
16.1241 	EXP 	Stim: image = 'TMTstop-control_1_1.png'
16.1263 	WARNING 	Requested image 'TMTstop-control_1_1.png' not found but similar filename 'TMTstop-control_1_1.jpg' exists. This will be used instead but changing the filename is advised.
16.1656 	EXP 	Stim: image = 'TMTstop-control_1_1.png'
16.1669 	WARNING 	Requested image 'TMTstop-control_1_1.png' not found but similar filename 'TMTstop-control_1_1.jpg' exists. This will be used instead but changing the filename is advised.
16.2421 	DATA 	Keypress: 2
16.2477 	EXP 	Stim: image = 'TMTstop-control_1_1.png'
16.2520 	EXP 	New trial (rep=0, index=1): {'NumberLetter': 2, 'corrAns': ['1'], 'Correct': 1, 'StimFile': 'TMTstop-control_1_1.png', 'Correct_StimFile': 'TMTstop-control_1_1firstgreen.png', 'False_StimFile': 'TMTstop-control_1_1firstred.png', 'Version': 'TMT_Control', 'Block': 1, 'TrialNumber_session': 2}
16.3694 	DATA 	Keypress: 1
16.3750 	EXP 	Stim: autoDraw = False
16.3750 	EXP 	Stim: image = 'TMTstop-control_1_1firstgreen.png'
16.3750 	EXP 	Stim: image = 'TMTstop-control_1_1firstgreen.png'
16.3750 	EXP 	Stim: autoDraw = True
16.5437 	DATA 	Keypress: 2
16.6358 	DATA 	Keypress: 3
16.6851 	DATA 	Keypress: 1
16.6917 	EXP 	Stim: image = 'TMTstop-control_1_1firstred.png'
16.6960 	EXP 	New trial (rep=0, index=2): {'NumberLetter': 3, 'corrAns': ['3'], 'Correct': 3, 'StimFile': 'TMTstop-control_1_1linestimulus0.png', 'Correct_StimFile': 'TMTstop-control_1_1greenlinestimulus0.png', 'False_StimFile': 'TMTstop-control_1_1redlinestimulus0.png', 'Version': 'TMT_Control', 'Block': 1, 'TrialNumber_session': 3}
16.7696 	DATA 	Keypress: 2
16.7698 	DATA 	Keypress: 3
16.7745 	EXP 	Stim: autoDraw = False
16.7745 	EXP 	Stim: image = 'TMTstop-control_1_1greenlinestimulus0.png'
16.7745 	EXP 	Stim: image = 'TMTstop-control_1_1greenlinestimulus0.png'
16.7745 	EXP 	Stim: autoDraw = True
16.8245 	EXP 	Stim: image = 'TMTstop-control_1_1redlinestimulus0.png'
16.9026 	DATA 	Keypress: 3
16.9081 	EXP 	Stim: image = 'TMTstop-control_1_1redlinestimulus0.png'
16.9119 	EXP 	New trial (rep=0, index=3): {'NumberLetter': 4, 'corrAns': ['1'], 'Correct': 1, 'StimFile': 'TMTstop-control_1_1linestimulus1.png', 'Correct_StimFile': 'TMTstop-control_1_1greenlinestimulus1.png', 'False_StimFile': 'TMTstop-control_1_1redlinestimulus1.png', 'Version': 'TMT_Control', 'Block': 1, 'TrialNumber_session': 4}
17.0271 	DATA 	Keypress: 1
17.0281 	DATA 	Keypress: 2
17.0326 	EXP 	Stim: autoDraw = False
17.0326 	EXP 	Stim: image = 'TMTstop-control_1_1greenlinestimulus1.png'
17.0326 	EXP 	Stim: image = 'TMTstop-control_1_1greenlinestimulus1.png'
17.0326 	EXP 	Stim: autoDraw = True
17.0604 	DATA 	Keypress: 1
17.0685 	EXP 	New trial (rep=0, index=4): {'NumberLetter': 5, 'corrAns': ['3'], 'Correct': 3, 'StimFile': 'TMTstop-control_1_1linestimulus2.png', 'Correct_StimFile': 'TMTstop-control_1_1greenlinestimulus2.png', 'False_StimFile': 'TMTstop-control_1_1redlinestimulus2.png', 'Version': 'TMT_Control', 'Block': 1, 'TrialNumber_session': 5}
17.1671 	DATA 	Keypress: 3
17.1675 	DATA 	Keypress: 2
17.1729 	EXP 	Stim: autoDraw = False
17.1729 	EXP 	Stim: image = 'TMTstop-control_1_1greenlinestimulus2.png'
17.1729 	EXP 	Stim: image = 'TMTstop-control_1_1greenlinestimulus2.png'
17.1729 	EXP 	Stim: autoDraw = True
17.2161 	EXP 	Stim: image = 'TMTstop-control_1_1redlinestimulus2.png'
17.3073 	DATA 	Keypress: 3
17.3078 	DATA 	Keypress: 1
17.3130 	EXP 	Stim: image = 'TMTstop-control_1_1redlinestimulus2.png'
17.3173 	EXP 	New trial (rep=0, index=5): {'NumberLetter': 6, 'corrAns': ['1'], 'Correct': 1, 'StimFile': 'TMTstop-control_1_1linestimulus3.png', 'Correct_StimFile': 'TMTstop-control_1_1greenlinestimulus3.png', 'False_StimFile': 'TMTstop-control_1_1redlinestimulus3.png', 'Version': 'TMT_Control', 'Block': 1, 'TrialNumber_session': 6}
17.4355 	DATA 	Keypress: 2
17.4359 	DATA 	Keypress: 1
17.4409 	EXP 	Stim: autoDraw = False
17.4409 	EXP 	Stim: image = 'TMTstop-control_1_1greenlinestimulus3.png'
17.4409 	EXP 	Stim: image = 'TMTstop-control_1_1greenlinestimulus3.png'
17.4409 	EXP 	Stim: autoDraw = True
17.4453 	EXP 	New trial (rep=0, index=6): {'NumberLetter': 7, 'corrAns': ['2'], 'Correct': 2, 'StimFile': 'TMTstop-control_1_1linestimulus4.png', 'Correct_StimFile': 'TMTstop-control_1_1greenlinestimulus4.png', 'False_StimFile': 'TMTstop-control_1_1redlinestimulus4.png', 'Version': 'TMT_Control', 'Block': 1, 'TrialNumber_session': 7}
17.5774 	DATA 	Keypress: 3
17.5780 	DATA 	Keypress: 2
17.5829 	EXP 	Stim: autoDraw = False
17.5829 	EXP 	Stim: image = 'TMTstop-control_1_1greenlinestimulus4.png'
17.5829 	EXP 	Stim: image = 'TMTstop-control_1_1greenlinestimulus4.png'
17.5829 	EXP 	Stim: autoDraw = True
17.5873 	EXP 	New trial (rep=0, index=7): {'NumberLetter': 8, 'corrAns': ['1'], 'Correct': 1, 'StimFile': 'TMTstop-control_1_1linestimulus4.png', 'Correct_StimFile': 'TMTstop-control_1_1greenlinestimulus5.png', 'False_StimFile': 'TMTstop-control_1_1redlinestimulus5.png', 'Version': 'TMT_Control', 'Block': 1, 'TrialNumber_session': 8}
17.7034 	DATA 	Keypress: 3
17.7039 	DATA 	Keypress: 1
17.7090 	EXP 	Stim: autoDraw = False
17.7090 	EXP 	Stim: image = 'TMTstop-control_1_1greenlinestimulus5.png'
17.7090 	EXP 	Stim: image = 'TMTstop-control_1_1greenlinestimulus5.png'
17.7090 	EXP 	Stim: autoDraw = True
17.7518 	DATA 	Keypress: 2
17.7575 	EXP 	Stim: image = 'TMTstop-control_1_1redlinestimulus5.png'
17.8302 	DATA 	Keypress: 3
17.8367 	EXP 	Stim: image = 'TMTstop-control_1_1redlinestimulus5.png'
17.8824 	EXP 	Stim: image = 'TMTstop-control_1_1redlinestimulus5.png'
17.9321 	EXP 	Stim: image = 'TMTstop-control_1_1redlinestimulus5.png'
18.0377 	EXP 	Stim: image = 'TMTstop-control_1_1redlinestimulus5.png'
18.0820 	EXP 	Stim: image = 'TMTstop-control_1_1redlinestimulus5.png'
18.1795 	EXP 	Stim: image = 'TMTstop-control_1_1redlinestimulus5.png'
18.2238 	EXP 	Stim: image = 'TMTstop-control_1_1redlinestimulus5.png'
18.3200 	EXP 	Stim: image = 'TMTstop-control_1_1redlinestimulus5.png'
18.3660 	EXP 	Stim: image = 'TMTstop-control_1_1redlinestimulus5.png'
18.4486 	EXP 	Stim: image = 'TMTstop-control_1_1redlinestimulus5.png'
18.4989 	EXP 	Stim: image = 'TMTstop-control_1_1redlinestimulus5.png'
18.5907 	EXP 	Stim: image = 'TMTstop-control_1_1redlinestimulus5.png'
18.7156 	EXP 	Stim: image = 'TMTstop-control_1_1redlinestimulus5.png'
18.7656 	EXP 	Stim: image = 'TMTstop-control_1_1redlinestimulus5.png'
18.8574 	EXP 	Stim: image = 'TMTstop-control_1_1redlinestimulus5.png'
18.8989 	EXP 	Stim: image = 'TMTstop-control_1_1redlinestimulus5.png'
18.9810 	EXP 	Stim: image = 'TMTstop-control_1_1redlinestimulus5.png'
19.0238 	EXP 	Stim: image = 'TMTstop-control_1_1redlinestimulus5.png'
19.1075 	EXP 	Stim: image = 'TMTstop-control_1_1redlinestimulus5.png'
19.1491 	EXP 	Stim: image = 'TMTstop-control_1_1redlinestimulus5.png'
19.2358 	EXP 	Stim: image = 'TMTstop-control_1_1redlinestimulus5.png'
19.2824 	EXP 	Stim: image = 'TMTstop-control_1_1redlinestimulus5.png'
19.3763 	EXP 	Stim: image = 'TMTstop-control_1_1redlinestimulus5.png'
19.4240 	EXP 	Stim: image = 'TMTstop-control_1_1redlinestimulus5.png'
19.5046 	EXP 	Stim: image = 'TMTstop-control_1_1redlinestimulus5.png'
19.5493 	EXP 	Stim: image = 'TMTstop-control_1_1redlinestimulus5.png'
19.6310 	EXP 	Stim: image = 'TMTstop-control_1_1redlinestimulus5.png'
19.6738 	EXP 	Stim: image = 'TMTstop-control_1_1redlinestimulus5.png'
19.7587 	EXP 	Stim: image = 'TMTstop-control_1_1redlinestimulus5.png'
19.8071 	EXP 	Stim: image = 'TMTstop-control_1_1redlinestimulus5.png'
19.8991 	EXP 	Stim: image = 'TMTstop-control_1_1redlinestimulus5.png'
19.9408 	EXP 	Stim: image = 'TMTstop-control_1_1redlinestimulus5.png'
20.0333 	EXP 	Stim: image = 'TMTstop-control_1_1redlinestimulus5.png'
20.0739 	EXP 	Stim: image = 'TMTstop-control_1_1redlinestimulus5.png'
20.1661 	EXP 	Stim: image = 'TMTstop-control_1_1redlinestimulus5.png'
20.2091 	EXP 	Stim: image = 'TMTstop-control_1_1redlinestimulus5.png'
20.2855 	EXP 	Stim: image = 'TMTstop-control_1_1redlinestimulus5.png'
20.3322 	EXP 	Stim: image = 'TMTstop-control_1_1redlinestimulus5.png'
20.4285 	EXP 	Stim: image = 'TMTstop-control_1_1redlinestimulus5.png'
20.4743 	EXP 	Stim: image = 'TMTstop-control_1_1redlinestimulus5.png'
20.5660 	EXP 	Stim: image = 'TMTstop-control_1_1redlinestimulus5.png'
20.6154 	EXP 	Stim: image = 'TMTstop-control_1_1redlinestimulus5.png'
20.7075 	EXP 	Stim: image = 'TMTstop-control_1_1redlinestimulus5.png'
20.7488 	EXP 	Stim: image = 'TMTstop-control_1_1redlinestimulus5.png'
20.8349 	EXP 	Stim: image = 'TMTstop-control_1_1redlinestimulus5.png'
20.8823 	EXP 	Stim: image = 'TMTstop-control_1_1redlinestimulus5.png'
20.9621 	EXP 	Stim: image = 'TMTstop-control_1_1redlinestimulus5.png'
21.0073 	EXP 	Stim: image = 'TMTstop-control_1_1redlinestimulus5.png'
21.0902 	EXP 	Stim: image = 'TMTstop-control_1_1redlinestimulus5.png'
21.1322 	EXP 	Stim: image = 'TMTstop-control_1_1redlinestimulus5.png'
21.2181 	EXP 	Stim: image = 'TMTstop-control_1_1redlinestimulus5.png'
21.2657 	EXP 	Stim: image = 'TMTstop-control_1_1redlinestimulus5.png'
21.3452 	EXP 	Stim: image = 'TMTstop-control_1_1redlinestimulus5.png'
21.3908 	EXP 	Stim: image = 'TMTstop-control_1_1redlinestimulus5.png'
21.4841 	EXP 	Stim: image = 'TMTstop-control_1_1redlinestimulus5.png'
21.5323 	EXP 	Stim: image = 'TMTstop-control_1_1redlinestimulus5.png'
21.6117 	EXP 	Stim: image = 'TMTstop-control_1_1redlinestimulus5.png'
21.6571 	EXP 	Stim: image = 'TMTstop-control_1_1redlinestimulus5.png'
21.7510 	EXP 	Stim: image = 'TMTstop-control_1_1redlinestimulus5.png'
21.7991 	EXP 	Stim: image = 'TMTstop-control_1_1redlinestimulus5.png'
21.8408 	EXP 	Stim: image = 'TMTstop-control_1_1redlinestimulus5.png'
21.9541 	EXP 	Stim: image = 'TMTstop-control_1_1redlinestimulus5.png'
22.0078 	EXP 	Stim: image = 'TMTstop-control_1_1redlinestimulus5.png'
22.0991 	EXP 	Stim: image = 'TMTstop-control_1_1redlinestimulus5.png'
22.2168 	EXP 	Stim: image = 'TMTstop-control_1_1redlinestimulus5.png'
22.2660 	EXP 	Stim: image = 'TMTstop-control_1_1redlinestimulus5.png'
22.3681 	EXP 	Stim: image = 'TMTstop-control_1_1redlinestimulus5.png'
22.4262 	EXP 	Stim: image = 'TMTstop-control_1_1redlinestimulus5.png'
22.4822 	EXP 	Stim: image = 'TMTstop-control_1_1redlinestimulus5.png'
22.5600 	EXP 	Stim: image = 'TMTstop-control_1_1redlinestimulus5.png'
22.6087 	EXP 	Stim: image = 'TMTstop-control_1_1redlinestimulus5.png'
22.6867 	EXP 	Stim: image = 'TMTstop-control_1_1redlinestimulus5.png'
22.7325 	EXP 	Stim: image = 'TMTstop-control_1_1redlinestimulus5.png'
22.7905 	EXP 	Stim: image = 'TMTstop-control_1_1redlinestimulus5.png'
22.8878 	EXP 	Stim: image = 'TMTstop-control_1_1redlinestimulus5.png'
22.9324 	EXP 	Stim: image = 'TMTstop-control_1_1redlinestimulus5.png'
23.0288 	EXP 	Stim: image = 'TMTstop-control_1_1redlinestimulus5.png'
23.0740 	EXP 	Stim: image = 'TMTstop-control_1_1redlinestimulus5.png'
23.1562 	EXP 	Stim: image = 'TMTstop-control_1_1redlinestimulus5.png'
23.1989 	EXP 	Stim: image = 'TMTstop-control_1_1redlinestimulus5.png'
23.2956 	EXP 	Stim: image = 'TMTstop-control_1_1redlinestimulus5.png'
23.3408 	EXP 	Stim: image = 'TMTstop-control_1_1redlinestimulus5.png'
23.4205 	EXP 	Stim: image = 'TMTstop-control_1_1redlinestimulus5.png'
23.4657 	EXP 	Stim: image = 'TMTstop-control_1_1redlinestimulus5.png'
23.5630 	EXP 	Stim: image = 'TMTstop-control_1_1redlinestimulus5.png'
23.6073 	EXP 	Stim: image = 'TMTstop-control_1_1redlinestimulus5.png'
23.7005 	EXP 	Stim: image = 'TMTstop-control_1_1redlinestimulus5.png'
23.7493 	EXP 	Stim: image = 'TMTstop-control_1_1redlinestimulus5.png'
23.7991 	EXP 	Stim: image = 'TMTstop-control_1_1redlinestimulus5.png'
23.9019 	EXP 	Stim: image = 'TMTstop-control_1_1redlinestimulus5.png'
23.9489 	EXP 	Stim: image = 'TMTstop-control_1_1redlinestimulus5.png'
24.0430 	EXP 	Stim: image = 'TMTstop-control_1_1redlinestimulus5.png'
24.0822 	EXP 	Stim: image = 'TMTstop-control_1_1redlinestimulus5.png'
24.1867 	EXP 	Stim: image = 'TMTstop-control_1_1redlinestimulus5.png'
24.2322 	EXP 	Stim: image = 'TMTstop-control_1_1redlinestimulus5.png'
24.3256 	EXP 	Stim: image = 'TMTstop-control_1_1redlinestimulus5.png'
24.3745 	EXP 	Stim: image = 'TMTstop-control_1_1redlinestimulus5.png'
24.4741 	EXP 	Stim: image = 'TMTstop-control_1_1redlinestimulus5.png'
24.5161 	EXP 	Stim: image = 'TMTstop-control_1_1redlinestimulus5.png'
24.6079 	EXP 	Stim: image = 'TMTstop-control_1_1redlinestimulus5.png'
24.6576 	EXP 	Stim: image = 'TMTstop-control_1_1redlinestimulus5.png'
24.7490 	EXP 	Stim: image = 'TMTstop-control_1_1redlinestimulus5.png'
24.7991 	EXP 	Stim: image = 'TMTstop-control_1_1redlinestimulus5.png'
24.8907 	EXP 	Stim: image = 'TMTstop-control_1_1redlinestimulus5.png'
24.9325 	EXP 	Stim: image = 'TMTstop-control_1_1redlinestimulus5.png'
25.0147 	EXP 	Stim: image = 'TMTstop-control_1_1redlinestimulus5.png'
25.0573 	EXP 	Stim: image = 'TMTstop-control_1_1redlinestimulus5.png'
25.1425 	EXP 	Stim: image = 'TMTstop-control_1_1redlinestimulus5.png'
25.1908 	EXP 	Stim: image = 'TMTstop-control_1_1redlinestimulus5.png'
25.2702 	EXP 	Stim: image = 'TMTstop-control_1_1redlinestimulus5.png'
25.3158 	EXP 	Stim: image = 'TMTstop-control_1_1redlinestimulus5.png'
25.4092 	EXP 	Stim: image = 'TMTstop-control_1_1redlinestimulus5.png'
25.4573 	EXP 	Stim: image = 'TMTstop-control_1_1redlinestimulus5.png'
25.5572 	EXP 	Stim: image = 'TMTstop-control_1_1redlinestimulus5.png'
25.5987 	EXP 	Stim: image = 'TMTstop-control_1_1redlinestimulus5.png'
25.6908 	EXP 	Stim: image = 'TMTstop-control_1_1redlinestimulus5.png'
25.7406 	EXP 	Stim: image = 'TMTstop-control_1_1redlinestimulus5.png'
25.8326 	EXP 	Stim: image = 'TMTstop-control_1_1redlinestimulus5.png'
25.8738 	EXP 	Stim: image = 'TMTstop-control_1_1redlinestimulus5.png'
25.9706 	EXP 	Stim: image = 'TMTstop-control_1_1redlinestimulus5.png'
26.0155 	EXP 	Stim: image = 'TMTstop-control_1_1redlinestimulus5.png'
26.1119 	EXP 	Stim: image = 'TMTstop-control_1_1redlinestimulus5.png'
26.1576 	EXP 	Stim: image = 'TMTstop-control_1_1redlinestimulus5.png'
26.2519 	EXP 	Stim: image = 'TMTstop-control_1_1redlinestimulus5.png'
26.2992 	EXP 	Stim: image = 'TMTstop-control_1_1redlinestimulus5.png'
26.3928 	EXP 	Stim: image = 'TMTstop-control_1_1redlinestimulus5.png'
26.4407 	EXP 	Stim: image = 'TMTstop-control_1_1redlinestimulus5.png'
26.5408 	EXP 	Stim: image = 'TMTstop-control_1_1redlinestimulus5.png'
26.5822 	EXP 	Stim: image = 'TMTstop-control_1_1redlinestimulus5.png'
26.6757 	EXP 	Stim: image = 'TMTstop-control_1_1redlinestimulus5.png'
26.7239 	EXP 	Stim: image = 'TMTstop-control_1_1redlinestimulus5.png'
26.8157 	EXP 	Stim: image = 'TMTstop-control_1_1redlinestimulus5.png'
26.8574 	EXP 	Stim: image = 'TMTstop-control_1_1redlinestimulus5.png'
26.9398 	EXP 	Stim: image = 'TMTstop-control_1_1redlinestimulus5.png'
26.9823 	EXP 	Stim: image = 'TMTstop-control_1_1redlinestimulus5.png'
27.0783 	EXP 	Stim: image = 'TMTstop-control_1_1redlinestimulus5.png'
27.1239 	EXP 	Stim: image = 'TMTstop-control_1_1redlinestimulus5.png'
27.2035 	EXP 	Stim: image = 'TMTstop-control_1_1redlinestimulus5.png'
27.2489 	EXP 	Stim: image = 'TMTstop-control_1_1redlinestimulus5.png'
27.3430 	EXP 	Stim: image = 'TMTstop-control_1_1redlinestimulus5.png'
27.3908 	EXP 	Stim: image = 'TMTstop-control_1_1redlinestimulus5.png'
27.4698 	EXP 	Stim: image = 'TMTstop-control_1_1redlinestimulus5.png'
27.5155 	EXP 	Stim: image = 'TMTstop-control_1_1redlinestimulus5.png'
27.5972 	EXP 	Stim: image = 'TMTstop-control_1_1redlinestimulus5.png'
27.6424 	EXP 	Stim: image = 'TMTstop-control_1_1redlinestimulus5.png'
27.7236 	EXP 	Stim: image = 'TMTstop-control_1_1redlinestimulus5.png'
27.7656 	EXP 	Stim: image = 'TMTstop-control_1_1redlinestimulus5.png'
27.8505 	EXP 	Stim: image = 'TMTstop-control_1_1redlinestimulus5.png'
27.8987 	EXP 	Stim: image = 'TMTstop-control_1_1redlinestimulus5.png'
27.9907 	EXP 	Stim: image = 'TMTstop-control_1_1redlinestimulus5.png'
28.0325 	EXP 	Stim: image = 'TMTstop-control_1_1redlinestimulus5.png'
28.1284 	EXP 	Stim: image = 'TMTstop-control_1_1redlinestimulus5.png'
28.1738 	EXP 	Stim: image = 'TMTstop-control_1_1redlinestimulus5.png'
28.2559 	EXP 	Stim: image = 'TMTstop-control_1_1redlinestimulus5.png'
28.2991 	EXP 	Stim: image = 'TMTstop-control_1_1redlinestimulus5.png'
28.3819 	EXP 	Stim: image = 'TMTstop-control_1_1redlinestimulus5.png'
28.4239 	EXP 	Stim: image = 'TMTstop-control_1_1redlinestimulus5.png'
28.5204 	EXP 	Stim: image = 'TMTstop-control_1_1redlinestimulus5.png'
28.5657 	EXP 	Stim: image = 'TMTstop-control_1_1redlinestimulus5.png'
28.6627 	EXP 	Stim: image = 'TMTstop-control_1_1redlinestimulus5.png'
28.7074 	EXP 	Stim: image = 'TMTstop-control_1_1redlinestimulus5.png'
28.7896 	EXP 	Stim: image = 'TMTstop-control_1_1redlinestimulus5.png'
28.9116 	EXP 	Stim: image = 'TMTstop-control_1_1redlinestimulus5.png'
28.9576 	EXP 	Stim: image = 'TMTstop-control_1_1redlinestimulus5.png'
29.0490 	EXP 	Stim: image = 'TMTstop-control_1_1redlinestimulus5.png'
29.0908 	EXP 	Stim: image = 'TMTstop-control_1_1redlinestimulus5.png'
29.1745 	EXP 	Stim: image = 'TMTstop-control_1_1redlinestimulus5.png'
29.2245 	EXP 	Stim: image = 'TMTstop-control_1_1redlinestimulus5.png'
29.3033 	EXP 	Stim: image = 'TMTstop-control_1_1redlinestimulus5.png'
29.3491 	EXP 	Stim: image = 'TMTstop-control_1_1redlinestimulus5.png'
29.4269 	EXP 	Stim: image = 'TMTstop-control_1_1redlinestimulus5.png'
29.4743 	EXP 	Stim: image = 'TMTstop-control_1_1redlinestimulus5.png'
29.5741 	EXP 	Stim: image = 'TMTstop-control_1_1redlinestimulus5.png'
29.6160 	EXP 	Stim: image = 'TMTstop-control_1_1redlinestimulus5.png'
29.6949 	EXP 	Stim: image = 'TMTstop-control_1_1redlinestimulus5.png'
29.7409 	EXP 	Stim: image = 'TMTstop-control_1_1redlinestimulus5.png'
29.8330 	EXP 	Stim: image = 'TMTstop-control_1_1redlinestimulus5.png'
29.8823 	EXP 	Stim: image = 'TMTstop-control_1_1redlinestimulus5.png'
29.9825 	EXP 	Stim: image = 'TMTstop-control_1_1redlinestimulus5.png'
30.0240 	EXP 	Stim: image = 'TMTstop-control_1_1redlinestimulus5.png'
30.1158 	EXP 	Stim: image = 'TMTstop-control_1_1redlinestimulus5.png'
30.1575 	EXP 	Stim: image = 'TMTstop-control_1_1redlinestimulus5.png'
30.2415 	EXP 	Stim: image = 'TMTstop-control_1_1redlinestimulus5.png'
30.2822 	EXP 	Stim: image = 'TMTstop-control_1_1redlinestimulus5.png'
30.3653 	EXP 	Stim: image = 'TMTstop-control_1_1redlinestimulus5.png'
30.4073 	EXP 	Stim: image = 'TMTstop-control_1_1redlinestimulus5.png'
30.5053 	EXP 	Stim: image = 'TMTstop-control_1_1redlinestimulus5.png'
30.5491 	EXP 	Stim: image = 'TMTstop-control_1_1redlinestimulus5.png'
30.6344 	EXP 	Stim: image = 'TMTstop-control_1_1redlinestimulus5.png'
30.6827 	EXP 	Stim: image = 'TMTstop-control_1_1redlinestimulus5.png'
30.7621 	EXP 	Stim: image = 'TMTstop-control_1_1redlinestimulus5.png'
30.8076 	EXP 	Stim: image = 'TMTstop-control_1_1redlinestimulus5.png'
30.8878 	EXP 	Stim: image = 'TMTstop-control_1_1redlinestimulus5.png'
30.9324 	EXP 	Stim: image = 'TMTstop-control_1_1redlinestimulus5.png'
31.0162 	EXP 	Stim: image = 'TMTstop-control_1_1redlinestimulus5.png'
31.0573 	EXP 	Stim: image = 'TMTstop-control_1_1redlinestimulus5.png'
31.1448 	EXP 	Stim: image = 'TMTstop-control_1_1redlinestimulus5.png'
31.1906 	EXP 	Stim: image = 'TMTstop-control_1_1redlinestimulus5.png'
31.2846 	EXP 	Stim: image = 'TMTstop-control_1_1redlinestimulus5.png'
31.3323 	EXP 	Stim: image = 'TMTstop-control_1_1redlinestimulus5.png'
31.4325 	EXP 	Stim: image = 'TMTstop-control_1_1redlinestimulus5.png'
31.4739 	EXP 	Stim: image = 'TMTstop-control_1_1redlinestimulus5.png'
31.5658 	EXP 	Stim: image = 'TMTstop-control_1_1redlinestimulus5.png'
31.6072 	EXP 	Stim: image = 'TMTstop-control_1_1redlinestimulus5.png'
31.6930 	EXP 	Stim: image = 'TMTstop-control_1_1redlinestimulus5.png'
31.7406 	EXP 	Stim: image = 'TMTstop-control_1_1redlinestimulus5.png'
31.8349 	EXP 	Stim: image = 'TMTstop-control_1_1redlinestimulus5.png'
31.8741 	EXP 	Stim: image = 'TMTstop-control_1_1redlinestimulus5.png'
31.9764 	EXP 	Stim: image = 'TMTstop-control_1_1redlinestimulus5.png'
32.0240 	EXP 	Stim: image = 'TMTstop-control_1_1redlinestimulus5.png'
32.1033 	EXP 	Stim: image = 'TMTstop-control_1_1redlinestimulus5.png'
32.1491 	EXP 	Stim: image = 'TMTstop-control_1_1redlinestimulus5.png'
32.2435 	EXP 	Stim: image = 'TMTstop-control_1_1redlinestimulus5.png'
32.2906 	EXP 	Stim: image = 'TMTstop-control_1_1redlinestimulus5.png'
32.3727 	EXP 	Stim: image = 'TMTstop-control_1_1redlinestimulus5.png'
32.4157 	EXP 	Stim: image = 'TMTstop-control_1_1redlinestimulus5.png'
32.5119 	EXP 	Stim: image = 'TMTstop-control_1_1redlinestimulus5.png'
32.6373 	EXP 	Stim: image = 'TMTstop-control_1_1redlinestimulus5.png'
32.6821 	EXP 	Stim: image = 'TMTstop-control_1_1redlinestimulus5.png'
32.7647 	EXP 	Stim: image = 'TMTstop-control_1_1redlinestimulus5.png'
32.8075 	EXP 	Stim: image = 'TMTstop-control_1_1redlinestimulus5.png'
32.8906 	EXP 	Stim: image = 'TMTstop-control_1_1redlinestimulus5.png'
32.9323 	EXP 	Stim: image = 'TMTstop-control_1_1redlinestimulus5.png'
33.0323 	EXP 	Stim: image = 'TMTstop-control_1_1redlinestimulus5.png'
33.0739 	EXP 	Stim: image = 'TMTstop-control_1_1redlinestimulus5.png'
33.1719 	EXP 	Stim: image = 'TMTstop-control_1_1redlinestimulus5.png'
33.2155 	EXP 	Stim: image = 'TMTstop-control_1_1redlinestimulus5.png'
33.2980 	EXP 	Stim: image = 'TMTstop-control_1_1redlinestimulus5.png'
33.4229 	EXP 	Stim: image = 'TMTstop-control_1_1redlinestimulus5.png'
33.4742 	EXP 	Stim: image = 'TMTstop-control_1_1redlinestimulus5.png'
33.5659 	EXP 	Stim: image = 'TMTstop-control_1_1redlinestimulus5.png'
33.6074 	EXP 	Stim: image = 'TMTstop-control_1_1redlinestimulus5.png'
33.6919 	EXP 	Stim: image = 'TMTstop-control_1_1redlinestimulus5.png'
33.7411 	EXP 	Stim: image = 'TMTstop-control_1_1redlinestimulus5.png'
33.8191 	EXP 	Stim: image = 'TMTstop-control_1_1redlinestimulus5.png'
33.8660 	EXP 	Stim: image = 'TMTstop-control_1_1redlinestimulus5.png'
33.9576 	EXP 	Stim: image = 'TMTstop-control_1_1redlinestimulus5.png'
34.0084 	EXP 	Stim: image = 'TMTstop-control_1_1redlinestimulus5.png'
34.0489 	EXP 	Stim: image = 'TMTstop-control_1_1redlinestimulus5.png'
34.1450 	EXP 	Stim: image = 'TMTstop-control_1_1redlinestimulus5.png'
34.1910 	EXP 	Stim: image = 'TMTstop-control_1_1redlinestimulus5.png'
34.2842 	EXP 	Stim: image = 'TMTstop-control_1_1redlinestimulus5.png'
34.3326 	EXP 	Stim: image = 'TMTstop-control_1_1redlinestimulus5.png'
34.4265 	EXP 	Stim: image = 'TMTstop-control_1_1redlinestimulus5.png'
34.4743 	EXP 	Stim: image = 'TMTstop-control_1_1redlinestimulus5.png'
34.5544 	EXP 	Stim: image = 'TMTstop-control_1_1redlinestimulus5.png'
34.5989 	EXP 	Stim: image = 'TMTstop-control_1_1redlinestimulus5.png'
34.6786 	EXP 	Stim: image = 'TMTstop-control_1_1redlinestimulus5.png'
34.7244 	EXP 	Stim: image = 'TMTstop-control_1_1redlinestimulus5.png'
34.8202 	EXP 	Stim: image = 'TMTstop-control_1_1redlinestimulus5.png'
34.8659 	EXP 	Stim: image = 'TMTstop-control_1_1redlinestimulus5.png'
34.9576 	EXP 	Stim: image = 'TMTstop-control_1_1redlinestimulus5.png'
34.9990 	EXP 	Stim: image = 'TMTstop-control_1_1redlinestimulus5.png'
35.0979 	EXP 	Stim: image = 'TMTstop-control_1_1redlinestimulus5.png'
35.1408 	EXP 	Stim: image = 'TMTstop-control_1_1redlinestimulus5.png'
35.2244 	EXP 	Stim: image = 'TMTstop-control_1_1redlinestimulus5.png'
35.2657 	EXP 	Stim: image = 'TMTstop-control_1_1redlinestimulus5.png'
35.3504 	EXP 	Stim: image = 'TMTstop-control_1_1redlinestimulus5.png'
35.3994 	EXP 	Stim: image = 'TMTstop-control_1_1redlinestimulus5.png'
35.4763 	EXP 	Stim: image = 'TMTstop-control_1_1redlinestimulus5.png'
35.5243 	EXP 	Stim: image = 'TMTstop-control_1_1redlinestimulus5.png'
35.6017 	EXP 	Stim: image = 'TMTstop-control_1_1redlinestimulus5.png'
35.6489 	EXP 	Stim: image = 'TMTstop-control_1_1redlinestimulus5.png'
35.7492 	EXP 	Stim: image = 'TMTstop-control_1_1redlinestimulus5.png'
35.7920 	EXP 	Stim: image = 'TMTstop-control_1_1redlinestimulus5.png'
35.8824 	EXP 	Stim: image = 'TMTstop-control_1_1redlinestimulus5.png'
35.9242 	EXP 	Stim: image = 'TMTstop-control_1_1redlinestimulus5.png'
36.0188 	EXP 	Stim: image = 'TMTstop-control_1_1redlinestimulus5.png'
36.0573 	EXP 	Stim: image = 'TMTstop-control_1_1redlinestimulus5.png'
36.1492 	EXP 	Stim: image = 'TMTstop-control_1_1redlinestimulus5.png'
36.1908 	EXP 	Stim: image = 'TMTstop-control_1_1redlinestimulus5.png'
36.2877 	EXP 	Stim: image = 'TMTstop-control_1_1redlinestimulus5.png'
36.3323 	EXP 	Stim: image = 'TMTstop-control_1_1redlinestimulus5.png'
36.4285 	EXP 	Stim: image = 'TMTstop-control_1_1redlinestimulus5.png'
36.4740 	EXP 	Stim: image = 'TMTstop-control_1_1redlinestimulus5.png'
36.5740 	EXP 	Stim: image = 'TMTstop-control_1_1redlinestimulus5.png'
36.6156 	EXP 	Stim: image = 'TMTstop-control_1_1redlinestimulus5.png'
36.6963 	EXP 	Stim: image = 'TMTstop-control_1_1redlinestimulus5.png'
36.8226 	EXP 	Stim: image = 'TMTstop-control_1_1redlinestimulus5.png'
36.8655 	EXP 	Stim: image = 'TMTstop-control_1_1redlinestimulus5.png'
36.9479 	EXP 	Stim: image = 'TMTstop-control_1_1redlinestimulus5.png'
36.9905 	EXP 	Stim: image = 'TMTstop-control_1_1redlinestimulus5.png'
37.0744 	EXP 	Stim: image = 'TMTstop-control_1_1redlinestimulus5.png'
37.1157 	EXP 	Stim: image = 'TMTstop-control_1_1redlinestimulus5.png'
37.2036 	EXP 	Stim: image = 'TMTstop-control_1_1redlinestimulus5.png'
37.2491 	EXP 	Stim: image = 'TMTstop-control_1_1redlinestimulus5.png'
37.3294 	EXP 	Stim: image = 'TMTstop-control_1_1redlinestimulus5.png'
37.3742 	EXP 	Stim: image = 'TMTstop-control_1_1redlinestimulus5.png'
37.4703 	EXP 	Stim: image = 'TMTstop-control_1_1redlinestimulus5.png'
37.5156 	EXP 	Stim: image = 'TMTstop-control_1_1redlinestimulus5.png'
37.5969 	EXP 	Stim: image = 'TMTstop-control_1_1redlinestimulus5.png'
37.6430 	EXP 	Stim: image = 'TMTstop-control_1_1redlinestimulus5.png'
37.7368 	EXP 	Stim: image = 'TMTstop-control_1_1redlinestimulus5.png'
37.7827 	EXP 	Stim: image = 'TMTstop-control_1_1redlinestimulus5.png'
37.8782 	EXP 	Stim: image = 'TMTstop-control_1_1redlinestimulus5.png'
37.9242 	EXP 	Stim: image = 'TMTstop-control_1_1redlinestimulus5.png'
38.0168 	EXP 	Stim: image = 'TMTstop-control_1_1redlinestimulus5.png'
38.0575 	EXP 	Stim: image = 'TMTstop-control_1_1redlinestimulus5.png'
38.1561 	EXP 	Stim: image = 'TMTstop-control_1_1redlinestimulus5.png'
38.1989 	EXP 	Stim: image = 'TMTstop-control_1_1redlinestimulus5.png'
38.2818 	EXP 	Stim: image = 'TMTstop-control_1_1redlinestimulus5.png'
38.3242 	EXP 	Stim: image = 'TMTstop-control_1_1redlinestimulus5.png'
38.4088 	EXP 	Stim: image = 'TMTstop-control_1_1redlinestimulus5.png'
38.4490 	EXP 	Stim: image = 'TMTstop-control_1_1redlinestimulus5.png'
38.5408 	EXP 	Stim: image = 'TMTstop-control_1_1redlinestimulus5.png'
38.5824 	EXP 	Stim: image = 'TMTstop-control_1_1redlinestimulus5.png'
38.6739 	EXP 	Stim: image = 'TMTstop-control_1_1redlinestimulus5.png'
38.7156 	EXP 	Stim: image = 'TMTstop-control_1_1redlinestimulus5.png'
38.8128 	EXP 	Stim: image = 'TMTstop-control_1_1redlinestimulus5.png'
38.8574 	EXP 	Stim: image = 'TMTstop-control_1_1redlinestimulus5.png'
38.9518 	EXP 	Stim: image = 'TMTstop-control_1_1redlinestimulus5.png'
38.9992 	EXP 	Stim: image = 'TMTstop-control_1_1redlinestimulus5.png'
39.0992 	EXP 	Stim: image = 'TMTstop-control_1_1redlinestimulus5.png'
39.1407 	EXP 	Stim: image = 'TMTstop-control_1_1redlinestimulus5.png'
39.2202 	EXP 	Stim: image = 'TMTstop-control_1_1redlinestimulus5.png'
39.2659 	EXP 	Stim: image = 'TMTstop-control_1_1redlinestimulus5.png'
39.3576 	EXP 	Stim: image = 'TMTstop-control_1_1redlinestimulus5.png'
39.3990 	EXP 	Stim: image = 'TMTstop-control_1_1redlinestimulus5.png'
39.4829 	EXP 	Stim: image = 'TMTstop-control_1_1redlinestimulus5.png'
39.5243 	EXP 	Stim: image = 'TMTstop-control_1_1redlinestimulus5.png'
39.6218 	EXP 	Stim: image = 'TMTstop-control_1_1redlinestimulus5.png'
39.6658 	EXP 	Stim: image = 'TMTstop-control_1_1redlinestimulus5.png'
39.7625 	EXP 	Stim: image = 'TMTstop-control_1_1redlinestimulus5.png'
39.8075 	EXP 	Stim: image = 'TMTstop-control_1_1redlinestimulus5.png'
39.9035 	EXP 	Stim: image = 'TMTstop-control_1_1redlinestimulus5.png'
39.9491 	EXP 	Stim: image = 'TMTstop-control_1_1redlinestimulus5.png'
40.0324 	EXP 	Stim: image = 'TMTstop-control_1_1redlinestimulus5.png'
40.0741 	EXP 	Stim: image = 'TMTstop-control_1_1redlinestimulus5.png'
40.1563 	EXP 	Stim: image = 'TMTstop-control_1_1redlinestimulus5.png'
40.1989 	EXP 	Stim: image = 'TMTstop-control_1_1redlinestimulus5.png'
40.2950 	EXP 	Stim: image = 'TMTstop-control_1_1redlinestimulus5.png'
40.3409 	EXP 	Stim: image = 'TMTstop-control_1_1redlinestimulus5.png'
40.4353 	EXP 	Stim: image = 'TMTstop-control_1_1redlinestimulus5.png'
40.4825 	EXP 	Stim: image = 'TMTstop-control_1_1redlinestimulus5.png'
40.5738 	EXP 	Stim: image = 'TMTstop-control_1_1redlinestimulus5.png'
40.6156 	EXP 	Stim: image = 'TMTstop-control_1_1redlinestimulus5.png'
40.7075 	EXP 	Stim: image = 'TMTstop-control_1_1redlinestimulus5.png'
40.7492 	EXP 	Stim: image = 'TMTstop-control_1_1redlinestimulus5.png'
40.8492 	EXP 	Stim: image = 'TMTstop-control_1_1redlinestimulus5.png'
40.8909 	EXP 	Stim: image = 'TMTstop-control_1_1redlinestimulus5.png'
40.9705 	EXP 	Stim: image = 'TMTstop-control_1_1redlinestimulus5.png'
41.0158 	EXP 	Stim: image = 'TMTstop-control_1_1redlinestimulus5.png'
41.1118 	EXP 	Stim: image = 'TMTstop-control_1_1redlinestimulus5.png'
41.1574 	EXP 	Stim: image = 'TMTstop-control_1_1redlinestimulus5.png'
41.2388 	EXP 	Stim: image = 'TMTstop-control_1_1redlinestimulus5.png'
41.2823 	EXP 	Stim: image = 'TMTstop-control_1_1redlinestimulus5.png'
41.3795 	EXP 	Stim: image = 'TMTstop-control_1_1redlinestimulus5.png'
41.4243 	EXP 	Stim: image = 'TMTstop-control_1_1redlinestimulus5.png'
41.5066 	EXP 	Stim: image = 'TMTstop-control_1_1redlinestimulus5.png'
41.5492 	EXP 	Stim: image = 'TMTstop-control_1_1redlinestimulus5.png'
41.6460 	EXP 	Stim: image = 'TMTstop-control_1_1redlinestimulus5.png'
41.6909 	EXP 	Stim: image = 'TMTstop-control_1_1redlinestimulus5.png'
41.7866 	EXP 	Stim: image = 'TMTstop-control_1_1redlinestimulus5.png'
41.8325 	EXP 	Stim: image = 'TMTstop-control_1_1redlinestimulus5.png'
41.9119 	EXP 	Stim: image = 'TMTstop-control_1_1redlinestimulus5.png'
41.9573 	EXP 	Stim: image = 'TMTstop-control_1_1redlinestimulus5.png'
42.0502 	EXP 	Stim: image = 'TMTstop-control_1_1redlinestimulus5.png'
42.0908 	EXP 	Stim: image = 'TMTstop-control_1_1redlinestimulus5.png'
42.1825 	EXP 	Stim: image = 'TMTstop-control_1_1redlinestimulus5.png'
42.2242 	EXP 	Stim: image = 'TMTstop-control_1_1redlinestimulus5.png'
42.3242 	EXP 	Stim: image = 'TMTstop-control_1_1redlinestimulus5.png'
42.3662 	EXP 	Stim: image = 'TMTstop-control_1_1redlinestimulus5.png'
42.4452 	EXP 	Stim: image = 'TMTstop-control_1_1redlinestimulus5.png'
42.4907 	EXP 	Stim: image = 'TMTstop-control_1_1redlinestimulus5.png'
42.5729 	EXP 	Stim: image = 'TMTstop-control_1_1redlinestimulus5.png'
42.6158 	EXP 	Stim: image = 'TMTstop-control_1_1redlinestimulus5.png'
42.7007 	EXP 	Stim: image = 'TMTstop-control_1_1redlinestimulus5.png'
42.7407 	EXP 	Stim: image = 'TMTstop-control_1_1redlinestimulus5.png'
42.8263 	EXP 	Stim: image = 'TMTstop-control_1_1redlinestimulus5.png'
42.8742 	EXP 	Stim: image = 'TMTstop-control_1_1redlinestimulus5.png'
42.9742 	EXP 	Stim: image = 'TMTstop-control_1_1redlinestimulus5.png'
43.0171 	EXP 	Stim: image = 'TMTstop-control_1_1redlinestimulus5.png'
43.0573 	EXP 	Stim: image = 'TMTstop-control_1_1redlinestimulus5.png'
43.1535 	EXP 	Stim: image = 'TMTstop-control_1_1redlinestimulus5.png'
43.1988 	EXP 	Stim: image = 'TMTstop-control_1_1redlinestimulus5.png'
43.2952 	EXP 	Stim: image = 'TMTstop-control_1_1redlinestimulus5.png'
43.3408 	EXP 	Stim: image = 'TMTstop-control_1_1redlinestimulus5.png'
43.4218 	EXP 	Stim: image = 'TMTstop-control_1_1redlinestimulus5.png'
43.4660 	EXP 	Stim: image = 'TMTstop-control_1_1redlinestimulus5.png'
43.5479 	EXP 	Stim: image = 'TMTstop-control_1_1redlinestimulus5.png'
43.5907 	EXP 	Stim: image = 'TMTstop-control_1_1redlinestimulus5.png'
43.6731 	EXP 	Stim: image = 'TMTstop-control_1_1redlinestimulus5.png'
43.7157 	EXP 	Stim: image = 'TMTstop-control_1_1redlinestimulus5.png'
43.7997 	EXP 	Stim: image = 'TMTstop-control_1_1redlinestimulus5.png'
43.8408 	EXP 	Stim: image = 'TMTstop-control_1_1redlinestimulus5.png'
43.9325 	EXP 	Stim: image = 'TMTstop-control_1_1redlinestimulus5.png'
43.9741 	EXP 	Stim: image = 'TMTstop-control_1_1redlinestimulus5.png'
44.0702 	EXP 	Stim: image = 'TMTstop-control_1_1redlinestimulus5.png'
44.1158 	EXP 	Stim: image = 'TMTstop-control_1_1redlinestimulus5.png'
44.2086 	EXP 	Stim: image = 'TMTstop-control_1_1redlinestimulus5.png'
44.2491 	EXP 	Stim: image = 'TMTstop-control_1_1redlinestimulus5.png'
44.3410 	EXP 	Stim: image = 'TMTstop-control_1_1redlinestimulus5.png'
44.3826 	EXP 	Stim: image = 'TMTstop-control_1_1redlinestimulus5.png'
44.4747 	EXP 	Stim: image = 'TMTstop-control_1_1redlinestimulus5.png'
44.5156 	EXP 	Stim: image = 'TMTstop-control_1_1redlinestimulus5.png'
44.6074 	EXP 	Stim: image = 'TMTstop-control_1_1redlinestimulus5.png'
44.6493 	EXP 	Stim: image = 'TMTstop-control_1_1redlinestimulus5.png'
44.7492 	EXP 	Stim: image = 'TMTstop-control_1_1redlinestimulus5.png'
44.7907 	EXP 	Stim: image = 'TMTstop-control_1_1redlinestimulus5.png'
44.8827 	EXP 	Stim: image = 'TMTstop-control_1_1redlinestimulus5.png'
44.9243 	EXP 	Stim: image = 'TMTstop-control_1_1redlinestimulus5.png'
45.0201 	EXP 	Stim: image = 'TMTstop-control_1_1redlinestimulus5.png'
45.0658 	EXP 	Stim: image = 'TMTstop-control_1_1redlinestimulus5.png'
45.1459 	EXP 	Stim: image = 'TMTstop-control_1_1redlinestimulus5.png'
45.1906 	EXP 	Stim: image = 'TMTstop-control_1_1redlinestimulus5.png'
45.2724 	EXP 	Stim: image = 'TMTstop-control_1_1redlinestimulus5.png'
45.3158 	EXP 	Stim: image = 'TMTstop-control_1_1redlinestimulus5.png'
45.4129 	EXP 	Stim: image = 'TMTstop-control_1_1redlinestimulus5.png'
45.4573 	EXP 	Stim: image = 'TMTstop-control_1_1redlinestimulus5.png'
45.5510 	EXP 	Stim: image = 'TMTstop-control_1_1redlinestimulus5.png'
45.5907 	EXP 	Stim: image = 'TMTstop-control_1_1redlinestimulus5.png'
45.6828 	EXP 	Stim: image = 'TMTstop-control_1_1redlinestimulus5.png'
45.7242 	EXP 	Stim: image = 'TMTstop-control_1_1redlinestimulus5.png'
45.8194 	EXP 	Stim: image = 'TMTstop-control_1_1redlinestimulus5.png'
45.8575 	EXP 	Stim: image = 'TMTstop-control_1_1redlinestimulus5.png'
45.9592 	EXP 	Stim: image = 'TMTstop-control_1_1redlinestimulus5.png'
45.9990 	EXP 	Stim: image = 'TMTstop-control_1_1redlinestimulus5.png'
46.0906 	EXP 	Stim: image = 'TMTstop-control_1_1redlinestimulus5.png'
46.1326 	EXP 	Stim: image = 'TMTstop-control_1_1redlinestimulus5.png'
46.2266 	EXP 	Stim: image = 'TMTstop-control_1_1redlinestimulus5.png'
46.2741 	EXP 	Stim: image = 'TMTstop-control_1_1redlinestimulus5.png'
46.3663 	EXP 	Stim: image = 'TMTstop-control_1_1redlinestimulus5.png'
46.4076 	EXP 	Stim: image = 'TMTstop-control_1_1redlinestimulus5.png'
46.4991 	EXP 	Stim: image = 'TMTstop-control_1_1redlinestimulus5.png'
46.5490 	EXP 	Stim: image = 'TMTstop-control_1_1redlinestimulus5.png'
46.5994 	EXP 	Stim: image = 'TMTstop-control_1_1redlinestimulus5.png'
46.6992 	EXP 	Stim: image = 'TMTstop-control_1_1redlinestimulus5.png'
46.7491 	EXP 	Stim: image = 'TMTstop-control_1_1redlinestimulus5.png'
46.8281 	EXP 	Stim: image = 'TMTstop-control_1_1redlinestimulus5.png'
46.8742 	EXP 	Stim: image = 'TMTstop-control_1_1redlinestimulus5.png'
46.9662 	EXP 	Stim: image = 'TMTstop-control_1_1redlinestimulus5.png'
47.0074 	EXP 	Stim: image = 'TMTstop-control_1_1redlinestimulus5.png'
47.0992 	EXP 	Stim: image = 'TMTstop-control_1_1redlinestimulus5.png'
47.1412 	EXP 	Stim: image = 'TMTstop-control_1_1redlinestimulus5.png'
47.2203 	EXP 	Stim: image = 'TMTstop-control_1_1redlinestimulus5.png'
47.2574 	EXP 	Stim: image = 'TMTstop-control_1_1redlinestimulus5.png'
47.3590 	EXP 	Stim: image = 'TMTstop-control_1_1redlinestimulus5.png'
47.3990 	EXP 	Stim: image = 'TMTstop-control_1_1redlinestimulus5.png'
47.4909 	EXP 	Stim: image = 'TMTstop-control_1_1redlinestimulus5.png'
47.5325 	EXP 	Stim: image = 'TMTstop-control_1_1redlinestimulus5.png'
47.6122 	EXP 	Stim: image = 'TMTstop-control_1_1redlinestimulus5.png'
47.6574 	EXP 	Stim: image = 'TMTstop-control_1_1redlinestimulus5.png'
47.7534 	EXP 	Stim: image = 'TMTstop-control_1_1redlinestimulus5.png'
47.7990 	EXP 	Stim: image = 'TMTstop-control_1_1redlinestimulus5.png'
47.8801 	EXP 	Stim: image = 'TMTstop-control_1_1redlinestimulus5.png'
47.9241 	EXP 	Stim: image = 'TMTstop-control_1_1redlinestimulus5.png'
48.0203 	EXP 	Stim: image = 'TMTstop-control_1_1redlinestimulus5.png'
48.0659 	EXP 	Stim: image = 'TMTstop-control_1_1redlinestimulus5.png'
48.1619 	EXP 	Stim: image = 'TMTstop-control_1_1redlinestimulus5.png'
48.2074 	EXP 	Stim: image = 'TMTstop-control_1_1redlinestimulus5.png'
48.3039 	EXP 	Stim: image = 'TMTstop-control_1_1redlinestimulus5.png'
48.3492 	EXP 	Stim: image = 'TMTstop-control_1_1redlinestimulus5.png'
48.4295 	EXP 	Stim: image = 'TMTstop-control_1_1redlinestimulus5.png'
48.4740 	EXP 	Stim: image = 'TMTstop-control_1_1redlinestimulus5.png'
48.5578 	EXP 	Stim: image = 'TMTstop-control_1_1redlinestimulus5.png'
48.5991 	EXP 	Stim: image = 'TMTstop-control_1_1redlinestimulus5.png'
48.6979 	EXP 	Stim: image = 'TMTstop-control_1_1redlinestimulus5.png'
48.7409 	EXP 	Stim: image = 'TMTstop-control_1_1redlinestimulus5.png'
48.8245 	EXP 	Stim: image = 'TMTstop-control_1_1redlinestimulus5.png'
48.8659 	EXP 	Stim: image = 'TMTstop-control_1_1redlinestimulus5.png'
48.9645 	EXP 	Stim: image = 'TMTstop-control_1_1redlinestimulus5.png'
49.0076 	EXP 	Stim: image = 'TMTstop-control_1_1redlinestimulus5.png'
49.1066 	EXP 	Stim: image = 'TMTstop-control_1_1redlinestimulus5.png'
49.1489 	EXP 	Stim: image = 'TMTstop-control_1_1redlinestimulus5.png'
49.2490 	EXP 	Stim: image = 'TMTstop-control_1_1redlinestimulus5.png'
49.2907 	EXP 	Stim: image = 'TMTstop-control_1_1redlinestimulus5.png'
49.3760 	EXP 	Stim: image = 'TMTstop-control_1_1redlinestimulus5.png'
49.4155 	EXP 	Stim: image = 'TMTstop-control_1_1redlinestimulus5.png'
49.5152 	EXP 	Stim: image = 'TMTstop-control_1_1redlinestimulus5.png'
49.5573 	EXP 	Stim: image = 'TMTstop-control_1_1redlinestimulus5.png'
49.6559 	EXP 	Stim: image = 'TMTstop-control_1_1redlinestimulus5.png'
49.6992 	EXP 	Stim: image = 'TMTstop-control_1_1redlinestimulus5.png'
49.7974 	EXP 	Stim: image = 'TMTstop-control_1_1redlinestimulus5.png'
49.8410 	EXP 	Stim: image = 'TMTstop-control_1_1redlinestimulus5.png'
49.9382 	EXP 	Stim: image = 'TMTstop-control_1_1redlinestimulus5.png'
49.9831 	EXP 	Stim: image = 'TMTstop-control_1_1redlinestimulus5.png'
50.0635 	EXP 	Stim: image = 'TMTstop-control_1_1redlinestimulus5.png'
50.1078 	EXP 	Stim: image = 'TMTstop-control_1_1redlinestimulus5.png'
50.1893 	EXP 	Stim: image = 'TMTstop-control_1_1redlinestimulus5.png'
50.3286 	EXP 	Stim: image = 'TMTstop-control_1_1redlinestimulus5.png'
50.3743 	EXP 	Stim: image = 'TMTstop-control_1_1redlinestimulus5.png'
50.4562 	EXP 	Stim: image = 'TMTstop-control_1_1redlinestimulus5.png'
50.4990 	EXP 	Stim: image = 'TMTstop-control_1_1redlinestimulus5.png'
50.5962 	EXP 	Stim: image = 'TMTstop-control_1_1redlinestimulus5.png'
50.6411 	EXP 	Stim: image = 'TMTstop-control_1_1redlinestimulus5.png'
50.7367 	EXP 	Stim: image = 'TMTstop-control_1_1redlinestimulus5.png'
50.7742 	EXP 	Stim: image = 'TMTstop-control_1_1redlinestimulus5.png'
50.8658 	EXP 	Stim: image = 'TMTstop-control_1_1redlinestimulus5.png'
50.9075 	EXP 	Stim: image = 'TMTstop-control_1_1redlinestimulus5.png'
51.0005 	EXP 	Stim: image = 'TMTstop-control_1_1redlinestimulus5.png'
51.0409 	EXP 	Stim: image = 'TMTstop-control_1_1redlinestimulus5.png'
51.1326 	EXP 	Stim: image = 'TMTstop-control_1_1redlinestimulus5.png'
51.1743 	EXP 	Stim: image = 'TMTstop-control_1_1redlinestimulus5.png'
51.2701 	EXP 	Stim: image = 'TMTstop-control_1_1redlinestimulus5.png'
51.3072 	EXP 	Stim: image = 'TMTstop-control_1_1redlinestimulus5.png'
51.3992 	EXP 	Stim: image = 'TMTstop-control_1_1redlinestimulus5.png'
51.4410 	EXP 	Stim: image = 'TMTstop-control_1_1redlinestimulus5.png'
51.5379 	EXP 	Stim: image = 'TMTstop-control_1_1redlinestimulus5.png'
51.5827 	EXP 	Stim: image = 'TMTstop-control_1_1redlinestimulus5.png'
51.6650 	EXP 	Stim: image = 'TMTstop-control_1_1redlinestimulus5.png'
51.7074 	EXP 	Stim: image = 'TMTstop-control_1_1redlinestimulus5.png'
51.7890 	EXP 	Stim: image = 'TMTstop-control_1_1redlinestimulus5.png'
51.8326 	EXP 	Stim: image = 'TMTstop-control_1_1redlinestimulus5.png'
51.9152 	EXP 	Stim: image = 'TMTstop-control_1_1redlinestimulus5.png'
51.9576 	EXP 	Stim: image = 'TMTstop-control_1_1redlinestimulus5.png'
52.0531 	EXP 	Stim: image = 'TMTstop-control_1_1redlinestimulus5.png'
52.0994 	EXP 	Stim: image = 'TMTstop-control_1_1redlinestimulus5.png'
52.1809 	EXP 	Stim: image = 'TMTstop-control_1_1redlinestimulus5.png'
52.2242 	EXP 	Stim: image = 'TMTstop-control_1_1redlinestimulus5.png'
52.3071 	EXP 	Stim: image = 'TMTstop-control_1_1redlinestimulus5.png'
52.3492 	EXP 	Stim: image = 'TMTstop-control_1_1redlinestimulus5.png'
52.4326 	EXP 	Stim: image = 'TMTstop-control_1_1redlinestimulus5.png'
52.4743 	EXP 	Stim: image = 'TMTstop-control_1_1redlinestimulus5.png'
52.5704 	EXP 	Stim: image = 'TMTstop-control_1_1redlinestimulus5.png'
52.6159 	EXP 	Stim: image = 'TMTstop-control_1_1redlinestimulus5.png'
52.7090 	EXP 	Stim: image = 'TMTstop-control_1_1redlinestimulus5.png'
52.7574 	EXP 	Stim: image = 'TMTstop-control_1_1redlinestimulus5.png'
52.8369 	EXP 	Stim: image = 'TMTstop-control_1_1redlinestimulus5.png'
52.8739 	EXP 	Stim: image = 'TMTstop-control_1_1redlinestimulus5.png'
52.9657 	EXP 	Stim: image = 'TMTstop-control_1_1redlinestimulus5.png'
53.0076 	EXP 	Stim: image = 'TMTstop-control_1_1redlinestimulus5.png'
53.1035 	EXP 	Stim: image = 'TMTstop-control_1_1redlinestimulus5.png'
53.1492 	EXP 	Stim: image = 'TMTstop-control_1_1redlinestimulus5.png'
53.2315 	EXP 	Stim: image = 'TMTstop-control_1_1redlinestimulus5.png'
53.2742 	EXP 	Stim: image = 'TMTstop-control_1_1redlinestimulus5.png'
53.3595 	EXP 	Stim: image = 'TMTstop-control_1_1redlinestimulus5.png'
53.3993 	EXP 	Stim: image = 'TMTstop-control_1_1redlinestimulus5.png'
53.4980 	EXP 	Stim: image = 'TMTstop-control_1_1redlinestimulus5.png'
53.5428 	EXP 	Stim: image = 'TMTstop-control_1_1redlinestimulus5.png'
53.6249 	EXP 	Stim: image = 'TMTstop-control_1_1redlinestimulus5.png'
53.6658 	EXP 	Stim: image = 'TMTstop-control_1_1redlinestimulus5.png'
53.7073 	EXP 	Stim: image = 'TMTstop-control_1_1redlinestimulus5.png'
53.8149 	EXP 	Stim: image = 'TMTstop-control_1_1redlinestimulus5.png'
53.8574 	EXP 	Stim: image = 'TMTstop-control_1_1redlinestimulus5.png'
53.9544 	EXP 	Stim: image = 'TMTstop-control_1_1redlinestimulus5.png'
53.9993 	EXP 	Stim: image = 'TMTstop-control_1_1redlinestimulus5.png'
54.0955 	EXP 	Stim: image = 'TMTstop-control_1_1redlinestimulus5.png'
54.1424 	EXP 	Stim: image = 'TMTstop-control_1_1redlinestimulus5.png'
54.2368 	EXP 	Stim: image = 'TMTstop-control_1_1redlinestimulus5.png'
54.2826 	EXP 	Stim: image = 'TMTstop-control_1_1redlinestimulus5.png'
54.3612 	EXP 	Stim: image = 'TMTstop-control_1_1redlinestimulus5.png'
54.4076 	EXP 	Stim: image = 'TMTstop-control_1_1redlinestimulus5.png'
54.4875 	EXP 	Stim: image = 'TMTstop-control_1_1redlinestimulus5.png'
54.5327 	EXP 	Stim: image = 'TMTstop-control_1_1redlinestimulus5.png'
54.6135 	EXP 	Stim: image = 'TMTstop-control_1_1redlinestimulus5.png'
54.6574 	EXP 	Stim: image = 'TMTstop-control_1_1redlinestimulus5.png'
54.7543 	EXP 	Stim: image = 'TMTstop-control_1_1redlinestimulus5.png'
54.7994 	EXP 	Stim: image = 'TMTstop-control_1_1redlinestimulus5.png'
54.8966 	EXP 	Stim: image = 'TMTstop-control_1_1redlinestimulus5.png'
54.9325 	EXP 	Stim: image = 'TMTstop-control_1_1redlinestimulus5.png'
55.0349 	EXP 	Stim: image = 'TMTstop-control_1_1redlinestimulus5.png'
55.0742 	EXP 	Stim: image = 'TMTstop-control_1_1redlinestimulus5.png'
55.1657 	EXP 	Stim: image = 'TMTstop-control_1_1redlinestimulus5.png'
55.2157 	EXP 	Stim: image = 'TMTstop-control_1_1redlinestimulus5.png'
55.3034 	EXP 	Stim: image = 'TMTstop-control_1_1redlinestimulus5.png'
55.3491 	EXP 	Stim: image = 'TMTstop-control_1_1redlinestimulus5.png'
55.4424 	EXP 	Stim: image = 'TMTstop-control_1_1redlinestimulus5.png'
55.4825 	EXP 	Stim: image = 'TMTstop-control_1_1redlinestimulus5.png'
55.5814 	EXP 	Stim: image = 'TMTstop-control_1_1redlinestimulus5.png'
55.6243 	EXP 	Stim: image = 'TMTstop-control_1_1redlinestimulus5.png'
55.7072 	EXP 	Stim: image = 'TMTstop-control_1_1redlinestimulus5.png'
55.7490 	EXP 	Stim: image = 'TMTstop-control_1_1redlinestimulus5.png'
55.8455 	EXP 	Stim: image = 'TMTstop-control_1_1redlinestimulus5.png'
55.8910 	EXP 	Stim: image = 'TMTstop-control_1_1redlinestimulus5.png'
55.9869 	EXP 	Stim: image = 'TMTstop-control_1_1redlinestimulus5.png'
56.0242 	EXP 	Stim: image = 'TMTstop-control_1_1redlinestimulus5.png'
56.1158 	EXP 	Stim: image = 'TMTstop-control_1_1redlinestimulus5.png'
56.1577 	EXP 	Stim: image = 'TMTstop-control_1_1redlinestimulus5.png'
56.2391 	EXP 	Stim: image = 'TMTstop-control_1_1redlinestimulus5.png'
56.2827 	EXP 	Stim: image = 'TMTstop-control_1_1redlinestimulus5.png'
56.3797 	EXP 	Stim: image = 'TMTstop-control_1_1redlinestimulus5.png'
56.4243 	EXP 	Stim: image = 'TMTstop-control_1_1redlinestimulus5.png'
56.5081 	EXP 	Stim: image = 'TMTstop-control_1_1redlinestimulus5.png'
56.5492 	EXP 	Stim: image = 'TMTstop-control_1_1redlinestimulus5.png'
56.6410 	EXP 	Stim: image = 'TMTstop-control_1_1redlinestimulus5.png'
56.6828 	EXP 	Stim: image = 'TMTstop-control_1_1redlinestimulus5.png'
56.7739 	EXP 	Stim: image = 'TMTstop-control_1_1redlinestimulus5.png'
56.8156 	EXP 	Stim: image = 'TMTstop-control_1_1redlinestimulus5.png'
56.9154 	EXP 	Stim: image = 'TMTstop-control_1_1redlinestimulus5.png'
56.9577 	EXP 	Stim: image = 'TMTstop-control_1_1redlinestimulus5.png'
57.0426 	EXP 	Stim: image = 'TMTstop-control_1_1redlinestimulus5.png'
57.0826 	EXP 	Stim: image = 'TMTstop-control_1_1redlinestimulus5.png'
57.1815 	EXP 	Stim: image = 'TMTstop-control_1_1redlinestimulus5.png'
57.2240 	EXP 	Stim: image = 'TMTstop-control_1_1redlinestimulus5.png'
57.3117 	EXP 	Stim: image = 'TMTstop-control_1_1redlinestimulus5.png'
57.3491 	EXP 	Stim: image = 'TMTstop-control_1_1redlinestimulus5.png'
57.4407 	EXP 	Stim: image = 'TMTstop-control_1_1redlinestimulus5.png'
57.4826 	EXP 	Stim: image = 'TMTstop-control_1_1redlinestimulus5.png'
57.5786 	EXP 	Stim: image = 'TMTstop-control_1_1redlinestimulus5.png'
57.6157 	EXP 	Stim: image = 'TMTstop-control_1_1redlinestimulus5.png'
57.7177 	EXP 	Stim: image = 'TMTstop-control_1_1redlinestimulus5.png'
57.7573 	EXP 	Stim: image = 'TMTstop-control_1_1redlinestimulus5.png'
57.8571 	EXP 	Stim: image = 'TMTstop-control_1_1redlinestimulus5.png'
57.8993 	EXP 	Stim: image = 'TMTstop-control_1_1redlinestimulus5.png'
57.9969 	EXP 	Stim: image = 'TMTstop-control_1_1redlinestimulus5.png'
58.0410 	EXP 	Stim: image = 'TMTstop-control_1_1redlinestimulus5.png'
58.1246 	EXP 	Stim: image = 'TMTstop-control_1_1redlinestimulus5.png'
58.1659 	EXP 	Stim: image = 'TMTstop-control_1_1redlinestimulus5.png'
58.2641 	EXP 	Stim: image = 'TMTstop-control_1_1redlinestimulus5.png'
58.3075 	EXP 	Stim: image = 'TMTstop-control_1_1redlinestimulus5.png'
58.3923 	EXP 	Stim: image = 'TMTstop-control_1_1redlinestimulus5.png'
58.4324 	EXP 	Stim: image = 'TMTstop-control_1_1redlinestimulus5.png'
58.4826 	EXP 	Stim: image = 'TMTstop-control_1_1redlinestimulus5.png'
58.5808 	EXP 	Stim: image = 'TMTstop-control_1_1redlinestimulus5.png'
58.6243 	EXP 	Stim: image = 'TMTstop-control_1_1redlinestimulus5.png'
58.7205 	EXP 	Stim: image = 'TMTstop-control_1_1redlinestimulus5.png'
58.7665 	EXP 	Stim: image = 'TMTstop-control_1_1redlinestimulus5.png'
58.8601 	EXP 	Stim: image = 'TMTstop-control_1_1redlinestimulus5.png'
58.8993 	EXP 	Stim: image = 'TMTstop-control_1_1redlinestimulus5.png'
59.0006 	EXP 	Stim: image = 'TMTstop-control_1_1redlinestimulus5.png'
59.0411 	EXP 	Stim: image = 'TMTstop-control_1_1redlinestimulus5.png'
59.1326 	EXP 	Stim: image = 'TMTstop-control_1_1redlinestimulus5.png'
59.1742 	EXP 	Stim: image = 'TMTstop-control_1_1redlinestimulus5.png'
59.2542 	EXP 	Stim: image = 'TMTstop-control_1_1redlinestimulus5.png'
59.3011 	EXP 	Stim: image = 'TMTstop-control_1_1redlinestimulus5.png'
59.3927 	EXP 	Stim: image = 'TMTstop-control_1_1redlinestimulus5.png'
59.4325 	EXP 	Stim: image = 'TMTstop-control_1_1redlinestimulus5.png'
59.5243 	EXP 	Stim: image = 'TMTstop-control_1_1redlinestimulus5.png'
59.5659 	EXP 	Stim: image = 'TMTstop-control_1_1redlinestimulus5.png'
59.6577 	EXP 	Stim: image = 'TMTstop-control_1_1redlinestimulus5.png'
59.6994 	EXP 	Stim: image = 'TMTstop-control_1_1redlinestimulus5.png'
59.7962 	EXP 	Stim: image = 'TMTstop-control_1_1redlinestimulus5.png'
59.8410 	EXP 	Stim: image = 'TMTstop-control_1_1redlinestimulus5.png'
59.9375 	EXP 	Stim: image = 'TMTstop-control_1_1redlinestimulus5.png'
59.9826 	EXP 	Stim: image = 'TMTstop-control_1_1redlinestimulus5.png'
60.0642 	EXP 	Stim: image = 'TMTstop-control_1_1redlinestimulus5.png'
60.1075 	EXP 	Stim: image = 'TMTstop-control_1_1redlinestimulus5.png'
60.1898 	EXP 	Stim: image = 'TMTstop-control_1_1redlinestimulus5.png'
60.2327 	EXP 	Stim: image = 'TMTstop-control_1_1redlinestimulus5.png'
60.3289 	EXP 	Stim: image = 'TMTstop-control_1_1redlinestimulus5.png'
60.4526 	EXP 	Stim: image = 'TMTstop-control_1_1redlinestimulus5.png'
60.4526 	EXP 	Stim: autoDraw = False
60.4526 	EXP 	polygon: autoDraw = True
63.4295 	EXP 	New trial (rep=0, index=1): {'Block_file': 'TMTstop-Control_1_2.xlsx', 'Condition_rows': '26:52'}
63.5013 	EXP 	Imported TMTstop-control_1_merged.xlsx as conditions, 26 conditions, 9 params
63.5018 	EXP 	Created sequence: sequential, trialTypes=26, nReps=1, seed=None
63.5022 	EXP 	New trial (rep=0, index=0): {'NumberLetter': 1, 'corrAns': ['2'], 'Correct': 2, 'StimFile': 'TMTstop-control_1_2.png', 'Correct_StimFile': 'TMTstop-control_1_2.png', 'False_StimFile': 'TMTstop-control_1_2.png', 'Version': 'TMT_Control', 'Block': 2, 'TrialNumber_session': 26}
63.5027 	WARNING 	Requested image 'TMTstop-control_1_2.png' not found but similar filename 'TMTstop-control_1_2.jpg' exists. This will be used instead but changing the filename is advised.
63.5724 	EXP 	New trial (rep=0, index=2): {'Block_file': 'TMTstop-Control_1_3.xlsx', 'Condition_rows': '52:78'}
63.6318 	EXP 	Imported TMTstop-control_1_merged.xlsx as conditions, 26 conditions, 9 params
63.6322 	EXP 	Created sequence: sequential, trialTypes=26, nReps=1, seed=None
63.6324 	EXP 	New trial (rep=0, index=0): {'NumberLetter': 1, 'corrAns': ['2'], 'Correct': 2, 'StimFile': 'TMTstop-control_1_3.png', 'Correct_StimFile': 'TMTstop-control_1_3.png', 'False_StimFile': 'TMTstop-control_1_3.png', 'Version': 'TMT_Control', 'Block': 3, 'TrialNumber_session': 51}
63.6327 	WARNING 	Requested image 'TMTstop-control_1_3.png' not found but similar filename 'TMTstop-control_1_3.jpg' exists. This will be used instead but changing the filename is advised.
63.7030 	EXP 	New trial (rep=0, index=3): {'Block_file': 'TMTstop-Control_1_4.xlsx', 'Condition_rows': '78:104'}
63.7635 	EXP 	Imported TMTstop-control_1_merged.xlsx as conditions, 26 conditions, 9 params
63.7638 	EXP 	Created sequence: sequential, trialTypes=26, nReps=1, seed=None
63.7641 	EXP 	New trial (rep=0, index=0): {'NumberLetter': 1, 'corrAns': ['2'], 'Correct': 2, 'StimFile': 'TMTstop-control_1_4.png', 'Correct_StimFile': 'TMTstop-control_1_4.png', 'False_StimFile': 'TMTstop-control_1_4.png', 'Version': 'TMT_Control', 'Block': 4, 'TrialNumber_session': 76}
63.7644 	WARNING 	Requested image 'TMTstop-control_1_4.png' not found but similar filename 'TMTstop-control_1_4.jpg' exists. This will be used instead but changing the filename is advised.
63.8703 	EXP 	polygon: autoDraw = False
63.8703 	EXP 	Stim: image = 'TMTstop-control_1_2.png'
63.8703 	EXP 	Stim: autoDraw = True
63.8703 	EXP 	Stim: autoDraw = False
63.8703 	EXP 	polygon: autoDraw = False
63.8703 	EXP 	Stim: image = 'TMTstop-control_1_3.png'
63.8703 	EXP 	Stim: autoDraw = True
63.8703 	EXP 	Stim: autoDraw = False
63.8703 	EXP 	polygon: autoDraw = False
63.8703 	EXP 	Stim: image = 'TMTstop-control_1_4.png'
63.8703 	EXP 	Stim: autoDraw = True
63.8703 	EXP 	Stim: autoDraw = False
63.8703 	EXP 	polygon: autoDraw = False
63.8703 	EXP 	image_3: autoDraw = True
67.1277 	DATA 	Keypress: esc
67.2773 	DATA 	Keypress: esc
67.3091 	EXP 	window1: mouseVisible = True
