2.2225 	WARNING 	We strongly recommend you activate the PTB sound engine in PsychoPy prefs as the preferred audio engine. Its timing is vastly superior. Your prefs are currently set to use ['pyo'] (in that order).
7.0820 	EXP 	Created window1 = Window(allowGUI=True, allowStencil=False, autoLog=True, backendConf=UNKNOWN, bitsMode=UNKNOWN, blendMode='avg', bpc=(8, 8, 8), color=array([0, 0, 0]), colorSpace='rgb', depthBits=8, fullscr=<method-wrapper '__getattribute__' of attributeSetter object at 0x000002859D12C710>, gamma=None, gammaErrorPolicy='raise', lms=UNKNOWN, monitor=<psychopy.monitors.calibTools.Monitor object at 0x000002859D14A9B0>, multiSample=False, name='window1', numSamples=2, pos=[0.0, 0.0], screen=0, size=array([1920, 1055]), stencilBits=0, stereo=False, units='height', useFBO=True, useRetina=False, viewOri=0.0, viewPos=None, viewScale=None, waitBlanking=True, winType='glfw')
7.0821 	EXP 	window1: mouseVisible = True
7.0821 	EXP 	window1: recordFrameIntervals = False
7.1509 	EXP 	window1: recordFrameIntervals = True
7.1667 	WARNING 	t of last frame was 8.44ms (=1/118)
7.1768 	WARNING 	t of last frame was 10.14ms (=1/98)
7.1862 	WARNING 	t of last frame was 9.36ms (=1/106)
7.2481 	EXP 	window1: recordFrameIntervals = False
7.5860 	EXP 	Created Instruct = ImageStim(__class__=<class 'psychopy.visual.image.ImageStim'>, autoLog=True, color=array([1., 1., 1.]), colorSpace='rgb', contrast=1.0, depth=0.0, flipHoriz=False, flipVert=False, image='InkedInstructBfinal_LI.jpg', interpolate=True, mask=None, maskParams=None, name='Instruct', opacity=1, ori=0.0, pos=array([0., 0.]), size=array([0.8, 0.8]), texRes=128.0, units='height', win=Window(...))
7.7365 	EXP 	Created text_2 = TextStim(__class__=<class 'psychopy.visual.text.TextStim'>, alignHoriz=method-wrapper(...), alignText='center', alignVert=method-wrapper(...), anchorHoriz='center', anchorVert='center', antialias=True, autoLog=True, bold=False, color=array([1., 1., 1.]), colorSpace='rgb', contrast=1.0, depth=-2.0, flipHoriz=False, flipVert=False, font='Open Sans', fontFiles=[], height=0.04, italic=False, languageStyle='LTR', name='text_2', opacity=1, ori=0.5, pos=array([ 0.  , -0.45]), rgb=UNKNOWN, text=str(...), units='height', win=Window(...), wrapWidth=2.0)
7.7401 	EXP 	Created polygon = ShapeStim(__class__=<class 'psychopy.visual.shape.ShapeStim'>, autoDraw=False, autoLog=True, closeShape=True, color=method-wrapper(...), colorSpace='rgb', contrast=None, depth=0.0, fillColor=array([1, 1, 1]), fillColorSpace='rgb', fillRGB=array([1, 1, 1]), interpolate=True, lineColor=array([1., 1., 1.]), lineColorSpace='rgb', lineRGB=array([1, 1, 1]), lineWidth=1.0, name='polygon', opacity=1, ori=0.0, pos=array([0., 0.]), size=array([0.5, 0.5]), units='height', vertices=ndarray(...), win=Window(...), windingRule=None)
7.7464 	EXP 	Created Stim_practice = ImageStim(__class__=<class 'psychopy.visual.image.ImageStim'>, autoLog=True, color=array([1., 1., 1.]), colorSpace='rgb', contrast=1.0, depth=0.0, flipHoriz=False, flipVert=False, image='sin', interpolate=True, mask=None, maskParams=None, name='Stim_practice', opacity=1, ori=0.0, pos=array([0., 0.]), size=array([1.777, 1.   ]), texRes=128.0, units='height', win=Window(...))
7.7492 	EXP 	Created text_5 = TextStim(__class__=<class 'psychopy.visual.text.TextStim'>, alignHoriz=method-wrapper(...), alignText='center', alignVert=method-wrapper(...), anchorHoriz='center', anchorVert='center', antialias=True, autoLog=True, bold=False, color=array([1., 1., 1.]), colorSpace='rgb', contrast=1.0, depth=0.0, flipHoriz=False, flipVert=False, font='Open Sans', fontFiles=[], height=0.02, italic=False, languageStyle='LTR', name='text_5', opacity=1, ori=0.0, pos=array([0., 0.]), rgb=UNKNOWN, text='', units='height', win=Window(...), wrapWidth=1)
7.7524 	EXP 	Created polygon = ShapeStim(__class__=<class 'psychopy.visual.shape.ShapeStim'>, autoDraw=False, autoLog=True, closeShape=True, color=method-wrapper(...), colorSpace='rgb', contrast=None, depth=0.0, fillColor=array([1, 1, 1]), fillColorSpace='rgb', fillRGB=array([1, 1, 1]), interpolate=True, lineColor=array([1., 1., 1.]), lineColorSpace='rgb', lineRGB=array([1, 1, 1]), lineWidth=1.0, name='polygon', opacity=1, ori=0.0, pos=array([0., 0.]), size=array([0.5, 0.5]), units='height', vertices=ndarray(...), win=Window(...), windingRule=None)
7.7582 	EXP 	Created Stim = ImageStim(__class__=<class 'psychopy.visual.image.ImageStim'>, autoLog=True, color=array([1., 1., 1.]), colorSpace='rgb', contrast=1.0, depth=0.0, flipHoriz=False, flipVert=False, image='sin', interpolate=True, mask=None, maskParams=None, name='Stim', opacity=1, ori=0.0, pos=array([0., 0.]), size=array([1.777, 1.   ]), texRes=128.0, units='height', win=Window(...))
7.7614 	EXP 	Created polygon = ShapeStim(__class__=<class 'psychopy.visual.shape.ShapeStim'>, autoDraw=False, autoLog=True, closeShape=True, color=method-wrapper(...), colorSpace='rgb', contrast=None, depth=0.0, fillColor=array([1, 1, 1]), fillColorSpace='rgb', fillRGB=array([1, 1, 1]), interpolate=True, lineColor=array([1., 1., 1.]), lineColorSpace='rgb', lineRGB=array([1, 1, 1]), lineWidth=1.0, name='polygon', opacity=1, ori=0.0, pos=array([0., 0.]), size=array([0.5, 0.5]), units='height', vertices=ndarray(...), win=Window(...), windingRule=None)
7.7668 	EXP 	Created Stim = ImageStim(__class__=<class 'psychopy.visual.image.ImageStim'>, autoLog=True, color=array([1., 1., 1.]), colorSpace='rgb', contrast=1.0, depth=0.0, flipHoriz=False, flipVert=False, image='sin', interpolate=True, mask=None, maskParams=None, name='Stim', opacity=1, ori=0.0, pos=array([0., 0.]), size=array([1.777, 1.   ]), texRes=128.0, units='height', win=Window(...))
7.7701 	EXP 	Created polygon = ShapeStim(__class__=<class 'psychopy.visual.shape.ShapeStim'>, autoDraw=False, autoLog=True, closeShape=True, color=method-wrapper(...), colorSpace='rgb', contrast=None, depth=0.0, fillColor=array([1, 1, 1]), fillColorSpace='rgb', fillRGB=array([1, 1, 1]), interpolate=True, lineColor=array([1., 1., 1.]), lineColorSpace='rgb', lineRGB=array([1, 1, 1]), lineWidth=1.0, name='polygon', opacity=1, ori=0.0, pos=array([0., 0.]), size=array([0.5, 0.5]), units='height', vertices=ndarray(...), win=Window(...), windingRule=None)
7.7757 	EXP 	Created Stim = ImageStim(__class__=<class 'psychopy.visual.image.ImageStim'>, autoLog=True, color=array([1., 1., 1.]), colorSpace='rgb', contrast=1.0, depth=0.0, flipHoriz=False, flipVert=False, image='sin', interpolate=True, mask=None, maskParams=None, name='Stim', opacity=1, ori=0.0, pos=array([0., 0.]), size=array([1.777, 1.   ]), texRes=128.0, units='height', win=Window(...))
7.7790 	EXP 	Created polygon = ShapeStim(__class__=<class 'psychopy.visual.shape.ShapeStim'>, autoDraw=False, autoLog=True, closeShape=True, color=method-wrapper(...), colorSpace='rgb', contrast=None, depth=0.0, fillColor=array([1, 1, 1]), fillColorSpace='rgb', fillRGB=array([1, 1, 1]), interpolate=True, lineColor=array([1., 1., 1.]), lineColorSpace='rgb', lineRGB=array([1, 1, 1]), lineWidth=1.0, name='polygon', opacity=1, ori=0.0, pos=array([0., 0.]), size=array([0.5, 0.5]), units='height', vertices=ndarray(...), win=Window(...), windingRule=None)
7.7845 	EXP 	Created Stim = ImageStim(__class__=<class 'psychopy.visual.image.ImageStim'>, autoLog=True, color=array([1., 1., 1.]), colorSpace='rgb', contrast=1.0, depth=0.0, flipHoriz=False, flipVert=False, image='sin', interpolate=True, mask=None, maskParams=None, name='Stim', opacity=1, ori=0.0, pos=array([0., 0.]), size=array([1.777, 1.   ]), texRes=128.0, units='height', win=Window(...))
7.8184 	EXP 	Created text = TextStim(__class__=<class 'psychopy.visual.text.TextStim'>, alignHoriz=method-wrapper(...), alignText='center', alignVert=method-wrapper(...), anchorHoriz='center', anchorVert='center', antialias=True, autoLog=True, bold=False, color=array([1., 1., 1.]), colorSpace='rgb', contrast=1.0, depth=0.0, flipHoriz=False, flipVert=False, font='Open Sans', fontFiles=[], height=0.1, italic=False, languageStyle='LTR', name='text', opacity=1, ori=0.0, pos=array([0., 0.]), rgb=UNKNOWN, text=str(...), units='height', win=Window(...), wrapWidth=1)
7.8814 	EXP 	Instruct: autoDraw = True
7.8814 	EXP 	text_2: autoDraw = True
8.3283 	DATA 	Keypress: 2
8.3433 	EXP 	Instruct: autoDraw = False
8.3433 	EXP 	text_2: autoDraw = False
8.3433 	EXP 	polygon: autoDraw = True
8.5292 	DATA 	Keypress: 2
11.3390 	EXP 	Created sequence: sequential, trialTypes=1, nReps=100, seed=None
11.3395 	EXP 	New trial (rep=0, index=0): None
11.3501 	EXP 	Imported TMTstop-A_1_practice.xlsx as conditions, 13 conditions, 6 params
11.3504 	EXP 	Created sequence: sequential, trialTypes=13, nReps=1, seed=None
11.3507 	EXP 	New trial (rep=0, index=0): {'NumberLetter': 1, 'corrAns': ['1'], 'StimFile': 'TMTstop-A_1_practice.png', 'Correct_StimFile': 'TMTstop-A_1_practice.png', 'False_StimFile': 'TMTstop-A_1_practice.png', 'DurationTrial': 10}
11.4180 	EXP 	polygon: autoDraw = False
11.4180 	EXP 	Stim_practice: image = 'TMTstop-A_1_practice.png'
11.4180 	EXP 	Stim_practice: autoDraw = True
12.0152 	DATA 	Keypress: 1
12.0236 	EXP 	New trial (rep=0, index=1): {'NumberLetter': 2, 'corrAns': ['2'], 'StimFile': 'TMTstop-A_1_practice.png', 'Correct_StimFile': 'TMTstop-A_1_practicefirstgreen.png', 'False_StimFile': 'TMTstop-A_1_practicefirstred.png', 'DurationTrial': 10}
12.1231 	EXP 	Stim_practice: autoDraw = False
12.1231 	EXP 	Stim_practice: image = 'TMTstop-A_1_practicefirstgreen.png'
12.1231 	EXP 	Stim_practice: image = 'TMTstop-A_1_practicefirstgreen.png'
12.1231 	EXP 	Stim_practice: autoDraw = True
12.2444 	DATA 	Keypress: 1
12.2587 	DATA 	Keypress: 2
12.2699 	EXP 	New trial (rep=0, index=2): {'NumberLetter': 3, 'corrAns': ['3'], 'StimFile': 'TMTstop-A_1_practicelinestimulus0.png', 'Correct_StimFile': 'TMTstop-A_1_practicegreenlinestimulus0.png', 'False_StimFile': 'TMTstop-A_1_practiceredlinestimulus0.png', 'DurationTrial': 10}
12.3531 	EXP 	Stim_practice: autoDraw = False
12.3531 	EXP 	Stim_practice: image = 'TMTstop-A_1_practicegreenlinestimulus0.png'
12.3531 	EXP 	Stim_practice: image = 'TMTstop-A_1_practicegreenlinestimulus0.png'
12.3531 	EXP 	Stim_practice: autoDraw = True
12.4321 	DATA 	Keypress: 3
12.4396 	EXP 	New trial (rep=0, index=3): {'NumberLetter': 4, 'corrAns': ['1'], 'StimFile': 'TMTstop-A_1_practicelinestimulus1.png', 'Correct_StimFile': 'TMTstop-A_1_practicegreenlinestimulus1.png', 'False_StimFile': 'TMTstop-A_1_practiceredlinestimulus1.png', 'DurationTrial': 10}
12.5197 	EXP 	Stim_practice: autoDraw = False
12.5197 	EXP 	Stim_practice: image = 'TMTstop-A_1_practicegreenlinestimulus1.png'
12.5197 	EXP 	Stim_practice: image = 'TMTstop-A_1_practicegreenlinestimulus1.png'
12.5197 	EXP 	Stim_practice: autoDraw = True
12.5293 	DATA 	Keypress: 2
12.6263 	DATA 	Keypress: 1
12.6333 	EXP 	New trial (rep=0, index=4): {'NumberLetter': 5, 'corrAns': ['2'], 'StimFile': 'TMTstop-A_1_practicelinestimulus2.png', 'Correct_StimFile': 'TMTstop-A_1_practicegreenlinestimulus2.png', 'False_StimFile': 'TMTstop-A_1_practiceredlinestimulus2.png', 'DurationTrial': 10}
12.7030 	DATA 	Keypress: 3
12.7072 	EXP 	Stim_practice: autoDraw = False
12.7072 	EXP 	Stim_practice: image = 'TMTstop-A_1_practicegreenlinestimulus2.png'
12.7072 	EXP 	Stim_practice: image = 'TMTstop-A_1_practicegreenlinestimulus2.png'
12.7072 	EXP 	Stim_practice: autoDraw = True
12.7443 	DATA 	Keypress: 2
12.7526 	EXP 	New trial (rep=0, index=5): {'NumberLetter': 6, 'corrAns': ['3'], 'StimFile': 'TMTstop-A_1_practicelinestimulus3.png', 'Correct_StimFile': 'TMTstop-A_1_practicegreenlinestimulus3.png', 'False_StimFile': 'TMTstop-A_1_practiceredlinestimulus3.png', 'DurationTrial': 10}
12.8250 	EXP 	Stim_practice: autoDraw = False
12.8250 	EXP 	Stim_practice: image = 'TMTstop-A_1_practicegreenlinestimulus3.png'
12.8250 	EXP 	Stim_practice: image = 'TMTstop-A_1_practicegreenlinestimulus3.png'
12.8250 	EXP 	Stim_practice: autoDraw = True
12.8348 	DATA 	Keypress: 3
12.8423 	EXP 	New trial (rep=0, index=6): {'NumberLetter': 7, 'corrAns': ['1'], 'StimFile': 'TMTstop-A_1_practicelinestimulus4.png', 'Correct_StimFile': 'TMTstop-A_1_practicegreenlinestimulus4.png', 'False_StimFile': 'TMTstop-A_1_practiceredlinestimulus4.png', 'DurationTrial': 10}
12.9112 	DATA 	Keypress: 1
12.9159 	EXP 	Stim_practice: autoDraw = False
12.9159 	EXP 	Stim_practice: image = 'TMTstop-A_1_practicegreenlinestimulus4.png'
12.9159 	EXP 	Stim_practice: image = 'TMTstop-A_1_practicegreenlinestimulus4.png'
12.9159 	EXP 	Stim_practice: autoDraw = True
12.9675 	DATA 	Keypress: 2
13.0641 	DATA 	Keypress: 1
13.0720 	EXP 	New trial (rep=0, index=7): {'NumberLetter': 8, 'corrAns': ['3'], 'StimFile': 'TMTstop-A_1_practicelinestimulus5.png', 'Correct_StimFile': 'TMTstop-A_1_practicegreenlinestimulus5.png', 'False_StimFile': 'TMTstop-A_1_practiceredlinestimulus5.png', 'DurationTrial': 10}
13.1406 	DATA 	Keypress: 3
13.1447 	EXP 	Stim_practice: autoDraw = False
13.1447 	EXP 	Stim_practice: image = 'TMTstop-A_1_practicegreenlinestimulus5.png'
13.1447 	EXP 	Stim_practice: image = 'TMTstop-A_1_practicegreenlinestimulus5.png'
13.1447 	EXP 	Stim_practice: autoDraw = True
13.1679 	DATA 	Keypress: 2
13.2204 	EXP 	Stim_practice: image = 'TMTstop-A_1_practiceredlinestimulus5.png'
13.2621 	EXP 	Stim_practice: image = 'TMTstop-A_1_practiceredlinestimulus5.png'
13.3003 	DATA 	Keypress: 1
13.3047 	EXP 	Stim_practice: image = 'TMTstop-A_1_practiceredlinestimulus5.png'
13.3531 	EXP 	Stim_practice: image = 'TMTstop-A_1_practiceredlinestimulus5.png'
13.3973 	DATA 	Keypress: 2
13.4013 	EXP 	Stim_practice: image = 'TMTstop-A_1_practiceredlinestimulus5.png'
13.4515 	EXP 	Stim_practice: image = 'TMTstop-A_1_practiceredlinestimulus5.png'
13.5135 	EXP 	Stim_practice: image = 'TMTstop-A_1_practiceredlinestimulus5.png'
13.5694 	EXP 	Stim_practice: image = 'TMTstop-A_1_practiceredlinestimulus5.png'
13.6196 	DATA 	Keypress: 1
13.6245 	EXP 	Stim_practice: image = 'TMTstop-A_1_practiceredlinestimulus5.png'
13.6735 	EXP 	Stim_practice: image = 'TMTstop-A_1_practiceredlinestimulus5.png'
13.7285 	EXP 	Stim_practice: image = 'TMTstop-A_1_practiceredlinestimulus5.png'
13.7848 	EXP 	Stim_practice: image = 'TMTstop-A_1_practiceredlinestimulus5.png'
13.8397 	EXP 	Stim_practice: image = 'TMTstop-A_1_practiceredlinestimulus5.png'
13.8902 	DATA 	Keypress: 2
13.8906 	DATA 	Keypress: 1
13.8947 	EXP 	Stim_practice: image = 'TMTstop-A_1_practiceredlinestimulus5.png'
13.9426 	EXP 	Stim_practice: image = 'TMTstop-A_1_practiceredlinestimulus5.png'
13.9876 	DATA 	Keypress: 2
13.9914 	EXP 	Stim_practice: image = 'TMTstop-A_1_practiceredlinestimulus5.png'
14.0362 	DATA 	Keypress: 3
14.0398 	EXP 	Stim_practice: image = 'TMTstop-A_1_practiceredlinestimulus5.png'
14.0446 	EXP 	New trial (rep=0, index=8): {'NumberLetter': 9, 'corrAns': ['2'], 'StimFile': 'TMTstop-A_1_practicelinestimulus6.png', 'Correct_StimFile': 'TMTstop-A_1_practicegreenlinestimulus6.png', 'False_StimFile': 'TMTstop-A_1_practiceredlinestimulus6.png', 'DurationTrial': 10}
14.1513 	EXP 	Stim_practice: autoDraw = False
14.1513 	EXP 	Stim_practice: image = 'TMTstop-A_1_practicegreenlinestimulus6.png'
14.1513 	EXP 	Stim_practice: image = 'TMTstop-A_1_practicegreenlinestimulus6.png'
14.1513 	EXP 	Stim_practice: autoDraw = True
14.2443 	DATA 	Keypress: 3
14.3692 	DATA 	Keypress: 1
14.4151 	EXP 	Stim_practice: image = 'TMTstop-A_1_practiceredlinestimulus6.png'
14.4562 	EXP 	Stim_practice: image = 'TMTstop-A_1_practiceredlinestimulus6.png'
14.5052 	EXP 	Stim_practice: image = 'TMTstop-A_1_practiceredlinestimulus6.png'
14.5467 	EXP 	Stim_practice: image = 'TMTstop-A_1_practiceredlinestimulus6.png'
14.5885 	EXP 	Stim_practice: image = 'TMTstop-A_1_practiceredlinestimulus6.png'
14.6302 	EXP 	Stim_practice: image = 'TMTstop-A_1_practiceredlinestimulus6.png'
14.6682 	DATA 	Keypress: 1
14.6722 	EXP 	Stim_practice: image = 'TMTstop-A_1_practiceredlinestimulus6.png'
14.7134 	EXP 	Stim_practice: image = 'TMTstop-A_1_practiceredlinestimulus6.png'
14.7514 	DATA 	Keypress: 2
14.7551 	EXP 	Stim_practice: image = 'TMTstop-A_1_practiceredlinestimulus6.png'
14.7598 	EXP 	New trial (rep=0, index=9): {'NumberLetter': 10, 'corrAns': ['3'], 'StimFile': 'TMTstop-A_1_practicelinestimulus7.png', 'Correct_StimFile': 'TMTstop-A_1_practicegreenlinestimulus7.png', 'False_StimFile': 'TMTstop-A_1_practiceredlinestimulus7.png', 'DurationTrial': 10}
14.8389 	EXP 	Stim_practice: autoDraw = False
14.8389 	EXP 	Stim_practice: image = 'TMTstop-A_1_practicegreenlinestimulus7.png'
14.8389 	EXP 	Stim_practice: image = 'TMTstop-A_1_practicegreenlinestimulus7.png'
14.8389 	EXP 	Stim_practice: autoDraw = True
14.8484 	DATA 	Keypress: 3
14.8550 	EXP 	New trial (rep=0, index=10): {'NumberLetter': 11, 'corrAns': ['1'], 'StimFile': 'TMTstop-A_1_practicelinestimulus8.png', 'Correct_StimFile': 'TMTstop-A_1_practicegreenlinestimulus8.png', 'False_StimFile': 'TMTstop-A_1_practiceredlinestimulus8.png', 'DurationTrial': 10}
14.9292 	EXP 	Stim_practice: autoDraw = False
14.9292 	EXP 	Stim_practice: image = 'TMTstop-A_1_practicegreenlinestimulus8.png'
14.9292 	EXP 	Stim_practice: image = 'TMTstop-A_1_practicegreenlinestimulus8.png'
14.9292 	EXP 	Stim_practice: autoDraw = True
14.9666 	DATA 	Keypress: 2
15.1057 	DATA 	Keypress: 3
15.5173 	EXP 	New trial (rep=0, index=11): {'NumberLetter': 12, 'corrAns': ['2'], 'StimFile': 'TMTstop-A_1_practicelinestimulus9.png', 'Correct_StimFile': 'TMTstop-A_1_practicegreenlinestimulus9.png', 'False_StimFile': 'TMTstop-A_1_practiceredlinestimulus9.png', 'DurationTrial': 10}
15.5918 	DATA 	Keypress: 1
15.5964 	EXP 	Stim_practice: autoDraw = False
15.5964 	EXP 	Stim_practice: image = 'TMTstop-A_1_practicegreenlinestimulus9.png'
15.5964 	EXP 	Stim_practice: image = 'TMTstop-A_1_practicegreenlinestimulus9.png'
15.5964 	EXP 	Stim_practice: autoDraw = True
15.7307 	DATA 	Keypress: 1
16.0221 	DATA 	Keypress: 2
16.0289 	EXP 	New trial (rep=0, index=12): {'NumberLetter': None, 'corrAns': None, 'StimFile': 'TMTstop-A_1_practicelinestimulus10.png', 'Correct_StimFile': 'TMTstop-A_1_practicegreenlinestimulus10.png', 'False_StimFile': 'TMTstop-A_1_practiceredlinestimulus10.png', 'DurationTrial': None}
16.1098 	EXP 	Stim_practice: autoDraw = False
16.1098 	EXP 	Stim_practice: image = 'TMTstop-A_1_practicegreenlinestimulus10.png'
16.1098 	EXP 	Stim_practice: image = 'TMTstop-A_1_practicegreenlinestimulus10.png'
16.1098 	EXP 	Stim_practice: autoDraw = True
16.2167 	DATA 	Keypress: 2
17.1557 	EXP 	Stim_practice: autoDraw = False
17.1557 	EXP 	text_5: text = 'You have finished the practice. If you understood the task correctly please read on, otherwise ask the experiment leader or press X to restart the practice.\n\nFrom here on there will be 25 trails instead of 12. If you finish all trails you will get 25 new trails and start from 1. The experiments will end automatically after three minutes. \n\nPress 1, 2 or 3  to start the experiment.\n\n\n\n'
17.1557 	EXP 	text_5: autoDraw = True
18.3703 	DATA 	Keypress: 2
18.5846 	DATA 	Keypress: 2
20.0646 	DATA 	Keypress: 3
20.2792 	DATA 	Keypress: 3
20.8205 	DATA 	Keypress: 1
20.8360 	EXP 	text_5: autoDraw = False
20.8360 	EXP 	polygon: autoDraw = True
21.0221 	DATA 	Keypress: 1
23.8410 	EXP 	Imported TMTstop-A_1_1.xlsx as conditions, 26 conditions, 6 params
23.8414 	EXP 	Created sequence: sequential, trialTypes=26, nReps=1, seed=None
23.8419 	EXP 	New trial (rep=0, index=0): {'NumberLetter': 1, 'corrAns': ['2'], 'StimFile': 'TMTstop-A_1_1.png', 'Correct_StimFile': 'TMTstop-A_1_1.png', 'False_StimFile': 'TMTstop-A_1_1.png', 'DurationTrial': 10}
23.8869 	EXP 	polygon: autoDraw = False
23.8869 	EXP 	Stim: image = 'TMTstop-A_1_1.png'
23.8869 	EXP 	Stim: autoDraw = True
24.5776 	DATA 	Keypress: 3
24.7584 	DATA 	Keypress: 1
24.7620 	EXP 	Stim: image = 'TMTstop-A_1_1.png'
24.8071 	DATA 	Keypress: 3
24.8106 	EXP 	Stim: image = 'TMTstop-A_1_1.png'
24.8159 	EXP 	New trial (rep=0, index=1): {'NumberLetter': 2, 'corrAns': ['1'], 'StimFile': 'TMTstop-A_1_1.png', 'Correct_StimFile': 'TMTstop-A_1_1firstgreen.png', 'False_StimFile': 'TMTstop-A_1_1firstred.png', 'DurationTrial': 10}
24.8832 	DATA 	Keypress: 2
24.8872 	EXP 	Stim: autoDraw = False
24.8872 	EXP 	Stim: image = 'TMTstop-A_1_1firstgreen.png'
24.8872 	EXP 	Stim: image = 'TMTstop-A_1_1firstgreen.png'
24.8872 	EXP 	Stim: autoDraw = True
24.9252 	DATA 	Keypress: 3
24.9669 	DATA 	Keypress: 1
24.9704 	EXP 	Stim: image = 'TMTstop-A_1_1firstred.png'
25.0125 	EXP 	Stim: image = 'TMTstop-A_1_1firstred.png'
25.0568 	DATA 	Keypress: 2
25.0608 	EXP 	Stim: image = 'TMTstop-A_1_1firstred.png'
25.0983 	DATA 	Keypress: 1
25.1021 	EXP 	Stim: image = 'TMTstop-A_1_1firstred.png'
25.1071 	EXP 	New trial (rep=0, index=2): {'NumberLetter': 3, 'corrAns': ['2'], 'StimFile': 'TMTstop-A_1_1linestimulus0.png', 'Correct_StimFile': 'TMTstop-A_1_1greenlinestimulus0.png', 'False_StimFile': 'TMTstop-A_1_1redlinestimulus0.png', 'DurationTrial': 10}
25.1888 	DATA 	Keypress: 3
25.1890 	DATA 	Keypress: 2
25.1930 	EXP 	Stim: autoDraw = False
25.1930 	EXP 	Stim: image = 'TMTstop-A_1_1greenlinestimulus0.png'
25.1930 	EXP 	Stim: image = 'TMTstop-A_1_1greenlinestimulus0.png'
25.1930 	EXP 	Stim: autoDraw = True
25.1977 	EXP 	New trial (rep=0, index=3): {'NumberLetter': 4, 'corrAns': ['3'], 'StimFile': 'TMTstop-A_1_1linestimulus1.png', 'Correct_StimFile': 'TMTstop-A_1_1greenlinestimulus1.png', 'False_StimFile': 'TMTstop-A_1_1redlinestimulus1.png', 'DurationTrial': 10}
25.2923 	DATA 	Keypress: 3
25.2964 	EXP 	Stim: autoDraw = False
25.2964 	EXP 	Stim: image = 'TMTstop-A_1_1greenlinestimulus1.png'
25.2964 	EXP 	Stim: image = 'TMTstop-A_1_1greenlinestimulus1.png'
25.2964 	EXP 	Stim: autoDraw = True
25.2999 	EXP 	New trial (rep=0, index=4): {'NumberLetter': 5, 'corrAns': ['2'], 'StimFile': 'TMTstop-A_1_1linestimulus2.png', 'Correct_StimFile': 'TMTstop-A_1_1greenlinestimulus2.png', 'False_StimFile': 'TMTstop-A_1_1redlinestimulus2.png', 'DurationTrial': 10}
25.3833 	DATA 	Keypress: 1
25.3835 	DATA 	Keypress: 2
25.3875 	EXP 	Stim: autoDraw = False
25.3875 	EXP 	Stim: image = 'TMTstop-A_1_1greenlinestimulus2.png'
25.3875 	EXP 	Stim: image = 'TMTstop-A_1_1greenlinestimulus2.png'
25.3875 	EXP 	Stim: autoDraw = True
25.3970 	DATA 	Keypress: 1
25.4514 	EXP 	Stim: image = 'TMTstop-A_1_1redlinestimulus2.png'
25.5081 	DATA 	Keypress: 3
25.5083 	DATA 	Keypress: 2
25.5119 	EXP 	Stim: image = 'TMTstop-A_1_1redlinestimulus2.png'
25.5159 	EXP 	New trial (rep=0, index=5): {'NumberLetter': 6, 'corrAns': ['3'], 'StimFile': 'TMTstop-A_1_1linestimulus3.png', 'Correct_StimFile': 'TMTstop-A_1_1greenlinestimulus3.png', 'False_StimFile': 'TMTstop-A_1_1redlinestimulus3.png', 'DurationTrial': 10}
25.5985 	DATA 	Keypress: 3
25.6027 	EXP 	Stim: autoDraw = False
25.6027 	EXP 	Stim: image = 'TMTstop-A_1_1greenlinestimulus3.png'
25.6027 	EXP 	Stim: image = 'TMTstop-A_1_1greenlinestimulus3.png'
25.6027 	EXP 	Stim: autoDraw = True
25.6072 	EXP 	New trial (rep=0, index=6): {'NumberLetter': 7, 'corrAns': ['2'], 'StimFile': 'TMTstop-A_1_1linestimulus4.png', 'Correct_StimFile': 'TMTstop-A_1_1greenlinestimulus4.png', 'False_StimFile': 'TMTstop-A_1_1redlinestimulus4.png', 'DurationTrial': 10}
25.6888 	DATA 	Keypress: 1
25.6890 	DATA 	Keypress: 2
25.6936 	EXP 	Stim: autoDraw = False
25.6936 	EXP 	Stim: image = 'TMTstop-A_1_1greenlinestimulus4.png'
25.6936 	EXP 	Stim: image = 'TMTstop-A_1_1greenlinestimulus4.png'
25.6936 	EXP 	Stim: autoDraw = True
25.7164 	DATA 	Keypress: 1
25.7653 	DATA 	Keypress: 3
25.7701 	EXP 	Stim: image = 'TMTstop-A_1_1redlinestimulus4.png'
25.7745 	EXP 	New trial (rep=0, index=7): {'NumberLetter': 8, 'corrAns': ['1'], 'StimFile': 'TMTstop-A_1_1linestimulus5.png', 'Correct_StimFile': 'TMTstop-A_1_1greenlinestimulus5.png', 'False_StimFile': 'TMTstop-A_1_1redlinestimulus5.png', 'DurationTrial': 10}
25.8482 	DATA 	Keypress: 2
25.8543 	EXP 	Stim: autoDraw = False
25.8543 	EXP 	Stim: image = 'TMTstop-A_1_1greenlinestimulus5.png'
25.8543 	EXP 	Stim: image = 'TMTstop-A_1_1greenlinestimulus5.png'
25.8543 	EXP 	Stim: autoDraw = True
25.8897 	DATA 	Keypress: 3
25.9389 	DATA 	Keypress: 1
25.9426 	EXP 	Stim: image = 'TMTstop-A_1_1redlinestimulus5.png'
25.9874 	DATA 	Keypress: 2
25.9910 	EXP 	Stim: image = 'TMTstop-A_1_1redlinestimulus5.png'
26.0329 	EXP 	Stim: image = 'TMTstop-A_1_1redlinestimulus5.png'
26.0778 	DATA 	Keypress: 3
26.0815 	EXP 	Stim: image = 'TMTstop-A_1_1redlinestimulus5.png'
26.1303 	EXP 	Stim: image = 'TMTstop-A_1_1redlinestimulus5.png'
26.1785 	EXP 	Stim: image = 'TMTstop-A_1_1redlinestimulus5.png'
26.2269 	EXP 	Stim: image = 'TMTstop-A_1_1redlinestimulus5.png'
26.2756 	EXP 	Stim: image = 'TMTstop-A_1_1redlinestimulus5.png'
26.3260 	EXP 	Stim: image = 'TMTstop-A_1_1redlinestimulus5.png'
26.3734 	EXP 	Stim: image = 'TMTstop-A_1_1redlinestimulus5.png'
26.4218 	EXP 	Stim: image = 'TMTstop-A_1_1redlinestimulus5.png'
26.4700 	EXP 	Stim: image = 'TMTstop-A_1_1redlinestimulus5.png'
26.5187 	EXP 	Stim: image = 'TMTstop-A_1_1redlinestimulus5.png'
26.5672 	EXP 	Stim: image = 'TMTstop-A_1_1redlinestimulus5.png'
26.6159 	EXP 	Stim: image = 'TMTstop-A_1_1redlinestimulus5.png'
26.6607 	DATA 	Keypress: esc
26.6645 	EXP 	Stim: image = 'TMTstop-A_1_1redlinestimulus5.png'
26.7136 	EXP 	Stim: image = 'TMTstop-A_1_1redlinestimulus5.png'
26.7618 	EXP 	Stim: image = 'TMTstop-A_1_1redlinestimulus5.png'
26.8314 	EXP 	window1: mouseVisible = True
